1                                                                              
 ******************************************************************************
 ******************************************************************************
 **                                                                          **
 **                                                                          **
 **              *......*                  Welcome to the Lund Monte Carlo!  **
 **         *:::!!:::::::::::*                                               **
 **      *::::::!!::::::::::::::*          PPP  Y   Y TTTTT H   H III   A    **
 **    *::::::::!!::::::::::::::::*        P  P  Y Y    T   H   H  I   A A   **
 **   *:::::::::!!:::::::::::::::::*       PPP    Y     T   HHHHH  I  AAAAA  **
 **   *:::::::::!!:::::::::::::::::*       P      Y     T   H   H  I  A   A  **
 **    *::::::::!!::::::::::::::::*!       P      Y     T   H   H III A   A  **
 **      *::::::!!::::::::::::::* !!                                         **
 **      !! *:::!!:::::::::::*    !!       This is PYTHIA version 6.428      **
 **      !!     !* -><- *         !!       Last date of change:  5 Sep 2013  **
 **      !!     !!                !!                                         **
 **      !!     !!                !!       Now is  0 Jan 2000 at  0:00:00    **
 **      !!                       !!                                         **
 **      !!        lh             !!       Disclaimer: this program comes    **
 **      !!                       !!       without any guarantees. Beware    **
 **      !!                 hh    !!       of errors and use common sense    **
 **      !!    ll                 !!       when interpreting results.        **
 **      !!                       !!                                         **
 **      !!                                Copyright T. Sjostrand (2011)     **
 **                                                                          **
 ** An archive of program versions and documentation is found on the web:    **
 ** http://www.thep.lu.se/~torbjorn/Pythia.html                              **
 **                                                                          **
 ** When you cite this program, the official reference is to the 6.4 manual: **
 ** T. Sjostrand, S. Mrenna and P. Skands, JHEP05 (2006) 026                 **
 ** (LU TP 06-13, FERMILAB-PUB-06-052-CD-T) [hep-ph/0603175].                **
 **                                                                          **
 ** Also remember that the program, to a large extent, represents original   **
 ** physics research. Other publications of special relevance to your        **
 ** studies may therefore deserve separate mention.                          **
 **                                                                          **
 ** Main author: Torbjorn Sjostrand; Department of Theoretical Physics,      **
 **   Lund University, Solvegatan 14A, S-223 62 Lund, Sweden;                **
 **   phone: + 46 - 46 - 222 48 16; e-mail: torbjorn@thep.lu.se              **
 ** Author: Stephen Mrenna; Computing Division, GDS Group,                   **
 **   Fermi National Accelerator Laboratory, MS 234, Batavia, IL 60510, USA; **
 **   phone: + 1 - 630 - 840 - 2556; e-mail: mrenna@fnal.gov                 **
 ** Author: Peter Skands; CERN/PH-TH, CH-1211 Geneva, Switzerland            **
 **   phone: + 41 - 22 - 767 24 47; e-mail: peter.skands@cern.ch             **
 **                                                                          **
 **                                                                          **
 ******************************************************************************
 ******************************************************************************
     MSEL           changed from              1 to              2
     MSTP(14)       changed from             30 to             30
     MSTP(15)       changed from              0 to              0
     MSTP(16)       changed from              1 to              1
     MSTP(17)       changed from              4 to              4
     MSTP(18)       changed from              3 to              3
     MSTP(19)       changed from              4 to              1
     MSTP(20)       changed from              3 to              0
     MSTP(32)       changed from              8 to              8
     MSTP(38)       changed from              5 to              4
     MSTP(51)       changed from              7 to          10050
     MSTP(52)       changed from              1 to              2
     MSTP(53)       changed from              3 to              3
     MSTP(54)       changed from              1 to              1
     MSTP(55)       changed from              5 to              5
     MSTP(56)       changed from              1 to              1
     MSTP(57)       changed from              1 to              1
     MSTP(58)       changed from              5 to              5
     MSTP(59)       changed from              1 to              1
     MSTP(60)       changed from              7 to              7
     MSTP(61)       changed from              2 to              2
     MSTP(71)       changed from              1 to              1
     MSTP(81)       changed from              1 to              0
     MSTP(82)       changed from              4 to              1
     MSTP(91)       changed from              1 to              1
     MSTP(92)       changed from              3 to              3
     MSTP(93)       changed from              1 to              1
     MSTP(101)      changed from              3 to              3
     MSTP(102)      changed from              1 to              1
     MSTP(111)      changed from              1 to              1
     MSTP(121)      changed from              0 to              0
     PARP(13)       changed from        1.00000 to        1.00000
     PARP(18)       changed from        0.40000 to        0.40000
     PARP(81)       changed from        1.90000 to        1.90000
     PARP(89)       changed from     1800.00000 to     1800.00000
     PARP(90)       changed from        0.25000 to        0.16000
     PARP(91)       changed from        2.00000 to        0.40000
     PARP(93)       changed from        5.00000 to        5.00000
     PARP(99)       changed from        1.00000 to        0.40000
     PARP(100)      changed from        5.00000 to        5.00000
     PARP(102)      changed from        0.28000 to        0.28000
     PARP(103)      changed from        1.00000 to        1.00000
     PARP(104)      changed from        0.80000 to        0.80000
     PARP(111)      changed from        2.00000 to        2.00000
     PARP(161)      changed from        2.20000 to        3.00000
     PARP(162)      changed from       23.60000 to       24.60000
     PARP(163)      changed from       18.40000 to       18.80000
     PARP(164)      changed from       11.50000 to       11.50000
     PARP(165)      changed from        0.50000 to        0.47679
     PARP(166)      changed from        0.00000 to        0.67597
     PARJ(1)        changed from        0.10000 to        0.10000
     PARJ(2)        changed from        0.30000 to        0.30000
     PARJ(11)       changed from        0.50000 to        0.50000
     PARJ(12)       changed from        0.60000 to        0.60000
     PARJ(21)       changed from        0.36000 to        0.40000
     PARJ(32)       changed from        1.00000 to        1.00000
     PARJ(33)       changed from        0.80000 to        0.80000
     PARJ(41)       changed from        0.30000 to        0.30000
     PARJ(42)       changed from        0.58000 to        0.58000
     PARJ(45)       changed from        0.50000 to        0.50000
     MSTJ(1)        changed from              1 to              1
     MSTJ(12)       changed from              2 to              1
     MSTJ(45)       changed from              5 to              5
     MSTU(112)      changed from              5 to              5
     MSTU(113)      changed from              3 to              5
     MSTU(114)      changed from              5 to              5
     CKIN(1)        changed from        2.00000 to        1.00000
     CKIN(2)        changed from       -1.00000 to       -1.00000
     CKIN(3)        changed from        0.00000 to        0.00000
     CKIN(4)        changed from       -1.00000 to       -1.00000
     CKIN(5)        changed from        1.00000 to        1.00000
     CKIN(6)        changed from        1.00000 to        1.00000
     CKIN(7)        changed from      -10.00000 to      -10.00000
     CKIN(8)        changed from       10.00000 to       10.00000
     CKIN(9)        changed from      -40.00000 to      -40.00000
     CKIN(10)       changed from       40.00000 to       40.00000
     CKIN(11)       changed from      -40.00000 to      -40.00000
     CKIN(12)       changed from       40.00000 to       40.00000
     CKIN(13)       changed from      -40.00000 to      -40.00000
     CKIN(14)       changed from       40.00000 to       40.00000
     CKIN(15)       changed from      -40.00000 to      -40.00000
     CKIN(16)       changed from       40.00000 to       40.00000
     CKIN(17)       changed from       -1.00000 to       -1.00000
     CKIN(18)       changed from        1.00000 to        1.00000
     CKIN(19)       changed from       -1.00000 to       -1.00000
     CKIN(20)       changed from        1.00000 to        1.00000
     CKIN(21)       changed from        0.00000 to        0.00000
     CKIN(22)       changed from        1.00000 to        1.00000
     CKIN(23)       changed from        0.00000 to        0.00000
     CKIN(24)       changed from        1.00000 to        1.00000
     CKIN(25)       changed from       -1.00000 to       -1.00000
     CKIN(26)       changed from        1.00000 to        1.00000
     CKIN(27)       changed from       -1.00000 to       -1.00000
     CKIN(28)       changed from        1.00000 to        1.00000
     CKIN(31)       changed from        2.00000 to        2.00000
     CKIN(32)       changed from       -1.00000 to       -1.00000
     CKIN(35)       changed from        0.00000 to        0.00000
     CKIN(36)       changed from       -1.00000 to       -1.00000
     CKIN(37)       changed from        0.00000 to        0.00000
     CKIN(38)       changed from       -1.00000 to       -1.00000
     CKIN(39)       changed from        4.00000 to        4.00000
     CKIN(40)       changed from       -1.00000 to       -1.00000
     CKIN(65)       changed from        0.00000 to        0.00000
     CKIN(66)       changed from       -1.00000 to       -1.00000
     CKIN(67)       changed from        0.00000 to        0.00000
     CKIN(68)       changed from       -1.00000 to       -1.00000
     CKIN(77)       changed from        2.00000 to        2.00000
     CKIN(78)       changed from       -1.00000 to       -1.00000
 *********************************************
 NOW all parameters are read by PYTHIA
 *********************************************
 SEED =   1236035821
 RANLUX LUXURY LEVEL SET BY RLUXGO : 4     P= 389
 RANLUX INITIALIZED BY RLUXGO FROM SEEDS  1236035821           0           0
   2771.0935550343875        10.000000000000000       -2771.0935550343875       -10.0000000    
 *********************************************
 proton beam momentum:   130.000000     GeV
 lepton beam momentum:   10.0000000     GeV
 resulting sqrt(s):   72.117599099066553      GeV
 *********************************************
1****************** PYINIT: initialization of PYTHIA routines *****************
 ==== PYTHIA WILL USE LHAPDF ====
 *************************************
 *       LHAPDF Version 5.9.1        *
 *   Configured for the following:   *
 *             All PDFs              *
 *         FULL MEMORY option        *
 *    Maximum  3 concurrent set(s)   *
 *************************************

 >>>>>> PDF description: <<<<<<
 CTEQ6M                                                          
 Reference:                                                      
 J. Pumplin, D.R. Stump, J. Huston, H.L. Lai, P. Nadolsky,       
 W.K. Tung                                                       
 hep-ph/0201195                                                  
 This set has 41 member PDFs.                                    
     mem=0 --> central value (cteq6m)                            
     mem=1-40 --> 20 sets of +ve/-ve error values                
 >>>>>>                   <<<<<<

 ==============================================
 PDFset name /cvmfs/sft.cern.ch/lcg/external/lhapdfsets/5.9.1/share/PDFsets/cteq6mE.LHgrid   
 with         40 members
 ====  initialized. ===========================
 Strong coupling at Mz for PDF is:  0.11798

 ==============================================================================
 I                                                                            I
 I      PYTHIA will be initialized for gamma/e- on p+ user configuration      I
 I                                                                            I
 I                  px (GeV/c)   py (GeV/c)   pz (GeV/c)      E (GeV)         I
 I        gamma/e-       0.000        0.000      -10.000       10.000         I
 I        p+             0.000        0.000      130.000      130.003         I
 I                                                                            I
 I           corresponding to     72.118 GeV center-of-mass energy            I
 I                                                                            I
 ==============================================================================

 ******** PYMAXI: summary of differential cross-section maximum search ********

           ==========================================================
           I                                      I                 I
           I  ISUB  Subprocess name               I  Maximum value  I
           I                                      I                 I
           ==========================================================
           I                                      I                 I
           I   91   Elastic scattering            I    4.1710D-04   I
           I   92   Single diffractive (XB)       I    3.1940D-04   I
           I   93   Single diffractive (AX)       I    2.6141D-04   I
           I   94   Double  diffractive           I    2.4494D-04   I
           I   95   Low-pT scattering             I    1.9207D-03   I
           I   96   Semihard QCD 2 -> 2           I    1.7479D-02   I
           I                                      I                 I
           ==========================================================

 ******** PYMAXI: summary of differential cross-section maximum search ********

           ==========================================================
           I                                      I                 I
           I  ISUB  Subprocess name               I  Maximum value  I
           I                                      I                 I
           ==========================================================
           I                                      I                 I
           I  131   f + gamma*_T -> f + g         I    1.9221D-04   I
           I  132   f + gamma*_L -> f + g         I    9.2718D-06   I
           I  135   g + gamma*_T -> f + fbar      I    5.4466D-04   I
           I  136   g + gamma*_L -> f + fbar      I    8.8198D-05   I
           I                                      I                 I
           ==========================================================

 ******** PYMAXI: summary of differential cross-section maximum search ********

           ==========================================================
           I                                      I                 I
           I  ISUB  Subprocess name               I  Maximum value  I
           I                                      I                 I
           ==========================================================
           I                                      I                 I
           I   91   Elastic scattering            I    1.0588D-04   I
           I   92   Single diffractive (XB)       I    8.2750D-05   I
           I   93   Single diffractive (AX)       I    6.5818D-05   I
           I   94   Double  diffractive           I    6.3002D-05   I
           I   95   Low-pT scattering             I    5.2345D-04   I
           I   96   Semihard QCD 2 -> 2           I    1.1588D-02   I
           I                                      I                 I
           ==========================================================

 ******** PYMAXI: summary of differential cross-section maximum search ********

           ==========================================================
           I                                      I                 I
           I  ISUB  Subprocess name               I  Maximum value  I
           I                                      I                 I
           ==========================================================
           I                                      I                 I
           I   99   q + gamma* -> q               I    1.9857D-03   I
           I                                      I                 I
           ==========================================================

 ********************** PYINIT: initialization completed **********************
 the outputfile will be named: outfiles/ep_10x130_Q2_100_1000_norad.out                                                                                                                                                                                                                        



                            Event listing (standard)

    I  particle/jet  K(I,1)   K(I,2) K(I,3)     K(I,4)      K(I,5)       P(I,1)       P(I,2)       P(I,3)       P(I,4)       P(I,5)

    1  !e-!              21        11    0           3           4      0.00000      0.00000    -10.00000     10.00000      0.00051
    2  !p+!              21      2212    0           5           0     -0.00000      0.00000    130.00000    130.00339      0.93827
 ==================================================================================================================================
    3  !e-!              21        11    1           0           0      5.78121      4.71781     -2.38822      7.83478      0.00051
    4  !gamma!           21        22    1           0           0     -5.78121     -4.71781     -7.61178      2.16522    -10.43701
    5  !p+!              21      2212    2           0           0     -0.00000      0.00000    130.00000    130.00339      0.93827
    6  !gamma!           21        22    4           0           0     -5.78321     -4.71944     -7.61056      2.16983    -10.43701
    7  !d!               21         1    5           0           0      0.00009      0.00007      5.56877      5.56877      0.00000
    8  !gamma!           21        22    6           0           0     -5.78321     -4.71944     -7.61056      2.16983    -10.43701
    9  !d!               21         1    7           0           0      0.00009      0.00007      5.56877      5.56877      0.00000
   10  !d!               21         1    9           0           0     -5.78313     -4.71937     -2.04179      7.73860      0.00000
 ==================================================================================================================================
   11  e-                 1        11    3           0           0      5.78121      4.71781     -2.38822      7.83478      0.00051
   12  (uu_1)        A   12      2203    5          17          17     -0.21701     -0.00851    121.80887    121.81151      0.77133
   13  (g)           I   12        21   10          17          17      0.49298     -1.07080      2.23950      2.53081      0.00000
   14  (g)           I   12        21   10          17          17     -0.09615      0.23308     -0.02515      0.25338      0.00000
   15  (g)           I   12        21   10          17          17     -1.83322     -1.61652     -1.49925      2.86733      0.00000
   16  (d)           V   11         1   10          17          17     -4.12780     -2.25506     -0.13576      4.70557      0.00000
 ==================================================================================================================================
   17  (string)          11        92   12          18          27     -5.78121     -4.71781    122.38822    132.16861     49.33543
   18  p+                 1      2212   17           0           0     -0.18558     -0.02640     82.91155     82.91708      0.93827
   19  pi+                1       211   17           0           0      0.14798      0.23269      3.47882      3.49253      0.13957
   20  (rho0)            11       113   17          28          29     -0.24736     -0.27265     16.11648     16.13602      0.70326
   21  pbar-              1     -2212   17           0           0      0.52884     -0.59049      9.22964      9.31102      0.93827
   22  p+                 1      2212   17           0           0     -0.24883      0.06786     10.82791     10.87155      0.93827
   23  pi-                1      -211   17           0           0     -0.25410      0.29131      0.17459      0.44653      0.13957
   24  pi+                1       211   17           0           0      0.16948     -0.68062      0.49361      0.86896      0.13957
   25  (rho-)            11      -213   17          30          31      0.12803     -0.51861      0.18593      0.94641      0.75880
   26  (rho+)            11       213   17          32          33     -0.63328      0.10775      0.28738      0.81922      0.41940
   27  (rho-)            11      -213   17          34          35     -5.18640     -3.32864     -1.31770      6.35930      0.85194
   28  pi+                1       211   20           0           0     -0.19453     -0.04500     13.99798     14.00010      0.13957
   29  pi-                1      -211   20           0           0     -0.05284     -0.22766      2.11850      2.13591      0.13957
   30  pi-                1      -211   25           0           0     -0.12642     -0.59715      0.16285      0.64697      0.13957
   31  (pi0)             11       111   25          36          37      0.25445      0.07854      0.02309      0.29944      0.13498
   32  pi+                1       211   26           0           0     -0.41800      0.03015      0.01981      0.44216      0.13957
   33  (pi0)             11       111   26          38          39     -0.21528      0.07760      0.26757      0.37707      0.13498
   34  pi-                1      -211   27           0           0     -3.53724     -2.16546     -0.50850      4.18083      0.13957
   35  (pi0)             11       111   27          40          41     -1.64916     -1.16318     -0.80920      2.17847      0.13498
   36  gamma              1        22   31           0           0      0.05860     -0.03548     -0.01369      0.06986      0.00000
   37  gamma              1        22   31           0           0      0.19585      0.11401      0.03678      0.22958      0.00000
   38  gamma              1        22   33           0           0     -0.14999      0.03330      0.25423      0.29705      0.00000
   39  gamma              1        22   33           0           0     -0.06528      0.04430      0.01334      0.08001      0.00000
   40  gamma              1        22   35           0           0     -0.00108     -0.00703      0.00290      0.00768      0.00000
   41  gamma              1        22   35           0           0     -1.64807     -1.15616     -0.81210      2.17079      0.00000
 ==================================================================================================================================
                   sum charge:  0.00   sum momentum and inv. mass:      0.00000      0.00000    120.00000    140.00339     72.11760



                            Event listing (standard)

    I  particle/jet  K(I,1)   K(I,2) K(I,3)     K(I,4)      K(I,5)       P(I,1)       P(I,2)       P(I,3)       P(I,4)       P(I,5)

    1  !e-!              21        11    0           3           4      0.00000      0.00000    -10.00000     10.00000      0.00051
    2  !p+!              21      2212    0           5           0     -0.00000      0.00000    130.00000    130.00339      0.93827
 ==================================================================================================================================
    3  !e-!              21        11    1           0           0      5.96452      7.83583     -7.04223     12.10656      0.00051
    4  !gamma!           21        22    1           0           0     -5.96452     -7.83583     -2.95777     -2.10656    -10.06413
    5  !p+!              21      2212    2           0           0     -0.00000      0.00000    130.00000    130.00339      0.93827
    6  !gamma!           21        22    4           0           0     -5.98812     -7.86684     -2.49958     -1.64500    -10.06413
    7  !c!               21         4    5           0           0      0.01076      0.01413     59.05499     59.05499      0.00000
    8  !gamma!           21        22    6           0           0     -5.98812     -7.86684     -2.49958     -1.64500    -10.06413
    9  !c!               21         4    7           0           0      0.01076      0.01413     59.05499     59.05499      0.00000
   10  !c!               21         4    9           0           0     -5.97736     -7.85270     56.55541     57.41000      0.00000
 ==================================================================================================================================
   11  (D*bar0)          11      -423    5          16          17     -0.67519     -0.57048     67.29083     67.32654      2.00670
   12  e-                 1        11    3           0           0      5.96452      7.83583     -7.04223     12.10656      0.00051
   13  (ud_0)        A   12      2101    5          18          18     -0.07113     -0.19313      9.79843      9.81770      0.57933
   14  (g)           I   12        21   10          18          18     -1.34910     -1.52178      7.83536      8.09498      0.00000
   15  (c)           V   11         4   10          18          18     -3.86910     -5.55045     42.11761     42.65760      0.00000
 ==================================================================================================================================
   16  (Dbar0)           11      -421   11          22          23     -0.66109     -0.62977     60.80483     60.84026      1.86450
   17  gamma              1        22   11           0           0     -0.01410      0.05929      6.48599      6.48628      0.00000
   18  (string)          11        92   13          19          21     -5.28933     -7.26536     59.75140     60.57028      4.21500
   19  p+                 1      2212   18           0           0     -0.86372     -1.10863      6.92910      7.13217      0.93827
   20  (rho-)            11      -213   18          24          25     -1.42722     -1.99402     16.83805     17.03447      0.80008
   21  (D*+)             11       413   18          26          27     -2.99839     -4.16270     35.98426     36.40365      2.01000
   22  K+                 1       321   16           0           0      0.44262      0.05450     30.56515     30.57239      0.49360
   23  pi-                1      -211   16           0           0     -1.10371     -0.68427     30.23968     30.26788      0.13957
   24  pi-                1      -211   20           0           0     -0.45323     -0.91029      4.84883      4.95628      0.13957
   25  (pi0)             11       111   20          28          29     -0.97399     -1.08374     11.98922     12.07819      0.13498
   26  (D+)              11       411   21          30          31     -2.81390     -3.91701     33.56447     33.96069      1.86930
   27  (pi0)             11       111   21          32          33     -0.18450     -0.24569      2.41979      2.44295      0.13498
   28  gamma              1        22   25           0           0     -0.48935     -0.48666      6.12815      6.16689      0.00000
   29  gamma              1        22   25           0           0     -0.48465     -0.59707      5.86107      5.91130      0.00000
   30  (Kbar0)           11      -311   26          34          34     -0.93339     -0.87404      5.68045      5.84383      0.49767
   31  K+                 1       321   26           0           0     -1.88051     -3.04297     27.88402     28.11686      0.49360
   32  gamma              1        22   27           0           0     -0.05282     -0.17531      1.16338      1.17770      0.00000
   33  gamma              1        22   27           0           0     -0.13168     -0.07038      1.25641      1.26525      0.00000
   34  K_L0               1       130   30           0           0     -0.93339     -0.87404      5.68045      5.84383      0.49767
 ==================================================================================================================================
                   sum charge:  0.00   sum momentum and inv. mass:      0.00000      0.00000    120.00000    140.00339     72.11760



                            Event listing (standard)

    I  particle/jet  K(I,1)   K(I,2) K(I,3)     K(I,4)      K(I,5)       P(I,1)       P(I,2)       P(I,3)       P(I,4)       P(I,5)

    1  !e-!              21        11    0           3           4      0.00000      0.00000    -10.00000     10.00000      0.00051
    2  !p+!              21      2212    0           5           0     -0.00000      0.00000    130.00000    130.00339      0.93827
 ==================================================================================================================================
    3  !e-!              21        11    1           0           0      3.75042     -5.79197      2.00936      7.18680      0.00051
    4  !gamma!           21        22    1           0           0     -3.75042      5.79197    -12.00936      2.81320    -13.56183
    5  !p+!              21      2212    2           0           0     -0.00000     -0.00000    130.00000    130.00339      0.93827
    6  !gamma!           21        22    4           0           0     -3.75128      5.79329    -12.00927      2.81668    -13.56183
    7  !dbar!            21        -1    5           0           0      0.00004     -0.00006      6.20271      6.20271      0.00000
    8  !gamma!           21        22    6           0           0     -3.75128      5.79329    -12.00927      2.81668    -13.56183
    9  !dbar!            21        -1    7           0           0      0.00004     -0.00006      6.20271      6.20271      0.00000
   10  !dbar!            21        -1    9           0           0     -3.75124      5.79323     -5.80656      9.01939      0.00000
 ==================================================================================================================================
   11  (Delta+)          11      2214    5          16          17     -0.13291     -0.18995     81.49605     81.50542      1.21430
   12  e-                 1        11    3           0           0      3.75042     -5.79197      2.00936      7.18680      0.00051
   13  (d)           A   12         1    5          18          18      0.14144      0.17244     42.13783     42.13971      0.33000
   14  (g)           I   12        21   10          18          18     -1.62623      1.27999     -0.84018      2.23359      0.00000
   15  (dbar)        V   11        -1   10          18          18     -2.13272      4.52948     -4.80306      6.93787      0.00000
 ==================================================================================================================================
   16  p+                 1      2212   11           0           0     -0.15275     -0.29351     76.44176     76.44823      0.93827
   17  (pi0)             11       111   11          28          29      0.01984      0.10357      5.05429      5.05719      0.13498
   18  (string)          11        92   13          19          27     -3.61751      5.98191     36.49459     51.31117     35.38518
   19  pi-                1      -211   18           0           0      0.06207      0.43261     17.64504     17.65100      0.13957
   20  (omega)           11       223   18          30          32     -0.02655     -0.28504     14.15286     14.17772      0.78875
   21  (pi0)             11       111   18          33          34     -0.12203     -0.46604      6.33604      6.35576      0.13498
   22  (rho0)            11       113   18          35          36      0.08083      0.70521      2.72691      2.89381      0.65897
   23  (rho+)            11       213   18          37          38      0.48899      0.47458      0.57511      1.12403      0.68438
   24  pi-                1      -211   18           0           0     -1.36755      0.51222     -0.50078      1.55010      0.13957
   25  (rho+)            11       213   18          39          40     -0.20793      1.28462     -1.55684      2.11392      0.59282
   26  (K*0)             11       313   18          41          42     -1.07542      1.14687     -0.81615      1.98922      0.90501
   27  (K*bar0)          11      -313   18          43          44     -1.44992      2.17689     -2.06759      3.45561      0.90841
   28  gamma              1        22   17           0           0      0.01964      0.13332      3.45833      3.46096      0.00000
   29  gamma              1        22   17           0           0      0.00019     -0.02975      1.59595      1.59623      0.00000
   30  pi-                1      -211   20           0           0     -0.10912     -0.22738      5.10978      5.11790      0.13957
   31  pi+                1       211   20           0           0      0.25460     -0.11167      4.20684      4.21833      0.13957
   32  (pi0)             11       111   20          45          46     -0.17203      0.05401      4.83624      4.84149      0.13498
   33  gamma              1        22   21           0           0     -0.08830     -0.19871      3.57434      3.58095      0.00000
   34  gamma              1        22   21           0           0     -0.03373     -0.26733      2.76170      2.77481      0.00000
   35  pi-                1      -211   22           0           0     -0.17394      0.07958      0.38094      0.44853      0.13957
   36  pi+                1       211   22           0           0      0.25477      0.62563      2.34597      2.44527      0.13957
   37  pi+                1       211   23           0           0      0.08113      0.25718     -0.07716      0.31331      0.13957
   38  (pi0)             11       111   23          47          48      0.40785      0.21739      0.65227      0.81073      0.13498
   39  pi+                1       211   25           0           0     -0.00497      0.45536     -0.93439      1.04879      0.13957
   40  (pi0)             11       111   25          49          50     -0.20296      0.82926     -0.62245      1.06514      0.13498
   41  K+                 1       321   26           0           0     -0.55550      0.47782     -0.13627      0.89392      0.49360
   42  pi-                1      -211   26           0           0     -0.51992      0.66906     -0.67988      1.09529      0.13957
   43  K-                 1      -321   27           0           0     -1.36250      1.71520     -1.47499      2.68655      0.49360
   44  pi+                1       211   27           0           0     -0.08742      0.46169     -0.59260      0.76906      0.13957
   45  gamma              1        22   32           0           0     -0.04875      0.00523      0.36515      0.36843      0.00000
   46  gamma              1        22   32           0           0     -0.12329      0.04878      4.47109      4.47306      0.00000
   47  gamma              1        22   38           0           0      0.11495     -0.00064      0.18337      0.21642      0.00000
   48  gamma              1        22   38           0           0      0.29291      0.21804      0.46890      0.59431      0.00000
   49  gamma              1        22   40           0           0     -0.00565     -0.00218     -0.01650      0.01757      0.00000
   50  gamma              1        22   40           0           0     -0.19731      0.83144     -0.60595      1.04756      0.00000
 ==================================================================================================================================
                   sum charge:  0.00   sum momentum and inv. mass:      0.00000     -0.00000    120.00000    140.00339     72.11760



                            Event listing (standard)

    I  particle/jet  K(I,1)   K(I,2) K(I,3)     K(I,4)      K(I,5)       P(I,1)       P(I,2)       P(I,3)       P(I,4)       P(I,5)

    1  !e-!              21        11    0           3           4      0.00000      0.00000    -10.00000     10.00000      0.00051
    2  !p+!              21      2212    0           5           0     -0.00000      0.00000    130.00000    130.00339      0.93827
 ==================================================================================================================================
    3  !e-!              21        11    1           0           0    -10.18235      7.57907     -2.49233     12.93577      0.00051
    4  !gamma!           21        22    1           0           0     10.18235     -7.57907     -7.50767     -2.93577    -14.45230
    5  !p+!              21      2212    2           0           0     -0.00000      0.00000    130.00000    130.00339      0.93827
    6  !gamma!           21        22    4           0           0     10.18989     -7.58468     -7.47942     -2.90414    -14.45230
    7  !d!               21         1    5           0           0     -0.00132      0.00099     22.82121     22.82121      0.00000
    8  !gamma!           21        22    6           0           0     10.18989     -7.58468     -7.47942     -2.90414    -14.45230
    9  !d!               21         1    7           0           0     -0.00132      0.00099     22.82121     22.82121      0.00000
   10  !d!               21         1    9           0           0     10.18856     -7.58370     15.34180     19.91708      0.00000
 ==================================================================================================================================
   11  e-                 1        11    3           0           0    -10.18235      7.57907     -2.49233     12.93577      0.00051
   12  (uu_1)        A   12      2203    5          16          16      0.70371      0.18855    107.42398    107.42922      0.77133
   13  (g)           I   12        21   10          16          16     -0.05654     -0.51405      0.70569      0.87489      0.00000
   14  (g)           I   12        21   10          16          16      5.64835     -4.66716      9.79236     12.23015      0.00000
   15  (d)           V   11         1   10          16          16      3.88683     -2.58641      4.57030      6.53335      0.00000
 ==================================================================================================================================
   16  (string)          11        92   12          17          28     10.18235     -7.57907    122.49233    127.06761     31.31588
   17  (Delta++)         11      2224   16          29          30      0.28742      0.35586     66.65150     66.66433      1.22522
   18  (omega)           11       223   16          31          33      0.26251     -0.23109     21.77386     21.79071      0.78214
   19  pi-                1      -211   16           0           0      0.13926     -0.59871     14.89750     14.91083      0.13957
   20  (pi0)             11       111   16          34          35      0.21956      0.19168      0.11661      0.34171      0.13498
   21  pi+                1       211   16           0           0      0.73882     -0.41696      2.48997      2.63422      0.13957
   22  (pi0)             11       111   16          36          37      0.08591     -0.54380      0.83702      1.01090      0.13498
   23  (rho-)            11      -213   16          38          39      1.29791     -0.35726      2.25948      2.74105      0.77193
   24  (rho+)            11       213   16          40          41      0.33847     -0.17779      2.33260      2.46770      0.70877
   25  pi-                1      -211   16           0           0      0.70007     -1.09262      2.41033      2.74100      0.13957
   26  (pi0)             11       111   16          42          43      2.73980     -1.91340      2.77650      4.34681      0.13498
   27  pi+                1       211   16           0           0      1.46978     -1.62712      2.89218      3.63207      0.13957
   28  pi-                1      -211   16           0           0      1.90283     -1.16787      3.05477      3.78626      0.13957
   29  p+                 1      2212   17           0           0      0.39481      0.39347     61.50235     61.51204      0.93827
   30  pi+                1       211   17           0           0     -0.10739     -0.03760      5.14915      5.15230      0.13957
   31  pi+                1       211   18           0           0      0.23699     -0.31787      9.79899      9.80800      0.13957
   32  pi-                1      -211   18           0           0      0.13120      0.01396      3.13561      3.14149      0.13957
   33  (pi0)             11       111   18          44          45     -0.10568      0.07282      8.83926      8.84123      0.13498
   34  gamma              1        22   20           0           0      0.08876      0.11282     -0.00918      0.14385      0.00000
   35  gamma              1        22   20           0           0      0.13080      0.07886      0.12579      0.19786      0.00000
   36  gamma              1        22   22           0           0      0.00786     -0.02117      0.00193      0.02267      0.00000
   37  gamma              1        22   22           0           0      0.07806     -0.52263      0.83509      0.98824      0.00000
   38  pi-                1      -211   23           0           0      0.08194      0.04139      0.69792      0.71763      0.13957
   39  (pi0)             11       111   23          46          47      1.21597     -0.39865      1.56156      2.02342      0.13498
   40  pi+                1       211   24           0           0     -0.12065     -0.00821      0.18687      0.26272      0.13957
   41  (pi0)             11       111   24          48          49      0.45912     -0.16958      2.14573      2.20498      0.13498
   42  gamma              1        22   26           0           0      0.59150     -0.47195      0.66678      1.00856      0.00000
   43  gamma              1        22   26           0           0      2.14830     -1.44145      2.10973      3.33825      0.00000
   44  gamma              1        22   33           0           0     -0.05345     -0.00547      6.28369      6.28392      0.00000
   45  gamma              1        22   33           0           0     -0.05223      0.07829      2.55557      2.55731      0.00000
   46  gamma              1        22   39           0           0      0.27243     -0.13692      0.42807      0.52556      0.00000
   47  gamma              1        22   39           0           0      0.94355     -0.26172      1.13349      1.49786      0.00000
   48  gamma              1        22   41           0           0      0.24488     -0.03327      1.23652      1.26098      0.00000
   49  gamma              1        22   41           0           0      0.21424     -0.13632      0.90921      0.94400      0.00000
 ==================================================================================================================================
                   sum charge:  0.00   sum momentum and inv. mass:      0.00000     -0.00000    120.00000    140.00339     72.11760



                            Event listing (standard)

    I  particle/jet  K(I,1)   K(I,2) K(I,3)     K(I,4)      K(I,5)       P(I,1)       P(I,2)       P(I,3)       P(I,4)       P(I,5)

    1  !e-!              21        11    0           3           4      0.00000      0.00000    -10.00000     10.00000      0.00051
    2  !p+!              21      2212    0           5           0     -0.00000      0.00000    130.00000    130.00339      0.93827
 ==================================================================================================================================
    3  !e-!              21        11    1           0           0      7.50952     -1.83134     -1.35612      7.84766      0.00051
    4  !gamma!           21        22    1           0           0     -7.50952      1.83134     -8.64388      2.15234    -11.39434
    5  !p+!              21      2212    2           0           0     -0.00000      0.00000    130.00000    130.00339      0.93827
    6  !gamma!           21        22    4           0           0     -7.51188      1.83192     -8.64282      2.15679    -11.39434
    7  !u!               21         2    5           0           0      0.00011     -0.00003      6.01083      6.01083      0.00000
    8  !gamma!           21        22    6           0           0     -7.51188      1.83192     -8.64282      2.15679    -11.39434
    9  !u!               21         2    7           0           0      0.00011     -0.00003      6.01083      6.01083      0.00000
   10  !u!               21         2    9           0           0     -7.51177      1.83189     -2.63200      8.16761      0.00000
 ==================================================================================================================================
   11  e-                 1        11    3           0           0      7.50952     -1.83134     -1.35612      7.84766      0.00051
   12  (ud_0)        A   12      2101    5          20          20      0.26170     -0.57271    115.71337    115.71654      0.57933
   13  (g)           I   12        21   10          20          20     -0.88536     -1.14331      1.58648      2.14661      0.00000
   14  (g)           I   12        21   10          20          20     -0.97867     -0.34829      0.52412      1.16353      0.00000
   15  (g)           I   12        21   10          20          20     -2.78287      0.35131      3.56829      4.53878      0.00000
   16  (g)           I   12        21   10          20          20     -1.50077     -0.36493      0.58884      1.65294      0.00000
   17  (g)           I   12        21   10          20          20     -1.86722      1.32904      0.71676      2.40138      0.00000
   18  (g)           I   12        21   10          20          20     -0.83302      0.02644      0.70419      1.09110      0.00000
   19  (u)           V   11         2   10          20          20      1.07669      2.55378     -2.04594      3.44485      0.00000
 ==================================================================================================================================
   20  (string)          11        92   12          21          35     -7.50952      1.83134    121.35612    132.15573     51.75019
   21  p+                 1      2212   20           0           0      0.30809     -0.85043    100.52069    100.52913      0.93827
   22  (pi0)             11       111   20          36          37      0.23570     -0.28391      0.90620      0.98772      0.13498
   23  pi-                1      -211   20           0           0     -0.18008      0.35655     10.04131     10.05023      0.13957
   24  pi+                1       211   20           0           0     -0.62395      0.12147      3.87872      3.93294      0.13957
   25  K-                 1      -321   20           0           0     -0.83051     -0.81643      1.77509      2.17965      0.49360
   26  (K*+)             11       323   20          38          39     -0.75376      0.35032      1.50285      1.95937      0.94324
   27  pi-                1      -211   20           0           0     -1.81439     -0.77502      0.96319      2.19997      0.13957
   28  (pi0)             11       111   20          40          41     -0.81621     -0.14493      0.93040      1.25342      0.13498
   29  (K*bar0)          11      -313   20          42          43     -2.49030      0.51777      1.91174      3.31352      0.92465
   30  K+                 1       321   20           0           0      0.13897      0.54616     -0.07271      0.75269      0.49360
   31  (rho-)            11      -213   20          44          45     -0.48894      0.66776      0.25311      1.19663      0.82638
   32  (K*bar0)          11      -313   20          46          47     -0.28663      0.47726     -0.89489      1.49109      1.05480
   33  (K*0)             11       313   20          48          49      0.10333      1.15711      0.17509      1.48568      0.90940
   34  (pi0)             11       111   20          50          51      0.06431      0.16289     -0.08903      0.23836      0.13498
   35  pi+                1       211   20           0           0     -0.07514      0.34478     -0.44565      0.58532      0.13957
   36  gamma              1        22   22           0           0      0.07506     -0.19514      0.50174      0.54356      0.00000
   37  gamma              1        22   22           0           0      0.16064     -0.08877      0.40447      0.44416      0.00000
   38  K+                 1       321   26           0           0     -0.18278      0.27835      1.07769      1.23124      0.49360
   39  (pi0)             11       111   26          52          53     -0.57098      0.07197      0.42516      0.72814      0.13498
   40  gamma              1        22   28           0           0     -0.09072      0.00626      0.16271      0.18639      0.00000
   41  gamma              1        22   28           0           0     -0.72549     -0.15120      0.76770      1.06703      0.00000
   42  (Kbar0)           11      -311   29          54          54     -1.50860      0.57916      1.40732      2.19990      0.49767
   43  (pi0)             11       111   29          55          56     -0.98170     -0.06139      0.50442      1.11362      0.13498
   44  pi-                1      -211   31           0           0     -0.09097      0.49555      0.46112      0.69711      0.13957
   45  (pi0)             11       111   31          57          58     -0.39797      0.17221     -0.20801      0.49953      0.13498
   46  K-                 1      -321   32           0           0      0.10402      0.33963     -0.14824      0.62593      0.49360
   47  pi+                1       211   32           0           0     -0.39065      0.13762     -0.74665      0.86516      0.13957
   48  K+                 1       321   33           0           0     -0.04549      0.78039     -0.16446      0.93902      0.49360
   49  pi-                1      -211   33           0           0      0.14881      0.37672      0.33954      0.54665      0.13957
   50  gamma              1        22   34           0           0      0.06147      0.13482     -0.12415      0.19331      0.00000
   51  gamma              1        22   34           0           0      0.00283      0.02807      0.03512      0.04505      0.00000
   52  gamma              1        22   39           0           0     -0.43391      0.04356      0.24573      0.50056      0.00000
   53  gamma              1        22   39           0           0     -0.13707      0.02841      0.17943      0.22758      0.00000
   54  K_L0               1       130   42           0           0     -1.50860      0.57916      1.40732      2.19990      0.49767
   55  gamma              1        22   43           0           0     -0.21297      0.03959      0.09097      0.23494      0.00000
   56  gamma              1        22   43           0           0     -0.76873     -0.10097      0.41344      0.87868      0.00000
   57  gamma              1        22   45           0           0     -0.12383      0.12298     -0.09721      0.19977      0.00000
   58  gamma              1        22   45           0           0     -0.27414      0.04923     -0.11080      0.29976      0.00000
 ==================================================================================================================================
                   sum charge:  0.00   sum momentum and inv. mass:      0.00000      0.00000    120.00000    140.00339     72.11760



                            Event listing (standard)

    I  particle/jet  K(I,1)   K(I,2) K(I,3)     K(I,4)      K(I,5)       P(I,1)       P(I,2)       P(I,3)       P(I,4)       P(I,5)

    1  !e-!              21        11    0           3           4      0.00000      0.00000    -10.00000     10.00000      0.00051
    2  !p+!              21      2212    0           5           0     -0.00000      0.00000    130.00000    130.00339      0.93827
 ==================================================================================================================================
    3  !e-!              21        11    1           0           0    -10.90661      0.75944     -2.77677     11.28013      0.00051
    4  !gamma!           21        22    1           0           0     10.90661     -0.75944     -7.22323     -1.28013    -13.04098
    5  !p+!              21      2212    2           0           0     -0.00000     -0.00000    130.00000    130.00339      0.93827
    6  !gamma!           21        22    4           0           0     10.91282     -0.75987     -7.21105     -1.26456    -13.04098
    7  !u!               21         2    5           0           0     -0.00068      0.00005     14.29854     14.29854      0.00000
    8  !gamma!           21        22    6           0           0     10.91282     -0.75987     -7.21105     -1.26456    -13.04098
    9  !u!               21         2    7           0           0     -0.00068      0.00005     14.29854     14.29854      0.00000
   10  !u!               21         2    9           0           0     10.91214     -0.75983      7.08749     13.03398      0.00000
 ==================================================================================================================================
   11  e-                 1        11    3           0           0    -10.90661      0.75944     -2.77677     11.28013      0.00051
   12  (ud_0)        A   12      2101    5          16          16     -0.30019      0.08995    112.90520    112.90712      0.57933
   13  (g)           I   12        21   10          16          16     -0.40183      0.22743      0.24439      0.52241      0.00000
   14  (g)           I   12        21   10          16          16      5.65925     -0.34140      3.22285      6.52153      0.00000
   15  (u)           V   11         2   10          16          16      5.94937     -0.73541      6.40433      8.77219      0.00000
 ==================================================================================================================================
   16  (string)          11        92   12          17          23     10.90661     -0.75944    122.77677    128.72326     37.09462
   17  p+                 1      2212   16           0           0     -0.80925     -0.03474    102.56940    102.57689      0.93827
   18  (Deltabar--)      11     -2224   16          24          25      0.56195      0.16149      3.54615      3.77450      1.15315
   19  (Delta++)         11      2224   16          26          27     -0.23199     -0.48430      5.39882      5.53746      1.10809
   20  (pi0)             11       111   16          28          29      0.55263      0.05247      2.31281      2.38233      0.13498
   21  (K*-)             11      -323   16          30          31      2.70137     -0.07856      2.14616      3.58227      0.96076
   22  (K*0)             11       313   16          32          33      2.03242      0.49097      1.75226      2.90183      0.98916
   23  pi+                1       211   16           0           0      6.09948     -0.86678      5.05116      7.96798      0.13957
   24  pbar-              1     -2212   18           0           0      0.62312      0.16074      3.04132      3.24717      0.93827
   25  pi-                1      -211   18           0           0     -0.06116      0.00075      0.50483      0.52733      0.13957
   26  p+                 1      2212   19           0           0     -0.26567     -0.36608      4.72486      4.83831      0.93827
   27  pi+                1       211   19           0           0      0.03368     -0.11822      0.67396      0.69915      0.13957
   28  gamma              1        22   20           0           0      0.04722      0.04032      0.34914      0.35461      0.00000
   29  gamma              1        22   20           0           0      0.50540      0.01215      1.96368      2.02771      0.00000
   30  (Kbar0)           11      -311   21          34          34      1.59972      0.20842      1.53937      2.28470      0.49767
   31  pi-                1      -211   21           0           0      1.10166     -0.28698      0.60679      1.29757      0.13957
   32  K+                 1       321   22           0           0      0.61663      0.11258      0.35881      0.87481      0.49360
   33  pi-                1      -211   22           0           0      1.41579      0.37840      1.39345      2.02703      0.13957
   34  K_L0               1       130   30           0           0      1.59972      0.20842      1.53937      2.28470      0.49767
 ==================================================================================================================================
                   sum charge:  0.00   sum momentum and inv. mass:      0.00000     -0.00000    120.00000    140.00339     72.11760



                            Event listing (standard)

    I  particle/jet  K(I,1)   K(I,2) K(I,3)     K(I,4)      K(I,5)       P(I,1)       P(I,2)       P(I,3)       P(I,4)       P(I,5)

    1  !e-!              21        11    0           3           4      0.00000      0.00000    -10.00000     10.00000      0.00051
    2  !p+!              21      2212    0           5           0     -0.00000      0.00000    130.00000    130.00339      0.93827
 ==================================================================================================================================
    3  !e-!              21        11    1           0           0      5.94418     -1.38428      0.54733      6.12773      0.00051
    4  !gamma!           21        22    1           0           0     -5.94418      1.38428    -10.54733      3.87227    -11.55427
    5  !p+!              21      2212    2           0           0     -0.00000     -0.00000    130.00000    130.00339      0.93827
    6  !gamma!           21        22    4           0           0     -5.94558      1.38460    -10.54763      3.87535    -11.55427
    7  !d!               21         1    5           0           0      0.00005     -0.00001      4.62805      4.62805      0.00000
    8  !gamma!           21        22    6           0           0     -5.94558      1.38460    -10.54763      3.87535    -11.55427
    9  !d!               21         1    7           0           0      0.00005     -0.00001      4.62805      4.62805      0.00000
   10  !d!               21         1    9           0           0     -5.94553      1.38459     -5.91958      8.50340      0.00000
 ==================================================================================================================================
   11  e-                 1        11    3           0           0      5.94418     -1.38428      0.54733      6.12773      0.00051
   12  (uu_1)        A   12      2203    5          15          15     -0.24156      0.52160    124.05720    124.06093      0.77133
   13  (g)           I   12        21   10          15          15      0.81852      1.84857     -1.54457      2.54419      0.00000
   14  (d)           V   11         1   10          15          15     -6.52114     -0.98590     -3.05996      7.27054      0.00000
 ==================================================================================================================================
   15  (string)          11        92   12          16          26     -5.94418      1.38428    119.45267    133.87566     60.13735
   16  (Delta++)         11      2224   15          27          28     -0.09266      0.03857     78.28727     78.29748      1.26003
   17  (rho0)            11       113   15          29          30      0.55985      0.22643     41.00147     41.01232      0.72485
   18  (rho-)            11      -213   15          31          32     -0.79617      0.52804      1.62724      2.05863      0.82301
   19  pi+                1       211   15           0           0      0.12672      0.21585      1.23218      1.26507      0.13957
   20  (rho-)            11      -213   15          33          34      0.50188      0.42515      1.43889      1.75831      0.76720
   21  (pi0)             11       111   15          35          36      0.07295     -0.30053     -0.26739      0.43053      0.13498
   22  (rho+)            11       213   15          37          38     -0.30291      0.39537     -0.55401      1.07381      0.77334
   23  (pi0)             11       111   15          39          40     -0.58869      0.38346     -0.06968      0.71880      0.13498
   24  (eta)             11       221   15          41          43     -0.26203      0.04106     -0.62823      0.87449      0.54745
   25  pbar-              1     -2212   15           0           0     -0.72681      0.24827     -0.66350      1.38220      0.93827
   26  n0                 1      2112   15           0           0     -4.43630     -0.81738     -1.95157      5.00402      0.93957
   27  p+                 1      2212   16           0           0     -0.31082     -0.01158     57.01435     57.02292      0.93827
   28  pi+                1       211   16           0           0      0.21816      0.05015     21.27292     21.27456      0.13957
   29  pi-                1      -211   17           0           0      0.28703     -0.07947      6.65396      6.66208      0.13957
   30  pi+                1       211   17           0           0      0.27282      0.30590     34.34751     34.35024      0.13957
   31  pi-                1      -211   18           0           0     -0.03733      0.43008      0.82696      0.94324      0.13957
   32  (pi0)             11       111   18          44          45     -0.75884      0.09796      0.80028      1.11539      0.13498
   33  pi-                1      -211   20           0           0      0.46629      0.59393      1.25978      1.47537      0.13957
   34  (pi0)             11       111   20          46          47      0.03559     -0.16878      0.17911      0.28294      0.13498
   35  gamma              1        22   21           0           0     -0.00962     -0.17153     -0.19870      0.26267      0.00000
   36  gamma              1        22   21           0           0      0.08257     -0.12901     -0.06869      0.16787      0.00000
   37  pi+                1       211   22           0           0     -0.35186      0.11094      0.04330      0.39683      0.13957
   38  (pi0)             11       111   22          48          49      0.04895      0.28443     -0.59731      0.67698      0.13498
   39  gamma              1        22   23           0           0     -0.46357      0.36101     -0.06972      0.59168      0.00000
   40  gamma              1        22   23           0           0     -0.12512      0.02245      0.00003      0.12711      0.00000
   41  (pi0)             11       111   24          50          51     -0.08544      0.05196     -0.48107      0.50955      0.13498
   42  (pi0)             11       111   24          52          53     -0.09780      0.03197     -0.09593      0.19496      0.13498
   43  (pi0)             11       111   24          54          55     -0.07879     -0.04287     -0.05123      0.16997      0.13498
   44  gamma              1        22   32           0           0     -0.76379      0.09297      0.79636      1.10735      0.00000
   45  gamma              1        22   32           0           0      0.00495      0.00498      0.00392      0.00805      0.00000
   46  gamma              1        22   34           0           0      0.08266     -0.11264      0.14744      0.20312      0.00000
   47  gamma              1        22   34           0           0     -0.04707     -0.05615      0.03167      0.07982      0.00000
   48  gamma              1        22   38           0           0      0.03908      0.07535     -0.07132      0.11087      0.00000
   49  gamma              1        22   38           0           0      0.00987      0.20908     -0.52599      0.56611      0.00000
   50  gamma              1        22   41           0           0      0.00908      0.00708     -0.30156      0.30178      0.00000
   51  gamma              1        22   41           0           0     -0.09452      0.04488     -0.17951      0.20778      0.00000
   52  gamma              1        22   42           0           0     -0.01003      0.06340     -0.07626      0.09968      0.00000
   53  gamma              1        22   42           0           0     -0.08777     -0.03143     -0.01967      0.09528      0.00000
   54  gamma              1        22   43           0           0     -0.05328      0.02049     -0.07796      0.09662      0.00000
   55  gamma              1        22   43           0           0     -0.02552     -0.06336      0.02673      0.07335      0.00000
 ==================================================================================================================================
                   sum charge:  0.00   sum momentum and inv. mass:      0.00000      0.00000    120.00000    140.00339     72.11760



                            Event listing (standard)

    I  particle/jet  K(I,1)   K(I,2) K(I,3)     K(I,4)      K(I,5)       P(I,1)       P(I,2)       P(I,3)       P(I,4)       P(I,5)

    1  !e-!              21        11    0           3           4      0.00000      0.00000    -10.00000     10.00000      0.00051
    2  !p+!              21      2212    0           5           0     -0.00000      0.00000    130.00000    130.00339      0.93827
 ==================================================================================================================================
    3  !e-!              21        11    1           0           0     10.38380     -3.47500     -6.36193     12.66385      0.00051
    4  !gamma!           21        22    1           0           0    -10.38380      3.47500     -3.63807     -2.66385    -11.22668
    5  !p+!              21      2212    2           0           0      0.00000     -0.00000    130.00000    130.00339      0.93827
    6  !gamma!           21        22    4           0           0    -10.41971      3.48701     -3.20402     -2.22643    -11.22668
    7  !u!               21         2    5           0           0      0.01781     -0.00596     64.25275     64.25275      0.00000
    8  !gamma!           21        22    6           0           0    -10.41971      3.48701     -3.20402     -2.22643    -11.22668
    9  !u!               21         2    7           0           0      0.01781     -0.00596     64.25275     64.25275      0.00000
   10  !u!               21         2    9           0           0    -10.40191      3.48105     61.04873     62.02632      0.00000
 ==================================================================================================================================
   11  e-                 1        11    3           0           0     10.38380     -3.47500     -6.36193     12.66385      0.00051
   12  (u)           A   12         2   10          14          14    -10.24265      3.49618     59.58616     60.56109      0.00000
   13  (ud_0)        V   11      2101    5          14          14     -0.14115     -0.02118     66.77578     66.77844      0.57933
 ==================================================================================================================================
   14  (string)          11        92   12          15          20    -10.38380      3.47500    126.36193    127.33953     11.31895
   15  (rho0)            11       113   14          21          22     -6.52651      2.56906     36.91268     37.58380      0.89468
   16  (K*+)             11       323   14          23          24     -2.50630      0.26199     18.45165     18.64459      0.89844
   17  (Kbar0)           11      -311   14          25          25     -0.65861      0.60399     13.70776     13.74587      0.49767
   18  (rho0)            11       113   14          26          27     -0.03090     -0.50085     33.63972     33.65283      0.79364
   19  pi-                1      -211   14           0           0     -0.65225      0.36946      9.97147     10.00058      0.13957
   20  p+                 1      2212   14           0           0     -0.00924      0.17134     13.67865     13.71187      0.93827
   21  pi-                1      -211   15           0           0     -1.34761      0.57137      9.65420      9.76553      0.13957
   22  pi+                1       211   15           0           0     -5.17891      1.99769     27.25848     27.81827      0.13957
   23  (K0)              11       311   16          28          28     -1.16379      0.37697      9.07622      9.17180      0.49767
   24  pi+                1       211   16           0           0     -1.34250     -0.11498      9.37544      9.47280      0.13957
   25  (K_S0)            11       310   17          29          30     -0.65861      0.60399     13.70776     13.74587      0.49767
   26  pi-                1      -211   18           0           0     -0.33470     -0.18035     22.25577     22.25945      0.13957
   27  pi+                1       211   18           0           0      0.30380     -0.32050     11.38395     11.39337      0.13957
   28  (K_S0)            11       310   23          31          32     -1.16379      0.37697      9.07622      9.17180      0.49767
   29  pi+                1       211   25           0           0     -0.24462      0.36555      9.01178      9.02358      0.13957
   30  pi-                1      -211   25           0           0     -0.41400      0.23844      4.69598      4.72228      0.13957
   31  pi-                1      -211   28           0           0     -0.72880      0.06399      4.35652      4.41973      0.13957
   32  pi+                1       211   28           0           0     -0.43499      0.31297      4.71969      4.75207      0.13957
 ==================================================================================================================================
                   sum charge:  0.00   sum momentum and inv. mass:      0.00000     -0.00000    120.00000    140.00339     72.11760



                            Event listing (standard)

    I  particle/jet  K(I,1)   K(I,2) K(I,3)     K(I,4)      K(I,5)       P(I,1)       P(I,2)       P(I,3)       P(I,4)       P(I,5)

    1  !e-!              21        11    0           3           4      0.00000      0.00000    -10.00000     10.00000      0.00051
    2  !p+!              21      2212    0           5           0     -0.00000      0.00000    130.00000    130.00339      0.93827
 ==================================================================================================================================
    3  !e-!              21        11    1           0           0     -8.14496     -3.61492      2.23090      9.18612      0.00051
    4  !gamma!           21        22    1           0           0      8.14496      3.61492    -12.23090      0.81388    -15.11094
    5  !p+!              21      2212    2           0           0     -0.00000     -0.00000    130.00000    130.00339      0.93827
    6  !gamma!           21        22    4           0           0      8.14707      3.61586    -12.22953      0.81863    -15.11094
    7  !u!               21         2    5           0           0     -0.00014     -0.00006      8.74980      8.74980      0.00000
    8  !gamma!           21        22    6           0           0      8.14707      3.61586    -12.22953      0.81863    -15.11094
    9  !u!               21         2    7           0           0     -0.00014     -0.00006      8.74980      8.74980      0.00000
   10  !u!               21         2    9           0           0      8.14693      3.61580     -3.47973      9.56843      0.00000
 ==================================================================================================================================
   11  e-                 1        11    3           0           0     -8.14496     -3.61492      2.23090      9.18612      0.00051
   12  (ud_1)        A   12      2103    5          18          18     -0.24764      0.23509    120.63015    120.63309      0.77133
   13  (g)           I   12        21   10          18          18      0.29763      0.12284      0.33759      0.46651      0.00000
   14  (g)           I   12        21   10          18          18      0.26166      0.26265      0.21682      0.42949      0.00000
   15  (g)           I   12        21   10          18          18      2.13764      1.39950     -0.57814      2.61961      0.00000
   16  (g)           I   12        21   10          18          18      2.24789      0.47818     -0.48750      2.34932      0.00000
   17  (u)           V   11         2   10          18          18      3.44778      1.11666     -2.34981      4.31922      0.00000
 ==================================================================================================================================
   18  (string)          11        92   12          19          29      8.14496      3.61492    117.76910    130.81726     56.25111
   19  p+                 1      2212   18           0           0     -0.17842     -0.52562    100.13793    100.14387      0.93827
   20  (pi0)             11       111   18          30          31     -0.61958      0.59430      4.18140      4.27077      0.13498
   21  (pi0)             11       111   18          32          33      1.18579      0.68377     12.34137     12.41778      0.13498
   22  (rho0)            11       113   18          34          35     -0.27182     -0.29160      2.65852      2.82247      0.86005
   23  pi-                1      -211   18           0           0      0.40645      0.34473      0.81938      0.98737      0.13957
   24  (rho+)            11       213   18          36          37      0.36623      1.08601      0.37282      1.39636      0.70518
   25  (eta)             11       221   18          38          39      2.46155     -0.18937     -0.76954      2.64329      0.54745
   26  pi-                1      -211   18           0           0     -0.22923      0.11642     -0.02456      0.29357      0.13957
   27  pi+                1       211   18           0           0      1.70705      0.86894     -0.53498      1.99368      0.13957
   28  (rho-)            11      -213   18          40          41      2.76778      0.77247     -1.14358      3.20176      0.82836
   29  pi+                1       211   18           0           0      0.54917      0.15487     -0.26967      0.64635      0.13957
   30  gamma              1        22   20           0           0     -0.12496      0.09752      0.55342      0.57568      0.00000
   31  gamma              1        22   20           0           0     -0.49462      0.49678      3.62798      3.69509      0.00000
   32  gamma              1        22   21           0           0      0.46701      0.32510      4.70978      4.74403      0.00000
   33  gamma              1        22   21           0           0      0.71878      0.35867      7.63159      7.67375      0.00000
   34  pi-                1      -211   22           0           0     -0.43276      0.06751      0.84964      0.96602      0.13957
   35  pi+                1       211   22           0           0      0.16094     -0.35911      1.80888      1.85644      0.13957
   36  pi+                1       211   24           0           0     -0.05721      0.02504      0.16942      0.22821      0.13957
   37  (pi0)             11       111   24          42          43      0.42344      1.06098      0.20340      1.16815      0.13498
   38  gamma              1        22   25           0           0      0.44035     -0.24606     -0.10840      0.51595      0.00000
   39  gamma              1        22   25           0           0      2.02119      0.05670     -0.66114      2.12733      0.00000
   40  pi-                1      -211   28           0           0      2.12017      0.46418     -0.50670      2.23311      0.13957
   41  (pi0)             11       111   28          44          45      0.64762      0.30829     -0.63688      0.96865      0.13498
   42  gamma              1        22   37           0           0      0.31797      0.91571      0.15022      0.98092      0.00000
   43  gamma              1        22   37           0           0      0.10547      0.14526      0.05318      0.18723      0.00000
   44  gamma              1        22   41           0           0      0.53210      0.21952     -0.44408      0.72700      0.00000
   45  gamma              1        22   41           0           0      0.11551      0.08877     -0.19280      0.24165      0.00000
 ==================================================================================================================================
                   sum charge:  0.00   sum momentum and inv. mass:     -0.00000     -0.00000    120.00000    140.00339     72.11760



                            Event listing (standard)

    I  particle/jet  K(I,1)   K(I,2) K(I,3)     K(I,4)      K(I,5)       P(I,1)       P(I,2)       P(I,3)       P(I,4)       P(I,5)

    1  !e-!              21        11    0           3           4      0.00000      0.00000    -10.00000     10.00000      0.00051
    2  !p+!              21      2212    0           5           0     -0.00000      0.00000    130.00000    130.00339      0.93827
 ==================================================================================================================================
    3  !e-!              21        11    1           0           0     -0.99864     10.29462     -4.02200     11.09743      0.00051
    4  !gamma!           21        22    1           0           0      0.99864    -10.29462     -5.97800     -1.09743    -11.89574
    5  !p+!              21      2212    2           0           0     -0.00000      0.00000    130.00000    130.00339      0.93827
    6  !gamma!           21        22    4           0           0      0.99933    -10.30176     -5.96204     -1.07809    -11.89574
    7  !u!               21         2    5           0           0     -0.00008      0.00080     14.48540     14.48540      0.00000
    8  !gamma!           21        22    6           0           0      0.99933    -10.30176     -5.96204     -1.07809    -11.89574
    9  !u!               21         2    7           0           0     -0.00008      0.00080     14.48540     14.48540      0.00000
   10  !u!               21         2    9           0           0      0.99925    -10.30096      8.52336     13.40731      0.00000
 ==================================================================================================================================
   11  e-                 1        11    3           0           0     -0.99864     10.29462     -4.02200     11.09743      0.00051
   12  (ud_0)        A   12      2101    5          16          16      0.00047     -0.02021    111.98155    111.98305      0.57933
   13  (g)           I   12        21   10          16          16     -0.40670      0.47028      1.27552      1.41898      0.00000
   14  (g)           I   12        21   10          16          16     -0.42592     -0.23477      0.54404      0.72973      0.00000
   15  (u)           V   11         2   10          16          16      1.83078    -10.50992     10.22090     14.77420      0.00000
 ==================================================================================================================================
   16  (string)          11        92   12          17          27      0.99864    -10.29462    124.02200    128.90596     33.59035
   17  n0                 1      2112   16           0           0      0.04781     -0.00529     83.39019     83.39549      0.93957
   18  (omega)           11       223   16          28          30      0.40297      0.23370      9.27226      9.31665      0.77978
   19  (eta)             11       221   16          31          33     -0.86181     -0.09967      8.75006      8.80998      0.54745
   20  (rho+)            11       213   16          34          35     -0.03904      0.11736      2.36296      2.43357      0.56870
   21  (pi0)             11       111   16          36          37      0.28840      0.33413      0.95615      1.06172      0.13498
   22  (K*-)             11      -323   16          38          39     -0.19425     -1.42197      8.59655      8.77307      1.00314
   23  K+                 1       321   16           0           0      0.16194     -0.42478      0.61709      0.91165      0.49360
   24  (pi0)             11       111   16          40          41     -0.13377     -0.21179      0.58799      0.65323      0.13498
   25  pi-                1      -211   16           0           0      0.62120     -0.99912      1.38280      1.82092      0.13957
   26  (omega)           11       223   16          42          44      0.05432     -0.19380      0.83436      1.14790      0.76224
   27  (rho+)            11       213   16          45          46      0.65088     -7.62340      7.27160     10.58178      0.74697
   28  pi-                1      -211   18           0           0      0.00754      0.21358      1.21052      1.23714      0.13957
   29  pi+                1       211   18           0           0      0.33998     -0.05423      5.48334      5.49591      0.13957
   30  (pi0)             11       111   18          47          48      0.05546      0.07435      2.57840      2.58360      0.13498
   31  pi-                1      -211   19           0           0     -0.25605     -0.13294      3.38175      3.39691      0.13957
   32  pi+                1       211   19           0           0     -0.30076     -0.08169      2.53495      2.55784      0.13957
   33  (pi0)             11       111   19          49          50     -0.30501      0.11496      2.83335      2.85523      0.13498
   34  pi+                1       211   20           0           0      0.00406     -0.08927      1.89960      1.90681      0.13957
   35  (pi0)             11       111   20          51          52     -0.04310      0.20664      0.46336      0.52676      0.13498
   36  gamma              1        22   21           0           0      0.00239      0.02314      0.00961      0.02517      0.00000
   37  gamma              1        22   21           0           0      0.28601      0.31099      0.94654      1.03656      0.00000
   38  (Kbar0)           11      -311   22          53          53     -0.24162     -1.11053      4.68938      4.85073      0.49767
   39  pi-                1      -211   22           0           0      0.04737     -0.31144      3.90717      3.92234      0.13957
   40  gamma              1        22   24           0           0     -0.10391     -0.21286      0.57250      0.61957      0.00000
   41  gamma              1        22   24           0           0     -0.02986      0.00107      0.01549      0.03366      0.00000
   42  pi-                1      -211   26           0           0      0.17890      0.06163      0.11986      0.26391      0.13957
   43  pi+                1       211   26           0           0      0.01070     -0.28709      0.37022      0.48896      0.13957
   44  (pi0)             11       111   26          54          55     -0.13527      0.03167      0.34428      0.39503      0.13498
   45  pi+                1       211   27           0           0      0.77927     -6.56224      6.21957      9.07594      0.13957
   46  (pi0)             11       111   27          56          57     -0.12838     -1.06116      1.05203      1.50583      0.13498
   47  gamma              1        22   30           0           0      0.03915      0.11133      2.16868      2.17189      0.00000
   48  gamma              1        22   30           0           0      0.01631     -0.03697      0.40972      0.41171      0.00000
   49  gamma              1        22   33           0           0     -0.15184      0.09697      1.06145      1.07664      0.00000
   50  gamma              1        22   33           0           0     -0.15316      0.01799      1.77190      1.77860      0.00000
   51  gamma              1        22   35           0           0     -0.06446      0.06224      0.27008      0.28456      0.00000
   52  gamma              1        22   35           0           0      0.02136      0.14439      0.19327      0.24220      0.00000
   53  (K_S0)            11       310   38          58          59     -0.24162     -1.11053      4.68938      4.85073      0.49767
   54  gamma              1        22   44           0           0     -0.11569     -0.00389      0.11859      0.16572      0.00000
   55  gamma              1        22   44           0           0     -0.01958      0.03556      0.22569      0.22931      0.00000
   56  gamma              1        22   46           0           0     -0.13941     -0.64888      0.61297      0.90345      0.00000
   57  gamma              1        22   46           0           0      0.01103     -0.41228      0.43906      0.60239      0.00000
   58  pi+                1       211   53           0           0     -0.03292     -0.06753      0.83143      0.84641      0.13957
   59  pi-                1      -211   53           0           0     -0.20870     -1.04299      3.85795      4.00433      0.13957
 ==================================================================================================================================
                   sum charge:  0.00   sum momentum and inv. mass:     -0.00000     -0.00000    120.00000    140.00339     72.11760

 Advisory warning: maximum violated by  1.347D+00 in event     895
 XSEC(96,1) increased to  1.560D-02

 Advisory warning: maximum violated by  1.528D+00 in event    1092
 XSEC(96,1) increased to  2.385D-02

 Advisory warning: maximum violated by  1.172D+00 in event    3029
 XSEC(96,1) increased to  2.794D-02
1********* PYSTAT:  Statistics on Number of Events and Cross-sections *********

 ==============================================================================
 I                                  I                            I            I
 I            Subprocess            I      Number of points      I    Sigma   I
 I                                  I                            I            I
 I----------------------------------I----------------------------I    (mb)    I
 I                                  I                            I            I
 I N:o Type                         I    Generated         Tried I            I
 I                                  I                            I            I
 ==============================================================================
 I                                  I                            I            I
 I   0 All included subprocesses    I       500000   -1980003161 I  1.515D-06 I
 I  11 f + f' -> f + f' (QCD)       I          227             0 I  4.562D-09 I
 I  12 f + fbar -> f' + fbar'       I            9             0 I  7.086D-10 I
 I  13 f + fbar -> g + g            I            4             0 I  1.498D-11 I
 I  28 f + g -> f + g               I          685             0 I  5.266D-09 I
 I  53 g + g -> f + fbar            I           10             0 I  3.746D-11 I
 I  68 g + g -> g + g               I          381             0 I  1.427D-09 I
 I  91 Elastic scattering           I         1300     173752747 I  4.196D-09 I
 I  92 Single diffractive (XB)      I          602     133635649 I  1.804D-09 I
 I  93 Single diffractive (AX)      I          437     108672442 I  1.300D-09 I
 I  94 Double  diffractive          I          445     155428036 I  9.511D-10 I
 I  95 Low-pT scattering            I         2613       1382550 I  9.441D-10 I
 I  99 q + gamma* -> q              I       492562     657356615 I  1.491D-06 I
 I 131 f + gamma*_T -> f + g        I          488      63626584 I  1.501D-09 I
 I 132 f + gamma*_L -> f + g        I           37       3063398 I  1.310D-10 I
 I 135 g + gamma*_T -> f + fbar     I          133     180342886 I  3.756D-10 I
 I 136 g + gamma*_L -> f + fbar     I           67      29198373 I  1.882D-10 I
 I                                  I                            I            I
 ==============================================================================
 I                                  I                            I            I
 I   1 VMD * hadron                 I         1594    1091733992 I  5.723D-09 I
 I   2 direct * hadron              I          725     276231241 I  2.196D-09 I
 I   3 anomalous * hadron           I         5119     289642287 I  1.549D-08 I
 I   4 DIS * hadron                 I       492562     657356615 I  1.491D-06 I
 I                                  I                            I            I
 ==============================================================================

 ********* Total number of errors, excluding junctions =        0 *************
 ********* Total number of errors, including junctions =        0 *************
 ********* Total number of warnings =                           0 *************
 ********* Fraction of events that fail fragmentation cuts =  0.00055 *********

1************ PYSTAT: User-Defined Limits on Kinematical Variables ************

 ==============================================================================
 I                                                                            I
 I                 0.000D+00 <  m_hard (GeV/c^2)  <  4.672D+01                I
 I    0.000D+00 ( 1.000D+00) <  p_T_hard (GeV/c)  <  2.336D+01                I
 I                             m_finite (GeV/c^2) =  1.000D+00                I
 I                -1.000D+01 <    y*_subsystem    <  1.000D+01                I
 I                -4.000D+01 <      y*_large      <  4.000D+01                I
 I                -4.000D+01 <      y*_small      <  4.000D+01                I
 I                -4.000D+01 <     eta*_large     <  4.000D+01                I
 I                -4.000D+01 <     eta*_small     <  4.000D+01                I
 I                -1.000D+00 < cos(theta*)_large  <  1.000D+00                I
 I                -1.000D+00 < cos(theta*)_small  <  1.000D+00                I
 I                 0.000D+00 <        x_1         <  1.000D+00                I
 I                 0.000D+00 <        x_2         <  1.000D+00                I
 I                -1.000D+00 <        x_F         <  1.000D+00                I
 I                -1.000D+00 <  cos(theta_hard)   <  1.000D+00                I
 I                 2.000D+00 < m'_hard (GeV/c^2)  <  4.672D+01                I
 I                                                                            I
 ==============================================================================
 The charm mass used is:    1.5000000000000000     
 ===================================================
 Pythia total cross section normalisation:   1.5146554975055549E-003  microbarn
 Total Number of generated events      500000
 Total Number of trials      500000
 ===================================================

 ===== PDFSTA statistics for PDF under/over-flows ====

 ====== STRUCTM statistics for nucleon/pion PDFs =====

   total # of calls    625776808.00000000     
   X  below PDF min    0.0000000000000000       or    0.0000000000000000       %
   X  above PDF max    0.0000000000000000       or    0.0000000000000000       %
   Q2 below PDF min    0.0000000000000000       or    0.0000000000000000       %
   Q2 above PDF max    0.0000000000000000       or    0.0000000000000000       %

 ========= STRUCTP statistics for photon PDFs ========

   total # of calls    0.0000000000000000     

