1                                                                              
 ******************************************************************************
 ******************************************************************************
 **                                                                          **
 **                                                                          **
 **              *......*                  Welcome to the Lund Monte Carlo!  **
 **         *:::!!:::::::::::*                                               **
 **      *::::::!!::::::::::::::*          PPP  Y   Y TTTTT H   H III   A    **
 **    *::::::::!!::::::::::::::::*        P  P  Y Y    T   H   H  I   A A   **
 **   *:::::::::!!:::::::::::::::::*       PPP    Y     T   HHHHH  I  AAAAA  **
 **   *:::::::::!!:::::::::::::::::*       P      Y     T   H   H  I  A   A  **
 **    *::::::::!!::::::::::::::::*!       P      Y     T   H   H III A   A  **
 **      *::::::!!::::::::::::::* !!                                         **
 **      !! *:::!!:::::::::::*    !!       This is PYTHIA version 6.428      **
 **      !!     !* -><- *         !!       Last date of change:  5 Sep 2013  **
 **      !!     !!                !!                                         **
 **      !!     !!                !!       Now is  0 Jan 2000 at  0:00:00    **
 **      !!                       !!                                         **
 **      !!        lh             !!       Disclaimer: this program comes    **
 **      !!                       !!       without any guarantees. Beware    **
 **      !!                 hh    !!       of errors and use common sense    **
 **      !!    ll                 !!       when interpreting results.        **
 **      !!                       !!                                         **
 **      !!                                Copyright T. Sjostrand (2011)     **
 **                                                                          **
 ** An archive of program versions and documentation is found on the web:    **
 ** http://www.thep.lu.se/~torbjorn/Pythia.html                              **
 **                                                                          **
 ** When you cite this program, the official reference is to the 6.4 manual: **
 ** T. Sjostrand, S. Mrenna and P. Skands, JHEP05 (2006) 026                 **
 ** (LU TP 06-13, FERMILAB-PUB-06-052-CD-T) [hep-ph/0603175].                **
 **                                                                          **
 ** Also remember that the program, to a large extent, represents original   **
 ** physics research. Other publications of special relevance to your        **
 ** studies may therefore deserve separate mention.                          **
 **                                                                          **
 ** Main author: Torbjorn Sjostrand; Department of Theoretical Physics,      **
 **   Lund University, Solvegatan 14A, S-223 62 Lund, Sweden;                **
 **   phone: + 46 - 46 - 222 48 16; e-mail: torbjorn@thep.lu.se              **
 ** Author: Stephen Mrenna; Computing Division, GDS Group,                   **
 **   Fermi National Accelerator Laboratory, MS 234, Batavia, IL 60510, USA; **
 **   phone: + 1 - 630 - 840 - 2556; e-mail: mrenna@fnal.gov                 **
 ** Author: Peter Skands; CERN/PH-TH, CH-1211 Geneva, Switzerland            **
 **   phone: + 41 - 22 - 767 24 47; e-mail: peter.skands@cern.ch             **
 **                                                                          **
 **                                                                          **
 ******************************************************************************
 ******************************************************************************
     MSEL           changed from              1 to              2
     MSTP(14)       changed from             30 to             30
     MSTP(15)       changed from              0 to              0
     MSTP(16)       changed from              1 to              1
     MSTP(17)       changed from              4 to              4
     MSTP(18)       changed from              3 to              3
     MSTP(19)       changed from              4 to              1
     MSTP(20)       changed from              3 to              0
     MSTP(32)       changed from              8 to              8
     MSTP(38)       changed from              5 to              4
     MSTP(51)       changed from              7 to          10050
     MSTP(52)       changed from              1 to              2
     MSTP(53)       changed from              3 to              3
     MSTP(54)       changed from              1 to              1
     MSTP(55)       changed from              5 to              5
     MSTP(56)       changed from              1 to              1
     MSTP(57)       changed from              1 to              1
     MSTP(58)       changed from              5 to              5
     MSTP(59)       changed from              1 to              1
     MSTP(60)       changed from              7 to              7
     MSTP(61)       changed from              2 to              2
     MSTP(71)       changed from              1 to              1
     MSTP(81)       changed from              1 to              0
     MSTP(82)       changed from              4 to              1
     MSTP(91)       changed from              1 to              1
     MSTP(92)       changed from              3 to              3
     MSTP(93)       changed from              1 to              1
     MSTP(101)      changed from              3 to              3
     MSTP(102)      changed from              1 to              1
     MSTP(111)      changed from              1 to              1
     MSTP(121)      changed from              0 to              0
     PARP(13)       changed from        1.00000 to        1.00000
     PARP(18)       changed from        0.40000 to        0.40000
     PARP(81)       changed from        1.90000 to        1.90000
     PARP(89)       changed from     1800.00000 to     1800.00000
     PARP(90)       changed from        0.25000 to        0.16000
     PARP(91)       changed from        2.00000 to        0.40000
     PARP(93)       changed from        5.00000 to        5.00000
     PARP(99)       changed from        1.00000 to        0.40000
     PARP(100)      changed from        5.00000 to        5.00000
     PARP(102)      changed from        0.28000 to        0.28000
     PARP(103)      changed from        1.00000 to        1.00000
     PARP(104)      changed from        0.80000 to        0.80000
     PARP(111)      changed from        2.00000 to        2.00000
     PARP(161)      changed from        2.20000 to        3.00000
     PARP(162)      changed from       23.60000 to       24.60000
     PARP(163)      changed from       18.40000 to       18.80000
     PARP(164)      changed from       11.50000 to       11.50000
     PARP(165)      changed from        0.50000 to        0.47679
     PARP(166)      changed from        0.00000 to        0.67597
     PARJ(1)        changed from        0.10000 to        0.10000
     PARJ(2)        changed from        0.30000 to        0.30000
     PARJ(11)       changed from        0.50000 to        0.50000
     PARJ(12)       changed from        0.60000 to        0.60000
     PARJ(21)       changed from        0.36000 to        0.40000
     PARJ(32)       changed from        1.00000 to        1.00000
     PARJ(33)       changed from        0.80000 to        0.80000
     PARJ(41)       changed from        0.30000 to        0.30000
     PARJ(42)       changed from        0.58000 to        0.58000
     PARJ(45)       changed from        0.50000 to        0.50000
     MSTJ(1)        changed from              1 to              1
     MSTJ(12)       changed from              2 to              1
     MSTJ(45)       changed from              5 to              5
     MSTU(112)      changed from              5 to              5
     MSTU(113)      changed from              3 to              5
     MSTU(114)      changed from              5 to              5
     CKIN(1)        changed from        2.00000 to        1.00000
     CKIN(2)        changed from       -1.00000 to       -1.00000
     CKIN(3)        changed from        0.00000 to        0.00000
     CKIN(4)        changed from       -1.00000 to       -1.00000
     CKIN(5)        changed from        1.00000 to        1.00000
     CKIN(6)        changed from        1.00000 to        1.00000
     CKIN(7)        changed from      -10.00000 to      -10.00000
     CKIN(8)        changed from       10.00000 to       10.00000
     CKIN(9)        changed from      -40.00000 to      -40.00000
     CKIN(10)       changed from       40.00000 to       40.00000
     CKIN(11)       changed from      -40.00000 to      -40.00000
     CKIN(12)       changed from       40.00000 to       40.00000
     CKIN(13)       changed from      -40.00000 to      -40.00000
     CKIN(14)       changed from       40.00000 to       40.00000
     CKIN(15)       changed from      -40.00000 to      -40.00000
     CKIN(16)       changed from       40.00000 to       40.00000
     CKIN(17)       changed from       -1.00000 to       -1.00000
     CKIN(18)       changed from        1.00000 to        1.00000
     CKIN(19)       changed from       -1.00000 to       -1.00000
     CKIN(20)       changed from        1.00000 to        1.00000
     CKIN(21)       changed from        0.00000 to        0.00000
     CKIN(22)       changed from        1.00000 to        1.00000
     CKIN(23)       changed from        0.00000 to        0.00000
     CKIN(24)       changed from        1.00000 to        1.00000
     CKIN(25)       changed from       -1.00000 to       -1.00000
     CKIN(26)       changed from        1.00000 to        1.00000
     CKIN(27)       changed from       -1.00000 to       -1.00000
     CKIN(28)       changed from        1.00000 to        1.00000
     CKIN(31)       changed from        2.00000 to        2.00000
     CKIN(32)       changed from       -1.00000 to       -1.00000
     CKIN(35)       changed from        0.00000 to        0.00000
     CKIN(36)       changed from       -1.00000 to       -1.00000
     CKIN(37)       changed from        0.00000 to        0.00000
     CKIN(38)       changed from       -1.00000 to       -1.00000
     CKIN(39)       changed from        4.00000 to        4.00000
     CKIN(40)       changed from       -1.00000 to       -1.00000
     CKIN(65)       changed from        0.00000 to        0.00000
     CKIN(66)       changed from       -1.00000 to       -1.00000
     CKIN(67)       changed from        0.00000 to        0.00000
     CKIN(68)       changed from       -1.00000 to       -1.00000
     CKIN(77)       changed from        2.00000 to        2.00000
     CKIN(78)       changed from       -1.00000 to       -1.00000
 *********************************************
 NOW all parameters are read by PYTHIA
 *********************************************
 SEED =   1137092787
 RANLUX LUXURY LEVEL SET BY RLUXGO : 4     P= 389
 RANLUX INITIALIZED BY RLUXGO FROM SEEDS  1137092787           0           0
   2771.0935550343875        10.000000000000000       -2771.0935550343875       -10.0000000    
 *********************************************
 proton beam momentum:   130.000000     GeV
 lepton beam momentum:   10.0000000     GeV
 resulting sqrt(s):   72.117599099066553      GeV
 *********************************************
1****************** PYINIT: initialization of PYTHIA routines *****************
 ==== PYTHIA WILL USE LHAPDF ====
 *************************************
 *       LHAPDF Version 5.9.1        *
 *   Configured for the following:   *
 *             All PDFs              *
 *         FULL MEMORY option        *
 *    Maximum  3 concurrent set(s)   *
 *************************************

 >>>>>> PDF description: <<<<<<
 CTEQ6M                                                          
 Reference:                                                      
 J. Pumplin, D.R. Stump, J. Huston, H.L. Lai, P. Nadolsky,       
 W.K. Tung                                                       
 hep-ph/0201195                                                  
 This set has 41 member PDFs.                                    
     mem=0 --> central value (cteq6m)                            
     mem=1-40 --> 20 sets of +ve/-ve error values                
 >>>>>>                   <<<<<<

 ==============================================
 PDFset name /cvmfs/sft.cern.ch/lcg/external/lhapdfsets/5.9.1/share/PDFsets/cteq6mE.LHgrid   
 with         40 members
 ====  initialized. ===========================
 Strong coupling at Mz for PDF is:  0.11798

 ==============================================================================
 I                                                                            I
 I      PYTHIA will be initialized for gamma/e- on p+ user configuration      I
 I                                                                            I
 I                  px (GeV/c)   py (GeV/c)   pz (GeV/c)      E (GeV)         I
 I        gamma/e-       0.000        0.000      -10.000       10.000         I
 I        p+             0.000        0.000      130.000      130.003         I
 I                                                                            I
 I           corresponding to     72.118 GeV center-of-mass energy            I
 I                                                                            I
 ==============================================================================

 ******** PYMAXI: summary of differential cross-section maximum search ********

           ==========================================================
           I                                      I                 I
           I  ISUB  Subprocess name               I  Maximum value  I
           I                                      I                 I
           ==========================================================
           I                                      I                 I
           I   91   Elastic scattering            I    4.1710D-04   I
           I   92   Single diffractive (XB)       I    3.1940D-04   I
           I   93   Single diffractive (AX)       I    2.6141D-04   I
           I   94   Double  diffractive           I    2.4494D-04   I
           I   95   Low-pT scattering             I    1.9207D-03   I
           I   96   Semihard QCD 2 -> 2           I    1.7479D-02   I
           I                                      I                 I
           ==========================================================

 ******** PYMAXI: summary of differential cross-section maximum search ********

           ==========================================================
           I                                      I                 I
           I  ISUB  Subprocess name               I  Maximum value  I
           I                                      I                 I
           ==========================================================
           I                                      I                 I
           I  131   f + gamma*_T -> f + g         I    1.9221D-04   I
           I  132   f + gamma*_L -> f + g         I    9.2718D-06   I
           I  135   g + gamma*_T -> f + fbar      I    5.4466D-04   I
           I  136   g + gamma*_L -> f + fbar      I    8.8198D-05   I
           I                                      I                 I
           ==========================================================

 ******** PYMAXI: summary of differential cross-section maximum search ********

           ==========================================================
           I                                      I                 I
           I  ISUB  Subprocess name               I  Maximum value  I
           I                                      I                 I
           ==========================================================
           I                                      I                 I
           I   91   Elastic scattering            I    1.0588D-04   I
           I   92   Single diffractive (XB)       I    8.2750D-05   I
           I   93   Single diffractive (AX)       I    6.5818D-05   I
           I   94   Double  diffractive           I    6.3002D-05   I
           I   95   Low-pT scattering             I    5.2345D-04   I
           I   96   Semihard QCD 2 -> 2           I    1.1588D-02   I
           I                                      I                 I
           ==========================================================

 ******** PYMAXI: summary of differential cross-section maximum search ********

           ==========================================================
           I                                      I                 I
           I  ISUB  Subprocess name               I  Maximum value  I
           I                                      I                 I
           ==========================================================
           I                                      I                 I
           I   99   q + gamma* -> q               I    1.9857D-03   I
           I                                      I                 I
           ==========================================================

 ********************** PYINIT: initialization completed **********************
 the outputfile will be named: outfiles/ep_10x130_Q2_1_10_norad.out                                                                                                                                                                                                                            



                            Event listing (standard)

    I  particle/jet  K(I,1)   K(I,2) K(I,3)     K(I,4)      K(I,5)       P(I,1)       P(I,2)       P(I,3)       P(I,4)       P(I,5)

    1  !e-!              21        11    0           3           4      0.00000      0.00000    -10.00000     10.00000      0.00051
    2  !p+!              21      2212    0           5           0     -0.00000      0.00000    130.00000    130.00339      0.93827
 ==================================================================================================================================
    3  !e-!              21        11    1           0           0     -0.42703     -1.03227     -7.80772      7.88723      0.00051
    4  !gamma!           21        22    1           0           0      0.42703      1.03227     -2.19228      2.11277     -1.26105
    5  !p+!              21      2212    2           0           0     -0.00000      0.00000    130.00000    130.00339      0.93827
    6  !gamma!           21        22    4           0           0      0.42737      1.03308     -2.19372      2.11472     -1.26105
    7  !u!               21         2    5           0           0     -0.00000     -0.00000      0.18455      0.18455      0.00000
    8  !gamma!           21        22    6           0           0      0.42737      1.03308     -2.19372      2.11472     -1.26105
    9  !u!               21         2    7           0           0     -0.00000     -0.00000      0.18455      0.18455      0.00000
   10  !u!               21         2    9           0           0      0.42737      1.03308     -2.00917      2.29927      0.00000
 ==================================================================================================================================
   11  e-                 1        11    3           0           0     -0.42703     -1.03227     -7.80772      7.88723      0.00051
   12  (u)           A   12         2   10          14          14     -0.18932      0.63878     -2.10099      2.20410      0.00000
   13  (ud_0)        V   11      2101    5          14          14      0.61635      0.39349    129.90871    129.91206      0.57933
 ==================================================================================================================================
   14  (string)          11        92   12          15          24      0.42703      1.03227    127.80772    132.11616     33.44574
   15  (pi0)             11       111   14          25          26     -0.30326      0.28217     -0.63475      0.76987      0.13498
   16  (eta')            11       331   14          27          29      0.00697      0.19101     -0.15121      0.98806      0.95753
   17  (pi0)             11       111   14          30          31      0.16910      0.28868     -0.03970      0.36294      0.13498
   18  (pi0)             11       111   14          32          33     -0.07264     -0.24308     -0.32145      0.43118      0.13498
   19  (eta)             11       221   14          34          36     -0.05508     -0.04164      0.29140      0.62401      0.54745
   20  (eta)             11       221   14          37          39      0.05595      0.48165      2.12582      2.24810      0.54745
   21  pi+                1       211   14           0           0      0.14576     -0.14956      0.88874      0.92355      0.13957
   22  (eta)             11       221   14          40          42     -0.38306     -0.60250      7.87621      7.92743      0.54745
   23  (rho0)            11       113   14          43          44      0.62212      0.95917     15.22881     15.29248      0.79773
   24  n0                 1      2112   14           0           0      0.24118     -0.13364    102.54386    102.54854      0.93957
   25  gamma              1        22   15           0           0     -0.02585     -0.00721     -0.08742      0.09145      0.00000
   26  gamma              1        22   15           0           0     -0.27741      0.28938     -0.54732      0.67843      0.00000
   27  pi+                1       211   16           0           0     -0.05173      0.18202      0.05446      0.24136      0.13957
   28  pi-                1      -211   16           0           0      0.00552      0.07933     -0.01969      0.16184      0.13957
   29  (eta)             11       221   16          45          46      0.05318     -0.07035     -0.18598      0.58487      0.54745
   30  gamma              1        22   17           0           0      0.15612      0.19692      0.02097      0.25217      0.00000
   31  gamma              1        22   17           0           0      0.01298      0.09176     -0.06068      0.11077      0.00000
   32  gamma              1        22   18           0           0      0.02169     -0.05740     -0.14774      0.15998      0.00000
   33  gamma              1        22   18           0           0     -0.09433     -0.18568     -0.17371      0.27120      0.00000
   34  pi+                1       211   19           0           0     -0.04560      0.05632      0.20029      0.25465      0.13957
   35  pi-                1      -211   19           0           0     -0.08421     -0.08590      0.10818      0.21367      0.13957
   36  (pi0)             11       111   19          47          48      0.07473     -0.01205     -0.01706      0.15569      0.13498
   37  (pi0)             11       111   20          49          50     -0.06584      0.00689      0.26972      0.30879      0.13498
   38  (pi0)             11       111   20          51          52      0.05572      0.28151      1.05508      1.10171      0.13498
   39  (pi0)             11       111   20          53          54      0.06607      0.19325      0.80102      0.83759      0.13498
   40  (pi0)             11       111   22          55          56     -0.16393     -0.18185      3.44540      3.45673      0.13498
   41  (pi0)             11       111   22          57          58      0.02338     -0.11594      1.10996      1.12437      0.13498
   42  (pi0)             11       111   22          59          60     -0.24250     -0.30471      3.32085      3.34633      0.13498
   43  pi+                1       211   23           0           0      0.36012      0.90184      8.41951      8.47647      0.13957
   44  pi-                1      -211   23           0           0      0.26200      0.05733      6.80930      6.81600      0.13957
   45  gamma              1        22   29           0           0     -0.14173     -0.22295     -0.20813      0.33633      0.00000
   46  gamma              1        22   29           0           0      0.19491      0.15261      0.02215      0.24854      0.00000
   47  gamma              1        22   36           0           0      0.01635     -0.06975      0.00099      0.07165      0.00000
   48  gamma              1        22   36           0           0      0.05838      0.05770     -0.01805      0.08405      0.00000
   49  gamma              1        22   37           0           0     -0.03206     -0.05109      0.21157      0.22000      0.00000
   50  gamma              1        22   37           0           0     -0.03379      0.05798      0.05815      0.08880      0.00000
   51  gamma              1        22   38           0           0      0.03377      0.26440      1.03104      1.06494      0.00000
   52  gamma              1        22   38           0           0      0.02195      0.01711      0.02405      0.03678      0.00000
   53  gamma              1        22   39           0           0      0.05652      0.06149      0.52485      0.53145      0.00000
   54  gamma              1        22   39           0           0      0.00955      0.13176      0.27617      0.30614      0.00000
   55  gamma              1        22   40           0           0      0.00198      0.00662      0.65842      0.65846      0.00000
   56  gamma              1        22   40           0           0     -0.16591     -0.18847      2.78698      2.79827      0.00000
   57  gamma              1        22   41           0           0      0.05463     -0.00935      0.59480      0.59738      0.00000
   58  gamma              1        22   41           0           0     -0.03125     -0.10659      0.51515      0.52699      0.00000
   59  gamma              1        22   42           0           0     -0.14296     -0.09743      1.78458      1.79294      0.00000
   60  gamma              1        22   42           0           0     -0.09954     -0.20728      1.53627      1.55338      0.00000
 ==================================================================================================================================
                   sum charge:  0.00   sum momentum and inv. mass:     -0.00000     -0.00000    120.00000    140.00339     72.11760



                            Event listing (standard)

    I  particle/jet  K(I,1)   K(I,2) K(I,3)     K(I,4)      K(I,5)       P(I,1)       P(I,2)       P(I,3)       P(I,4)       P(I,5)

    1  !e-!              21        11    0           3           4      0.00000      0.00000    -10.00000     10.00000      0.00051
    2  !p+!              21      2212    0           5           0     -0.00000      0.00000    130.00000    130.00339      0.93827
 ==================================================================================================================================
    3  !e-!              21        11    1           0           0     -1.01806     -0.24492     -9.64945      9.70609      0.00051
    4  !gamma!           21        22    1           0           0      1.01806      0.24492     -0.35055      0.29391     -1.06440
    5  !p+!              21      2212    2           0           0     -0.00000     -0.00000    130.00000    130.00339      0.93827
    6  !g!               21        21    4           0           0      0.00000      0.00000      0.00000      0.00000      0.00000
    7  !g!               21        21    5           0           0      0.00000      0.00000      0.00000      0.00000      0.00000
    8  !g!               21        21    6           0           0      0.00000      0.00000      0.00000      0.00000      0.00000
    9  !g!               21        21    7           0           0      0.00000      0.00000      0.00000      0.00000      0.00000
   10  !g!               21        21    0           0           0      0.00000      0.00000      0.00000      0.00000      0.00000
   11  !g!               21        21    0           0           0      0.00000      0.00000      0.00000      0.00000      0.00000
 ==================================================================================================================================
   12  e-                 1        11    3           0           0     -1.01806     -0.24492     -9.64945      9.70609      0.00051
   13  (ubar)        A   12        -2    4          17          17      0.63169     -0.07687      0.58019      0.92220      0.33000
   14  (u)           V   11         2    5          17          17     -0.16697      0.07442      5.20350      5.21716      0.33000
   15  (u)           A   12         2    4          21          21      0.36769      0.31729      0.44776      0.73842      0.33000
   16  (ud_0)        V   11      2101    5          21          21      0.18565     -0.06993    123.41800    123.41952      0.57933
 ==================================================================================================================================
   17  (string)          11        92   13          18          20      0.46472     -0.00244      5.78369      6.13936      2.00616
   18  (pi0)             11       111   17          27          28     -0.11702      0.22194      0.22387      0.36234      0.13498
   19  (rho0)            11       113   17          29          30      0.15752     -0.26273      3.32681      3.43207      0.78587
   20  (rho0)            11       113   17          31          32      0.42422      0.03835      2.23301      2.34495      0.57535
   21  (string)          11        92   15          22          26      0.55334      0.24736    123.86576    124.15793      8.49115
   22  (omega)           11       223   21          33          35     -0.16416      0.45612      3.91366      4.01904      0.77518
   23  (rho+)            11       213   21          36          37      0.27619     -0.35437      3.53231      3.66151      0.85299
   24  (omega)           11       223   21          38          40      0.33430     -0.42978     15.60737     15.63642      0.78164
   25  pi-                1      -211   21           0           0      0.03516      0.89494     18.18043     18.20301      0.13957
   26  p+                 1      2212   21           0           0      0.07185     -0.31955     82.63198     82.63795      0.93827
   27  gamma              1        22   18           0           0     -0.01846      0.15283      0.07604      0.17169      0.00000
   28  gamma              1        22   18           0           0     -0.09856      0.06912      0.14784      0.19065      0.00000
   29  pi+                1       211   19           0           0      0.27057      0.17566      1.77841      1.81281      0.13957
   30  pi-                1      -211   19           0           0     -0.11305     -0.43839      1.54840      1.61926      0.13957
   31  pi-                1      -211   20           0           0      0.40664      0.21359      1.70069      1.76715      0.13957
   32  pi+                1       211   20           0           0      0.01758     -0.17524      0.53232      0.57780      0.13957
   33  pi+                1       211   22           0           0     -0.30292      0.38483      2.41023      2.46344      0.13957
   34  pi-                1      -211   22           0           0      0.09724     -0.06232      0.46351      0.49766      0.13957
   35  (pi0)             11       111   22          41          42      0.04152      0.13361      1.03992      1.05794      0.13498
   36  pi+                1       211   23           0           0     -0.00724     -0.18695      0.19180      0.30211      0.13957
   37  (pi0)             11       111   23          43          44      0.28343     -0.16742      3.34051      3.35941      0.13498
   38  pi-                1      -211   24           0           0      0.03991     -0.16275      1.49892      1.51470      0.13957
   39  pi+                1       211   24           0           0      0.25577      0.01300      7.86947      7.87488      0.13957
   40  (pi0)             11       111   24          45          46      0.03862     -0.28003      6.23898      6.24684      0.13498
   41  gamma              1        22   35           0           0      0.02750      0.01574      0.04016      0.05115      0.00000
   42  gamma              1        22   35           0           0      0.01402      0.11788      0.99977      1.00679      0.00000
   43  gamma              1        22   37           0           0      0.21340     -0.16912      2.96011      2.97261      0.00000
   44  gamma              1        22   37           0           0      0.07003      0.00170      0.38040      0.38680      0.00000
   45  gamma              1        22   40           0           0     -0.03081     -0.21657      4.20733      4.21301      0.00000
   46  gamma              1        22   40           0           0      0.06943     -0.06346      2.03165      2.03383      0.00000
 ==================================================================================================================================
                   sum charge:  0.00   sum momentum and inv. mass:      0.00000      0.00000    120.00000    140.00339     72.11760



                            Event listing (standard)

    I  particle/jet  K(I,1)   K(I,2) K(I,3)     K(I,4)      K(I,5)       P(I,1)       P(I,2)       P(I,3)       P(I,4)       P(I,5)

    1  !e-!              21        11    0           3           4      0.00000      0.00000    -10.00000     10.00000      0.00051
    2  !p+!              21      2212    0           5           0     -0.00000      0.00000    130.00000    130.00339      0.93827
 ==================================================================================================================================
    3  !e-!              21        11    1           0           0     -1.38732     -1.49589     -9.75125      9.96239      0.00051
    4  !gamma!           21        22    1           0           0      1.38732      1.49589     -0.24875      0.03761     -2.05494
    5  !p+!              21      2212    2           0           0     -0.00000     -0.00000    130.00000    130.00339      0.93827
    6  !gamma!           21        22    4           0           0      1.40369      1.51354     -0.07867      0.21106     -2.05494
    7  !dbar!            21        -1    5           0           0     -0.00092     -0.00099      7.27769      7.27769      0.00000
    8  !gamma!           21        22    6           0           0      1.40369      1.51354     -0.07867      0.21106     -2.05494
    9  !dbar!            21        -1    7           0           0     -0.00092     -0.00099      7.27769      7.27769      0.00000
   10  !dbar!            21        -1    9           0           0      1.40277      1.51255      7.19902      7.48876      0.00000
 ==================================================================================================================================
   11  n0                 1      2112    5           0           0     -0.22893     -0.09049     43.71615     43.72694      0.93957
   12  e-                 1        11    3           0           0     -1.38732     -1.49589     -9.75125      9.96239      0.00051
   13  (dbar)        A   12        -1   10          15          15      1.59062      1.58824      8.94043      9.21867      0.00000
   14  (u)           V   11         2    5          15          15      0.02563     -0.00186     77.09467     77.09538      0.33000
 ==================================================================================================================================
   15  (string)          11        92   13          16          20      1.61625      1.58638     86.03510     86.31405      6.55345
   16  (rho0)            11       113   15          21          22      0.71073      0.39000      4.28838      4.41107      0.64036
   17  (omega)           11       223   15          23          25      0.12906      0.37854     32.85492     32.86674      0.78505
   18  pi+                1       211   15           0           0      0.06418      0.06443      0.35561      0.39269      0.13957
   19  (eta)             11       221   15          26          27      0.62516      1.02704      8.90862      9.00605      0.54745
   20  (omega)           11       223   15          28          30      0.08712     -0.27364     39.62757     39.63751      0.84002
   21  pi-                1      -211   16           0           0     -0.05495     -0.01030      0.46122      0.48511      0.13957
   22  pi+                1       211   16           0           0      0.76568      0.40031      3.82716      3.92596      0.13957
   23  pi-                1      -211   17           0           0      0.10517      0.13555     20.70339     20.70457      0.13957
   24  pi+                1       211   17           0           0      0.15854      0.19959      5.41445      5.42224      0.13957
   25  (pi0)             11       111   17          31          32     -0.13465      0.04340      6.73709      6.73992      0.13498
   26  gamma              1        22   19           0           0      0.16802      0.32567      1.27394      1.32560      0.00000
   27  gamma              1        22   19           0           0      0.45714      0.70137      7.63468      7.68045      0.00000
   28  pi+                1       211   20           0           0     -0.06612     -0.15001     20.30210     20.30324      0.13957
   29  pi-                1      -211   20           0           0     -0.05090     -0.21480     13.96555     13.96799      0.13957
   30  (pi0)             11       111   20          33          34      0.20415      0.09117      5.35991      5.36627      0.13498
   31  gamma              1        22   25           0           0     -0.11643      0.05684      3.03109      3.03386      0.00000
   32  gamma              1        22   25           0           0     -0.01822     -0.01344      3.70600      3.70607      0.00000
   33  gamma              1        22   30           0           0      0.02381      0.07380      1.96315      1.96468      0.00000
   34  gamma              1        22   30           0           0      0.18034      0.01737      3.39676      3.40159      0.00000
 ==================================================================================================================================
                   sum charge:  0.00   sum momentum and inv. mass:     -0.00000     -0.00000    120.00000    140.00339     72.11760



                            Event listing (standard)

    I  particle/jet  K(I,1)   K(I,2) K(I,3)     K(I,4)      K(I,5)       P(I,1)       P(I,2)       P(I,3)       P(I,4)       P(I,5)

    1  !e-!              21        11    0           3           4      0.00000      0.00000    -10.00000     10.00000      0.00051
    2  !p+!              21      2212    0           5           0     -0.00000      0.00000    130.00000    130.00339      0.93827
 ==================================================================================================================================
    3  !e-!              21        11    1           0           0     -0.16331     -0.72083     -4.62154      4.68027      0.00051
    4  !gamma!           21        22    1           0           0      0.16331      0.72083     -5.37846      5.31973     -1.08375
    5  !p+!              21      2212    2           0           0     -0.00000     -0.00000    130.00000    130.00339      0.93827
    6  !J/psi_di!        21   9900440    4           0           0      0.12772      0.25448     -3.59712      7.10017      6.11490
    7  !p+!              21      2212    5           0           0      0.03559      0.46635    128.21866    128.22295      0.93827
 ==================================================================================================================================
    8  (cbar)        A   12        -4    6          13          13      0.08827      0.17260     -3.55470      3.86309      1.50000
    9  (g)           I   12        21    6          13          13      0.00035      0.00456      1.25314      1.25315      0.00000
   10  (c)           V   11         4    6          13          13      0.03910      0.07731     -1.29556      1.98393      1.50000
   11  p+                 1      2212    7           0           0      0.03559      0.46635    128.21866    128.22295      0.93827
   12  e-                 1        11    3           0           0     -0.16331     -0.72083     -4.62154      4.68027      0.00051
 ==================================================================================================================================
   13  (string)          11        92    8          14          16      0.12772      0.25448     -3.59712      7.10017      6.11490
   14  (D*_s-)           11      -433   13          17          18      0.25945      0.01769     -3.41739      4.02597      2.11240
   15  (K*+)             11       323   13          19          20     -0.58735      0.07780      0.34079      1.07917      0.83512
   16  (D0)              11       421   13          21          24      0.45562      0.15898     -0.52051      1.99503      1.86450
   17  (D_s-)            11      -431   14          25          26      0.27779     -0.09554     -3.05744      3.64818      1.96850
   18  gamma              1        22   14           0           0     -0.01835      0.11323     -0.35995      0.37779      0.00000
   19  (K0)              11       311   15          27          27     -0.36849     -0.14811      0.06856      0.64039      0.49767
   20  pi+                1       211   15           0           0     -0.21887      0.22592      0.27222      0.43878      0.13957
   21  K-                 1      -321   16           0           0      0.08027     -0.15143      0.07183      0.52742      0.49360
   22  pi+                1       211   16           0           0      0.61060     -0.19701     -0.09284      0.66313      0.13957
   23  (pi0)             11       111   16          28          29     -0.12993      0.30472     -0.22439      0.42226      0.13498
   24  (pi0)             11       111   16          30          31     -0.10532      0.20270     -0.27512      0.38222      0.13498
   25  (K*-)             11      -323   17          32          33     -0.27836     -0.08290     -1.10632      1.44303      0.87980
   26  (K*0)             11       313   17          34          35      0.55616     -0.01264     -1.95112      2.20515      0.86391
   27  (K_S0)            11       310   19          36          37     -0.36849     -0.14811      0.06856      0.64039      0.49767
   28  gamma              1        22   23           0           0     -0.04719      0.22319     -0.09158      0.24582      0.00000
   29  gamma              1        22   23           0           0     -0.08274      0.08152     -0.13281      0.17644      0.00000
   30  gamma              1        22   24           0           0      0.00255      0.00880     -0.09767      0.09810      0.00000
   31  gamma              1        22   24           0           0     -0.10787      0.19391     -0.17745      0.28412      0.00000
   32  K-                 1      -321   25           0           0     -0.09466      0.14916     -0.94325      1.07915      0.49360
   33  (pi0)             11       111   25          38          39     -0.18370     -0.23206     -0.16307      0.36388      0.13498
   34  K+                 1       321   26           0           0      0.52756      0.16115     -1.76295      1.91204      0.49360
   35  pi-                1      -211   26           0           0      0.02860     -0.17379     -0.18817      0.29310      0.13957
   36  (pi0)             11       111   27          40          41      0.05219     -0.12881      0.00670      0.19385      0.13498
   37  (pi0)             11       111   27          42          43     -0.42068     -0.01931      0.06186      0.44653      0.13498
   38  gamma              1        22   33           0           0     -0.00018     -0.00266     -0.04847      0.04854      0.00000
   39  gamma              1        22   33           0           0     -0.18352     -0.22940     -0.11460      0.31534      0.00000
   40  gamma              1        22   36           0           0      0.08066     -0.02264      0.00513      0.08393      0.00000
   41  gamma              1        22   36           0           0     -0.02846     -0.10616      0.00158      0.10992      0.00000
   42  gamma              1        22   37           0           0     -0.23507      0.04417      0.07293      0.25006      0.00000
   43  gamma              1        22   37           0           0     -0.18561     -0.06348     -0.01107      0.19648      0.00000
 ==================================================================================================================================
                   sum charge:  0.00   sum momentum and inv. mass:      0.00000     -0.00000    120.00000    140.00339     72.11760



                            Event listing (standard)

    I  particle/jet  K(I,1)   K(I,2) K(I,3)     K(I,4)      K(I,5)       P(I,1)       P(I,2)       P(I,3)       P(I,4)       P(I,5)

    1  !e-!              21        11    0           3           4      0.00000      0.00000    -10.00000     10.00000      0.00051
    2  !p+!              21      2212    0           5           0     -0.00000      0.00000    130.00000    130.00339      0.93827
 ==================================================================================================================================
    3  !e-!              21        11    1           0           0     -0.93019      1.31794     -9.61877      9.75310      0.00051
    4  !gamma!           21        22    1           0           0      0.93019     -1.31794     -0.38123      0.24690     -1.63908
    5  !p+!              21      2212    2           0           0     -0.00000      0.00000    130.00000    130.00339      0.93827
    6  !omega_di!        21   9900220    4           0           0      0.93971     -1.10031     42.17905     42.80526      7.15011
    7  !p+!              21      2212    5           0           0     -0.00952     -0.21763     87.43972     87.44503      0.93827
 ==================================================================================================================================
    8  (ubar)        A   12        -2    6          13          13      0.36230     -0.38367      0.68946      0.92883      0.33000
    9  (g)           I   12        21    6          13          13     -0.00797     -0.09731     40.60319     40.60331      0.00000
   10  (u)           V   11         2    6          13          13      0.58538     -0.61932      0.88639      1.27312      0.33000
   11  p+                 1      2212    7           0           0     -0.00952     -0.21763     87.43972     87.44503      0.93827
   12  e-                 1        11    3           0           0     -0.93019      1.31794     -9.61877      9.75310      0.00051
 ==================================================================================================================================
   13  (string)          11        92    8          14          18      0.93971     -1.10031     42.17905     42.80526      7.15011
   14  (omega)           11       223   13          19          21      0.33578      0.08297      8.27343      8.31629      0.76907
   15  (Sigmabar-)       11     -3222   13          22          23     -0.08276     -0.36673      8.09174      8.18732      1.18937
   16  (Sigma0)          11      3212   13          24          25      0.23270     -0.33460     20.43513     20.47395      1.19255
   17  (rho+)            11       213   13          26          27     -0.36998      0.42613      2.77799      2.94920      0.81368
   18  (pi0)             11       111   13          28          29      0.82397     -0.90809      2.60076      2.87849      0.13498
   19  pi+                1       211   14           0           0      0.31894     -0.06258      6.51888      6.52847      0.13957
   20  pi-                1      -211   14           0           0      0.02587      0.01637      0.52377      0.54291      0.13957
   21  (pi0)             11       111   14          30          31     -0.00904      0.12919      1.23078      1.24491      0.13498
   22  nbar0              1     -2112   15           0           0     -0.08940     -0.38286      5.61768      5.70926      0.93957
   23  pi-                1      -211   15           0           0      0.00663      0.01614      2.47406      2.47806      0.13957
   24  (Lambda0)         11      3122   16          32          33      0.23741     -0.38863     19.70615     19.74296      1.11568
   25  gamma              1        22   16           0           0     -0.00470      0.05403      0.72898      0.73100      0.00000
   26  pi+                1       211   17           0           0     -0.21051      0.63500      1.72155      1.85223      0.13957
   27  (pi0)             11       111   17          34          35     -0.15947     -0.20887      1.05644      1.09697      0.13498
   28  gamma              1        22   18           0           0      0.79014     -0.89741      2.55173      2.81797      0.00000
   29  gamma              1        22   18           0           0      0.03382     -0.01068      0.04903      0.06052      0.00000
   30  gamma              1        22   21           0           0      0.00196     -0.02451      0.34141      0.34229      0.00000
   31  gamma              1        22   21           0           0     -0.01100      0.15369      0.88937      0.90262      0.00000
   32  p+                 1      2212   24           0           0      0.19590     -0.41045     16.03979     16.07364      0.93827
   33  pi-                1      -211   24           0           0      0.04150      0.02183      3.66636      3.66932      0.13957
   34  gamma              1        22   27           0           0     -0.02833      0.01570      0.17473      0.17771      0.00000
   35  gamma              1        22   27           0           0     -0.13114     -0.22457      0.88171      0.91926      0.00000
 ==================================================================================================================================
                   sum charge:  0.00   sum momentum and inv. mass:      0.00000     -0.00000    120.00000    140.00339     72.11760



                            Event listing (standard)

    I  particle/jet  K(I,1)   K(I,2) K(I,3)     K(I,4)      K(I,5)       P(I,1)       P(I,2)       P(I,3)       P(I,4)       P(I,5)

    1  !e-!              21        11    0           3           4      0.00000      0.00000    -10.00000     10.00000      0.00051
    2  !p+!              21      2212    0           5           0     -0.00000      0.00000    130.00000    130.00339      0.93827
 ==================================================================================================================================
    3  !e-!              21        11    1           0           0     -0.82553     -2.48134     -8.75734      9.13945      0.00051
    4  !gamma!           21        22    1           0           0      0.82553      2.48134     -1.24266      0.86055     -2.76446
    5  !p+!              21      2212    2           0           0     -0.00000      0.00000    130.00000    130.00339      0.93827
    6  !gamma!           21        22    4           0           0      0.82686      2.48534     -1.23882      0.86778     -2.76446
    7  !ubar!            21        -2    5           0           0     -0.00002     -0.00006      1.81380      1.81380      0.00000
    8  !gamma!           21        22    6           0           0      0.82686      2.48534     -1.23882      0.86778     -2.76446
    9  !ubar!            21        -2    7           0           0     -0.00002     -0.00006      1.81380      1.81380      0.00000
   10  !ubar!            21        -2    9           0           0      0.82684      2.48528      0.57498      2.68158      0.00000
 ==================================================================================================================================
   11  (Delta++)         11      2224    5          15          16     -0.30568      0.07323     95.54048     95.54833      1.18429
   12  e-                 1        11    3           0           0     -0.82553     -2.48134     -8.75734      9.13945      0.00051
   13  (ubar)        A   12        -2   10          17          17      0.93495      2.29012      0.41129      2.50758      0.00000
   14  (d)           V   11         1    5          17          17      0.19626      0.11799     32.80557     32.80803      0.33000
 ==================================================================================================================================
   15  p+                 1      2212   11           0           0     -0.12278      0.08523     85.16416     85.16946      0.93827
   16  pi+                1       211   11           0           0     -0.18290     -0.01200     10.37632     10.37887      0.13957
   17  (string)          11        92   13          18          21      1.13121      2.40811     33.21686     35.31561     11.69417
   18  pi-                1      -211   17           0           0      0.03062      0.17906      1.15123      1.17380      0.13957
   19  (pi0)             11       111   17          22          23      0.46567      2.17766      0.98157      2.43737      0.13498
   20  (rho0)            11       113   17          24          25      0.22442      0.17006      0.28752      0.89564      0.80013
   21  (rho0)            11       113   17          26          27      0.41051     -0.11868     30.79654     30.80880      0.75667
   22  gamma              1        22   19           0           0      0.34614      1.66496      0.68681      1.83402      0.00000
   23  gamma              1        22   19           0           0      0.11953      0.51270      0.29475      0.60335      0.00000
   24  pi+                1       211   20           0           0      0.23399     -0.21110     -0.07338      0.35240      0.13957
   25  pi-                1      -211   20           0           0     -0.00957      0.38117      0.36090      0.54324      0.13957
   26  pi+                1       211   21           0           0      0.28177     -0.21040      6.30003      6.31138      0.13957
   27  pi-                1      -211   21           0           0      0.12874      0.09172     24.49652     24.49743      0.13957
 ==================================================================================================================================
                   sum charge:  0.00   sum momentum and inv. mass:      0.00000      0.00000    120.00000    140.00339     72.11760



                            Event listing (standard)

    I  particle/jet  K(I,1)   K(I,2) K(I,3)     K(I,4)      K(I,5)       P(I,1)       P(I,2)       P(I,3)       P(I,4)       P(I,5)

    1  !e-!              21        11    0           3           4      0.00000      0.00000    -10.00000     10.00000      0.00051
    2  !p+!              21      2212    0           5           0     -0.00000      0.00000    130.00000    130.00339      0.93827
 ==================================================================================================================================
    3  !e-!              21        11    1           0           0      1.30021      0.26117     -8.86017      8.95887      0.00051
    4  !gamma!           21        22    1           0           0     -1.30021     -0.26117     -1.13983      1.04113     -1.40500
    5  !p+!              21      2212    2           0           0     -0.00000      0.00000    130.00000    130.00339      0.93827
    6  !gamma!           21        22    4           0           0     -1.30026     -0.26118     -0.68730      1.49375     -0.00000
    7  !u!               21         2    5           0           0      0.21872     -0.15722     49.92534     49.92607     -0.00000
    8  !gamma!           21        22    6           0           0     -1.10584     -0.22213     -0.58454      1.27040      0.00000
    9  !u!               21         2    7           0           0     -2.08619      1.51152     16.45325     16.65371      0.00000
   10  !g!               21        21    0           0           0     -3.65913      2.36348      3.75991      5.75432      0.00000
   11  !u!               21         2    0           0           0      0.46710     -1.07409     12.10880     12.16979      0.33000
 ==================================================================================================================================
   12  e-                 1        11    3           0           0      1.30021      0.26117     -8.86017      8.95887      0.00051
   13  (u)           A   12         2   11          19          19      0.37347     -0.86378      9.76284      9.81364      0.33000
   14  (g)           I   12        21   10          19          19     -4.10921      2.29583      4.98253      6.85434      0.00000
   15  (g)           I   12        21   10          19          19      0.54370     -0.14266      1.12334      1.25613      0.00000
   16  (g)           I   12        21    7          19          19      1.26014     -1.51182     19.53986     19.63873      0.00000
   17  (g)           I   12        21    7          19          19      0.85036     -0.19598     13.82947     13.85697      0.00000
   18  (ud_0)        V   11      2101    5          19          19     -0.21867      0.15723     79.62214     79.62470      0.57933
 ==================================================================================================================================
   19  (string)          11        92   13          20          31     -1.30021     -0.26117    128.86017    131.04451     23.78994
   20  (pi0)             11       111   19          32          33      0.10759     -0.15846      1.40703      1.42641      0.13498
   21  pi+                1       211   19           0           0     -0.25031     -0.18809      0.39969      0.52656      0.13957
   22  (Delta0)          11      2114   19          34          35     -0.31388      0.27969      6.18030      6.33368      1.32009
   23  (Deltabar0)       11     -2114   19          36          37     -1.06185     -0.53240      2.66082      3.17353      1.25711
   24  (omega)           11       223   19          38          39      0.26515      0.78004      2.75563      2.98104      0.78380
   25  (rho-)            11      -213   19          40          41      0.88249     -1.67789     18.53184     18.64418      0.76310
   26  (rho+)            11       213   19          42          43     -1.67882      1.71496      4.51758      5.15145      0.60777
   27  (rho0)            11       113   19          44          45     -0.36452      0.48237      1.70418      1.97077      0.78368
   28  n0                 1      2112   19           0           0     -0.16182     -0.27700      8.89632      8.95155      0.93957
   29  nbar0              1     -2112   19           0           0      0.43590     -0.18148     13.94095     13.98056      0.93957
   30  (rho0)            11       113   19          46          47      0.01395     -0.58250     21.17790     21.20004      0.77364
   31  n0                 1      2112   19           0           0      0.82590      0.07958     46.68792     46.70475      0.93957
   32  gamma              1        22   20           0           0      0.01710      0.02310      0.11431      0.11787      0.00000
   33  gamma              1        22   20           0           0      0.09049     -0.18156      1.29272      1.30854      0.00000
   34  p+                 1      2212   22           0           0     -0.29315      0.45276      4.06414      4.20577      0.93827
   35  pi-                1      -211   22           0           0     -0.02073     -0.17306      2.11616      2.12791      0.13957
   36  pbar-              1     -2212   23           0           0     -0.70540     -0.23143      1.52960      1.94195      0.93827
   37  pi+                1       211   23           0           0     -0.35646     -0.30098      1.13122      1.23157      0.13957
   38  gamma              1        22   24           0           0      0.36659      0.27750      0.57149      0.73349      0.00000
   39  (pi0)             11       111   24          48          49     -0.10144      0.50254      2.18413      2.24755      0.13498
   40  pi-                1      -211   25           0           0      0.89809     -1.49892     17.53131     17.61873      0.13957
   41  (pi0)             11       111   25          50          51     -0.01560     -0.17896      1.00053      1.02545      0.13498
   42  pi+                1       211   26           0           0     -1.06135      0.71892      2.17220      2.52611      0.13957
   43  (pi0)             11       111   26          52          53     -0.61747      0.99605      2.34538      2.62534      0.13498
   44  pi-                1      -211   27           0           0     -0.33441      0.03450      1.30263      1.35254      0.13957
   45  pi+                1       211   27           0           0     -0.03010      0.44787      0.40154      0.61823      0.13957
   46  pi+                1       211   30           0           0      0.03468     -0.63711     20.19484     20.20540      0.13957
   47  pi-                1      -211   30           0           0     -0.02073      0.05462      0.98306      0.99464      0.13957
   48  gamma              1        22   39           0           0     -0.05572      0.16542      1.01607      1.03095      0.00000
   49  gamma              1        22   39           0           0     -0.04572      0.33712      1.16806      1.21660      0.00000
   50  gamma              1        22   41           0           0      0.03481      0.00141      0.10794      0.11343      0.00000
   51  gamma              1        22   41           0           0     -0.05041     -0.18038      0.89258      0.91202      0.00000
   52  gamma              1        22   43           0           0     -0.60519      0.97316      2.32583      2.59284      0.00000
   53  gamma              1        22   43           0           0     -0.01227      0.02288      0.01955      0.03250      0.00000
 ==================================================================================================================================
                   sum charge:  0.00   sum momentum and inv. mass:     -0.00000      0.00000    120.00000    140.00339     72.11760



                            Event listing (standard)

    I  particle/jet  K(I,1)   K(I,2) K(I,3)     K(I,4)      K(I,5)       P(I,1)       P(I,2)       P(I,3)       P(I,4)       P(I,5)

    1  !e-!              21        11    0           3           4      0.00000      0.00000    -10.00000     10.00000      0.00051
    2  !p+!              21      2212    0           5           0     -0.00000      0.00000    130.00000    130.00339      0.93827
 ==================================================================================================================================
    3  !e-!              21        11    1           0           0      1.13367      0.03524     -9.84450      9.90963      0.00051
    4  !gamma!           21        22    1           0           0     -1.13367     -0.03524     -0.15550      0.09037     -1.14125
    5  !p+!              21      2212    2           0           0     -0.00000     -0.00000    130.00000    130.00339      0.93827
    6  !gamma!           21        22    4           0           0     -1.13483     -0.03528      2.49495      2.74114     -0.00000
    7  !u!               21         2    5           0           0     -0.20475      0.10810     22.12167     22.12289     -0.00000
    8  !gamma!           21        22    6           0           0     -1.13483     -0.03528      2.49495      2.74114      0.00000
    9  !u!               21         2    7           0           0     -0.20475      0.10810     22.12167     22.12289      0.00000
   10  !g!               21        21    0           0           0     -1.38377     -1.21070     19.18440     19.27231      0.00000
   11  !u!               21         2    0           0           0      0.04419      1.28353      5.43222      5.59172      0.33000
 ==================================================================================================================================
   12  e-                 1        11    3           0           0      1.13367      0.03524     -9.84450      9.90963      0.00051
   13  (u)           A   12         2   11          17          17      0.00003      0.62049      3.01238      3.09327      0.33000
   14  (g)           I   12        21   10          17          17      0.10156     -0.82145     14.11193     14.13619      0.00000
   15  (g)           I   12        21   10          17          17     -1.44118      0.27378      7.49231      7.63457      0.00000
   16  (ud_0)        V   11      2101    5          17          17      0.20592     -0.10806    105.22788    105.22973      0.57933
 ==================================================================================================================================
   17  (string)          11        92   13          18          22     -1.13367     -0.03524    129.84450    130.09376      7.96901
   18  (eta')            11       331   17          23          24     -0.30747      1.45598     10.25018     10.40183      0.95784
   19  pi+                1       211   17           0           0     -0.46518     -0.53437      8.59596      8.62624      0.13957
   20  (rho-)            11      -213   17          25          26     -0.51327     -0.66092      9.81497      9.87430      0.68414
   21  (pi0)             11       111   17          27          28      0.05616     -0.29417     27.05669     27.05868      0.13498
   22  p+                 1      2212   17           0           0      0.09610     -0.00176     74.12671     74.13271      0.93827
   23  gamma              1        22   18           0           0      0.00115     -0.00262      0.92180      0.92181      0.00000
   24  (rho0)            11       113   18          29          30     -0.30862      1.45860      9.32838      9.48002      0.79338
   25  pi-                1      -211   20           0           0     -0.25858     -0.63839      8.44327      8.47247      0.13957
   26  (pi0)             11       111   20          31          32     -0.25469     -0.02252      1.37170      1.40184      0.13498
   27  gamma              1        22   21           0           0      0.09339     -0.21621     17.14404     17.14566      0.00000
   28  gamma              1        22   21           0           0     -0.03723     -0.07796      9.91264      9.91302      0.00000
   29  pi+                1       211   24           0           0      0.06609      0.80954      3.20045      3.30486      0.13957
   30  pi-                1      -211   24           0           0     -0.37471      0.64905      6.12792      6.17516      0.13957
   31  gamma              1        22   26           0           0     -0.05481      0.01777      0.62978      0.63241      0.00000
   32  gamma              1        22   26           0           0     -0.19988     -0.04030      0.74191      0.76942      0.00000
 ==================================================================================================================================
                   sum charge:  0.00   sum momentum and inv. mass:     -0.00000     -0.00000    120.00000    140.00339     72.11760



                            Event listing (standard)

    I  particle/jet  K(I,1)   K(I,2) K(I,3)     K(I,4)      K(I,5)       P(I,1)       P(I,2)       P(I,3)       P(I,4)       P(I,5)

    1  !e-!              21        11    0           3           4      0.00000      0.00000    -10.00000     10.00000      0.00051
    2  !p+!              21      2212    0           5           0     -0.00000      0.00000    130.00000    130.00339      0.93827
 ==================================================================================================================================
    3  !e-!              21        11    1           0           0      1.93766     -0.09963     -9.26481      9.46579      0.00051
    4  !gamma!           21        22    1           0           0     -1.93766      0.09963     -0.73519      0.53421     -2.00489
    5  !p+!              21      2212    2           0           0     -0.00000      0.00000    130.00000    130.00339      0.93827
    6  !gamma!           21        22    4           0           0     -1.94283      0.09990     -0.72872      0.54407     -2.00489
    7  !d!               21         1    5           0           0      0.00006     -0.00000      1.57895      1.57895      0.00000
    8  !gamma!           21        22    6           0           0     -1.94283      0.09990     -0.72872      0.54407     -2.00489
    9  !d!               21         1    7           0           0      0.00006     -0.00000      1.57895      1.57895      0.00000
   10  !d!               21         1    9           0           0     -1.94277      0.09989      0.85024      2.12302      0.00000
 ==================================================================================================================================
   11  e-                 1        11    3           0           0      1.93766     -0.09963     -9.26481      9.46579      0.00051
   12  (uu_1)        A   12      2203    5          15          15      0.07976     -0.78208    124.40668    124.41156      0.77133
   13  (g)           I   12        21   10          15          15     -0.00610      0.58047      3.77976      3.82408      0.00000
   14  (d)           V   11         1   10          15          15     -2.01132      0.30125      1.07837      2.30196      0.00000
 ==================================================================================================================================
   15  (string)          11        92   12          16          24     -1.93766      0.09963    129.26481    130.53760     18.08060
   16  (Sigma*+)         11      3224   15          25          26      0.54055     -0.36120     68.81258     68.82897      1.35392
   17  (K*0)             11       313   15          27          28     -0.48750     -0.38415     22.62259     22.64770      0.86686
   18  (rho0)            11       113   15          29          30      0.27208      0.37695     11.89349     11.95205      1.08641
   19  (pi0)             11       111   15          31          32      0.10478     -0.03899     10.88188     10.88329      0.13498
   20  nbar0              1     -2112   15           0           0     -0.90946     -0.05807      5.52877      5.68160      0.93957
   21  (Lambda0)         11      3122   15          33          34     -0.05558     -0.15418      4.58328      4.71996      1.11568
   22  (phi)             11       333   15          35          36     -1.13420      0.48199      3.32300      3.68784      1.01937
   23  (K0)              11       311   15          37          37     -0.03153      0.21890      0.46459      0.71584      0.49767
   24  (rho0)            11       113   15          38          39     -0.23681      0.01838      1.15464      1.42035      0.79232
   25  (Lambda0)         11      3122   16          40          41      0.41038     -0.16307     50.10014     50.11451      1.11568
   26  pi+                1       211   16           0           0      0.13017     -0.19812     18.71243     18.71446      0.13957
   27  (K0)              11       311   17          42          42     -0.22507     -0.18996     18.78078     18.78968      0.49767
   28  (pi0)             11       111   17          43          44     -0.26242     -0.19419      3.84181      3.85801      0.13498
   29  pi-                1      -211   18           0           0      0.66966      0.28673      6.78626      6.82667      0.13957
   30  pi+                1       211   18           0           0     -0.39758      0.09021      5.10723      5.12538      0.13957
   31  gamma              1        22   19           0           0      0.03392     -0.07959      7.11576      7.11629      0.00000
   32  gamma              1        22   19           0           0      0.07087      0.04060      3.76611      3.76700      0.00000
   33  p+                 1      2212   21           0           0     -0.00048     -0.11693      3.49040      3.61620      0.93827
   34  pi-                1      -211   21           0           0     -0.05511     -0.03725      1.09288      1.10376      0.13957
   35  K+                 1       321   22           0           0     -0.73956      0.26620      2.04975      2.25009      0.49360
   36  K-                 1      -321   22           0           0     -0.39465      0.21579      1.27325      1.43775      0.49360
   37  (K_S0)            11       310   23          45          46     -0.03153      0.21890      0.46459      0.71584      0.49767
   38  pi+                1       211   24           0           0      0.11208     -0.27200      0.65233      0.72908      0.13957
   39  pi-                1      -211   24           0           0     -0.34889      0.29039      0.50231      0.69126      0.13957
   40  p+                 1      2212   25           0           0      0.40274     -0.18040     46.59992     46.61146      0.93827
   41  pi-                1      -211   25           0           0      0.00764      0.01732      3.50022      3.50305      0.13957
   42  (K_S0)            11       310   27          47          48     -0.22507     -0.18996     18.78078     18.78968      0.49767
   43  gamma              1        22   28           0           0     -0.16934     -0.19336      3.03210      3.04297      0.00000
   44  gamma              1        22   28           0           0     -0.09308     -0.00084      0.80971      0.81504      0.00000
   45  pi-                1      -211   37           0           0      0.10860      0.12298      0.44595      0.49524      0.13957
   46  pi+                1       211   37           0           0     -0.14013      0.09592      0.01865      0.22060      0.13957
   47  (pi0)             11       111   42          49          50     -0.14978      0.09880     10.54709     10.54948      0.13498
   48  (pi0)             11       111   42          51          52     -0.07530     -0.28876      8.23369      8.24020      0.13498
   49  gamma              1        22   47           0           0     -0.10648     -0.00954      4.56018      4.56144      0.00000
   50  gamma              1        22   47           0           0     -0.04330      0.10834      5.98690      5.98804      0.00000
   51  gamma              1        22   48           0           0      0.03823     -0.06196      2.13184      2.13309      0.00000
   52  gamma              1        22   48           0           0     -0.11353     -0.22680      6.10185      6.10712      0.00000
 ==================================================================================================================================
                   sum charge:  0.00   sum momentum and inv. mass:     -0.00000     -0.00000    120.00000    140.00339     72.11760



                            Event listing (standard)

    I  particle/jet  K(I,1)   K(I,2) K(I,3)     K(I,4)      K(I,5)       P(I,1)       P(I,2)       P(I,3)       P(I,4)       P(I,5)

    1  !e-!              21        11    0           3           4      0.00000      0.00000    -10.00000     10.00000      0.00051
    2  !p+!              21      2212    0           5           0     -0.00000      0.00000    130.00000    130.00339      0.93827
 ==================================================================================================================================
    3  !e-!              21        11    1           0           0     -0.62318     -0.33931     -4.61286      4.66712      0.00051
    4  !gamma!           21        22    1           0           0      0.62318      0.33931     -5.38714      5.33288     -1.04168
    5  !p+!              21      2212    2           0           0     -0.00000      0.00000    130.00000    130.00339      0.93827
    6  !cbar!            21        -4    4           0           0     -0.21219     -0.00339     -3.65344      3.65960     -0.00000
    7  !g!               21        21    5           0           0     -0.19720      0.48845      7.61010      7.62831     -0.00000
    8  !cbar!            21        -4    6           0           0     -0.20182     -0.00323     -3.47476      3.48062      0.00000
    9  !g!               21        21    7           0           0     -0.01579      1.23800      2.24778      2.56621      0.00000
   10  !cbar!            21        -4    0           0           0     -1.70011      0.02520     -2.77653      3.58471      1.50000
   11  !g!               21        21    0           0           0      1.48251      1.20957      1.54955      2.46211      0.00000
 ==================================================================================================================================
   12  e-                 1        11    3           0           0     -0.62318     -0.33931     -4.61286      4.66712      0.00051
   13  (cbar)        A   12        -4   10          20          20     -1.63655      0.03024     -2.67696      3.47783      1.50000
   14  (g)           I   12        21   11          20          20      1.16757      0.34906      0.71063      1.41070      0.00000
   15  (g)           I   12        21   11          20          20      0.25137      0.85547      0.73935      1.15830      0.00000
   16  (g)           I   12        21    7          20          20     -0.19179     -0.74972      5.18364      5.24108      0.00000
   17  (u)           V   11         2    5          20          20      0.02859      0.06684      3.37237      3.38925      0.33000
   18  (c)           A   12         4    4          28          28      0.83337      0.34161     -1.23236      2.14007      1.50000
   19  (ud_0)        V   11      2101    5          28          28      0.17062     -0.55420    118.51620    118.51903      0.57933
 ==================================================================================================================================
   20  (string)          11        92   13          21          27     -0.38081      0.55190      7.32902     14.67716     12.69862
   21  (Lambda_cbar-)    11     -4122   20          35          37      0.07760      0.16145     -0.41797      2.32971      2.28490
   22  n0                 1      2112   20           0           0     -0.96180      0.15003     -1.21603      1.81909      0.93957
   23  (rho0)            11       113   20          38          39     -0.00856     -0.08789     -0.31256      0.66811      0.58385
   24  (rho+)            11       213   20          40          41      0.42598      0.45063      1.03246      1.42217      0.75636
   25  (rho0)            11       113   20          42          43      0.10346     -0.01629      1.98734      2.13087      0.76167
   26  pi-                1      -211   20           0           0      0.20887      0.22122      3.86911      3.88356      0.13957
   27  pi+                1       211   20           0           0     -0.22634     -0.32725      2.38668      2.42365      0.13957
   28  (string)          11        92   18          29          34      1.00399     -0.21259    117.28384    120.65911     28.32082
   29  (D*+)             11       413   28          44          45      1.01420      0.14770     -0.69519      2.36089      2.01000
   30  n0                 1      2112   28           0           0     -0.24381      0.27305      5.92150      6.00675      0.93957
   31  nbar0              1     -2112   28           0           0      0.00297     -0.49025      6.14325      6.23399      0.93957
   32  (rho-)            11      -213   28          46          47      0.33542      0.43889      3.93465      4.04613      0.76459
   33  (rho+)            11       213   28          48          49     -0.00912     -0.55147     14.03619     14.06283      0.66664
   34  n0                 1      2112   28           0           0     -0.09567     -0.03051     87.94344     87.94852      0.93957
   35  (K0)              11       311   21          50          50      0.04947      0.11805     -0.06618      0.51811      0.49767
   36  pi+                1       211   21           0           0      0.20821     -0.11326      0.18425      0.33107      0.13957
   37  (Deltabar--)      11     -2224   21          51          52     -0.18008      0.15665     -0.53604      1.48053      1.35929
   38  pi+                1       211   23           0           0     -0.03209     -0.09877     -0.44262      0.47558      0.13957
   39  pi-                1      -211   23           0           0      0.02353      0.01087      0.13006      0.19253      0.13957
   40  pi+                1       211   24           0           0      0.10153      0.54774      0.81713      0.99875      0.13957
   41  (pi0)             11       111   24          53          54      0.32445     -0.09711      0.21533      0.42342      0.13498
   42  pi-                1      -211   25           0           0     -0.25887     -0.12143      1.26161      1.30112      0.13957
   43  pi+                1       211   25           0           0      0.36233      0.10514      0.72572      0.82975      0.13957
   44  (D+)              11       411   29          55          56      0.90939      0.11324     -0.64497      2.17947      1.86930
   45  (pi0)             11       111   29          57          58      0.10481      0.03445     -0.05022      0.18142      0.13498
   46  pi-                1      -211   32           0           0     -0.15424      0.04756      1.92215      1.93396      0.13957
   47  (pi0)             11       111   32          59          60      0.48966      0.39133      2.01249      2.11217      0.13498
   48  pi+                1       211   33           0           0     -0.15604     -0.48126     12.62264     12.63354      0.13957
   49  (pi0)             11       111   33          61          62      0.14692     -0.07021      1.41355      1.42929      0.13498
   50  (K_S0)            11       310   35          63          64      0.04947      0.11805     -0.06618      0.51811      0.49767
   51  pbar-              1     -2212   37           0           0     -0.38024     -0.09695     -0.31395      1.06438      0.93827
   52  pi-                1      -211   37           0           0      0.20016      0.25360     -0.22209      0.41615      0.13957
   53  gamma              1        22   41           0           0      0.18485     -0.07689      0.19753      0.28124      0.00000
   54  gamma              1        22   41           0           0      0.13960     -0.02022      0.01780      0.14218      0.00000
   55  (Kbar0)           11      -311   44          65          65      0.52545     -0.24057     -0.73039      1.05599      0.49767
   56  (a_1+)            11     20213   44          66          67      0.38394      0.35382      0.08542      1.12347      0.99111
   57  gamma              1        22   45           0           0     -0.01048     -0.03490     -0.02588      0.04469      0.00000
   58  gamma              1        22   45           0           0      0.11530      0.06935     -0.02435      0.13673      0.00000
   59  gamma              1        22   47           0           0      0.14839      0.04850      0.43450      0.46170      0.00000
   60  gamma              1        22   47           0           0      0.34127      0.34284      1.57799      1.65047      0.00000
   61  gamma              1        22   49           0           0     -0.02616     -0.00558      0.17584      0.17787      0.00000
   62  gamma              1        22   49           0           0      0.17308     -0.06463      1.23771      1.25142      0.00000
   63  pi-                1      -211   50           0           0     -0.05599     -0.07195     -0.17152      0.23919      0.13957
   64  pi+                1       211   50           0           0      0.10545      0.19000      0.10535      0.27892      0.13957
   65  K_L0               1       130   55           0           0      0.52545     -0.24057     -0.73039      1.05599      0.49767
   66  (rho+)            11       213   56          68          69      0.21582      0.25420     -0.30995      0.66225      0.48094
   67  (pi0)             11       111   56          70          71      0.16812      0.09961      0.39538      0.46122      0.13498
   68  pi+                1       211   66           0           0      0.11869      0.33133     -0.29187      0.47805      0.13957
   69  (pi0)             11       111   66          72          73      0.09713     -0.07712     -0.01808      0.18420      0.13498
   70  gamma              1        22   67           0           0      0.00237      0.01357     -0.00855      0.01622      0.00000
   71  gamma              1        22   67           0           0      0.16574      0.08604      0.40393      0.44501      0.00000
   72  gamma              1        22   69           0           0      0.11586     -0.03211      0.02058      0.12198      0.00000
   73  gamma              1        22   69           0           0     -0.01873     -0.04502     -0.03866      0.06222      0.00000
 ==================================================================================================================================
                   sum charge:  0.00   sum momentum and inv. mass:      0.00000     -0.00000    120.00000    140.00339     72.11760

 Advisory warning: maximum violated by  1.013D+00 in event     305
 XSEC(96,1) increased to  1.174D-02

 Advisory warning: maximum violated by  1.378D+00 in event     519
 XSEC(96,1) increased to  1.619D-02

 Advisory warning: maximum violated by  1.228D+00 in event    1627
 XSEC(96,1) increased to  1.988D-02

 Advisory warning: maximum violated by  1.051D+00 in event   13683
 XSEC(96,1) increased to  2.089D-02

 Advisory warning: maximum violated by  1.137D+00 in event   18193
 XSEC(96,1) increased to  2.374D-02
1********* PYSTAT:  Statistics on Number of Events and Cross-sections *********

 ==============================================================================
 I                                  I                            I            I
 I            Subprocess            I      Number of points      I    Sigma   I
 I                                  I                            I            I
 I----------------------------------I----------------------------I    (mb)    I
 I                                  I                            I            I
 I N:o Type                         I    Generated         Tried I            I
 I                                  I                            I            I
 ==============================================================================
 I                                  I                            I            I
 I   0 All included subprocesses    I       500000      11336780 I  6.391D-04 I
 I  11 f + f' -> f + f' (QCD)       I        11738             0 I  9.532D-06 I
 I  12 f + fbar -> f' + fbar'       I          279             0 I  2.166D-07 I
 I  13 f + fbar -> g + g            I          325             0 I  2.510D-07 I
 I  28 f + g -> f + g               I        28493             0 I  2.304D-05 I
 I  53 g + g -> f + fbar            I          314             0 I  2.077D-07 I
 I  68 g + g -> g + g               I        12606             0 I  8.441D-06 I
 I  91 Elastic scattering           I        28315        445531 I  3.299D-05 I
 I  92 Single diffractive (XB)      I        13617        342292 I  1.625D-05 I
 I  93 Single diffractive (AX)      I        11188        278012 I  1.312D-05 I
 I  94 Double  diffractive          I         7000        271283 I  7.833D-06 I
 I  95 Low-pT scattering            I        44039        127933 I  1.068D-04 I
 I  99 q + gamma* -> q              I       317103       1613357 I  3.897D-04 I
 I 131 f + gamma*_T -> f + g        I         8383        157057 I  1.020D-05 I
 I 132 f + gamma*_L -> f + g        I          422          7400 I  5.261D-07 I
 I 135 g + gamma*_T -> f + fbar     I        13189        443558 I  1.628D-05 I
 I 136 g + gamma*_L -> f + fbar     I         2989         71511 I  3.673D-06 I
 I                                  I                            I            I
 ==============================================================================
 I                                  I                            I            I
 I   1 VMD * hadron                 I        84035       6070941 I  1.234D-04 I
 I   2 direct * hadron              I        24983        679526 I  3.068D-05 I
 I   3 anomalous * hadron           I        73879       2972956 I  9.530D-05 I
 I   4 DIS * hadron                 I       317103       1613357 I  3.897D-04 I
 I                                  I                            I            I
 ==============================================================================

 ********* Total number of errors, excluding junctions =        0 *************
 ********* Total number of errors, including junctions =        0 *************
 ********* Total number of warnings =                           0 *************
 ********* Fraction of events that fail fragmentation cuts =  0.04521 *********

1************ PYSTAT: User-Defined Limits on Kinematical Variables ************

 ==============================================================================
 I                                                                            I
 I                 0.000D+00 <  m_hard (GeV/c^2)  <  2.141D+01                I
 I    0.000D+00 ( 1.000D+00) <  p_T_hard (GeV/c)  <  1.071D+01                I
 I                             m_finite (GeV/c^2) =  1.000D+00                I
 I                -1.000D+01 <    y*_subsystem    <  1.000D+01                I
 I                -4.000D+01 <      y*_large      <  4.000D+01                I
 I                -4.000D+01 <      y*_small      <  4.000D+01                I
 I                -4.000D+01 <     eta*_large     <  4.000D+01                I
 I                -4.000D+01 <     eta*_small     <  4.000D+01                I
 I                -1.000D+00 < cos(theta*)_large  <  1.000D+00                I
 I                -1.000D+00 < cos(theta*)_small  <  1.000D+00                I
 I                 0.000D+00 <        x_1         <  1.000D+00                I
 I                 0.000D+00 <        x_2         <  1.000D+00                I
 I                -1.000D+00 <        x_F         <  1.000D+00                I
 I                -1.000D+00 <  cos(theta_hard)   <  1.000D+00                I
 I                 2.000D+00 < m'_hard (GeV/c^2)  <  2.141D+01                I
 I                                                                            I
 ==============================================================================
 The charm mass used is:    1.5000000000000000     
 ===================================================
 Pythia total cross section normalisation:  0.63910571762425994       microbarn
 Total Number of generated events      500000
 Total Number of trials      500000
 ===================================================

 ===== PDFSTA statistics for PDF under/over-flows ====

 ====== STRUCTM statistics for nucleon/pion PDFs =====

   total # of calls    9686539.0000000000     
   X  below PDF min    0.0000000000000000       or    0.0000000000000000       %
   X  above PDF max    0.0000000000000000       or    0.0000000000000000       %
   Q2 below PDF min    0.0000000000000000       or    0.0000000000000000       %
   Q2 above PDF max    0.0000000000000000       or    0.0000000000000000       %

 ========= STRUCTP statistics for photon PDFs ========

   total # of calls    0.0000000000000000     

