1                                                                              
 ******************************************************************************
 ******************************************************************************
 **                                                                          **
 **                                                                          **
 **              *......*                  Welcome to the Lund Monte Carlo!  **
 **         *:::!!:::::::::::*                                               **
 **      *::::::!!::::::::::::::*          PPP  Y   Y TTTTT H   H III   A    **
 **    *::::::::!!::::::::::::::::*        P  P  Y Y    T   H   H  I   A A   **
 **   *:::::::::!!:::::::::::::::::*       PPP    Y     T   HHHHH  I  AAAAA  **
 **   *:::::::::!!:::::::::::::::::*       P      Y     T   H   H  I  A   A  **
 **    *::::::::!!::::::::::::::::*!       P      Y     T   H   H III A   A  **
 **      *::::::!!::::::::::::::* !!                                         **
 **      !! *:::!!:::::::::::*    !!       This is PYTHIA version 6.428      **
 **      !!     !* -><- *         !!       Last date of change:  5 Sep 2013  **
 **      !!     !!                !!                                         **
 **      !!     !!                !!       Now is  0 Jan 2000 at  0:00:00    **
 **      !!                       !!                                         **
 **      !!        lh             !!       Disclaimer: this program comes    **
 **      !!                       !!       without any guarantees. Beware    **
 **      !!                 hh    !!       of errors and use common sense    **
 **      !!    ll                 !!       when interpreting results.        **
 **      !!                       !!                                         **
 **      !!                                Copyright T. Sjostrand (2011)     **
 **                                                                          **
 ** An archive of program versions and documentation is found on the web:    **
 ** http://www.thep.lu.se/~torbjorn/Pythia.html                              **
 **                                                                          **
 ** When you cite this program, the official reference is to the 6.4 manual: **
 ** T. Sjostrand, S. Mrenna and P. Skands, JHEP05 (2006) 026                 **
 ** (LU TP 06-13, FERMILAB-PUB-06-052-CD-T) [hep-ph/0603175].                **
 **                                                                          **
 ** Also remember that the program, to a large extent, represents original   **
 ** physics research. Other publications of special relevance to your        **
 ** studies may therefore deserve separate mention.                          **
 **                                                                          **
 ** Main author: Torbjorn Sjostrand; Department of Theoretical Physics,      **
 **   Lund University, Solvegatan 14A, S-223 62 Lund, Sweden;                **
 **   phone: + 46 - 46 - 222 48 16; e-mail: torbjorn@thep.lu.se              **
 ** Author: Stephen Mrenna; Computing Division, GDS Group,                   **
 **   Fermi National Accelerator Laboratory, MS 234, Batavia, IL 60510, USA; **
 **   phone: + 1 - 630 - 840 - 2556; e-mail: mrenna@fnal.gov                 **
 ** Author: Peter Skands; CERN/PH-TH, CH-1211 Geneva, Switzerland            **
 **   phone: + 41 - 22 - 767 24 47; e-mail: peter.skands@cern.ch             **
 **                                                                          **
 **                                                                          **
 ******************************************************************************
 ******************************************************************************
     MSEL           changed from              1 to              2
     MSTP(14)       changed from             30 to             30
     MSTP(15)       changed from              0 to              0
     MSTP(16)       changed from              1 to              1
     MSTP(17)       changed from              4 to              4
     MSTP(18)       changed from              3 to              3
     MSTP(19)       changed from              4 to              1
     MSTP(20)       changed from              3 to              0
     MSTP(32)       changed from              8 to              8
     MSTP(38)       changed from              5 to              4
     MSTP(51)       changed from              7 to          10050
     MSTP(52)       changed from              1 to              2
     MSTP(53)       changed from              3 to              3
     MSTP(54)       changed from              1 to              1
     MSTP(55)       changed from              5 to              5
     MSTP(56)       changed from              1 to              1
     MSTP(57)       changed from              1 to              1
     MSTP(58)       changed from              5 to              5
     MSTP(59)       changed from              1 to              1
     MSTP(60)       changed from              7 to              7
     MSTP(61)       changed from              2 to              2
     MSTP(71)       changed from              1 to              1
     MSTP(81)       changed from              1 to              0
     MSTP(82)       changed from              4 to              1
     MSTP(91)       changed from              1 to              1
     MSTP(92)       changed from              3 to              3
     MSTP(93)       changed from              1 to              1
     MSTP(101)      changed from              3 to              3
     MSTP(102)      changed from              1 to              1
     MSTP(111)      changed from              1 to              1
     MSTP(121)      changed from              0 to              0
     PARP(13)       changed from        1.00000 to        1.00000
     PARP(18)       changed from        0.40000 to        0.40000
     PARP(81)       changed from        1.90000 to        1.90000
     PARP(89)       changed from     1800.00000 to     1800.00000
     PARP(90)       changed from        0.25000 to        0.16000
     PARP(91)       changed from        2.00000 to        0.40000
     PARP(93)       changed from        5.00000 to        5.00000
     PARP(99)       changed from        1.00000 to        0.40000
     PARP(100)      changed from        5.00000 to        5.00000
     PARP(102)      changed from        0.28000 to        0.28000
     PARP(103)      changed from        1.00000 to        1.00000
     PARP(104)      changed from        0.80000 to        0.80000
     PARP(111)      changed from        2.00000 to        2.00000
     PARP(161)      changed from        2.20000 to        3.00000
     PARP(162)      changed from       23.60000 to       24.60000
     PARP(163)      changed from       18.40000 to       18.80000
     PARP(164)      changed from       11.50000 to       11.50000
     PARP(165)      changed from        0.50000 to        0.47679
     PARP(166)      changed from        0.00000 to        0.67597
     PARJ(1)        changed from        0.10000 to        0.10000
     PARJ(2)        changed from        0.30000 to        0.30000
     PARJ(11)       changed from        0.50000 to        0.50000
     PARJ(12)       changed from        0.60000 to        0.60000
     PARJ(21)       changed from        0.36000 to        0.40000
     PARJ(32)       changed from        1.00000 to        1.00000
     PARJ(33)       changed from        0.80000 to        0.80000
     PARJ(41)       changed from        0.30000 to        0.30000
     PARJ(42)       changed from        0.58000 to        0.58000
     PARJ(45)       changed from        0.50000 to        0.50000
     MSTJ(1)        changed from              1 to              1
     MSTJ(12)       changed from              2 to              1
     MSTJ(45)       changed from              5 to              5
     MSTU(112)      changed from              5 to              5
     MSTU(113)      changed from              3 to              5
     MSTU(114)      changed from              5 to              5
     CKIN(1)        changed from        2.00000 to        1.00000
     CKIN(2)        changed from       -1.00000 to       -1.00000
     CKIN(3)        changed from        0.00000 to        0.00000
     CKIN(4)        changed from       -1.00000 to       -1.00000
     CKIN(5)        changed from        1.00000 to        1.00000
     CKIN(6)        changed from        1.00000 to        1.00000
     CKIN(7)        changed from      -10.00000 to      -10.00000
     CKIN(8)        changed from       10.00000 to       10.00000
     CKIN(9)        changed from      -40.00000 to      -40.00000
     CKIN(10)       changed from       40.00000 to       40.00000
     CKIN(11)       changed from      -40.00000 to      -40.00000
     CKIN(12)       changed from       40.00000 to       40.00000
     CKIN(13)       changed from      -40.00000 to      -40.00000
     CKIN(14)       changed from       40.00000 to       40.00000
     CKIN(15)       changed from      -40.00000 to      -40.00000
     CKIN(16)       changed from       40.00000 to       40.00000
     CKIN(17)       changed from       -1.00000 to       -1.00000
     CKIN(18)       changed from        1.00000 to        1.00000
     CKIN(19)       changed from       -1.00000 to       -1.00000
     CKIN(20)       changed from        1.00000 to        1.00000
     CKIN(21)       changed from        0.00000 to        0.00000
     CKIN(22)       changed from        1.00000 to        1.00000
     CKIN(23)       changed from        0.00000 to        0.00000
     CKIN(24)       changed from        1.00000 to        1.00000
     CKIN(25)       changed from       -1.00000 to       -1.00000
     CKIN(26)       changed from        1.00000 to        1.00000
     CKIN(27)       changed from       -1.00000 to       -1.00000
     CKIN(28)       changed from        1.00000 to        1.00000
     CKIN(31)       changed from        2.00000 to        2.00000
     CKIN(32)       changed from       -1.00000 to       -1.00000
     CKIN(35)       changed from        0.00000 to        0.00000
     CKIN(36)       changed from       -1.00000 to       -1.00000
     CKIN(37)       changed from        0.00000 to        0.00000
     CKIN(38)       changed from       -1.00000 to       -1.00000
     CKIN(39)       changed from        4.00000 to        4.00000
     CKIN(40)       changed from       -1.00000 to       -1.00000
     CKIN(65)       changed from        0.00000 to        0.00000
     CKIN(66)       changed from       -1.00000 to       -1.00000
     CKIN(67)       changed from        0.00000 to        0.00000
     CKIN(68)       changed from       -1.00000 to       -1.00000
     CKIN(77)       changed from        2.00000 to        2.00000
     CKIN(78)       changed from       -1.00000 to       -1.00000
 *********************************************
 NOW all parameters are read by PYTHIA
 *********************************************
 SEED =    332825365
 RANLUX LUXURY LEVEL SET BY RLUXGO : 4     P= 389
 RANLUX INITIALIZED BY RLUXGO FROM SEEDS   332825365           0           0
   2771.0935550343875        10.000000000000000       -2771.0935550343875       -10.0000000    
 *********************************************
 proton beam momentum:   130.000000     GeV
 lepton beam momentum:   10.0000000     GeV
 resulting sqrt(s):   72.117599099066553      GeV
 *********************************************
1****************** PYINIT: initialization of PYTHIA routines *****************
 ==== PYTHIA WILL USE LHAPDF ====
 *************************************
 *       LHAPDF Version 5.9.1        *
 *   Configured for the following:   *
 *             All PDFs              *
 *         FULL MEMORY option        *
 *    Maximum  3 concurrent set(s)   *
 *************************************

 >>>>>> PDF description: <<<<<<
 CTEQ6M                                                          
 Reference:                                                      
 J. Pumplin, D.R. Stump, J. Huston, H.L. Lai, P. Nadolsky,       
 W.K. Tung                                                       
 hep-ph/0201195                                                  
 This set has 41 member PDFs.                                    
     mem=0 --> central value (cteq6m)                            
     mem=1-40 --> 20 sets of +ve/-ve error values                
 >>>>>>                   <<<<<<

 ==============================================
 PDFset name /cvmfs/sft.cern.ch/lcg/external/lhapdfsets/5.9.1/share/PDFsets/cteq6mE.LHgrid   
 with         40 members
 ====  initialized. ===========================
 Strong coupling at Mz for PDF is:  0.11798

 ==============================================================================
 I                                                                            I
 I      PYTHIA will be initialized for gamma/e- on p+ user configuration      I
 I                                                                            I
 I                  px (GeV/c)   py (GeV/c)   pz (GeV/c)      E (GeV)         I
 I        gamma/e-       0.000        0.000      -10.000       10.000         I
 I        p+             0.000        0.000      130.000      130.003         I
 I                                                                            I
 I           corresponding to     72.118 GeV center-of-mass energy            I
 I                                                                            I
 ==============================================================================

 ******** PYMAXI: summary of differential cross-section maximum search ********

           ==========================================================
           I                                      I                 I
           I  ISUB  Subprocess name               I  Maximum value  I
           I                                      I                 I
           ==========================================================
           I                                      I                 I
           I   91   Elastic scattering            I    4.1710D-04   I
           I   92   Single diffractive (XB)       I    3.1940D-04   I
           I   93   Single diffractive (AX)       I    2.6141D-04   I
           I   94   Double  diffractive           I    2.4494D-04   I
           I   95   Low-pT scattering             I    1.9207D-03   I
           I   96   Semihard QCD 2 -> 2           I    1.7479D-02   I
           I                                      I                 I
           ==========================================================

 ******** PYMAXI: summary of differential cross-section maximum search ********

           ==========================================================
           I                                      I                 I
           I  ISUB  Subprocess name               I  Maximum value  I
           I                                      I                 I
           ==========================================================
           I                                      I                 I
           I  131   f + gamma*_T -> f + g         I    1.9221D-04   I
           I  132   f + gamma*_L -> f + g         I    9.2718D-06   I
           I  135   g + gamma*_T -> f + fbar      I    5.4466D-04   I
           I  136   g + gamma*_L -> f + fbar      I    8.8198D-05   I
           I                                      I                 I
           ==========================================================

 ******** PYMAXI: summary of differential cross-section maximum search ********

           ==========================================================
           I                                      I                 I
           I  ISUB  Subprocess name               I  Maximum value  I
           I                                      I                 I
           ==========================================================
           I                                      I                 I
           I   91   Elastic scattering            I    1.0588D-04   I
           I   92   Single diffractive (XB)       I    8.2750D-05   I
           I   93   Single diffractive (AX)       I    6.5818D-05   I
           I   94   Double  diffractive           I    6.3002D-05   I
           I   95   Low-pT scattering             I    5.2345D-04   I
           I   96   Semihard QCD 2 -> 2           I    1.1588D-02   I
           I                                      I                 I
           ==========================================================

 ******** PYMAXI: summary of differential cross-section maximum search ********

           ==========================================================
           I                                      I                 I
           I  ISUB  Subprocess name               I  Maximum value  I
           I                                      I                 I
           ==========================================================
           I                                      I                 I
           I   99   q + gamma* -> q               I    1.9857D-03   I
           I                                      I                 I
           ==========================================================

 ********************** PYINIT: initialization completed **********************
 the outputfile will be named: outfiles/ep_10_130_Q2_1_10_norad.out                                                                                                                                                                                                                            



                            Event listing (standard)

    I  particle/jet  K(I,1)   K(I,2) K(I,3)     K(I,4)      K(I,5)       P(I,1)       P(I,2)       P(I,3)       P(I,4)       P(I,5)

    1  !e-!              21        11    0           3           4      0.00000      0.00000    -10.00000     10.00000      0.00051
    2  !p+!              21      2212    0           5           0     -0.00000      0.00000    130.00000    130.00339      0.93827
 ==================================================================================================================================
    3  !e-!              21        11    1           0           0      0.76491     -0.70819     -9.60750      9.66389      0.00051
    4  !gamma!           21        22    1           0           0     -0.76491      0.70819     -0.39250      0.33611     -1.06193
    5  !p+!              21      2212    2           0           0     -0.00000     -0.00000    130.00000    130.00339      0.93827
    6  !gamma!           21        22    4           0           0     -0.76846      0.71148     -0.38714      0.34485     -1.06193
    7  !d!               21         1    5           0           0      0.00002     -0.00002      0.77025      0.77025      0.00000
    8  !gamma!           21        22    6           0           0     -0.76846      0.71148     -0.38714      0.34485     -1.06193
    9  !d!               21         1    7           0           0      0.00002     -0.00002      0.77025      0.77025      0.00000
   10  !d!               21         1    9           0           0     -0.76844      0.71146      0.38311      1.11510      0.00000
 ==================================================================================================================================
   11  e-                 1        11    3           0           0      0.76491     -0.70819     -9.60750      9.66389      0.00051
   12  (uu_1)        A   12      2203    5          15          15     -0.42971     -0.06740    127.48845    127.49153      0.77133
   13  (g)           I   12        21   10          15          15      0.54390      0.79355      1.46271      1.75074      0.00000
   14  (d)           V   11         1   10          15          15     -0.87910     -0.01796      0.65634      1.09723      0.00000
 ==================================================================================================================================
   15  (string)          11        92   12          16          22     -0.76491      0.70819    129.60750    130.33950     13.75473
   16  (Delta++)         11      2224   15          23          24     -0.23444     -0.00279    109.68126    109.68949      1.32369
   17  pi-                1      -211   15           0           0      0.30984     -0.07940      3.50934      3.52665      0.13957
   18  (Kbar0)           11      -311   15          25          25     -0.35553      0.38899     11.00724     11.03108      0.49767
   19  K+                 1       321   15           0           0      0.16168     -0.06414      1.47695      1.56693      0.49360
   20  (pi0)             11       111   15          26          27     -0.01484     -0.39640      1.91017      1.95559      0.13498
   21  (rho-)            11      -213   15          28          29     -0.38353      0.62258      1.84148      2.15763      0.85419
   22  (pi0)             11       111   15          30          31     -0.24809      0.23935      0.18108      0.41213      0.13498
   23  p+                 1      2212   16           0           0     -0.13018      0.29976     83.45276     83.45867      0.93827
   24  pi+                1       211   16           0           0     -0.10426     -0.30255     26.22850     26.23082      0.13957
   25  (K_S0)            11       310   18          32          33     -0.35553      0.38899     11.00724     11.03108      0.49767
   26  gamma              1        22   20           0           0     -0.01589     -0.26879      1.55604      1.57917      0.00000
   27  gamma              1        22   20           0           0      0.00105     -0.12761      0.35413      0.37642      0.00000
   28  pi-                1      -211   21           0           0      0.18382      0.22307      0.22107      0.38974      0.13957
   29  (pi0)             11       111   21          34          35     -0.56734      0.39951      1.62041      1.76789      0.13498
   30  gamma              1        22   22           0           0     -0.17029      0.07197      0.07739      0.20042      0.00000
   31  gamma              1        22   22           0           0     -0.07780      0.16738      0.10369      0.21170      0.00000
   32  pi+                1       211   25           0           0     -0.24751      0.45392      7.85085      7.86909      0.13957
   33  pi-                1      -211   25           0           0     -0.10802     -0.06492      3.15638      3.16198      0.13957
   34  gamma              1        22   29           0           0     -0.05073      0.07867      0.15171      0.17827      0.00000
   35  gamma              1        22   29           0           0     -0.51662      0.32084      1.46870      1.58963      0.00000
 ==================================================================================================================================
                   sum charge:  0.00   sum momentum and inv. mass:      0.00000     -0.00000    120.00000    140.00339     72.11760



                            Event listing (standard)

    I  particle/jet  K(I,1)   K(I,2) K(I,3)     K(I,4)      K(I,5)       P(I,1)       P(I,2)       P(I,3)       P(I,4)       P(I,5)

    1  !e-!              21        11    0           3           4      0.00000      0.00000    -10.00000     10.00000      0.00051
    2  !p+!              21      2212    0           5           0     -0.00000      0.00000    130.00000    130.00339      0.93827
 ==================================================================================================================================
    3  !e-!              21        11    1           0           0      0.39774     -1.09646     -6.09820      6.20874      0.00051
    4  !gamma!           21        22    1           0           0     -0.39774      1.09646     -3.90180      3.79126     -1.48688
    5  !p+!              21      2212    2           0           0     -0.00000     -0.00000    130.00000    130.00339      0.93827
    6  !gamma!           21        22    4           0           0     -0.39792      1.09694     -3.90339      3.79305     -1.48688
    7  !u!               21         2    5           0           0      0.00000     -0.00000      0.14363      0.14363      0.00000
    8  !gamma!           21        22    6           0           0     -0.39792      1.09694     -3.90339      3.79305     -1.48688
    9  !u!               21         2    7           0           0      0.00000     -0.00000      0.14363      0.14363      0.00000
   10  !u!               21         2    9           0           0     -0.39792      1.09694     -3.75976      3.93668      0.00000
 ==================================================================================================================================
   11  e-                 1        11    3           0           0      0.39774     -1.09646     -6.09820      6.20874      0.00051
   12  (ud_0)        A   12      2101    5          15          15     -0.21192     -0.09874    129.73701    129.73851      0.57933
   13  (g)           I   12        21   10          15          15     -0.70551      0.92599     -2.80907      3.04073      0.00000
   14  (u)           V   11         2   10          15          15      0.51969      0.26921     -0.82974      1.01539      0.00000
 ==================================================================================================================================
   15  (string)          11        92   12          16          23     -0.39774      1.09646    126.09820    133.79464     44.70895
   16  p+                 1      2212   15           0           0     -0.24202     -0.23158     88.13760     88.14323      0.93827
   17  (rho-)            11      -213   15          24          25     -0.16503     -0.25917     23.18033     23.19430      0.74400
   18  (rho0)            11       113   15          26          27      0.09398      0.55103      4.70795      4.80899      0.80570
   19  (rho+)            11       213   15          28          29     -0.17327      0.11098      9.43549      9.47627      0.85375
   20  (rho-)            11      -213   15          30          31      0.31202     -0.34996      3.75640      3.86526      0.78094
   21  pi+                1       211   15           0           0     -0.17879     -0.24261     -0.31974      0.46102      0.13957
   22  (rho0)            11       113   15          32          33      0.13762      1.36551     -0.85752      1.75637      0.68260
   23  (omega)           11       223   15          34          36     -0.18225      0.15226     -1.94229      2.08921      0.73204
   24  pi-                1      -211   17           0           0      0.11689     -0.29508      5.36397      5.37517      0.13957
   25  (pi0)             11       111   17          37          38     -0.28192      0.03591     17.81635     17.81913      0.13498
   26  pi-                1      -211   18           0           0      0.01691      0.21657      4.01422      4.02251      0.13957
   27  pi+                1       211   18           0           0      0.07707      0.33446      0.69373      0.78648      0.13957
   28  pi+                1       211   19           0           0     -0.12029      0.35718      8.12767      8.13760      0.13957
   29  (pi0)             11       111   19          39          40     -0.05299     -0.24620      1.30782      1.33867      0.13498
   30  pi-                1      -211   20           0           0      0.53400     -0.33412      2.47656      2.55922      0.13957
   31  (pi0)             11       111   20          41          42     -0.22198     -0.01585      1.27984      1.30604      0.13498
   32  pi-                1      -211   22           0           0     -0.18097      0.58765     -0.58938      0.86310      0.13957
   33  pi+                1       211   22           0           0      0.31859      0.77786     -0.26814      0.89328      0.13957
   34  pi-                1      -211   23           0           0     -0.03822     -0.02096     -0.14661      0.20706      0.13957
   35  pi+                1       211   23           0           0     -0.14476      0.06996     -0.25535      0.33246      0.13957
   36  (pi0)             11       111   23          43          44      0.00073      0.10327     -1.54033      1.54968      0.13498
   37  gamma              1        22   25           0           0     -0.15851      0.07097     12.61687     12.61807      0.00000
   38  gamma              1        22   25           0           0     -0.12341     -0.03506      5.19948      5.20106      0.00000
   39  gamma              1        22   29           0           0     -0.00684      0.01366      0.16796      0.16865      0.00000
   40  gamma              1        22   29           0           0     -0.04615     -0.25986      1.13986      1.17002      0.00000
   41  gamma              1        22   31           0           0      0.00386     -0.03196      0.21473      0.21713      0.00000
   42  gamma              1        22   31           0           0     -0.22584      0.01611      1.06511      1.08891      0.00000
   43  gamma              1        22   36           0           0      0.03820      0.11177     -1.36925      1.37433      0.00000
   44  gamma              1        22   36           0           0     -0.03747     -0.00851     -0.17109      0.17535      0.00000
 ==================================================================================================================================
                   sum charge:  0.00   sum momentum and inv. mass:     -0.00000      0.00000    120.00000    140.00339     72.11760



                            Event listing (standard)

    I  particle/jet  K(I,1)   K(I,2) K(I,3)     K(I,4)      K(I,5)       P(I,1)       P(I,2)       P(I,3)       P(I,4)       P(I,5)

    1  !e-!              21        11    0           3           4      0.00000      0.00000    -10.00000     10.00000      0.00051
    2  !p+!              21      2212    0           5           0     -0.00000      0.00000    130.00000    130.00339      0.93827
 ==================================================================================================================================
    3  !e-!              21        11    1           0           0     -0.43263     -2.09420     -9.81978     10.04992      0.00051
    4  !gamma!           21        22    1           0           0      0.43263      2.09420     -0.18022     -0.04992     -2.14542
    5  !p+!              21      2212    2           0           0     -0.00000     -0.00000    130.00000    130.00339      0.93827
    6  !gamma!           21        22    4           0           0      0.44376      2.14806      0.71201      0.84568     -2.14542
    7  !u!               21         2    5           0           0     -0.00147     -0.00713     17.09683     17.09683      0.00000
    8  !gamma!           21        22    6           0           0      0.44376      2.14806      0.71201      0.84568     -2.14542
    9  !u!               21         2    7           0           0     -0.00147     -0.00713     17.09683     17.09683      0.00000
   10  !u!               21         2    9           0           0      0.44229      2.14092     17.80884     17.94252      0.00000
 ==================================================================================================================================
   11  e-                 1        11    3           0           0     -0.43263     -2.09420     -9.81978     10.04992      0.00051
   12  (ud_0)        A   12      2101    5          15          15      0.06067     -0.22551     88.18643     88.18865      0.57933
   13  (g)           I   12        21   10          15          15      1.29040      1.66981     31.11195     31.18344      0.00000
   14  (u)           V   11         2   10          15          15     -0.91844      0.64991     10.52139     10.58138      0.00000
 ==================================================================================================================================
   15  (string)          11        92   12          16          19      0.43263      2.09420    129.81978    129.95347      5.49143
   16  n0                 1      2112   15           0           0     -0.23542      0.00455     67.81175     67.81867      0.93957
   17  (eta')            11       331   15          20          22      0.83305      0.39860     30.90688     30.93549      0.95763
   18  (K*bar0)          11      -313   15          23          24      0.40773      1.26237     20.80487     20.86640      0.89683
   19  K+                 1       321   15           0           0     -0.57272      0.42868     10.29629     10.33290      0.49360
   20  pi+                1       211   17           0           0     -0.00454      0.08182      4.02967      4.03292      0.13957
   21  pi-                1      -211   17           0           0      0.13819     -0.02499      6.72302      6.72594      0.13957
   22  (eta)             11       221   17          25          26      0.69940      0.34177     20.15418     20.17664      0.54745
   23  K-                 1      -321   18           0           0      0.38423      1.05154     19.41577     19.45428      0.49360
   24  pi+                1       211   18           0           0      0.02350      0.21083      1.38910      1.41212      0.13957
   25  gamma              1        22   22           0           0      0.27355      0.18908      3.37160      3.38796      0.00000
   26  gamma              1        22   22           0           0      0.42584      0.15269     16.78258     16.78868      0.00000
 ==================================================================================================================================
                   sum charge:  0.00   sum momentum and inv. mass:      0.00000      0.00000    120.00000    140.00339     72.11760



                            Event listing (standard)

    I  particle/jet  K(I,1)   K(I,2) K(I,3)     K(I,4)      K(I,5)       P(I,1)       P(I,2)       P(I,3)       P(I,4)       P(I,5)

    1  !e-!              21        11    0           3           4      0.00000      0.00000    -10.00000     10.00000      0.00051
    2  !p+!              21      2212    0           5           0     -0.00000      0.00000    130.00000    130.00339      0.93827
 ==================================================================================================================================
    3  !e-!              21        11    1           0           0      1.03981      0.07650     -9.59322      9.64971      0.00051
    4  !gamma!           21        22    1           0           0     -1.03981     -0.07650     -0.40678      0.35029     -1.06293
    5  !p+!              21      2212    2           0           0     -0.00000      0.00000    130.00000    130.00339      0.93827
    6  !gamma!           21        22    4           0           0     -1.02707     -0.07556      0.33522      1.08303     -0.00000
    7  !g!               21        21    5           0           0      0.16193     -0.12930     10.20178     10.20389     -0.00000
    8  !gamma!           21        22    6           0           0     -1.02707     -0.07556      0.33522      1.08303      0.00000
    9  !g!               21        21    7           0           0      0.16193     -0.12930     10.20178     10.20389      0.00000
   10  !d!               21         1    0           0           0     -0.73917      0.90157      9.87701      9.95105      0.33000
   11  !dbar!            21        -1    0           0           0     -0.12597     -1.10643      0.65999      1.33586      0.33000
 ==================================================================================================================================
   12  e-                 1        11    3           0           0      1.03981      0.07650     -9.59322      9.64971      0.00051
   13  (d)           A   12         1   10          17          17     -0.73917      0.90157      9.87701      9.95105      0.33000
   14  (ud_0)        V   11      2101    5          17          17      0.23978      0.57178     51.31287     51.31988      0.57933
   15  (dbar)        A   12        -1   11          21          21     -0.12597     -1.10643      0.65999      1.33586      0.33000
   16  (u)           V   11         2    5          21          21     -0.41444     -0.44341     67.74335     67.74687      0.33000
 ==================================================================================================================================
   17  (string)          11        92   13          18          20     -0.49940      1.47334     61.18988     61.27094      2.73974
   18  pi-                1      -211   17           0           0     -0.24117      0.43670      4.59836      4.62744      0.13957
   19  (K*+)             11       323   17          30          31     -0.04587      0.54084     12.23539     12.27005      0.74486
   20  (Lambda0)         11      3122   17          32          33     -0.21235      0.49580     44.35614     44.37345      1.11568
   21  (string)          11        92   15          22          29     -0.54041     -1.54984     68.40334     69.08274      9.52437
   22  pi+                1       211   21           0           0      0.31722     -0.77120      0.87026      1.21334      0.13957
   23  (rho-)            11      -213   21          34          35     -0.21104     -0.10610      3.83454      3.93741      0.86237
   24  pi+                1       211   21           0           0     -0.32096      0.10559      3.56842      3.58710      0.13957
   25  (omega)           11       223   21          36          37     -0.02028     -0.73082      7.13755      7.21747      0.78276
   26  (rho-)            11      -213   21          38          39      0.30158      0.28090     15.93965     15.95941      0.67855
   27  nbar0              1     -2112   21           0           0     -0.11754     -0.04942     27.96163     27.97771      0.93957
   28  n0                 1      2112   21           0           0     -0.36643     -0.32696      8.55883      8.62424      0.93957
   29  pi+                1       211   21           0           0     -0.12297      0.04817      0.53245      0.56606      0.13957
   30  (K0)              11       311   19          40          40     -0.01002      0.20353      6.07671      6.10046      0.49767
   31  pi+                1       211   19           0           0     -0.03586      0.33730      6.15868      6.16959      0.13957
   32  p+                 1      2212   20           0           0     -0.24579      0.35681     38.63277     38.64659      0.93827
   33  pi-                1      -211   20           0           0      0.03344      0.13899      5.72337      5.72686      0.13957
   34  pi-                1      -211   23           0           0      0.29667     -0.09455      2.00797      2.03675      0.13957
   35  (pi0)             11       111   23          41          42     -0.50770     -0.01156      1.82658      1.90066      0.13498
   36  pi-                1      -211   25           0           0      0.09198     -0.61404      2.66957      2.74438      0.13957
   37  pi+                1       211   25           0           0     -0.11226     -0.11678      4.46798      4.47309      0.13957
   38  pi-                1      -211   26           0           0      0.43090      0.00974     10.53112     10.54086      0.13957
   39  (pi0)             11       111   26          43          44     -0.12931      0.27116      5.40853      5.41855      0.13498
   40  K_L0               1       130   30           0           0     -0.01002      0.20353      6.07671      6.10046      0.49767
   41  gamma              1        22   35           0           0     -0.24314      0.02207      1.09770      1.12452      0.00000
   42  gamma              1        22   35           0           0     -0.26456     -0.03363      0.72888      0.77614      0.00000
   43  gamma              1        22   39           0           0     -0.09749      0.26358      4.10535      4.11496      0.00000
   44  gamma              1        22   39           0           0     -0.03182      0.00758      1.30318      1.30359      0.00000
 ==================================================================================================================================
                   sum charge:  0.00   sum momentum and inv. mass:     -0.00000     -0.00000    120.00000    140.00339     72.11760



                            Event listing (standard)

    I  particle/jet  K(I,1)   K(I,2) K(I,3)     K(I,4)      K(I,5)       P(I,1)       P(I,2)       P(I,3)       P(I,4)       P(I,5)

    1  !e-!              21        11    0           3           4      0.00000      0.00000    -10.00000     10.00000      0.00051
    2  !p+!              21      2212    0           5           0     -0.00000      0.00000    130.00000    130.00339      0.93827
 ==================================================================================================================================
    3  !e-!              21        11    1           0           0     -1.16891      0.04084     -9.64639      9.71704      0.00051
    4  !gamma!           21        22    1           0           0      1.16891     -0.04084     -0.35361      0.28296     -1.18869
    5  !p+!              21      2212    2           0           0     -0.00000      0.00000    130.00000    130.00339      0.93827
    6  !ubar!            21        -2    4           0           0      1.04446      0.13117      1.98045      2.24283     -0.00000
    7  !d!               21         1    5           0           0     -0.03199      0.13597     13.14691     13.14765     -0.00000
    8  !ubar!            21        -2    6           0           0      1.04446      0.13117      1.98045      2.24283      0.00000
    9  !d!               21         1    7           0           0     -0.03199      0.13597     13.14691     13.14765      0.00000
   10  !ubar!            21        -2    0           0           0     -0.30804     -0.85761      3.57827      3.70720      0.33000
   11  !d!               21         1    0           0           0      1.32052      1.12475     11.54909     11.68329      0.33000
 ==================================================================================================================================
   12  e-                 1        11    3           0           0     -1.16891      0.04084     -9.64639      9.71704      0.00051
   13  (ubar)        A   12        -2   10          17          17     -0.30804     -0.85761      3.57827      3.70720      0.33000
   14  (d)           V   11         1   11          17          17      1.32052      1.12475     11.54909     11.68329      0.33000
   15  (u)           A   12         2    4          21          21      0.12426     -0.17200      0.01862      0.39277      0.33000
   16  (uu_1)        V   11      2203    5          21          21      0.03217     -0.13598    114.50040    114.50309      0.77133
 ==================================================================================================================================
   17  (string)          11        92   13          18          20      1.01248      0.26714     15.12737     15.39049      2.63315
   18  pi-                1      -211   17           0           0      0.57361      0.55691      3.86534      3.94962      0.13957
   19  (omega)           11       223   17          29          31      0.07785      0.35615      6.60416      6.66073      0.78583
   20  (omega)           11       223   17          32          34      0.36102     -0.64593      4.65787      4.78014      0.77873
   21  (string)          11        92   15          22          28      0.15643     -0.30798    114.51902    114.89586      9.29157
   22  pi+                1       211   21           0           0     -0.15159     -0.08645      0.11292      0.25036      0.13957
   23  (eta)             11       221   21          35          37      0.26166      0.51112      3.98982      4.06794      0.54745
   24  n0                 1      2112   21           0           0     -0.15580     -0.56698     14.49555     14.53786      0.93957
   25  nbar0              1     -2112   21           0           0      0.28996     -0.36850     14.38793     14.42619      0.93957
   26  n0                 1      2112   21           0           0     -0.41911      0.13770     21.99980     22.02428      0.93957
   27  pbar-              1     -2212   21           0           0      0.62563      0.23424     18.22011     18.25648      0.93827
   28  (Delta++)         11      2224   21          38          39     -0.29432     -0.16911     41.31289     41.33274      1.23517
   29  pi-                1      -211   19           0           0      0.29953      0.07049      3.18488      3.20275      0.13957
   30  pi+                1       211   19           0           0     -0.06886      0.10460      0.68718      0.71231      0.13957
   31  (pi0)             11       111   19          40          41     -0.15282      0.18106      2.73210      2.74567      0.13498
   32  pi+                1       211   20           0           0      0.15950     -0.24661      0.72044      0.79042      0.13957
   33  pi-                1      -211   20           0           0      0.22631     -0.08425      2.28263      2.29961      0.13957
   34  (pi0)             11       111   20          42          43     -0.02479     -0.31506      1.65480      1.69010      0.13498
   35  (pi0)             11       111   23          44          45      0.19746      0.30934      2.63912      2.66793      0.13498
   36  (pi0)             11       111   23          46          47      0.01234      0.16638      0.90498      0.93008      0.13498
   37  (pi0)             11       111   23          48          49      0.05186      0.03539      0.44572      0.46993      0.13498
   38  p+                 1      2212   28           0           0     -0.32269      0.05468     29.06532     29.08231      0.93827
   39  pi+                1       211   28           0           0      0.02837     -0.22379     12.24757     12.25044      0.13957
   40  gamma              1        22   31           0           0     -0.10494      0.19011      2.42844      2.43812      0.00000
   41  gamma              1        22   31           0           0     -0.04788     -0.00905      0.30366      0.30755      0.00000
   42  gamma              1        22   34           0           0      0.04028     -0.05781      0.22103      0.23199      0.00000
   43  gamma              1        22   34           0           0     -0.06507     -0.25725      1.43377      1.45811      0.00000
   44  gamma              1        22   35           0           0      0.05432      0.19502      1.60423      1.61695      0.00000
   45  gamma              1        22   35           0           0      0.14314      0.11433      1.03489      1.05098      0.00000
   46  gamma              1        22   36           0           0      0.03523      0.09569      0.76342      0.77020      0.00000
   47  gamma              1        22   36           0           0     -0.02290      0.07069      0.14156      0.15988      0.00000
   48  gamma              1        22   37           0           0     -0.03008      0.03979      0.28641      0.29072      0.00000
   49  gamma              1        22   37           0           0      0.08194     -0.00440      0.15931      0.17920      0.00000
 ==================================================================================================================================
                   sum charge:  0.00   sum momentum and inv. mass:      0.00000      0.00000    120.00000    140.00339     72.11760



                            Event listing (standard)

    I  particle/jet  K(I,1)   K(I,2) K(I,3)     K(I,4)      K(I,5)       P(I,1)       P(I,2)       P(I,3)       P(I,4)       P(I,5)

    1  !e-!              21        11    0           3           4      0.00000      0.00000    -10.00000     10.00000      0.00051
    2  !p+!              21      2212    0           5           0     -0.00000      0.00000    130.00000    130.00339      0.93827
 ==================================================================================================================================
    3  !e-!              21        11    1           0           0     -1.20374     -1.35702     -9.40107      9.57448      0.00051
    4  !gamma!           21        22    1           0           0      1.20374      1.35702     -0.59893      0.42552     -1.86229
    5  !p+!              21      2212    2           0           0     -0.00000      0.00000    130.00000    130.00339      0.93827
    6  !g!               21        21    4           0           0      0.00000      0.00000      0.00000      0.00000      0.00000
    7  !g!               21        21    5           0           0      0.00000      0.00000      0.00000      0.00000      0.00000
    8  !g!               21        21    6           0           0      0.00000      0.00000      0.00000      0.00000      0.00000
    9  !g!               21        21    7           0           0      0.00000      0.00000      0.00000      0.00000      0.00000
   10  !g!               21        21    0           0           0      0.00000      0.00000      0.00000      0.00000      0.00000
   11  !g!               21        21    0           0           0      0.00000      0.00000      0.00000      0.00000      0.00000
 ==================================================================================================================================
   12  e-                 1        11    3           0           0     -1.20374     -1.35702     -9.40107      9.57448      0.00051
   13  (sbar)        A   12        -3    4          17          17      0.32293      0.58310      0.49815      0.97079      0.50000
   14  (u)           V   11         2    5          17          17     -0.36311     -0.20171     11.18213     11.19471      0.33000
   15  (s)           A   12         3    4          22          22      0.86730      0.75869      1.18977      1.73014      0.50000
   16  (ud_0)        V   11      2101    5          22          22      0.37663      0.21695    116.53102    116.53327      0.57933
 ==================================================================================================================================
   17  (string)          11        92   13          18          21     -0.04019      0.38138     11.68028     12.16550      3.37985
   18  (K*0)             11       313   17          31          32      0.09157      0.90171      3.19954      3.46552      0.97537
   19  pi+                1       211   17           0           0      0.29653     -0.49047      1.42903      1.54599      0.13957
   20  pi-                1      -211   17           0           0     -0.50987     -0.18401      6.77624      6.79932      0.13957
   21  pi+                1       211   17           0           0      0.08158      0.15416      0.27547      0.35466      0.13957
   22  (string)          11        92   15          23          30      1.24393      0.97564    117.72079    118.26341     11.20490
   23  (eta')            11       331   22          33          35      0.58992      0.37619      5.42323      5.55142      0.95775
   24  (Kbar0)           11      -311   22          36          36     -0.01053      0.28841      1.17389      1.30728      0.49767
   25  (rho0)            11       113   22          37          38      0.49790      0.47786      7.32944      7.39968      0.74722
   26  (eta)             11       221   22          39          41     -0.53040     -0.51509      2.78617      2.93412      0.54745
   27  pi-                1      -211   22           0           0      0.03283     -0.10075      2.90172      2.90700      0.13957
   28  (rho0)            11       113   22          42          43      0.62616      0.19188     26.84389     26.86157      0.72162
   29  (rho+)            11       213   22          44          45     -0.13095      0.39108     16.03431     16.06577      0.91640
   30  n0                 1      2112   22           0           0      0.16899     -0.13393     55.22814     55.23655      0.93957
   31  K+                 1       321   18           0           0      0.33282      0.45225      2.33786      2.45449      0.49360
   32  pi-                1      -211   18           0           0     -0.24125      0.44947      0.86167      1.01103      0.13957
   33  (pi0)             11       111   23          46          47      0.13739      0.10447      1.66701      1.68135      0.13498
   34  (pi0)             11       111   23          48          49      0.01685      0.15769      0.59656      0.63186      0.13498
   35  (eta)             11       221   23          50          52      0.43568      0.11404      3.15966      3.23821      0.54745
   36  K_L0               1       130   24           0           0     -0.01053      0.28841      1.17389      1.30728      0.49767
   37  pi+                1       211   25           0           0      0.13419     -0.16816      1.52284      1.54428      0.13957
   38  pi-                1      -211   25           0           0      0.36371      0.64602      5.80660      5.85540      0.13957
   39  pi+                1       211   26           0           0     -0.18661     -0.35371      1.58987      1.64533      0.13957
   40  pi-                1      -211   26           0           0     -0.09795     -0.05669      0.42370      0.46023      0.13957
   41  (pi0)             11       111   26          53          54     -0.24584     -0.10469      0.77259      0.82857      0.13498
   42  pi-                1      -211   28           0           0      0.58845      0.33569     24.17894     24.18883      0.13957
   43  pi+                1       211   28           0           0      0.03771     -0.14381      2.66495      2.67274      0.13957
   44  pi+                1       211   29           0           0      0.18571      0.57025      9.46470      9.48471      0.13957
   45  (pi0)             11       111   29          55          56     -0.31666     -0.17917      6.56961      6.58107      0.13498
   46  gamma              1        22   33           0           0      0.05107      0.08699      0.45054      0.46169      0.00000
   47  gamma              1        22   33           0           0      0.08632      0.01748      1.21647      1.21966      0.00000
   48  gamma              1        22   34           0           0     -0.03047      0.04789      0.38241      0.38660      0.00000
   49  gamma              1        22   34           0           0      0.04732      0.10980      0.21415      0.24527      0.00000
   50  pi+                1       211   35           0           0      0.03764     -0.04655      1.17201      1.18181      0.13957
   51  pi-                1      -211   35           0           0      0.24292      0.15611      1.26820      1.30812      0.13957
   52  (pi0)             11       111   35          57          58      0.15512      0.00448      0.71945      0.74828      0.13498
   53  gamma              1        22   41           0           0      0.00405     -0.01105      0.15921      0.15965      0.00000
   54  gamma              1        22   41           0           0     -0.24989     -0.09364      0.61338      0.66892      0.00000
   55  gamma              1        22   45           0           0     -0.31701     -0.19374      6.16067      6.17186      0.00000
   56  gamma              1        22   45           0           0      0.00035      0.01457      0.40895      0.40920      0.00000
   57  gamma              1        22   52           0           0      0.16243      0.04066      0.61918      0.64142      0.00000
   58  gamma              1        22   52           0           0     -0.00731     -0.03619      0.10028      0.10686      0.00000
 ==================================================================================================================================
                   sum charge:  0.00   sum momentum and inv. mass:     -0.00000     -0.00000    120.00000    140.00339     72.11760



                            Event listing (standard)

    I  particle/jet  K(I,1)   K(I,2) K(I,3)     K(I,4)      K(I,5)       P(I,1)       P(I,2)       P(I,3)       P(I,4)       P(I,5)

    1  !e-!              21        11    0           3           4      0.00000      0.00000    -10.00000     10.00000      0.00051
    2  !p+!              21      2212    0           5           0     -0.00000      0.00000    130.00000    130.00339      0.93827
 ==================================================================================================================================
    3  !e-!              21        11    1           0           0     -1.26077      1.41274     -9.88797     10.06764      0.00051
    4  !gamma!           21        22    1           0           0      1.26077     -1.41274     -0.11203     -0.06764     -1.89561
    5  !p+!              21      2212    2           0           0     -0.00000      0.00000    130.00000    130.00339      0.93827
    6  !gamma!           21        22    4           0           0      1.35074     -1.51356      5.44786      5.49556     -1.89561
    7  !u!               21         2    5           0           0     -0.02603      0.02917     36.00134     36.00136      0.00000
    8  !gamma!           21        22    6           0           0      1.35074     -1.51356      5.44786      5.49556     -1.89561
    9  !u!               21         2    7           0           0     -0.02603      0.02917     36.00134     36.00136      0.00000
   10  !u!               21         2    9           0           0      1.32471     -1.48439     41.44921     41.49693      0.00000
 ==================================================================================================================================
   11  e-                 1        11    3           0           0     -1.26077      1.41274     -9.88797     10.06764      0.00051
   12  (u)           A   12         2   10          14          14      1.06473     -1.46864     35.92681     35.97258      0.00000
   13  (ud_0)        V   11      2101    5          14          14      0.19604      0.05590     93.96116     93.96317      0.57933
 ==================================================================================================================================
   14  (string)          11        92   12          15          17      1.26077     -1.41274    129.88797    129.93575      2.97106
   15  (rho+)            11       213   14          18          19      0.75055     -0.99396     33.41877     33.45024      0.74372
   16  (pi0)             11       111   14          20          21      0.11835      0.34451     40.39733     40.39920      0.13498
   17  n0                 1      2112   14           0           0      0.39187     -0.76330     56.07187     56.08630      0.93957
   18  pi+                1       211   15           0           0      0.57057     -0.99647     30.83679     30.85848      0.13957
   19  (pi0)             11       111   15          22          23      0.17998      0.00251      2.58198      2.59177      0.13498
   20  gamma              1        22   16           0           0      0.09226      0.07862     12.20611     12.20672      0.00000
   21  gamma              1        22   16           0           0      0.02609      0.26590     28.19122     28.19249      0.00000
   22  gamma              1        22   19           0           0      0.08509      0.05478      0.78115      0.78768      0.00000
   23  gamma              1        22   19           0           0      0.09489     -0.05228      1.80084      1.80409      0.00000
 ==================================================================================================================================
                   sum charge:  0.00   sum momentum and inv. mass:     -0.00000      0.00000    120.00000    140.00339     72.11760



                            Event listing (standard)

    I  particle/jet  K(I,1)   K(I,2) K(I,3)     K(I,4)      K(I,5)       P(I,1)       P(I,2)       P(I,3)       P(I,4)       P(I,5)

    1  !e-!              21        11    0           3           4      0.00000      0.00000    -10.00000     10.00000      0.00051
    2  !p+!              21      2212    0           5           0     -0.00000      0.00000    130.00000    130.00339      0.93827
 ==================================================================================================================================
    3  !e-!              21        11    1           0           0     -0.05949     -1.86513     -9.58381      9.76379      0.00051
    4  !gamma!           21        22    1           0           0      0.05949      1.86513     -0.41619      0.23621     -1.89728
    5  !p+!              21      2212    2           0           0     -0.00000     -0.00000    130.00000    130.00339      0.93827
    6  !gamma!           21        22    4           0           0      0.05980      1.87480     -0.38980      0.26599     -1.89728
    7  !c!               21         4    5           0           0     -0.00001     -0.00020      2.74394      2.74394      0.00000
    8  !gamma!           21        22    6           0           0      0.05980      1.87480     -0.38980      0.26599     -1.89728
    9  !c!               21         4    7           0           0     -0.00001     -0.00020      2.74394      2.74394      0.00000
   10  !c!               21         4    9           0           0      0.05979      1.87460      2.35414      3.00993      0.00000
 ==================================================================================================================================
   11  (Dbar0)           11      -421    5          16          17      0.11427     -0.18600     56.00487     56.03632      1.86450
   12  e-                 1        11    3           0           0     -0.05949     -1.86513     -9.58381      9.76379      0.00051
   13  (ud_0)        A   12      2101    5          18          18     -0.29347      0.06338     69.31470     69.31777      0.57933
   14  (g)           I   12        21   10          18          18      0.52341      1.82983      4.10138      4.52145      0.00000
   15  (c)           V   11         4   10          18          18     -0.28473      0.15792      0.16286      0.36405      0.00000
 ==================================================================================================================================
   16  K+                 1       321   11           0           0     -0.70351     -0.30641     18.92827     18.95024      0.49360
   17  pi-                1      -211   11           0           0      0.81779      0.12040     37.07660     37.08608      0.13957
   18  (string)          11        92   13          19          22     -0.05479      2.05113     73.57894     74.20328      9.38380
   19  n0                 1      2112   18           0           0     -0.01471     -0.23405     27.96174     27.97850      0.93957
   20  (pi0)             11       111   18          23          24     -0.27983      0.21283     31.60203     31.60427      0.13498
   21  nbar0              1     -2112   18           0           0      0.19546      0.66946      7.24011      7.33405      0.93957
   22  (Lambda_c+)       11      4122   18          25          27      0.04429      1.40289      6.77507      7.28645      2.28490
   23  gamma              1        22   20           0           0     -0.01070      0.06923      4.88096      4.88146      0.00000
   24  gamma              1        22   20           0           0     -0.26913      0.14360     26.72107     26.72281      0.00000
   25  (K*-)             11      -323   22          28          29      0.04973      0.44114      2.75914      2.92916      0.87750
   26  (pi0)             11       111   22          30          31      0.00977      0.10165      0.29306      0.33842      0.13498
   27  (Delta++)         11      2224   22          32          33     -0.01522      0.86010      3.72287      4.01887      1.24562
   28  K-                 1      -321   25           0           0     -0.17247      0.36383      2.37478      2.45872      0.49360
   29  (pi0)             11       111   25          34          35      0.22220      0.07731      0.38437      0.47043      0.13498
   30  gamma              1        22   26           0           0      0.02924      0.05635      0.28043      0.28752      0.00000
   31  gamma              1        22   26           0           0     -0.01947      0.04530      0.01263      0.05090      0.00000
   32  p+                 1      2212   27           0           0      0.15634      0.52823      2.35778      2.59671      0.93827
   33  pi+                1       211   27           0           0     -0.17156      0.33187      1.36509      1.42216      0.13957
   34  gamma              1        22   29           0           0      0.09145      0.01549      0.04831      0.10458      0.00000
   35  gamma              1        22   29           0           0      0.13076      0.06181      0.33605      0.36586      0.00000
 ==================================================================================================================================
                   sum charge:  0.00   sum momentum and inv. mass:      0.00000      0.00000    120.00000    140.00339     72.11760



                            Event listing (standard)

    I  particle/jet  K(I,1)   K(I,2) K(I,3)     K(I,4)      K(I,5)       P(I,1)       P(I,2)       P(I,3)       P(I,4)       P(I,5)

    1  !e-!              21        11    0           3           4      0.00000      0.00000    -10.00000     10.00000      0.00051
    2  !p+!              21      2212    0           5           0     -0.00000      0.00000    130.00000    130.00339      0.93827
 ==================================================================================================================================
    3  !e-!              21        11    1           0           0     -1.06031      0.64199     -8.03136      8.12645      0.00051
    4  !gamma!           21        22    1           0           0      1.06031     -0.64199     -1.96864      1.87355     -1.37904
    5  !p+!              21      2212    2           0           0     -0.00000      0.00000    130.00000    130.00339      0.93827
    6  !gamma!           21        22    4           0           0      1.06124     -0.64256     -1.96994      1.87564     -1.37904
    7  !ubar!            21        -2    5           0           0     -0.00000      0.00000      0.24726      0.24726      0.00000
    8  !gamma!           21        22    6           0           0      1.06124     -0.64256     -1.96994      1.87564     -1.37904
    9  !ubar!            21        -2    7           0           0     -0.00000      0.00000      0.24726      0.24726      0.00000
   10  !ubar!            21        -2    9           0           0      1.06124     -0.64256     -1.72267      2.12290      0.00000
 ==================================================================================================================================
   11  (Delta++)         11      2224    5          17          18      0.08557     -0.42917     67.38210     67.39399      1.18733
   12  e-                 1        11    3           0           0     -1.06031      0.64199     -8.03136      8.12645      0.00051
   13  (d)           A   12         1    5          19          19     -0.22944      0.21019     61.52534     61.52701      0.33000
   14  (g)           I   12        21   10          19          19      0.11358     -0.51121      0.47877      0.70954      0.00000
   15  (g)           I   12        21   10          19          19      0.14148      0.12260     -1.28010      1.29372      0.00000
   16  (ubar)        V   11        -2   10          19          19      0.94912     -0.03440     -0.07475      0.95268      0.00000
 ==================================================================================================================================
   17  p+                 1      2212   11           0           0     -0.01505     -0.47209     50.34173     50.35269      0.93827
   18  pi+                1       211   11           0           0      0.10062      0.04292     17.04037     17.04129      0.13957
   19  (string)          11        92   13          20          29      0.97474     -0.21282     60.64926     64.48295     21.87974
   20  (pi0)             11       111   19          30          31     -0.14483      0.76597     18.77392     18.79058      0.13498
   21  (eta)             11       221   19          32          33      0.09174     -0.87491     11.00578     11.05445      0.54745
   22  n0                 1      2112   19           0           0     -0.01060      0.41802     20.95725     20.98247      0.93957
   23  nbar0              1     -2112   19           0           0     -0.01734     -0.90570      6.95337      7.07480      0.93957
   24  (rho-)            11      -213   19          34          35     -0.51186      0.24302      0.77129      1.25140      0.80625
   25  (omega)           11       223   19          36          38      0.92732      0.51277      0.99477      1.68312      0.84881
   26  (eta)             11       221   19          39          40     -0.35053     -0.40602      0.55210      0.94459      0.54745
   27  (eta')            11       331   19          41          43      0.79093      0.22422      0.74327      1.46478      0.95775
   28  pi+                1       211   19           0           0     -0.23756     -0.56212     -0.15065      0.64388      0.13957
   29  pi-                1      -211   19           0           0      0.43747      0.37194      0.04815      0.59289      0.13957
   30  gamma              1        22   20           0           0     -0.16809      0.61526     14.79751     14.81125      0.00000
   31  gamma              1        22   20           0           0      0.02326      0.15071      3.97641      3.97933      0.00000
   32  gamma              1        22   21           0           0      0.06653      0.05310      0.45437      0.46228      0.00000
   33  gamma              1        22   21           0           0      0.02521     -0.92802     10.55141     10.59217      0.00000
   34  pi-                1      -211   24           0           0     -0.41917      0.36742      0.14558      0.59277      0.13957
   35  (pi0)             11       111   24          44          45     -0.09269     -0.12440      0.62571      0.65863      0.13498
   36  pi+                1       211   25           0           0      0.64510      0.28337      0.40332      0.82377      0.13957
   37  pi-                1      -211   25           0           0      0.20926     -0.07996      0.16769      0.31270      0.13957
   38  (pi0)             11       111   25          46          47      0.07296      0.30937      0.42376      0.54665      0.13498
   39  gamma              1        22   26           0           0      0.10641     -0.08235     -0.02895      0.13763      0.00000
   40  gamma              1        22   26           0           0     -0.45694     -0.32367      0.58105      0.80695      0.00000
   41  pi-                1      -211   27           0           0      0.08162      0.02950      0.32318      0.36257      0.13957
   42  pi+                1       211   27           0           0      0.09373      0.04076      0.12611      0.21408      0.13957
   43  (eta)             11       221   27          48          50      0.61558      0.15396      0.29398      0.88813      0.54745
   44  gamma              1        22   35           0           0      0.03319     -0.01331      0.14879      0.15303      0.00000
   45  gamma              1        22   35           0           0     -0.12588     -0.11109      0.47691      0.50560      0.00000
   46  gamma              1        22   38           0           0      0.10178      0.21739      0.24167      0.34062      0.00000
   47  gamma              1        22   38           0           0     -0.02882      0.09198      0.18209      0.20603      0.00000
   48  pi-                1      -211   43           0           0      0.08339      0.14022      0.08684      0.23160      0.13957
   49  pi+                1       211   43           0           0      0.33631     -0.05575      0.07590      0.37610      0.13957
   50  (pi0)             11       111   43          51          52      0.19588      0.06949      0.13124      0.28043      0.13498
   51  gamma              1        22   50           0           0      0.11091      0.01266     -0.00304      0.11168      0.00000
   52  gamma              1        22   50           0           0      0.08497      0.05683      0.13427      0.16875      0.00000
 ==================================================================================================================================
                   sum charge:  0.00   sum momentum and inv. mass:      0.00000      0.00000    120.00000    140.00339     72.11760



                            Event listing (standard)

    I  particle/jet  K(I,1)   K(I,2) K(I,3)     K(I,4)      K(I,5)       P(I,1)       P(I,2)       P(I,3)       P(I,4)       P(I,5)

    1  !e-!              21        11    0           3           4      0.00000      0.00000    -10.00000     10.00000      0.00051
    2  !p+!              21      2212    0           5           0     -0.00000      0.00000    130.00000    130.00339      0.93827
 ==================================================================================================================================
    3  !e-!              21        11    1           0           0     -0.76324     -1.00614     -8.29787      8.39342      0.00051
    4  !gamma!           21        22    1           0           0      0.76324      1.00614     -1.70213      1.60658     -1.38239
    5  !p+!              21      2212    2           0           0     -0.00000     -0.00000    130.00000    130.00339      0.93827
    6  !g!               21        21    4           0           0      0.00000      0.00000      0.00000      0.00000      0.00000
    7  !g!               21        21    5           0           0      0.00000      0.00000      0.00000      0.00000      0.00000
    8  !g!               21        21    6           0           0      0.00000      0.00000      0.00000      0.00000      0.00000
    9  !g!               21        21    7           0           0      0.00000      0.00000      0.00000      0.00000      0.00000
   10  !g!               21        21    0           0           0      0.00000      0.00000      0.00000      0.00000      0.00000
   11  !g!               21        21    0           0           0      0.00000      0.00000      0.00000      0.00000      0.00000
 ==================================================================================================================================
   12  e-                 1        11    3           0           0     -0.76324     -1.00614     -8.29787      8.39342      0.00051
   13  (d)           A   12         1    4          20          20      0.66055      0.53381     -0.84827      1.24488      0.33000
   14  (ud_0)        V   11      2101    5          20          20     -0.20524      0.10541    129.24251    129.24402      0.57933
   15  (dbar)        A   12        -1    4          17          17      0.04837      0.40071     -0.35136      0.62870      0.33000
   16  (u)           V   11         2    5          17          17      0.25956     -0.03379      0.25498      0.49237      0.33000
   17  (cluster)         11        91   15          18          19      0.30793      0.36692     -0.09638      1.12107      1.00899
   18  (Kbar0)           11      -311   17          30          30      0.22062      0.22482     -0.11332      0.59978      0.49767
   19  K+                 1       321   17           0           0      0.08732      0.14210      0.01694      0.52129      0.49360
 ==================================================================================================================================
   20  (string)          11        92   13          21          29      0.45531      0.63922    128.39424    130.48890     23.27348
   21  (K0)              11       311   20          31          31      1.00237      0.17801     -0.48555      1.23283      0.49767
   22  (Kbar0)           11      -311   20          32          32     -0.45428      0.46227      2.64567      2.76899      0.49767
   23  pi-                1      -211   20           0           0      0.28967      0.17360      1.57855      1.62029      0.13957
   24  pi+                1       211   20           0           0     -0.01538     -0.54816      1.82321      1.90901      0.13957
   25  pi-                1      -211   20           0           0     -0.11468      0.41393      3.42302      3.45268      0.13957
   26  pi+                1       211   20           0           0      0.10759     -0.07233      4.42905      4.43315      0.13957
   27  (K*0)             11       313   20          33          34     -0.30672     -0.08207      5.34707      5.41420      0.78841
   28  (phi)             11       333   20          35          36     -0.09721      0.15715     32.45697     32.47341      1.01672
   29  (Lambda0)         11      3122   20          37          38      0.04395     -0.04318     77.17624     77.18433      1.11568
   30  K_L0               1       130   18           0           0      0.22062      0.22482     -0.11332      0.59978      0.49767
   31  (K_S0)            11       310   21          39          40      1.00237      0.17801     -0.48555      1.23283      0.49767
   32  K_L0               1       130   22           0           0     -0.45428      0.46227      2.64567      2.76899      0.49767
   33  (K0)              11       311   27          41          41     -0.22409      0.01907      2.40884      2.46997      0.49767
   34  (pi0)             11       111   27          42          43     -0.08263     -0.10113      2.93824      2.94424      0.13498
   35  K+                 1       321   28           0           0      0.00927      0.12487     19.30930     19.31601      0.49360
   36  K-                 1      -321   28           0           0     -0.10647      0.03228     13.14766     13.15740      0.49360
   37  n0                 1      2112   29           0           0     -0.04155     -0.08194     61.81210     61.81931      0.93957
   38  (pi0)             11       111   29          44          45      0.08549      0.03876     15.36414     15.36502      0.13498
   39  pi+                1       211   31           0           0      0.51745     -0.07604     -0.37137      0.65646      0.13957
   40  pi-                1      -211   31           0           0      0.48492      0.25406     -0.11418      0.57637      0.13957
   41  (K_S0)            11       310   33          46          47     -0.22409      0.01907      2.40884      2.46997      0.49767
   42  gamma              1        22   34           0           0     -0.03091     -0.05126      2.45070      2.45143      0.00000
   43  gamma              1        22   34           0           0     -0.05172     -0.04987      0.48754      0.49280      0.00000
   44  gamma              1        22   38           0           0     -0.03335      0.02843      5.04222      5.04241      0.00000
   45  gamma              1        22   38           0           0      0.11884      0.01034     10.32193     10.32261      0.00000
   46  pi-                1      -211   41           0           0      0.10433      0.05640      0.96424      0.98149      0.13957
   47  pi+                1       211   41           0           0     -0.32843     -0.03734      1.44459      1.48848      0.13957
 ==================================================================================================================================
                   sum charge:  0.00   sum momentum and inv. mass:     -0.00000     -0.00000    120.00000    140.00339     72.11760

 Advisory warning: maximum violated by  1.155D+00 in event    1930
 XSEC(96,1) increased to  1.339D-02

 Advisory warning: maximum violated by  1.177D+00 in event    1967
 XSEC(96,1) increased to  1.576D-02

 Advisory warning: maximum violated by  1.048D+00 in event    7373
 XSEC(96,1) increased to  1.651D-02

 Advisory warning: maximum violated by  1.009D+00 in event    9595
 XSEC(96,1) increased to  1.666D-02

 Advisory warning: maximum violated by  1.009D+00 in event   10174
 XSEC(96,1) increased to  1.680D-02

 Advisory warning: maximum violated by  1.046D+00 in event   10401
 XSEC(96,1) increased to  1.758D-02

 Advisory warning: maximum violated by  1.003D+00 in event   10752
 XSEC(96,1) increased to  1.763D-02

 Advisory warning: maximum violated by  1.019D+00 in event   19006
 XSEC(96,1) increased to  1.796D-02

 Advisory warning: maximum violated by  1.029D+00 in event   25462
 XSEC(96,1) increased to  1.848D-02

 Advisory warning: maximum violated by  1.597D+00 in event   29701
 XSEC(96,1) increased to  2.951D-02
1********* PYSTAT:  Statistics on Number of Events and Cross-sections *********

 ==============================================================================
 I                                  I                            I            I
 I            Subprocess            I      Number of points      I    Sigma   I
 I                                  I                            I            I
 I----------------------------------I----------------------------I    (mb)    I
 I                                  I                            I            I
 I N:o Type                         I    Generated         Tried I            I
 I                                  I                            I            I
 ==============================================================================
 I                                  I                            I            I
 I   0 All included subprocesses    I       500000      11478347 I  6.393D-04 I
 I  11 f + f' -> f + f' (QCD)       I        11817             0 I  9.706D-06 I
 I  12 f + fbar -> f' + fbar'       I          244             0 I  1.866D-07 I
 I  13 f + fbar -> g + g            I          310             0 I  2.336D-07 I
 I  28 f + g -> f + g               I        28391             0 I  2.297D-05 I
 I  53 g + g -> f + fbar            I          292             0 I  1.935D-07 I
 I  68 g + g -> g + g               I        12585             0 I  8.416D-06 I
 I  91 Elastic scattering           I        28365        444130 I  3.300D-05 I
 I  92 Single diffractive (XB)      I        13902        340331 I  1.626D-05 I
 I  93 Single diffractive (AX)      I        11189        277980 I  1.303D-05 I
 I  94 Double  diffractive          I         6953        272065 I  7.853D-06 I
 I  95 Low-pT scattering            I        44410        127936 I  1.069D-04 I
 I  99 q + gamma* -> q              I       316570       1611190 I  3.897D-04 I
 I 131 f + gamma*_T -> f + g        I         8277        155752 I  1.029D-05 I
 I 132 f + gamma*_L -> f + g        I          466          7573 I  5.457D-07 I
 I 135 g + gamma*_T -> f + fbar     I        13290        440781 I  1.641D-05 I
 I 136 g + gamma*_L -> f + fbar     I         2939         71964 I  3.642D-06 I
 I                                  I                            I            I
 ==============================================================================
 I                                  I                            I            I
 I   1 VMD * hadron                 I        84306       6047492 I  1.235D-04 I
 I   2 direct * hadron              I        24972        676070 I  3.089D-05 I
 I   3 anomalous * hadron           I        74152       3143595 I  9.526D-05 I
 I   4 DIS * hadron                 I       316570       1611190 I  3.897D-04 I
 I                                  I                            I            I
 ==============================================================================

 ********* Total number of errors, excluding junctions =        0 *************
 ********* Total number of errors, including junctions =        0 *************
 ********* Total number of warnings =                           0 *************
 ********* Fraction of events that fail fragmentation cuts =  0.04478 *********

1************ PYSTAT: User-Defined Limits on Kinematical Variables ************

 ==============================================================================
 I                                                                            I
 I                 0.000D+00 <  m_hard (GeV/c^2)  <  2.560D+01                I
 I    0.000D+00 ( 1.000D+00) <  p_T_hard (GeV/c)  <  1.280D+01                I
 I                             m_finite (GeV/c^2) =  1.000D+00                I
 I                -1.000D+01 <    y*_subsystem    <  1.000D+01                I
 I                -4.000D+01 <      y*_large      <  4.000D+01                I
 I                -4.000D+01 <      y*_small      <  4.000D+01                I
 I                -4.000D+01 <     eta*_large     <  4.000D+01                I
 I                -4.000D+01 <     eta*_small     <  4.000D+01                I
 I                -1.000D+00 < cos(theta*)_large  <  1.000D+00                I
 I                -1.000D+00 < cos(theta*)_small  <  1.000D+00                I
 I                 0.000D+00 <        x_1         <  1.000D+00                I
 I                 0.000D+00 <        x_2         <  1.000D+00                I
 I                -1.000D+00 <        x_F         <  1.000D+00                I
 I                -1.000D+00 <  cos(theta_hard)   <  1.000D+00                I
 I                 2.000D+00 < m'_hard (GeV/c^2)  <  2.560D+01                I
 I                                                                            I
 ==============================================================================
 The charm mass used is:    1.5000000000000000     
 ===================================================
 Pythia total cross section normalisation:  0.63928175476836346       microbarn
 Total Number of generated events      500000
 Total Number of trials      500000
 ===================================================

 ===== PDFSTA statistics for PDF under/over-flows ====

 ====== STRUCTM statistics for nucleon/pion PDFs =====

   total # of calls    9826852.0000000000     
   X  below PDF min    0.0000000000000000       or    0.0000000000000000       %
   X  above PDF max    0.0000000000000000       or    0.0000000000000000       %
   Q2 below PDF min    0.0000000000000000       or    0.0000000000000000       %
   Q2 above PDF max    0.0000000000000000       or    0.0000000000000000       %

 ========= STRUCTP statistics for photon PDFs ========

   total # of calls    0.0000000000000000     

