1                                                                              
 ******************************************************************************
 ******************************************************************************
 **                                                                          **
 **                                                                          **
 **              *......*                  Welcome to the Lund Monte Carlo!  **
 **         *:::!!:::::::::::*                                               **
 **      *::::::!!::::::::::::::*          PPP  Y   Y TTTTT H   H III   A    **
 **    *::::::::!!::::::::::::::::*        P  P  Y Y    T   H   H  I   A A   **
 **   *:::::::::!!:::::::::::::::::*       PPP    Y     T   HHHHH  I  AAAAA  **
 **   *:::::::::!!:::::::::::::::::*       P      Y     T   H   H  I  A   A  **
 **    *::::::::!!::::::::::::::::*!       P      Y     T   H   H III A   A  **
 **      *::::::!!::::::::::::::* !!                                         **
 **      !! *:::!!:::::::::::*    !!       This is PYTHIA version 6.428      **
 **      !!     !* -><- *         !!       Last date of change:  5 Sep 2013  **
 **      !!     !!                !!                                         **
 **      !!     !!                !!       Now is  0 Jan 2000 at  0:00:00    **
 **      !!                       !!                                         **
 **      !!        lh             !!       Disclaimer: this program comes    **
 **      !!                       !!       without any guarantees. Beware    **
 **      !!                 hh    !!       of errors and use common sense    **
 **      !!    ll                 !!       when interpreting results.        **
 **      !!                       !!                                         **
 **      !!                                Copyright T. Sjostrand (2011)     **
 **                                                                          **
 ** An archive of program versions and documentation is found on the web:    **
 ** http://www.thep.lu.se/~torbjorn/Pythia.html                              **
 **                                                                          **
 ** When you cite this program, the official reference is to the 6.4 manual: **
 ** T. Sjostrand, S. Mrenna and P. Skands, JHEP05 (2006) 026                 **
 ** (LU TP 06-13, FERMILAB-PUB-06-052-CD-T) [hep-ph/0603175].                **
 **                                                                          **
 ** Also remember that the program, to a large extent, represents original   **
 ** physics research. Other publications of special relevance to your        **
 ** studies may therefore deserve separate mention.                          **
 **                                                                          **
 ** Main author: Torbjorn Sjostrand; Department of Theoretical Physics,      **
 **   Lund University, Solvegatan 14A, S-223 62 Lund, Sweden;                **
 **   phone: + 46 - 46 - 222 48 16; e-mail: torbjorn@thep.lu.se              **
 ** Author: Stephen Mrenna; Computing Division, GDS Group,                   **
 **   Fermi National Accelerator Laboratory, MS 234, Batavia, IL 60510, USA; **
 **   phone: + 1 - 630 - 840 - 2556; e-mail: mrenna@fnal.gov                 **
 ** Author: Peter Skands; CERN/PH-TH, CH-1211 Geneva, Switzerland            **
 **   phone: + 41 - 22 - 767 24 47; e-mail: peter.skands@cern.ch             **
 **                                                                          **
 **                                                                          **
 ******************************************************************************
 ******************************************************************************
     MSEL           changed from              1 to              2
     MSTP(14)       changed from             30 to             30
     MSTP(15)       changed from              0 to              0
     MSTP(16)       changed from              1 to              1
     MSTP(17)       changed from              4 to              4
     MSTP(18)       changed from              3 to              3
     MSTP(19)       changed from              4 to              1
     MSTP(20)       changed from              3 to              0
     MSTP(32)       changed from              8 to              8
     MSTP(38)       changed from              5 to              4
     MSTP(51)       changed from              7 to          10050
     MSTP(52)       changed from              1 to              2
     MSTP(53)       changed from              3 to              3
     MSTP(54)       changed from              1 to              1
     MSTP(55)       changed from              5 to              5
     MSTP(56)       changed from              1 to              1
     MSTP(57)       changed from              1 to              1
     MSTP(58)       changed from              5 to              5
     MSTP(59)       changed from              1 to              1
     MSTP(60)       changed from              7 to              7
     MSTP(61)       changed from              2 to              2
     MSTP(71)       changed from              1 to              1
     MSTP(81)       changed from              1 to              0
     MSTP(82)       changed from              4 to              1
     MSTP(91)       changed from              1 to              1
     MSTP(92)       changed from              3 to              3
     MSTP(93)       changed from              1 to              1
     MSTP(101)      changed from              3 to              3
     MSTP(102)      changed from              1 to              1
     MSTP(111)      changed from              1 to              1
     MSTP(121)      changed from              0 to              0
     PARP(13)       changed from        1.00000 to        1.00000
     PARP(18)       changed from        0.40000 to        0.40000
     PARP(81)       changed from        1.90000 to        1.90000
     PARP(89)       changed from     1800.00000 to     1800.00000
     PARP(90)       changed from        0.25000 to        0.16000
     PARP(91)       changed from        2.00000 to        0.40000
     PARP(93)       changed from        5.00000 to        5.00000
     PARP(99)       changed from        1.00000 to        0.40000
     PARP(100)      changed from        5.00000 to        5.00000
     PARP(102)      changed from        0.28000 to        0.28000
     PARP(103)      changed from        1.00000 to        1.00000
     PARP(104)      changed from        0.80000 to        0.80000
     PARP(111)      changed from        2.00000 to        2.00000
     PARP(161)      changed from        2.20000 to        3.00000
     PARP(162)      changed from       23.60000 to       24.60000
     PARP(163)      changed from       18.40000 to       18.80000
     PARP(164)      changed from       11.50000 to       11.50000
     PARP(165)      changed from        0.50000 to        0.47679
     PARP(166)      changed from        0.00000 to        0.67597
     PARJ(1)        changed from        0.10000 to        0.10000
     PARJ(2)        changed from        0.30000 to        0.30000
     PARJ(11)       changed from        0.50000 to        0.50000
     PARJ(12)       changed from        0.60000 to        0.60000
     PARJ(21)       changed from        0.36000 to        0.40000
     PARJ(32)       changed from        1.00000 to        1.00000
     PARJ(33)       changed from        0.80000 to        0.80000
     PARJ(41)       changed from        0.30000 to        0.30000
     PARJ(42)       changed from        0.58000 to        0.58000
     PARJ(45)       changed from        0.50000 to        0.50000
     MSTJ(1)        changed from              1 to              1
     MSTJ(12)       changed from              2 to              1
     MSTJ(45)       changed from              5 to              5
     MSTU(112)      changed from              5 to              5
     MSTU(113)      changed from              3 to              5
     MSTU(114)      changed from              5 to              5
     CKIN(1)        changed from        2.00000 to        1.00000
     CKIN(2)        changed from       -1.00000 to       -1.00000
     CKIN(3)        changed from        0.00000 to        0.00000
     CKIN(4)        changed from       -1.00000 to       -1.00000
     CKIN(5)        changed from        1.00000 to        1.00000
     CKIN(6)        changed from        1.00000 to        1.00000
     CKIN(7)        changed from      -10.00000 to      -10.00000
     CKIN(8)        changed from       10.00000 to       10.00000
     CKIN(9)        changed from      -40.00000 to      -40.00000
     CKIN(10)       changed from       40.00000 to       40.00000
     CKIN(11)       changed from      -40.00000 to      -40.00000
     CKIN(12)       changed from       40.00000 to       40.00000
     CKIN(13)       changed from      -40.00000 to      -40.00000
     CKIN(14)       changed from       40.00000 to       40.00000
     CKIN(15)       changed from      -40.00000 to      -40.00000
     CKIN(16)       changed from       40.00000 to       40.00000
     CKIN(17)       changed from       -1.00000 to       -1.00000
     CKIN(18)       changed from        1.00000 to        1.00000
     CKIN(19)       changed from       -1.00000 to       -1.00000
     CKIN(20)       changed from        1.00000 to        1.00000
     CKIN(21)       changed from        0.00000 to        0.00000
     CKIN(22)       changed from        1.00000 to        1.00000
     CKIN(23)       changed from        0.00000 to        0.00000
     CKIN(24)       changed from        1.00000 to        1.00000
     CKIN(25)       changed from       -1.00000 to       -1.00000
     CKIN(26)       changed from        1.00000 to        1.00000
     CKIN(27)       changed from       -1.00000 to       -1.00000
     CKIN(28)       changed from        1.00000 to        1.00000
     CKIN(31)       changed from        2.00000 to        2.00000
     CKIN(32)       changed from       -1.00000 to       -1.00000
     CKIN(35)       changed from        0.00000 to        0.00000
     CKIN(36)       changed from       -1.00000 to       -1.00000
     CKIN(37)       changed from        0.00000 to        0.00000
     CKIN(38)       changed from       -1.00000 to       -1.00000
     CKIN(39)       changed from        4.00000 to        4.00000
     CKIN(40)       changed from       -1.00000 to       -1.00000
     CKIN(65)       changed from        0.00000 to        0.00000
     CKIN(66)       changed from       -1.00000 to       -1.00000
     CKIN(67)       changed from        0.00000 to        0.00000
     CKIN(68)       changed from       -1.00000 to       -1.00000
     CKIN(77)       changed from        2.00000 to        2.00000
     CKIN(78)       changed from       -1.00000 to       -1.00000
 *********************************************
 NOW all parameters are read by PYTHIA
 *********************************************
 SEED =   1683264635
 RANLUX LUXURY LEVEL SET BY RLUXGO : 4     P= 389
 RANLUX INITIALIZED BY RLUXGO FROM SEEDS  1683264635           0           0
   5328.9753403062132        10.000000000000000       -5328.9753403062132       -10.0000000    
 *********************************************
 proton beam momentum:   250.000000     GeV
 lepton beam momentum:   10.0000000     GeV
 resulting sqrt(s):   100.00457712527508      GeV
 *********************************************
1****************** PYINIT: initialization of PYTHIA routines *****************
 ==== PYTHIA WILL USE LHAPDF ====
 *************************************
 *       LHAPDF Version 5.9.1        *
 *   Configured for the following:   *
 *             All PDFs              *
 *         FULL MEMORY option        *
 *    Maximum  3 concurrent set(s)   *
 *************************************

 >>>>>> PDF description: <<<<<<
 CTEQ6M                                                          
 Reference:                                                      
 J. Pumplin, D.R. Stump, J. Huston, H.L. Lai, P. Nadolsky,       
 W.K. Tung                                                       
 hep-ph/0201195                                                  
 This set has 41 member PDFs.                                    
     mem=0 --> central value (cteq6m)                            
     mem=1-40 --> 20 sets of +ve/-ve error values                
 >>>>>>                   <<<<<<

 ==============================================
 PDFset name /cvmfs/sft.cern.ch/lcg/external/lhapdfsets/5.9.1/share/PDFsets/cteq6mE.LHgrid   
 with         40 members
 ====  initialized. ===========================
 Strong coupling at Mz for PDF is:  0.11798

 ==============================================================================
 I                                                                            I
 I      PYTHIA will be initialized for gamma/e- on p+ user configuration      I
 I                                                                            I
 I                  px (GeV/c)   py (GeV/c)   pz (GeV/c)      E (GeV)         I
 I        gamma/e-       0.000        0.000      -10.000       10.000         I
 I        p+             0.000        0.000      250.000      250.002         I
 I                                                                            I
 I           corresponding to    100.005 GeV center-of-mass energy            I
 I                                                                            I
 ==============================================================================

 ******** PYMAXI: summary of differential cross-section maximum search ********

           ==========================================================
           I                                      I                 I
           I  ISUB  Subprocess name               I  Maximum value  I
           I                                      I                 I
           ==========================================================
           I                                      I                 I
           I   91   Elastic scattering            I    4.5802D-04   I
           I   92   Single diffractive (XB)       I    3.3396D-04   I
           I   93   Single diffractive (AX)       I    2.7193D-04   I
           I   94   Double  diffractive           I    2.7235D-04   I
           I   95   Low-pT scattering             I    1.9842D-03   I
           I   96   Semihard QCD 2 -> 2           I    1.9401D-02   I
           I                                      I                 I
           ==========================================================

 ******** PYMAXI: summary of differential cross-section maximum search ********

           ==========================================================
           I                                      I                 I
           I  ISUB  Subprocess name               I  Maximum value  I
           I                                      I                 I
           ==========================================================
           I                                      I                 I
           I  131   f + gamma*_T -> f + g         I    1.8340D-04   I
           I  132   f + gamma*_L -> f + g         I    9.6222D-06   I
           I  135   g + gamma*_T -> f + fbar      I    5.6762D-04   I
           I  136   g + gamma*_L -> f + fbar      I    9.2431D-05   I
           I                                      I                 I
           ==========================================================

 ******** PYMAXI: summary of differential cross-section maximum search ********

           ==========================================================
           I                                      I                 I
           I  ISUB  Subprocess name               I  Maximum value  I
           I                                      I                 I
           ==========================================================
           I                                      I                 I
           I   91   Elastic scattering            I    1.1937D-04   I
           I   92   Single diffractive (XB)       I    8.8669D-05   I
           I   93   Single diffractive (AX)       I    7.0104D-05   I
           I   94   Double  diffractive           I    7.1830D-05   I
           I   95   Low-pT scattering             I    5.5769D-04   I
           I   96   Semihard QCD 2 -> 2           I    1.4517D-02   I
           I                                      I                 I
           ==========================================================

 ******** PYMAXI: summary of differential cross-section maximum search ********

           ==========================================================
           I                                      I                 I
           I  ISUB  Subprocess name               I  Maximum value  I
           I                                      I                 I
           ==========================================================
           I                                      I                 I
           I   99   q + gamma* -> q               I    2.3955D-03   I
           I                                      I                 I
           ==========================================================

 ********************** PYINIT: initialization completed **********************
 the outputfile will be named: test/ep_10_250_Q2_1000_10000_norad.out                                                                                                                                                                                                                          



                            Event listing (standard)

    I  particle/jet  K(I,1)   K(I,2) K(I,3)     K(I,4)      K(I,5)       P(I,1)       P(I,2)       P(I,3)       P(I,4)       P(I,5)

    1  !e-!              21        11    0           3           4      0.00000      0.00000    -10.00000     10.00000      0.00051
    2  !p+!              21      2212    0           5           0     -0.00000      0.00000    250.00000    250.00176      0.93827
 ==================================================================================================================================
    3  !e-!              21        11    1           0           0    -20.98967    -18.89125     42.92568     51.38151      0.00051
    4  !gamma!           21        22    1           0           0     20.98967     18.89125    -52.92568    -41.38151    -43.42976
    5  !p+!              21      2212    2           0           0     -0.00000     -0.00000    250.00000    250.00176      0.93827
    6  !gamma!           21        22    4           0           0     20.99287     18.89414    -52.90884    -41.36291    -43.42976
    7  !ubar!            21        -2    5           0           0     -0.00105     -0.00094     81.67658     81.67658      0.00000
    8  !gamma!           21        22    6           0           0     20.99287     18.89414    -52.90884    -41.36291    -43.42976
    9  !ubar!            21        -2    7           0           0     -0.00105     -0.00094     81.67658     81.67658      0.00000
   10  !ubar!            21        -2    9           0           0     20.99182     18.89319     28.76775     40.31368      0.00000
 ==================================================================================================================================
   11  (Delta++)         11      2224    5          18          19     -0.01163     -0.06144    104.00825    104.01628      1.29097
   12  e-                 1        11    3           0           0    -20.98967    -18.89125     42.92568     51.38151      0.00051
   13  (d)           A   12         1    5          20          20      0.15015     -0.10707     63.68940     63.69052      0.33000
   14  (g)           I   12        21   10          20          20      0.60717      1.22029      1.46113      1.99816      0.00000
   15  (g)           I   12        21   10          20          20      1.49048      1.51551      1.61474      2.66940      0.00000
   16  (g)           I   12        21   10          20          20      3.59100      4.11662      6.23432      8.28907      0.00000
   17  (ubar)        V   11        -2   10          20          20     15.16249     12.20734     20.06648     27.95682      0.00000
 ==================================================================================================================================
   18  p+                 1      2212   11           0           0      0.23793      0.08135     76.03247     76.03867      0.93827
   19  pi+                1       211   11           0           0     -0.24955     -0.14278     27.97578     27.97761      0.13957
   20  (string)          11        92   13          21          28     21.00129     18.95269     93.06607    104.60397     38.47647
   21  p+                 1      2212   20           0           0     -0.26475      0.06888     42.45789     42.46914      0.93827
   22  (Deltabar-)       11     -2214   20          29          30      0.14027      0.54245     12.98275     13.05170      1.21695
   23  (K*0)             11       313   20          31          32      0.66697     -0.01048      7.26535      7.35424      0.92444
   24  K-                 1      -321   20           0           0     -0.03533     -0.10165      0.33031      0.60360      0.49360
   25  p+                 1      2212   20           0           0      1.70261      2.00382      4.57744      5.36167      0.93827
   26  nbar0              1     -2112   20           0           0      6.78621      5.54618      8.68419     12.37379      0.93957
   27  (K0)              11       311   20          33          33      6.89837      5.90668      8.96086     12.76797      0.49767
   28  (K*-)             11      -323   20          34          35      5.10694      4.99681      7.80728     10.62187      0.90645
   29  pbar-              1     -2212   22           0           0     -0.05090      0.55099      9.80345      9.86378      0.93827
   30  (pi0)             11       111   22          36          37      0.19116     -0.00854      3.17930      3.18791      0.13498
   31  K+                 1       321   23           0           0      0.35481     -0.29942      3.78012      3.84038      0.49360
   32  pi-                1      -211   23           0           0      0.31216      0.28894      3.48522      3.51386      0.13957
   33  (K_S0)            11       310   27          38          39      6.89837      5.90668      8.96086     12.76797      0.49767
   34  (Kbar0)           11      -311   28          40          40      4.66849      4.50658      7.29979      9.77950      0.49767
   35  pi-                1      -211   28           0           0      0.43845      0.49023      0.50749      0.84237      0.13957
   36  gamma              1        22   30           0           0      0.00909      0.01981      0.07384      0.07699      0.00000
   37  gamma              1        22   30           0           0      0.18208     -0.02835      3.10546      3.11092      0.00000
   38  pi+                1       211   33           0           0      1.98037      1.82121      2.87175      3.93765      0.13957
   39  pi-                1      -211   33           0           0      4.91800      4.08548      6.08911      8.83032      0.13957
   40  (K_S0)            11       310   34          41          42      4.66849      4.50658      7.29979      9.77950      0.49767
   41  pi-                1      -211   40           0           0      0.79141      0.62434      1.22501      1.59257      0.13957
   42  pi+                1       211   40           0           0      3.87708      3.88224      6.07477      8.18693      0.13957
 ==================================================================================================================================
                   sum charge:  0.00   sum momentum and inv. mass:     -0.00000     -0.00000    240.00000    260.00176    100.00458



                            Event listing (standard)

    I  particle/jet  K(I,1)   K(I,2) K(I,3)     K(I,4)      K(I,5)       P(I,1)       P(I,2)       P(I,3)       P(I,4)       P(I,5)

    1  !e-!              21        11    0           3           4      0.00000      0.00000    -10.00000     10.00000      0.00051
    2  !p+!              21      2212    0           5           0     -0.00000      0.00000    250.00000    250.00176      0.93827
 ==================================================================================================================================
    3  !e-!              21        11    1           0           0     34.39473    -10.08880     41.78389     55.05157      0.00051
    4  !gamma!           21        22    1           0           0    -34.39473     10.08880    -51.78389    -45.05157    -44.00806
    5  !p+!              21      2212    2           0           0     -0.00000     -0.00000    250.00000    250.00176      0.93827
    6  !gamma!           21        22    4           0           0    -34.40372     10.09144    -51.72223    -44.98815    -44.00806
    7  !u!               21         2    5           0           0      0.00517     -0.00152    143.77027    143.77027      0.00000
    8  !gamma!           21        22    6           0           0    -34.40372     10.09144    -51.72223    -44.98815    -44.00806
    9  !u!               21         2    7           0           0      0.00517     -0.00152    143.77027    143.77027      0.00000
   10  !u!               21         2    9           0           0    -34.39855     10.08992     92.04803     98.78212      0.00000
 ==================================================================================================================================
   11  e-                 1        11    3           0           0     34.39473    -10.08880     41.78389     55.05157      0.00051
   12  (ud_1)        A   12      2103    5          16          16      0.07201     -0.03638    104.05773    104.06062      0.77133
   13  (g)           I   12        21   10          16          16     -0.02037     -0.02710      0.62576      0.62668      0.00000
   14  (g)           I   12        21   10          16          16    -26.98401      8.26185     77.49405     82.47256      0.00000
   15  (u)           V   11         2   10          16          16     -7.46236      1.89042     16.03856     17.79034      0.00000
 ==================================================================================================================================
   16  (string)          11        92   12          17          25    -34.39473     10.08880    198.21611    204.95019     37.81766
   17  (Delta0)          11      2114   16          26          27      0.15119      0.02154     91.81537     91.82265      1.14675
   18  (rho0)            11       113   16          28          29     -1.09762      0.30693      7.13135      7.27129      0.84650
   19  (rho+)            11       213   16          30          31      0.21057     -0.15160      5.17322      5.23670      0.77034
   20  (pi0)             11       111   16          32          33     -1.51051      0.15522      5.99499      6.18577      0.13498
   21  (omega)           11       223   16          34          36     -3.35544      1.74572     11.75064     12.36913      0.78189
   22  (pi0)             11       111   16          37          38     -7.84950      2.17726     21.47134     22.96502      0.13498
   23  pi-                1      -211   16           0           0     -3.44246      0.88107      8.58641      9.29369      0.13957
   24  (K*bar0)          11      -313   16          39          40     -7.28019      2.51269     22.03532     23.35728      0.83207
   25  (K*+)             11       323   16          41          42    -10.22076      2.43997     24.25747     26.44865      0.83015
   26  p+                 1      2212   17           0           0      0.25431      0.00824     72.78171     72.78820      0.93827
   27  pi-                1      -211   17           0           0     -0.10312      0.01330     19.03366     19.03446      0.13957
   28  pi-                1      -211   18           0           0     -0.73915      0.53912      5.57838      5.65463      0.13957
   29  pi+                1       211   18           0           0     -0.35847     -0.23219      1.55296      1.61666      0.13957
   30  pi+                1       211   19           0           0     -0.13634      0.12943      0.67701      0.71635      0.13957
   31  (pi0)             11       111   19          43          44      0.34692     -0.28103      4.49622      4.52035      0.13498
   32  gamma              1        22   20           0           0     -0.63102      0.11470      2.70897      2.78386      0.00000
   33  gamma              1        22   20           0           0     -0.87948      0.04052      3.28602      3.40192      0.00000
   34  pi-                1      -211   21           0           0     -1.45905      0.78492      5.43696      5.68550      0.13957
   35  pi+                1       211   21           0           0     -1.43859      0.55500      4.86141      5.10199      0.13957
   36  (pi0)             11       111   21          45          46     -0.45781      0.40581      1.45227      1.58164      0.13498
   37  gamma              1        22   22           0           0     -0.54799      0.17586      1.59112      1.69201      0.00000
   38  gamma              1        22   22           0           0     -7.30152      2.00140     19.88022     21.27301      0.00000
   39  K-                 1      -321   24           0           0     -4.32391      1.25103     12.70502     13.48786      0.49360
   40  pi+                1       211   24           0           0     -2.95628      1.26166      9.33031      9.86942      0.13957
   41  K+                 1       321   25           0           0     -4.65054      0.99903     10.67661     11.69869      0.49360
   42  (pi0)             11       111   25          47          48     -5.57022      1.44094     13.58086     14.74997      0.13498
   43  gamma              1        22   31           0           0      0.34842     -0.25727      4.39838      4.41965      0.00000
   44  gamma              1        22   31           0           0     -0.00150     -0.02376      0.09784      0.10069      0.00000
   45  gamma              1        22   36           0           0     -0.22651      0.19028      0.87227      0.92107      0.00000
   46  gamma              1        22   36           0           0     -0.23129      0.21553      0.58000      0.66057      0.00000
   47  gamma              1        22   42           0           0     -3.05994      0.83414      7.34947      8.00461      0.00000
   48  gamma              1        22   42           0           0     -2.51028      0.60680      6.23139      6.74536      0.00000
 ==================================================================================================================================
                   sum charge:  0.00   sum momentum and inv. mass:      0.00000     -0.00000    240.00000    260.00176    100.00458



                            Event listing (standard)

    I  particle/jet  K(I,1)   K(I,2) K(I,3)     K(I,4)      K(I,5)       P(I,1)       P(I,2)       P(I,3)       P(I,4)       P(I,5)

    1  !e-!              21        11    0           3           4      0.00000      0.00000    -10.00000     10.00000      0.00051
    2  !p+!              21      2212    0           5           0     -0.00000      0.00000    250.00000    250.00176      0.93827
 ==================================================================================================================================
    3  !e-!              21        11    1           0           0     15.29016    -23.45076     20.87317     34.92014      0.00051
    4  !gamma!           21        22    1           0           0    -15.29016     23.45076    -30.87317    -24.92014    -33.40458
    5  !p+!              21      2212    2           0           0      0.00000     -0.00000    250.00000    250.00176      0.93827
    6  !gamma!           21        22    4           0           0    -15.29468     23.45769    -30.82688    -24.87209    -33.40458
    7  !u!               21         2    5           0           0      0.00169     -0.00260     93.68032     93.68032      0.00000
    8  !gamma!           21        22    6           0           0    -15.29468     23.45769    -30.82688    -24.87209    -33.40458
    9  !u!               21         2    7           0           0      0.00169     -0.00260     93.68032     93.68032      0.00000
   10  !u!               21         2    9           0           0    -15.29299     23.45509     62.85344     68.80823      0.00000
 ==================================================================================================================================
   11  e-                 1        11    3           0           0     15.29016    -23.45076     20.87317     34.92014      0.00051
   12  (ud_0)        A   12      2101    5          16          16      0.42862      0.17449    150.10117    150.10300      0.57933
   13  (g)           I   12        21   10          16          16     -0.50765      0.04422      4.62273      4.65073      0.00000
   14  (g)           I   12        21   10          16          16     -0.14630      0.12415     -0.06796      0.20356      0.00000
   15  (u)           V   11         2   10          16          16    -15.06483     23.10790     64.47090     70.12433      0.00000
 ==================================================================================================================================
   16  (string)          11        92   12          17          24    -15.29016     23.45076    219.12683    225.08162     43.14440
   17  (Lambda0)         11      3122   16          25          26      0.19547     -0.04483     73.36297     73.37173      1.11568
   18  (K*0)             11       313   16          27          28     -0.27378      0.64362     60.67779     60.68825      0.88374
   19  (omega)           11       223   16          29          31     -0.14996      0.14754     11.12419     11.15312      0.77480
   20  nbar0              1     -2112   16           0           0      0.58334     -0.26448      6.60129      6.69851      0.93957
   21  n0                 1      2112   16           0           0     -0.60867      0.53927      3.97290      4.16269      0.93957
   22  pi+                1       211   16           0           0     -0.53711      0.25126      1.04289      1.20777      0.13957
   23  (K*-)             11      -323   16          32          33     -2.31184      4.05076     12.56078     13.42747      0.87779
   24  (K*+)             11       323   16          34          35    -12.18761     18.12761     49.78403     54.37207      0.85090
   25  p+                 1      2212   17           0           0      0.24186     -0.09132     65.66312     65.67034      0.93827
   26  pi-                1      -211   17           0           0     -0.04640      0.04649      7.69985      7.70139      0.13957
   27  K+                 1       321   18           0           0      0.00321      0.10480     26.12894     26.13381      0.49360
   28  pi-                1      -211   18           0           0     -0.27699      0.53883     34.54885     34.55444      0.13957
   29  pi+                1       211   19           0           0      0.07318     -0.10371      4.61860      4.62245      0.13957
   30  pi-                1      -211   19           0           0      0.08058      0.12729      3.05580      3.06270      0.13957
   31  (pi0)             11       111   19          36          37     -0.30372      0.12396      3.44979      3.46798      0.13498
   32  (Kbar0)           11      -311   23          38          38     -2.08366      3.83905     11.42875     12.24516      0.49767
   33  pi-                1      -211   23           0           0     -0.22818      0.21171      1.13203      1.18232      0.13957
   34  (K0)              11       311   24          39          39    -11.50773     17.01422     46.95668     51.25514      0.49767
   35  pi+                1       211   24           0           0     -0.67988      1.11339      2.82735      3.11693      0.13957
   36  gamma              1        22   31           0           0     -0.25669      0.15197      2.78090      2.79685      0.00000
   37  gamma              1        22   31           0           0     -0.04703     -0.02801      0.66889      0.67112      0.00000
   38  (K_S0)            11       310   32          40          41     -2.08366      3.83905     11.42875     12.24516      0.49767
   39  K_L0               1       130   34           0           0    -11.50773     17.01422     46.95668     51.25514      0.49767
   40  pi+                1       211   38           0           0     -1.38393      2.25623      6.50510      7.02436      0.13957
   41  pi-                1      -211   38           0           0     -0.69973      1.58282      4.92364      5.22079      0.13957
 ==================================================================================================================================
                   sum charge:  0.00   sum momentum and inv. mass:     -0.00000      0.00000    240.00000    260.00176    100.00458



                            Event listing (standard)

    I  particle/jet  K(I,1)   K(I,2) K(I,3)     K(I,4)      K(I,5)       P(I,1)       P(I,2)       P(I,3)       P(I,4)       P(I,5)

    1  !e-!              21        11    0           3           4      0.00000      0.00000    -10.00000     10.00000      0.00051
    2  !p+!              21      2212    0           5           0     -0.00000      0.00000    250.00000    250.00176      0.93827
 ==================================================================================================================================
    3  !e-!              21        11    1           0           0      2.98486     31.55868     38.79167     50.09644      0.00051
    4  !gamma!           21        22    1           0           0     -2.98486    -31.55868    -48.79167    -40.09644    -42.16352
    5  !p+!              21      2212    2           0           0     -0.00000      0.00000    250.00000    250.00176      0.93827
    6  !gamma!           21        22    4           0           0     -2.98547    -31.56507    -48.76015    -40.06317    -42.16352
    7  !u!               21         2    5           0           0      0.00025      0.00261    102.19606    102.19606      0.00000
    8  !gamma!           21        22    6           0           0     -2.98547    -31.56507    -48.76015    -40.06317    -42.16352
    9  !u!               21         2    7           0           0      0.00025      0.00261    102.19606    102.19606      0.00000
   10  !u!               21         2    9           0           0     -2.98522    -31.56246     53.43591     62.13290      0.00000
 ==================================================================================================================================
   11  e-                 1        11    3           0           0      2.98486     31.55868     38.79167     50.09644      0.00051
   12  (ud_0)        A   12      2101    5          19          19     -0.14914      0.26354    141.50708    141.50859      0.57933
   13  (g)           I   12        21   10          19          19      0.05946     -0.59170      0.10754      0.60433      0.00000
   14  (g)           I   12        21   10          19          19     -1.88711     -9.73943     19.02643     21.45746      0.00000
   15  (g)           I   12        21   10          19          19     -2.99651     -6.77316     13.53791     15.43146      0.00000
   16  (g)           I   12        21   10          19          19     -0.26659     -1.76850      3.47735      3.91032      0.00000
   17  (g)           I   12        21   10          19          19      1.67561     -7.11663     12.41601     14.40873      0.00000
   18  (u)           V   11         2   10          19          19      0.57942     -5.83279     11.13602     12.58444      0.00000
 ==================================================================================================================================
   19  (string)          11        92   12          20          33     -2.98486    -31.55868    201.20833    209.90532     50.70099
   20  n0                 1      2112   19           0           0      0.00506      0.35630    112.15590    112.16040      0.93957
   21  pi+                1       211   19           0           0     -0.18407     -0.28956      9.76025      9.76728      0.13957
   22  pi-                1      -211   19           0           0      0.41540      0.41199      7.40663      7.43101      0.13957
   23  pi+                1       211   19           0           0     -0.04895     -0.34545      9.04821      9.05601      0.13957
   24  pi-                1      -211   19           0           0     -0.22532      0.18636      0.83415      0.89487      0.13957
   25  (eta)             11       221   19          34          36     -0.40764     -1.21382      3.04140      3.34504      0.54745
   26  (K*bar0)          11      -313   19          37          38      0.00502     -0.86518      2.32942      2.64340      0.90156
   27  (phi)             11       333   19          39          40     -1.35541     -5.47071     10.81103     12.23551      1.03125
   28  (K*+)             11       323   19          41          42     -0.59770     -1.73117      4.05100      4.52781      0.85807
   29  (rho-)            11      -213   19          43          44     -1.14880     -6.15279     10.59034     12.32796      0.80426
   30  (eta')            11       331   19          45          47     -0.63067     -2.65530      5.60310      6.30559      0.95776
   31  (rho+)            11       213   19          48          49     -0.15225     -3.02263      5.06365      5.95551      0.81733
   32  (rho-)            11      -213   19          50          51      0.89870     -6.93473     13.47755     15.20547      0.81461
   33  (rho+)            11       213   19          52          53      0.44176     -3.83197      7.03570      8.04946      0.64307
   34  (pi0)             11       111   25          54          55     -0.30094     -0.58278      1.55157      1.68991      0.13498
   35  (pi0)             11       111   25          56          57      0.03044     -0.19512      0.59644      0.64262      0.13498
   36  (pi0)             11       111   25          58          59     -0.13714     -0.43592      0.89338      1.01252      0.13498
   37  (Kbar0)           11      -311   26          60          60      0.16609     -0.86889      1.70159      1.98133      0.49767
   38  (pi0)             11       111   26          61          62     -0.16107      0.00372      0.62782      0.66207      0.13498
   39  K_L0               1       130   27           0           0     -0.87635     -3.14346      6.11542      6.94949      0.49767
   40  (K_S0)            11       310   27          63          64     -0.47906     -2.32725      4.69561      5.28602      0.49767
   41  (K0)              11       311   28          65          65     -0.24972     -1.42837      2.90789      3.28726      0.49767
   42  pi+                1       211   28           0           0     -0.34798     -0.30280      1.14311      1.24055      0.13957
   43  pi-                1      -211   29           0           0     -0.29620     -3.60126      6.17033      7.15187      0.13957
   44  (pi0)             11       111   29          66          67     -0.85260     -2.55153      4.42001      5.17609      0.13498
   45  pi-                1      -211   30           0           0     -0.17155     -0.89581      2.17511      2.36273      0.13957
   46  pi+                1       211   30           0           0     -0.15382     -0.45420      0.92387      1.05023      0.13957
   47  (eta)             11       221   30          68          70     -0.30530     -1.30529      2.50412      2.89263      0.54745
   48  pi+                1       211   31           0           0      0.15575     -1.64738      2.15497      2.72057      0.13957
   49  (pi0)             11       111   31          71          72     -0.30800     -1.37525      2.90868      3.23493      0.13498
   50  pi-                1      -211   32           0           0      0.56729     -2.10101      3.77464      4.35929      0.13957
   51  (pi0)             11       111   32          73          74      0.33142     -4.83372      9.70292     10.84618      0.13498
   52  pi+                1       211   33           0           0      0.21712     -2.64694      4.28987      5.04737      0.13957
   53  (pi0)             11       111   33          75          76      0.22464     -1.18504      2.74583      3.00209      0.13498
   54  gamma              1        22   34           0           0     -0.30451     -0.58620      1.51161      1.64964      0.00000
   55  gamma              1        22   34           0           0      0.00357      0.00342      0.03996      0.04026      0.00000
   56  gamma              1        22   35           0           0      0.03118      0.01101      0.08489      0.09110      0.00000
   57  gamma              1        22   35           0           0     -0.00073     -0.20613      0.51155      0.55152      0.00000
   58  gamma              1        22   36           0           0     -0.05649     -0.34677      0.59748      0.69313      0.00000
   59  gamma              1        22   36           0           0     -0.08065     -0.08916      0.29590      0.31939      0.00000
   60  (K_S0)            11       310   37          77          78      0.16609     -0.86889      1.70159      1.98133      0.49767
   61  gamma              1        22   38           0           0      0.00860      0.02491      0.19378      0.19557      0.00000
   62  gamma              1        22   38           0           0     -0.16967     -0.02119      0.43404      0.46651      0.00000
   63  pi-                1      -211   40           0           0     -0.48072     -1.66408      3.13009      3.58011      0.13957
   64  pi+                1       211   40           0           0      0.00166     -0.66317      1.56552      1.70591      0.13957
   65  K_L0               1       130   41           0           0     -0.24972     -1.42837      2.90789      3.28726      0.49767
   66  gamma              1        22   44           0           0     -0.54423     -1.44401      2.47104      2.91332      0.00000
   67  gamma              1        22   44           0           0     -0.30837     -1.10752      1.94896      2.26277      0.00000
   68  (pi0)             11       111   47          79          80     -0.22610     -0.87287      1.47438      1.73351      0.13498
   69  (pi0)             11       111   47          81          82     -0.03372     -0.30796      0.58064      0.67182      0.13498
   70  (pi0)             11       111   47          83          84     -0.04548     -0.12446      0.44910      0.48731      0.13498
   71  gamma              1        22   49           0           0     -0.12389     -0.29535      0.66123      0.73471      0.00000
   72  gamma              1        22   49           0           0     -0.18412     -1.07990      2.24745      2.50022      0.00000
   73  gamma              1        22   51           0           0      0.26337     -4.30339      8.69394      9.70428      0.00000
   74  gamma              1        22   51           0           0      0.06805     -0.53033      1.00898      1.14189      0.00000
   75  gamma              1        22   53           0           0     -0.01120     -0.14807      0.39201      0.41920      0.00000
   76  gamma              1        22   53           0           0      0.23584     -1.03697      2.35381      2.58290      0.00000
   77  pi+                1       211   60           0           0     -0.00921     -0.49091      1.25486      1.35471      0.13957
   78  pi-                1      -211   60           0           0      0.17530     -0.37798      0.44673      0.62661      0.13957
   79  gamma              1        22   68           0           0     -0.21918     -0.60039      1.03759      1.21865      0.00000
   80  gamma              1        22   68           0           0     -0.00692     -0.27248      0.43679      0.51486      0.00000
   81  gamma              1        22   69           0           0     -0.00587     -0.18673      0.21107      0.28187      0.00000
   82  gamma              1        22   69           0           0     -0.02786     -0.12123      0.36957      0.38994      0.00000
   83  gamma              1        22   70           0           0      0.01635     -0.02865      0.28830      0.29018      0.00000
   84  gamma              1        22   70           0           0     -0.06183     -0.09581      0.16080      0.19713      0.00000
 ==================================================================================================================================
                   sum charge:  0.00   sum momentum and inv. mass:     -0.00000     -0.00000    240.00000    260.00176    100.00458



                            Event listing (standard)

    I  particle/jet  K(I,1)   K(I,2) K(I,3)     K(I,4)      K(I,5)       P(I,1)       P(I,2)       P(I,3)       P(I,4)       P(I,5)

    1  !e-!              21        11    0           3           4      0.00000      0.00000    -10.00000     10.00000      0.00051
    2  !p+!              21      2212    0           5           0     -0.00000      0.00000    250.00000    250.00176      0.93827
 ==================================================================================================================================
    3  !e-!              21        11    1           0           0     -6.56464     21.84399     21.43555     31.30075      0.00051
    4  !gamma!           21        22    1           0           0      6.56464    -21.84399    -31.43555    -21.30075    -32.47655
    5  !p+!              21      2212    2           0           0     -0.00000      0.00000    250.00000    250.00176      0.93827
    6  !gamma!           21        22    4           0           0      6.56578    -21.84779    -31.42293    -21.28638    -32.47655
    7  !u!               21         2    5           0           0     -0.00024      0.00079     52.02401     52.02401      0.00000
    8  !gamma!           21        22    6           0           0      6.56578    -21.84779    -31.42293    -21.28638    -32.47655
    9  !u!               21         2    7           0           0     -0.00024      0.00079     52.02401     52.02401      0.00000
   10  !u!               21         2    9           0           0      6.56554    -21.84700     20.60108     30.73763      0.00000
 ==================================================================================================================================
   11  e-                 1        11    3           0           0     -6.56464     21.84399     21.43555     31.30075      0.00051
   12  (ud_0)        A   12      2101    5          16          16      0.13181     -0.04489    197.72355    197.72445      0.57933
   13  (g)           I   12        21   10          16          16      1.83545     -6.69677      6.41744      9.45511      0.00000
   14  (g)           I   12        21   10          16          16      4.21233     -9.99321     10.03671     14.77645      0.00000
   15  (u)           V   11         2   10          16          16      0.38505     -5.10912      4.38675      6.74499      0.00000
 ==================================================================================================================================
   16  (string)          11        92   12          17          25      6.56464    -21.84399    218.56445    228.70101     63.35200
   17  n0                 1      2112   16           0           0      0.37301     -0.16135    185.45061    185.45344      0.93957
   18  pi+                1       211   16           0           0     -0.35175      0.32801      4.89109      4.91666      0.13957
   19  (rho-)            11      -213   16          26          27      0.19801     -0.75792      5.02211      5.13157      0.70554
   20  nbar0              1     -2112   16           0           0      0.41971     -1.15014      2.42098      2.87105      0.93957
   21  n0                 1      2112   16           0           0      0.00844     -0.94607      3.09586      3.37080      0.93957
   22  (eta)             11       221   16          28          29      1.22758     -2.71865      1.98344      3.62377      0.54745
   23  pi+                1       211   16           0           0      2.94916     -9.54184      9.86354     14.03756      0.13957
   24  (rho0)            11       113   16          30          31      0.47706     -3.18203      2.53169      4.16466      0.76294
   25  (pi0)             11       111   16          32          33      1.26342     -3.71401      3.30513      5.13149      0.13498
   26  pi-                1      -211   19           0           0      0.36052     -0.15706      2.01332      2.05611      0.13957
   27  (pi0)             11       111   19          34          35     -0.16251     -0.60085      3.00880      3.07547      0.13498
   28  gamma              1        22   22           0           0      0.71845     -1.43075      0.74474      1.76574      0.00000
   29  gamma              1        22   22           0           0      0.50913     -1.28790      1.23870      1.85803      0.00000
   30  pi-                1      -211   24           0           0      0.35656     -1.36633      0.71251      1.58782      0.13957
   31  pi+                1       211   24           0           0      0.12050     -1.81569      1.81917      2.57685      0.13957
   32  gamma              1        22   25           0           0      1.20298     -3.43817      3.04791      4.74951      0.00000
   33  gamma              1        22   25           0           0      0.06044     -0.27584      0.25722      0.38197      0.00000
   34  gamma              1        22   27           0           0     -0.14581     -0.48685      2.16543      2.22427      0.00000
   35  gamma              1        22   27           0           0     -0.01670     -0.11400      0.84337      0.85120      0.00000
 ==================================================================================================================================
                   sum charge:  0.00   sum momentum and inv. mass:      0.00000     -0.00000    240.00000    260.00176    100.00458



                            Event listing (standard)

    I  particle/jet  K(I,1)   K(I,2) K(I,3)     K(I,4)      K(I,5)       P(I,1)       P(I,2)       P(I,3)       P(I,4)       P(I,5)

    1  !e-!              21        11    0           3           4      0.00000      0.00000    -10.00000     10.00000      0.00051
    2  !p+!              21      2212    0           5           0     -0.00000      0.00000    250.00000    250.00176      0.93827
 ==================================================================================================================================
    3  !e-!              21        11    1           0           0    -19.15243    -15.51502     20.00527     31.74496      0.00051
    4  !gamma!           21        22    1           0           0     19.15243     15.51502    -30.00527    -21.74496    -32.17149
    5  !p+!              21      2212    2           0           0     -0.00000     -0.00000    250.00000    250.00176      0.93827
    6  !gamma!           21        22    4           0           0     19.15651     15.51833    -29.98497    -21.72289    -32.17149
    7  !u!               21         2    5           0           0     -0.00102     -0.00083     62.63195     62.63195      0.00000
    8  !gamma!           21        22    6           0           0     19.15651     15.51833    -29.98497    -21.72289    -32.17149
    9  !u!               21         2    7           0           0     -0.00102     -0.00083     62.63195     62.63195      0.00000
   10  !u!               21         2    9           0           0     19.15549     15.51750     32.64698     40.90906      0.00000
 ==================================================================================================================================
   11  e-                 1        11    3           0           0    -19.15243    -15.51502     20.00527     31.74496      0.00051
   12  (ud_0)        A   12      2101    5          17          17     -0.43766     -0.29415    180.51472    180.51642      0.57933
   13  (g)           I   12        21   10          17          17     -0.90053      0.74267      1.62809      2.00329      0.00000
   14  (g)           I   12        21   10          17          17      6.85818      4.19045     11.34581     13.90402      0.00000
   15  (g)           I   12        21   10          17          17      7.16545      6.97828     13.62706     16.90375      0.00000
   16  (u)           V   11         2   10          17          17      6.46698      3.89777     12.87906     14.92932      0.00000
 ==================================================================================================================================
   17  (string)          11        92   12          18          28     19.15243     15.51502    219.99473    228.25680     55.64132
   18  n0                 1      2112   17           0           0     -0.29255      0.06598    119.64373    119.64779      0.93957
   19  nbar0              1     -2112   17           0           0     -0.26496     -0.50956     45.91577     45.92898      0.93957
   20  p+                 1      2212   17           0           0     -0.16123      0.63265      8.84437      8.91793      0.93827
   21  pbar-              1     -2212   17           0           0      0.10700      0.63560      2.11307      2.40018      0.93827
   22  (Lambda0)         11      3122   17          29          30     -0.05645     -0.16422      5.42865      5.54483      1.11568
   23  (K*0)             11       313   17          31          32      0.78484      0.45898      2.42828      2.74555      0.90270
   24  (rho0)            11       113   17          33          34      5.27979      4.35616      9.01819     11.34876      0.78380
   25  (rho0)            11       113   17          35          36      4.08354      2.97670      8.86175     10.22866      0.74759
   26  (rho0)            11       113   17          37          38      3.21029      1.81333      5.45159      6.61624      0.67873
   27  pi+                1       211   17           0           0      1.01066      0.78440      1.65159      2.09378      0.13957
   28  (omega)           11       223   17          39          41      5.45150      4.46501     10.63774     12.78409      0.78507
   29  n0                 1      2112   22           0           0     -0.10677     -0.05483      4.64166      4.73732      0.93957
   30  (pi0)             11       111   22          42          43      0.05032     -0.10939      0.78699      0.80751      0.13498
   31  K+                 1       321   23           0           0      0.28924      0.48239      1.65405      1.81546      0.49360
   32  pi-                1      -211   23           0           0      0.49560     -0.02341      0.77423      0.93009      0.13957
   33  pi+                1       211   24           0           0      2.22779      2.30941      4.14710      5.24541      0.13957
   34  pi-                1      -211   24           0           0      3.05200      2.04675      4.87109      6.10335      0.13957
   35  pi+                1       211   25           0           0      0.88895      0.84405      2.66447      2.93624      0.13957
   36  pi-                1      -211   25           0           0      3.19459      2.13266      6.19727      7.29242      0.13957
   37  pi-                1      -211   26           0           0      2.74331      1.75097      4.71772      5.73306      0.13957
   38  pi+                1       211   26           0           0      0.46698      0.06236      0.73387      0.88318      0.13957
   39  pi+                1       211   28           0           0      2.06967      1.44841      3.86823      4.62213      0.13957
   40  pi-                1      -211   28           0           0      1.88238      1.42088      3.35363      4.10227      0.13957
   41  (pi0)             11       111   28          44          45      1.49944      1.59571      3.41588      4.05969      0.13498
   42  gamma              1        22   30           0           0      0.07521     -0.06562      0.69935      0.70644      0.00000
   43  gamma              1        22   30           0           0     -0.02488     -0.04377      0.08764      0.10107      0.00000
   44  gamma              1        22   41           0           0      0.20072      0.19712      0.52443      0.59512      0.00000
   45  gamma              1        22   41           0           0      1.29872      1.39859      2.89145      3.46456      0.00000
 ==================================================================================================================================
                   sum charge:  0.00   sum momentum and inv. mass:     -0.00000     -0.00000    240.00000    260.00176    100.00458



                            Event listing (standard)

    I  particle/jet  K(I,1)   K(I,2) K(I,3)     K(I,4)      K(I,5)       P(I,1)       P(I,2)       P(I,3)       P(I,4)       P(I,5)

    1  !e-!              21        11    0           3           4      0.00000      0.00000    -10.00000     10.00000      0.00051
    2  !p+!              21      2212    0           5           0     -0.00000      0.00000    250.00000    250.00176      0.93827
 ==================================================================================================================================
    3  !e-!              21        11    1           0           0     19.75157    -19.98965     20.27313     34.65127      0.00051
    4  !gamma!           21        22    1           0           0    -19.75157     19.98965    -30.27313    -24.65127    -33.14345
    5  !p+!              21      2212    2           0           0     -0.00000     -0.00000    250.00000    250.00176      0.93827
    6  !gamma!           21        22    4           0           0    -19.75776     19.99591    -30.22144    -24.59782    -33.14345
    7  !u!               21         2    5           0           0      0.00242     -0.00245     97.65017     97.65017      0.00000
    8  !gamma!           21        22    6           0           0    -19.75776     19.99591    -30.22144    -24.59782    -33.14345
    9  !u!               21         2    7           0           0      0.00242     -0.00245     97.65017     97.65017      0.00000
   10  !u!               21         2    9           0           0    -19.75534     19.99346     67.42873     73.05235      0.00000
 ==================================================================================================================================
   11  e-                 1        11    3           0           0     19.75157    -19.98965     20.27313     34.65127      0.00051
   12  (ud_1)        A   12      2103    5          15          15      0.28446      0.22125    150.80370    150.80610      0.77133
   13  (g)           I   12        21   10          15          15     -0.38520      1.19405      4.61790      4.78530      0.00000
   14  (u)           V   11         2   10          15          15    -19.65083     18.57435     64.30527     69.75908      0.00000
 ==================================================================================================================================
   15  (string)          11        92   12          16          23    -19.75157     19.98965    219.72687    225.35049     41.39124
   16  p+                 1      2212   15           0           0      0.19139      0.44947    117.75040    117.75516      0.93827
   17  (rho0)            11       113   15          24          25      0.35319     -0.16578      6.91923      6.97474      0.78677
   18  (pi0)             11       111   15          26          27     -0.13001      0.25465     12.90140     12.90527      0.13498
   19  (Lambdabar0)      11     -3122   15          28          29      0.06999      0.38408     12.71556     12.77038      1.11568
   20  (Sigma0)          11      3212   15          30          31     -2.86005      2.15062     10.52875     11.18399      1.19255
   21  (omega)           11       223   15          32          34     -3.41261      3.49343     11.55055     12.56507      0.78472
   22  pi-                1      -211   15           0           0     -9.74733      8.50293     32.74228     35.20492      0.13957
   23  pi+                1       211   15           0           0     -4.21615      4.92024     14.61870     15.99096      0.13957
   24  pi+                1       211   17           0           0      0.14714      0.23995      1.39014      1.42520      0.13957
   25  pi-                1      -211   17           0           0      0.20606     -0.40572      5.52909      5.54954      0.13957
   26  gamma              1        22   18           0           0     -0.12352      0.25584     12.87233     12.87546      0.00000
   27  gamma              1        22   18           0           0     -0.00649     -0.00118      0.02907      0.02981      0.00000
   28  nbar0              1     -2112   19           0           0      0.13923      0.28004     11.20201     11.24569      0.93957
   29  (pi0)             11       111   19          35          36     -0.06924      0.10403      1.51355      1.52469      0.13498
   30  (Lambda0)         11      3122   20          37          38     -2.61498      2.03857      9.90003     10.49997      1.11568
   31  gamma              1        22   20           0           0     -0.24507      0.11205      0.62871      0.68403      0.00000
   32  pi-                1      -211   21           0           0     -1.90922      2.00367      6.19359      6.78527      0.13957
   33  pi+                1       211   21           0           0     -1.20256      1.20620      4.59448      4.90202      0.13957
   34  (pi0)             11       111   21          39          40     -0.30084      0.28356      0.76248      0.87778      0.13498
   35  gamma              1        22   29           0           0     -0.08169      0.02315      0.44631      0.45432      0.00000
   36  gamma              1        22   29           0           0      0.01245      0.08089      1.06724      1.07037      0.00000
   37  n0                 1      2112   30           0           0     -2.05305      1.55515      7.94926      8.40874      0.93957
   38  (pi0)             11       111   30          41          42     -0.56193      0.48342      1.95078      2.09122      0.13498
   39  gamma              1        22   34           0           0     -0.14976      0.05650      0.24134      0.28959      0.00000
   40  gamma              1        22   34           0           0     -0.15108      0.22706      0.52114      0.58818      0.00000
   41  gamma              1        22   38           0           0     -0.38792      0.39933      1.35614      1.46597      0.00000
   42  gamma              1        22   38           0           0     -0.17401      0.08409      0.59463      0.62525      0.00000
 ==================================================================================================================================
                   sum charge:  0.00   sum momentum and inv. mass:      0.00000     -0.00000    240.00000    260.00176    100.00458



                            Event listing (standard)

    I  particle/jet  K(I,1)   K(I,2) K(I,3)     K(I,4)      K(I,5)       P(I,1)       P(I,2)       P(I,3)       P(I,4)       P(I,5)

    1  !e-!              21        11    0           3           4      0.00000      0.00000    -10.00000     10.00000      0.00051
    2  !p+!              21      2212    0           5           0     -0.00000      0.00000    250.00000    250.00176      0.93827
 ==================================================================================================================================
    3  !e-!              21        11    1           0           0     16.67266    -11.54722     21.39412     29.47922      0.00051
    4  !gamma!           21        22    1           0           0    -16.67266     11.54722    -31.39412    -19.47921    -31.89775
    5  !p+!              21      2212    2           0           0     -0.00000      0.00000    250.00000    250.00176      0.93827
    6  !gamma!           21        22    4           0           0    -16.67512     11.54892    -31.38614    -19.46948    -31.89775
    7  !u!               21         2    5           0           0      0.00042     -0.00029     42.69004     42.69004      0.00000
    8  !gamma!           21        22    6           0           0    -16.67512     11.54892    -31.38614    -19.46948    -31.89775
    9  !u!               21         2    7           0           0      0.00042     -0.00029     42.69004     42.69004      0.00000
   10  !u!               21         2    9           0           0    -16.67470     11.54863     11.30390     23.22057      0.00000
 ==================================================================================================================================
   11  e-                 1        11    3           0           0     16.67266    -11.54722     21.39412     29.47922      0.00051
   12  (ud_0)        A   12      2101    5          16          16     -0.32982     -0.26225    206.77586    206.77710      0.57933
   13  (g)           I   12        21   10          16          16     -1.56841      0.05615      0.68681      1.71312      0.00000
   14  (g)           I   12        21   10          16          16     -1.03828      0.66139      0.16487      1.24203      0.00000
   15  (u)           V   11         2   10          16          16    -13.73615     11.09192     10.97833     20.79030      0.00000
 ==================================================================================================================================
   16  (string)          11        92   12          17          25    -16.67266     11.54722    218.60588    230.52255     70.29080
   17  n0                 1      2112   16           0           0     -0.44053     -0.30485     98.59845     98.60438      0.93957
   18  (pi0)             11       111   16          26          27      0.50563     -0.00326     63.47079     63.47295      0.13498
   19  nbar0              1     -2112   16           0           0     -0.43141     -0.37072     32.66381     32.68227      0.93957
   20  n0                 1      2112   16           0           0      0.44115      0.43702      8.44423      8.51900      0.93957
   21  (Kbar0)           11      -311   16          28          28     -1.55914      0.36531      2.65909      3.14369      0.49767
   22  (K*0)             11       313   16          29          30     -0.00540     -0.00021      1.01382      1.31685      0.84038
   23  (omega)           11       223   16          31          33     -1.45683      0.44508      1.05909      2.01632      0.78957
   24  (rho+)            11       213   16          34          35     -1.73043      1.06000      0.97774      2.40014      0.82867
   25  (omega)           11       223   16          36          38    -11.99569      9.91885      9.71886     18.36694      0.77978
   26  gamma              1        22   18           0           0      0.30921      0.02873     31.24790     31.24944      0.00000
   27  gamma              1        22   18           0           0      0.19642     -0.03199     32.22289     32.22350      0.00000
   28  K_L0               1       130   21           0           0     -1.55914      0.36531      2.65909      3.14369      0.49767
   29  K+                 1       321   22           0           0      0.18473      0.10401      0.46510      0.71056      0.49360
   30  pi-                1      -211   22           0           0     -0.19013     -0.10422      0.54872      0.60629      0.13957
   31  pi+                1       211   23           0           0     -0.15102     -0.02282      0.01711      0.20760      0.13957
   32  pi-                1      -211   23           0           0     -1.00827      0.52673      0.82403      1.41158      0.13957
   33  (pi0)             11       111   23          39          40     -0.29755     -0.05883      0.21796      0.39714      0.13498
   34  pi+                1       211   24           0           0     -1.06187      0.54532      0.15117      1.21131      0.13957
   35  (pi0)             11       111   24          41          42     -0.66856      0.51468      0.82658      1.18883      0.13498
   36  pi-                1      -211   25           0           0     -2.81955      2.08732      2.34488      4.22194      0.13957
   37  pi+                1       211   25           0           0     -4.44427      3.99269      3.68571      7.02118      0.13957
   38  (pi0)             11       111   25          43          44     -4.73186      3.83884      3.68827      7.12381      0.13498
   39  gamma              1        22   33           0           0     -0.27573     -0.00730      0.17588      0.32714      0.00000
   40  gamma              1        22   33           0           0     -0.02182     -0.05152      0.04208      0.07001      0.00000
   41  gamma              1        22   35           0           0     -0.32068      0.30113      0.50080      0.66657      0.00000
   42  gamma              1        22   35           0           0     -0.34788      0.21355      0.32577      0.52226      0.00000
   43  gamma              1        22   38           0           0     -2.72105      2.28835      2.17743      4.16916      0.00000
   44  gamma              1        22   38           0           0     -2.01081      1.55049      1.51083      2.95466      0.00000
 ==================================================================================================================================
                   sum charge:  0.00   sum momentum and inv. mass:      0.00000     -0.00000    240.00000    260.00176    100.00458



                            Event listing (standard)

    I  particle/jet  K(I,1)   K(I,2) K(I,3)     K(I,4)      K(I,5)       P(I,1)       P(I,2)       P(I,3)       P(I,4)       P(I,5)

    1  !e-!              21        11    0           3           4      0.00000      0.00000    -10.00000     10.00000      0.00051
    2  !p+!              21      2212    0           5           0     -0.00000      0.00000    250.00000    250.00176      0.93827
 ==================================================================================================================================
    3  !e-!              21        11    1           0           0     -8.40036    -18.62902     63.00613     66.23729      0.00051
    4  !gamma!           21        22    1           0           0      8.40036     18.62902    -73.00613    -56.23729    -50.84160
    5  !p+!              21      2212    2           0           0     -0.00000     -0.00000    250.00000    250.00176      0.93827
    6  !gamma!           21        22    4           0           0      8.40125     18.63097    -72.99761    -56.22701    -50.84160
    7  !u!               21         2    5           0           0     -0.00027     -0.00060     77.06467     77.06467      0.00000
    8  !gamma!           21        22    6           0           0      8.40125     18.63097    -72.99761    -56.22701    -50.84160
    9  !u!               21         2    7           0           0     -0.00027     -0.00060     77.06467     77.06467      0.00000
   10  !u!               21         2    9           0           0      8.40097     18.63037      4.06706     20.83766      0.00000
 ==================================================================================================================================
   11  e-                 1        11    3           0           0     -8.40036    -18.62902     63.00613     66.23729      0.00051
   12  (ud_0)        A   12      2101    5          17          17     -0.08924     -0.13908    171.17305    171.17411      0.57933
   13  (g)           I   12        21   10          17          17      2.78419      1.92671      0.94118      3.51422      0.00000
   14  (g)           I   12        21   10          17          17      1.82129      2.00671     -0.33759      2.73093      0.00000
   15  (g)           I   12        21   10          17          17      1.00016      8.12948      2.81243      8.66017      0.00000
   16  (u)           V   11         2   10          17          17      2.88397      6.70519      2.40480      7.68504      0.00000
 ==================================================================================================================================
   17  (string)          11        92   12          18          30      8.40036     18.62902    176.99387    193.76447     76.15926
   18  p+                 1      2212   17           0           0      0.01153     -0.17745     71.24316     71.24956      0.93827
   19  pi-                1      -211   17           0           0     -0.04600     -0.01356     11.20712     11.20809      0.13957
   20  pi+                1       211   17           0           0     -0.53093      0.88079     50.10413     50.11488      0.13957
   21  (omega)           11       223   17          31          33      0.43726     -0.73493     30.14742     30.16964      0.78020
   22  (omega)           11       223   17          34          36     -0.16950     -0.15138      5.90152      5.95773      0.78424
   23  pi-                1      -211   17           0           0      0.78706      0.02601      0.66868      1.04247      0.13957
   24  (rho+)            11       213   17          37          38      0.09111      0.99153      1.13187      1.75679      0.90209
   25  (omega)           11       223   17          39          41      1.15473      0.17851      0.78148      1.60879      0.78244
   26  pi-                1      -211   17           0           0      1.60938      0.89276     -0.19859      1.85635      0.13957
   27  (Kbar0)           11      -311   17          42          42      1.14037      2.10536      1.43576      2.83585      0.49767
   28  K+                 1       321   17           0           0      0.42696      3.31432      1.07084      3.54363      0.49360
   29  (rho-)            11      -213   17          43          44      3.18240      9.35154      2.77535     10.29884      0.88572
   30  pi+                1       211   17           0           0      0.30599      1.96554      0.72514      2.12186      0.13957
   31  pi-                1      -211   21           0           0     -0.06429     -0.27802      9.93505      9.94013      0.13957
   32  pi+                1       211   21           0           0      0.24034     -0.18751     14.18492     14.18888      0.13957
   33  (pi0)             11       111   21          45          46      0.26122     -0.26941      6.02744      6.04062      0.13498
   34  pi-                1      -211   22           0           0     -0.02833     -0.24557      1.90301      1.92407      0.13957
   35  pi+                1       211   22           0           0     -0.07381     -0.10106      2.97261      2.97852      0.13957
   36  (pi0)             11       111   22          47          49     -0.06736      0.19525      1.02589      1.05515      0.13498
   37  pi+                1       211   24           0           0     -0.26427      0.11683      0.06800      0.32801      0.13957
   38  (pi0)             11       111   24          50          51      0.35538      0.87469      1.06386      1.42878      0.13498
   39  pi+                1       211   25           0           0      0.03337      0.04873     -0.00163      0.15156      0.13957
   40  pi-                1      -211   25           0           0      0.21843     -0.04373      0.33414      0.42515      0.13957
   41  (pi0)             11       111   25          52          53      0.90293      0.17351      0.44898      1.03208      0.13498
   42  K_L0               1       130   27           0           0      1.14037      2.10536      1.43576      2.83585      0.49767
   43  pi-                1      -211   29           0           0      2.49354      7.90996      2.08341      8.55250      0.13957
   44  (pi0)             11       111   29          54          55      0.68886      1.44158      0.69194      1.74633      0.13498
   45  gamma              1        22   33           0           0      0.20301     -0.21549      3.69986      3.71169      0.00000
   46  gamma              1        22   33           0           0      0.05820     -0.05392      2.32758      2.32893      0.00000
   47  gamma              1        22   36           0           0      0.03456      0.09274      0.34817      0.36197      0.00000
   48  e+                 1       -11   36           0           0     -0.00558      0.00119      0.02365      0.02433      0.00051
   49  e-                 1        11   36           0           0     -0.09634      0.10133      0.65407      0.66885      0.00051
   50  gamma              1        22   38           0           0      0.14013      0.35660      0.53282      0.65627      0.00000
   51  gamma              1        22   38           0           0      0.21525      0.51810      0.53104      0.77251      0.00000
   52  gamma              1        22   41           0           0      0.62186      0.10655      0.37451      0.73370      0.00000
   53  gamma              1        22   41           0           0      0.28107      0.06696      0.07447      0.29838      0.00000
   54  gamma              1        22   44           0           0      0.64512      1.40224      0.67807      1.68589      0.00000
   55  gamma              1        22   44           0           0      0.04374      0.03934      0.01388      0.06044      0.00000
 ==================================================================================================================================
                   sum charge:  0.00   sum momentum and inv. mass:     -0.00000     -0.00000    240.00000    260.00176    100.00458



                            Event listing (standard)

    I  particle/jet  K(I,1)   K(I,2) K(I,3)     K(I,4)      K(I,5)       P(I,1)       P(I,2)       P(I,3)       P(I,4)       P(I,5)

    1  !e-!              21        11    0           3           4      0.00000      0.00000    -10.00000     10.00000      0.00051
    2  !p+!              21      2212    0           5           0     -0.00000      0.00000    250.00000    250.00176      0.93827
 ==================================================================================================================================
    3  !e-!              21        11    1           0           0    -24.11515      1.07362     43.33059     49.60074      0.00051
    4  !gamma!           21        22    1           0           0     24.11515     -1.07362    -53.33059    -39.60074    -43.11179
    5  !p+!              21      2212    2           0           0     -0.00000     -0.00000    250.00000    250.00176      0.93827
    6  !gamma!           21        22    4           0           0     24.11824     -1.07375    -53.32007    -39.58846    -43.11179
    7  !u!               21         2    5           0           0     -0.00084      0.00004     67.67544     67.67544      0.00000
    8  !gamma!           21        22    6           0           0     24.11824     -1.07375    -53.32007    -39.58846    -43.11179
    9  !u!               21         2    7           0           0     -0.00084      0.00004     67.67544     67.67544      0.00000
   10  !u!               21         2    9           0           0     24.11740     -1.07372     14.35537     28.08698      0.00000
 ==================================================================================================================================
   11  e-                 1        11    3           0           0    -24.11515      1.07362     43.33059     49.60074      0.00051
   12  (ud_1)        A   12      2103    5          19          19      0.22495      0.50690    179.09567    179.09819      0.77133
   13  (g)           I   12        21   10          19          19      2.74594      0.26622     -0.79269      2.87044      0.00000
   14  (g)           I   12        21   10          19          19      0.95751     -0.06757      0.95249      1.35227      0.00000
   15  (g)           I   12        21   10          19          19      0.56225      0.00382     -0.10608      0.57218      0.00000
   16  (g)           I   12        21   10          19          19      4.80513     -1.29041      4.76537      6.88935      0.00000
   17  (g)           I   12        21   10          19          19      3.10734     -0.72958      2.67397      4.16389      0.00000
   18  (u)           V   11         2   10          19          19     11.71203      0.23701     10.08068     15.45471      0.00000
 ==================================================================================================================================
   19  (string)          11        92   12          20          32     24.11515     -1.07362    196.66941    210.40102     70.76045
   20  (Delta0)          11      2114   19          33          34      0.33084      0.55829    162.97854    162.98414      1.18462
   21  pi+                1       211   19           0           0     -0.50583     -0.13271      2.57856      2.63475      0.13957
   22  pi-                1      -211   19           0           0      0.05255      0.24807      3.17335      3.18652      0.13957
   23  (rho0)            11       113   19          35          36     -0.31527     -0.73159      8.90433      8.98725      0.92133
   24  pi+                1       211   19           0           0      1.25943      0.61053      0.68053      1.56254      0.13957
   25  (omega)           11       223   19          37          39      0.99990     -0.13734      0.58792      1.40892      0.78788
   26  (rho-)            11      -213   19          40          41      1.58338      0.14566     -0.11524      1.78787      0.80926
   27  (K*bar0)          11      -313   19          42          43      3.73134     -0.96617      3.52324      5.30145      0.91420
   28  (K0)              11       311   19          44          44      1.49715      0.37717      1.08463      1.95136      0.49767
   29  (pi0)             11       111   19          45          46      0.63806      0.22708      0.26483      0.73962      0.13498
   30  (pi0)             11       111   19          47          48      2.56785     -0.40861      2.01976      3.29522      0.13498
   31  (pi0)             11       111   19          49          50      4.94734     -0.71172      4.68684      6.85328      0.13498
   32  (rho+)            11       213   19          51          52      7.32839     -0.15229      6.30210      9.70809      0.89549
   33  n0                 1      2112   20           0           0      0.13975      0.31838    111.20436    111.20887      0.93957
   34  (pi0)             11       111   20          53          54      0.19109      0.23992     51.77418     51.77526      0.13498
   35  pi-                1      -211   23           0           0      0.04628     -0.55022      7.43759      7.45936      0.13957
   36  pi+                1       211   23           0           0     -0.36155     -0.18137      1.46675      1.52789      0.13957
   37  pi+                1       211   25           0           0     -0.00294      0.03450      0.07243      0.16101      0.13957
   38  pi-                1      -211   25           0           0      0.63041     -0.28931      0.42356      0.82462      0.13957
   39  (pi0)             11       111   25          55          56      0.37243      0.11747      0.09194      0.42329      0.13498
   40  pi-                1      -211   26           0           0      0.06528     -0.01538     -0.20003      0.25296      0.13957
   41  (pi0)             11       111   26          57          58      1.51810      0.16104      0.08479      1.53491      0.13498
   42  (Kbar0)           11      -311   27          59          59      1.40338     -0.29193      1.59444      2.20105      0.49767
   43  (pi0)             11       111   27          60          61      2.32797     -0.67424      1.92881      3.10041      0.13498
   44  (K_S0)            11       310   28          62          63      1.49715      0.37717      1.08463      1.95136      0.49767
   45  gamma              1        22   29           0           0      0.02295     -0.01679      0.01644      0.03285      0.00000
   46  gamma              1        22   29           0           0      0.61510      0.24388      0.24840      0.70677      0.00000
   47  gamma              1        22   30           0           0      1.83600     -0.24657      1.38507      2.31303      0.00000
   48  gamma              1        22   30           0           0      0.73185     -0.16204      0.63470      0.98220      0.00000
   49  gamma              1        22   31           0           0      4.24186     -0.60177      3.95242      5.82899      0.00000
   50  gamma              1        22   31           0           0      0.70548     -0.10995      0.73442      1.02429      0.00000
   51  pi+                1       211   32           0           0      0.21976      0.06554      0.28121      0.38878      0.13957
   52  (pi0)             11       111   32          64          65      7.10864     -0.21784      6.02090      9.31931      0.13498
   53  gamma              1        22   34           0           0      0.08140      0.01438     10.74569     10.74601      0.00000
   54  gamma              1        22   34           0           0      0.10969      0.22554     41.02849     41.02925      0.00000
   55  gamma              1        22   39           0           0      0.02738      0.05626      0.00948      0.06329      0.00000
   56  gamma              1        22   39           0           0      0.34505      0.06121      0.08246      0.36000      0.00000
   57  gamma              1        22   41           0           0      0.39626      0.03529      0.08128      0.40605      0.00000
   58  gamma              1        22   41           0           0      1.12184      0.12575      0.00351      1.12887      0.00000
   59  (K_S0)            11       310   42          66          67      1.40338     -0.29193      1.59444      2.20105      0.49767
   60  gamma              1        22   43           0           0      1.19497     -0.33796      1.07379      1.64170      0.00000
   61  gamma              1        22   43           0           0      1.13300     -0.33628      0.85501      1.45870      0.00000
   62  (pi0)             11       111   44          68          69      0.20251      0.15888      0.29104      0.41131      0.13498
   63  (pi0)             11       111   44          70          71      1.29464      0.21828      0.79359      1.54005      0.13498
   64  gamma              1        22   52           0           0      4.52476     -0.18602      3.77513      5.89573      0.00000
   65  gamma              1        22   52           0           0      2.58387     -0.03182      2.24577      3.42358      0.00000
   66  (pi0)             11       111   59          72          73      0.76711     -0.33270      0.72785      1.11675      0.13498
   67  (pi0)             11       111   59          74          75      0.63627      0.04077      0.86659      1.08430      0.13498
   68  gamma              1        22   62           0           0      0.10500      0.11629      0.25440      0.29877      0.00000
   69  gamma              1        22   62           0           0      0.09751      0.04260      0.03664      0.11254      0.00000
   70  gamma              1        22   63           0           0      0.39226      0.01614      0.19379      0.43782      0.00000
   71  gamma              1        22   63           0           0      0.90238      0.20215      0.59980      1.10224      0.00000
   72  gamma              1        22   66           0           0      0.64136     -0.30527      0.55593      0.90199      0.00000
   73  gamma              1        22   66           0           0      0.12575     -0.02744      0.17191      0.21475      0.00000
   74  gamma              1        22   67           0           0      0.40953      0.01622      0.44507      0.60504      0.00000
   75  gamma              1        22   67           0           0      0.22674      0.02456      0.42152      0.47926      0.00000
 ==================================================================================================================================
                   sum charge:  0.00   sum momentum and inv. mass:     -0.00000      0.00000    240.00000    260.00176    100.00458
1********* PYSTAT:  Statistics on Number of Events and Cross-sections *********

 ==============================================================================
 I                                  I                            I            I
 I            Subprocess            I      Number of points      I    Sigma   I
 I                                  I                            I            I
 I----------------------------------I----------------------------I    (mb)    I
 I                                  I                            I            I
 I N:o Type                         I    Generated         Tried I            I
 I                                  I                            I            I
 ==============================================================================
 I                                  I                            I            I
 I   0 All included subprocesses    I           50      13304569 I  2.722D-08 I
 I  11 f + f' -> f + f' (QCD)       I            0             0 I  0.000D+00 I
 I  12 f + fbar -> f' + fbar'       I            0             0 I  0.000D+00 I
 I  13 f + fbar -> g + g            I            0             0 I  0.000D+00 I
 I  28 f + g -> f + g               I            0             0 I  0.000D+00 I
 I  53 g + g -> f + fbar            I            0             0 I  0.000D+00 I
 I  68 g + g -> g + g               I            0             0 I  0.000D+00 I
 I  91 Elastic scattering           I            0        949839 I  0.000D+00 I
 I  92 Single diffractive (XB)      I            0        702025 I  0.000D+00 I
 I  93 Single diffractive (AX)      I            0        562399 I  0.000D+00 I
 I  94 Double  diffractive          I            0       1544385 I  0.000D+00 I
 I  95 Low-pT scattering            I            0          2775 I  0.000D+00 I
 I  99 q + gamma* -> q              I           50       3948717 I  2.722D-08 I
 I 131 f + gamma*_T -> f + g        I            0        301555 I  0.000D+00 I
 I 132 f + gamma*_L -> f + g        I            0         15267 I  0.000D+00 I
 I 135 g + gamma*_T -> f + fbar     I            0        932009 I  0.000D+00 I
 I 136 g + gamma*_L -> f + fbar     I            0        152608 I  0.000D+00 I
 I                                  I                            I            I
 ==============================================================================
 I                                  I                            I            I
 I   1 VMD * hadron                 I            0       6244567 I  0.000D+00 I
 I   2 direct * hadron              I            0       1401439 I  0.000D+00 I
 I   3 anomalous * hadron           I            0       1709846 I  0.000D+00 I
 I   4 DIS * hadron                 I           50       3948717 I  2.722D-08 I
 I                                  I                            I            I
 ==============================================================================

 ********* Total number of errors, excluding junctions =        0 *************
 ********* Total number of errors, including junctions =        0 *************
 ********* Total number of warnings =                           0 *************
 ********* Fraction of events that fail fragmentation cuts =  0.00000 *********

1************ PYSTAT: User-Defined Limits on Kinematical Variables ************

 ==============================================================================
 I                                                                            I
 I                 0.000D+00 <  m_hard (GeV/c^2)  <  8.240D+01                I
 I    0.000D+00 ( 1.000D+00) <  p_T_hard (GeV/c)  <  4.120D+01                I
 I                             m_finite (GeV/c^2) =  1.000D+00                I
 I                -1.000D+01 <    y*_subsystem    <  1.000D+01                I
 I                -4.000D+01 <      y*_large      <  4.000D+01                I
 I                -4.000D+01 <      y*_small      <  4.000D+01                I
 I                -4.000D+01 <     eta*_large     <  4.000D+01                I
 I                -4.000D+01 <     eta*_small     <  4.000D+01                I
 I                -1.000D+00 < cos(theta*)_large  <  1.000D+00                I
 I                -1.000D+00 < cos(theta*)_small  <  1.000D+00                I
 I                 0.000D+00 <        x_1         <  1.000D+00                I
 I                 0.000D+00 <        x_2         <  1.000D+00                I
 I                -1.000D+00 <        x_F         <  1.000D+00                I
 I                -1.000D+00 <  cos(theta_hard)   <  1.000D+00                I
 I                 2.000D+00 < m'_hard (GeV/c^2)  <  8.240D+01                I
 I                                                                            I
 ==============================================================================
 The charm mass used is:    1.5000000000000000     
 ===================================================
 Pythia total cross section normalisation:   2.7215279714732617E-005  microbarn
 Total Number of generated events          50
 Total Number of trials          50
 ===================================================

 ===== PDFSTA statistics for PDF under/over-flows ====

 ====== STRUCTM statistics for nucleon/pion PDFs =====

   total # of calls    1361380.0000000000     
   X  below PDF min    0.0000000000000000       or    0.0000000000000000       %
   X  above PDF max    0.0000000000000000       or    0.0000000000000000       %
   Q2 below PDF min    0.0000000000000000       or    0.0000000000000000       %
   Q2 above PDF max    0.0000000000000000       or    0.0000000000000000       %

 ========= STRUCTP statistics for photon PDFs ========

   total # of calls    0.0000000000000000     

