1                                                                              
 ******************************************************************************
 ******************************************************************************
 **                                                                          **
 **                                                                          **
 **              *......*                  Welcome to the Lund Monte Carlo!  **
 **         *:::!!:::::::::::*                                               **
 **      *::::::!!::::::::::::::*          PPP  Y   Y TTTTT H   H III   A    **
 **    *::::::::!!::::::::::::::::*        P  P  Y Y    T   H   H  I   A A   **
 **   *:::::::::!!:::::::::::::::::*       PPP    Y     T   HHHHH  I  AAAAA  **
 **   *:::::::::!!:::::::::::::::::*       P      Y     T   H   H  I  A   A  **
 **    *::::::::!!::::::::::::::::*!       P      Y     T   H   H III A   A  **
 **      *::::::!!::::::::::::::* !!                                         **
 **      !! *:::!!:::::::::::*    !!       This is PYTHIA version 6.428      **
 **      !!     !* -><- *         !!       Last date of change:  5 Sep 2013  **
 **      !!     !!                !!                                         **
 **      !!     !!                !!       Now is  0 Jan 2000 at  0:00:00    **
 **      !!                       !!                                         **
 **      !!        lh             !!       Disclaimer: this program comes    **
 **      !!                       !!       without any guarantees. Beware    **
 **      !!                 hh    !!       of errors and use common sense    **
 **      !!    ll                 !!       when interpreting results.        **
 **      !!                       !!                                         **
 **      !!                                Copyright T. Sjostrand (2011)     **
 **                                                                          **
 ** An archive of program versions and documentation is found on the web:    **
 ** http://www.thep.lu.se/~torbjorn/Pythia.html                              **
 **                                                                          **
 ** When you cite this program, the official reference is to the 6.4 manual: **
 ** T. Sjostrand, S. Mrenna and P. Skands, JHEP05 (2006) 026                 **
 ** (LU TP 06-13, FERMILAB-PUB-06-052-CD-T) [hep-ph/0603175].                **
 **                                                                          **
 ** Also remember that the program, to a large extent, represents original   **
 ** physics research. Other publications of special relevance to your        **
 ** studies may therefore deserve separate mention.                          **
 **                                                                          **
 ** Main author: Torbjorn Sjostrand; Department of Theoretical Physics,      **
 **   Lund University, Solvegatan 14A, S-223 62 Lund, Sweden;                **
 **   phone: + 46 - 46 - 222 48 16; e-mail: torbjorn@thep.lu.se              **
 ** Author: Stephen Mrenna; Computing Division, GDS Group,                   **
 **   Fermi National Accelerator Laboratory, MS 234, Batavia, IL 60510, USA; **
 **   phone: + 1 - 630 - 840 - 2556; e-mail: mrenna@fnal.gov                 **
 ** Author: Peter Skands; CERN/PH-TH, CH-1211 Geneva, Switzerland            **
 **   phone: + 41 - 22 - 767 24 47; e-mail: peter.skands@cern.ch             **
 **                                                                          **
 **                                                                          **
 ******************************************************************************
 ******************************************************************************
     MSEL           changed from              1 to              2
     MSTP(14)       changed from             30 to             30
     MSTP(15)       changed from              0 to              0
     MSTP(16)       changed from              1 to              1
     MSTP(17)       changed from              4 to              4
     MSTP(18)       changed from              3 to              3
     MSTP(19)       changed from              4 to              1
     MSTP(20)       changed from              3 to              0
     MSTP(32)       changed from              8 to              8
     MSTP(38)       changed from              5 to              4
     MSTP(51)       changed from              7 to          10050
     MSTP(52)       changed from              1 to              2
     MSTP(53)       changed from              3 to              3
     MSTP(54)       changed from              1 to              1
     MSTP(55)       changed from              5 to              5
     MSTP(56)       changed from              1 to              1
     MSTP(57)       changed from              1 to              1
     MSTP(58)       changed from              5 to              5
     MSTP(59)       changed from              1 to              1
     MSTP(60)       changed from              7 to              7
     MSTP(61)       changed from              2 to              2
     MSTP(71)       changed from              1 to              1
     MSTP(81)       changed from              1 to              0
     MSTP(82)       changed from              4 to              1
     MSTP(91)       changed from              1 to              1
     MSTP(92)       changed from              3 to              3
     MSTP(93)       changed from              1 to              1
     MSTP(101)      changed from              3 to              3
     MSTP(102)      changed from              1 to              1
     MSTP(111)      changed from              1 to              1
     MSTP(121)      changed from              0 to              0
     PARP(13)       changed from        1.00000 to        1.00000
     PARP(18)       changed from        0.40000 to        0.40000
     PARP(81)       changed from        1.90000 to        1.90000
     PARP(89)       changed from     1800.00000 to     1800.00000
     PARP(90)       changed from        0.25000 to        0.16000
     PARP(91)       changed from        2.00000 to        0.40000
     PARP(93)       changed from        5.00000 to        5.00000
     PARP(99)       changed from        1.00000 to        0.40000
     PARP(100)      changed from        5.00000 to        5.00000
     PARP(102)      changed from        0.28000 to        0.28000
     PARP(103)      changed from        1.00000 to        1.00000
     PARP(104)      changed from        0.80000 to        0.80000
     PARP(111)      changed from        2.00000 to        2.00000
     PARP(161)      changed from        2.20000 to        3.00000
     PARP(162)      changed from       23.60000 to       24.60000
     PARP(163)      changed from       18.40000 to       18.80000
     PARP(164)      changed from       11.50000 to       11.50000
     PARP(165)      changed from        0.50000 to        0.47679
     PARP(166)      changed from        0.00000 to        0.67597
     PARJ(1)        changed from        0.10000 to        0.10000
     PARJ(2)        changed from        0.30000 to        0.30000
     PARJ(11)       changed from        0.50000 to        0.50000
     PARJ(12)       changed from        0.60000 to        0.60000
     PARJ(21)       changed from        0.36000 to        0.40000
     PARJ(32)       changed from        1.00000 to        1.00000
     PARJ(33)       changed from        0.80000 to        0.80000
     PARJ(41)       changed from        0.30000 to        0.30000
     PARJ(42)       changed from        0.58000 to        0.58000
     PARJ(45)       changed from        0.50000 to        0.50000
     MSTJ(1)        changed from              1 to              1
     MSTJ(12)       changed from              2 to              1
     MSTJ(45)       changed from              5 to              5
     MSTU(112)      changed from              5 to              5
     MSTU(113)      changed from              3 to              5
     MSTU(114)      changed from              5 to              5
     CKIN(1)        changed from        2.00000 to        1.00000
     CKIN(2)        changed from       -1.00000 to       -1.00000
     CKIN(3)        changed from        0.00000 to        0.00000
     CKIN(4)        changed from       -1.00000 to       -1.00000
     CKIN(5)        changed from        1.00000 to        1.00000
     CKIN(6)        changed from        1.00000 to        1.00000
     CKIN(7)        changed from      -10.00000 to      -10.00000
     CKIN(8)        changed from       10.00000 to       10.00000
     CKIN(9)        changed from      -40.00000 to      -40.00000
     CKIN(10)       changed from       40.00000 to       40.00000
     CKIN(11)       changed from      -40.00000 to      -40.00000
     CKIN(12)       changed from       40.00000 to       40.00000
     CKIN(13)       changed from      -40.00000 to      -40.00000
     CKIN(14)       changed from       40.00000 to       40.00000
     CKIN(15)       changed from      -40.00000 to      -40.00000
     CKIN(16)       changed from       40.00000 to       40.00000
     CKIN(17)       changed from       -1.00000 to       -1.00000
     CKIN(18)       changed from        1.00000 to        1.00000
     CKIN(19)       changed from       -1.00000 to       -1.00000
     CKIN(20)       changed from        1.00000 to        1.00000
     CKIN(21)       changed from        0.00000 to        0.00000
     CKIN(22)       changed from        1.00000 to        1.00000
     CKIN(23)       changed from        0.00000 to        0.00000
     CKIN(24)       changed from        1.00000 to        1.00000
     CKIN(25)       changed from       -1.00000 to       -1.00000
     CKIN(26)       changed from        1.00000 to        1.00000
     CKIN(27)       changed from       -1.00000 to       -1.00000
     CKIN(28)       changed from        1.00000 to        1.00000
     CKIN(31)       changed from        2.00000 to        2.00000
     CKIN(32)       changed from       -1.00000 to       -1.00000
     CKIN(35)       changed from        0.00000 to        0.00000
     CKIN(36)       changed from       -1.00000 to       -1.00000
     CKIN(37)       changed from        0.00000 to        0.00000
     CKIN(38)       changed from       -1.00000 to       -1.00000
     CKIN(39)       changed from        4.00000 to        4.00000
     CKIN(40)       changed from       -1.00000 to       -1.00000
     CKIN(65)       changed from        0.00000 to        0.00000
     CKIN(66)       changed from       -1.00000 to       -1.00000
     CKIN(67)       changed from        0.00000 to        0.00000
     CKIN(68)       changed from       -1.00000 to       -1.00000
     CKIN(77)       changed from        2.00000 to        2.00000
     CKIN(78)       changed from       -1.00000 to       -1.00000
 *********************************************
 NOW all parameters are read by PYTHIA
 *********************************************
 SEED =   1898682714
 RANLUX LUXURY LEVEL SET BY RLUXGO : 4     P= 389
 RANLUX INITIALIZED BY RLUXGO FROM SEEDS  1898682714           0           0
   5328.9753403062132        10.000000000000000       -5328.9753403062132       -10.0000000    
 *********************************************
 proton beam momentum:   250.000000     GeV
 lepton beam momentum:   10.0000000     GeV
 resulting sqrt(s):   100.00457712527508      GeV
 *********************************************
1****************** PYINIT: initialization of PYTHIA routines *****************
 ==== PYTHIA WILL USE LHAPDF ====
 *************************************
 *       LHAPDF Version 5.9.1        *
 *   Configured for the following:   *
 *             All PDFs              *
 *         FULL MEMORY option        *
 *    Maximum  3 concurrent set(s)   *
 *************************************

 >>>>>> PDF description: <<<<<<
 CTEQ6M                                                          
 Reference:                                                      
 J. Pumplin, D.R. Stump, J. Huston, H.L. Lai, P. Nadolsky,       
 W.K. Tung                                                       
 hep-ph/0201195                                                  
 This set has 41 member PDFs.                                    
     mem=0 --> central value (cteq6m)                            
     mem=1-40 --> 20 sets of +ve/-ve error values                
 >>>>>>                   <<<<<<

 ==============================================
 PDFset name /cvmfs/sft.cern.ch/lcg/external/lhapdfsets/5.9.1/share/PDFsets/cteq6mE.LHgrid   
 with         40 members
 ====  initialized. ===========================
 Strong coupling at Mz for PDF is:  0.11798

 ==============================================================================
 I                                                                            I
 I      PYTHIA will be initialized for gamma/e- on p+ user configuration      I
 I                                                                            I
 I                  px (GeV/c)   py (GeV/c)   pz (GeV/c)      E (GeV)         I
 I        gamma/e-       0.000        0.000      -10.000       10.000         I
 I        p+             0.000        0.000      250.000      250.002         I
 I                                                                            I
 I           corresponding to    100.005 GeV center-of-mass energy            I
 I                                                                            I
 ==============================================================================

 ******** PYMAXI: summary of differential cross-section maximum search ********

           ==========================================================
           I                                      I                 I
           I  ISUB  Subprocess name               I  Maximum value  I
           I                                      I                 I
           ==========================================================
           I                                      I                 I
           I   91   Elastic scattering            I    4.5802D-04   I
           I   92   Single diffractive (XB)       I    3.3396D-04   I
           I   93   Single diffractive (AX)       I    2.7193D-04   I
           I   94   Double  diffractive           I    2.7235D-04   I
           I   95   Low-pT scattering             I    1.9842D-03   I
           I   96   Semihard QCD 2 -> 2           I    1.9401D-02   I
           I                                      I                 I
           ==========================================================

 ******** PYMAXI: summary of differential cross-section maximum search ********

           ==========================================================
           I                                      I                 I
           I  ISUB  Subprocess name               I  Maximum value  I
           I                                      I                 I
           ==========================================================
           I                                      I                 I
           I  131   f + gamma*_T -> f + g         I    1.8340D-04   I
           I  132   f + gamma*_L -> f + g         I    9.6222D-06   I
           I  135   g + gamma*_T -> f + fbar      I    5.6762D-04   I
           I  136   g + gamma*_L -> f + fbar      I    9.2431D-05   I
           I                                      I                 I
           ==========================================================

 ******** PYMAXI: summary of differential cross-section maximum search ********

           ==========================================================
           I                                      I                 I
           I  ISUB  Subprocess name               I  Maximum value  I
           I                                      I                 I
           ==========================================================
           I                                      I                 I
           I   91   Elastic scattering            I    1.1937D-04   I
           I   92   Single diffractive (XB)       I    8.8669D-05   I
           I   93   Single diffractive (AX)       I    7.0104D-05   I
           I   94   Double  diffractive           I    7.1830D-05   I
           I   95   Low-pT scattering             I    5.5769D-04   I
           I   96   Semihard QCD 2 -> 2           I    1.4517D-02   I
           I                                      I                 I
           ==========================================================

 ******** PYMAXI: summary of differential cross-section maximum search ********

           ==========================================================
           I                                      I                 I
           I  ISUB  Subprocess name               I  Maximum value  I
           I                                      I                 I
           ==========================================================
           I                                      I                 I
           I   99   q + gamma* -> q               I    2.3955D-03   I
           I                                      I                 I
           ==========================================================

 ********************** PYINIT: initialization completed **********************
 the outputfile will be named: outfiles/ep_10_250_Q2_10_100_norad.out                                                                                                                                                                                                                          



                            Event listing (standard)

    I  particle/jet  K(I,1)   K(I,2) K(I,3)     K(I,4)      K(I,5)       P(I,1)       P(I,2)       P(I,3)       P(I,4)       P(I,5)

    1  !e-!              21        11    0           3           4      0.00000      0.00000    -10.00000     10.00000      0.00051
    2  !p+!              21      2212    0           5           0     -0.00000      0.00000    250.00000    250.00176      0.93827
 ==================================================================================================================================
    3  !e-!              21        11    1           0           0      0.50986     -3.52040     -8.82111      9.51131      0.00051
    4  !gamma!           21        22    1           0           0     -0.50986      3.52040     -1.17889      0.48869     -3.71539
    5  !p+!              21      2212    2           0           0     -0.00000     -0.00000    250.00000    250.00176      0.93827
    6  !gamma!           21        22    4           0           0     -0.50947      3.51771      2.95774      4.62407     -0.00000
    7  !u!               21         2    5           0           0     -0.41699     -0.16736     67.39175     67.39325     -0.00000
    8  !gamma!           21        22    6           0           0     -0.49852      3.44207      2.89415      4.52465      0.00000
    9  !u!               21         2    7           0           0      0.15142     -1.03041     22.89717     22.92084      0.00000
   10  !g!               21        21    0           0           0      3.20948      3.61081     19.69480     20.27865      0.00000
   11  !u!               21         2    0           0           0     -3.55658     -1.19914      6.09651      7.16684      0.33000
 ==================================================================================================================================
   12  e-                 1        11    3           0           0      0.50986     -3.52040     -8.82111      9.51131      0.00051
   13  (u)           A   12         2   11          19          19     -3.12538     -1.33465      6.84112      7.64586      0.33000
   14  (g)           I   12        21   11          19          19     -0.06710      0.41833      0.22614      0.48025      0.00000
   15  (g)           I   12        21   10          19          19      2.17487      1.15203      8.81758      9.15461      0.00000
   16  (g)           I   12        21   10          19          19      0.67052      2.17596      9.90647     10.16477      0.00000
   17  (g)           I   12        21    7          19          19     -0.57936      0.93868     44.55818     44.57183      0.00000
   18  (ud_0)        V   11      2101    5          19          19      0.41660      0.17005    178.47162    178.47312      0.57933
 ==================================================================================================================================
   19  (string)          11        92   13          20          27     -0.50986      3.52040    248.82111    250.49045     28.65077
   20  K+                 1       321   19           0           0     -1.91995     -1.31452      3.50798      4.23837      0.49360
   21  K-                 1      -321   19           0           0     -1.20245      0.27683      3.08492      3.35900      0.49360
   22  pi+                1       211   19           0           0      0.49822      0.17306      1.31107      1.42005      0.13957
   23  (omega)           11       223   19          28          30      0.89144      1.95672      8.27228      8.58322      0.78592
   24  (rho0)            11       113   19          31          32      1.00182      0.80771     11.34923     11.47524      1.10454
   25  n0                 1      2112   19           0           0      0.45261      0.94449      9.43943      9.54372      0.93957
   26  nbar0              1     -2112   19           0           0     -0.25096      0.53324     52.03095     52.04277      0.93957
   27  n0                 1      2112   19           0           0      0.01941      0.14285    159.82525    159.82808      0.93957
   28  pi+                1       211   23           0           0     -0.00729      0.29394      1.56457      1.59806      0.13957
   29  pi-                1      -211   23           0           0      0.24611      0.30652      1.91291      1.95787      0.13957
   30  (pi0)             11       111   23          33          34      0.65262      1.35627      4.79480      5.02729      0.13498
   31  pi-                1      -211   24           0           0     -0.08648     -0.02436      0.32106      0.36143      0.13957
   32  pi+                1       211   24           0           0      1.08829      0.83207     11.02817     11.11381      0.13957
   33  gamma              1        22   30           0           0      0.42138      1.00854      3.40894      3.57989      0.00000
   34  gamma              1        22   30           0           0      0.23123      0.34773      1.38586      1.44741      0.00000
 ==================================================================================================================================
                   sum charge:  0.00   sum momentum and inv. mass:     -0.00000     -0.00000    240.00000    260.00176    100.00458



                            Event listing (standard)

    I  particle/jet  K(I,1)   K(I,2) K(I,3)     K(I,4)      K(I,5)       P(I,1)       P(I,2)       P(I,3)       P(I,4)       P(I,5)

    1  !e-!              21        11    0           3           4      0.00000      0.00000    -10.00000     10.00000      0.00051
    2  !p+!              21      2212    0           5           0     -0.00000      0.00000    250.00000    250.00176      0.93827
 ==================================================================================================================================
    3  !e-!              21        11    1           0           0     -1.12354      4.00033     -9.29984     10.18588      0.00051
    4  !gamma!           21        22    1           0           0      1.12354     -4.00033     -0.70016     -0.18588     -4.20959
    5  !p+!              21      2212    2           0           0     -0.00000      0.00000    250.00000    250.00176      0.93827
    6  !gamma!           21        22    4           0           0      1.12739     -4.01402     -0.58487     -0.06883     -4.20959
    7  !ubar!            21        -2    5           0           0     -0.00026      0.00094     17.16195     17.16195      0.00000
    8  !gamma!           21        22    6           0           0      1.12739     -4.01402     -0.58487     -0.06883     -4.20959
    9  !ubar!            21        -2    7           0           0     -0.00026      0.00094     17.16195     17.16195      0.00000
   10  !ubar!            21        -2    9           0           0      1.12712     -4.01308     16.57708     17.09312      0.00000
 ==================================================================================================================================
   11  (Delta+)          11      2214    5          15          16      0.24083     -0.06581    221.55984    221.56363      1.27203
   12  e-                 1        11    3           0           0     -1.12354      4.00033     -9.29984     10.18588      0.00051
   13  (ubar)        A   12        -2   10          17          17      1.00455     -3.99251     16.47487     16.98148      0.00000
   14  (u)           V   11         2    5          17          17     -0.12184      0.05799     11.26513     11.27077      0.33000
 ==================================================================================================================================
   15  p+                 1      2212   11           0           0      0.37962     -0.15243    202.99611    202.99869      0.93827
   16  (pi0)             11       111   11          23          24     -0.13879      0.08662     18.56373     18.56495      0.13498
   17  (string)          11        92   13          18          22      0.88272     -3.93453     27.74000     28.25225      3.52453
   18  K-                 1      -321   17           0           0     -0.10639     -0.52628      2.97245      3.06062      0.49360
   19  K+                 1       321   17           0           0      0.39531     -0.49036      4.23143      4.30643      0.49360
   20  (pi0)             11       111   17          25          26      0.18580     -1.21212      8.77419      8.86050      0.13498
   21  (pi0)             11       111   17          27          28      0.42039     -1.81033      6.54833      6.80829      0.13498
   22  (pi0)             11       111   17          29          30     -0.01240      0.10455      5.21360      5.21641      0.13498
   23  gamma              1        22   16           0           0     -0.01166     -0.00869      8.03141      8.03142      0.00000
   24  gamma              1        22   16           0           0     -0.12713      0.09531     10.53232     10.53352      0.00000
   25  gamma              1        22   20           0           0      0.15185     -1.07115      8.00300      8.07579      0.00000
   26  gamma              1        22   20           0           0      0.03395     -0.14097      0.77120      0.78471      0.00000
   27  gamma              1        22   21           0           0      0.34441     -1.53807      5.71293      5.92637      0.00000
   28  gamma              1        22   21           0           0      0.07599     -0.27226      0.83539      0.88192      0.00000
   29  gamma              1        22   22           0           0     -0.04152      0.00557      0.52295      0.52463      0.00000
   30  gamma              1        22   22           0           0      0.02912      0.09898      4.69065      4.69179      0.00000
 ==================================================================================================================================
                   sum charge:  0.00   sum momentum and inv. mass:     -0.00000      0.00000    240.00000    260.00176    100.00458



                            Event listing (standard)

    I  particle/jet  K(I,1)   K(I,2) K(I,3)     K(I,4)      K(I,5)       P(I,1)       P(I,2)       P(I,3)       P(I,4)       P(I,5)

    1  !e-!              21        11    0           3           4      0.00000      0.00000    -10.00000     10.00000      0.00051
    2  !p+!              21      2212    0           5           0     -0.00000      0.00000    250.00000    250.00176      0.93827
 ==================================================================================================================================
    3  !e-!              21        11    1           0           0     -0.54790     -0.73070      1.69230      1.92302      0.00051
    4  !gamma!           21        22    1           0           0      0.54790      0.73070    -11.69230      8.07698     -8.50332
    5  !p+!              21      2212    2           0           0     -0.00000      0.00000    250.00000    250.00176      0.93827
    6  !gamma!           21        22    4           0           0      0.54795      0.73076    -11.69302      8.07803     -8.50332
    7  !cbar!            21        -4    5           0           0     -0.00000     -0.00000      1.82860      1.82860      0.00000
    8  !gamma!           21        22    6           0           0      0.54795      0.73076    -11.69302      8.07803     -8.50332
    9  !cbar!            21        -4    7           0           0     -0.00000     -0.00000      1.82860      1.82860      0.00000
   10  !cbar!            21        -4    9           0           0      0.54795      0.73076     -9.86442      9.90662      0.00000
 ==================================================================================================================================
   11  (Lambda_c+)       11      4122    5          18          19     -0.23544     -0.65034    173.63209    173.64850      2.28490
   12  e-                 1        11    3           0           0     -0.54790     -0.73070      1.69230      1.92302      0.00051
   13  (u)           A   12         2    5          20          20     -0.05602      0.39340     74.00303     74.00484      0.33000
   14  (g)           I   12        21   10          20          20     -0.47683      0.48554      0.15403      0.69774      0.00000
   15  (g)           I   12        21   10          20          20     -0.16366     -0.13334     -0.91008      0.93424      0.00000
   16  (g)           I   12        21   10          20          20      0.20141      0.65444     -2.91494      2.99428      0.00000
   17  (cbar)        V   11        -4   10          20          20      1.27843     -0.01900     -5.65644      5.79914      0.00000
 ==================================================================================================================================
   18  (Sigma*+)         11      3224   11          29          30      0.37867     -0.57766    106.32581    106.33716      1.39115
   19  (eta)             11       221   11          31          32     -0.61411     -0.07268     67.30627     67.31134      0.54745
   20  (string)          11        92   13          21          28      0.78333      1.38104     64.67561     84.43024     54.24952
   21  (rho+)            11       213   20          33          34     -0.22793      0.06953     37.96833     37.97361      0.58605
   22  (K*0)             11       313   20          35          36      0.47125      0.54688     22.23974     22.27079      0.92789
   23  (eta)             11       221   20          37          39     -0.43058     -0.06141      1.74214      1.87721      0.54745
   24  K-                 1      -321   20           0           0     -0.23679      0.06740     10.64958     10.66386      0.49360
   25  (pi0)             11       111   20          40          41     -0.48230      0.13144      1.07515      1.19334      0.13498
   26  (rho+)            11       213   20          42          43      0.72850     -0.66937     -1.26455      1.75896      0.71839
   27  (rho-)            11      -213   20          44          45     -0.07590      0.44426     -0.68178      1.23770      0.92949
   28  (D*bar0)          11      -423   20          46          47      1.03709      0.85231     -7.05300      7.45477      2.00670
   29  (Lambda0)         11      3122   18          48          49      0.45345     -0.37045     94.92317     94.93154      1.11568
   30  pi+                1       211   18           0           0     -0.07477     -0.20720     11.40264     11.40562      0.13957
   31  gamma              1        22   19           0           0     -0.04713      0.14449     27.66740     27.66782      0.00000
   32  gamma              1        22   19           0           0     -0.56698     -0.21718     39.63887     39.64352      0.00000
   33  pi+                1       211   21           0           0     -0.17496     -0.10825     31.85066     31.85163      0.13957
   34  (pi0)             11       111   21          50          51     -0.05297      0.17778      6.11767      6.12197      0.13498
   35  K+                 1       321   22           0           0      0.44456      0.70030     17.86595     17.89201      0.49360
   36  pi-                1      -211   22           0           0      0.02669     -0.15342      4.37379      4.37879      0.13957
   37  pi+                1       211   23           0           0     -0.03304     -0.05897      0.33223      0.36664      0.13957
   38  pi-                1      -211   23           0           0     -0.28892      0.10377      0.81984      0.88649      0.13957
   39  (pi0)             11       111   23          52          53     -0.10863     -0.10621      0.59006      0.62408      0.13498
   40  gamma              1        22   25           0           0     -0.47890      0.10414      1.02510      1.13623      0.00000
   41  gamma              1        22   25           0           0     -0.00340      0.02729      0.05005      0.05711      0.00000
   42  pi+                1       211   26           0           0      0.05298      0.10555     -0.14791      0.23517      0.13957
   43  (pi0)             11       111   26          54          55      0.67552     -0.77492     -1.11664      1.52379      0.13498
   44  pi-                1      -211   27           0           0      0.26817     -0.07641     -0.47181      0.56554      0.13957
   45  (pi0)             11       111   27          56          57     -0.34408      0.52067     -0.20998      0.67216      0.13498
   46  (Dbar0)           11      -421   28          58          59      1.08177      0.89944     -6.95900      7.34052      1.86450
   47  gamma              1        22   28           0           0     -0.04468     -0.04713     -0.09400      0.11425      0.00000
   48  p+                 1      2212   29           0           0      0.34372     -0.33201     72.77288     72.78050      0.93827
   49  pi-                1      -211   29           0           0      0.10973     -0.03845     22.15030     22.15104      0.13957
   50  gamma              1        22   34           0           0     -0.05152      0.14668      5.90369      5.90573      0.00000
   51  gamma              1        22   34           0           0     -0.00146      0.03110      0.21398      0.21624      0.00000
   52  gamma              1        22   39           0           0     -0.02233     -0.00393      0.00412      0.02305      0.00000
   53  gamma              1        22   39           0           0     -0.08630     -0.10228      0.58595      0.60104      0.00000
   54  gamma              1        22   43           0           0      0.62911     -0.75585     -1.03295      1.42621      0.00000
   55  gamma              1        22   43           0           0      0.04641     -0.01907     -0.08369      0.09758      0.00000
   56  gamma              1        22   45           0           0      0.00083      0.05441     -0.04084      0.06803      0.00000
   57  gamma              1        22   45           0           0     -0.34490      0.46626     -0.16914      0.60413      0.00000
   58  K+                 1       321   46           0           0      0.27200      0.22248     -3.37798      3.43189      0.49360
   59  (a_1-)            11    -20213   46          60          61      0.80976      0.67696     -3.58102      3.90863      1.15745
   60  (rho-)            11      -213   59          62          63      0.29196      0.17877     -1.92042      2.09421      0.76191
   61  (pi0)             11       111   59          64          65      0.51780      0.49819     -1.66060      1.81442      0.13498
   62  pi-                1      -211   60           0           0      0.38557      0.14123     -1.86809      1.91777      0.13957
   63  (pi0)             11       111   60          66          67     -0.09361      0.03754     -0.05233      0.17644      0.13498
   64  gamma              1        22   61           0           0      0.21371      0.21839     -0.54601      0.62569      0.00000
   65  gamma              1        22   61           0           0      0.30410      0.27979     -1.11459      1.18873      0.00000
   66  gamma              1        22   63           0           0      0.01914      0.04841     -0.00097      0.05207      0.00000
   67  gamma              1        22   63           0           0     -0.11275     -0.01088     -0.05136      0.12437      0.00000
 ==================================================================================================================================
                   sum charge:  0.00   sum momentum and inv. mass:     -0.00000     -0.00000    240.00000    260.00176    100.00458



                            Event listing (standard)

    I  particle/jet  K(I,1)   K(I,2) K(I,3)     K(I,4)      K(I,5)       P(I,1)       P(I,2)       P(I,3)       P(I,4)       P(I,5)

    1  !e-!              21        11    0           3           4      0.00000      0.00000    -10.00000     10.00000      0.00051
    2  !p+!              21      2212    0           5           0     -0.00000      0.00000    250.00000    250.00176      0.93827
 ==================================================================================================================================
    3  !e-!              21        11    1           0           0     -2.44812     -4.33271     -8.87883     10.17838      0.00051
    4  !gamma!           21        22    1           0           0      2.44812      4.33271     -1.12117     -0.17838     -5.09813
    5  !p+!              21      2212    2           0           0     -0.00000     -0.00000    250.00000    250.00176      0.93827
    6  !gamma!           21        22    4           0           0      2.45269      4.34080     -1.07184     -0.12729     -5.09813
    7  !cbar!            21        -4    5           0           0     -0.00025     -0.00045     13.75561     13.75561      0.00000
    8  !gamma!           21        22    6           0           0      2.45269      4.34080     -1.07184     -0.12729     -5.09813
    9  !cbar!            21        -4    7           0           0     -0.00025     -0.00045     13.75561     13.75561      0.00000
   10  !cbar!            21        -4    9           0           0      2.45244      4.34036     12.68377     13.62832      0.00000
 ==================================================================================================================================
   11  (Lambda_c+)       11      4122    5          17          18      0.06906      0.67564    177.76018    177.77616      2.28490
   12  e-                 1        11    3           0           0     -2.44812     -4.33271     -8.87883     10.17838      0.00051
   13  (u)           A   12         2    5          19          19      0.22161     -0.60288     52.28783     52.29281      0.33000
   14  (g)           I   12        21   10          19          19      0.90214      1.27234      9.82842      9.95141      0.00000
   15  (g)           I   12        21   10          19          19      0.58981      0.99873      6.17319      6.28121      0.00000
   16  (cbar)        V   11        -4   10          19          19      0.66549      1.98888      2.82922      3.52179      0.00000
 ==================================================================================================================================
   17  (Delta++)         11      2224   11          23          24      0.38300      0.17615     78.53041     78.54055      1.18967
   18  (K*-)             11      -323   11          25          26     -0.31394      0.49949     99.22977     99.23561      0.90048
   19  (string)          11        92   13          20          22      2.37906      3.65708     71.11865     72.04722     10.67266
   20  (omega)           11       223   19          27          29     -0.05277     -0.16654     46.24156     46.24841      0.77655
   21  (omega)           11       223   19          30          32     -0.03422      0.26449     12.59644     12.62346      0.78117
   22  (D*bar0)          11      -423   19          33          34      2.46605      3.55913     12.28065     13.17535      2.00670
   23  p+                 1      2212   17           0           0      0.24171      0.01343     68.51490     68.52176      0.93827
   24  pi+                1       211   17           0           0      0.14129      0.16272     10.01551     10.01880      0.13957
   25  (Kbar0)           11      -311   18          35          35     -0.35202      0.15884     42.91353     42.91816      0.49767
   26  pi-                1      -211   18           0           0      0.03809      0.34065     56.31624     56.31745      0.13957
   27  pi+                1       211   20           0           0     -0.09625     -0.27062     31.99375     31.99534      0.13957
   28  pi-                1      -211   20           0           0      0.08036      0.07738     11.63797     11.63934      0.13957
   29  (pi0)             11       111   20          36          37     -0.03688      0.02669      2.60984      2.61373      0.13498
   30  pi+                1       211   21           0           0     -0.20851      0.15724      2.30582      2.32475      0.13957
   31  pi-                1      -211   21           0           0      0.07119      0.04597      7.72945      7.73118      0.13957
   32  (pi0)             11       111   21          38          39      0.10310      0.06129      2.56117      2.56753      0.13498
   33  (Dbar0)           11      -421   22          40          44      2.28110      3.30454     11.27581     12.11378      1.86450
   34  (pi0)             11       111   22          45          46      0.18495      0.25459      1.00484      1.06158      0.13498
   35  (K_S0)            11       310   25          47          48     -0.35202      0.15884     42.91353     42.91816      0.49767
   36  gamma              1        22   29           0           0     -0.07116      0.06115      1.73827      1.74080      0.00000
   37  gamma              1        22   29           0           0      0.03428     -0.03446      0.87158      0.87293      0.00000
   38  gamma              1        22   32           0           0      0.07057     -0.03491      1.19143      1.19402      0.00000
   39  gamma              1        22   32           0           0      0.03253      0.09620      1.36975      1.37350      0.00000
   40  (K0)              11       311   33          49          49      1.30643      1.48424      4.68166      5.10640      0.49767
   41  pi-                1      -211   33           0           0      0.29430      0.58870      3.25699      3.32575      0.13957
   42  pi+                1       211   33           0           0      0.35792      0.64627      1.20246      1.41816      0.13957
   43  (pi0)             11       111   33          50          51      0.18818      0.14619      0.76297      0.81064      0.13498
   44  (pi0)             11       111   33          52          53      0.13427      0.43914      1.37172      1.45283      0.13498
   45  gamma              1        22   34           0           0      0.18653      0.26922      0.95438      1.00902      0.00000
   46  gamma              1        22   34           0           0     -0.00158     -0.01463      0.05046      0.05256      0.00000
   47  (pi0)             11       111   35          54          55      0.02293      0.11563      6.67116      6.67357      0.13498
   48  (pi0)             11       111   35          56          57     -0.37495      0.04320     36.24237     36.24458      0.13498
   49  K_L0               1       130   40           0           0      1.30643      1.48424      4.68166      5.10640      0.49767
   50  gamma              1        22   43           0           0      0.10205      0.05211      0.55469      0.56640      0.00000
   51  gamma              1        22   43           0           0      0.08612      0.09408      0.20828      0.24423      0.00000
   52  gamma              1        22   44           0           0      0.04590      0.17035      0.34045      0.38345      0.00000
   53  gamma              1        22   44           0           0      0.08837      0.26879      1.03127      1.06938      0.00000
   54  gamma              1        22   47           0           0      0.04603     -0.01156      2.32522      2.32570      0.00000
   55  gamma              1        22   47           0           0     -0.02310      0.12720      4.34595      4.34787      0.00000
   56  gamma              1        22   48           0           0     -0.32024      0.05244     33.92689     33.92845      0.00000
   57  gamma              1        22   48           0           0     -0.05471     -0.00924      2.31547      2.31614      0.00000
 ==================================================================================================================================
                   sum charge:  0.00   sum momentum and inv. mass:     -0.00000     -0.00000    240.00000    260.00176    100.00458



                            Event listing (standard)

    I  particle/jet  K(I,1)   K(I,2) K(I,3)     K(I,4)      K(I,5)       P(I,1)       P(I,2)       P(I,3)       P(I,4)       P(I,5)

    1  !e-!              21        11    0           3           4      0.00000      0.00000    -10.00000     10.00000      0.00051
    2  !p+!              21      2212    0           5           0     -0.00000      0.00000    250.00000    250.00176      0.93827
 ==================================================================================================================================
    3  !e-!              21        11    1           0           0      3.11713      0.86812     -8.94284      9.51023      0.00051
    4  !gamma!           21        22    1           0           0     -3.11713     -0.86812     -1.05716      0.48977     -3.36866
    5  !p+!              21      2212    2           0           0     -0.00000     -0.00000    250.00000    250.00176      0.93827
    6  !gamma!           21        22    4           0           0     -3.06268     -0.85296      2.56504      4.08496     -0.00000
    7  !g!               21        21    5           0           0      0.34314     -0.20327     47.38264     47.38432     -0.00000
    8  !gamma!           21        22    6           0           0     -2.78344     -0.77519      2.33117      3.71252      0.00000
    9  !g!               21        21    7           0           0      0.10104      1.68590     22.61110     22.67409      0.00000
   10  !c!               21         4    0           0           0      0.23191     -2.77969      5.69357      6.51515      1.50000
   11  !cbar!            21        -4    0           0           0     -2.91431      3.69040     19.24871     19.87146      1.50000
 ==================================================================================================================================
   12  e-                 1        11    3           0           0      3.11713      0.86812     -8.94284      9.51023      0.00051
   13  (c)           A   12         4   10          18          18      0.23191     -2.77969      5.69357      6.51515      1.50000
   14  (g)           I   12        21    7          18          18     -0.03714     -1.96693     25.00540     25.08267      0.00000
   15  (uu_1)        V   11      2203    5          18          18     -0.66991      0.03856    194.79731    194.79999      0.77133
   16  (cbar)        A   12        -4   11          25          25     -2.91431      3.69040     19.24871     19.87146      1.50000
   17  (d)           V   11         1    5          25          25      0.27233      0.14954      4.19786      4.22225      0.33000
 ==================================================================================================================================
   18  (string)          11        92   13          19          24     -0.47514     -4.70806    225.49628    226.39781     19.62157
   19  (D*0)             11       423   18          28          29     -0.22289     -1.80814      7.73187      8.19315      2.00670
   20  (rho+)            11       213   18          30          31     -0.21587     -1.20955      3.24135      3.48624      0.37132
   21  (K0)              11       311   18          32          32      0.35638     -0.21509      5.39110      5.43000      0.49767
   22  (Kbar0)           11      -311   18          33          33      0.34391     -0.39005      2.39519      2.50101      0.49767
   23  (omega)           11       223   18          34          36     -0.38940     -1.55924     35.63798     35.68266      0.77705
   24  (Delta+)          11      2214   18          37          38     -0.34727      0.47401    171.09878    171.10475      1.30303
   25  (string)          11        92   16          26          27     -2.64199      3.83994     23.44656     24.09372      3.00675
   26  (D*bar0)          11      -423   25          39          40     -1.21068      2.34565     17.04741     17.36689      2.00670
   27  pi-                1      -211   25           0           0     -1.43131      1.49429      6.39915      6.72683      0.13957
   28  (D0)              11       421   19          41          45     -0.19664     -1.68423      7.06460      7.50068      1.86450
   29  (pi0)             11       111   19          46          47     -0.02625     -0.12391      0.66727      0.69247      0.13498
   30  pi+                1       211   20           0           0      0.00025     -0.23310      0.78407      0.82981      0.13957
   31  (pi0)             11       111   20          48          49     -0.21612     -0.97646      2.45728      2.65643      0.13498
   32  K_L0               1       130   21           0           0      0.35638     -0.21509      5.39110      5.43000      0.49767
   33  K_L0               1       130   22           0           0      0.34391     -0.39005      2.39519      2.50101      0.49767
   34  pi-                1      -211   23           0           0     -0.27078     -0.70212     12.17662     12.20065      0.13957
   35  pi+                1       211   23           0           0      0.06351     -0.07578      4.08558      4.08916      0.13957
   36  (pi0)             11       111   23          50          51     -0.18213     -0.78133     19.37577     19.39285      0.13498
   37  n0                 1      2112   24           0           0     -0.19210      0.54071    160.11848    160.12226      0.93957
   38  pi+                1       211   24           0           0     -0.15517     -0.06670     10.98031     10.98249      0.13957
   39  (Dbar0)           11      -421   26          52          56     -1.07907      2.14991     15.73533     16.02696      1.86450
   40  (pi0)             11       111   26          57          58     -0.13161      0.19574      1.31208      1.33993      0.13498
   41  (Kbar0)           11      -311   28          59          59      0.09600     -0.52976      1.99454      2.12502      0.49767
   42  (rho0)            11       113   28          60          61     -0.20478     -0.84146      3.62072      3.81617      0.83878
   43  (pi0)             11       111   28          62          63     -0.03068     -0.05767      0.38485      0.41303      0.13498
   44  (pi0)             11       111   28          64          65     -0.11805     -0.19744      0.66614      0.71755      0.13498
   45  (pi0)             11       111   28          66          67      0.06087     -0.05791      0.39835      0.42891      0.13498
   46  gamma              1        22   29           0           0     -0.02026     -0.11723      0.26944      0.29454      0.00000
   47  gamma              1        22   29           0           0     -0.00599     -0.00668      0.39784      0.39794      0.00000
   48  gamma              1        22   31           0           0     -0.03459     -0.13850      0.49136      0.51168      0.00000
   49  gamma              1        22   31           0           0     -0.18153     -0.83795      1.96591      2.14475      0.00000
   50  gamma              1        22   36           0           0     -0.11013     -0.31696      6.75875      6.76707      0.00000
   51  gamma              1        22   36           0           0     -0.07199     -0.46437     12.61703     12.62578      0.00000
   52  (K0)              11       311   39          68          68     -0.78363      1.46608     10.46960     10.61243      0.49767
   53  pi-                1      -211   39           0           0     -0.06790      0.19236      1.14606      1.17241      0.13957
   54  pi+                1       211   39           0           0     -0.15201      0.15690      0.33600      0.42438      0.13957
   55  (pi0)             11       111   39          69          70     -0.08071      0.33271      2.49283      2.51985      0.13498
   56  (pi0)             11       111   39          71          72      0.00518      0.00186      1.29085      1.29790      0.13498
   57  gamma              1        22   40           0           0     -0.06442      0.07461      0.24801      0.26688      0.00000
   58  gamma              1        22   40           0           0     -0.06719      0.12114      1.06407      1.07305      0.00000
   59  K_L0               1       130   41           0           0      0.09600     -0.52976      1.99454      2.12502      0.49767
   60  pi+                1       211   42           0           0     -0.44455     -0.49410      2.81684      2.89756      0.13957
   61  pi-                1      -211   42           0           0      0.23977     -0.34736      0.80388      0.91862      0.13957
   62  gamma              1        22   43           0           0      0.01873      0.01979      0.23974      0.24128      0.00000
   63  gamma              1        22   43           0           0     -0.04941     -0.07746      0.14511      0.17175      0.00000
   64  gamma              1        22   44           0           0     -0.07700     -0.01728      0.15290      0.17207      0.00000
   65  gamma              1        22   44           0           0     -0.04105     -0.18016      0.51323      0.54548      0.00000
   66  gamma              1        22   45           0           0      0.06077     -0.06968      0.40498      0.41540      0.00000
   67  gamma              1        22   45           0           0      0.00010      0.01177     -0.00663      0.01351      0.00000
   68  K_L0               1       130   52           0           0     -0.78363      1.46608     10.46960     10.61243      0.49767
   69  gamma              1        22   55           0           0     -0.11258      0.30505      2.15516      2.17955      0.00000
   70  gamma              1        22   55           0           0      0.03187      0.02766      0.33767      0.34029      0.00000
   71  gamma              1        22   56           0           0     -0.02175     -0.01596      0.05158      0.05821      0.00000
   72  gamma              1        22   56           0           0      0.02693      0.01782      1.23927      1.23969      0.00000
 ==================================================================================================================================
                   sum charge:  0.00   sum momentum and inv. mass:      0.00000     -0.00000    240.00000    260.00176    100.00458



                            Event listing (standard)

    I  particle/jet  K(I,1)   K(I,2) K(I,3)     K(I,4)      K(I,5)       P(I,1)       P(I,2)       P(I,3)       P(I,4)       P(I,5)

    1  !e-!              21        11    0           3           4      0.00000      0.00000    -10.00000     10.00000      0.00051
    2  !p+!              21      2212    0           5           0     -0.00000      0.00000    250.00000    250.00176      0.93827
 ==================================================================================================================================
    3  !e-!              21        11    1           0           0      2.86891     -1.20754     -5.63809      6.44025      0.00051
    4  !gamma!           21        22    1           0           0     -2.86891      1.20754     -4.36191      3.55975     -4.00540
    5  !p+!              21      2212    2           0           0     -0.00000     -0.00000    250.00000    250.00176      0.93827
    6  !gamma!           21        22    4           0           0     -2.86955      1.20781     -4.36243      3.56099     -4.00540
    7  !dbar!            21        -1    5           0           0      0.00000     -0.00000      1.01239      1.01239      0.00000
    8  !gamma!           21        22    6           0           0     -2.86955      1.20781     -4.36243      3.56099     -4.00540
    9  !dbar!            21        -1    7           0           0      0.00000     -0.00000      1.01239      1.01239      0.00000
   10  !dbar!            21        -1    9           0           0     -2.86954      1.20780     -3.35004      4.57338      0.00000
 ==================================================================================================================================
   11  (Delta+)          11      2214    5          18          19      0.02853     -0.03410     90.36218     90.37092      1.25616
   12  e-                 1        11    3           0           0      2.86891     -1.20754     -5.63809      6.44025      0.00051
   13  (d)           A   12         1    5          20          20      0.16537     -0.44291    157.12854    157.12960      0.33000
   14  (g)           I   12        21   10          20          20     -0.38029     -0.15039      0.75627      0.85975      0.00000
   15  (g)           I   12        21   10          20          20     -0.64219      0.73600      0.42977      1.06714      0.00000
   16  (g)           I   12        21   10          20          20     -0.52988      1.09756     -0.89663      1.51306      0.00000
   17  (dbar)        V   11        -1   10          20          20     -1.51046      0.00138     -2.14204      2.62103      0.00000
 ==================================================================================================================================
   18  p+                 1      2212   11           0           0      0.22713      0.11401     72.41934     72.42587      0.93827
   19  (pi0)             11       111   11          32          33     -0.19860     -0.14811     17.94284     17.94506      0.13498
   20  (string)          11        92   13          21          31     -2.89744      1.24164    155.27591    163.19059     50.10611
   21  (K*0)             11       313   20          34          35     -0.11912     -0.25086     79.52318     79.52798      0.82879
   22  (K*-)             11      -323   20          36          37      0.56784     -0.28587     42.04282     42.05771      0.92104
   23  p+                 1      2212   20           0           0     -0.56384      0.17779     10.67031     10.72779      0.93827
   24  nbar0              1     -2112   20           0           0     -0.03775     -0.32262      9.82229      9.87247      0.93957
   25  (rho0)            11       113   20          38          39     -0.29932      0.57696      3.21902      3.38559      0.82321
   26  (eta)             11       221   20          40          42      0.36494     -0.08849     11.81262     11.83126      0.54745
   27  pi-                1      -211   20           0           0     -0.12963      0.03696      0.02882      0.19616      0.13957
   28  (eta')            11       331   20          43          45     -0.54866      0.29834      0.19504      1.15977      0.95760
   29  (eta)             11       221   20          46          48     -0.83212      0.45966     -0.22485      1.11981      0.54745
   30  (omega)           11       223   20          49          51     -0.24197      0.22469      0.20481      0.85948      0.76663
   31  (rho+)            11       213   20          52          53     -1.05782      0.41508     -2.01815      2.45256      0.80675
   32  gamma              1        22   19           0           0     -0.08503      0.00509      3.94948      3.95040      0.00000
   33  gamma              1        22   19           0           0     -0.11357     -0.15320     13.99336     13.99466      0.00000
   34  (K0)              11       311   21          54          54      0.12650     -0.29194     54.39807     54.40128      0.49767
   35  (pi0)             11       111   21          55          56     -0.24562      0.04108     25.12511     25.12670      0.13498
   36  (Kbar0)           11      -311   22          57          57      0.71272     -0.26647     32.28572     32.29852      0.49767
   37  pi-                1      -211   22           0           0     -0.14488     -0.01941      9.75710      9.75919      0.13957
   38  pi+                1       211   25           0           0     -0.44639      0.05549      1.79063      1.85154      0.13957
   39  pi-                1      -211   25           0           0      0.14707      0.52147      1.42838      1.53405      0.13957
   40  (pi0)             11       111   26          58          59      0.07304      0.04764      2.37749      2.38292      0.13498
   41  (pi0)             11       111   26          60          61      0.13557     -0.19966      4.50173      4.51021      0.13498
   42  (pi0)             11       111   26          62          63      0.15634      0.06352      4.93340      4.93813      0.13498
   43  pi-                1      -211   28           0           0     -0.22260      0.00221     -0.01113      0.26298      0.13957
   44  pi+                1       211   28           0           0     -0.00739      0.01446     -0.06187      0.15353      0.13957
   45  (eta)             11       221   28          64          66     -0.31867      0.28167      0.26804      0.74326      0.54745
   46  pi+                1       211   29           0           0     -0.16383      0.24489     -0.03858      0.32829      0.13957
   47  pi-                1      -211   29           0           0     -0.48424      0.10353     -0.14262      0.53388      0.13957
   48  (pi0)             11       111   29          67          68     -0.18405      0.11125     -0.04365      0.25764      0.13498
   49  pi+                1       211   30           0           0     -0.15119      0.06434      0.28835      0.36003      0.13957
   50  pi-                1      -211   30           0           0      0.09934     -0.04638     -0.00260      0.17750      0.13957
   51  (pi0)             11       111   30          69          70     -0.19013      0.20673     -0.08093      0.32195      0.13498
   52  pi+                1       211   31           0           0     -0.20216      0.25169     -1.19785      1.24842      0.13957
   53  (pi0)             11       111   31          71          72     -0.85566      0.16339     -0.82030      1.20414      0.13498
   54  K_L0               1       130   34           0           0      0.12650     -0.29194     54.39807     54.40128      0.49767
   55  gamma              1        22   35           0           0     -0.09247     -0.04854     10.53842     10.53894      0.00000
   56  gamma              1        22   35           0           0     -0.15315      0.08962     14.58669     14.58777      0.00000
   57  K_L0               1       130   36           0           0      0.71272     -0.26647     32.28572     32.29852      0.49767
   58  gamma              1        22   40           0           0      0.06624      0.00303      2.14838      2.14941      0.00000
   59  gamma              1        22   40           0           0      0.00680      0.04461      0.22911      0.23351      0.00000
   60  gamma              1        22   41           0           0      0.12674     -0.12110      2.14201      2.14918      0.00000
   61  gamma              1        22   41           0           0      0.00883     -0.07856      2.35971      2.36104      0.00000
   62  gamma              1        22   42           0           0      0.06115      0.07835      1.45197      1.45537      0.00000
   63  gamma              1        22   42           0           0      0.09519     -0.01483      3.48143      3.48276      0.00000
   64  pi+                1       211   45           0           0     -0.25266      0.05672      0.17968      0.34470      0.13957
   65  pi-                1      -211   45           0           0     -0.06665      0.18913      0.08559      0.25888      0.13957
   66  (pi0)             11       111   45          73          74      0.00064      0.03583      0.00276      0.13968      0.13498
   67  gamma              1        22   48           0           0     -0.01661      0.05832     -0.05472      0.08168      0.00000
   68  gamma              1        22   48           0           0     -0.16744      0.05293      0.01107      0.17596      0.00000
   69  gamma              1        22   51           0           0     -0.18743      0.21626     -0.05134      0.29075      0.00000
   70  gamma              1        22   51           0           0     -0.00270     -0.00954     -0.02959      0.03121      0.00000
   71  gamma              1        22   53           0           0     -0.69893      0.11148     -0.72646      1.01423      0.00000
   72  gamma              1        22   53           0           0     -0.15673      0.05191     -0.09384      0.18991      0.00000
   73  gamma              1        22   66           0           0     -0.04008      0.07362      0.00594      0.08403      0.00000
   74  gamma              1        22   66           0           0      0.04072     -0.03779     -0.00318      0.05565      0.00000
 ==================================================================================================================================
                   sum charge:  0.00   sum momentum and inv. mass:      0.00000     -0.00000    240.00000    260.00176    100.00458



                            Event listing (standard)

    I  particle/jet  K(I,1)   K(I,2) K(I,3)     K(I,4)      K(I,5)       P(I,1)       P(I,2)       P(I,3)       P(I,4)       P(I,5)

    1  !e-!              21        11    0           3           4      0.00000      0.00000    -10.00000     10.00000      0.00051
    2  !p+!              21      2212    0           5           0     -0.00000      0.00000    250.00000    250.00176      0.93827
 ==================================================================================================================================
    3  !e-!              21        11    1           0           0     -1.99489     -2.04951     -3.95573      4.88138      0.00051
    4  !gamma!           21        22    1           0           0      1.99489      2.04951     -6.04427      5.11862     -4.30267
    5  !p+!              21      2212    2           0           0     -0.00000     -0.00000    250.00000    250.00176      0.93827
    6  !gamma!           21        22    4           0           0      1.99521      2.04983     -6.04497      5.11969     -4.30267
    7  !dbar!            21        -1    5           0           0     -0.00000     -0.00000      0.82909      0.82909      0.00000
    8  !gamma!           21        22    6           0           0      1.99521      2.04983     -6.04497      5.11969     -4.30267
    9  !dbar!            21        -1    7           0           0     -0.00000     -0.00000      0.82909      0.82909      0.00000
   10  !dbar!            21        -1    9           0           0      1.99520      2.04983     -5.21588      5.94878      0.00000
 ==================================================================================================================================
   11  (Delta+)          11      2214    5          17          18      0.05015      0.44749    189.60866    189.61288      1.18196
   12  e-                 1        11    3           0           0     -1.99489     -2.04951     -3.95573      4.88138      0.00051
   13  (d)           A   12         1    5          19          19      0.07251     -0.14103     58.49239     58.49353      0.33000
   14  (g)           I   12        21   10          19          19      0.11252     -0.23134      0.99401      1.02676      0.00000
   15  (g)           I   12        21   10          19          19      1.12983      2.00463     -4.65288      5.19079      0.00000
   16  (dbar)        V   11        -1   10          19          19      0.62988     -0.03024     -0.48645      0.79643      0.00000
 ==================================================================================================================================
   17  n0                 1      2112   11           0           0     -0.12286      0.42564    160.52169    160.52505      0.93957
   18  pi+                1       211   11           0           0      0.17301      0.02185     29.08697     29.08782      0.13957
   19  (string)          11        92   13          20          28      1.94474      1.60201     54.34707     65.50751     36.48673
   20  (eta)             11       221   19          29          30      0.00845      0.09335     36.22465     36.22890      0.54745
   21  (rho-)            11      -213   19          31          32      0.82116     -0.10120     19.59240     19.63692      1.03061
   22  pi+                1       211   19           0           0     -0.54664     -0.14908      1.24942      1.37897      0.13957
   23  (rho-)            11      -213   19          33          34      0.17471     -0.15796      0.94062      1.23131      0.75887
   24  p+                 1      2212   19           0           0      0.15566      0.45314      0.52610      1.17758      0.93827
   25  nbar0              1     -2112   19           0           0     -0.08074      0.32449     -0.95153      1.37841      0.93957
   26  (pi0)             11       111   19          35          36     -0.19759      0.02241     -0.05316      0.24615      0.13498
   27  pi-                1      -211   19           0           0      0.61769     -0.41505     -0.59079      0.96037      0.13957
   28  (rho+)            11       213   19          37          38      0.99203      1.53192     -2.59063      3.26889      0.80209
   29  gamma              1        22   20           0           0      0.22298     -0.10244     11.94246     11.94498      0.00000
   30  gamma              1        22   20           0           0     -0.21453      0.19579     24.28219     24.28393      0.00000
   31  pi-                1      -211   21           0           0      0.30869     -0.53734      9.31920      9.34083      0.13957
   32  (pi0)             11       111   21          39          40      0.51246      0.43614     10.27319     10.29609      0.13498
   33  pi-                1      -211   23           0           0     -0.22599      0.04711      0.57761      0.63750      0.13957
   34  (pi0)             11       111   23          41          42      0.40070     -0.20507      0.36301      0.59381      0.13498
   35  gamma              1        22   26           0           0     -0.19966     -0.01735     -0.04706      0.20587      0.00000
   36  gamma              1        22   26           0           0      0.00207      0.03976     -0.00610      0.04028      0.00000
   37  pi+                1       211   28           0           0      0.19048      0.22696     -0.10087      0.34271      0.13957
   38  (pi0)             11       111   28          43          44      0.80155      1.30496     -2.48976      2.92618      0.13498
   39  gamma              1        22   32           0           0      0.30771      0.32695      7.35392      7.36762      0.00000
   40  gamma              1        22   32           0           0      0.20475      0.10920      2.91927      2.92848      0.00000
   41  gamma              1        22   34           0           0      0.07407     -0.02062      0.00793      0.07729      0.00000
   42  gamma              1        22   34           0           0      0.32663     -0.18445      0.35508      0.51652      0.00000
   43  gamma              1        22   38           0           0      0.72271      1.20835     -2.21767      2.62688      0.00000
   44  gamma              1        22   38           0           0      0.07884      0.09660     -0.27208      0.29930      0.00000
 ==================================================================================================================================
                   sum charge:  0.00   sum momentum and inv. mass:     -0.00000     -0.00000    240.00000    260.00176    100.00458



                            Event listing (standard)

    I  particle/jet  K(I,1)   K(I,2) K(I,3)     K(I,4)      K(I,5)       P(I,1)       P(I,2)       P(I,3)       P(I,4)       P(I,5)

    1  !e-!              21        11    0           3           4      0.00000      0.00000    -10.00000     10.00000      0.00051
    2  !p+!              21      2212    0           5           0     -0.00000      0.00000    250.00000    250.00176      0.93827
 ==================================================================================================================================
    3  !e-!              21        11    1           0           0     -5.49794      1.56616     -8.88605     10.56608      0.00051
    4  !gamma!           21        22    1           0           0      5.49794     -1.56616     -1.11395     -0.56608     -5.79661
    5  !p+!              21      2212    2           0           0     -0.00000      0.00000    250.00000    250.00176      0.93827
    6  !gamma!           21        22    4           0           0      5.51559     -1.57118     -0.92098     -0.37135     -5.79661
    7  !ubar!            21        -2    5           0           0     -0.00216      0.00061     30.54309     30.54309      0.00000
    8  !gamma!           21        22    6           0           0      5.51559     -1.57118     -0.92098     -0.37135     -5.79661
    9  !ubar!            21        -2    7           0           0     -0.00216      0.00061     30.54309     30.54309      0.00000
   10  !ubar!            21        -2    9           0           0      5.51343     -1.57057     29.62212     30.17175      0.00000
 ==================================================================================================================================
   11  (Delta++)         11      2224    5          15          16     -0.56434     -0.52737    134.89167    134.89870      1.14014
   12  e-                 1        11    3           0           0     -5.49794      1.56616     -8.88605     10.56608      0.00051
   13  (ubar)        A   12        -2   10          17          17      5.25293     -0.99053     26.27543     26.81367      0.00000
   14  (d)           V   11         1    5          17          17      0.80935     -0.04826     87.71894     87.72331      0.33000
 ==================================================================================================================================
   15  p+                 1      2212   11           0           0     -0.34556     -0.39049    112.15553    112.16067      0.93827
   16  pi+                1       211   11           0           0     -0.21878     -0.13688     22.73614     22.73803      0.13957
   17  (string)          11        92   13          18          22      6.06228     -1.03879    113.99438    114.53698      9.28286
   18  (rho0)            11       113   17          23          24      3.34937      0.06554     18.24334     18.56409      0.76395
   19  pi-                1      -211   17           0           0      1.08664     -1.22758      7.70212      7.87590      0.13957
   20  (Kbar0)           11      -311   17          25          25      1.36507      0.13550     32.76176     32.79424      0.49767
   21  K+                 1       321   17           0           0      0.12648      0.11815     18.11757     18.12512      0.49360
   22  (rho-)            11      -213   17          26          27      0.13472     -0.13039     37.16959     37.17763      0.74964
   23  pi-                1      -211   18           0           0      3.21459      0.08806     17.59382     17.88584      0.13957
   24  pi+                1       211   18           0           0      0.13477     -0.02252      0.64952      0.67825      0.13957
   25  K_L0               1       130   20           0           0      1.36507      0.13550     32.76176     32.79424      0.49767
   26  pi-                1      -211   22           0           0      0.33881     -0.29721     24.79053     24.79502      0.13957
   27  (pi0)             11       111   22          28          29     -0.20409      0.16682     12.37907     12.38261      0.13498
   28  gamma              1        22   27           0           0     -0.21920      0.17217     11.37723     11.38065      0.00000
   29  gamma              1        22   27           0           0      0.01510     -0.00535      1.00183      1.00196      0.00000
 ==================================================================================================================================
                   sum charge:  0.00   sum momentum and inv. mass:     -0.00000      0.00000    240.00000    260.00176    100.00458



                            Event listing (standard)

    I  particle/jet  K(I,1)   K(I,2) K(I,3)     K(I,4)      K(I,5)       P(I,1)       P(I,2)       P(I,3)       P(I,4)       P(I,5)

    1  !e-!              21        11    0           3           4      0.00000      0.00000    -10.00000     10.00000      0.00051
    2  !p+!              21      2212    0           5           0     -0.00000      0.00000    250.00000    250.00176      0.93827
 ==================================================================================================================================
    3  !e-!              21        11    1           0           0      0.72875      4.58699     -8.64140      9.81047      0.00051
    4  !gamma!           21        22    1           0           0     -0.72875     -4.58699     -1.35860      0.18953     -4.83544
    5  !p+!              21      2212    2           0           0     -0.00000      0.00000    250.00000    250.00176      0.93827
    6  !gamma!           21        22    4           0           0     -0.72958     -4.59221     -1.34298      0.20691     -4.83544
    7  !sbar!            21        -3    5           0           0      0.00003      0.00016      7.54243      7.54243      0.00000
    8  !gamma!           21        22    6           0           0     -0.72958     -4.59221     -1.34298      0.20691     -4.83544
    9  !sbar!            21        -3    7           0           0      0.00003      0.00016      7.54243      7.54243      0.00000
   10  !sbar!            21        -3    9           0           0     -0.72955     -4.59205      6.19944      7.74934      0.00000
 ==================================================================================================================================
   11  (Sigma*+)         11      3224    5          18          19     -0.17019     -0.58384    132.62438    132.63302      1.38621
   12  e-                 1        11    3           0           0      0.72875      4.58699     -8.64140      9.81047      0.00051
   13  (d)           A   12         1    5          20          20      0.15629      0.49681    106.62398    106.62577      0.33000
   14  (g)           I   12        21   10          20          20     -0.00735     -0.00888      1.43772      1.43776      0.00000
   15  (g)           I   12        21   10          20          20     -0.19675      0.02920      0.66038      0.68968      0.00000
   16  (g)           I   12        21   10          20          20     -0.51205     -0.19438      1.31478      1.42429      0.00000
   17  (sbar)        V   11        -3   10          20          20      0.00130     -4.32590      5.98017      7.38077      0.00000
 ==================================================================================================================================
   18  (Lambda0)         11      3122   11          26          27     -0.11533     -0.64931    125.80489    125.81157      1.11568
   19  pi+                1       211   11           0           0     -0.05486      0.06548      6.81949      6.82145      0.13957
   20  (string)          11        92   13          21          25     -0.55856     -4.00315    116.01702    117.55828     18.53814
   21  (rho-)            11      -213   20          28          29     -0.75818      0.94408     68.87441     68.88888      0.72650
   22  pi+                1       211   20           0           0      0.58002     -0.73772     12.93026     12.96502      0.13957
   23  (rho0)            11       113   20          30          31      0.10690      0.04532     19.14532     19.15859      0.70354
   24  (Delta+)          11      2214   20          32          33      0.23032     -0.17102      8.78421      8.88582      1.30887
   25  (Sigma*bar-)      11     -3224   20          34          35     -0.71763     -4.08381      6.28282      7.65996      1.41726
   26  n0                 1      2112   18           0           0     -0.17859     -0.59976    104.53634    104.54244      0.93957
   27  (pi0)             11       111   18          36          37      0.06326     -0.04955     21.26855     21.26913      0.13498
   28  pi-                1      -211   21           0           0      0.01443      0.26196      7.85190      7.85752      0.13957
   29  (pi0)             11       111   21          38          39     -0.77261      0.68213     61.02251     61.03136      0.13498
   30  pi+                1       211   23           0           0      0.10531      0.30454     14.31730     14.32161      0.13957
   31  pi-                1      -211   23           0           0      0.00159     -0.25922      4.82801      4.83698      0.13957
   32  p+                 1      2212   24           0           0      0.33609     -0.22993      8.38749      8.44963      0.93827
   33  (pi0)             11       111   24          40          41     -0.10577      0.05892      0.39672      0.43619      0.13498
   34  (Lambdabar0)      11     -3122   25          42          43     -0.35782     -3.03666      4.90814      5.88930      1.11568
   35  pi-                1      -211   25           0           0     -0.35980     -1.04716      1.37468      1.77065      0.13957
   36  gamma              1        22   27           0           0      0.05194      0.03848      6.77420      6.77451      0.00000
   37  gamma              1        22   27           0           0      0.01132     -0.08803     14.49435     14.49462      0.00000
   38  gamma              1        22   29           0           0     -0.35400      0.29601     31.23933     31.24274      0.00000
   39  gamma              1        22   29           0           0     -0.41861      0.38612     29.78318     29.78863      0.00000
   40  gamma              1        22   33           0           0     -0.12396      0.00461      0.26942      0.29660      0.00000
   41  gamma              1        22   33           0           0      0.01819      0.05430      0.12730      0.13959      0.00000
   42  pbar-              1     -2212   34           0           0     -0.38740     -2.58773      4.08849      4.94394      0.93827
   43  pi+                1       211   34           0           0      0.02958     -0.44893      0.81965      0.94537      0.13957
 ==================================================================================================================================
                   sum charge:  0.00   sum momentum and inv. mass:     -0.00000     -0.00000    240.00000    260.00176    100.00458



                            Event listing (standard)

    I  particle/jet  K(I,1)   K(I,2) K(I,3)     K(I,4)      K(I,5)       P(I,1)       P(I,2)       P(I,3)       P(I,4)       P(I,5)

    1  !e-!              21        11    0           3           4      0.00000      0.00000    -10.00000     10.00000      0.00051
    2  !p+!              21      2212    0           5           0     -0.00000      0.00000    250.00000    250.00176      0.93827
 ==================================================================================================================================
    3  !e-!              21        11    1           0           0      3.90061      1.16829     -9.34346     10.19215      0.00051
    4  !gamma!           21        22    1           0           0     -3.90061     -1.16829     -0.65654     -0.19215     -4.11993
    5  !p+!              21      2212    2           0           0      0.00000      0.00000    250.00000    250.00176      0.93827
    6  !gamma!           21        22    4           0           0     -3.91539     -1.17272     -0.52083     -0.05467     -4.11993
    7  !d!               21         1    5           0           0      0.00108      0.00032     18.19630     18.19630      0.00000
    8  !gamma!           21        22    6           0           0     -3.91539     -1.17272     -0.52083     -0.05467     -4.11993
    9  !d!               21         1    7           0           0      0.00108      0.00032     18.19630     18.19630      0.00000
   10  !d!               21         1    9           0           0     -3.91431     -1.17240     17.67547     18.14162      0.00000
 ==================================================================================================================================
   11  e-                 1        11    3           0           0      3.90061      1.16829     -9.34346     10.19215      0.00051
   12  (d)           A   12         1   10          14          14     -4.46284     -1.40049     23.34263     23.80665      0.00000
   13  (uu_1)        V   11      2203    5          14          14      0.56223      0.23219    226.00083    226.00296      0.77133
 ==================================================================================================================================
   14  (string)          11        92   12          15          20     -3.90061     -1.16829    249.34346    249.80961     14.70047
   15  (pi0)             11       111   14          21          22     -0.08890      0.06815      0.98719      1.00265      0.13498
   16  pi-                1      -211   14           0           0     -1.49909     -0.49184      9.02413      9.16207      0.13957
   17  (pi0)             11       111   14          23          24     -2.19831     -0.45666     10.21126     10.45606      0.13498
   18  (rho0)            11       113   14          25          26     -0.15697     -0.53852      6.79882      6.84752      0.59160
   19  pi+                1       211   14           0           0     -0.72548      0.17954     18.48318     18.49881      0.13957
   20  p+                 1      2212   14           0           0      0.76814      0.07103    203.83888    203.84250      0.93827
   21  gamma              1        22   15           0           0     -0.10697      0.04753      0.45695      0.47170      0.00000
   22  gamma              1        22   15           0           0      0.01807      0.02063      0.53024      0.53095      0.00000
   23  gamma              1        22   17           0           0     -1.70944     -0.29891      7.94062      8.12804      0.00000
   24  gamma              1        22   17           0           0     -0.48887     -0.15775      2.27063      2.32802      0.00000
   25  pi-                1      -211   18           0           0     -0.19188     -0.60709      5.71470      5.75175      0.13957
   26  pi+                1       211   18           0           0      0.03490      0.06857      1.08412      1.09577      0.13957
 ==================================================================================================================================
                   sum charge:  0.00   sum momentum and inv. mass:      0.00000      0.00000    240.00000    260.00176    100.00458

 Advisory warning: maximum violated by  1.597D+00 in event      32
 XSEC(96,1) increased to  2.318D-02

 Advisory warning: maximum violated by  2.064D+00 in event      58
 XSEC(96,1) increased to  4.784D-02

 Advisory warning: maximum violated by  1.399D+00 in event    1710
 XSEC(96,1) increased to  6.695D-02

 Advisory warning: maximum violated by  1.112D+00 in event    3702
 XSEC(96,1) increased to  7.444D-02

 Advisory warning: maximum violated by  1.088D+00 in event    4374
 XSEC(96,1) increased to  8.098D-02

 Advisory warning: maximum violated by  1.109D+00 in event   13091
 XSEC(96,1) increased to  8.982D-02
1********* PYSTAT:  Statistics on Number of Events and Cross-sections *********

 ==============================================================================
 I                                  I                            I            I
 I            Subprocess            I      Number of points      I    Sigma   I
 I                                  I                            I            I
 I----------------------------------I----------------------------I    (mb)    I
 I                                  I                            I            I
 I N:o Type                         I    Generated         Tried I            I
 I                                  I                            I            I
 ==============================================================================
 I                                  I                            I            I
 I   0 All included subprocesses    I       500000      68623592 I  5.976D-05 I
 I  11 f + f' -> f + f' (QCD)       I         2450             0 I  4.532D-07 I
 I  12 f + fbar -> f' + fbar'       I           53             0 I  1.021D-08 I
 I  13 f + fbar -> g + g            I           54             0 I  9.091D-09 I
 I  28 f + g -> f + g               I         6144             0 I  1.072D-06 I
 I  53 g + g -> f + fbar            I           90             0 I  1.350D-08 I
 I  68 g + g -> g + g               I         2862             0 I  4.373D-07 I
 I  91 Elastic scattering           I         7045       4920254 I  8.139D-07 I
 I  92 Single diffractive (XB)      I         3400       3609124 I  3.916D-07 I
 I  93 Single diffractive (AX)      I         2304       2921920 I  2.794D-07 I
 I  94 Double  diffractive          I         2164       3320778 I  2.203D-07 I
 I  95 Low-pT scattering            I        12611         59525 I  1.277D-06 I
 I  99 q + gamma* -> q              I       451572      20152626 I  5.368D-05 I
 I 131 f + gamma*_T -> f + g        I         3465       1542845 I  4.140D-07 I
 I 132 f + gamma*_L -> f + g        I          259         81477 I  2.619D-08 I
 I 135 g + gamma*_T -> f + fbar     I         4188       4773217 I  5.056D-07 I
 I 136 g + gamma*_L -> f + fbar     I         1339        777123 I  1.596D-07 I
 I                                  I                            I            I
 ==============================================================================
 I                                  I                            I            I
 I   1 VMD * hadron                 I        13242      30206579 I  1.904D-06 I
 I   2 direct * hadron              I         9251       7174662 I  1.105D-06 I
 I   3 anomalous * hadron           I        25935      11089725 I  3.073D-06 I
 I   4 DIS * hadron                 I       451572      20152626 I  5.368D-05 I
 I                                  I                            I            I
 ==============================================================================

 ********* Total number of errors, excluding junctions =        0 *************
 ********* Total number of errors, including junctions =        0 *************
 ********* Total number of warnings =                           0 *************
 ********* Fraction of events that fail fragmentation cuts =  0.00632 *********

1************ PYSTAT: User-Defined Limits on Kinematical Variables ************

 ==============================================================================
 I                                                                            I
 I                 0.000D+00 <  m_hard (GeV/c^2)  <  5.144D+01                I
 I    0.000D+00 ( 1.000D+00) <  p_T_hard (GeV/c)  <  2.572D+01                I
 I                             m_finite (GeV/c^2) =  1.000D+00                I
 I                -1.000D+01 <    y*_subsystem    <  1.000D+01                I
 I                -4.000D+01 <      y*_large      <  4.000D+01                I
 I                -4.000D+01 <      y*_small      <  4.000D+01                I
 I                -4.000D+01 <     eta*_large     <  4.000D+01                I
 I                -4.000D+01 <     eta*_small     <  4.000D+01                I
 I                -1.000D+00 < cos(theta*)_large  <  1.000D+00                I
 I                -1.000D+00 < cos(theta*)_small  <  1.000D+00                I
 I                 0.000D+00 <        x_1         <  1.000D+00                I
 I                 0.000D+00 <        x_2         <  1.000D+00                I
 I                -1.000D+00 <        x_F         <  1.000D+00                I
 I                -1.000D+00 <  cos(theta_hard)   <  1.000D+00                I
 I                 2.000D+00 < m'_hard (GeV/c^2)  <  5.144D+01                I
 I                                                                            I
 ==============================================================================
 The charm mass used is:    1.5000000000000000     
 ===================================================
 Pythia total cross section normalisation:   5.9758065033598498E-002  microbarn
 Total Number of generated events      500000
 Total Number of trials      500000
 ===================================================

 ===== PDFSTA statistics for PDF under/over-flows ====

 ====== STRUCTM statistics for nucleon/pion PDFs =====

   total # of calls    41561572.000000000     
   X  below PDF min    0.0000000000000000       or    0.0000000000000000       %
   X  above PDF max    0.0000000000000000       or    0.0000000000000000       %
   Q2 below PDF min    0.0000000000000000       or    0.0000000000000000       %
   Q2 above PDF max    0.0000000000000000       or    0.0000000000000000       %

 ========= STRUCTP statistics for photon PDFs ========

   total # of calls    0.0000000000000000     

