1                                                                              
 ******************************************************************************
 ******************************************************************************
 **                                                                          **
 **                                                                          **
 **              *......*                  Welcome to the Lund Monte Carlo!  **
 **         *:::!!:::::::::::*                                               **
 **      *::::::!!::::::::::::::*          PPP  Y   Y TTTTT H   H III   A    **
 **    *::::::::!!::::::::::::::::*        P  P  Y Y    T   H   H  I   A A   **
 **   *:::::::::!!:::::::::::::::::*       PPP    Y     T   HHHHH  I  AAAAA  **
 **   *:::::::::!!:::::::::::::::::*       P      Y     T   H   H  I  A   A  **
 **    *::::::::!!::::::::::::::::*!       P      Y     T   H   H III A   A  **
 **      *::::::!!::::::::::::::* !!                                         **
 **      !! *:::!!:::::::::::*    !!       This is PYTHIA version 6.428      **
 **      !!     !* -><- *         !!       Last date of change:  5 Sep 2013  **
 **      !!     !!                !!                                         **
 **      !!     !!                !!       Now is  0 Jan 2000 at  0:00:00    **
 **      !!                       !!                                         **
 **      !!        lh             !!       Disclaimer: this program comes    **
 **      !!                       !!       without any guarantees. Beware    **
 **      !!                 hh    !!       of errors and use common sense    **
 **      !!    ll                 !!       when interpreting results.        **
 **      !!                       !!                                         **
 **      !!                                Copyright T. Sjostrand (2011)     **
 **                                                                          **
 ** An archive of program versions and documentation is found on the web:    **
 ** http://www.thep.lu.se/~torbjorn/Pythia.html                              **
 **                                                                          **
 ** When you cite this program, the official reference is to the 6.4 manual: **
 ** T. Sjostrand, S. Mrenna and P. Skands, JHEP05 (2006) 026                 **
 ** (LU TP 06-13, FERMILAB-PUB-06-052-CD-T) [hep-ph/0603175].                **
 **                                                                          **
 ** Also remember that the program, to a large extent, represents original   **
 ** physics research. Other publications of special relevance to your        **
 ** studies may therefore deserve separate mention.                          **
 **                                                                          **
 ** Main author: Torbjorn Sjostrand; Department of Theoretical Physics,      **
 **   Lund University, Solvegatan 14A, S-223 62 Lund, Sweden;                **
 **   phone: + 46 - 46 - 222 48 16; e-mail: torbjorn@thep.lu.se              **
 ** Author: Stephen Mrenna; Computing Division, GDS Group,                   **
 **   Fermi National Accelerator Laboratory, MS 234, Batavia, IL 60510, USA; **
 **   phone: + 1 - 630 - 840 - 2556; e-mail: mrenna@fnal.gov                 **
 ** Author: Peter Skands; CERN/PH-TH, CH-1211 Geneva, Switzerland            **
 **   phone: + 41 - 22 - 767 24 47; e-mail: peter.skands@cern.ch             **
 **                                                                          **
 **                                                                          **
 ******************************************************************************
 ******************************************************************************
     MSEL           changed from              1 to              2
     MSTP(14)       changed from             30 to             30
     MSTP(15)       changed from              0 to              0
     MSTP(16)       changed from              1 to              1
     MSTP(17)       changed from              4 to              4
     MSTP(18)       changed from              3 to              3
     MSTP(19)       changed from              4 to              1
     MSTP(20)       changed from              3 to              0
     MSTP(32)       changed from              8 to              8
     MSTP(38)       changed from              5 to              4
     MSTP(51)       changed from              7 to          10050
     MSTP(52)       changed from              1 to              2
     MSTP(53)       changed from              3 to              3
     MSTP(54)       changed from              1 to              1
     MSTP(55)       changed from              5 to              5
     MSTP(56)       changed from              1 to              1
     MSTP(57)       changed from              1 to              1
     MSTP(58)       changed from              5 to              5
     MSTP(59)       changed from              1 to              1
     MSTP(60)       changed from              7 to              7
     MSTP(61)       changed from              2 to              2
     MSTP(71)       changed from              1 to              1
     MSTP(81)       changed from              1 to              0
     MSTP(82)       changed from              4 to              1
     MSTP(91)       changed from              1 to              1
     MSTP(92)       changed from              3 to              3
     MSTP(93)       changed from              1 to              1
     MSTP(101)      changed from              3 to              3
     MSTP(102)      changed from              1 to              1
     MSTP(111)      changed from              1 to              1
     MSTP(121)      changed from              0 to              0
     PARP(13)       changed from        1.00000 to        1.00000
     PARP(18)       changed from        0.40000 to        0.40000
     PARP(81)       changed from        1.90000 to        1.90000
     PARP(89)       changed from     1800.00000 to     1800.00000
     PARP(90)       changed from        0.25000 to        0.16000
     PARP(91)       changed from        2.00000 to        0.40000
     PARP(93)       changed from        5.00000 to        5.00000
     PARP(99)       changed from        1.00000 to        0.40000
     PARP(100)      changed from        5.00000 to        5.00000
     PARP(102)      changed from        0.28000 to        0.28000
     PARP(103)      changed from        1.00000 to        1.00000
     PARP(104)      changed from        0.80000 to        0.80000
     PARP(111)      changed from        2.00000 to        2.00000
     PARP(161)      changed from        2.20000 to        3.00000
     PARP(162)      changed from       23.60000 to       24.60000
     PARP(163)      changed from       18.40000 to       18.80000
     PARP(164)      changed from       11.50000 to       11.50000
     PARP(165)      changed from        0.50000 to        0.47679
     PARP(166)      changed from        0.00000 to        0.67597
     PARJ(1)        changed from        0.10000 to        0.10000
     PARJ(2)        changed from        0.30000 to        0.30000
     PARJ(11)       changed from        0.50000 to        0.50000
     PARJ(12)       changed from        0.60000 to        0.60000
     PARJ(21)       changed from        0.36000 to        0.40000
     PARJ(32)       changed from        1.00000 to        1.00000
     PARJ(33)       changed from        0.80000 to        0.80000
     PARJ(41)       changed from        0.30000 to        0.30000
     PARJ(42)       changed from        0.58000 to        0.58000
     PARJ(45)       changed from        0.50000 to        0.50000
     MSTJ(1)        changed from              1 to              1
     MSTJ(12)       changed from              2 to              1
     MSTJ(45)       changed from              5 to              5
     MSTU(112)      changed from              5 to              5
     MSTU(113)      changed from              3 to              5
     MSTU(114)      changed from              5 to              5
     CKIN(1)        changed from        2.00000 to        1.00000
     CKIN(2)        changed from       -1.00000 to       -1.00000
     CKIN(3)        changed from        0.00000 to        0.00000
     CKIN(4)        changed from       -1.00000 to       -1.00000
     CKIN(5)        changed from        1.00000 to        1.00000
     CKIN(6)        changed from        1.00000 to        1.00000
     CKIN(7)        changed from      -10.00000 to      -10.00000
     CKIN(8)        changed from       10.00000 to       10.00000
     CKIN(9)        changed from      -40.00000 to      -40.00000
     CKIN(10)       changed from       40.00000 to       40.00000
     CKIN(11)       changed from      -40.00000 to      -40.00000
     CKIN(12)       changed from       40.00000 to       40.00000
     CKIN(13)       changed from      -40.00000 to      -40.00000
     CKIN(14)       changed from       40.00000 to       40.00000
     CKIN(15)       changed from      -40.00000 to      -40.00000
     CKIN(16)       changed from       40.00000 to       40.00000
     CKIN(17)       changed from       -1.00000 to       -1.00000
     CKIN(18)       changed from        1.00000 to        1.00000
     CKIN(19)       changed from       -1.00000 to       -1.00000
     CKIN(20)       changed from        1.00000 to        1.00000
     CKIN(21)       changed from        0.00000 to        0.00000
     CKIN(22)       changed from        1.00000 to        1.00000
     CKIN(23)       changed from        0.00000 to        0.00000
     CKIN(24)       changed from        1.00000 to        1.00000
     CKIN(25)       changed from       -1.00000 to       -1.00000
     CKIN(26)       changed from        1.00000 to        1.00000
     CKIN(27)       changed from       -1.00000 to       -1.00000
     CKIN(28)       changed from        1.00000 to        1.00000
     CKIN(31)       changed from        2.00000 to        2.00000
     CKIN(32)       changed from       -1.00000 to       -1.00000
     CKIN(35)       changed from        0.00000 to        0.00000
     CKIN(36)       changed from       -1.00000 to       -1.00000
     CKIN(37)       changed from        0.00000 to        0.00000
     CKIN(38)       changed from       -1.00000 to       -1.00000
     CKIN(39)       changed from        4.00000 to        4.00000
     CKIN(40)       changed from       -1.00000 to       -1.00000
     CKIN(65)       changed from        0.00000 to        0.00000
     CKIN(66)       changed from       -1.00000 to       -1.00000
     CKIN(67)       changed from        0.00000 to        0.00000
     CKIN(68)       changed from       -1.00000 to       -1.00000
     CKIN(77)       changed from        2.00000 to        2.00000
     CKIN(78)       changed from       -1.00000 to       -1.00000
 *********************************************
 NOW all parameters are read by PYTHIA
 *********************************************
 SEED =   1507765671
 RANLUX LUXURY LEVEL SET BY RLUXGO : 4     P= 389
 RANLUX INITIALIZED BY RLUXGO FROM SEEDS  1507765671           0           0
   5328.9753403062132        10.000000000000000       -5328.9753403062132       -10.0000000    
 *********************************************
 proton beam momentum:   250.000000     GeV
 lepton beam momentum:   10.0000000     GeV
 resulting sqrt(s):   100.00457712527508      GeV
 *********************************************
1****************** PYINIT: initialization of PYTHIA routines *****************
 ==== PYTHIA WILL USE LHAPDF ====
 *************************************
 *       LHAPDF Version 5.9.1        *
 *   Configured for the following:   *
 *             All PDFs              *
 *         FULL MEMORY option        *
 *    Maximum  3 concurrent set(s)   *
 *************************************

 >>>>>> PDF description: <<<<<<
 CTEQ6M                                                          
 Reference:                                                      
 J. Pumplin, D.R. Stump, J. Huston, H.L. Lai, P. Nadolsky,       
 W.K. Tung                                                       
 hep-ph/0201195                                                  
 This set has 41 member PDFs.                                    
     mem=0 --> central value (cteq6m)                            
     mem=1-40 --> 20 sets of +ve/-ve error values                
 >>>>>>                   <<<<<<

 ==============================================
 PDFset name /cvmfs/sft.cern.ch/lcg/external/lhapdfsets/5.9.1/share/PDFsets/cteq6mE.LHgrid   
 with         40 members
 ====  initialized. ===========================
 Strong coupling at Mz for PDF is:  0.11798

 ==============================================================================
 I                                                                            I
 I      PYTHIA will be initialized for gamma/e- on p+ user configuration      I
 I                                                                            I
 I                  px (GeV/c)   py (GeV/c)   pz (GeV/c)      E (GeV)         I
 I        gamma/e-       0.000        0.000      -10.000       10.000         I
 I        p+             0.000        0.000      250.000      250.002         I
 I                                                                            I
 I           corresponding to    100.005 GeV center-of-mass energy            I
 I                                                                            I
 ==============================================================================

 ******** PYMAXI: summary of differential cross-section maximum search ********

           ==========================================================
           I                                      I                 I
           I  ISUB  Subprocess name               I  Maximum value  I
           I                                      I                 I
           ==========================================================
           I                                      I                 I
           I   91   Elastic scattering            I    4.5802D-04   I
           I   92   Single diffractive (XB)       I    3.3396D-04   I
           I   93   Single diffractive (AX)       I    2.7193D-04   I
           I   94   Double  diffractive           I    2.7235D-04   I
           I   95   Low-pT scattering             I    1.9842D-03   I
           I   96   Semihard QCD 2 -> 2           I    1.9401D-02   I
           I                                      I                 I
           ==========================================================

 ******** PYMAXI: summary of differential cross-section maximum search ********

           ==========================================================
           I                                      I                 I
           I  ISUB  Subprocess name               I  Maximum value  I
           I                                      I                 I
           ==========================================================
           I                                      I                 I
           I  131   f + gamma*_T -> f + g         I    1.8340D-04   I
           I  132   f + gamma*_L -> f + g         I    9.6222D-06   I
           I  135   g + gamma*_T -> f + fbar      I    5.6762D-04   I
           I  136   g + gamma*_L -> f + fbar      I    9.2431D-05   I
           I                                      I                 I
           ==========================================================

 ******** PYMAXI: summary of differential cross-section maximum search ********

           ==========================================================
           I                                      I                 I
           I  ISUB  Subprocess name               I  Maximum value  I
           I                                      I                 I
           ==========================================================
           I                                      I                 I
           I   91   Elastic scattering            I    1.1937D-04   I
           I   92   Single diffractive (XB)       I    8.8669D-05   I
           I   93   Single diffractive (AX)       I    7.0104D-05   I
           I   94   Double  diffractive           I    7.1830D-05   I
           I   95   Low-pT scattering             I    5.5769D-04   I
           I   96   Semihard QCD 2 -> 2           I    1.4517D-02   I
           I                                      I                 I
           ==========================================================

 ******** PYMAXI: summary of differential cross-section maximum search ********

           ==========================================================
           I                                      I                 I
           I  ISUB  Subprocess name               I  Maximum value  I
           I                                      I                 I
           ==========================================================
           I                                      I                 I
           I   99   q + gamma* -> q               I    2.3955D-03   I
           I                                      I                 I
           ==========================================================

 ********************** PYINIT: initialization completed **********************
 the outputfile will be named: outfiles/ep_10_250_Q2_1_10_norad.out                                                                                                                                                                                                                            



                            Event listing (standard)

    I  particle/jet  K(I,1)   K(I,2) K(I,3)     K(I,4)      K(I,5)       P(I,1)       P(I,2)       P(I,3)       P(I,4)       P(I,5)

    1  !e-!              21        11    0           3           4      0.00000      0.00000    -10.00000     10.00000      0.00051
    2  !p+!              21      2212    0           5           0     -0.00000      0.00000    250.00000    250.00176      0.93827
 ==================================================================================================================================
    3  !e-!              21        11    1           0           0     -0.77627     -0.25566     -1.74882      1.93037      0.00051
    4  !gamma!           21        22    1           0           0      0.77627      0.25566     -8.25118      8.06963     -1.90552
    5  !p+!              21      2212    2           0           0     -0.00000      0.00000    250.00000    250.00176      0.93827
    6  !gamma!           21        22    4           0           0      0.77635      0.25569     -8.25204      8.07052     -1.90552
    7  !u!               21         2    5           0           0     -0.00000     -0.00000      0.11123      0.11123      0.00000
    8  !gamma!           21        22    6           0           0      0.77635      0.25569     -8.25204      8.07052     -1.90552
    9  !u!               21         2    7           0           0     -0.00000     -0.00000      0.11123      0.11123      0.00000
   10  !u!               21         2    9           0           0      0.77635      0.25569     -8.14082      8.18175      0.00000
 ==================================================================================================================================
   11  e-                 1        11    3           0           0     -0.77627     -0.25566     -1.74882      1.93037      0.00051
   12  (ud_0)        A   12      2101    5          16          16      0.33818      0.39453    249.46473    249.46594      0.57933
   13  (g)           I   12        21   10          16          16      0.93588      0.89894     -1.21266      1.77609      0.00000
   14  (g)           I   12        21   10          16          16     -0.44569     -0.31181     -5.77210      5.79767      0.00000
   15  (u)           V   11         2   10          16          16     -0.05211     -0.72600     -0.73115      1.03168      0.00000
 ==================================================================================================================================
   16  (string)          11        92   12          17          26      0.77627      0.25566    241.74882    258.07139     90.31987
   17  n0                 1      2112   16           0           0      0.43159     -0.01006    241.74100    241.74321      0.93957
   18  (rho+)            11       213   16          27          28     -0.04793      0.60013      3.12265      3.28193      0.81096
   19  K-                 1      -321   16           0           0      0.14292      0.02999      1.30093      1.39907      0.49360
   20  (K*+)             11       323   16          29          30      0.27320     -0.20439      0.71915      1.22767      0.93466
   21  K-                 1      -321   16           0           0      0.16690     -0.27786      0.75411      0.95780      0.49360
   22  K+                 1       321   16           0           0     -0.53928      0.57118      0.16826      0.94288      0.49360
   23  pi-                1      -211   16           0           0      0.73014     -0.16950      0.54192      0.93541      0.13957
   24  (Deltabar0)       11     -2114   16          31          32     -0.25624     -0.04349     -2.46360      2.76249      1.22248
   25  (Delta+)          11      2214   16          33          34     -0.19477     -0.45597     -1.16853      1.74414      1.19612
   26  (omega)           11       223   16          35          36      0.06974      0.21562     -2.96706      3.07679      0.78220
   27  pi+                1       211   18           0           0      0.10650      0.61073      2.93739      3.00535      0.13957
   28  (pi0)             11       111   18          37          38     -0.15443     -0.01060      0.18526      0.27659      0.13498
   29  (K0)              11       311   20          39          39      0.22051     -0.01325      0.08801      0.55156      0.49767
   30  pi+                1       211   20           0           0      0.05269     -0.19114      0.63114      0.67611      0.13957
   31  nbar0              1     -2112   24           0           0     -0.03257     -0.04969     -2.19182      2.38546      0.93957
   32  (pi0)             11       111   24          40          41     -0.22367      0.00620     -0.27178      0.37703      0.13498
   33  n0                 1      2112   25           0           0      0.02406     -0.32052     -0.81162      1.28251      0.93957
   34  pi+                1       211   25           0           0     -0.21883     -0.13545     -0.35691      0.46163      0.13957
   35  gamma              1        22   26           0           0      0.13885     -0.15265     -2.22552      2.23507      0.00000
   36  (pi0)             11       111   26          42          43     -0.06911      0.36827     -0.74154      0.84172      0.13498
   37  gamma              1        22   28           0           0     -0.00304      0.04426      0.04018      0.05985      0.00000
   38  gamma              1        22   28           0           0     -0.15139     -0.05485      0.14508      0.21673      0.00000
   39  K_L0               1       130   29           0           0      0.22051     -0.01325      0.08801      0.55156      0.49767
   40  gamma              1        22   32           0           0     -0.08500     -0.03793     -0.03568      0.09968      0.00000
   41  gamma              1        22   32           0           0     -0.13867      0.04413     -0.23610      0.27735      0.00000
   42  gamma              1        22   36           0           0      0.00968     -0.00182     -0.00073      0.00988      0.00000
   43  gamma              1        22   36           0           0     -0.07878      0.37009     -0.74081      0.83185      0.00000
 ==================================================================================================================================
                   sum charge:  0.00   sum momentum and inv. mass:     -0.00000     -0.00000    240.00000    260.00176    100.00458



                            Event listing (standard)

    I  particle/jet  K(I,1)   K(I,2) K(I,3)     K(I,4)      K(I,5)       P(I,1)       P(I,2)       P(I,3)       P(I,4)       P(I,5)

    1  !e-!              21        11    0           3           4      0.00000      0.00000    -10.00000     10.00000      0.00051
    2  !p+!              21      2212    0           5           0     -0.00000      0.00000    250.00000    250.00176      0.93827
 ==================================================================================================================================
    3  !e-!              21        11    1           0           0     -2.43028      0.25486     -8.26613      8.61975      0.00051
    4  !gamma!           21        22    1           0           0      2.43028     -0.25486     -1.73387      1.38025     -2.65941
    5  !p+!              21      2212    2           0           0     -0.00000      0.00000    250.00000    250.00176      0.93827
    6  !gamma!           21        22    4           0           0      2.43165     -0.25500     -1.73357      1.38231     -2.65941
    7  !u!               21         2    5           0           0     -0.00001      0.00000      1.13490      1.13490      0.00000
    8  !gamma!           21        22    6           0           0      2.43165     -0.25500     -1.73357      1.38231     -2.65941
    9  !u!               21         2    7           0           0     -0.00001      0.00000      1.13490      1.13490      0.00000
   10  !u!               21         2    9           0           0      2.43165     -0.25500     -0.59867      2.51721      0.00000
 ==================================================================================================================================
   11  e-                 1        11    3           0           0     -2.43028      0.25486     -8.26613      8.61975      0.00051
   12  (ud_0)        A   12      2101    5          15          15     -0.13925     -0.21854    246.72231    246.72313      0.57933
   13  (g)           I   12        21   10          15          15      1.38940      1.47471      1.81789      2.72212      0.00000
   14  (u)           V   11         2   10          15          15      1.18013     -1.51104     -0.27407      1.93676      0.00000
 ==================================================================================================================================
   15  (string)          11        92   12          16          26      2.43028     -0.25486    248.26613    251.38201     39.38110
   16  p+                 1      2212   15           0           0     -0.56730     -0.11096    174.41349    174.41697      0.93827
   17  pi-                1      -211   15           0           0      0.47801     -0.06010     23.79986     23.80514      0.13957
   18  (rho+)            11       213   15          27          28     -0.26679      0.11855     34.26486     34.27592      0.82056
   19  (Sigmabar0)       11     -3212   15          29          30      0.34038     -0.20655      5.95355      6.08486      1.19255
   20  (Lambda0)         11      3122   15          31          32      0.48348      0.72948      7.12235      7.26213      1.11568
   21  pi-                1      -211   15           0           0     -0.15452      0.25230      1.07480      1.12348      0.13957
   22  pi+                1       211   15           0           0      0.42973     -0.66389      0.42133      0.90687      0.13957
   23  pi-                1      -211   15           0           0      0.16272     -0.26560      0.08929      0.35281      0.13957
   24  pi+                1       211   15           0           0      0.09509      0.19083      0.22991      0.34321      0.13957
   25  pbar-              1     -2212   15           0           0      0.32880     -0.51250      0.71483      1.32744      0.93827
   26  p+                 1      2212   15           0           0      1.10069      0.27358      0.18186      1.48317      0.93827
   27  pi+                1       211   18           0           0     -0.17506     -0.22568      5.93624      5.94475      0.13957
   28  (pi0)             11       111   18          33          34     -0.09173      0.34423     28.32861     28.33118      0.13498
   29  (Lambdabar0)      11     -3122   19          35          36      0.33020     -0.19222      5.23897      5.37006      1.11568
   30  gamma              1        22   19           0           0      0.01019     -0.01432      0.71458      0.71480      0.00000
   31  n0                 1      2112   20           0           0      0.41409      0.60983      6.55143      6.65939      0.93957
   32  (pi0)             11       111   20          37          38      0.06939      0.11966      0.57092      0.60274      0.13498
   33  gamma              1        22   28           0           0      0.01598      0.16515     15.08956     15.09047      0.00000
   34  gamma              1        22   28           0           0     -0.10771      0.17908     13.23906     13.24070      0.00000
   35  pbar-              1     -2212   29           0           0      0.27846     -0.25787      4.33679      4.45332      0.93827
   36  pi+                1       211   29           0           0      0.05174      0.06564      0.90219      0.91674      0.13957
   37  gamma              1        22   32           0           0      0.03877      0.13685      0.53033      0.54908      0.00000
   38  gamma              1        22   32           0           0      0.03061     -0.01720      0.04058      0.05366      0.00000
 ==================================================================================================================================
                   sum charge:  0.00   sum momentum and inv. mass:      0.00000      0.00000    240.00000    260.00176    100.00458



                            Event listing (standard)

    I  particle/jet  K(I,1)   K(I,2) K(I,3)     K(I,4)      K(I,5)       P(I,1)       P(I,2)       P(I,3)       P(I,4)       P(I,5)

    1  !e-!              21        11    0           3           4      0.00000      0.00000    -10.00000     10.00000      0.00051
    2  !p+!              21      2212    0           5           0     -0.00000      0.00000    250.00000    250.00176      0.93827
 ==================================================================================================================================
    3  !e-!              21        11    1           0           0      1.41727      0.72291     -9.81107      9.93923      0.00051
    4  !gamma!           21        22    1           0           0     -1.41727     -0.72291     -0.18893      0.06077     -1.60102
    5  !p+!              21      2212    2           0           0     -0.00000      0.00000    250.00000    250.00176      0.93827
    6  !gamma!           21        22    4           0           0     -1.42726     -0.72801     -0.11817      0.13330     -1.60102
    7  !u!               21         2    5           0           0      0.00020      0.00010      5.09522      5.09522      0.00000
    8  !gamma!           21        22    6           0           0     -1.42726     -0.72801     -0.11817      0.13330     -1.60102
    9  !u!               21         2    7           0           0      0.00020      0.00010      5.09522      5.09522      0.00000
   10  !u!               21         2    9           0           0     -1.42705     -0.72790      4.97705      5.22851      0.00000
 ==================================================================================================================================
   11  e-                 1        11    3           0           0      1.41727      0.72291     -9.81107      9.93923      0.00051
   12  (ud_1)        A   12      2103    5          15          15     -0.13911      0.05785    243.40333    243.40460      0.77133
   13  (g)           I   12        21   10          15          15     -1.22367     -0.41481      5.83307      5.97446      0.00000
   14  (u)           V   11         2   10          15          15     -0.05448     -0.36596      0.57467      0.68347      0.00000
 ==================================================================================================================================
   15  (string)          11        92   12          16          21     -1.41727     -0.72291    249.81107    250.06253     11.09814
   16  (Delta0)          11      2114   15          22          23      0.42878      0.10208    183.38768    183.39225      1.21704
   17  (pi0)             11       111   15          24          25     -0.49898      0.17376     12.48593     12.49783      0.13498
   18  (rho+)            11       213   15          26          27     -0.98201     -0.71549     15.05010     15.11859      0.76807
   19  pi-                1      -211   15           0           0      0.11107      0.18346     22.52147     22.52293      0.13957
   20  (rho0)            11       113   15          28          29      0.50431      0.04947     11.15225     11.19903      0.88816
   21  pi+                1       211   15           0           0     -0.98045     -0.51620      5.21364      5.33191      0.13957
   22  p+                 1      2212   16           0           0      0.31936      0.27184    133.04706    133.05103      0.93827
   23  pi-                1      -211   16           0           0      0.10943     -0.16977     50.34062     50.34121      0.13957
   24  gamma              1        22   17           0           0     -0.27119      0.04651      7.54970      7.55472      0.00000
   25  gamma              1        22   17           0           0     -0.22779      0.12725      4.93622      4.94311      0.00000
   26  pi+                1       211   18           0           0     -0.32064     -0.04939      7.62496      7.63313      0.13957
   27  (pi0)             11       111   18          30          31     -0.66137     -0.66609      7.42514      7.48546      0.13498
   28  pi+                1       211   20           0           0      0.67863      0.23124      8.43658      8.46814      0.13957
   29  pi-                1      -211   20           0           0     -0.17432     -0.18177      2.71567      2.73089      0.13957
   30  gamma              1        22   27           0           0     -0.60930     -0.64653      7.12824      7.18339      0.00000
   31  gamma              1        22   27           0           0     -0.05208     -0.01956      0.29690      0.30207      0.00000
 ==================================================================================================================================
                   sum charge:  0.00   sum momentum and inv. mass:      0.00000      0.00000    240.00000    260.00176    100.00458



                            Event listing (standard)

    I  particle/jet  K(I,1)   K(I,2) K(I,3)     K(I,4)      K(I,5)       P(I,1)       P(I,2)       P(I,3)       P(I,4)       P(I,5)

    1  !e-!              21        11    0           3           4      0.00000      0.00000    -10.00000     10.00000      0.00051
    2  !p+!              21      2212    0           5           0     -0.00000      0.00000    250.00000    250.00176      0.93827
 ==================================================================================================================================
    3  !e-!              21        11    1           0           0     -0.86960      1.16767     -7.38115      7.52336      0.00051
    4  !gamma!           21        22    1           0           0      0.86960     -1.16767     -2.61885      2.47664     -1.68651
    5  !p+!              21      2212    2           0           0     -0.00000      0.00000    250.00000    250.00176      0.93827
    6  !gamma!           21        22    4           0           0      0.86990     -1.16807     -2.61956      2.47769     -1.68651
    7  !c!               21         4    5           0           0     -0.00000      0.00000      0.27900      0.27900      0.00000
    8  !gamma!           21        22    6           0           0      0.86990     -1.16807     -2.61956      2.47769     -1.68651
    9  !c!               21         4    7           0           0     -0.00000      0.00000      0.27900      0.27900      0.00000
   10  !c!               21         4    9           0           0      0.86990     -1.16807     -2.34056      2.75669      0.00000
 ==================================================================================================================================
   11  (D*-)             11      -413    5          16          17     -0.55401      0.30520    172.13785    172.15075      2.01000
   12  e-                 1        11    3           0           0     -0.86960      1.16767     -7.38115      7.52336      0.00051
   13  (uu_1)        A   12      2203    5          18          18     -0.05918     -0.07671     76.95623     76.96015      0.77133
   14  (g)           I   12        21   10          18          18     -0.28116     -0.46651      0.22281      0.58850      0.00000
   15  (c)           V   11         4   10          18          18      1.76395     -0.92964     -1.93574      2.77900      0.00000
 ==================================================================================================================================
   16  (Dbar0)           11      -421   11          26          27     -0.49373      0.26975    156.49728    156.50940      1.86450
   17  pi-                1      -211   11           0           0     -0.06028      0.03544     15.64057     15.64135      0.13957
   18  (string)          11        92   13          19          25      1.42362     -1.47286     75.24330     80.32765     28.04963
   19  (Delta++)         11      2224   18          28          29      0.21147     -0.28772     49.12289     49.13981      1.23888
   20  (omega)           11       223   18          30          32      0.20979      0.42118      6.61505      6.67840      0.78794
   21  pi-                1      -211   18           0           0     -0.07207     -0.18858      7.93690      7.94070      0.13957
   22  (rho+)            11       213   18          33          34     -1.04501      0.11921      5.30508      5.44475      0.62867
   23  (K*-)             11      -323   18          35          36      0.85359     -0.93208      6.77272      6.94492      0.87455
   24  (K*+)             11       323   18          37          38      0.29465      0.53103      0.87722      1.41639      0.93157
   25  (D0)              11       421   18          39          40      0.97120     -1.13590     -1.38656      2.76268      1.86450
   26  (K*+)             11       323   16          41          42     -0.01675      0.80287    106.43255    106.43936      0.89742
   27  pi-                1      -211   16           0           0     -0.47698     -0.53312     50.06473     50.07004      0.13957
   28  p+                 1      2212   19           0           0      0.36753     -0.12326     36.53416     36.54826      0.93827
   29  pi+                1       211   19           0           0     -0.15606     -0.16446     12.58873     12.59154      0.13957
   30  pi-                1      -211   20           0           0      0.16614      0.10790      3.94714      3.95458      0.13957
   31  pi+                1       211   20           0           0     -0.05638      0.03641      0.34129      0.37478      0.13957
   32  (pi0)             11       111   20          43          44      0.10003      0.27687      2.32661      2.34905      0.13498
   33  pi+                1       211   22           0           0     -0.99802      0.08989      3.79171      3.92437      0.13957
   34  (pi0)             11       111   22          45          46     -0.04699      0.02931      1.51336      1.52038      0.13498
   35  K-                 1      -321   23           0           0      0.57160     -0.73554      3.61193      3.76264      0.49360
   36  (pi0)             11       111   23          47          48      0.28200     -0.19654      3.16078      3.18228      0.13498
   37  (K0)              11       311   24          49          49      0.20419     -0.01007      0.34322      0.63818      0.49767
   38  pi+                1       211   24           0           0      0.09045      0.54110      0.53400      0.77821      0.13957
   39  K-                 1      -321   25           0           0      1.27524     -1.38778     -1.27813      2.33011      0.49360
   40  pi+                1       211   25           0           0     -0.30404      0.25187     -0.10842      0.43257      0.13957
   41  K+                 1       321   26           0           0     -0.12080      0.16086     53.14468     53.14735      0.49360
   42  (pi0)             11       111   26          50          51      0.10405      0.64201     53.28787     53.29201      0.13498
   43  gamma              1        22   32           0           0     -0.00076      0.08116      1.08779      1.09082      0.00000
   44  gamma              1        22   32           0           0      0.10079      0.19571      1.23882      1.25823      0.00000
   45  gamma              1        22   34           0           0     -0.09067      0.01010      0.75016      0.75568      0.00000
   46  gamma              1        22   34           0           0      0.04367      0.01921      0.76320      0.76469      0.00000
   47  gamma              1        22   36           0           0      0.07773     -0.00341      1.04724      1.05013      0.00000
   48  gamma              1        22   36           0           0      0.20426     -0.19313      2.11354      2.13215      0.00000
   49  (K_S0)            11       310   37          52          53      0.20419     -0.01007      0.34322      0.63818      0.49767
   50  gamma              1        22   42           0           0      0.01664      0.03692      6.78994      6.79006      0.00000
   51  gamma              1        22   42           0           0      0.08741      0.60509     46.49793     46.50195      0.00000
   52  pi-                1      -211   49           0           0      0.16923     -0.14228      0.35676      0.44231      0.13957
   53  pi+                1       211   49           0           0      0.03496      0.13220     -0.01354      0.19587      0.13957
 ==================================================================================================================================
                   sum charge:  0.00   sum momentum and inv. mass:     -0.00000      0.00000    240.00000    260.00176    100.00458



                            Event listing (standard)

    I  particle/jet  K(I,1)   K(I,2) K(I,3)     K(I,4)      K(I,5)       P(I,1)       P(I,2)       P(I,3)       P(I,4)       P(I,5)

    1  !e-!              21        11    0           3           4      0.00000      0.00000    -10.00000     10.00000      0.00051
    2  !p+!              21      2212    0           5           0     -0.00000      0.00000    250.00000    250.00176      0.93827
 ==================================================================================================================================
    3  !e-!              21        11    1           0           0      1.30553      1.47265     -6.60647      6.89337      0.00051
    4  !gamma!           21        22    1           0           0     -1.30553     -1.47265     -3.39353      3.10663     -2.39541
    5  !p+!              21      2212    2           0           0     -0.00000      0.00000    250.00000    250.00176      0.93827
    6  !gamma!           21        22    4           0           0     -1.30223     -1.46892     -2.94469      3.53903     -0.00000
    7  !u!               21         2    5           0           0      0.40633      0.16060      5.56633      5.58345     -0.00000
    8  !gamma!           21        22    6           0           0     -1.30223     -1.46892     -2.94469      3.53903      0.00000
    9  !u!               21         2    7           0           0      0.40633      0.16060      5.56633      5.58345      0.00000
   10  !g!               21        21    0           0           0      0.16447     -3.50571      4.72395      5.88496      0.00000
   11  !u!               21         2    0           0           0     -1.06036      2.19739     -2.10231      3.23751      0.33000
 ==================================================================================================================================
   12  e-                 1        11    3           0           0      1.30553      1.47265     -6.60647      6.89337      0.00051
   13  (u)           A   12         2   11          18          18      0.46203     -0.09961     -0.68684      0.89669      0.33000
   14  (g)           I   12        21   11          18          18     -0.28906     -0.03585     -0.51594      0.59248      0.00000
   15  (g)           I   12        21   11          18          18     -1.21642      1.97219     -0.41354      2.35377      0.00000
   16  (g)           I   12        21   10          18          18      0.14755     -3.14505      4.23796      5.27953      0.00000
   17  (ud_0)        V   11      2101    5          18          18     -0.40964     -0.16433    243.98483    243.98592      0.57933
 ==================================================================================================================================
   18  (string)          11        92   13          19          27     -1.30553     -1.47265    246.60647    253.10839     56.96696
   19  (rho0)            11       113   18          28          29     -0.82295      0.67655     -0.56329      1.43663      0.78207
   20  pi+                1       211   18           0           0      0.15301      0.07205      0.21934      0.31015      0.13957
   21  (eta)             11       221   18          30          32      0.83226     -0.08436     -0.93896      1.37154      0.54745
   22  (rho-)            11      -213   18          33          34     -0.60542      0.24661      0.18626      1.08105      0.84061
   23  pi+                1       211   18           0           0     -0.33902     -0.90198      1.05282      1.43402      0.13957
   24  (eta)             11       221   18          35          36     -0.28141     -0.18813      0.53917      0.83964      0.54745
   25  (pi0)             11       111   18          37          38      0.08134      0.06825     -0.14495      0.22473      0.13498
   26  (omega)           11       223   18          39          41      0.16119     -1.53462      9.69993      9.85206      0.77034
   27  n0                 1      2112   18           0           0     -0.48452      0.17298    236.55615    236.55857      0.93957
   28  pi+                1       211   19           0           0      0.01301     -0.09954     -0.06039      0.18222      0.13957
   29  pi-                1      -211   19           0           0     -0.83596      0.77610     -0.50290      1.25441      0.13957
   30  pi-                1      -211   21           0           0      0.48033      0.02101     -0.60409      0.78458      0.13957
   31  pi+                1       211   21           0           0      0.22045     -0.11426     -0.14623      0.32018      0.13957
   32  (pi0)             11       111   21          42          43      0.13147      0.00889     -0.18865      0.26678      0.13498
   33  pi-                1      -211   22           0           0     -0.68951     -0.04073      0.00241      0.70467      0.13957
   34  (pi0)             11       111   22          44          45      0.08409      0.28734      0.18385      0.37637      0.13498
   35  gamma              1        22   24           0           0     -0.26152     -0.09630      0.64228      0.70014      0.00000
   36  gamma              1        22   24           0           0     -0.01989     -0.09183     -0.10311      0.13950      0.00000
   37  gamma              1        22   25           0           0      0.06085      0.03659      0.00397      0.07111      0.00000
   38  gamma              1        22   25           0           0      0.02049      0.03166     -0.14892      0.15362      0.00000
   39  pi-                1      -211   26           0           0     -0.01842     -0.06268      0.73079      0.74686      0.13957
   40  pi+                1       211   26           0           0      0.26497     -0.71035      5.17297      5.23009      0.13957
   41  (pi0)             11       111   26          46          47     -0.08535     -0.76158      3.79617      3.87510      0.13498
   42  gamma              1        22   32           0           0     -0.00421      0.04571     -0.03017      0.05493      0.00000
   43  gamma              1        22   32           0           0      0.13568     -0.03682     -0.15847      0.21185      0.00000
   44  gamma              1        22   34           0           0      0.07702      0.07465      0.10305      0.14874      0.00000
   45  gamma              1        22   34           0           0      0.00706      0.21269      0.08080      0.22763      0.00000
   46  gamma              1        22   41           0           0     -0.11896     -0.53342      2.57802      2.63531      0.00000
   47  gamma              1        22   41           0           0      0.03361     -0.22816      1.21815      1.23979      0.00000
 ==================================================================================================================================
                   sum charge:  0.00   sum momentum and inv. mass:     -0.00000      0.00000    240.00000    260.00176    100.00458



                            Event listing (standard)

    I  particle/jet  K(I,1)   K(I,2) K(I,3)     K(I,4)      K(I,5)       P(I,1)       P(I,2)       P(I,3)       P(I,4)       P(I,5)

    1  !e-!              21        11    0           3           4      0.00000      0.00000    -10.00000     10.00000      0.00051
    2  !p+!              21      2212    0           5           0     -0.00000      0.00000    250.00000    250.00176      0.93827
 ==================================================================================================================================
    3  !e-!              21        11    1           0           0     -1.67673     -0.59297     -9.63358      9.79637      0.00051
    4  !gamma!           21        22    1           0           0      1.67673      0.59297     -0.36642      0.20363     -1.80439
    5  !p+!              21      2212    2           0           0     -0.00000     -0.00000    250.00000    250.00176      0.93827
    6  !gamma!           21        22    4           0           0      1.68190      0.59480     -0.34994      0.22187     -1.80439
    7  !u!               21         2    5           0           0     -0.00006     -0.00002      2.84675      2.84675      0.00000
    8  !gamma!           21        22    6           0           0      1.68190      0.59480     -0.34994      0.22187     -1.80439
    9  !u!               21         2    7           0           0     -0.00006     -0.00002      2.84675      2.84675      0.00000
   10  !u!               21         2    9           0           0      1.68184      0.59478      2.49681      3.06862      0.00000
 ==================================================================================================================================
   11  e-                 1        11    3           0           0     -1.67673     -0.59297     -9.63358      9.79637      0.00051
   12  (ud_0)        A   12      2101    5          17          17      0.21252      0.51337    237.53199    237.53335      0.57933
   13  (g)           I   12        21   10          17          17     -0.04174     -0.44762      4.28556      4.30908      0.00000
   14  (g)           I   12        21   10          17          17      0.73262     -0.37687      4.04448      4.12754      0.00000
   15  (g)           I   12        21   10          17          17      0.71767     -0.11746      2.49883      2.60249      0.00000
   16  (u)           V   11         2   10          17          17      0.05566      1.02154      1.27272      1.63294      0.00000
 ==================================================================================================================================
   17  (string)          11        92   12          18          25      1.67673      0.59297    249.63358    250.20539     16.81219
   18  n0                 1      2112   17           0           0      0.25619      0.28338     98.71006     98.71527      0.93957
   19  pi+                1       211   17           0           0     -0.18300     -0.47153      9.23793      9.25282      0.13957
   20  pi-                1      -211   17           0           0     -0.10447      0.17746     20.56907     20.57058      0.13957
   21  nbar0              1     -2112   17           0           0      0.70644      0.58037     92.23518     92.24449      0.93957
   22  n0                 1      2112   17           0           0      0.22384     -0.46515     18.73388     18.76453      0.93957
   23  nbar0              1     -2112   17           0           0     -0.23743      0.50215      3.72906      3.88551      0.93957
   24  p+                 1      2212   17           0           0     -0.02021     -0.17900      2.39503      2.57856      0.93827
   25  (eta)             11       221   17          26          28      1.03537      0.16528      4.02336      4.19362      0.54745
   26  (pi0)             11       111   25          29          30      0.44005      0.15229      1.63878      1.70899      0.13498
   27  (pi0)             11       111   25          31          32      0.41295     -0.05707      1.82266      1.87459      0.13498
   28  (pi0)             11       111   25          33          34      0.18237      0.07007      0.56193      0.61004      0.13498
   29  gamma              1        22   26           0           0      0.41771      0.15764      1.40844      1.47751      0.00000
   30  gamma              1        22   26           0           0      0.02234     -0.00535      0.23033      0.23147      0.00000
   31  gamma              1        22   27           0           0      0.17098     -0.03807      1.05598      1.07041      0.00000
   32  gamma              1        22   27           0           0      0.24197     -0.01901      0.76668      0.80419      0.00000
   33  gamma              1        22   28           0           0      0.19972      0.08241      0.50569      0.54991      0.00000
   34  gamma              1        22   28           0           0     -0.01735     -0.01234      0.05624      0.06013      0.00000
 ==================================================================================================================================
                   sum charge:  0.00   sum momentum and inv. mass:     -0.00000     -0.00000    240.00000    260.00176    100.00458



                            Event listing (standard)

    I  particle/jet  K(I,1)   K(I,2) K(I,3)     K(I,4)      K(I,5)       P(I,1)       P(I,2)       P(I,3)       P(I,4)       P(I,5)

    1  !e-!              21        11    0           3           4      0.00000      0.00000    -10.00000     10.00000      0.00051
    2  !p+!              21      2212    0           5           0     -0.00000      0.00000    250.00000    250.00176      0.93827
 ==================================================================================================================================
    3  !e-!              21        11    1           0           0     -1.48259     -0.22324     -6.02360      6.20739      0.00051
    4  !gamma!           21        22    1           0           0      1.48259      0.22324     -3.97640      3.79261     -1.91723
    5  !p+!              21      2212    2           0           0     -0.00000     -0.00000    250.00000    250.00176      0.93827
    6  !gamma!           21        22    4           0           0      1.48293      0.22329     -3.97719      3.79358     -1.91723
    7  !ubar!            21        -2    5           0           0     -0.00000     -0.00000      0.23651      0.23651      0.00000
    8  !gamma!           21        22    6           0           0      1.48293      0.22329     -3.97719      3.79358     -1.91723
    9  !ubar!            21        -2    7           0           0     -0.00000     -0.00000      0.23651      0.23651      0.00000
   10  !ubar!            21        -2    9           0           0      1.48293      0.22329     -3.74068      4.03009      0.00000
 ==================================================================================================================================
   11  p+                 1      2212    5           0           0     -0.25396     -0.04226    223.04576    223.04789      0.93827
   12  e-                 1        11    3           0           0     -1.48259     -0.22324     -6.02360      6.20739      0.00051
   13  (u)           A   12         2    5          16          16     -0.49300      0.03679     26.38966     26.39636      0.33000
   14  (g)           I   12        21   10          16          16      0.29223     -0.41757     -1.37215      1.46375      0.00000
   15  (ubar)        V   11        -2   10          16          16      1.93733      0.64628     -2.03967      2.88638      0.00000
 ==================================================================================================================================
   16  (string)          11        92   13          17          22      1.73656      0.26550     22.97784     30.74649     20.35385
   17  pi+                1       211   16           0           0     -0.08717      0.54148     15.27826     15.28874      0.13957
   18  (eta)             11       221   16          23          24     -0.70898     -0.38864      9.00924      9.06200      0.54745
   19  pi-                1      -211   16           0           0      0.54195     -0.06738      1.49265      1.59553      0.13957
   20  pi+                1       211   16           0           0     -0.37593      0.34330     -0.59492      0.79535      0.13957
   21  (rho-)            11      -213   16          25          26      2.39919     -0.16139     -1.51375      2.94873      0.78830
   22  (omega)           11       223   16          27          29     -0.03249     -0.00185     -0.69365      1.05614      0.79575
   23  gamma              1        22   18           0           0     -0.56610     -0.07741      7.04461      7.06774      0.00000
   24  gamma              1        22   18           0           0     -0.14288     -0.31123      1.96463      1.99426      0.00000
   25  pi-                1      -211   21           0           0      0.34864      0.22350     -0.31521      0.53883      0.13957
   26  (pi0)             11       111   21          30          31      2.05055     -0.38489     -1.19853      2.40989      0.13498
   27  pi+                1       211   22           0           0      0.14484     -0.16619     -0.54376      0.60312      0.13957
   28  pi-                1      -211   22           0           0     -0.09052      0.16233     -0.17449      0.29064      0.13957
   29  (pi0)             11       111   22          32          33     -0.08682      0.00201      0.02460      0.16238      0.13498
   30  gamma              1        22   26           0           0      1.58097     -0.33582     -0.87912      1.83986      0.00000
   31  gamma              1        22   26           0           0      0.46958     -0.04907     -0.31941      0.57003      0.00000
   32  gamma              1        22   29           0           0      0.00207     -0.01005     -0.04668      0.04780      0.00000
   33  gamma              1        22   29           0           0     -0.08889      0.01206      0.07128      0.11458      0.00000
 ==================================================================================================================================
                   sum charge:  0.00   sum momentum and inv. mass:     -0.00000     -0.00000    240.00000    260.00176    100.00458



                            Event listing (standard)

    I  particle/jet  K(I,1)   K(I,2) K(I,3)     K(I,4)      K(I,5)       P(I,1)       P(I,2)       P(I,3)       P(I,4)       P(I,5)

    1  !e-!              21        11    0           3           4      0.00000      0.00000    -10.00000     10.00000      0.00051
    2  !p+!              21      2212    0           5           0     -0.00000      0.00000    250.00000    250.00176      0.93827
 ==================================================================================================================================
    3  !e-!              21        11    1           0           0      1.56289      1.53144     -5.16706      5.61128      0.00051
    4  !gamma!           21        22    1           0           0     -1.56289     -1.53144     -4.83294      4.38872     -2.98067
    5  !p+!              21      2212    2           0           0     -0.00000     -0.00000    250.00000    250.00176      0.93827
    6  !gamma!           21        22    4           0           0     -1.56319     -1.53173     -4.83368      4.38974     -2.98067
    7  !u!               21         2    5           0           0      0.00000      0.00000      0.48162      0.48162      0.00000
    8  !gamma!           21        22    6           0           0     -1.56319     -1.53173     -4.83368      4.38974     -2.98067
    9  !u!               21         2    7           0           0      0.00000      0.00000      0.48162      0.48162      0.00000
   10  !u!               21         2    9           0           0     -1.56319     -1.53173     -4.35206      4.87136      0.00000
 ==================================================================================================================================
   11  e-                 1        11    3           0           0      1.56289      1.53144     -5.16706      5.61128      0.00051
   12  (ud_1)        A   12      2103    5          16          16     -0.36856      0.04230    248.51823    248.51970      0.77133
   13  (g)           I   12        21   10          16          16      0.05585     -0.13466      0.28292      0.31827      0.00000
   14  (g)           I   12        21   10          16          16      0.67000      0.26923      0.35698      0.80549      0.00000
   15  (u)           V   11         2   10          16          16     -1.92018     -1.70831     -3.99107      4.74701      0.00000
 ==================================================================================================================================
   16  (string)          11        92   12          17          27     -1.56289     -1.53144    245.16706    254.39048     67.84423
   17  n0                 1      2112   16           0           0     -0.04987     -0.38485     71.51281     71.52004      0.93957
   18  (K*bar0)          11      -313   16          28          29     -0.05782      0.12681     54.16339     54.17024      0.84999
   19  (K0)              11       311   16          30          30      0.27408      0.19663    100.21905    100.22086      0.49767
   20  (rho+)            11       213   16          31          32     -0.72437     -0.04549      9.11150      9.16117      0.61699
   21  (eta)             11       221   16          33          35      0.15036     -0.34892      4.54439      4.59299      0.54745
   22  pbar-              1     -2212   16           0           0      0.82688      0.64208      5.53260      5.70841      0.93827
   23  n0                 1      2112   16           0           0     -0.11253      0.02144      3.52517      3.65004      0.93957
   24  (K*bar0)          11      -313   16          36          37     -0.45243     -0.28866     -0.91766      1.39170      0.89817
   25  K+                 1       321   16           0           0     -0.22546     -0.69235     -0.03736      0.88046      0.49360
   26  (pi0)             11       111   16          38          39     -1.02398     -0.38636     -1.88801      2.18646      0.13498
   27  (eta)             11       221   16          40          42     -0.16777     -0.37178     -0.59883      0.90811      0.54745
   28  K-                 1      -321   18           0           0     -0.13704      0.31712     34.33271     34.33800      0.49360
   29  pi+                1       211   18           0           0      0.07922     -0.19031     19.83068     19.83224      0.13957
   30  (K_S0)            11       310   19          43          44      0.27408      0.19663    100.21905    100.22086      0.49767
   31  pi+                1       211   20           0           0     -0.32675     -0.28159      3.54856      3.57740      0.13957
   32  (pi0)             11       111   20          45          46     -0.39762      0.23610      5.56294      5.58376      0.13498
   33  (pi0)             11       111   21          47          48     -0.02339     -0.16171      2.79770      2.80572      0.13498
   34  (pi0)             11       111   21          49          50      0.08549     -0.05603      0.86370      0.88014      0.13498
   35  (pi0)             11       111   21          51          52      0.08826     -0.13118      0.88300      0.90714      0.13498
   36  K-                 1      -321   24           0           0     -0.48372     -0.34911     -0.44247      0.89179      0.49360
   37  pi+                1       211   24           0           0      0.03129      0.06044     -0.47519      0.49992      0.13957
   38  gamma              1        22   26           0           0     -0.67079     -0.18630     -1.15638      1.34978      0.00000
   39  gamma              1        22   26           0           0     -0.35319     -0.20006     -0.73163      0.83669      0.00000
   40  (pi0)             11       111   27          53          54     -0.11554     -0.15916     -0.09435      0.25652      0.13498
   41  (pi0)             11       111   27          55          56     -0.00497     -0.04145     -0.35765      0.38455      0.13498
   42  (pi0)             11       111   27          57          58     -0.04726     -0.17118     -0.14683      0.26704      0.13498
   43  pi+                1       211   30           0           0      0.24377     -0.07744     46.08010     46.08103      0.13957
   44  pi-                1      -211   30           0           0      0.03031      0.27408     54.13895     54.13983      0.13957
   45  gamma              1        22   32           0           0     -0.05134      0.06728      1.56965      1.57193      0.00000
   46  gamma              1        22   32           0           0     -0.34628      0.16882      3.99329      4.01183      0.00000
   47  gamma              1        22   33           0           0     -0.04536     -0.17494      2.61344      2.61968      0.00000
   48  gamma              1        22   33           0           0      0.02197      0.01322      0.18426      0.18603      0.00000
   49  gamma              1        22   34           0           0      0.03210      0.02359      0.06896      0.07964      0.00000
   50  gamma              1        22   34           0           0      0.05339     -0.07961      0.79474      0.80050      0.00000
   51  gamma              1        22   35           0           0      0.06977      0.00441      0.25530      0.26470      0.00000
   52  gamma              1        22   35           0           0      0.01849     -0.13559      0.62770      0.64244      0.00000
   53  gamma              1        22   40           0           0     -0.04048     -0.15310     -0.08743      0.18089      0.00000
   54  gamma              1        22   40           0           0     -0.07506     -0.00606     -0.00692      0.07563      0.00000
   55  gamma              1        22   41           0           0     -0.06551     -0.03484     -0.25099      0.26173      0.00000
   56  gamma              1        22   41           0           0      0.06054     -0.00661     -0.10666      0.12282      0.00000
   57  gamma              1        22   42           0           0      0.02433     -0.01403     -0.07487      0.07997      0.00000
   58  gamma              1        22   42           0           0     -0.07159     -0.15715     -0.07196      0.18708      0.00000
 ==================================================================================================================================
                   sum charge:  0.00   sum momentum and inv. mass:     -0.00000     -0.00000    240.00000    260.00176    100.00458



                            Event listing (standard)

    I  particle/jet  K(I,1)   K(I,2) K(I,3)     K(I,4)      K(I,5)       P(I,1)       P(I,2)       P(I,3)       P(I,4)       P(I,5)

    1  !e-!              21        11    0           3           4      0.00000      0.00000    -10.00000     10.00000      0.00051
    2  !p+!              21      2212    0           5           0     -0.00000      0.00000    250.00000    250.00176      0.93827
 ==================================================================================================================================
    3  !e-!              21        11    1           0           0      0.92541      1.62010     -9.85539     10.03044      0.00051
    4  !gamma!           21        22    1           0           0     -0.92541     -1.62010     -0.14461     -0.03044     -1.87112
    5  !p+!              21      2212    2           0           0      0.00000      0.00000    250.00000    250.00176      0.93827
    6  !gamma!           21        22    4           0           0     -0.93964     -1.64502      0.32121      0.43713     -1.87112
    7  !u!               21         2    5           0           0      0.00086      0.00150     15.07244     15.07244      0.00000
    8  !gamma!           21        22    6           0           0     -0.93964     -1.64502      0.32121      0.43713     -1.87112
    9  !u!               21         2    7           0           0      0.00086      0.00150     15.07244     15.07244      0.00000
   10  !u!               21         2    9           0           0     -0.93878     -1.64351     15.39364     15.50957      0.00000
 ==================================================================================================================================
   11  e-                 1        11    3           0           0      0.92541      1.62010     -9.85539     10.03044      0.00051
   12  (ud_0)        A   12      2101    5          15          15      0.15931      0.20924    201.57621    201.57722      0.57933
   13  (g)           I   12        21   10          15          15     -1.10735     -1.44337     14.62651     14.73922      0.00000
   14  (u)           V   11         2   10          15          15      0.02264     -0.38597     33.65266     33.65489      0.00000
 ==================================================================================================================================
   15  (string)          11        92   12          16          20     -0.92541     -1.62010    249.85539    249.97132      7.37983
   16  (Lambda0)         11      3122   15          21          22     -0.07216      0.30837    155.80726    155.81158      1.11568
   17  K+                 1       321   15           0           0     -0.23678     -0.28749     36.75577     36.76097      0.49360
   18  pi-                1      -211   15           0           0     -0.04911     -0.55291      3.45077      3.49792      0.13957
   19  nbar0              1     -2112   15           0           0     -0.01328     -0.88648     37.19033     37.21276      0.93957
   20  p+                 1      2212   15           0           0     -0.55408     -0.20159     16.65126     16.68809      0.93827
   21  p+                 1      2212   16           0           0     -0.16125      0.25841    131.20600    131.20971      0.93827
   22  pi-                1      -211   16           0           0      0.08909      0.04995     24.60126     24.60187      0.13957
 ==================================================================================================================================
                   sum charge:  0.00   sum momentum and inv. mass:      0.00000      0.00000    240.00000    260.00176    100.00458



                            Event listing (standard)

    I  particle/jet  K(I,1)   K(I,2) K(I,3)     K(I,4)      K(I,5)       P(I,1)       P(I,2)       P(I,3)       P(I,4)       P(I,5)

    1  !e-!              21        11    0           3           4      0.00000      0.00000    -10.00000     10.00000      0.00051
    2  !p+!              21      2212    0           5           0     -0.00000      0.00000    250.00000    250.00176      0.93827
 ==================================================================================================================================
    3  !e-!              21        11    1           0           0      1.29113      1.85645     -9.85831     10.11433      0.00051
    4  !gamma!           21        22    1           0           0     -1.29113     -1.85645     -0.14169     -0.11433     -2.26283
    5  !p+!              21      2212    2           0           0      0.00000      0.00000    250.00000    250.00176      0.93827
    6  !gamma!           21        22    4           0           0     -1.36877     -1.96808     10.75502     10.78411     -2.26283
    7  !d!               21         1    5           0           0      0.02730      0.03926     84.08430     84.08432      0.00000
    8  !gamma!           21        22    6           0           0     -1.36877     -1.96808     10.75502     10.78411     -2.26283
    9  !d!               21         1    7           0           0      0.02730      0.03926     84.08430     84.08432      0.00000
   10  !d!               21         1    9           0           0     -1.34147     -1.92882     94.83932     94.86842      0.00000
 ==================================================================================================================================
   11  e-                 1        11    3           0           0      1.29113      1.85645     -9.85831     10.11433      0.00051
   12  (uu_1)        A   12      2203    5          15          15      0.10552     -0.25014    134.89502    134.89750      0.77133
   13  (g)           I   12        21   10          15          15     -1.31021     -0.62619     58.18217     58.20028      0.00000
   14  (d)           V   11         1   10          15          15     -0.08644     -0.98011     56.78112     56.78964      0.00000
 ==================================================================================================================================
   15  (string)          11        92   12          16          18     -1.29113     -1.85645    249.85831    249.88743      3.07247
   16  (Delta++)         11      2224   15          19          20     -0.55916      0.03691    104.54116    104.55099      1.31980
   17  K-                 1      -321   15           0           0     -0.60310     -0.68493     55.61931     55.62899      0.49360
   18  (K0)              11       311   15          21          21     -0.12887     -1.20842     89.69784     89.70746      0.49767
   19  p+                 1      2212   16           0           0     -0.23912      0.26981     68.14392     68.15134      0.93827
   20  pi+                1       211   16           0           0     -0.32004     -0.23290     36.39723     36.39965      0.13957
   21  (K_S0)            11       310   18          22          23     -0.12887     -1.20842     89.69784     89.70746      0.49767
   22  pi-                1      -211   21           0           0     -0.21366     -1.00742     76.62981     76.63685      0.13957
   23  pi+                1       211   21           0           0      0.08479     -0.20100     13.06804     13.07060      0.13957
 ==================================================================================================================================
                   sum charge:  0.00   sum momentum and inv. mass:      0.00000      0.00000    240.00000    260.00176    100.00458

 Advisory warning: maximum violated by  1.297D+00 in event     215
 XSEC(96,1) increased to  1.882D-02

 Advisory warning: maximum violated by  1.007D+00 in event    1102
 XSEC(96,1) increased to  1.895D-02

 Advisory warning: maximum violated by  1.003D+00 in event    3455
 XSEC(96,1) increased to  1.901D-02

 Advisory warning: maximum violated by  1.170D+00 in event    3762
 XSEC(96,1) increased to  2.224D-02

 Advisory warning: maximum violated by  1.053D+00 in event    4915
 XSEC(96,1) increased to  2.341D-02

 Advisory warning: maximum violated by  1.552D+00 in event    9476
 XSEC(96,1) increased to  3.632D-02
1********* PYSTAT:  Statistics on Number of Events and Cross-sections *********

 ==============================================================================
 I                                  I                            I            I
 I            Subprocess            I      Number of points      I    Sigma   I
 I                                  I                            I            I
 I----------------------------------I----------------------------I    (mb)    I
 I                                  I                            I            I
 I N:o Type                         I    Generated         Tried I            I
 I                                  I                            I            I
 ==============================================================================
 I                                  I                            I            I
 I   0 All included subprocesses    I       500000      11918325 I  7.087D-04 I
 I  11 f + f' -> f + f' (QCD)       I        12541             0 I  1.239D-05 I
 I  12 f + fbar -> f' + fbar'       I          284             0 I  2.730D-07 I
 I  13 f + fbar -> g + g            I          357             0 I  3.465D-07 I
 I  28 f + g -> f + g               I        32780             0 I  3.235D-05 I
 I  53 g + g -> f + fbar            I          378             0 I  3.063D-07 I
 I  68 g + g -> g + g               I        14763             0 I  1.214D-05 I
 I  91 Elastic scattering           I        27644        423483 I  3.769D-05 I
 I  92 Single diffractive (XB)      I        14505        308594 I  1.967D-05 I
 I  93 Single diffractive (AX)      I        11444        250173 I  1.566D-05 I
 I  94 Double  diffractive          I         7979        259277 I  1.027D-05 I
 I  95 Low-pT scattering            I        42392        121935 I  1.069D-04 I
 I  99 q + gamma* -> q              I       305444       1738563 I  4.203D-04 I
 I 131 f + gamma*_T -> f + g        I         9170        133130 I  1.259D-05 I
 I 132 f + gamma*_L -> f + g        I          481          6807 I  6.495D-07 I
 I 135 g + gamma*_T -> f + fbar     I        16405        410288 I  2.245D-05 I
 I 136 g + gamma*_L -> f + fbar     I         3433         67046 I  4.736D-06 I
 I                                  I                            I            I
 ==============================================================================
 I                                  I                            I            I
 I   1 VMD * hadron                 I        86817       5737062 I  1.362D-04 I
 I   2 direct * hadron              I        29489        617271 I  4.043D-05 I
 I   3 anomalous * hadron           I        78250       3825429 I  1.118D-04 I
 I   4 DIS * hadron                 I       305444       1738563 I  4.203D-04 I
 I                                  I                            I            I
 ==============================================================================

 ********* Total number of errors, excluding junctions =        0 *************
 ********* Total number of errors, including junctions =        0 *************
 ********* Total number of warnings =                           0 *************
 ********* Fraction of events that fail fragmentation cuts =  0.03185 *********

1************ PYSTAT: User-Defined Limits on Kinematical Variables ************

 ==============================================================================
 I                                                                            I
 I                 0.000D+00 <  m_hard (GeV/c^2)  <  1.087D+01                I
 I    0.000D+00 ( 1.000D+00) <  p_T_hard (GeV/c)  <  5.436D+00                I
 I                             m_finite (GeV/c^2) =  1.000D+00                I
 I                -1.000D+01 <    y*_subsystem    <  1.000D+01                I
 I                -4.000D+01 <      y*_large      <  4.000D+01                I
 I                -4.000D+01 <      y*_small      <  4.000D+01                I
 I                -4.000D+01 <     eta*_large     <  4.000D+01                I
 I                -4.000D+01 <     eta*_small     <  4.000D+01                I
 I                -1.000D+00 < cos(theta*)_large  <  1.000D+00                I
 I                -1.000D+00 < cos(theta*)_small  <  1.000D+00                I
 I                 0.000D+00 <        x_1         <  1.000D+00                I
 I                 0.000D+00 <        x_2         <  1.000D+00                I
 I                -1.000D+00 <        x_F         <  1.000D+00                I
 I                -1.000D+00 <  cos(theta_hard)   <  1.000D+00                I
 I                 2.000D+00 < m'_hard (GeV/c^2)  <  1.087D+01                I
 I                                                                            I
 ==============================================================================
 The charm mass used is:    1.5000000000000000     
 ===================================================
 Pythia total cross section normalisation:  0.70873205053123534       microbarn
 Total Number of generated events      500000
 Total Number of trials      500000
 ===================================================

 ===== PDFSTA statistics for PDF under/over-flows ====

 ====== STRUCTM statistics for nucleon/pion PDFs =====

   total # of calls    10961903.000000000     
   X  below PDF min    0.0000000000000000       or    0.0000000000000000       %
   X  above PDF max    0.0000000000000000       or    0.0000000000000000       %
   Q2 below PDF min    0.0000000000000000       or    0.0000000000000000       %
   Q2 above PDF max    0.0000000000000000       or    0.0000000000000000       %

 ========= STRUCTP statistics for photon PDFs ========

   total # of calls    0.0000000000000000     

