1                                                                              
 ******************************************************************************
 ******************************************************************************
 **                                                                          **
 **                                                                          **
 **              *......*                  Welcome to the Lund Monte Carlo!  **
 **         *:::!!:::::::::::*                                               **
 **      *::::::!!::::::::::::::*          PPP  Y   Y TTTTT H   H III   A    **
 **    *::::::::!!::::::::::::::::*        P  P  Y Y    T   H   H  I   A A   **
 **   *:::::::::!!:::::::::::::::::*       PPP    Y     T   HHHHH  I  AAAAA  **
 **   *:::::::::!!:::::::::::::::::*       P      Y     T   H   H  I  A   A  **
 **    *::::::::!!::::::::::::::::*!       P      Y     T   H   H III A   A  **
 **      *::::::!!::::::::::::::* !!                                         **
 **      !! *:::!!:::::::::::*    !!       This is PYTHIA version 6.428      **
 **      !!     !* -><- *         !!       Last date of change:  5 Sep 2013  **
 **      !!     !!                !!                                         **
 **      !!     !!                !!       Now is  0 Jan 2000 at  0:00:00    **
 **      !!                       !!                                         **
 **      !!        lh             !!       Disclaimer: this program comes    **
 **      !!                       !!       without any guarantees. Beware    **
 **      !!                 hh    !!       of errors and use common sense    **
 **      !!    ll                 !!       when interpreting results.        **
 **      !!                       !!                                         **
 **      !!                                Copyright T. Sjostrand (2011)     **
 **                                                                          **
 ** An archive of program versions and documentation is found on the web:    **
 ** http://www.thep.lu.se/~torbjorn/Pythia.html                              **
 **                                                                          **
 ** When you cite this program, the official reference is to the 6.4 manual: **
 ** T. Sjostrand, S. Mrenna and P. Skands, JHEP05 (2006) 026                 **
 ** (LU TP 06-13, FERMILAB-PUB-06-052-CD-T) [hep-ph/0603175].                **
 **                                                                          **
 ** Also remember that the program, to a large extent, represents original   **
 ** physics research. Other publications of special relevance to your        **
 ** studies may therefore deserve separate mention.                          **
 **                                                                          **
 ** Main author: Torbjorn Sjostrand; Department of Theoretical Physics,      **
 **   Lund University, Solvegatan 14A, S-223 62 Lund, Sweden;                **
 **   phone: + 46 - 46 - 222 48 16; e-mail: torbjorn@thep.lu.se              **
 ** Author: Stephen Mrenna; Computing Division, GDS Group,                   **
 **   Fermi National Accelerator Laboratory, MS 234, Batavia, IL 60510, USA; **
 **   phone: + 1 - 630 - 840 - 2556; e-mail: mrenna@fnal.gov                 **
 ** Author: Peter Skands; CERN/PH-TH, CH-1211 Geneva, Switzerland            **
 **   phone: + 41 - 22 - 767 24 47; e-mail: peter.skands@cern.ch             **
 **                                                                          **
 **                                                                          **
 ******************************************************************************
 ******************************************************************************
     MSEL           changed from              1 to              2
     MSTP(14)       changed from             30 to             30
     MSTP(15)       changed from              0 to              0
     MSTP(16)       changed from              1 to              1
     MSTP(17)       changed from              4 to              4
     MSTP(18)       changed from              3 to              3
     MSTP(19)       changed from              4 to              1
     MSTP(20)       changed from              3 to              0
     MSTP(32)       changed from              8 to              8
     MSTP(38)       changed from              5 to              4
     MSTP(51)       changed from              7 to          10050
     MSTP(52)       changed from              1 to              2
     MSTP(53)       changed from              3 to              3
     MSTP(54)       changed from              1 to              1
     MSTP(55)       changed from              5 to              5
     MSTP(56)       changed from              1 to              1
     MSTP(57)       changed from              1 to              1
     MSTP(58)       changed from              5 to              5
     MSTP(59)       changed from              1 to              1
     MSTP(60)       changed from              7 to              7
     MSTP(61)       changed from              2 to              2
     MSTP(71)       changed from              1 to              1
     MSTP(81)       changed from              1 to              0
     MSTP(82)       changed from              4 to              1
     MSTP(91)       changed from              1 to              1
     MSTP(92)       changed from              3 to              3
     MSTP(93)       changed from              1 to              1
     MSTP(101)      changed from              3 to              3
     MSTP(102)      changed from              1 to              1
     MSTP(111)      changed from              1 to              1
     MSTP(121)      changed from              0 to              0
     PARP(13)       changed from        1.00000 to        1.00000
     PARP(18)       changed from        0.40000 to        0.40000
     PARP(81)       changed from        1.90000 to        1.90000
     PARP(89)       changed from     1800.00000 to     1800.00000
     PARP(90)       changed from        0.25000 to        0.16000
     PARP(91)       changed from        2.00000 to        0.40000
     PARP(93)       changed from        5.00000 to        5.00000
     PARP(99)       changed from        1.00000 to        0.40000
     PARP(100)      changed from        5.00000 to        5.00000
     PARP(102)      changed from        0.28000 to        0.28000
     PARP(103)      changed from        1.00000 to        1.00000
     PARP(104)      changed from        0.80000 to        0.80000
     PARP(111)      changed from        2.00000 to        2.00000
     PARP(161)      changed from        2.20000 to        3.00000
     PARP(162)      changed from       23.60000 to       24.60000
     PARP(163)      changed from       18.40000 to       18.80000
     PARP(164)      changed from       11.50000 to       11.50000
     PARP(165)      changed from        0.50000 to        0.47679
     PARP(166)      changed from        0.00000 to        0.67597
     PARJ(1)        changed from        0.10000 to        0.10000
     PARJ(2)        changed from        0.30000 to        0.30000
     PARJ(11)       changed from        0.50000 to        0.50000
     PARJ(12)       changed from        0.60000 to        0.60000
     PARJ(21)       changed from        0.36000 to        0.40000
     PARJ(32)       changed from        1.00000 to        1.00000
     PARJ(33)       changed from        0.80000 to        0.80000
     PARJ(41)       changed from        0.30000 to        0.30000
     PARJ(42)       changed from        0.58000 to        0.58000
     PARJ(45)       changed from        0.50000 to        0.50000
     MSTJ(1)        changed from              1 to              1
     MSTJ(12)       changed from              2 to              1
     MSTJ(45)       changed from              5 to              5
     MSTU(112)      changed from              5 to              5
     MSTU(113)      changed from              3 to              5
     MSTU(114)      changed from              5 to              5
     CKIN(1)        changed from        2.00000 to        1.00000
     CKIN(2)        changed from       -1.00000 to       -1.00000
     CKIN(3)        changed from        0.00000 to        0.00000
     CKIN(4)        changed from       -1.00000 to       -1.00000
     CKIN(5)        changed from        1.00000 to        1.00000
     CKIN(6)        changed from        1.00000 to        1.00000
     CKIN(7)        changed from      -10.00000 to      -10.00000
     CKIN(8)        changed from       10.00000 to       10.00000
     CKIN(9)        changed from      -40.00000 to      -40.00000
     CKIN(10)       changed from       40.00000 to       40.00000
     CKIN(11)       changed from      -40.00000 to      -40.00000
     CKIN(12)       changed from       40.00000 to       40.00000
     CKIN(13)       changed from      -40.00000 to      -40.00000
     CKIN(14)       changed from       40.00000 to       40.00000
     CKIN(15)       changed from      -40.00000 to      -40.00000
     CKIN(16)       changed from       40.00000 to       40.00000
     CKIN(17)       changed from       -1.00000 to       -1.00000
     CKIN(18)       changed from        1.00000 to        1.00000
     CKIN(19)       changed from       -1.00000 to       -1.00000
     CKIN(20)       changed from        1.00000 to        1.00000
     CKIN(21)       changed from        0.00000 to        0.00000
     CKIN(22)       changed from        1.00000 to        1.00000
     CKIN(23)       changed from        0.00000 to        0.00000
     CKIN(24)       changed from        1.00000 to        1.00000
     CKIN(25)       changed from       -1.00000 to       -1.00000
     CKIN(26)       changed from        1.00000 to        1.00000
     CKIN(27)       changed from       -1.00000 to       -1.00000
     CKIN(28)       changed from        1.00000 to        1.00000
     CKIN(31)       changed from        2.00000 to        2.00000
     CKIN(32)       changed from       -1.00000 to       -1.00000
     CKIN(35)       changed from        0.00000 to        0.00000
     CKIN(36)       changed from       -1.00000 to       -1.00000
     CKIN(37)       changed from        0.00000 to        0.00000
     CKIN(38)       changed from       -1.00000 to       -1.00000
     CKIN(39)       changed from        4.00000 to        4.00000
     CKIN(40)       changed from       -1.00000 to       -1.00000
     CKIN(65)       changed from        0.00000 to        0.00000
     CKIN(66)       changed from       -1.00000 to       -1.00000
     CKIN(67)       changed from        0.00000 to        0.00000
     CKIN(68)       changed from       -1.00000 to       -1.00000
     CKIN(77)       changed from        2.00000 to        2.00000
     CKIN(78)       changed from       -1.00000 to       -1.00000
 *********************************************
 NOW all parameters are read by PYTHIA
 *********************************************
 SEED =    455444484
 RANLUX LUXURY LEVEL SET BY RLUXGO : 4     P= 389
 RANLUX INITIALIZED BY RLUXGO FROM SEEDS   455444484           0           0
   1385.5467775171937        5.0000000000000000       -1385.5467775171937       -5.00000000    
 *********************************************
 proton beam momentum:   130.000000     GeV
 lepton beam momentum:   5.00000000     GeV
 resulting sqrt(s):   50.999159064654847      GeV
 *********************************************
1****************** PYINIT: initialization of PYTHIA routines *****************
 ==== PYTHIA WILL USE LHAPDF ====
 *************************************
 *       LHAPDF Version 5.9.1        *
 *   Configured for the following:   *
 *             All PDFs              *
 *         FULL MEMORY option        *
 *    Maximum  3 concurrent set(s)   *
 *************************************

 >>>>>> PDF description: <<<<<<
 CTEQ6M                                                          
 Reference:                                                      
 J. Pumplin, D.R. Stump, J. Huston, H.L. Lai, P. Nadolsky,       
 W.K. Tung                                                       
 hep-ph/0201195                                                  
 This set has 41 member PDFs.                                    
     mem=0 --> central value (cteq6m)                            
     mem=1-40 --> 20 sets of +ve/-ve error values                
 >>>>>>                   <<<<<<

 ==============================================
 PDFset name /cvmfs/sft.cern.ch/lcg/external/lhapdfsets/5.9.1/share/PDFsets/cteq6mE.LHgrid   
 with         40 members
 ====  initialized. ===========================
 Strong coupling at Mz for PDF is:  0.11798

 ==============================================================================
 I                                                                            I
 I      PYTHIA will be initialized for gamma/e- on p+ user configuration      I
 I                                                                            I
 I                  px (GeV/c)   py (GeV/c)   pz (GeV/c)      E (GeV)         I
 I        gamma/e-       0.000        0.000       -5.000        5.000         I
 I        p+             0.000        0.000      130.000      130.003         I
 I                                                                            I
 I           corresponding to     50.999 GeV center-of-mass energy            I
 I                                                                            I
 ==============================================================================

 ******** PYMAXI: summary of differential cross-section maximum search ********

           ==========================================================
           I                                      I                 I
           I  ISUB  Subprocess name               I  Maximum value  I
           I                                      I                 I
           ==========================================================
           I                                      I                 I
           I   91   Elastic scattering            I    3.7997D-04   I
           I   92   Single diffractive (XB)       I    3.0335D-04   I
           I   93   Single diffractive (AX)       I    2.4979D-04   I
           I   94   Double  diffractive           I    2.1592D-04   I
           I   95   Low-pT scattering             I    1.8652D-03   I
           I   96   Semihard QCD 2 -> 2           I    1.5214D-02   I
           I                                      I                 I
           ==========================================================

 ******** PYMAXI: summary of differential cross-section maximum search ********

           ==========================================================
           I                                      I                 I
           I  ISUB  Subprocess name               I  Maximum value  I
           I                                      I                 I
           ==========================================================
           I                                      I                 I
           I  131   f + gamma*_T -> f + g         I    1.5905D-04   I
           I  132   f + gamma*_L -> f + g         I    9.0933D-06   I
           I  135   g + gamma*_T -> f + fbar      I    5.3735D-04   I
           I  136   g + gamma*_L -> f + fbar      I    8.4426D-05   I
           I                                      I                 I
           ==========================================================

 ******** PYMAXI: summary of differential cross-section maximum search ********

           ==========================================================
           I                                      I                 I
           I  ISUB  Subprocess name               I  Maximum value  I
           I                                      I                 I
           ==========================================================
           I                                      I                 I
           I   91   Elastic scattering            I    9.3475D-05   I
           I   92   Single diffractive (XB)       I    7.6284D-05   I
           I   93   Single diffractive (AX)       I    6.1116D-05   I
           I   94   Double  diffractive           I    5.3869D-05   I
           I   95   Low-pT scattering             I    4.9033D-04   I
           I   96   Semihard QCD 2 -> 2           I    8.9450D-03   I
           I                                      I                 I
           ==========================================================

 ******** PYMAXI: summary of differential cross-section maximum search ********

           ==========================================================
           I                                      I                 I
           I  ISUB  Subprocess name               I  Maximum value  I
           I                                      I                 I
           ==========================================================
           I                                      I                 I
           I   99   q + gamma* -> q               I    1.6391D-03   I
           I                                      I                 I
           ==========================================================

 ********************** PYINIT: initialization completed **********************
 the outputfile will be named: outfiles/ep_5_130_Q2_100_1000_norad.out                                                                                                                                                                                                                         



                            Event listing (standard)

    I  particle/jet  K(I,1)   K(I,2) K(I,3)     K(I,4)      K(I,5)       P(I,1)       P(I,2)       P(I,3)       P(I,4)       P(I,5)

    1  !e-!              21        11    0           3           4      0.00000      0.00000     -5.00000      5.00000      0.00051
    2  !p+!              21      2212    0           5           0     -0.00000      0.00000    130.00000    130.00339      0.93827
 ==================================================================================================================================
    3  !e-!              21        11    1           0           0      5.69261      7.92671      0.85797      9.79666      0.00051
    4  !gamma!           21        22    1           0           0     -5.69261     -7.92671     -5.85797     -4.79666    -10.32213
    5  !p+!              21      2212    2           0           0     -0.00000     -0.00000    130.00000    130.00339      0.93827
    6  !gamma!           21        22    4           0           0     -5.71070     -7.95191     -5.55792     -4.49323    -10.32213
    7  !u!               21         2    5           0           0      0.00697      0.00970     49.92638     49.92638      0.00000
    8  !gamma!           21        22    6           0           0     -5.71070     -7.95191     -5.55792     -4.49323    -10.32213
    9  !u!               21         2    7           0           0      0.00697      0.00970     49.92638     49.92638      0.00000
   10  !u!               21         2    9           0           0     -5.70374     -7.94221     44.36846     45.43315      0.00000
 ==================================================================================================================================
   11  e-                 1        11    3           0           0      5.69261      7.92671      0.85797      9.79666      0.00051
   12  (ud_0)        A   12      2101    5          15          15     -0.02625      0.37330     75.17674     75.17990      0.57933
   13  (g)           I   12        21   10          15          15      0.06997     -0.31649      0.71194      0.78225      0.00000
   14  (u)           V   11         2   10          15          15     -5.73632     -7.98352     48.25335     49.24457      0.00000
 ==================================================================================================================================
   15  (string)          11        92   12          16          22     -5.69261     -7.92671    124.14203    125.20672     13.04770
   16  p+                 1      2212   15           0           0      0.04402      0.70983     36.47251     36.49151      0.93827
   17  (K*-)             11      -323   15          23          24     -0.16263     -0.22812     22.37880     22.39394      0.77434
   18  (K*0)             11       313   15          25          26     -0.65701     -2.00526     17.26651     17.41976      0.92895
   19  (omega)           11       223   15          27          29     -0.46407     -0.13840      4.16082      4.25798      0.76385
   20  nbar0              1     -2112   15           0           0     -0.75092     -1.50903     13.44817     13.58592      0.93957
   21  p+                 1      2212   15           0           0     -1.66198     -2.30155     16.68370     16.94950      0.93827
   22  (eta)             11       221   15          30          31     -2.04001     -2.45417     13.73151     14.10810      0.54745
   23  (Kbar0)           11      -311   17          32          32     -0.29755     -0.24306     17.18718     17.19868      0.49767
   24  pi-                1      -211   17           0           0      0.13492      0.01493      5.19162      5.19526      0.13957
   25  (K0)              11       311   18          33          33     -0.39202     -1.20005     12.78259     12.85441      0.49767
   26  (pi0)             11       111   18          34          35     -0.26500     -0.80521      4.48393      4.56535      0.13498
   27  pi-                1      -211   19           0           0      0.05776     -0.15261      1.17943      1.19881      0.13957
   28  pi+                1       211   19           0           0     -0.19242     -0.07343      1.92401      1.94003      0.13957
   29  (pi0)             11       111   19          36          37     -0.32942      0.08764      1.05738      1.11914      0.13498
   30  gamma              1        22   22           0           0     -0.04690     -0.19766      1.38484      1.39966      0.00000
   31  gamma              1        22   22           0           0     -1.99311     -2.25651     12.34667     12.70844      0.00000
   32  (K_S0)            11       310   23          38          39     -0.29755     -0.24306     17.18718     17.19868      0.49767
   33  (K_S0)            11       310   25          40          41     -0.39202     -1.20005     12.78259     12.85441      0.49767
   34  gamma              1        22   26           0           0     -0.28105     -0.75250      4.19951      4.27564      0.00000
   35  gamma              1        22   26           0           0      0.01605     -0.05271      0.28442      0.28971      0.00000
   36  gamma              1        22   29           0           0     -0.04100      0.06381      0.26135      0.27213      0.00000
   37  gamma              1        22   29           0           0     -0.28842      0.02383      0.79604      0.84701      0.00000
   38  pi+                1       211   32           0           0     -0.16268     -0.23587      5.10758      5.11752      0.13957
   39  pi-                1      -211   32           0           0     -0.13488     -0.00718     12.07960     12.08116      0.13957
   40  pi+                1       211   33           0           0      0.03216     -0.28962      4.12770      4.14033      0.13957
   41  pi-                1      -211   33           0           0     -0.42417     -0.91043      8.65489      8.71409      0.13957
 ==================================================================================================================================
                   sum charge:  0.00   sum momentum and inv. mass:      0.00000      0.00000    125.00000    135.00339     50.99916



                            Event listing (standard)

    I  particle/jet  K(I,1)   K(I,2) K(I,3)     K(I,4)      K(I,5)       P(I,1)       P(I,2)       P(I,3)       P(I,4)       P(I,5)

    1  !e-!              21        11    0           3           4      0.00000      0.00000     -5.00000      5.00000      0.00051
    2  !p+!              21      2212    0           5           0     -0.00000      0.00000    130.00000    130.00339      0.93827
 ==================================================================================================================================
    3  !e-!              21        11    1           0           0     -5.55694      7.72047      0.60371      9.53151      0.00051
    4  !gamma!           21        22    1           0           0      5.55694     -7.72047     -5.60371     -4.53151    -10.06739
    5  !p+!              21      2212    2           0           0      0.00000     -0.00000    130.00000    130.00339      0.93827
    6  !gamma!           21        22    4           0           0      5.57443     -7.74477     -5.32426     -4.24868    -10.06739
    7  !dbar!            21        -1    5           0           0     -0.00634      0.00881     47.01882     47.01882      0.00000
    8  !gamma!           21        22    6           0           0      5.57443     -7.74477     -5.32426     -4.24868    -10.06739
    9  !dbar!            21        -1    7           0           0     -0.00634      0.00881     47.01882     47.01882      0.00000
   10  !dbar!            21        -1    9           0           0      5.56809     -7.73596     41.69456     42.77014      0.00000
 ==================================================================================================================================
   11  (Delta+)          11      2214    5          16          17     -0.20454     -0.28680     43.73444     43.75379      1.25229
   12  e-                 1        11    3           0           0     -5.55694      7.72047      0.60371      9.53151      0.00051
   13  (d)           A   12         1    5          18          18     -0.01176     -0.08257     39.14658     39.14806      0.33000
   14  (g)           I   12        21   10          18          18      2.28338     -3.67883     20.57660     21.02722      0.00000
   15  (dbar)        V   11        -1   10          18          18      3.48986     -3.67227     20.93866     21.54280      0.00000
 ==================================================================================================================================
   16  p+                 1      2212   11           0           0     -0.38181     -0.29459     38.75393     38.76828      0.93827
   17  (pi0)             11       111   11          24          25      0.17727      0.00779      4.98051      4.98550      0.13498
   18  (string)          11        92   13          19          23      5.76148     -7.43367     80.66184     81.71809      9.11363
   19  (omega)           11       223   18          26          28     -0.03160     -0.63357     15.53870     15.57100      0.77603
   20  (eta)             11       221   18          29          31      0.69491      0.17891     24.95823     24.97454      0.54745
   21  (rho-)            11      -213   18          32          33      0.99659     -1.63017     12.03352     12.23785      1.14398
   22  (pi0)             11       111   18          34          36      1.87107     -2.71782     14.75443     15.11948      0.13498
   23  pi+                1       211   18           0           0      2.23051     -2.63101     13.37697     13.81521      0.13957
   24  gamma              1        22   17           0           0      0.18686      0.03566      3.96638      3.97094      0.00000
   25  gamma              1        22   17           0           0     -0.00958     -0.02788      1.01413      1.01456      0.00000
   26  pi+                1       211   19           0           0     -0.11289     -0.52794      8.84654      8.86410      0.13957
   27  pi-                1      -211   19           0           0      0.07784     -0.15364      5.71362      5.71792      0.13957
   28  (pi0)             11       111   19          37          38      0.00345      0.04801      0.97854      0.98898      0.13498
   29  pi+                1       211   20           0           0      0.11630     -0.00234      2.66201      2.66821      0.13957
   30  pi-                1      -211   20           0           0      0.20529      0.08050      9.37744      9.38107      0.13957
   31  (pi0)             11       111   20          39          40      0.37331      0.10075     12.91878     12.92527      0.13498
   32  pi-                1      -211   21           0           0      0.39015     -1.28738      9.83773      9.93025      0.13957
   33  (pi0)             11       111   21          41          42      0.60644     -0.34279      2.19579      2.30760      0.13498
   34  gamma              1        22   22           0           0      0.17842     -0.23023      1.15193      1.18818      0.00000
   35  e+                 1       -11   22           0           0      0.53190     -0.78252      4.27596      4.37939      0.00051
   36  e-                 1        11   22           0           0      1.16075     -1.70507      9.32654      9.55191      0.00051
   37  gamma              1        22   28           0           0     -0.04969     -0.01692      0.53530      0.53787      0.00000
   38  gamma              1        22   28           0           0      0.05313      0.06493      0.44324      0.45111      0.00000
   39  gamma              1        22   31           0           0      0.08419     -0.01547      1.68892      1.69109      0.00000
   40  gamma              1        22   31           0           0      0.28913      0.11622     11.22986     11.23418      0.00000
   41  gamma              1        22   33           0           0      0.59948     -0.35205      2.17883      2.28706      0.00000
   42  gamma              1        22   33           0           0      0.00696      0.00926      0.01696      0.02054      0.00000
 ==================================================================================================================================
                   sum charge:  0.00   sum momentum and inv. mass:      0.00000     -0.00000    125.00000    135.00339     50.99916



                            Event listing (standard)

    I  particle/jet  K(I,1)   K(I,2) K(I,3)     K(I,4)      K(I,5)       P(I,1)       P(I,2)       P(I,3)       P(I,4)       P(I,5)

    1  !e-!              21        11    0           3           4      0.00000      0.00000     -5.00000      5.00000      0.00051
    2  !p+!              21      2212    0           5           0     -0.00000      0.00000    130.00000    130.00339      0.93827
 ==================================================================================================================================
    3  !e-!              21        11    1           0           0     -2.83147     11.72790      9.46511     15.33458      0.00051
    4  !gamma!           21        22    1           0           0      2.83147    -11.72790    -14.46511    -10.33458    -15.74792
    5  !p+!              21      2212    2           0           0     -0.00000      0.00000    130.00000    130.00339      0.93827
    6  !gamma!           21        22    4           0           0      2.83379    -11.73751    -14.42779    -10.29387    -15.74792
    7  !d!               21         1    5           0           0     -0.00054      0.00222     29.98871     29.98871      0.00000
    8  !gamma!           21        22    6           0           0      2.83379    -11.73751    -14.42779    -10.29387    -15.74792
    9  !d!               21         1    7           0           0     -0.00054      0.00222     29.98871     29.98871      0.00000
   10  !d!               21         1    9           0           0      2.83326    -11.73529     15.56092     19.69484      0.00000
 ==================================================================================================================================
   11  e-                 1        11    3           0           0     -2.83147     11.72790      9.46511     15.33458      0.00051
   12  (d)           A   12         1   10          14          14      2.83859    -11.65479     15.35096     19.48188      0.00000
   13  (uu_1)        V   11      2203    5          14          14     -0.00712     -0.07311    100.18393    100.18693      0.77133
 ==================================================================================================================================
   14  (string)          11        92   12          15          18      2.83147    -11.72790    115.53489    119.66881     28.75330
   15  (omega)           11       223   14          19          21      1.66571     -7.38801      9.30244     12.02103      0.78260
   16  (K0)              11       311   14          22          22      0.57891     -1.17705      3.12932      3.42941      0.49767
   17  (K*-)             11      -323   14          23          24      0.76710     -3.25687      5.03150      6.13854      1.08168
   18  (Delta++)         11      2224   14          25          26     -0.18025      0.09402     98.07163     98.07982      1.25155
   19  pi-                1      -211   15           0           0      0.85553     -3.16704      4.13821      5.28265      0.13957
   20  pi+                1       211   15           0           0      0.43328     -2.14581      2.96571      3.68879      0.13957
   21  (pi0)             11       111   15          27          28      0.37690     -2.07515      2.19853      3.04960      0.13498
   22  (K_S0)            11       310   16          29          30      0.57891     -1.17705      3.12932      3.42941      0.49767
   23  K-                 1      -321   17           0           0      0.32970     -1.88789      3.58531      4.09523      0.49360
   24  (pi0)             11       111   17          31          32      0.43739     -1.36898      1.44619      2.04331      0.13498
   25  p+                 1      2212   18           0           0     -0.31648      0.23275     73.66164     73.66866      0.93827
   26  pi+                1       211   18           0           0      0.13624     -0.13872     24.40999     24.41116      0.13957
   27  gamma              1        22   21           0           0      0.20442     -1.34588      1.34326      1.91246      0.00000
   28  gamma              1        22   21           0           0      0.17248     -0.72927      0.85527      1.13714      0.00000
   29  pi+                1       211   22           0           0      0.23979     -0.64053      1.14099      1.33758      0.13957
   30  pi-                1      -211   22           0           0      0.33912     -0.53652      1.98833      2.09183      0.13957
   31  gamma              1        22   24           0           0      0.26430     -0.64443      0.64489      0.94923      0.00000
   32  gamma              1        22   24           0           0      0.17309     -0.72454      0.80130      1.09408      0.00000
 ==================================================================================================================================
                   sum charge:  0.00   sum momentum and inv. mass:      0.00000     -0.00000    125.00000    135.00339     50.99916



                            Event listing (standard)

    I  particle/jet  K(I,1)   K(I,2) K(I,3)     K(I,4)      K(I,5)       P(I,1)       P(I,2)       P(I,3)       P(I,4)       P(I,5)

    1  !e-!              21        11    0           3           4      0.00000      0.00000     -5.00000      5.00000      0.00051
    2  !p+!              21      2212    0           5           0     -0.00000      0.00000    130.00000    130.00339      0.93827
 ==================================================================================================================================
    3  !e-!              21        11    1           0           0     -1.10138      8.31349      3.71364      9.17160      0.00051
    4  !gamma!           21        22    1           0           0      1.10138     -8.31349     -8.71364     -4.17160    -11.35132
    5  !p+!              21      2212    2           0           0     -0.00000     -0.00000    130.00000    130.00339      0.93827
    6  !gamma!           21        22    4           0           0      1.10220     -8.31969     -8.69899     -4.15357    -11.35132
    7  !d!               21         1    5           0           0     -0.00009      0.00068     14.17261     14.17261      0.00000
    8  !gamma!           21        22    6           0           0      1.10220     -8.31969     -8.69899     -4.15357    -11.35132
    9  !d!               21         1    7           0           0     -0.00009      0.00068     14.17261     14.17261      0.00000
   10  !d!               21         1    9           0           0      1.10211     -8.31901      5.47361     10.01904      0.00000
 ==================================================================================================================================
   11  e-                 1        11    3           0           0     -1.10138      8.31349      3.71364      9.17160      0.00051
   12  (uu_1)        A   12      2203    5          15          15     -0.48760     -0.05236    114.45681    114.46046      0.77133
   13  (g)           I   12        21   10          15          15     -0.77453     -0.40535      0.47851      0.99659      0.00000
   14  (d)           V   11         1   10          15          15      2.36352     -7.85578      6.35105     10.37474      0.00000
 ==================================================================================================================================
   15  (string)          11        92   12          16          24      1.10138     -8.31349    121.28636    125.83178     32.44886
   16  (Delta+)          11      2214   15          25          26     -0.01683     -0.15662     46.49210     46.50937      1.25756
   17  nbar0              1     -2112   15           0           0     -0.78050      0.70999     56.28113     56.29886      0.93957
   18  n0                 1      2112   15           0           0      0.47560     -0.58779      8.31220      8.39923      0.93957
   19  (K*bar0)          11      -313   15          27          28     -0.03912     -0.64223      1.68339      2.01519      0.90178
   20  (K*+)             11       323   15          29          30     -0.17939     -1.46379      1.66743      2.40843      0.91942
   21  (pi0)             11       111   15          31          32      0.42327      0.15360      0.95605      1.06536      0.13498
   22  (rho0)            11       113   15          33          34     -0.49840     -0.80174      1.11394      1.56701      0.56874
   23  (rho-)            11      -213   15          35          36      1.05706     -3.24845      2.82113      4.49046      0.73188
   24  (pi0)             11       111   15          37          38      0.65969     -2.27644      1.95901      3.07787      0.13498
   25  p+                 1      2212   16           0           0      0.03035      0.12938     34.76528     34.77819      0.93827
   26  (pi0)             11       111   16          39          40     -0.04718     -0.28600     11.72681     11.73117      0.13498
   27  K-                 1      -321   19           0           0      0.26779     -0.35339      1.03225      1.22710      0.49360
   28  pi+                1       211   19           0           0     -0.30691     -0.28884      0.65114      0.78809      0.13957
   29  (K0)              11       311   20          41          41     -0.23615     -0.50203      0.54905      0.92571      0.49767
   30  pi+                1       211   20           0           0      0.05677     -0.96176      1.11838      1.48272      0.13957
   31  gamma              1        22   21           0           0      0.09492      0.08000      0.36117      0.38191      0.00000
   32  gamma              1        22   21           0           0      0.32835      0.07360      0.59487      0.68345      0.00000
   33  pi-                1      -211   22           0           0     -0.55424     -0.56428      0.94041      1.23671      0.13957
   34  pi+                1       211   22           0           0      0.05584     -0.23746      0.17353      0.33030      0.13957
   35  pi-                1      -211   23           0           0      0.90704     -3.10837      2.69044      4.21220      0.13957
   36  (pi0)             11       111   23          42          43      0.15002     -0.14009      0.13069      0.27826      0.13498
   37  gamma              1        22   24           0           0      0.38883     -1.19475      0.96838      1.58631      0.00000
   38  gamma              1        22   24           0           0      0.27086     -1.08169      0.99063      1.49156      0.00000
   39  gamma              1        22   26           0           0      0.00916     -0.24889      8.47514      8.47880      0.00000
   40  gamma              1        22   26           0           0     -0.05634     -0.03711      3.25167      3.25237      0.00000
   41  (K_S0)            11       310   29          44          45     -0.23615     -0.50203      0.54905      0.92571      0.49767
   42  gamma              1        22   36           0           0      0.10407     -0.15943      0.07808      0.20578      0.00000
   43  gamma              1        22   36           0           0      0.04596      0.01935      0.05260      0.07248      0.00000
   44  (pi0)             11       111   41          46          47     -0.08685     -0.20320     -0.01167      0.25921      0.13498
   45  (pi0)             11       111   41          48          49     -0.14930     -0.29883      0.56072      0.66650      0.13498
   46  gamma              1        22   44           0           0     -0.02053     -0.05216     -0.06501      0.08584      0.00000
   47  gamma              1        22   44           0           0     -0.06632     -0.15104      0.05334      0.17337      0.00000
   48  gamma              1        22   45           0           0      0.02120     -0.08050      0.12598      0.15100      0.00000
   49  gamma              1        22   45           0           0     -0.17050     -0.21833      0.43474      0.51550      0.00000
 ==================================================================================================================================
                   sum charge:  0.00   sum momentum and inv. mass:      0.00000     -0.00000    125.00000    135.00339     50.99916



                            Event listing (standard)

    I  particle/jet  K(I,1)   K(I,2) K(I,3)     K(I,4)      K(I,5)       P(I,1)       P(I,2)       P(I,3)       P(I,4)       P(I,5)

    1  !e-!              21        11    0           3           4      0.00000      0.00000     -5.00000      5.00000      0.00051
    2  !p+!              21      2212    0           5           0     -0.00000      0.00000    130.00000    130.00339      0.93827
 ==================================================================================================================================
    3  !e-!              21        11    1           0           0      8.63421     -2.86605      0.89974      9.14185      0.00051
    4  !gamma!           21        22    1           0           0     -8.63421      2.86605     -5.89974     -4.14185    -10.02077
    5  !p+!              21      2212    2           0           0     -0.00000      0.00000    130.00000    130.00339      0.93827
    6  !gamma!           21        22    4           0           0     -8.65082      2.87156     -5.80130     -4.04002    -10.02077
    7  !u!               21         2    5           0           0      0.00364     -0.00121     28.48667     28.48667      0.00000
    8  !gamma!           21        22    6           0           0     -8.65082      2.87156     -5.80130     -4.04002    -10.02077
    9  !u!               21         2    7           0           0      0.00364     -0.00121     28.48667     28.48667      0.00000
   10  !u!               21         2    9           0           0     -8.64718      2.87035     22.68537     24.44665      0.00000
 ==================================================================================================================================
   11  e-                 1        11    3           0           0      8.63421     -2.86605      0.89974      9.14185      0.00051
   12  (ud_0)        A   12      2101    5          16          16     -0.05184      0.13383     90.48807     90.49003      0.57933
   13  (g)           I   12        21   10          16          16     -2.76077      0.24204     16.82978     17.05643      0.00000
   14  (g)           I   12        21   10          16          16     -0.35933     -0.51646      4.46853      4.51261      0.00000
   15  (u)           V   11         2   10          16          16     -5.46228      3.00664     12.31388     13.80246      0.00000
 ==================================================================================================================================
   16  (string)          11        92   12          17          24     -8.63421      2.86605    124.10026    125.86154     18.90737
   17  p+                 1      2212   16           0           0      0.05064      0.21595     57.30547     57.31358      0.93827
   18  (rho-)            11      -213   16          25          26     -0.70412     -0.26138     17.35754     17.39264      0.80971
   19  (rho0)            11       113   16          27          28     -0.61690      0.88368     15.00648     15.06701      0.81178
   20  (K*bar0)          11      -313   16          29          30     -0.83531     -0.87920     14.10151     14.17863      0.84271
   21  (K0)              11       311   16          31          31     -0.98206      0.21433      3.32600      3.51004      0.49767
   22  (rho+)            11       213   16          32          33     -1.86345      1.22662      8.42986      8.76140      0.85003
   23  (rho-)            11      -213   16          34          35     -0.67932      0.31492      0.92163      1.29730      0.52244
   24  (rho+)            11       213   16          36          37     -3.00369      1.15114      7.65176      8.34094      0.82122
   25  pi-                1      -211   18           0           0     -0.51932     -0.19221     16.22952     16.23957      0.13957
   26  (pi0)             11       111   18          38          39     -0.18480     -0.06917      1.12802      1.15307      0.13498
   27  pi-                1      -211   19           0           0     -0.58210      0.96294     11.26157     11.31850      0.13957
   28  pi+                1       211   19           0           0     -0.03481     -0.07926      3.74491      3.74851      0.13957
   29  K-                 1      -321   20           0           0     -0.75606     -0.82565     10.14672     10.22022      0.49360
   30  pi+                1       211   20           0           0     -0.07925     -0.05355      3.95479      3.95841      0.13957
   31  (K_S0)            11       310   21          40          41     -0.98206      0.21433      3.32600      3.51004      0.49767
   32  pi+                1       211   22           0           0     -1.18001      1.19374      5.67886      5.92338      0.13957
   33  (pi0)             11       111   22          42          43     -0.68343      0.03288      2.75100      2.83802      0.13498
   34  pi-                1      -211   23           0           0     -0.53199      0.41551      0.69670      0.98007      0.13957
   35  (pi0)             11       111   23          44          45     -0.14733     -0.10059      0.22493      0.31723      0.13498
   36  pi+                1       211   24           0           0     -2.27146      1.08659      5.22600      5.80265      0.13957
   37  (pi0)             11       111   24          46          47     -0.73223      0.06455      2.42576      2.53828      0.13498
   38  gamma              1        22   26           0           0      0.02158     -0.00399      0.13212      0.13393      0.00000
   39  gamma              1        22   26           0           0     -0.20638     -0.06518      0.99590      1.01915      0.00000
   40  (pi0)             11       111   31          48          49     -0.21605     -0.11021      0.75394      0.80341      0.13498
   41  (pi0)             11       111   31          50          51     -0.76601      0.32453      2.57207      2.70663      0.13498
   42  gamma              1        22   33           0           0     -0.15354      0.06327      0.70628      0.72554      0.00000
   43  gamma              1        22   33           0           0     -0.52989     -0.03039      2.04472      2.11248      0.00000
   44  gamma              1        22   35           0           0     -0.12400     -0.13418      0.18005      0.25652      0.00000
   45  gamma              1        22   35           0           0     -0.02333      0.03359      0.04488      0.06072      0.00000
   46  gamma              1        22   37           0           0     -0.56432      0.10493      1.90894      1.99337      0.00000
   47  gamma              1        22   37           0           0     -0.16791     -0.04038      0.51683      0.54492      0.00000
   48  gamma              1        22   40           0           0     -0.22109     -0.12731      0.73173      0.77493      0.00000
   49  gamma              1        22   40           0           0      0.00504      0.01710      0.02220      0.02847      0.00000
   50  gamma              1        22   41           0           0     -0.01388      0.00364      0.14082      0.14155      0.00000
   51  gamma              1        22   41           0           0     -0.75213      0.32089      2.43124      2.56508      0.00000
 ==================================================================================================================================
                   sum charge:  0.00   sum momentum and inv. mass:      0.00000     -0.00000    125.00000    135.00339     50.99916



                            Event listing (standard)

    I  particle/jet  K(I,1)   K(I,2) K(I,3)     K(I,4)      K(I,5)       P(I,1)       P(I,2)       P(I,3)       P(I,4)       P(I,5)

    1  !e-!              21        11    0           3           4      0.00000      0.00000     -5.00000      5.00000      0.00051
    2  !p+!              21      2212    0           5           0     -0.00000      0.00000    130.00000    130.00339      0.93827
 ==================================================================================================================================
    3  !e-!              21        11    1           0           0     -1.76028     -1.94604     17.95904     18.14973      0.00051
    4  !gamma!           21        22    1           0           0      1.76028      1.94604    -22.95904    -13.14973    -19.00231
    5  !p+!              21      2212    2           0           0     -0.00000      0.00000    130.00000    130.00339      0.93827
    6  !gamma!           21        22    4           0           0      1.76089      1.94671    -22.95426    -13.14156    -19.00231
    7  !ubar!            21        -2    5           0           0     -0.00009     -0.00010     18.39897     18.39897      0.00000
    8  !gamma!           21        22    6           0           0      1.76089      1.94671    -22.95426    -13.14156    -19.00231
    9  !ubar!            21        -2    7           0           0     -0.00009     -0.00010     18.39897     18.39897      0.00000
   10  !ubar!            21        -2    9           0           0      1.76080      1.94661     -4.55528      5.25741      0.00000
 ==================================================================================================================================
   11  p+                 1      2212    5           0           0     -0.35361      0.41934     19.66823     19.69823      0.93827
   12  e-                 1        11    3           0           0     -1.76028     -1.94604     17.95904     18.14973      0.00051
   13  (u)           A   12         2    5          17          17      0.20200     -0.85070     90.48926     90.49409      0.33000
   14  (g)           I   12        21   10          17          17      0.62470     -0.34811      1.13857      1.34453      0.00000
   15  (g)           I   12        21   10          17          17      0.16872      1.54749     -1.90898      2.46321      0.00000
   16  (ubar)        V   11        -2   10          17          17      1.11848      1.17801     -2.34612      2.85359      0.00000
 ==================================================================================================================================
   17  (string)          11        92   13          18          28      2.11389      1.52669     87.37274     97.15543     42.40733
   18  (rho0)            11       113   17          29          30     -0.43767     -0.75189     35.10333     35.12183      0.73671
   19  (rho0)            11       113   17          31          32      0.45490     -0.53331     24.66487     24.68558      0.72834
   20  (pi0)             11       111   17          33          34      0.33450      0.60125     18.12594     18.13950      0.13498
   21  (K*+)             11       323   17          35          36      0.19113     -0.34035      7.81106      7.87293      0.90444
   22  (Kbar0)           11      -311   17          37          37     -0.32996      0.29050      0.90128      1.11948      0.49767
   23  (rho0)            11       113   17          38          39      0.32869     -0.42984      2.51687      2.68404      0.75937
   24  (rho0)            11       113   17          40          41     -0.26503      0.18099      0.50444      0.99198      0.79157
   25  (rho-)            11      -213   17          42          43      0.47494      0.32583     -0.00849      0.94933      0.75460
   26  (rho0)            11       113   17          44          45      0.60738      0.39839      0.77118      1.27201      0.70402
   27  (rho0)            11       113   17          46          47     -0.58087      0.66322     -1.26918      1.72897      0.77539
   28  (omega)           11       223   17          48          50      1.33588      1.12190     -1.74856      2.58977      0.77858
   29  pi+                1       211   18           0           0      0.01072      0.09652      4.96764      4.97054      0.13957
   30  pi-                1      -211   18           0           0     -0.44838     -0.84841     30.13569     30.15129      0.13957
   31  pi-                1      -211   19           0           0      0.26081      0.08701      5.01989      5.02935      0.13957
   32  pi+                1       211   19           0           0      0.19409     -0.62032     19.64498     19.65622      0.13957
   33  gamma              1        22   20           0           0      0.04112      0.11027      2.04106      2.04445      0.00000
   34  gamma              1        22   20           0           0      0.29338      0.49098     16.08488     16.09505      0.00000
   35  (K0)              11       311   21          51          51     -0.05338     -0.15298      2.67329      2.72404      0.49767
   36  pi+                1       211   21           0           0      0.24451     -0.18737      5.13777      5.14889      0.13957
   37  (K_S0)            11       310   22          52          53     -0.32996      0.29050      0.90128      1.11948      0.49767
   38  pi-                1      -211   23           0           0      0.36655     -0.38077      0.85269      1.01287      0.13957
   39  pi+                1       211   23           0           0     -0.03786     -0.04907      1.66418      1.67118      0.13957
   40  pi+                1       211   24           0           0     -0.04725     -0.19131      0.48079      0.53803      0.13957
   41  pi-                1      -211   24           0           0     -0.21778      0.37230      0.02365      0.45396      0.13957
   42  pi-                1      -211   25           0           0      0.14463     -0.19146      0.12892      0.30606      0.13957
   43  (pi0)             11       111   25          54          55      0.33031      0.51729     -0.13742      0.64327      0.13498
   44  pi+                1       211   26           0           0      0.05807      0.34469      0.53849      0.65699      0.13957
   45  pi-                1      -211   26           0           0      0.54931      0.05370      0.23270      0.61502      0.13957
   46  pi+                1       211   27           0           0     -0.42568      0.52142     -1.30414      1.47423      0.13957
   47  pi-                1      -211   27           0           0     -0.15518      0.14180      0.03496      0.25474      0.13957
   48  pi-                1      -211   28           0           0      0.12005      0.07769     -0.25439      0.32349      0.13957
   49  pi+                1       211   28           0           0      1.01003      1.04003     -1.30902      1.95828      0.13957
   50  (pi0)             11       111   28          56          57      0.20579      0.00419     -0.18514      0.30800      0.13498
   51  K_L0               1       130   35           0           0     -0.05338     -0.15298      2.67329      2.72404      0.49767
   52  pi+                1       211   37           0           0      0.00058      0.22051      0.20054      0.32912      0.13957
   53  pi-                1      -211   37           0           0     -0.33055      0.06999      0.70074      0.79036      0.13957
   54  gamma              1        22   43           0           0      0.18552      0.16835     -0.06080      0.25779      0.00000
   55  gamma              1        22   43           0           0      0.14479      0.34894     -0.07661      0.38548      0.00000
   56  gamma              1        22   50           0           0      0.18839      0.05146     -0.15473      0.24916      0.00000
   57  gamma              1        22   50           0           0      0.01740     -0.04727     -0.03041      0.05885      0.00000
 ==================================================================================================================================
                   sum charge:  0.00   sum momentum and inv. mass:     -0.00000     -0.00000    125.00000    135.00339     50.99916



                            Event listing (standard)

    I  particle/jet  K(I,1)   K(I,2) K(I,3)     K(I,4)      K(I,5)       P(I,1)       P(I,2)       P(I,3)       P(I,4)       P(I,5)

    1  !e-!              21        11    0           3           4      0.00000      0.00000     -5.00000      5.00000      0.00051
    2  !p+!              21      2212    0           5           0     -0.00000      0.00000    130.00000    130.00339      0.93827
 ==================================================================================================================================
    3  !e-!              21        11    1           0           0     -7.81512     -7.18314      2.37046     10.87624      0.00051
    4  !gamma!           21        22    1           0           0      7.81512      7.18314     -7.37046     -5.87624    -11.50943
    5  !p+!              21      2212    2           0           0      0.00000      0.00000    130.00000    130.00339      0.93827
    6  !gamma!           21        22    4           0           0      7.83279      7.19938     -7.18688     -5.68928    -11.50943
    7  !u!               21         2    5           0           0     -0.00601     -0.00553     44.16838     44.16838      0.00000
    8  !gamma!           21        22    6           0           0      7.83279      7.19938     -7.18688     -5.68928    -11.50943
    9  !u!               21         2    7           0           0     -0.00601     -0.00553     44.16838     44.16838      0.00000
   10  !u!               21         2    9           0           0      7.82677      7.19385     36.98150     38.47910      0.00000
 ==================================================================================================================================
   11  e-                 1        11    3           0           0     -7.81512     -7.18314      2.37046     10.87624      0.00051
   12  (ud_0)        A   12      2101    5          15          15      0.07019      0.14297     83.88795     83.89010      0.57933
   13  (g)           I   12        21   10          15          15     -0.14381      0.52565      1.06837      1.19934      0.00000
   14  (u)           V   11         2   10          15          15      7.88873      6.51452     37.67323     39.03771      0.00000
 ==================================================================================================================================
   15  (string)          11        92   12          16          21      7.81512      7.18314    122.62954    124.12715     16.02717
   16  p+                 1      2212   15           0           0      0.55545      0.31749     44.70640     44.72082      0.93827
   17  (rho-)            11      -213   15          22          23     -0.55153     -0.10112     27.76776     27.78289      0.72544
   18  (rho+)            11       213   15          24          25     -0.21133      0.39534      9.65972      9.70262      0.79352
   19  pi-                1      -211   15           0           0      1.09223      0.16394      4.99375      5.11633      0.13957
   20  (omega)           11       223   15          26          28      1.15932      1.72540      7.88938      8.19708      0.79299
   21  (rho+)            11       213   15          29          30      5.77097      4.68209     27.61254     28.60741      0.83969
   22  pi-                1      -211   17           0           0     -0.10669      0.26994      9.83534      9.84061      0.13957
   23  (pi0)             11       111   17          31          32     -0.44483     -0.37106     17.93242     17.94228      0.13498
   24  pi+                1       211   18           0           0     -0.13057      0.14896      0.75143      0.78954      0.13957
   25  (pi0)             11       111   18          33          34     -0.08076      0.24638      8.90829      8.91308      0.13498
   26  pi-                1      -211   20           0           0      0.14216      0.48042      2.12740      2.19005      0.13957
   27  pi+                1       211   20           0           0      0.06423      0.30243      0.89725      0.95923      0.13957
   28  (pi0)             11       111   20          35          36      0.95293      0.94255      4.86473      5.04780      0.13498
   29  pi+                1       211   21           0           0      4.39293      3.79685     22.47949     23.21769      0.13957
   30  (pi0)             11       111   21          37          38      1.37804      0.88524      5.13305      5.38972      0.13498
   31  gamma              1        22   23           0           0     -0.39358     -0.26027     14.62453     14.63214      0.00000
   32  gamma              1        22   23           0           0     -0.05126     -0.11079      3.30789      3.31014      0.00000
   33  gamma              1        22   25           0           0     -0.03267      0.23030      6.28180      6.28610      0.00000
   34  gamma              1        22   25           0           0     -0.04809      0.01608      2.62649      2.62698      0.00000
   35  gamma              1        22   28           0           0      0.79246      0.79632      4.24499      4.39114      0.00000
   36  gamma              1        22   28           0           0      0.16047      0.14623      0.61974      0.65667      0.00000
   37  gamma              1        22   30           0           0      1.29966      0.86002      4.80085      5.04746      0.00000
   38  gamma              1        22   30           0           0      0.07838      0.02521      0.33221      0.34226      0.00000
 ==================================================================================================================================
                   sum charge:  0.00   sum momentum and inv. mass:     -0.00000     -0.00000    125.00000    135.00339     50.99916



                            Event listing (standard)

    I  particle/jet  K(I,1)   K(I,2) K(I,3)     K(I,4)      K(I,5)       P(I,1)       P(I,2)       P(I,3)       P(I,4)       P(I,5)

    1  !e-!              21        11    0           3           4      0.00000      0.00000     -5.00000      5.00000      0.00051
    2  !p+!              21      2212    0           5           0     -0.00000      0.00000    130.00000    130.00339      0.93827
 ==================================================================================================================================
    3  !e-!              21        11    1           0           0     -7.07910      5.54781      1.81426      9.17515      0.00051
    4  !gamma!           21        22    1           0           0      7.07910     -5.54781     -6.81426     -4.17515    -10.48304
    5  !p+!              21      2212    2           0           0      0.00000      0.00000    130.00000    130.00339      0.93827
    6  !gamma!           21        22    4           0           0      7.08818     -5.55493     -6.76963     -4.12714    -10.48304
    7  !u!               21         2    5           0           0     -0.00145      0.00114     20.78740     20.78740      0.00000
    8  !gamma!           21        22    6           0           0      7.08818     -5.55493     -6.76963     -4.12714    -10.48304
    9  !u!               21         2    7           0           0     -0.00145      0.00114     20.78740     20.78740      0.00000
   10  !u!               21         2    9           0           0      7.08673     -5.55379     14.01777     16.66026      0.00000
 ==================================================================================================================================
   11  e-                 1        11    3           0           0     -7.07910      5.54781      1.81426      9.17515      0.00051
   12  (ud_0)        A   12      2101    5          18          18      0.33219     -0.06123    105.81329    105.81541      0.57933
   13  (g)           I   12        21   10          18          18     -0.43900     -0.16293      1.79431      1.85441      0.00000
   14  (g)           I   12        21   10          18          18      0.37538     -0.42586      1.89915      1.98218      0.00000
   15  (g)           I   12        21   10          18          18      1.22982     -0.46322      3.19563      3.45530      0.00000
   16  (g)           I   12        21   10          18          18      2.63635     -2.22871      5.98998      6.91356      0.00000
   17  (u)           V   11         2   10          18          18      2.94435     -2.20586      4.49339      5.80738      0.00000
 ==================================================================================================================================
   18  (string)          11        92   12          19          26      7.07910     -5.54781    123.18574    125.82823     24.02341
   19  n0                 1      2112   18           0           0      0.00827      0.18344     52.09220     52.10099      0.93957
   20  pi+                1       211   18           0           0      0.05596     -0.48044     14.01410     14.02314      0.13957
   21  (omega)           11       223   18          27          29      1.43847     -0.23111     35.35798     35.39627      0.76562
   22  pi-                1      -211   18           0           0     -1.00355     -0.18163      8.09217      8.15737      0.13957
   23  (omega)           11       223   18          30          32      2.41437     -1.21535      4.95718      5.70003      0.78129
   24  (rho+)            11       213   18          33          34      1.72342     -1.69985      4.25359      4.96755      0.85080
   25  (eta)             11       221   18          35          37      1.69645     -1.15055      2.48792      3.26973      0.54745
   26  (pi0)             11       111   18          38          39      0.74571     -0.77232      1.93061      2.21315      0.13498
   27  pi+                1       211   21           0           0      0.17614      0.01419      3.23845      3.24627      0.13957
   28  pi-                1      -211   21           0           0      0.15109     -0.13743      8.65016      8.65369      0.13957
   29  (pi0)             11       111   21          40          41      1.11124     -0.10786     23.46938     23.49631      0.13498
   30  pi-                1      -211   23           0           0      0.53604     -0.21592      1.41315      1.53312      0.13957
   31  pi+                1       211   23           0           0      1.71594     -0.79579      3.12152      3.65255      0.13957
   32  (pi0)             11       111   23          42          43      0.16239     -0.20364      0.42250      0.51436      0.13498
   33  pi+                1       211   24           0           0      1.41011     -1.51184      2.93578      3.59338      0.13957
   34  (pi0)             11       111   24          44          45      0.31331     -0.18801      1.31781      1.37418      0.13498
   35  (pi0)             11       111   25          46          47      0.66121     -0.55072      1.14542      1.43899      0.13498
   36  (pi0)             11       111   25          48          49      0.32908     -0.17496      0.56170      0.68748      0.13498
   37  (pi0)             11       111   25          50          51      0.70616     -0.42487      0.78081      1.14327      0.13498
   38  gamma              1        22   26           0           0      0.62834     -0.71020      1.72297      1.96667      0.00000
   39  gamma              1        22   26           0           0      0.11737     -0.06212      0.20764      0.24647      0.00000
   40  gamma              1        22   29           0           0      0.05521      0.00487      0.70853      0.71069      0.00000
   41  gamma              1        22   29           0           0      1.05603     -0.11274     22.76085     22.78562      0.00000
   42  gamma              1        22   32           0           0      0.02395     -0.13416      0.16670      0.21532      0.00000
   43  gamma              1        22   32           0           0      0.13844     -0.06948      0.25580      0.29905      0.00000
   44  gamma              1        22   34           0           0      0.30437     -0.13534      1.18759      1.23343      0.00000
   45  gamma              1        22   34           0           0      0.00894     -0.05267      0.13022      0.14075      0.00000
   46  gamma              1        22   35           0           0      0.20563     -0.19054      0.47917      0.55515      0.00000
   47  gamma              1        22   35           0           0      0.45558     -0.36018      0.66624      0.88384      0.00000
   48  gamma              1        22   36           0           0      0.33118     -0.18912      0.53283      0.65525      0.00000
   49  gamma              1        22   36           0           0     -0.00211      0.01416      0.02887      0.03223      0.00000
   50  gamma              1        22   37           0           0      0.14395     -0.14972      0.16581      0.26576      0.00000
   51  gamma              1        22   37           0           0      0.56221     -0.27516      0.61500      0.87751      0.00000
 ==================================================================================================================================
                   sum charge:  0.00   sum momentum and inv. mass:     -0.00000      0.00000    125.00000    135.00339     50.99916



                            Event listing (standard)

    I  particle/jet  K(I,1)   K(I,2) K(I,3)     K(I,4)      K(I,5)       P(I,1)       P(I,2)       P(I,3)       P(I,4)       P(I,5)

    1  !e-!              21        11    0           3           4      0.00000      0.00000     -5.00000      5.00000      0.00051
    2  !p+!              21      2212    0           5           0     -0.00000      0.00000    130.00000    130.00339      0.93827
 ==================================================================================================================================
    3  !e-!              21        11    1           0           0     -4.70008     -2.60832      4.06111      6.73696      0.00051
    4  !gamma!           21        22    1           0           0      4.70008      2.60832     -9.06111     -1.73696    -10.39138
    5  !p+!              21      2212    2           0           0     -0.00000      0.00000    130.00000    130.00339      0.93827
    6  !gamma!           21        22    4           0           0      4.70225      2.60952     -9.05849     -1.73095    -10.39138
    7  !c!               21         4    5           0           0     -0.00012     -0.00007      7.36805      7.36805      0.00000
    8  !gamma!           21        22    6           0           0      4.70225      2.60952     -9.05849     -1.73095    -10.39138
    9  !c!               21         4    7           0           0     -0.00012     -0.00007      7.36805      7.36805      0.00000
   10  !c!               21         4    9           0           0      4.70213      2.60945     -1.69044      5.63709      0.00000
 ==================================================================================================================================
   11  (D*-)             11      -413    5          17          18      0.49972      0.12259    106.52510    106.54530      2.01000
   12  e-                 1        11    3           0           0     -4.70008     -2.60832      4.06111      6.73696      0.00051
   13  (uu_1)        A   12      2203    5          19          19     -0.09733     -0.02156     15.79708     15.81622      0.77133
   14  (g)           I   12        21   10          19          19     -0.01309      0.09184      0.43130      0.44116      0.00000
   15  (g)           I   12        21   10          19          19      2.51746      2.19253     -1.03011      3.49369      0.00000
   16  (c)           V   11         4   10          19          19      1.79332      0.22293     -0.78448      1.97005      0.00000
 ==================================================================================================================================
   17  (Dbar0)           11      -421   11          27          28      0.42883      0.12935     99.11858     99.13713      1.86450
   18  pi-                1      -211   11           0           0      0.07089     -0.00676      7.40651      7.40817      0.13957
   19  (string)          11        92   13          20          26      4.20036      2.48573     14.41379     21.72112     15.49929
   20  (Delta+)          11      2214   19          29          30      0.26921      0.30449      8.20955      8.33071      1.35603
   21  pi+                1       211   19           0           0     -0.33779      0.03088      4.45950      4.47456      0.13957
   22  pi-                1      -211   19           0           0     -0.04475     -0.38866      2.22086      2.25937      0.13957
   23  pi+                1       211   19           0           0      0.32313      0.90383      0.30302      1.01618      0.13957
   24  pi-                1      -211   19           0           0      0.27455     -0.27915      0.35046      0.54369      0.13957
   25  (eta)             11       221   19          31          32      1.05869      0.35347     -0.79736      1.47691      0.54745
   26  (D+)              11       411   19          33          36      2.65731      1.56087     -0.33223      3.61971      1.86930
   27  (K*+)             11       323   17          37          38      0.38552      0.45923     64.83922     64.84835      0.90771
   28  (rho-)            11      -213   17          39          40      0.04331     -0.32988     34.27936     34.28878      0.73164
   29  n0                 1      2112   20           0           0      0.24910     -0.06173      6.72503      6.79519      0.93957
   30  pi+                1       211   20           0           0      0.02011      0.36622      1.48452      1.53551      0.13957
   31  gamma              1        22   25           0           0      0.20247      0.14762      0.04922      0.25536      0.00000
   32  gamma              1        22   25           0           0      0.85622      0.20585     -0.84658      1.22155      0.00000
   33  pi+                1       211   26           0           0      0.13231      0.14611     -0.01885      0.24226      0.13957
   34  pi+                1       211   26           0           0      1.44788      0.47496      0.25618      1.55147      0.13957
   35  pi-                1      -211   26           0           0     -0.08402      0.42905     -0.16500      0.48770      0.13957
   36  (pi0)             11       111   26          41          42      1.16114      0.51075     -0.40455      1.33828      0.13498
   37  (K0)              11       311   27          43          43      0.00210      0.38868     47.41974     47.42394      0.49767
   38  pi+                1       211   27           0           0      0.38342      0.07055     17.41948     17.42440      0.13957
   39  pi-                1      -211   28           0           0      0.13746      0.17500      8.94329      8.94715      0.13957
   40  (pi0)             11       111   28          44          45     -0.09415     -0.50489     25.33607     25.34163      0.13498
   41  gamma              1        22   36           0           0      0.05675      0.01268      0.00747      0.05863      0.00000
   42  gamma              1        22   36           0           0      1.10439      0.49807     -0.41202      1.27965      0.00000
   43  K_L0               1       130   37           0           0      0.00210      0.38868     47.41974     47.42394      0.49767
   44  gamma              1        22   40           0           0     -0.08225     -0.50217     23.42934     23.43486      0.00000
   45  gamma              1        22   40           0           0     -0.01190     -0.00271      1.90673      1.90677      0.00000
 ==================================================================================================================================
                   sum charge:  0.00   sum momentum and inv. mass:      0.00000      0.00000    125.00000    135.00339     50.99916



                            Event listing (standard)

    I  particle/jet  K(I,1)   K(I,2) K(I,3)     K(I,4)      K(I,5)       P(I,1)       P(I,2)       P(I,3)       P(I,4)       P(I,5)

    1  !e-!              21        11    0           3           4      0.00000      0.00000     -5.00000      5.00000      0.00051
    2  !p+!              21      2212    0           5           0     -0.00000      0.00000    130.00000    130.00339      0.93827
 ==================================================================================================================================
    3  !e-!              21        11    1           0           0     -0.03519      7.39271     10.03208     12.46178      0.00051
    4  !gamma!           21        22    1           0           0      0.03519     -7.39271    -15.03208     -7.46178    -14.99795
    5  !p+!              21      2212    2           0           0     -0.00000     -0.00000    130.00000    130.00339      0.93827
    6  !gamma!           21        22    4           0           0      0.03521     -7.39602    -15.02552     -7.45183    -14.99795
    7  !ubar!            21        -2    5           0           0     -0.00000      0.00038     14.84965     14.84965      0.00000
    8  !gamma!           21        22    6           0           0      0.03521     -7.39602    -15.02552     -7.45183    -14.99795
    9  !ubar!            21        -2    7           0           0     -0.00000      0.00038     14.84965     14.84965      0.00000
   10  !ubar!            21        -2    9           0           0      0.03520     -7.39564     -0.17587      7.39782      0.00000
 ==================================================================================================================================
   11  p+                 1      2212    5           0           0      0.25891      0.03402     94.44360     94.44862      0.93827
   12  e-                 1        11    3           0           0     -0.03519      7.39271     10.03208     12.46178      0.00051
   13  (u)           A   12         2    5          16          16     -0.14595     -0.24346     20.52716     20.53177      0.33000
   14  (g)           I   12        21   10          16          16     -0.44015     -2.44192      1.04434      2.69209      0.00000
   15  (ubar)        V   11        -2   10          16          16      0.36238     -4.74135     -1.04718      4.86911      0.00000
 ==================================================================================================================================
   16  (string)          11        92   13          17          21     -0.22372     -7.42673     20.52432     28.09298     17.68506
   17  p+                 1      2212   16           0           0      0.03575     -0.12449      5.23147      5.31652      0.93827
   18  pbar-              1     -2212   16           0           0     -0.82262     -0.52896     14.63458     14.69720      0.93827
   19  (omega)           11       223   16          22          24      0.76551     -1.72448      0.75396      2.17675      0.78099
   20  (Sigma*+)         11      3224   16          25          26      0.17568     -1.88389     -0.50084      2.40521      1.39796
   21  (Sigma*bar-)      11     -3224   16          27          28     -0.37804     -3.16491      0.40514      3.49729      1.38108
   22  pi-                1      -211   19           0           0      0.13000     -0.36306      0.01973      0.41058      0.13957
   23  pi+                1       211   19           0           0      0.67372     -0.97163      0.51116      1.29566      0.13957
   24  (pi0)             11       111   19          29          30     -0.03821     -0.38979      0.22308      0.47051      0.13498
   25  (Lambda0)         11      3122   20          31          32     -0.01714     -1.35351     -0.49945      1.82387      1.11568
   26  pi+                1       211   20           0           0      0.19282     -0.53038     -0.00138      0.58134      0.13957
   27  (Lambdabar0)      11     -3122   21          33          34     -0.48415     -2.48904      0.24624      2.78120      1.11568
   28  pi-                1      -211   21           0           0      0.10611     -0.67587      0.15890      0.71609      0.13957
   29  gamma              1        22   24           0           0     -0.04715     -0.35697      0.15031      0.39018      0.00000
   30  gamma              1        22   24           0           0      0.00894     -0.03282      0.07277      0.08032      0.00000
   31  p+                 1      2212   25           0           0     -0.06913     -1.27817     -0.44497      1.64829      0.93827
   32  pi-                1      -211   25           0           0      0.05199     -0.07534     -0.05448      0.17558      0.13957
   33  pbar-              1     -2212   27           0           0     -0.46732     -2.26834      0.15330      2.50352      0.93827
   34  pi+                1       211   27           0           0     -0.01683     -0.22069      0.09294      0.27768      0.13957
 ==================================================================================================================================
                   sum charge:  0.00   sum momentum and inv. mass:      0.00000     -0.00000    125.00000    135.00339     50.99916
1********* PYSTAT:  Statistics on Number of Events and Cross-sections *********

 ==============================================================================
 I                                  I                            I            I
 I            Subprocess            I      Number of points      I    Sigma   I
 I                                  I                            I            I
 I----------------------------------I----------------------------I    (mb)    I
 I                                  I                            I            I
 I N:o Type                         I    Generated         Tried I            I
 I                                  I                            I            I
 ==============================================================================
 I                                  I                            I            I
 I   0 All included subprocesses    I       500000    -682358633 I  8.886D-07 I
 I  11 f + f' -> f + f' (QCD)       I          277             0 I  7.871D-10 I
 I  12 f + fbar -> f' + fbar'       I            5             0 I  1.108D-11 I
 I  13 f + fbar -> g + g            I            5             0 I  1.108D-11 I
 I  28 f + g -> f + g               I          725             0 I  1.780D-09 I
 I  53 g + g -> f + fbar            I           13             0 I  2.882D-11 I
 I  68 g + g -> g + g               I          396             0 I  8.779D-10 I
 I  91 Elastic scattering           I         1398     267909496 I  2.508D-09 I
 I  92 Single diffractive (XB)      I          617     214801713 I  1.090D-09 I
 I  93 Single diffractive (AX)      I          388     175923238 I  7.878D-10 I
 I  94 Double  diffractive          I          510     259041073 I  5.053D-10 I
 I  95 Low-pT scattering            I         2801       2237271 I  4.712D-09 I
 I  99 q + gamma* -> q              I       492653     923000598 I  8.751D-07 I
 I 131 f + gamma*_T -> f + g        I          151      89534119 I  2.957D-10 I
 I 132 f + gamma*_L -> f + g        I           16       5115531 I  2.898D-11 I
 I 135 g + gamma*_T -> f + fbar     I           29     302590179 I  4.643D-11 I
 I 136 g + gamma*_L -> f + fbar     I           16      47528385 I  2.690D-11 I
 I                                  I                            I            I
 ==============================================================================
 I                                  I                            I            I
 I   1 VMD * hadron                 I         1741    1787089974 I  3.684D-09 I
 I   2 direct * hadron              I          212     444768214 I  3.981D-10 I
 I   3 anomalous * hadron           I         5394     457749877 I  9.415D-09 I
 I   4 DIS * hadron                 I       492653     923000598 I  8.751D-07 I
 I                                  I                            I            I
 ==============================================================================

 ********* Total number of errors, excluding junctions =        0 *************
 ********* Total number of errors, including junctions =        0 *************
 ********* Total number of warnings =                           0 *************
 ********* Fraction of events that fail fragmentation cuts =  0.00073 *********

1************ PYSTAT: User-Defined Limits on Kinematical Variables ************

 ==============================================================================
 I                                                                            I
 I                 0.000D+00 <  m_hard (GeV/c^2)  <  2.258D+01                I
 I    0.000D+00 ( 1.000D+00) <  p_T_hard (GeV/c)  <  1.129D+01                I
 I                             m_finite (GeV/c^2) =  1.000D+00                I
 I                -1.000D+01 <    y*_subsystem    <  1.000D+01                I
 I                -4.000D+01 <      y*_large      <  4.000D+01                I
 I                -4.000D+01 <      y*_small      <  4.000D+01                I
 I                -4.000D+01 <     eta*_large     <  4.000D+01                I
 I                -4.000D+01 <     eta*_small     <  4.000D+01                I
 I                -1.000D+00 < cos(theta*)_large  <  1.000D+00                I
 I                -1.000D+00 < cos(theta*)_small  <  1.000D+00                I
 I                 0.000D+00 <        x_1         <  1.000D+00                I
 I                 0.000D+00 <        x_2         <  1.000D+00                I
 I                -1.000D+00 <        x_F         <  1.000D+00                I
 I                -1.000D+00 <  cos(theta_hard)   <  1.000D+00                I
 I                 2.000D+00 < m'_hard (GeV/c^2)  <  2.258D+01                I
 I                                                                            I
 ==============================================================================
 The charm mass used is:    1.5000000000000000     
 ===================================================
 Pythia total cross section normalisation:   8.8862696458699047E-004  microbarn
 Total Number of generated events      500000
 Total Number of trials      500000
 ===================================================

 ===== PDFSTA statistics for PDF under/over-flows ====

 ====== STRUCTM statistics for nucleon/pion PDFs =====

   total # of calls    703122441.00000000     
   X  below PDF min    0.0000000000000000       or    0.0000000000000000       %
   X  above PDF max    0.0000000000000000       or    0.0000000000000000       %
   Q2 below PDF min    0.0000000000000000       or    0.0000000000000000       %
   Q2 above PDF max    0.0000000000000000       or    0.0000000000000000       %

 ========= STRUCTP statistics for photon PDFs ========

   total # of calls    0.0000000000000000     

