1                                                                              
 ******************************************************************************
 ******************************************************************************
 **                                                                          **
 **                                                                          **
 **              *......*                  Welcome to the Lund Monte Carlo!  **
 **         *:::!!:::::::::::*                                               **
 **      *::::::!!::::::::::::::*          PPP  Y   Y TTTTT H   H III   A    **
 **    *::::::::!!::::::::::::::::*        P  P  Y Y    T   H   H  I   A A   **
 **   *:::::::::!!:::::::::::::::::*       PPP    Y     T   HHHHH  I  AAAAA  **
 **   *:::::::::!!:::::::::::::::::*       P      Y     T   H   H  I  A   A  **
 **    *::::::::!!::::::::::::::::*!       P      Y     T   H   H III A   A  **
 **      *::::::!!::::::::::::::* !!                                         **
 **      !! *:::!!:::::::::::*    !!       This is PYTHIA version 6.428      **
 **      !!     !* -><- *         !!       Last date of change:  5 Sep 2013  **
 **      !!     !!                !!                                         **
 **      !!     !!                !!       Now is  0 Jan 2000 at  0:00:00    **
 **      !!                       !!                                         **
 **      !!        lh             !!       Disclaimer: this program comes    **
 **      !!                       !!       without any guarantees. Beware    **
 **      !!                 hh    !!       of errors and use common sense    **
 **      !!    ll                 !!       when interpreting results.        **
 **      !!                       !!                                         **
 **      !!                                Copyright T. Sjostrand (2011)     **
 **                                                                          **
 ** An archive of program versions and documentation is found on the web:    **
 ** http://www.thep.lu.se/~torbjorn/Pythia.html                              **
 **                                                                          **
 ** When you cite this program, the official reference is to the 6.4 manual: **
 ** T. Sjostrand, S. Mrenna and P. Skands, JHEP05 (2006) 026                 **
 ** (LU TP 06-13, FERMILAB-PUB-06-052-CD-T) [hep-ph/0603175].                **
 **                                                                          **
 ** Also remember that the program, to a large extent, represents original   **
 ** physics research. Other publications of special relevance to your        **
 ** studies may therefore deserve separate mention.                          **
 **                                                                          **
 ** Main author: Torbjorn Sjostrand; Department of Theoretical Physics,      **
 **   Lund University, Solvegatan 14A, S-223 62 Lund, Sweden;                **
 **   phone: + 46 - 46 - 222 48 16; e-mail: torbjorn@thep.lu.se              **
 ** Author: Stephen Mrenna; Computing Division, GDS Group,                   **
 **   Fermi National Accelerator Laboratory, MS 234, Batavia, IL 60510, USA; **
 **   phone: + 1 - 630 - 840 - 2556; e-mail: mrenna@fnal.gov                 **
 ** Author: Peter Skands; CERN/PH-TH, CH-1211 Geneva, Switzerland            **
 **   phone: + 41 - 22 - 767 24 47; e-mail: peter.skands@cern.ch             **
 **                                                                          **
 **                                                                          **
 ******************************************************************************
 ******************************************************************************
     MSEL           changed from              1 to              2
     MSTP(14)       changed from             30 to             30
     MSTP(15)       changed from              0 to              0
     MSTP(16)       changed from              1 to              1
     MSTP(17)       changed from              4 to              4
     MSTP(18)       changed from              3 to              3
     MSTP(19)       changed from              4 to              1
     MSTP(20)       changed from              3 to              0
     MSTP(32)       changed from              8 to              8
     MSTP(38)       changed from              5 to              4
     MSTP(51)       changed from              7 to          10050
     MSTP(52)       changed from              1 to              2
     MSTP(53)       changed from              3 to              3
     MSTP(54)       changed from              1 to              1
     MSTP(55)       changed from              5 to              5
     MSTP(56)       changed from              1 to              1
     MSTP(57)       changed from              1 to              1
     MSTP(58)       changed from              5 to              5
     MSTP(59)       changed from              1 to              1
     MSTP(60)       changed from              7 to              7
     MSTP(61)       changed from              2 to              2
     MSTP(71)       changed from              1 to              1
     MSTP(81)       changed from              1 to              0
     MSTP(82)       changed from              4 to              1
     MSTP(91)       changed from              1 to              1
     MSTP(92)       changed from              3 to              3
     MSTP(93)       changed from              1 to              1
     MSTP(101)      changed from              3 to              3
     MSTP(102)      changed from              1 to              1
     MSTP(111)      changed from              1 to              1
     MSTP(121)      changed from              0 to              0
     PARP(13)       changed from        1.00000 to        1.00000
     PARP(18)       changed from        0.40000 to        0.40000
     PARP(81)       changed from        1.90000 to        1.90000
     PARP(89)       changed from     1800.00000 to     1800.00000
     PARP(90)       changed from        0.25000 to        0.16000
     PARP(91)       changed from        2.00000 to        0.40000
     PARP(93)       changed from        5.00000 to        5.00000
     PARP(99)       changed from        1.00000 to        0.40000
     PARP(100)      changed from        5.00000 to        5.00000
     PARP(102)      changed from        0.28000 to        0.28000
     PARP(103)      changed from        1.00000 to        1.00000
     PARP(104)      changed from        0.80000 to        0.80000
     PARP(111)      changed from        2.00000 to        2.00000
     PARP(161)      changed from        2.20000 to        3.00000
     PARP(162)      changed from       23.60000 to       24.60000
     PARP(163)      changed from       18.40000 to       18.80000
     PARP(164)      changed from       11.50000 to       11.50000
     PARP(165)      changed from        0.50000 to        0.47679
     PARP(166)      changed from        0.00000 to        0.67597
     PARJ(1)        changed from        0.10000 to        0.10000
     PARJ(2)        changed from        0.30000 to        0.30000
     PARJ(11)       changed from        0.50000 to        0.50000
     PARJ(12)       changed from        0.60000 to        0.60000
     PARJ(21)       changed from        0.36000 to        0.40000
     PARJ(32)       changed from        1.00000 to        1.00000
     PARJ(33)       changed from        0.80000 to        0.80000
     PARJ(41)       changed from        0.30000 to        0.30000
     PARJ(42)       changed from        0.58000 to        0.58000
     PARJ(45)       changed from        0.50000 to        0.50000
     MSTJ(1)        changed from              1 to              1
     MSTJ(12)       changed from              2 to              1
     MSTJ(45)       changed from              5 to              5
     MSTU(112)      changed from              5 to              5
     MSTU(113)      changed from              3 to              5
     MSTU(114)      changed from              5 to              5
     CKIN(1)        changed from        2.00000 to        1.00000
     CKIN(2)        changed from       -1.00000 to       -1.00000
     CKIN(3)        changed from        0.00000 to        0.00000
     CKIN(4)        changed from       -1.00000 to       -1.00000
     CKIN(5)        changed from        1.00000 to        1.00000
     CKIN(6)        changed from        1.00000 to        1.00000
     CKIN(7)        changed from      -10.00000 to      -10.00000
     CKIN(8)        changed from       10.00000 to       10.00000
     CKIN(9)        changed from      -40.00000 to      -40.00000
     CKIN(10)       changed from       40.00000 to       40.00000
     CKIN(11)       changed from      -40.00000 to      -40.00000
     CKIN(12)       changed from       40.00000 to       40.00000
     CKIN(13)       changed from      -40.00000 to      -40.00000
     CKIN(14)       changed from       40.00000 to       40.00000
     CKIN(15)       changed from      -40.00000 to      -40.00000
     CKIN(16)       changed from       40.00000 to       40.00000
     CKIN(17)       changed from       -1.00000 to       -1.00000
     CKIN(18)       changed from        1.00000 to        1.00000
     CKIN(19)       changed from       -1.00000 to       -1.00000
     CKIN(20)       changed from        1.00000 to        1.00000
     CKIN(21)       changed from        0.00000 to        0.00000
     CKIN(22)       changed from        1.00000 to        1.00000
     CKIN(23)       changed from        0.00000 to        0.00000
     CKIN(24)       changed from        1.00000 to        1.00000
     CKIN(25)       changed from       -1.00000 to       -1.00000
     CKIN(26)       changed from        1.00000 to        1.00000
     CKIN(27)       changed from       -1.00000 to       -1.00000
     CKIN(28)       changed from        1.00000 to        1.00000
     CKIN(31)       changed from        2.00000 to        2.00000
     CKIN(32)       changed from       -1.00000 to       -1.00000
     CKIN(35)       changed from        0.00000 to        0.00000
     CKIN(36)       changed from       -1.00000 to       -1.00000
     CKIN(37)       changed from        0.00000 to        0.00000
     CKIN(38)       changed from       -1.00000 to       -1.00000
     CKIN(39)       changed from        4.00000 to        4.00000
     CKIN(40)       changed from       -1.00000 to       -1.00000
     CKIN(65)       changed from        0.00000 to        0.00000
     CKIN(66)       changed from       -1.00000 to       -1.00000
     CKIN(67)       changed from        0.00000 to        0.00000
     CKIN(68)       changed from       -1.00000 to       -1.00000
     CKIN(77)       changed from        2.00000 to        2.00000
     CKIN(78)       changed from       -1.00000 to       -1.00000
 *********************************************
 NOW all parameters are read by PYTHIA
 *********************************************
 SEED =   1230248993
 RANLUX LUXURY LEVEL SET BY RLUXGO : 4     P= 389
 RANLUX INITIALIZED BY RLUXGO FROM SEEDS  1230248993           0           0
   1385.5467775171937        5.0000000000000000       -1385.5467775171937       -5.00000000    
 *********************************************
 proton beam momentum:   130.000000     GeV
 lepton beam momentum:   5.00000000     GeV
 resulting sqrt(s):   50.999159064654847      GeV
 *********************************************
1****************** PYINIT: initialization of PYTHIA routines *****************
 ==== PYTHIA WILL USE LHAPDF ====
 *************************************
 *       LHAPDF Version 5.9.1        *
 *   Configured for the following:   *
 *             All PDFs              *
 *         FULL MEMORY option        *
 *    Maximum  3 concurrent set(s)   *
 *************************************

 >>>>>> PDF description: <<<<<<
 CTEQ6M                                                          
 Reference:                                                      
 J. Pumplin, D.R. Stump, J. Huston, H.L. Lai, P. Nadolsky,       
 W.K. Tung                                                       
 hep-ph/0201195                                                  
 This set has 41 member PDFs.                                    
     mem=0 --> central value (cteq6m)                            
     mem=1-40 --> 20 sets of +ve/-ve error values                
 >>>>>>                   <<<<<<

 ==============================================
 PDFset name /cvmfs/sft.cern.ch/lcg/external/lhapdfsets/5.9.1/share/PDFsets/cteq6mE.LHgrid   
 with         40 members
 ====  initialized. ===========================
 Strong coupling at Mz for PDF is:  0.11798

 ==============================================================================
 I                                                                            I
 I      PYTHIA will be initialized for gamma/e- on p+ user configuration      I
 I                                                                            I
 I                  px (GeV/c)   py (GeV/c)   pz (GeV/c)      E (GeV)         I
 I        gamma/e-       0.000        0.000       -5.000        5.000         I
 I        p+             0.000        0.000      130.000      130.003         I
 I                                                                            I
 I           corresponding to     50.999 GeV center-of-mass energy            I
 I                                                                            I
 ==============================================================================

 ******** PYMAXI: summary of differential cross-section maximum search ********

           ==========================================================
           I                                      I                 I
           I  ISUB  Subprocess name               I  Maximum value  I
           I                                      I                 I
           ==========================================================
           I                                      I                 I
           I   91   Elastic scattering            I    3.7997D-04   I
           I   92   Single diffractive (XB)       I    3.0335D-04   I
           I   93   Single diffractive (AX)       I    2.4979D-04   I
           I   94   Double  diffractive           I    2.1592D-04   I
           I   95   Low-pT scattering             I    1.8652D-03   I
           I   96   Semihard QCD 2 -> 2           I    1.5214D-02   I
           I                                      I                 I
           ==========================================================

 ******** PYMAXI: summary of differential cross-section maximum search ********

           ==========================================================
           I                                      I                 I
           I  ISUB  Subprocess name               I  Maximum value  I
           I                                      I                 I
           ==========================================================
           I                                      I                 I
           I  131   f + gamma*_T -> f + g         I    1.5905D-04   I
           I  132   f + gamma*_L -> f + g         I    9.0933D-06   I
           I  135   g + gamma*_T -> f + fbar      I    5.3735D-04   I
           I  136   g + gamma*_L -> f + fbar      I    8.4426D-05   I
           I                                      I                 I
           ==========================================================

 ******** PYMAXI: summary of differential cross-section maximum search ********

           ==========================================================
           I                                      I                 I
           I  ISUB  Subprocess name               I  Maximum value  I
           I                                      I                 I
           ==========================================================
           I                                      I                 I
           I   91   Elastic scattering            I    9.3475D-05   I
           I   92   Single diffractive (XB)       I    7.6284D-05   I
           I   93   Single diffractive (AX)       I    6.1116D-05   I
           I   94   Double  diffractive           I    5.3869D-05   I
           I   95   Low-pT scattering             I    4.9033D-04   I
           I   96   Semihard QCD 2 -> 2           I    8.9450D-03   I
           I                                      I                 I
           ==========================================================

 ******** PYMAXI: summary of differential cross-section maximum search ********

           ==========================================================
           I                                      I                 I
           I  ISUB  Subprocess name               I  Maximum value  I
           I                                      I                 I
           ==========================================================
           I                                      I                 I
           I   99   q + gamma* -> q               I    1.6391D-03   I
           I                                      I                 I
           ==========================================================

 ********************** PYINIT: initialization completed **********************
 the outputfile will be named: outfiles/ep_5_130_lowStatForXsec_Q2_1000_10000_norad.out                                                                                                                                                                                                        



                            Event listing (standard)

    I  particle/jet  K(I,1)   K(I,2) K(I,3)     K(I,4)      K(I,5)       P(I,1)       P(I,2)       P(I,3)       P(I,4)       P(I,5)

    1  !e-!              21        11    0           3           4      0.00000      0.00000     -5.00000      5.00000      0.00051
    2  !p+!              21      2212    0           5           0     -0.00000      0.00000    130.00000    130.00339      0.93827
 ==================================================================================================================================
    3  !e-!              21        11    1           0           0    -12.40862      0.41584     55.42069     56.79437      0.00051
    4  !gamma!           21        22    1           0           0     12.40862     -0.41584    -60.42069    -51.79437    -33.49852
    5  !p+!              21      2212    2           0           0      0.00000      0.00000    130.00000    130.00339      0.93827
    6  !gamma!           21        22    4           0           0     12.41349     -0.41601    -60.39336    -51.76365    -33.49852
    7  !s!               21         3    5           0           0     -0.00244      0.00008     65.01318     65.01318      0.00000
    8  !gamma!           21        22    6           0           0     12.41349     -0.41601    -60.39336    -51.76365    -33.49852
    9  !s!               21         3    7           0           0     -0.00244      0.00008     65.01318     65.01318      0.00000
   10  !s!               21         3    9           0           0     12.41106     -0.41593      4.61981     13.24953      0.00000
 ==================================================================================================================================
   11  K+                 1       321    5           0           0     -0.13174     -0.25282     28.12060     28.12638      0.49360
   12  e-                 1        11    3           0           0    -12.40862      0.41584     55.42069     56.79437      0.00051
   13  (ud_0)        A   12      2101    5          17          17      0.23295      0.57352     36.50471     36.51456      0.57933
   14  (g)           I   12        21   10          17          17      0.98701      0.40003      0.50901      1.18039      0.00000
   15  (g)           I   12        21   10          17          17      2.97263     -0.24391      0.22417      2.99103      0.00000
   16  (s)           V   11         3   10          17          17      8.34776     -0.89266      4.22081      9.39666      0.00000
 ==================================================================================================================================
   17  (string)          11        92   13          18          24     12.54036     -0.16302     41.45870     50.08264     25.14278
   18  n0                 1      2112   17           0           0      0.23048      0.69942     18.43899     18.47759      0.93957
   19  (Deltabar-)       11     -2214   17          25          26      0.50382      0.16555     15.02485     15.08512      1.23829
   20  (Delta+)          11      2214   17          27          28      0.11902     -0.36968      2.43208      2.72221      1.15956
   21  (pi0)             11       111   17          29          30      0.07808      0.35852     -0.14718      0.41775      0.13498
   22  (eta)             11       221   17          31          32      3.14377     -0.48641      2.42737      4.03877      0.54745
   23  pi+                1       211   17           0           0      1.10958     -0.46062     -0.07230      1.21163      0.13957
   24  (K*-)             11      -323   17          33          34      7.35561     -0.06980      3.35488      8.12956      0.85128
   25  pbar-              1     -2212   19           0           0      0.15471      0.11946      9.83804      9.88461      0.93827
   26  (pi0)             11       111   19          35          36      0.34911      0.04608      5.18682      5.20051      0.13498
   27  p+                 1      2212   20           0           0      0.15770     -0.15160      1.90455      2.13437      0.93827
   28  (pi0)             11       111   20          37          38     -0.03868     -0.21808      0.52753      0.58784      0.13498
   29  gamma              1        22   21           0           0      0.03358      0.19795     -0.00849      0.20096      0.00000
   30  gamma              1        22   21           0           0      0.04450      0.16056     -0.13869      0.21679      0.00000
   31  gamma              1        22   22           0           0      1.38974     -0.32633      0.77810      1.62582      0.00000
   32  gamma              1        22   22           0           0      1.75403     -0.16008      1.64926      2.41295      0.00000
   33  (Kbar0)           11      -311   24          39          39      6.61503      0.05582      2.89769      7.23920      0.49767
   34  pi-                1      -211   24           0           0      0.74058     -0.12563      0.45719      0.89037      0.13957
   35  gamma              1        22   26           0           0      0.28380      0.04199      3.26555      3.27812      0.00000
   36  gamma              1        22   26           0           0      0.06531      0.00409      1.92127      1.92239      0.00000
   37  gamma              1        22   28           0           0      0.04590     -0.03712      0.13770      0.14981      0.00000
   38  gamma              1        22   28           0           0     -0.08458     -0.18096      0.38983      0.43803      0.00000
   39  K_L0               1       130   33           0           0      6.61503      0.05582      2.89769      7.23920      0.49767
 ==================================================================================================================================
                   sum charge:  0.00   sum momentum and inv. mass:      0.00000     -0.00000    125.00000    135.00339     50.99916



                            Event listing (standard)

    I  particle/jet  K(I,1)   K(I,2) K(I,3)     K(I,4)      K(I,5)       P(I,1)       P(I,2)       P(I,3)       P(I,4)       P(I,5)

    1  !e-!              21        11    0           3           4      0.00000      0.00000     -5.00000      5.00000      0.00051
    2  !p+!              21      2212    0           5           0     -0.00000      0.00000    130.00000    130.00339      0.93827
 ==================================================================================================================================
    3  !e-!              21        11    1           0           0    -12.54278    -14.92306     63.49449     66.41964      0.00051
    4  !gamma!           21        22    1           0           0     12.54278     14.92306    -68.49449    -61.41964    -36.04360
    5  !p+!              21      2212    2           0           0     -0.00000     -0.00000    130.00000    130.00339      0.93827
    6  !gamma!           21        22    4           0           0     12.54878     14.93019    -68.43943    -61.36120    -36.04360
    7  !u!               21         2    5           0           0     -0.00424     -0.00504     91.75208     91.75208      0.00000
    8  !gamma!           21        22    6           0           0     12.54878     14.93019    -68.43943    -61.36120    -36.04360
    9  !u!               21         2    7           0           0     -0.00424     -0.00504     91.75208     91.75208      0.00000
   10  !u!               21         2    9           0           0     12.54455     14.92516     23.31265     30.39088      0.00000
 ==================================================================================================================================
   11  e-                 1        11    3           0           0    -12.54278    -14.92306     63.49449     66.41964      0.00051
   12  (ud_0)        A   12      2101    5          18          18     -0.05908      0.29528     27.44844     27.45620      0.57933
   13  (g)           I   12        21   10          18          18      0.79535      0.48936      2.29507      2.47779      0.00000
   14  (g)           I   12        21   10          18          18      4.46683      4.85222     13.96529     15.44428      0.00000
   15  (g)           I   12        21   10          18          18      4.53833      7.52403     17.17185     19.28937      0.00000
   16  (g)           I   12        21   10          18          18      0.82480      0.91664      1.16830      1.69866      0.00000
   17  (u)           V   11         2   10          18          18      1.97656      0.84552     -0.54344      2.21744      0.00000
 ==================================================================================================================================
   18  (string)          11        92   12          19          28     12.54278     14.92306     61.50551     68.58374     23.25473
   19  n0                 1      2112   18           0           0     -0.15678      0.10238     20.19724     20.21995      0.93957
   20  (eta)             11       221   18          29          31      0.62689      0.07726      6.41795      6.47215      0.54745
   21  (rho+)            11       213   18          32          33      0.66483      1.34056      3.21493      3.62092      0.73225
   22  (pi0)             11       111   18          34          35      2.17499      2.17510      7.06827      7.70975      0.13498
   23  K-                 1      -321   18           0           0      1.63784      1.67761      5.62722      6.11605      0.49360
   24  (Xibar0)          11     -3322   18          36          37      3.52840      5.51758     13.23337     14.82378      1.31490
   25  (Sigma+)          11      3222   18          38          39      1.44962      1.97611      3.38965      4.34865      1.18937
   26  (K*-)             11      -323   18          40          41      0.60180      0.90784      0.97476      1.72320      0.91265
   27  (K*0)             11       313   18          42          43      1.38774      0.12865      1.30940      2.11744      0.90921
   28  (rho+)            11       213   18          44          45      0.62745      1.01996      0.07273      1.43186      0.78160
   29  pi-                1      -211   20           0           0      0.06218      0.01105      0.94242      0.95479      0.13957
   30  pi+                1       211   20           0           0      0.10465     -0.05535      1.38815      1.40016      0.13957
   31  (pi0)             11       111   20          46          47      0.46006      0.12156      4.08739      4.11721      0.13498
   32  pi+                1       211   21           0           0      0.77547      1.10649      2.81661      3.12705      0.13957
   33  (pi0)             11       111   21          48          49     -0.11064      0.23407      0.39831      0.49386      0.13498
   34  gamma              1        22   22           0           0      0.30918      0.31329      0.89802      1.00009      0.00000
   35  gamma              1        22   22           0           0      1.86581      1.86181      6.17025      6.70966      0.00000
   36  (Lambdabar0)      11     -3122   24          50          51      3.22762      4.84089     11.59551     13.02122      1.11568
   37  (pi0)             11       111   24          52          53      0.30077      0.67669      1.63787      1.80256      0.13498
   38  p+                 1      2212   25           0           0      1.18953      1.33898      2.46628      3.18916      0.93827
   39  (pi0)             11       111   25          54          55      0.26009      0.63713      0.92337      1.15949      0.13498
   40  K-                 1      -321   26           0           0      0.03487      0.46596      0.36803      0.77293      0.49360
   41  (pi0)             11       111   26          56          57      0.56694      0.44188      0.60673      0.95027      0.13498
   42  K+                 1       321   27           0           0      1.31482      0.04578      1.33432      1.93776      0.49360
   43  pi-                1      -211   27           0           0      0.07292      0.08288     -0.02492      0.17968      0.13957
   44  pi+                1       211   28           0           0      0.06411     -0.08888     -0.01267      0.17790      0.13957
   45  (pi0)             11       111   28          58          59      0.56334      1.10884      0.08540      1.25395      0.13498
   46  gamma              1        22   31           0           0      0.44101      0.10905      4.02893      4.05447      0.00000
   47  gamma              1        22   31           0           0      0.01906      0.01251      0.05845      0.06274      0.00000
   48  gamma              1        22   33           0           0     -0.07649      0.02558      0.11431      0.13990      0.00000
   49  gamma              1        22   33           0           0     -0.03414      0.20849      0.28400      0.35396      0.00000
   50  pbar-              1     -2212   36           0           0      2.91011      4.46224     10.66841     11.96143      0.93827
   51  pi+                1       211   36           0           0      0.31751      0.37865      0.92710      1.05980      0.13957
   52  gamma              1        22   37           0           0      0.08360      0.35409      0.78729      0.86729      0.00000
   53  gamma              1        22   37           0           0      0.21718      0.32261      0.85057      0.93526      0.00000
   54  gamma              1        22   39           0           0      0.17019      0.54504      0.72184      0.92038      0.00000
   55  gamma              1        22   39           0           0      0.08990      0.09210      0.20152      0.23911      0.00000
   56  gamma              1        22   41           0           0      0.44184      0.38518      0.43270      0.72857      0.00000
   57  gamma              1        22   41           0           0      0.12510      0.05670      0.17404      0.22170      0.00000
   58  gamma              1        22   45           0           0      0.45764      0.95518      0.03073      1.05959      0.00000
   59  gamma              1        22   45           0           0      0.10571      0.15366      0.05467      0.19436      0.00000
 ==================================================================================================================================
                   sum charge:  0.00   sum momentum and inv. mass:      0.00000      0.00000    125.00000    135.00339     50.99916



                            Event listing (standard)

    I  particle/jet  K(I,1)   K(I,2) K(I,3)     K(I,4)      K(I,5)       P(I,1)       P(I,2)       P(I,3)       P(I,4)       P(I,5)

    1  !e-!              21        11    0           3           4      0.00000      0.00000     -5.00000      5.00000      0.00051
    2  !p+!              21      2212    0           5           0     -0.00000      0.00000    130.00000    130.00339      0.93827
 ==================================================================================================================================
    3  !e-!              21        11    1           0           0      3.61494      7.08387     52.36254     52.96305      0.00051
    4  !gamma!           21        22    1           0           0     -3.61494     -7.08387    -57.36254    -47.96305    -32.45390
    5  !p+!              21      2212    2           0           0     -0.00000      0.00000    130.00000    130.00339      0.93827
    6  !gamma!           21        22    4           0           0     -3.61624     -7.08642    -57.34285    -47.93997    -32.45390
    7  !u!               21         2    5           0           0      0.00056      0.00110     56.00607     56.00607      0.00000
    8  !gamma!           21        22    6           0           0     -3.61624     -7.08642    -57.34285    -47.93997    -32.45390
    9  !u!               21         2    7           0           0      0.00056      0.00110     56.00607     56.00607      0.00000
   10  !u!               21         2    9           0           0     -3.61568     -7.08532     -1.33678      8.06610      0.00000
 ==================================================================================================================================
   11  e-                 1        11    3           0           0      3.61494      7.08387     52.36254     52.96305      0.00051
   12  (ud_1)        A   12      2103    5          18          18      0.12564      0.14981     73.05870     73.06303      0.77133
   13  (g)           I   12        21   10          18          18     -0.16237      0.23979      0.17320      0.33743      0.00000
   14  (g)           I   12        21   10          18          18      0.02258      0.00058     -0.13299      0.13490      0.00000
   15  (g)           I   12        21   10          18          18      0.01225     -0.20489     -0.23359      0.31096      0.00000
   16  (g)           I   12        21   10          18          18     -1.59231     -3.67669     -0.61694      4.05390      0.00000
   17  (u)           V   11         2   10          18          18     -2.02072     -3.59247      0.38909      4.14012      0.00000
 ==================================================================================================================================
   18  (string)          11        92   12          19          30     -3.61494     -7.08387     72.63746     82.04034     37.29835
   19  n0                 1      2112   18           0           0      0.21662      0.38765     34.98632     35.00175      0.93957
   20  (Kbar0)           11      -311   18          31          31     -0.04838     -0.21170      9.70360      9.71878      0.49767
   21  (K0)              11       311   18          32          32     -0.54659     -0.14313     17.55634     17.57248      0.49767
   22  nbar0              1     -2112   18           0           0     -0.13490     -0.04010      2.93271      3.08276      0.93957
   23  n0                 1      2112   18           0           0      0.41223      0.56922      3.78483      3.96254      0.93957
   24  (pi0)             11       111   18          33          34      0.20162     -0.52326      1.37521      1.49127      0.13498
   25  (eta')            11       331   18          35          37     -0.03629     -0.37348      0.19135      1.04622      0.95769
   26  (rho0)            11       113   18          38          39     -0.21545     -0.09066      0.98323      1.08542      0.39592
   27  (Deltabar+)       11     -1114   18          40          41     -0.69368     -1.51479      0.29903      2.08284      1.21369
   28  (Delta-)          11      1114   18          42          43     -0.73101     -1.17356      0.97458      2.10736      1.25681
   29  nbar0              1     -2112   18           0           0     -0.60416     -1.73129     -0.18659      2.06881      0.93957
   30  p+                 1      2212   18           0           0     -1.43497     -2.23879      0.03684      2.82011      0.93827
   31  (K_S0)            11       310   20          44          45     -0.04838     -0.21170      9.70360      9.71878      0.49767
   32  (K_S0)            11       310   21          46          47     -0.54659     -0.14313     17.55634     17.57248      0.49767
   33  gamma              1        22   24           0           0      0.21706     -0.48024      1.30600      1.40832      0.00000
   34  gamma              1        22   24           0           0     -0.01544     -0.04302      0.06922      0.08295      0.00000
   35  (pi0)             11       111   25          48          49     -0.05417     -0.10007     -0.08623      0.19648      0.13498
   36  (pi0)             11       111   25          50          51      0.11416     -0.07783      0.15551      0.24798      0.13498
   37  (eta)             11       221   25          52          54     -0.09628     -0.19558      0.12207      0.60177      0.54745
   38  pi-                1      -211   26           0           0      0.03900      0.00872      0.41518      0.43983      0.13957
   39  pi+                1       211   26           0           0     -0.25445     -0.09938      0.56805      0.64559      0.13957
   40  nbar0              1     -2112   27           0           0     -0.65079     -0.99832      0.29584      1.54612      0.93957
   41  pi+                1       211   27           0           0     -0.04288     -0.51647      0.00319      0.53672      0.13957
   42  n0                 1      2112   28           0           0     -0.82737     -1.13543      0.83904      1.88693      0.93957
   43  pi-                1      -211   28           0           0      0.09636     -0.03813      0.13554      0.22043      0.13957
   44  (pi0)             11       111   31          55          56     -0.12429     -0.26256      3.98335      3.99621      0.13498
   45  (pi0)             11       111   31          57          58      0.07591      0.05086      5.72025      5.72257      0.13498
   46  pi+                1       211   32           0           0     -0.40586     -0.11237      6.89868      6.91293      0.13957
   47  pi-                1      -211   32           0           0     -0.14073     -0.03076     10.65766     10.65955      0.13957
   48  gamma              1        22   35           0           0      0.02181      0.02206     -0.00543      0.03150      0.00000
   49  gamma              1        22   35           0           0     -0.07598     -0.12214     -0.08080      0.16498      0.00000
   50  gamma              1        22   36           0           0      0.07987     -0.08676      0.03597      0.12329      0.00000
   51  gamma              1        22   36           0           0      0.03429      0.00894      0.11954      0.12468      0.00000
   52  pi+                1       211   37           0           0     -0.01908     -0.14333      0.09446      0.22206      0.13957
   53  pi-                1      -211   37           0           0      0.07278      0.00751      0.05627      0.16733      0.13957
   54  (pi0)             11       111   37          59          60     -0.14997     -0.05975     -0.02866      0.21238      0.13498
   55  gamma              1        22   44           0           0      0.02557     -0.08076      1.06573      1.06909      0.00000
   56  gamma              1        22   44           0           0     -0.14986     -0.18180      2.91762      2.92711      0.00000
   57  gamma              1        22   45           0           0     -0.03646     -0.00396      1.01876      1.01942      0.00000
   58  gamma              1        22   45           0           0      0.11237      0.05482      4.70149      4.70315      0.00000
   59  gamma              1        22   54           0           0     -0.08934      0.03664     -0.01342      0.09749      0.00000
   60  gamma              1        22   54           0           0     -0.06063     -0.09639     -0.01524      0.11489      0.00000
 ==================================================================================================================================
                   sum charge:  0.00   sum momentum and inv. mass:      0.00000      0.00000    125.00000    135.00339     50.99916



                            Event listing (standard)

    I  particle/jet  K(I,1)   K(I,2) K(I,3)     K(I,4)      K(I,5)       P(I,1)       P(I,2)       P(I,3)       P(I,4)       P(I,5)

    1  !e-!              21        11    0           3           4      0.00000      0.00000     -5.00000      5.00000      0.00051
    2  !p+!              21      2212    0           5           0     -0.00000      0.00000    130.00000    130.00339      0.93827
 ==================================================================================================================================
    3  !e-!              21        11    1           0           0     -6.62702     -5.45291     52.14159     52.84313      0.00051
    4  !gamma!           21        22    1           0           0      6.62702      5.45291    -57.14159    -47.84313    -32.40135
    5  !p+!              21      2212    2           0           0     -0.00000      0.00000    130.00000    130.00339      0.93827
    6  !gamma!           21        22    4           0           0      6.62943      5.45489    -57.12129    -47.81945    -32.40135
    7  !u!               21         2    5           0           0     -0.00105     -0.00086     56.43098     56.43098      0.00000
    8  !gamma!           21        22    6           0           0      6.62943      5.45489    -57.12129    -47.81945    -32.40135
    9  !u!               21         2    7           0           0     -0.00105     -0.00086     56.43098     56.43098      0.00000
   10  !u!               21         2    9           0           0      6.62839      5.45403     -0.69031      8.61153      0.00000
 ==================================================================================================================================
   11  e-                 1        11    3           0           0     -6.62702     -5.45291     52.14159     52.84313      0.00051
   12  (ud_0)        A   12      2101    5          18          18      0.08266      0.08521     67.10038     67.10298      0.57933
   13  (g)           I   12        21   10          18          18     -0.72905     -1.05870      2.55119      2.85673      0.00000
   14  (g)           I   12        21   10          18          18     -0.90898      0.42089      0.47124      1.10700      0.00000
   15  (g)           I   12        21   10          18          18     -0.11926     -0.14544      0.13881      0.23376      0.00000
   16  (g)           I   12        21   10          18          18      1.12777      1.77034      0.90389      2.28538      0.00000
   17  (u)           V   11         2   10          18          18      7.17388      4.38061      1.69291      8.57439      0.00000
 ==================================================================================================================================
   18  (string)          11        92   12          19          27      6.62702      5.45291     72.85841     82.16025     36.99064
   19  n0                 1      2112   18           0           0     -0.09368      0.42955     48.57885     48.58993      0.93957
   20  (rho+)            11       213   18          28          29      0.18763     -0.96196     10.00412     10.08123      0.76702
   21  (rho0)            11       113   18          30          31     -0.60137      0.11623      7.92668      7.98474      0.74062
   22  (rho-)            11      -213   18          32          33     -0.02659     -0.16845      1.60316      1.80026      0.80107
   23  (rho+)            11       213   18          34          35     -0.78654      0.08062      1.20865      1.62170      0.73750
   24  pi-                1      -211   18           0           0      0.53296      0.51713      0.12706      0.76622      0.13957
   25  (pi0)             11       111   18          36          37      0.14691     -0.08602      0.28431      0.35782      0.13498
   26  (rho+)            11       213   18          38          39     -0.52575      0.29641      0.74206      1.20545      0.73362
   27  (rho0)            11       113   18          40          41      7.79345      5.22941      2.38350      9.75290      1.16336
   28  pi+                1       211   20           0           0     -0.01588     -0.84694      5.27380      5.34322      0.13957
   29  (pi0)             11       111   20          42          43      0.20351     -0.11502      4.73032      4.73802      0.13498
   30  pi-                1      -211   21           0           0     -0.39108      0.35708      3.32069      3.36555      0.13957
   31  pi+                1       211   21           0           0     -0.21029     -0.24085      4.60600      4.61919      0.13957
   32  pi-                1      -211   22           0           0     -0.15209      0.16734      0.16692      0.31381      0.13957
   33  (pi0)             11       111   22          44          45      0.12550     -0.33579      1.43624      1.48645      0.13498
   34  pi+                1       211   23           0           0     -0.19113      0.14882      0.88341      0.92659      0.13957
   35  (pi0)             11       111   23          46          47     -0.59542     -0.06821      0.32525      0.69511      0.13498
   36  gamma              1        22   25           0           0      0.08554     -0.02909      0.25266      0.26832      0.00000
   37  gamma              1        22   25           0           0      0.06138     -0.05693      0.03166      0.08950      0.00000
   38  pi+                1       211   26           0           0     -0.16317      0.38573      0.10338      0.45340      0.13957
   39  (pi0)             11       111   26          48          49     -0.36258     -0.08932      0.63868      0.75205      0.13498
   40  pi-                1      -211   27           0           0      1.57352      1.25211      0.96043      2.23286      0.13957
   41  pi+                1       211   27           0           0      6.21993      3.97730      1.42307      7.52004      0.13957
   42  gamma              1        22   29           0           0      0.08069      0.02073      1.14639      1.14942      0.00000
   43  gamma              1        22   29           0           0      0.12282     -0.13576      3.58393      3.58860      0.00000
   44  gamma              1        22   33           0           0      0.15214     -0.28378      1.14587      1.19025      0.00000
   45  gamma              1        22   33           0           0     -0.02664     -0.05202      0.29037      0.29620      0.00000
   46  gamma              1        22   35           0           0     -0.41326     -0.04802      0.15207      0.44296      0.00000
   47  gamma              1        22   35           0           0     -0.18215     -0.02019      0.17318      0.25215      0.00000
   48  gamma              1        22   39           0           0     -0.21074     -0.02026      0.24090      0.32071      0.00000
   49  gamma              1        22   39           0           0     -0.15185     -0.06906      0.39778      0.43134      0.00000
 ==================================================================================================================================
                   sum charge:  0.00   sum momentum and inv. mass:      0.00000     -0.00000    125.00000    135.00339     50.99916



                            Event listing (standard)

    I  particle/jet  K(I,1)   K(I,2) K(I,3)     K(I,4)      K(I,5)       P(I,1)       P(I,2)       P(I,3)       P(I,4)       P(I,5)

    1  !e-!              21        11    0           3           4      0.00000      0.00000     -5.00000      5.00000      0.00051
    2  !p+!              21      2212    0           5           0     -0.00000      0.00000    130.00000    130.00339      0.93827
 ==================================================================================================================================
    3  !e-!              21        11    1           0           0     -6.57659      2.26442     57.40760     57.82743      0.00051
    4  !gamma!           21        22    1           0           0      6.57659     -2.26442    -62.40760    -52.82743    -33.94629
    5  !p+!              21      2212    2           0           0     -0.00000      0.00000    130.00000    130.00339      0.93827
    6  !gamma!           21        22    4           0           0      6.57891     -2.26522    -62.38715    -52.80360    -33.94629
    7  !u!               21         2    5           0           0     -0.00107      0.00037     60.12041     60.12041      0.00000
    8  !gamma!           21        22    6           0           0      6.57891     -2.26522    -62.38715    -52.80360    -33.94629
    9  !u!               21         2    7           0           0     -0.00107      0.00037     60.12041     60.12041      0.00000
   10  !u!               21         2    9           0           0      6.57784     -2.26485     -2.26675      7.31681      0.00000
 ==================================================================================================================================
   11  e-                 1        11    3           0           0     -6.57659      2.26442     57.40760     57.82743      0.00051
   12  (ud_0)        A   12      2101    5          17          17      0.18021      0.13865     66.65156     66.65446      0.57933
   13  (g)           I   12        21   10          17          17      1.05216     -1.33421      1.42321      2.21646      0.00000
   14  (g)           I   12        21   10          17          17     -0.10314     -1.75176      1.49237      2.30358      0.00000
   15  (g)           I   12        21   10          17          17      2.22807      0.85413     -1.26366      2.70013      0.00000
   16  (u)           V   11         2   10          17          17      3.21928     -0.17124     -0.71109      3.30133      0.00000
 ==================================================================================================================================
   17  (string)          11        92   12          18          27      6.57659     -2.26442     67.59240     77.17595     36.59257
   18  p+                 1      2212   17           0           0      0.08237      0.07626     48.89263     48.90177      0.93827
   19  (omega)           11       223   17          28          30     -0.06346     -0.08547      2.80281      2.91222      0.78355
   20  pi-                1      -211   17           0           0     -0.01953      0.46362      1.59102      1.66318      0.13957
   21  (pi0)             11       111   17          31          32      0.70146     -0.42313      9.14489      9.18250      0.13498
   22  (K*bar0)          11      -313   17          33          34     -0.02250     -0.77426      4.05203      4.22137      0.89499
   23  K+                 1       321   17           0           0     -0.28254     -0.39132      1.55804      1.70414      0.49360
   24  (pi0)             11       111   17          35          36      0.79699     -1.70611      1.29235      2.28788      0.13498
   25  K-                 1      -321   17           0           0      0.87375      0.15424      0.19880      1.03459      0.49360
   26  (K*0)             11       313   17          37          38      1.81312      0.52476     -1.08970      2.32659      0.81415
   27  (rho+)            11       213   17          39          40      2.69693     -0.10302     -0.85048      2.94172      0.80395
   28  pi+                1       211   19           0           0      0.11659     -0.02544      1.53388      1.54483      0.13957
   29  pi-                1      -211   19           0           0     -0.18555      0.13609      0.60956      0.66633      0.13957
   30  (pi0)             11       111   19          41          42      0.00551     -0.19612      0.65938      0.70107      0.13498
   31  gamma              1        22   21           0           0      0.48386     -0.24665      6.57169      6.59409      0.00000
   32  gamma              1        22   21           0           0      0.21760     -0.17647      2.57320      2.58841      0.00000
   33  K-                 1      -321   22           0           0     -0.25718     -0.31564      2.47918      2.56042      0.49360
   34  pi+                1       211   22           0           0      0.23468     -0.45863      1.57285      1.66095      0.13957
   35  gamma              1        22   24           0           0      0.11270     -0.21830      0.11694      0.27209      0.00000
   36  gamma              1        22   24           0           0      0.68429     -1.48780      1.17541      2.01579      0.00000
   37  K+                 1       321   26           0           0      0.98764      0.10601     -0.47431      1.20635      0.49360
   38  pi-                1      -211   26           0           0      0.82548      0.41875     -0.61539      1.12024      0.13957
   39  pi+                1       211   27           0           0      1.51816      0.07525     -0.83914      1.74187      0.13957
   40  (pi0)             11       111   27          43          44      1.17877     -0.17827     -0.01134      1.19984      0.13498
   41  gamma              1        22   30           0           0     -0.03467     -0.13219      0.25124      0.28600      0.00000
   42  gamma              1        22   30           0           0      0.04017     -0.06393      0.40814      0.41506      0.00000
   43  gamma              1        22   40           0           0      0.42191     -0.12346     -0.03154      0.44073      0.00000
   44  gamma              1        22   40           0           0      0.75686     -0.05481      0.02021      0.75911      0.00000
 ==================================================================================================================================
                   sum charge:  0.00   sum momentum and inv. mass:      0.00000      0.00000    125.00000    135.00339     50.99916



                            Event listing (standard)

    I  particle/jet  K(I,1)   K(I,2) K(I,3)     K(I,4)      K(I,5)       P(I,1)       P(I,2)       P(I,3)       P(I,4)       P(I,5)

    1  !e-!              21        11    0           3           4      0.00000      0.00000     -5.00000      5.00000      0.00051
    2  !p+!              21      2212    0           5           0     -0.00000      0.00000    130.00000    130.00339      0.93827
 ==================================================================================================================================
    3  !e-!              21        11    1           0           0    -11.31888     -4.60939     74.46407     75.46033      0.00051
    4  !gamma!           21        22    1           0           0     11.31888      4.60939    -79.46407    -70.46033    -38.72007
    5  !p+!              21      2212    2           0           0      0.00000      0.00000    130.00000    130.00339      0.93827
    6  !gamma!           21        22    4           0           0     11.32314      4.61113    -79.43135    -70.42423    -38.72007
    7  !u!               21         2    5           0           0     -0.00272     -0.00111     83.22145     83.22145      0.00000
    8  !gamma!           21        22    6           0           0     11.32314      4.61113    -79.43135    -70.42423    -38.72007
    9  !u!               21         2    7           0           0     -0.00272     -0.00111     83.22145     83.22145      0.00000
   10  !u!               21         2    9           0           0     11.32042      4.61002      3.79009     12.79722      0.00000
 ==================================================================================================================================
   11  e-                 1        11    3           0           0    -11.31888     -4.60939     74.46407     75.46033      0.00051
   12  (ud_0)        A   12      2101    5          17          17      0.06632      0.18406     43.43911     43.44341      0.57933
   13  (g)           I   12        21   10          17          17      0.37223      0.13142     -0.10749      0.40912      0.00000
   14  (g)           I   12        21   10          17          17     -0.36199     -1.23680      0.90710      1.57592      0.00000
   15  (g)           I   12        21   10          17          17      1.35393      1.05966      0.40661      1.76674      0.00000
   16  (u)           V   11         2   10          17          17      9.88840      4.47105      5.89061     12.34787      0.00000
 ==================================================================================================================================
   17  (string)          11        92   12          18          25     11.31888      4.60939     50.53593     59.54306     29.01950
   18  n0                 1      2112   17           0           0     -0.22250      0.30248     30.02417     30.04122      0.93957
   19  (K*bar0)          11      -313   17          26          27      0.79526      0.36941      7.55365      7.65528      0.88129
   20  (K*0)             11       313   17          28          29     -0.57367     -0.57569      3.37223      3.57774      0.87624
   21  (rho+)            11       213   17          30          31     -0.05554     -0.51865      1.30908      1.62445      0.80813
   22  (Deltabar0)       11     -2114   17          32          33      0.46500      0.64975      1.65675      2.26070      1.31437
   23  (Delta-)          11      1114   17          34          35      0.68282      0.11838      0.64174      1.48564      1.14675
   24  (Deltabar-)       11     -2214   17          36          37      5.53051      1.93096      3.74549      7.06823      1.27125
   25  (Delta++)         11      2224   17          38          39      4.69701      2.33275      2.23281      5.82979      1.22367
   26  K-                 1      -321   19           0           0      0.80083      0.40490      5.36475      5.46164      0.49360
   27  pi+                1       211   19           0           0     -0.00557     -0.03548      2.18890      2.19364      0.13957
   28  K+                 1       321   20           0           0     -0.28073     -0.63544      2.65142      2.78501      0.49360
   29  pi-                1      -211   20           0           0     -0.29293      0.05975      0.72080      0.79273      0.13957
   30  pi+                1       211   21           0           0      0.18593     -0.11464      0.03758      0.26193      0.13957
   31  (pi0)             11       111   21          40          41     -0.24148     -0.40401      1.27151      1.36253      0.13498
   32  nbar0              1     -2112   22           0           0      0.56914      0.73210      1.27857      1.83778      0.93957
   33  (pi0)             11       111   22          42          43     -0.10415     -0.08234      0.37818      0.42293      0.13498
   34  n0                 1      2112   23           0           0      0.41337      0.12961      0.52607      1.16069      0.93957
   35  pi-                1      -211   23           0           0      0.26945     -0.01123      0.11568      0.32495      0.13957
   36  nbar0              1     -2112   24           0           0      4.17069      1.20100      2.88715      5.29674      0.93957
   37  pi-                1      -211   24           0           0      1.35982      0.72996      0.85833      1.77149      0.13957
   38  p+                 1      2212   25           0           0      3.41476      1.91754      1.75594      4.39331      0.93827
   39  pi+                1       211   25           0           0      1.28226      0.41521      0.47687      1.43648      0.13957
   40  gamma              1        22   31           0           0     -0.22641     -0.35526      1.21707      1.28792      0.00000
   41  gamma              1        22   31           0           0     -0.01507     -0.04875      0.05444      0.07461      0.00000
   42  gamma              1        22   33           0           0     -0.05436     -0.04607      0.34632      0.35358      0.00000
   43  gamma              1        22   33           0           0     -0.04979     -0.03627      0.03186      0.06935      0.00000
 ==================================================================================================================================
                   sum charge:  0.00   sum momentum and inv. mass:      0.00000      0.00000    125.00000    135.00339     50.99916



                            Event listing (standard)

    I  particle/jet  K(I,1)   K(I,2) K(I,3)     K(I,4)      K(I,5)       P(I,1)       P(I,2)       P(I,3)       P(I,4)       P(I,5)

    1  !e-!              21        11    0           3           4      0.00000      0.00000     -5.00000      5.00000      0.00051
    2  !p+!              21      2212    0           5           0     -0.00000      0.00000    130.00000    130.00339      0.93827
 ==================================================================================================================================
    3  !e-!              21        11    1           0           0     -9.52161     -1.03904     67.31540     67.99341      0.00051
    4  !gamma!           21        22    1           0           0      9.52161      1.03904    -72.31540    -62.99341    -36.78435
    5  !p+!              21      2212    2           0           0     -0.00000     -0.00000    130.00000    130.00339      0.93827
    6  !gamma!           21        22    4           0           0      9.52507      1.03941    -72.28896    -62.96358    -36.78435
    7  !u!               21         2    5           0           0     -0.00193     -0.00021     72.54672     72.54672      0.00000
    8  !gamma!           21        22    6           0           0      9.52507      1.03941    -72.28896    -62.96358    -36.78435
    9  !u!               21         2    7           0           0     -0.00193     -0.00021     72.54672     72.54672      0.00000
   10  !u!               21         2    9           0           0      9.52314      1.03920      0.25776      9.58314      0.00000
 ==================================================================================================================================
   11  e-                 1        11    3           0           0     -9.52161     -1.03904     67.31540     67.99341      0.00051
   12  (ud_0)        A   12      2101    5          17          17      0.12493     -0.13856     55.59138     55.59472      0.57933
   13  (g)           I   12        21   10          17          17      1.41188      0.17669      2.33192      2.73176      0.00000
   14  (g)           I   12        21   10          17          17      0.61896      0.04315      0.55709      0.83386      0.00000
   15  (g)           I   12        21   10          17          17      0.92129      0.33815      0.69923      1.20501      0.00000
   16  (u)           V   11         2   10          17          17      6.44455      0.61960     -1.49503      6.64464      0.00000
 ==================================================================================================================================
   17  (string)          11        92   12          18          24      9.52161      1.03904     57.68460     67.00998     32.72741
   18  p+                 1      2212   17           0           0     -0.06523     -0.49498     51.94538     51.95625      0.93827
   19  pbar-              1     -2212   17           0           0      1.11586      0.72636      3.42869      3.79592      0.93827
   20  p+                 1      2212   17           0           0      0.52609      0.16579      1.20249      1.62191      0.93827
   21  (pi0)             11       111   17          25          26      1.28493     -0.08668      1.91438      2.31119      0.13498
   22  pbar-              1     -2212   17           0           0      1.92516      0.31760     -0.54704      2.23309      0.93827
   23  n0                 1      2112   17           0           0      2.02999      0.37069      0.03743      2.26770      0.93957
   24  (rho+)            11       213   17          27          28      2.70481      0.04025     -0.29673      2.82391      0.75416
   25  gamma              1        22   21           0           0      0.63429      0.02417      0.95548      1.14710      0.00000
   26  gamma              1        22   21           0           0      0.65064     -0.11085      0.95890      1.16409      0.00000
   27  pi+                1       211   24           0           0      0.39293      0.07587     -0.27960      0.50775      0.13957
   28  (pi0)             11       111   24          29          30      2.31188     -0.03561     -0.01713      2.31616      0.13498
   29  gamma              1        22   28           0           0      1.71947      0.02506     -0.04140      1.72015      0.00000
   30  gamma              1        22   28           0           0      0.59241     -0.06067      0.02427      0.59601      0.00000
 ==================================================================================================================================
                   sum charge:  0.00   sum momentum and inv. mass:     -0.00000     -0.00000    125.00000    135.00339     50.99916



                            Event listing (standard)

    I  particle/jet  K(I,1)   K(I,2) K(I,3)     K(I,4)      K(I,5)       P(I,1)       P(I,2)       P(I,3)       P(I,4)       P(I,5)

    1  !e-!              21        11    0           3           4      0.00000      0.00000     -5.00000      5.00000      0.00051
    2  !p+!              21      2212    0           5           0     -0.00000      0.00000    130.00000    130.00339      0.93827
 ==================================================================================================================================
    3  !e-!              21        11    1           0           0    -11.06545     -9.76682     63.56408     65.25510      0.00051
    4  !gamma!           21        22    1           0           0     11.06545      9.76682    -68.56408    -60.25510    -35.89139
    5  !p+!              21      2212    2           0           0     -0.00000      0.00000    130.00000    130.00339      0.93827
    6  !gamma!           21        22    4           0           0     11.06995      9.77079    -68.52886    -60.21649    -35.89139
    7  !u!               21         2    5           0           0     -0.00269     -0.00237     77.48004     77.48004      0.00000
    8  !gamma!           21        22    6           0           0     11.06995      9.77079    -68.52886    -60.21649    -35.89139
    9  !u!               21         2    7           0           0     -0.00269     -0.00237     77.48004     77.48004      0.00000
   10  !u!               21         2    9           0           0     11.06727      9.76842      8.95117     17.26355      0.00000
 ==================================================================================================================================
   11  e-                 1        11    3           0           0    -11.06545     -9.76682     63.56408     65.25510      0.00051
   12  (ud_1)        A   12      2103    5          18          18     -0.04964     -0.30027     50.58224     50.58904      0.77133
   13  (g)           I   12        21   10          18          18      1.92829      2.44044      2.30722      3.87263      0.00000
   14  (g)           I   12        21   10          18          18      1.10142      1.77582      0.40915      2.12933      0.00000
   15  (g)           I   12        21   10          18          18      2.73612      2.48201      1.80141      4.10996      0.00000
   16  (g)           I   12        21   10          18          18      0.76326      1.05145      0.99898      1.63893      0.00000
   17  (u)           V   11         2   10          18          18      4.58601      2.31737      5.33692      7.40840      0.00000
 ==================================================================================================================================
   18  (string)          11        92   12          19          31     11.06545      9.76682     61.43592     69.74829     29.54010
   19  (Delta+)          11      2214   18          32          33      0.02125     -0.55821     24.78759     24.82762      1.29398
   20  K-                 1      -321   18           0           0     -0.60162      0.53881     14.13203     14.16369      0.49360
   21  (K*+)             11       323   18          34          35      0.56429      0.11241      2.94766      3.14314      0.92715
   22  pi-                1      -211   18           0           0      0.68082     -0.36307      5.34251      5.39975      0.13957
   23  pi+                1       211   18           0           0     -0.37085      0.45136      1.70092      1.80384      0.13957
   24  (pi0)             11       111   18          36          37     -0.00594      0.28811      0.34314      0.46798      0.13498
   25  pi-                1      -211   18           0           0     -0.19235      0.09631      0.81065      0.85024      0.13957
   26  (rho0)            11       113   18          38          39      0.84826      0.59779      1.40828      1.87556      0.67644
   27  pi+                1       211   18           0           0      1.06894      0.42350      0.39685      1.22432      0.13957
   28  pi-                1      -211   18           0           0      2.99397      3.66292      3.71349      6.01584      0.13957
   29  (rho0)            11       113   18          40          41      0.94500      0.75712      0.59327      1.54806      0.76045
   30  (rho+)            11       213   18          42          43      1.68075      1.18432      1.30941      2.51725      0.62805
   31  (eta')            11       331   18          44          46      3.43294      2.57545      3.95013      5.91100      0.95832
   32  n0                 1      2112   19           0           0     -0.25704     -0.41946     17.55164     17.58365      0.93957
   33  pi+                1       211   19           0           0      0.27828     -0.13875      7.23595      7.24397      0.13957
   34  (K0)              11       311   21          47          47      0.23570      0.01241      2.50924      2.56898      0.49767
   35  pi+                1       211   21           0           0      0.32859      0.09999      0.43842      0.57416      0.13957
   36  gamma              1        22   24           0           0      0.05116      0.10429      0.07637      0.13902      0.00000
   37  gamma              1        22   24           0           0     -0.05710      0.18382      0.26677      0.32896      0.00000
   38  pi-                1      -211   26           0           0      0.61187      0.07588      0.88213      1.08526      0.13957
   39  pi+                1       211   26           0           0      0.23638      0.52191      0.52615      0.79030      0.13957
   40  pi+                1       211   29           0           0      0.93315      0.71818      0.30368      1.22403      0.13957
   41  pi-                1      -211   29           0           0      0.01184      0.03894      0.28959      0.32403      0.13957
   42  pi+                1       211   30           0           0      0.21103      0.35380      0.13167      0.45445      0.13957
   43  (pi0)             11       111   30          48          49      1.46972      0.83052      1.17774      2.06280      0.13498
   44  pi-                1      -211   31           0           0      1.21085      0.69885      1.20474      1.85079      0.13957
   45  pi+                1       211   31           0           0      0.61959      0.47493      0.72097      1.07179      0.13957
   46  (eta)             11       221   31          50          51      1.60250      1.40166      2.02441      2.98841      0.54745
   47  (K_S0)            11       310   34          52          53      0.23570      0.01241      2.50924      2.56898      0.49767
   48  gamma              1        22   43           0           0      0.25365      0.15617      0.27140      0.40297      0.00000
   49  gamma              1        22   43           0           0      1.21607      0.67435      0.90634      1.65983      0.00000
   50  gamma              1        22   46           0           0      1.06885      0.74223      1.52212      2.00254      0.00000
   51  gamma              1        22   46           0           0      0.53365      0.65943      0.50229      0.98587      0.00000
   52  (pi0)             11       111   47          54          55      0.19412      0.17545      0.94127      0.98624      0.13498
   53  (pi0)             11       111   47          56          57      0.04157     -0.16304      1.56797      1.58274      0.13498
   54  gamma              1        22   52           0           0      0.19076      0.09454      0.65425      0.68802      0.00000
   55  gamma              1        22   52           0           0      0.00337      0.08091      0.28701      0.29822      0.00000
   56  gamma              1        22   53           0           0     -0.03285     -0.12046      1.09114      1.09826      0.00000
   57  gamma              1        22   53           0           0      0.07442     -0.04258      0.47683      0.48448      0.00000
 ==================================================================================================================================
                   sum charge:  0.00   sum momentum and inv. mass:     -0.00000     -0.00000    125.00000    135.00339     50.99916



                            Event listing (standard)

    I  particle/jet  K(I,1)   K(I,2) K(I,3)     K(I,4)      K(I,5)       P(I,1)       P(I,2)       P(I,3)       P(I,4)       P(I,5)

    1  !e-!              21        11    0           3           4      0.00000      0.00000     -5.00000      5.00000      0.00051
    2  !p+!              21      2212    0           5           0     -0.00000      0.00000    130.00000    130.00339      0.93827
 ==================================================================================================================================
    3  !e-!              21        11    1           0           0      3.15942      2.37884     59.55070     59.68188      0.00051
    4  !gamma!           21        22    1           0           0     -3.15942     -2.37884    -64.55070    -54.68188    -34.53007
    5  !p+!              21      2212    2           0           0     -0.00000     -0.00000    130.00000    130.00339      0.93827
    6  !gamma!           21        22    4           0           0     -3.16050     -2.37965    -64.53140    -54.65919    -34.53007
    7  !u!               21         2    5           0           0      0.00050      0.00038     60.38775     60.38775      0.00000
    8  !gamma!           21        22    6           0           0     -3.16050     -2.37965    -64.53140    -54.65919    -34.53007
    9  !u!               21         2    7           0           0      0.00050      0.00038     60.38775     60.38775      0.00000
   10  !u!               21         2    9           0           0     -3.16000     -2.37927     -4.14365      5.72856      0.00000
 ==================================================================================================================================
   11  e-                 1        11    3           0           0      3.15942      2.37884     59.55070     59.68188      0.00051
   12  (ud_0)        A   12      2101    5          16          16     -0.41625     -0.01024     69.45341     69.45707      0.57933
   13  (g)           I   12        21   10          16          16     -1.17168     -0.26338     -0.64242      1.36195      0.00000
   14  (g)           I   12        21   10          16          16     -1.22427     -2.14496     -2.26372      3.35024      0.00000
   15  (u)           V   11         2   10          16          16     -0.34721      0.03974     -1.09797      1.15225      0.00000
 ==================================================================================================================================
   16  (string)          11        92   12          17          28     -3.15942     -2.37884     65.44930     75.32151     37.06856
   17  n0                 1      2112   16           0           0     -0.23149      0.25061     41.55910     41.57112      0.93957
   18  pi+                1       211   16           0           0     -0.40416     -0.07072      5.76160      5.77788      0.13957
   19  pi-                1      -211   16           0           0      0.14868     -0.39906      5.57739      5.59536      0.13957
   20  (rho0)            11       113   16          29          30      0.00150      0.01618      6.43518      6.49786      0.90022
   21  (omega)           11       223   16          31          33     -0.14464      0.06825      5.12430      5.18625      0.78302
   22  (rho0)            11       113   16          34          35      0.21852      0.03687      1.25462      1.48150      0.75608
   23  pi+                1       211   16           0           0     -0.50106      0.23776      1.85614      1.94225      0.13957
   24  (rho-)            11      -213   16          36          37     -0.41646     -0.78762      1.06443      1.57548      0.74521
   25  (rho+)            11       213   16          38          39      0.32117      0.23693      0.15560      0.88543      0.77491
   26  (eta)             11       221   16          40          42     -0.75519     -0.67698     -0.78940      1.39695      0.54745
   27  (pi0)             11       111   16          43          44     -0.55776     -0.05343     -0.73862      0.93687      0.13498
   28  (omega)           11       223   16          45          46     -0.83853     -1.23763     -1.81104      2.47456      0.78020
   29  pi+                1       211   20           0           0     -0.24105     -0.10139      0.77820      0.83274      0.13957
   30  pi-                1      -211   20           0           0      0.24255      0.11757      5.65698      5.66512      0.13957
   31  pi+                1       211   21           0           0     -0.20194      0.11763      1.44634      1.47173      0.13957
   32  pi-                1      -211   21           0           0      0.02085      0.16449      0.94019      0.96485      0.13957
   33  (pi0)             11       111   21          47          48      0.03644     -0.21388      2.73777      2.74967      0.13498
   34  pi+                1       211   22           0           0     -0.10619      0.14237      1.01919      1.04392      0.13957
   35  pi-                1      -211   22           0           0      0.32471     -0.10550      0.23544      0.43758      0.13957
   36  pi-                1      -211   24           0           0     -0.35931     -0.67496      1.13665      1.37700      0.13957
   37  (pi0)             11       111   24          49          50     -0.05715     -0.11266     -0.07222      0.19848      0.13498
   38  pi+                1       211   25           0           0      0.16173      0.22855      0.43541      0.53614      0.13957
   39  (pi0)             11       111   25          51          52      0.15944      0.00838     -0.27980      0.34929      0.13498
   40  (pi0)             11       111   26          53          54     -0.41070     -0.16072     -0.34938      0.57861      0.13498
   41  (pi0)             11       111   26          55          56     -0.13473     -0.30940     -0.26702      0.45100      0.13498
   42  (pi0)             11       111   26          57          58     -0.20975     -0.20686     -0.17300      0.36734      0.13498
   43  gamma              1        22   27           0           0     -0.03891     -0.01622     -0.12779      0.13456      0.00000
   44  gamma              1        22   27           0           0     -0.51884     -0.03721     -0.61083      0.80231      0.00000
   45  gamma              1        22   28           0           0     -0.34671     -0.36546     -0.14174      0.52332      0.00000
   46  (pi0)             11       111   28          59          60     -0.49182     -0.87217     -1.66930      1.95124      0.13498
   47  gamma              1        22   33           0           0      0.03746     -0.23308      2.49976      2.51088      0.00000
   48  gamma              1        22   33           0           0     -0.00102      0.01921      0.23801      0.23879      0.00000
   49  gamma              1        22   37           0           0     -0.03466     -0.00797     -0.08355      0.09080      0.00000
   50  gamma              1        22   37           0           0     -0.02249     -0.10469      0.01133      0.10768      0.00000
   51  gamma              1        22   39           0           0      0.17618     -0.01752     -0.25043      0.30670      0.00000
   52  gamma              1        22   39           0           0     -0.01674      0.02590     -0.02937      0.04259      0.00000
   53  gamma              1        22   40           0           0     -0.17082     -0.13477     -0.19495      0.29214      0.00000
   54  gamma              1        22   40           0           0     -0.23988     -0.02595     -0.15443      0.28647      0.00000
   55  gamma              1        22   41           0           0     -0.10723     -0.09605     -0.07346      0.16162      0.00000
   56  gamma              1        22   41           0           0     -0.02750     -0.21335     -0.19356      0.28938      0.00000
   57  gamma              1        22   42           0           0     -0.08182     -0.05926      0.00760      0.10131      0.00000
   58  gamma              1        22   42           0           0     -0.12794     -0.14759     -0.18060      0.26602      0.00000
   59  gamma              1        22   46           0           0     -0.09593     -0.19648     -0.26713      0.34521      0.00000
   60  gamma              1        22   46           0           0     -0.39589     -0.67569     -1.40217      1.60604      0.00000
 ==================================================================================================================================
                   sum charge:  0.00   sum momentum and inv. mass:     -0.00000     -0.00000    125.00000    135.00339     50.99916



                            Event listing (standard)

    I  particle/jet  K(I,1)   K(I,2) K(I,3)     K(I,4)      K(I,5)       P(I,1)       P(I,2)       P(I,3)       P(I,4)       P(I,5)

    1  !e-!              21        11    0           3           4      0.00000      0.00000     -5.00000      5.00000      0.00051
    2  !p+!              21      2212    0           5           0     -0.00000      0.00000    130.00000    130.00339      0.93827
 ==================================================================================================================================
    3  !e-!              21        11    1           0           0      9.65840     11.11570     53.07325     55.07825      0.00051
    4  !gamma!           21        22    1           0           0     -9.65840    -11.11570    -58.07325    -50.07825    -32.88639
    5  !p+!              21      2212    2           0           0     -0.00000     -0.00000    130.00000    130.00339      0.93827
    6  !gamma!           21        22    4           0           0     -9.66249    -11.12041    -58.04057    -50.04218    -32.88639
    7  !u!               21         2    5           0           0      0.00213      0.00245     67.60234     67.60234      0.00000
    8  !gamma!           21        22    6           0           0     -9.66249    -11.12041    -58.04057    -50.04218    -32.88639
    9  !u!               21         2    7           0           0      0.00213      0.00245     67.60234     67.60234      0.00000
   10  !u!               21         2    9           0           0     -9.66037    -11.11796      9.56177     17.56016      0.00000
 ==================================================================================================================================
   11  e-                 1        11    3           0           0      9.65840     11.11570     53.07325     55.07825      0.00051
   12  (ud_0)        A   12      2101    5          16          16     -0.52425      0.76115     61.07062     61.08036      0.57933
   13  (g)           I   12        21   10          16          16      0.18805     -0.35699      0.18445      0.44365      0.00000
   14  (g)           I   12        21   10          16          16     -0.25876     -0.99790      1.24596      1.61715      0.00000
   15  (u)           V   11         2   10          16          16     -9.06344    -10.52196      9.42573     16.78398      0.00000
 ==================================================================================================================================
   16  (string)          11        92   12          17          24     -9.65840    -11.11570     71.92675     79.92514     31.58681
   17  (Lambda0)         11      3122   16          25          26     -0.88394      0.57904     28.32770     28.36935      1.11568
   18  (K*+)             11       323   16          27          28      0.41451     -0.06863     23.78116     23.80211      0.90564
   19  (rho-)            11      -213   16          29          30      0.26848     -0.02139      3.25220      3.28495      0.37627
   20  pi+                1       211   16           0           0     -0.43810      0.14891      5.11561      5.13839      0.13957
   21  (rho0)            11       113   16          31          32      0.13986     -0.62988      1.22219      1.48654      0.54748
   22  (omega)           11       223   16          33          35     -1.38916     -1.41966      1.86170      2.83268      0.78289
   23  (pi0)             11       111   16          36          37     -3.43666     -4.63812      3.81179      6.91887      0.13498
   24  (eta)             11       221   16          38          40     -4.33339     -5.06597      4.55440      8.09226      0.54745
   25  p+                 1      2212   17           0           0     -0.63014      0.45059     23.16998     23.20191      0.93827
   26  pi-                1      -211   17           0           0     -0.25381      0.12844      5.15772      5.16744      0.13957
   27  (K0)              11       311   18          41          41      0.13260     -0.06048     20.33462     20.34124      0.49767
   28  pi+                1       211   18           0           0      0.28191     -0.00815      3.44654      3.46087      0.13957
   29  pi-                1      -211   19           0           0      0.22732     -0.10669      2.38269      2.39995      0.13957
   30  (pi0)             11       111   19          42          43      0.04116      0.08530      0.86950      0.88500      0.13498
   31  pi+                1       211   21           0           0      0.05685      0.02164      0.38053      0.40985      0.13957
   32  pi-                1      -211   21           0           0      0.08301     -0.65152      0.84166      1.07668      0.13957
   33  pi-                1      -211   22           0           0     -0.80640     -1.04276      0.98232      1.64987      0.13957
   34  pi+                1       211   22           0           0     -0.34511     -0.08863      0.33289      0.50720      0.13957
   35  (pi0)             11       111   22          44          45     -0.23766     -0.28827      0.54649      0.67561      0.13498
   36  gamma              1        22   23           0           0     -0.60082     -0.84447      0.62763      1.21162      0.00000
   37  gamma              1        22   23           0           0     -2.83583     -3.79365      3.18416      5.70724      0.00000
   38  gamma              1        22   24           0           0     -0.00964     -0.01613      0.00747      0.02022      0.00000
   39  pi-                1      -211   24           0           0     -1.39319     -1.39051      1.50465      2.48152      0.13957
   40  pi+                1       211   24           0           0     -2.93056     -3.65933      3.04228      5.59051      0.13957
   41  (K_S0)            11       310   27          46          47      0.13260     -0.06048     20.33462     20.34124      0.49767
   42  gamma              1        22   30           0           0     -0.03487      0.08160      0.47755      0.48572      0.00000
   43  gamma              1        22   30           0           0      0.07603      0.00370      0.39195      0.39928      0.00000
   44  gamma              1        22   35           0           0     -0.02619     -0.09118      0.06852      0.11703      0.00000
   45  gamma              1        22   35           0           0     -0.21147     -0.19709      0.47797      0.55858      0.00000
   46  pi+                1       211   41           0           0      0.04029     -0.11790      3.06487      3.07058      0.13957
   47  pi-                1      -211   41           0           0      0.09231      0.05742     17.26975     17.27066      0.13957
 ==================================================================================================================================
                   sum charge:  0.00   sum momentum and inv. mass:     -0.00000     -0.00000    125.00000    135.00339     50.99916
1********* PYSTAT:  Statistics on Number of Events and Cross-sections *********

 ==============================================================================
 I                                  I                            I            I
 I            Subprocess            I      Number of points      I    Sigma   I
 I                                  I                            I            I
 I----------------------------------I----------------------------I    (mb)    I
 I                                  I                            I            I
 I N:o Type                         I    Generated         Tried I            I
 I                                  I                            I            I
 ==============================================================================
 I                                  I                            I            I
 I   0 All included subprocesses    I          500     316581096 I  8.224D-10 I
 I  11 f + f' -> f + f' (QCD)       I            0             0 I  0.000D+00 I
 I  12 f + fbar -> f' + fbar'       I            0             0 I  0.000D+00 I
 I  13 f + fbar -> g + g            I            0             0 I  0.000D+00 I
 I  28 f + g -> f + g               I            0             0 I  0.000D+00 I
 I  53 g + g -> f + fbar            I            0             0 I  0.000D+00 I
 I  68 g + g -> g + g               I            0             0 I  0.000D+00 I
 I  91 Elastic scattering           I            2     295456747 I  1.583D-12 I
 I  92 Single diffractive (XB)      I            1     236932693 I  6.222D-13 I
 I  93 Single diffractive (AX)      I            0     194115232 I  4.811D-13 I
 I  94 Double  diffractive          I            1     907513904 I  1.188D-13 I
 I  95 Low-pT scattering            I            0       3562565 I  0.000D+00 I
 I  99 q + gamma* -> q              I          496    1020000051 I  8.196D-10 I
 I 131 f + gamma*_T -> f + g        I            0      98866383 I  0.000D+00 I
 I 132 f + gamma*_L -> f + g        I            0       5651906 I  0.000D+00 I
 I 135 g + gamma*_T -> f + fbar     I            0     334332345 I  0.000D+00 I
 I 136 g + gamma*_L -> f + fbar     I            0      52557363 I  0.000D+00 I
 I                                  I                            I            I
 ==============================================================================
 I                                  I                            I            I
 I   1 VMD * hadron                 I            1   -1818348581 I  1.119D-13 I
 I   2 direct * hadron              I            0     491407997 I  0.000D+00 I
 I   3 anomalous * hadron           I            3     623521629 I  2.694D-12 I
 I   4 DIS * hadron                 I          496    1020000051 I  8.196D-10 I
 I                                  I                            I            I
 ==============================================================================

 ********* Total number of errors, excluding junctions =        0 *************
 ********* Total number of errors, including junctions =        0 *************
 ********* Total number of warnings =                           0 *************
 ********* Fraction of events that fail fragmentation cuts =  0.00000 *********

1************ PYSTAT: User-Defined Limits on Kinematical Variables ************

 ==============================================================================
 I                                                                            I
 I                 0.000D+00 <  m_hard (GeV/c^2)  <  3.485D+01                I
 I    0.000D+00 ( 1.000D+00) <  p_T_hard (GeV/c)  <  1.743D+01                I
 I                             m_finite (GeV/c^2) =  1.000D+00                I
 I                -1.000D+01 <    y*_subsystem    <  1.000D+01                I
 I                -4.000D+01 <      y*_large      <  4.000D+01                I
 I                -4.000D+01 <      y*_small      <  4.000D+01                I
 I                -4.000D+01 <     eta*_large     <  4.000D+01                I
 I                -4.000D+01 <     eta*_small     <  4.000D+01                I
 I                -1.000D+00 < cos(theta*)_large  <  1.000D+00                I
 I                -1.000D+00 < cos(theta*)_small  <  1.000D+00                I
 I                 0.000D+00 <        x_1         <  1.000D+00                I
 I                 0.000D+00 <        x_2         <  1.000D+00                I
 I                -1.000D+00 <        x_F         <  1.000D+00                I
 I                -1.000D+00 <  cos(theta_hard)   <  1.000D+00                I
 I                 2.000D+00 < m'_hard (GeV/c^2)  <  3.485D+01                I
 I                                                                            I
 ==============================================================================
 The charm mass used is:    1.5000000000000000     
 ===================================================
 Pythia total cross section normalisation:   8.2239104878847066E-007  microbarn
 Total Number of generated events         500
 Total Number of trials         500
 ===================================================

 ===== PDFSTA statistics for PDF under/over-flows ====

 ====== STRUCTM statistics for nucleon/pion PDFs =====

   total # of calls    69546385.000000000     
   X  below PDF min    0.0000000000000000       or    0.0000000000000000       %
   X  above PDF max    0.0000000000000000       or    0.0000000000000000       %
   Q2 below PDF min    0.0000000000000000       or    0.0000000000000000       %
   Q2 above PDF max    0.0000000000000000       or    0.0000000000000000       %

 ========= STRUCTP statistics for photon PDFs ========

   total # of calls    0.0000000000000000     

