1                                                                              
 ******************************************************************************
 ******************************************************************************
 **                                                                          **
 **                                                                          **
 **              *......*                  Welcome to the Lund Monte Carlo!  **
 **         *:::!!:::::::::::*                                               **
 **      *::::::!!::::::::::::::*          PPP  Y   Y TTTTT H   H III   A    **
 **    *::::::::!!::::::::::::::::*        P  P  Y Y    T   H   H  I   A A   **
 **   *:::::::::!!:::::::::::::::::*       PPP    Y     T   HHHHH  I  AAAAA  **
 **   *:::::::::!!:::::::::::::::::*       P      Y     T   H   H  I  A   A  **
 **    *::::::::!!::::::::::::::::*!       P      Y     T   H   H III A   A  **
 **      *::::::!!::::::::::::::* !!                                         **
 **      !! *:::!!:::::::::::*    !!       This is PYTHIA version 6.428      **
 **      !!     !* -><- *         !!       Last date of change:  5 Sep 2013  **
 **      !!     !!                !!                                         **
 **      !!     !!                !!       Now is  0 Jan 2000 at  0:00:00    **
 **      !!                       !!                                         **
 **      !!        lh             !!       Disclaimer: this program comes    **
 **      !!                       !!       without any guarantees. Beware    **
 **      !!                 hh    !!       of errors and use common sense    **
 **      !!    ll                 !!       when interpreting results.        **
 **      !!                       !!                                         **
 **      !!                                Copyright T. Sjostrand (2011)     **
 **                                                                          **
 ** An archive of program versions and documentation is found on the web:    **
 ** http://www.thep.lu.se/~torbjorn/Pythia.html                              **
 **                                                                          **
 ** When you cite this program, the official reference is to the 6.4 manual: **
 ** T. Sjostrand, S. Mrenna and P. Skands, JHEP05 (2006) 026                 **
 ** (LU TP 06-13, FERMILAB-PUB-06-052-CD-T) [hep-ph/0603175].                **
 **                                                                          **
 ** Also remember that the program, to a large extent, represents original   **
 ** physics research. Other publications of special relevance to your        **
 ** studies may therefore deserve separate mention.                          **
 **                                                                          **
 ** Main author: Torbjorn Sjostrand; Department of Theoretical Physics,      **
 **   Lund University, Solvegatan 14A, S-223 62 Lund, Sweden;                **
 **   phone: + 46 - 46 - 222 48 16; e-mail: torbjorn@thep.lu.se              **
 ** Author: Stephen Mrenna; Computing Division, GDS Group,                   **
 **   Fermi National Accelerator Laboratory, MS 234, Batavia, IL 60510, USA; **
 **   phone: + 1 - 630 - 840 - 2556; e-mail: mrenna@fnal.gov                 **
 ** Author: Peter Skands; CERN/PH-TH, CH-1211 Geneva, Switzerland            **
 **   phone: + 41 - 22 - 767 24 47; e-mail: peter.skands@cern.ch             **
 **                                                                          **
 **                                                                          **
 ******************************************************************************
 ******************************************************************************
     MSEL           changed from              1 to              2
     MSTP(14)       changed from             30 to             30
     MSTP(15)       changed from              0 to              0
     MSTP(16)       changed from              1 to              1
     MSTP(17)       changed from              4 to              4
     MSTP(18)       changed from              3 to              3
     MSTP(19)       changed from              4 to              1
     MSTP(20)       changed from              3 to              0
     MSTP(32)       changed from              8 to              8
     MSTP(38)       changed from              5 to              4
     MSTP(51)       changed from              7 to          10050
     MSTP(52)       changed from              1 to              2
     MSTP(53)       changed from              3 to              3
     MSTP(54)       changed from              1 to              1
     MSTP(55)       changed from              5 to              5
     MSTP(56)       changed from              1 to              1
     MSTP(57)       changed from              1 to              1
     MSTP(58)       changed from              5 to              5
     MSTP(59)       changed from              1 to              1
     MSTP(60)       changed from              7 to              7
     MSTP(61)       changed from              2 to              2
     MSTP(71)       changed from              1 to              1
     MSTP(81)       changed from              1 to              0
     MSTP(82)       changed from              4 to              1
     MSTP(91)       changed from              1 to              1
     MSTP(92)       changed from              3 to              3
     MSTP(93)       changed from              1 to              1
     MSTP(101)      changed from              3 to              3
     MSTP(102)      changed from              1 to              1
     MSTP(111)      changed from              1 to              1
     MSTP(121)      changed from              0 to              0
     PARP(13)       changed from        1.00000 to        1.00000
     PARP(18)       changed from        0.40000 to        0.40000
     PARP(81)       changed from        1.90000 to        1.90000
     PARP(89)       changed from     1800.00000 to     1800.00000
     PARP(90)       changed from        0.25000 to        0.16000
     PARP(91)       changed from        2.00000 to        0.40000
     PARP(93)       changed from        5.00000 to        5.00000
     PARP(99)       changed from        1.00000 to        0.40000
     PARP(100)      changed from        5.00000 to        5.00000
     PARP(102)      changed from        0.28000 to        0.28000
     PARP(103)      changed from        1.00000 to        1.00000
     PARP(104)      changed from        0.80000 to        0.80000
     PARP(111)      changed from        2.00000 to        2.00000
     PARP(161)      changed from        2.20000 to        3.00000
     PARP(162)      changed from       23.60000 to       24.60000
     PARP(163)      changed from       18.40000 to       18.80000
     PARP(164)      changed from       11.50000 to       11.50000
     PARP(165)      changed from        0.50000 to        0.47679
     PARP(166)      changed from        0.00000 to        0.67597
     PARJ(1)        changed from        0.10000 to        0.10000
     PARJ(2)        changed from        0.30000 to        0.30000
     PARJ(11)       changed from        0.50000 to        0.50000
     PARJ(12)       changed from        0.60000 to        0.60000
     PARJ(21)       changed from        0.36000 to        0.40000
     PARJ(32)       changed from        1.00000 to        1.00000
     PARJ(33)       changed from        0.80000 to        0.80000
     PARJ(41)       changed from        0.30000 to        0.30000
     PARJ(42)       changed from        0.58000 to        0.58000
     PARJ(45)       changed from        0.50000 to        0.50000
     MSTJ(1)        changed from              1 to              1
     MSTJ(12)       changed from              2 to              1
     MSTJ(45)       changed from              5 to              5
     MSTU(112)      changed from              5 to              5
     MSTU(113)      changed from              3 to              5
     MSTU(114)      changed from              5 to              5
     CKIN(1)        changed from        2.00000 to        1.00000
     CKIN(2)        changed from       -1.00000 to       -1.00000
     CKIN(3)        changed from        0.00000 to        0.00000
     CKIN(4)        changed from       -1.00000 to       -1.00000
     CKIN(5)        changed from        1.00000 to        1.00000
     CKIN(6)        changed from        1.00000 to        1.00000
     CKIN(7)        changed from      -10.00000 to      -10.00000
     CKIN(8)        changed from       10.00000 to       10.00000
     CKIN(9)        changed from      -40.00000 to      -40.00000
     CKIN(10)       changed from       40.00000 to       40.00000
     CKIN(11)       changed from      -40.00000 to      -40.00000
     CKIN(12)       changed from       40.00000 to       40.00000
     CKIN(13)       changed from      -40.00000 to      -40.00000
     CKIN(14)       changed from       40.00000 to       40.00000
     CKIN(15)       changed from      -40.00000 to      -40.00000
     CKIN(16)       changed from       40.00000 to       40.00000
     CKIN(17)       changed from       -1.00000 to       -1.00000
     CKIN(18)       changed from        1.00000 to        1.00000
     CKIN(19)       changed from       -1.00000 to       -1.00000
     CKIN(20)       changed from        1.00000 to        1.00000
     CKIN(21)       changed from        0.00000 to        0.00000
     CKIN(22)       changed from        1.00000 to        1.00000
     CKIN(23)       changed from        0.00000 to        0.00000
     CKIN(24)       changed from        1.00000 to        1.00000
     CKIN(25)       changed from       -1.00000 to       -1.00000
     CKIN(26)       changed from        1.00000 to        1.00000
     CKIN(27)       changed from       -1.00000 to       -1.00000
     CKIN(28)       changed from        1.00000 to        1.00000
     CKIN(31)       changed from        2.00000 to        2.00000
     CKIN(32)       changed from       -1.00000 to       -1.00000
     CKIN(35)       changed from        0.00000 to        0.00000
     CKIN(36)       changed from       -1.00000 to       -1.00000
     CKIN(37)       changed from        0.00000 to        0.00000
     CKIN(38)       changed from       -1.00000 to       -1.00000
     CKIN(39)       changed from        4.00000 to        4.00000
     CKIN(40)       changed from       -1.00000 to       -1.00000
     CKIN(65)       changed from        0.00000 to        0.00000
     CKIN(66)       changed from       -1.00000 to       -1.00000
     CKIN(67)       changed from        0.00000 to        0.00000
     CKIN(68)       changed from       -1.00000 to       -1.00000
     CKIN(77)       changed from        2.00000 to        2.00000
     CKIN(78)       changed from       -1.00000 to       -1.00000
 *********************************************
 NOW all parameters are read by PYTHIA
 *********************************************
 SEED =     61882371
 RANLUX LUXURY LEVEL SET BY RLUXGO : 4     P= 389
 RANLUX INITIALIZED BY RLUXGO FROM SEEDS    61882371           0           0
   1385.5467775171937        5.0000000000000000       -1385.5467775171937       -5.00000000    
 *********************************************
 proton beam momentum:   130.000000     GeV
 lepton beam momentum:   5.00000000     GeV
 resulting sqrt(s):   50.999159064654847      GeV
 *********************************************
1****************** PYINIT: initialization of PYTHIA routines *****************
 ==== PYTHIA WILL USE LHAPDF ====
 *************************************
 *       LHAPDF Version 5.9.1        *
 *   Configured for the following:   *
 *             All PDFs              *
 *         FULL MEMORY option        *
 *    Maximum  3 concurrent set(s)   *
 *************************************

 >>>>>> PDF description: <<<<<<
 CTEQ6M                                                          
 Reference:                                                      
 J. Pumplin, D.R. Stump, J. Huston, H.L. Lai, P. Nadolsky,       
 W.K. Tung                                                       
 hep-ph/0201195                                                  
 This set has 41 member PDFs.                                    
     mem=0 --> central value (cteq6m)                            
     mem=1-40 --> 20 sets of +ve/-ve error values                
 >>>>>>                   <<<<<<

 ==============================================
 PDFset name /cvmfs/sft.cern.ch/lcg/external/lhapdfsets/5.9.1/share/PDFsets/cteq6mE.LHgrid   
 with         40 members
 ====  initialized. ===========================
 Strong coupling at Mz for PDF is:  0.11798

 ==============================================================================
 I                                                                            I
 I      PYTHIA will be initialized for gamma/e- on p+ user configuration      I
 I                                                                            I
 I                  px (GeV/c)   py (GeV/c)   pz (GeV/c)      E (GeV)         I
 I        gamma/e-       0.000        0.000       -5.000        5.000         I
 I        p+             0.000        0.000      130.000      130.003         I
 I                                                                            I
 I           corresponding to     50.999 GeV center-of-mass energy            I
 I                                                                            I
 ==============================================================================

 ******** PYMAXI: summary of differential cross-section maximum search ********

           ==========================================================
           I                                      I                 I
           I  ISUB  Subprocess name               I  Maximum value  I
           I                                      I                 I
           ==========================================================
           I                                      I                 I
           I   91   Elastic scattering            I    3.7997D-04   I
           I   92   Single diffractive (XB)       I    3.0335D-04   I
           I   93   Single diffractive (AX)       I    2.4979D-04   I
           I   94   Double  diffractive           I    2.1592D-04   I
           I   95   Low-pT scattering             I    1.8652D-03   I
           I   96   Semihard QCD 2 -> 2           I    1.5214D-02   I
           I                                      I                 I
           ==========================================================

 ******** PYMAXI: summary of differential cross-section maximum search ********

           ==========================================================
           I                                      I                 I
           I  ISUB  Subprocess name               I  Maximum value  I
           I                                      I                 I
           ==========================================================
           I                                      I                 I
           I  131   f + gamma*_T -> f + g         I    1.5905D-04   I
           I  132   f + gamma*_L -> f + g         I    9.0933D-06   I
           I  135   g + gamma*_T -> f + fbar      I    5.3735D-04   I
           I  136   g + gamma*_L -> f + fbar      I    8.4426D-05   I
           I                                      I                 I
           ==========================================================

 ******** PYMAXI: summary of differential cross-section maximum search ********

           ==========================================================
           I                                      I                 I
           I  ISUB  Subprocess name               I  Maximum value  I
           I                                      I                 I
           ==========================================================
           I                                      I                 I
           I   91   Elastic scattering            I    9.3475D-05   I
           I   92   Single diffractive (XB)       I    7.6284D-05   I
           I   93   Single diffractive (AX)       I    6.1116D-05   I
           I   94   Double  diffractive           I    5.3869D-05   I
           I   95   Low-pT scattering             I    4.9033D-04   I
           I   96   Semihard QCD 2 -> 2           I    8.9450D-03   I
           I                                      I                 I
           ==========================================================

 ******** PYMAXI: summary of differential cross-section maximum search ********

           ==========================================================
           I                                      I                 I
           I  ISUB  Subprocess name               I  Maximum value  I
           I                                      I                 I
           ==========================================================
           I                                      I                 I
           I   99   q + gamma* -> q               I    1.6391D-03   I
           I                                      I                 I
           ==========================================================

 ********************** PYINIT: initialization completed **********************
 the outputfile will be named: outfiles/ep_5_130_Q2_10_100_norad.out                                                                                                                                                                                                                           



                            Event listing (standard)

    I  particle/jet  K(I,1)   K(I,2) K(I,3)     K(I,4)      K(I,5)       P(I,1)       P(I,2)       P(I,3)       P(I,4)       P(I,5)

    1  !e-!              21        11    0           3           4      0.00000      0.00000     -5.00000      5.00000      0.00051
    2  !p+!              21      2212    0           5           0     -0.00000      0.00000    130.00000    130.00339      0.93827
 ==================================================================================================================================
    3  !e-!              21        11    1           0           0      2.60967     -1.44138     -3.08769      4.29206      0.00051
    4  !gamma!           21        22    1           0           0     -2.60967      1.44138     -1.91231      0.70794     -3.47041
    5  !p+!              21      2212    2           0           0     -0.00000      0.00000    130.00000    130.00339      0.93827
    6  !gamma!           21        22    4           0           0     -2.61304      1.44324     -1.90884      0.71479     -3.47041
    7  !c!               21         4    5           0           0      0.00006     -0.00003      2.29516      2.29516      0.00000
    8  !gamma!           21        22    6           0           0     -2.61304      1.44324     -1.90884      0.71479     -3.47041
    9  !c!               21         4    7           0           0      0.00006     -0.00003      2.29516      2.29516      0.00000
   10  !c!               21         4    9           0           0     -2.61299      1.44321      0.38632      3.00995      0.00000
 ==================================================================================================================================
   11  (D*-)             11      -413    5          17          18      0.27545      0.47152     65.75492     65.78790      2.01000
   12  e-                 1        11    3           0           0      2.60967     -1.44138     -3.08769      4.29206      0.00051
   13  (uu_1)        A   12      2203    5          19          19     -0.21063     -0.23659     58.47562     58.48156      0.77133
   14  (g)           I   12        21   10          19          19     -0.08150     -1.08517      2.22385      2.47583      0.00000
   15  (g)           I   12        21   10          19          19     -1.28522      1.19121      1.39607      2.24048      0.00000
   16  (c)           V   11         4   10          19          19     -1.30778      1.10042      0.23723      1.72554      0.00000
 ==================================================================================================================================
   17  (D-)              11      -411   11          25          26      0.23390      0.40884     60.44008     60.47082      1.86930
   18  (pi0)             11       111   11          27          28      0.04156      0.06268      5.31484      5.31708      0.13498
   19  (string)          11        92   13          20          24     -2.88513      0.96986     62.33277     64.92342     17.90005
   20  p+                 1      2212   19           0           0     -0.20504     -0.12397     50.15201     50.16136      0.93827
   21  nbar0              1     -2112   19           0           0      0.06798     -0.57593      6.58333      6.67528      0.93957
   22  (Delta+)          11      2214   19          29          30     -0.23169      0.39372      2.19139      2.56137      1.24489
   23  pbar-              1     -2212   19           0           0     -1.10345      0.43589      0.92319      1.77207      0.93827
   24  (Lambda_c+)       11      4122   19          31          33     -1.41293      0.84015      2.48286      3.75334      2.28490
   25  (K*0)             11       313   17          34          35      0.29230      0.63800     33.99116     34.00999      0.88793
   26  (rho-)            11      -213   17          36          37     -0.05840     -0.22916     26.44892     26.46082      0.75737
   27  gamma              1        22   18           0           0      0.04803      0.02498      0.70112      0.70321      0.00000
   28  gamma              1        22   18           0           0     -0.00647      0.03770      4.61372      4.61388      0.00000
   29  n0                 1      2112   22           0           0     -0.25100      0.27820      1.27739      1.62939      0.93957
   30  pi+                1       211   22           0           0      0.01932      0.11551      0.91400      0.93198      0.13957
   31  (Kbar0)           11      -311   24          38          38     -0.02415      0.58017      0.79255      1.10136      0.49767
   32  pi-                1      -211   24           0           0     -0.11177     -0.14571      0.05975      0.23827      0.13957
   33  (Delta++)         11      2224   24          39          40     -1.27701      0.40569      1.63056      2.41371      1.17131
   34  K+                 1       321   25           0           0      0.24862      0.12475     21.45848     21.46596      0.49360
   35  pi-                1      -211   25           0           0      0.04368      0.51325     12.53268     12.54403      0.13957
   36  pi-                1      -211   26           0           0      0.14311     -0.37441     21.23336     21.23761      0.13957
   37  (pi0)             11       111   26          41          42     -0.20151      0.14525      5.21556      5.22322      0.13498
   38  K_L0               1       130   31           0           0     -0.02415      0.58017      0.79255      1.10136      0.49767
   39  p+                 1      2212   33           0           0     -0.91232      0.23846      1.39669      1.92881      0.93827
   40  pi+                1       211   33           0           0     -0.36469      0.16723      0.23387      0.48491      0.13957
   41  gamma              1        22   37           0           0     -0.21262      0.12988      4.14079      4.14828      0.00000
   42  gamma              1        22   37           0           0      0.01111      0.01537      1.07477      1.07493      0.00000
 ==================================================================================================================================
                   sum charge:  0.00   sum momentum and inv. mass:     -0.00000      0.00000    125.00000    135.00339     50.99916



                            Event listing (standard)

    I  particle/jet  K(I,1)   K(I,2) K(I,3)     K(I,4)      K(I,5)       P(I,1)       P(I,2)       P(I,3)       P(I,4)       P(I,5)

    1  !e-!              21        11    0           3           4      0.00000      0.00000     -5.00000      5.00000      0.00051
    2  !p+!              21      2212    0           5           0     -0.00000      0.00000    130.00000    130.00339      0.93827
 ==================================================================================================================================
    3  !e-!              21        11    1           0           0     -2.88085     -2.95807     -3.78007      5.59807      0.00051
    4  !gamma!           21        22    1           0           0      2.88085      2.95807     -1.21993     -0.59807     -4.26380
    5  !p+!              21      2212    2           0           0     -0.00000      0.00000    130.00000    130.00339      0.93827
    6  !cbar!            21        -4    4           0           0      0.51490      1.00342      2.78671      3.00628     -0.00000
    7  !g!               21        21    5           0           0     -0.15974      0.11515     29.50219     29.50285     -0.00000
    8  !cbar!            21        -4    6           0           0      0.51490      1.00342      2.78671      3.00628      0.00000
    9  !g!               21        21    7           0           0     -0.15974      0.11515     29.50219     29.50285      0.00000
   10  !cbar!            21        -4    0           0           0     -0.32953      1.92907     27.15639     27.26811      1.50000
   11  !g!               21        21    0           0           0      0.68469     -0.81049      5.13250      5.24102      0.00000
 ==================================================================================================================================
   12  e-                 1        11    3           0           0     -2.88085     -2.95807     -3.78007      5.59807      0.00051
   13  (cbar)        A   12        -4   10          18          18     -0.32953      1.92907     27.15639     27.26811      1.50000
   14  (u)           V   11         2    5          18          18     -0.06064      0.26671     15.53029     15.53620      0.33000
   15  (c)           A   12         4    4          21          21      2.33096      1.91871     14.18038     14.57559      1.50000
   16  (g)           I   12        21   11          21          21      0.68469     -0.81049      5.13250      5.24102      0.00000
   17  (ud_0)        V   11      2101    5          21          21      0.25538     -0.34592     66.78050     66.78440      0.57933
   18  (cluster)         11        91   13          19          20     -0.39017      2.19578     42.68668     42.80431      2.25440
   19  (D*bar0)          11      -423   18          26          27     -0.40168      1.71097     35.72209     35.82155      2.00670
   20  (pi0)             11       111   18          28          29      0.01151      0.48481      6.96459      6.98276      0.13498
 ==================================================================================================================================
   21  (string)          11        92   15          22          25      3.27102      0.76229     86.09338     86.60101      8.73978
   22  (D*0)             11       423   21          30          31      1.34945      0.59994      9.52210      9.84267      2.00670
   23  pi+                1       211   21           0           0      0.76714      0.68306      7.39332      7.46564      0.13957
   24  (omega)           11       223   21          32          34      1.66647     -0.06968     16.66360     16.76550      0.79029
   25  n0                 1      2112   21           0           0     -0.51204     -0.45103     52.51437     52.52720      0.93957
   26  (Dbar0)           11      -421   19          35          37     -0.34968      1.56863     32.51387     32.60691      1.86450
   27  (pi0)             11       111   19          38          39     -0.05201      0.14234      3.20822      3.21464      0.13498
   28  gamma              1        22   20           0           0      0.06108      0.36193      4.71202      4.72629      0.00000
   29  gamma              1        22   20           0           0     -0.04957      0.12288      2.25258      2.25647      0.00000
   30  (D0)              11       421   22          40          42      1.27886      0.59920      8.90734      9.20932      1.86450
   31  (pi0)             11       111   22          43          44      0.07059      0.00074      0.61475      0.63335      0.13498
   32  pi+                1       211   24           0           0      0.85477     -0.16737      6.19098      6.25351      0.13957
   33  pi-                1      -211   24           0           0      0.68111     -0.00360      8.13363      8.16330      0.13957
   34  (pi0)             11       111   24          45          46      0.13059      0.10129      2.33899      2.34870      0.13498
   35  K+                 1       321   26           0           0      0.36425      0.41846     12.08779     12.11057      0.49360
   36  pi-                1      -211   26           0           0      0.02466      0.34582      3.87269      3.89068      0.13957
   37  (rho0)            11       113   26          47          48     -0.73859      0.80435     16.55339     16.60565      0.73525
   38  gamma              1        22   27           0           0     -0.06240      0.02894      0.60048      0.60440      0.00000
   39  gamma              1        22   27           0           0      0.01040      0.11340      2.60775      2.61023      0.00000
   40  mu+                1       -13   30           0           0      0.25702      0.06158      3.51546      3.52697      0.10566
   41  nu_mu              1        14   30           0           0      0.47359     -0.01329      0.71998      0.86187      0.00000
   42  (K*-)             11      -323   30          49          50      0.54825      0.55091      4.67190      4.82048      0.89794
   43  gamma              1        22   31           0           0     -0.00531      0.01251     -0.00022      0.01360      0.00000
   44  gamma              1        22   31           0           0      0.07590     -0.01177      0.61497      0.61975      0.00000
   45  gamma              1        22   34           0           0      0.01826      0.09886      1.18537      1.18963      0.00000
   46  gamma              1        22   34           0           0      0.11233      0.00244      1.15361      1.15907      0.00000
   47  pi+                1       211   37           0           0     -0.56628      0.90191     13.40888     13.45182      0.13957
   48  pi-                1      -211   37           0           0     -0.17231     -0.09756      3.14451      3.15383      0.13957
   49  (Kbar0)           11      -311   42          51          51      0.40338      0.69049      3.77989      3.89547      0.49767
   50  pi-                1      -211   42           0           0      0.14487     -0.13958      0.89202      0.92501      0.13957
   51  K_L0               1       130   49           0           0      0.40338      0.69049      3.77989      3.89547      0.49767
 ==================================================================================================================================
                   sum charge:  0.00   sum momentum and inv. mass:     -0.00000     -0.00000    125.00000    135.00339     50.99916



                            Event listing (standard)

    I  particle/jet  K(I,1)   K(I,2) K(I,3)     K(I,4)      K(I,5)       P(I,1)       P(I,2)       P(I,3)       P(I,4)       P(I,5)

    1  !e-!              21        11    0           3           4      0.00000      0.00000     -5.00000      5.00000      0.00051
    2  !p+!              21      2212    0           5           0     -0.00000      0.00000    130.00000    130.00339      0.93827
 ==================================================================================================================================
    3  !e-!              21        11    1           0           0     -4.07200      1.54652     -3.97952      5.89996      0.00051
    4  !gamma!           21        22    1           0           0      4.07200     -1.54652     -1.02048     -0.89996     -4.38228
    5  !p+!              21      2212    2           0           0      0.00000     -0.00000    130.00000    130.00339      0.93827
    6  !gamma!           21        22    4           0           0      4.18088     -1.58787      3.15407      3.27793     -4.38228
    7  !u!               21         2    5           0           0     -0.06491      0.02465     75.01685     75.01688      0.00000
    8  !gamma!           21        22    6           0           0      4.18088     -1.58787      3.15407      3.27793     -4.38228
    9  !u!               21         2    7           0           0     -0.06491      0.02465     75.01685     75.01688      0.00000
   10  !u!               21         2    9           0           0      4.11597     -1.56321     78.17093     78.29482      0.00000
 ==================================================================================================================================
   11  e-                 1        11    3           0           0     -4.07200      1.54652     -3.97952      5.89996      0.00051
   12  (u)           A   12         2   10          14          14      3.76830     -1.86358     74.13646     74.25555      0.00000
   13  (ud_0)        V   11      2101    5          14          14      0.30371      0.31706     54.84306     54.84788      0.57933
 ==================================================================================================================================
   14  (string)          11        92   12          15          17      4.07200     -1.54652    128.97952    129.10343      3.60653
   15  (rho+)            11       213   14          18          19      3.66128     -1.38971     81.56911     81.66724      0.82519
   16  pi-                1      -211   14           0           0     -0.15920     -0.24459      4.47886      4.49053      0.13957
   17  p+                 1      2212   14           0           0      0.56992      0.08779     42.93154     42.94566      0.93827
   18  pi+                1       211   15           0           0      3.24750     -1.35655     75.70955     75.79143      0.13957
   19  (pi0)             11       111   15          20          21      0.41378     -0.03316      5.85957      5.87580      0.13498
   20  gamma              1        22   19           0           0      0.35019     -0.01794      4.08184      4.09687      0.00000
   21  gamma              1        22   19           0           0      0.06359     -0.01522      1.77773      1.77893      0.00000
 ==================================================================================================================================
                   sum charge:  0.00   sum momentum and inv. mass:     -0.00000      0.00000    125.00000    135.00339     50.99916



                            Event listing (standard)

    I  particle/jet  K(I,1)   K(I,2) K(I,3)     K(I,4)      K(I,5)       P(I,1)       P(I,2)       P(I,3)       P(I,4)       P(I,5)

    1  !e-!              21        11    0           3           4      0.00000      0.00000     -5.00000      5.00000      0.00051
    2  !p+!              21      2212    0           5           0     -0.00000      0.00000    130.00000    130.00339      0.93827
 ==================================================================================================================================
    3  !e-!              21        11    1           0           0     -7.82423     -0.36874     -0.56014      7.85292      0.00051
    4  !gamma!           21        22    1           0           0      7.82423      0.36874     -4.43986     -2.85292     -8.53978
    5  !p+!              21      2212    2           0           0      0.00000     -0.00000    130.00000    130.00339      0.93827
    6  !gamma!           21        22    4           0           0      7.84091      0.36953     -4.35148     -2.76115     -8.53978
    7  !u!               21         2    5           0           0     -0.00294     -0.00014     22.91401     22.91401      0.00000
    8  !gamma!           21        22    6           0           0      7.84091      0.36953     -4.35148     -2.76115     -8.53978
    9  !u!               21         2    7           0           0     -0.00294     -0.00014     22.91401     22.91401      0.00000
   10  !u!               21         2    9           0           0      7.83796      0.36939     18.56253     20.15286      0.00000
 ==================================================================================================================================
   11  e-                 1        11    3           0           0     -7.82423     -0.36874     -0.56014      7.85292      0.00051
   12  (ud_0)        A   12      2101    5          21          21      0.08781      0.08511     66.19966     66.20230      0.57933
   13  (g)           I   12        21   10          21          21      0.32941      1.68348      5.02182      5.30672      0.00000
   14  (g)           I   12        21   10          21          21      1.12971     -0.18339      2.91030      3.12725      0.00000
   15  (g)           I   12        21   10          21          21      1.03208     -1.03581      6.10844      6.28102      0.00000
   16  (g)           I   12        21   10          21          21      1.45218     -1.46379      4.00497      4.50459      0.00000
   17  (g)           I   12        21   10          21          21     -0.33007     -0.10091      0.47990      0.59113      0.00000
   18  (g)           I   12        21   10          21          21     -0.03724     -0.06648      0.04133      0.08669      0.00000
   19  (g)           I   12        21   10          21          21      1.26471      1.05467     16.46024     16.54241      0.00000
   20  (u)           V   11         2   10          21          21      2.89563      0.39586     24.33348     24.50836      0.00000
 ==================================================================================================================================
   21  (string)          11        92   12          22          32      7.82423      0.36874    125.56014    127.15047     18.45368
   22  n0                 1      2112   21           0           0      0.28710      0.13386     33.70381     33.71840      0.93957
   23  (rho+)            11       213   21          33          34     -0.76713     -0.09856     18.73870     18.77773      0.93060
   24  (rho-)            11      -213   21          35          36      0.53238      0.99348     13.40772     13.48269      0.86342
   25  nbar0              1     -2112   21           0           0      1.50941     -0.64037      7.52910      7.76264      0.93957
   26  n0                 1      2112   21           0           0      0.46560     -0.00823      3.04423      3.21978      0.93957
   27  (pi0)             11       111   21          37          38      0.49262      0.52478      1.00749      1.24552      0.13498
   28  (rho+)            11       213   21          39          40      0.40414     -0.43429      1.78596      2.00945      0.70448
   29  (pi0)             11       111   21          41          42      1.89990     -1.13118      6.30120      6.67926      0.13498
   30  (omega)           11       223   21          43          45      0.88344      0.19463     15.26724     15.31291      0.76042
   31  pi-                1      -211   21           0           0      0.47941      0.80040      9.31199      9.35966      0.13957
   32  (rho+)            11       213   21          46          47      1.63736      0.03421     15.46269     15.58244      1.01760
   33  pi+                1       211   23           0           0     -0.74295     -0.41658     13.10430     13.13270      0.13957
   34  (pi0)             11       111   23          48          49     -0.02418      0.31803      5.63439      5.64503      0.13498
   35  pi-                1      -211   24           0           0      0.66203      0.80584      8.05800      8.12641      0.13957
   36  (pi0)             11       111   24          50          51     -0.12965      0.18764      5.34972      5.35628      0.13498
   37  gamma              1        22   27           0           0      0.26761      0.24471      0.40129      0.54086      0.00000
   38  gamma              1        22   27           0           0      0.22501      0.28008      0.60619      0.70466      0.00000
   39  pi+                1       211   28           0           0     -0.02104     -0.23337      1.26781      1.29682      0.13957
   40  (pi0)             11       111   28          52          53      0.42518     -0.20092      0.51815      0.71263      0.13498
   41  gamma              1        22   29           0           0      0.16197     -0.09142      0.65227      0.67827      0.00000
   42  gamma              1        22   29           0           0      1.73793     -1.03976      5.64893      6.00099      0.00000
   43  pi+                1       211   30           0           0      0.01300      0.18614      2.88451      2.89391      0.13957
   44  pi-                1      -211   30           0           0      0.48355      0.12777      7.23915      7.25774      0.13957
   45  (pi0)             11       111   30          54          55      0.38689     -0.11928      5.14358      5.16126      0.13498
   46  pi+                1       211   32           0           0      0.53956     -0.38310      3.77359      3.83371      0.13957
   47  (pi0)             11       111   32          56          57      1.09780      0.41731     11.68910     11.74872      0.13498
   48  gamma              1        22   34           0           0     -0.07636      0.24126      4.24751      4.25504      0.00000
   49  gamma              1        22   34           0           0      0.05218      0.07677      1.38689      1.38999      0.00000
   50  gamma              1        22   36           0           0     -0.09695      0.03489      2.69441      2.69637      0.00000
   51  gamma              1        22   36           0           0     -0.03270      0.15276      2.65531      2.65990      0.00000
   52  gamma              1        22   40           0           0      0.05799     -0.07287      0.05611      0.10872      0.00000
   53  gamma              1        22   40           0           0      0.36719     -0.12805      0.46204      0.60391      0.00000
   54  gamma              1        22   45           0           0      0.38361     -0.12730      5.12309      5.13901      0.00000
   55  gamma              1        22   45           0           0      0.00328      0.00802      0.02049      0.02225      0.00000
   56  gamma              1        22   47           0           0      1.07329      0.42188     11.25955     11.31846      0.00000
   57  gamma              1        22   47           0           0      0.02451     -0.00457      0.42955      0.43027      0.00000
 ==================================================================================================================================
                   sum charge:  0.00   sum momentum and inv. mass:     -0.00000     -0.00000    125.00000    135.00339     50.99916



                            Event listing (standard)

    I  particle/jet  K(I,1)   K(I,2) K(I,3)     K(I,4)      K(I,5)       P(I,1)       P(I,2)       P(I,3)       P(I,4)       P(I,5)

    1  !e-!              21        11    0           3           4      0.00000      0.00000     -5.00000      5.00000      0.00051
    2  !p+!              21      2212    0           5           0     -0.00000      0.00000    130.00000    130.00339      0.93827
 ==================================================================================================================================
    3  !e-!              21        11    1           0           0      4.31868      3.57128     -2.68267      6.21303      0.00051
    4  !gamma!           21        22    1           0           0     -4.31868     -3.57128     -2.31733     -1.21303     -5.94168
    5  !p+!              21      2212    2           0           0     -0.00000     -0.00000    130.00000    130.00339      0.93827
    6  !gamma!           21        22    4           0           0     -4.33191     -3.58221     -2.22666     -1.11897     -5.94168
    7  !u!               21         2    5           0           0      0.00162      0.00134     15.92503     15.92503      0.00000
    8  !gamma!           21        22    6           0           0     -4.33191     -3.58221     -2.22666     -1.11897     -5.94168
    9  !u!               21         2    7           0           0      0.00162      0.00134     15.92503     15.92503      0.00000
   10  !u!               21         2    9           0           0     -4.33029     -3.58087     13.69837     14.80606      0.00000
 ==================================================================================================================================
   11  e-                 1        11    3           0           0      4.31868      3.57128     -2.68267      6.21303      0.00051
   12  (u)           A   12         2   10          14          14     -4.17765     -3.90039     14.21944     15.32509      0.00000
   13  (ud_0)        V   11      2101    5          14          14     -0.14103      0.32911    113.46323    113.46527      0.57933
 ==================================================================================================================================
   14  (string)          11        92   12          15          21     -4.31868     -3.57128    127.68267    128.79036     15.89615
   15  pi+                1       211   14           0           0     -0.71198     -0.67718      2.73174      2.90643      0.13957
   16  (omega)           11       223   14          22          24     -2.94567     -2.42603     11.02631     11.69406      0.78048
   17  (rho-)            11      -213   14          25          26     -0.14603     -0.76933      4.03788      4.18364      0.76496
   18  (K*+)             11       323   14          27          28      0.22646      0.15287     10.52649     10.57045      0.92345
   19  (K*-)             11      -323   14          29          30      0.03137     -0.20404     16.01048     16.03549      0.87108
   20  (rho+)            11       213   14          31          32     -0.96833      0.04936     14.91560     14.95871      0.58976
   21  n0                 1      2112   14           0           0      0.19550      0.30306     68.43418     68.44158      0.93957
   22  pi-                1      -211   16           0           0     -0.60143     -0.77704      2.93284      3.09621      0.13957
   23  pi+                1       211   16           0           0     -1.36087     -1.15341      4.81256      5.13445      0.13957
   24  (pi0)             11       111   16          33          34     -0.98337     -0.49558      3.28090      3.46340      0.13498
   25  pi-                1      -211   17           0           0      0.09011      0.09247      0.64098      0.66859      0.13957
   26  (pi0)             11       111   17          35          36     -0.23614     -0.86180      3.39690      3.51505      0.13498
   27  (K0)              11       311   18          37          37      0.42840      0.04953      8.66694      8.69192      0.49767
   28  pi+                1       211   18           0           0     -0.20194      0.10334      1.85955      1.87853      0.13957
   29  (Kbar0)           11      -311   19          38          38     -0.01108     -0.33796      8.01353      8.03609      0.49767
   30  pi-                1      -211   19           0           0      0.04244      0.13392      7.99695      7.99940      0.13957
   31  pi+                1       211   20           0           0     -0.40806      0.27987      6.68667      6.70640      0.13957
   32  (pi0)             11       111   20          39          40     -0.56028     -0.23051      8.22893      8.25231      0.13498
   33  gamma              1        22   24           0           0     -0.53800     -0.33475      1.76717      1.87733      0.00000
   34  gamma              1        22   24           0           0     -0.44537     -0.16083      1.51374      1.58607      0.00000
   35  gamma              1        22   26           0           0     -0.07813     -0.26846      1.32023      1.34952      0.00000
   36  gamma              1        22   26           0           0     -0.15801     -0.59333      2.07666      2.16553      0.00000
   37  (K_S0)            11       310   27          41          42      0.42840      0.04953      8.66694      8.69192      0.49767
   38  K_L0               1       130   29           0           0     -0.01108     -0.33796      8.01353      8.03609      0.49767
   39  gamma              1        22   32           0           0     -0.21986     -0.14844      3.02609      3.03770      0.00000
   40  gamma              1        22   32           0           0     -0.34042     -0.08207      5.20284      5.21461      0.00000
   41  pi+                1       211   37           0           0      0.42967     -0.05566      7.24433      7.25862      0.13957
   42  pi-                1      -211   37           0           0     -0.00127      0.10519      1.42260      1.43330      0.13957
 ==================================================================================================================================
                   sum charge:  0.00   sum momentum and inv. mass:     -0.00000     -0.00000    125.00000    135.00339     50.99916



                            Event listing (standard)

    I  particle/jet  K(I,1)   K(I,2) K(I,3)     K(I,4)      K(I,5)       P(I,1)       P(I,2)       P(I,3)       P(I,4)       P(I,5)

    1  !e-!              21        11    0           3           4      0.00000      0.00000     -5.00000      5.00000      0.00051
    2  !p+!              21      2212    0           5           0     -0.00000      0.00000    130.00000    130.00339      0.93827
 ==================================================================================================================================
    3  !e-!              21        11    1           0           0     -0.83220      2.98635     -3.97615      5.04188      0.00051
    4  !gamma!           21        22    1           0           0      0.83220     -2.98635     -1.02385     -0.04188     -3.26456
    5  !p+!              21      2212    2           0           0     -0.00000     -0.00000    130.00000    130.00339      0.93827
    6  !gamma!           21        22    4           0           0      0.83506     -2.99664     -0.99004     -0.00468     -3.26456
    7  !dbar!            21        -1    5           0           0     -0.00012      0.00043      5.40648      5.40648      0.00000
    8  !gamma!           21        22    6           0           0      0.83506     -2.99664     -0.99004     -0.00468     -3.26456
    9  !dbar!            21        -1    7           0           0     -0.00012      0.00043      5.40648      5.40648      0.00000
   10  !dbar!            21        -1    9           0           0      0.83495     -2.99621      4.41644      5.40179      0.00000
 ==================================================================================================================================
   11  (Delta+)          11      2214    5          18          19      0.00663      0.31272    122.95107    122.95744      1.21211
   12  e-                 1        11    3           0           0     -0.83220      2.98635     -3.97615      5.04188      0.00051
   13  (dbar)        A   12        -1   10          15          15      0.71396     -2.49987      3.70987      4.53015      0.00000
   14  (d)           V   11         1    5          15          15      0.11161     -0.79920      2.31521      2.47392      0.33000
   15  (cluster)         11        91   13          16          17      0.82556     -3.29907      6.02508      7.00406      1.09083
   16  (pi0)             11       111   15          20          21      0.41837     -0.71669      2.31886      2.46658      0.13498
   17  (pi0)             11       111   15          22          23      0.40720     -2.58238      3.70622      4.53748      0.13498
 ==================================================================================================================================
   18  p+                 1      2212   11           0           0     -0.11648      0.31963     83.75606     83.76200      0.93827
   19  (pi0)             11       111   11          24          25      0.12311     -0.00692     39.19501     39.19544      0.13498
   20  gamma              1        22   16           0           0      0.13577     -0.35414      1.12953      1.19151      0.00000
   21  gamma              1        22   16           0           0      0.28259     -0.36255      1.18933      1.27507      0.00000
   22  gamma              1        22   17           0           0      0.31292     -1.68689      2.35304      2.91210      0.00000
   23  gamma              1        22   17           0           0      0.09427     -0.89548      1.35318      1.62538      0.00000
   24  gamma              1        22   19           0           0      0.03210      0.00949     28.68412     28.68414      0.00000
   25  gamma              1        22   19           0           0      0.09101     -0.01641     10.51089     10.51130      0.00000
 ==================================================================================================================================
                   sum charge:  0.00   sum momentum and inv. mass:      0.00000     -0.00000    125.00000    135.00339     50.99916



                            Event listing (standard)

    I  particle/jet  K(I,1)   K(I,2) K(I,3)     K(I,4)      K(I,5)       P(I,1)       P(I,2)       P(I,3)       P(I,4)       P(I,5)

    1  !e-!              21        11    0           3           4      0.00000      0.00000     -5.00000      5.00000      0.00051
    2  !p+!              21      2212    0           5           0     -0.00000      0.00000    130.00000    130.00339      0.93827
 ==================================================================================================================================
    3  !e-!              21        11    1           0           0      2.97489      0.05053     -3.33776      4.47137      0.00051
    4  !gamma!           21        22    1           0           0     -2.97489     -0.05053     -1.66224      0.52863     -3.36691
    5  !p+!              21      2212    2           0           0     -0.00000      0.00000    130.00000    130.00339      0.93827
    6  !gamma!           21        22    4           0           0     -2.97948     -0.05061     -1.65682      0.53744     -3.36691
    7  !ubar!            21        -2    5           0           0      0.00009      0.00000      2.58300      2.58300      0.00000
    8  !gamma!           21        22    6           0           0     -2.97948     -0.05061     -1.65682      0.53744     -3.36691
    9  !ubar!            21        -2    7           0           0      0.00009      0.00000      2.58300      2.58300      0.00000
   10  !ubar!            21        -2    9           0           0     -2.97939     -0.05061      0.92618      3.12044      0.00000
 ==================================================================================================================================
   11  (Delta+)          11      2214    5          15          16      0.19664      0.07724     84.65566     84.66539      1.26591
   12  e-                 1        11    3           0           0      2.97489      0.05053     -3.33776      4.47137      0.00051
   13  (ubar)        A   12        -2   10          17          17     -3.52031     -0.36910      1.78161      3.96270      0.00000
   14  (u)           V   11         2    5          17          17      0.34879      0.24132     41.90048     41.90393      0.33000
 ==================================================================================================================================
   15  p+                 1      2212   11           0           0      0.15204      0.31653     63.63931     63.64720      0.93827
   16  (pi0)             11       111   11          25          26      0.04460     -0.23929     21.01635     21.01819      0.13498
   17  (string)          11        92   13          18          24     -3.17152     -0.12777     43.68210     45.86663     13.62157
   18  pi-                1      -211   17           0           0     -0.60547     -0.31220      0.66147      0.95973      0.13957
   19  (omega)           11       223   17          27          28     -1.02418      0.22762      0.69600      1.48162      0.78104
   20  nbar0              1     -2112   17           0           0     -1.20031     -0.35214      1.21190      1.97895      0.93957
   21  p+                 1      2212   17           0           0      0.02456      0.18170      2.32016      2.50941      0.93827
   22  K-                 1      -321   17           0           0     -0.26981     -0.82791      5.79710      5.88288      0.49360
   23  (phi)             11       333   17          29          30     -0.39179      0.75062     19.52686     19.57161      1.01625
   24  K+                 1       321   17           0           0      0.29548      0.20453     13.46860     13.48244      0.49360
   25  gamma              1        22   16           0           0      0.03108     -0.19283     19.67645     19.67742      0.00000
   26  gamma              1        22   16           0           0      0.01352     -0.04647      1.33990      1.34077      0.00000
   27  gamma              1        22   19           0           0     -0.02475      0.29519      0.13415      0.32519      0.00000
   28  (pi0)             11       111   19          31          32     -0.99944     -0.06758      0.56185      1.15643      0.13498
   29  K_L0               1       130   23           0           0     -0.22408      0.26341      9.17909      9.19908      0.49767
   30  (K_S0)            11       310   23          33          34     -0.16771      0.48722     10.34777     10.37253      0.49767
   31  gamma              1        22   28           0           0     -0.88974     -0.09901      0.47822      1.01496      0.00000
   32  gamma              1        22   28           0           0     -0.10969      0.03144      0.08363      0.14147      0.00000
   33  (pi0)             11       111   30          35          36     -0.03227      0.44174      8.82442      8.83656      0.13498
   34  (pi0)             11       111   30          37          38     -0.13544      0.04548      1.52334      1.53597      0.13498
   35  gamma              1        22   33           0           0     -0.06118      0.37387      7.95492      7.96393      0.00000
   36  gamma              1        22   33           0           0      0.02891      0.06786      0.86950      0.87263      0.00000
   37  gamma              1        22   34           0           0     -0.11968     -0.02664      0.97686      0.98452      0.00000
   38  gamma              1        22   34           0           0     -0.01576      0.07212      0.54649      0.55145      0.00000
 ==================================================================================================================================
                   sum charge:  0.00   sum momentum and inv. mass:      0.00000      0.00000    125.00000    135.00339     50.99916



                            Event listing (standard)

    I  particle/jet  K(I,1)   K(I,2) K(I,3)     K(I,4)      K(I,5)       P(I,1)       P(I,2)       P(I,3)       P(I,4)       P(I,5)

    1  !e-!              21        11    0           3           4      0.00000      0.00000     -5.00000      5.00000      0.00051
    2  !p+!              21      2212    0           5           0     -0.00000      0.00000    130.00000    130.00339      0.93827
 ==================================================================================================================================
    3  !e-!              21        11    1           0           0     -3.19543     -0.22827     -4.35874      5.40939      0.00051
    4  !gamma!           21        22    1           0           0      3.19543      0.22827     -0.64126     -0.40939     -3.24137
    5  !p+!              21      2212    2           0           0      0.00000     -0.00000    130.00000    130.00339      0.93827
    6  !gamma!           21        22    4           0           0      3.24175      0.23158      0.00151      0.23675     -3.24137
    7  !u!               21         2    5           0           0     -0.00796     -0.00057     22.22117     22.22118      0.00000
    8  !gamma!           21        22    6           0           0      3.24175      0.23158      0.00151      0.23675     -3.24137
    9  !u!               21         2    7           0           0     -0.00796     -0.00057     22.22117     22.22118      0.00000
   10  !u!               21         2    9           0           0      3.23379      0.23101     22.22268     22.45792      0.00000
 ==================================================================================================================================
   11  e-                 1        11    3           0           0     -3.19543     -0.22827     -4.35874      5.40939      0.00051
   12  (ud_0)        A   12      2101    5          15          15      0.49366      0.54734    106.31279    106.31692      0.57933
   13  (g)           I   12        21   10          15          15      2.73247     -0.68795     21.66091     21.84341      0.00000
   14  (u)           V   11         2   10          15          15     -0.03070      0.36889      1.38505      1.43366      0.00000
 ==================================================================================================================================
   15  (string)          11        92   12          16          21      3.19543      0.22827    129.35874    129.59399      7.11727
   16  n0                 1      2112   15           0           0      0.43238     -0.07197     54.21553     54.22544      0.93957
   17  (rho+)            11       213   15          22          23     -0.14951      0.37837     28.07723     28.09912      1.03157
   18  (rho-)            11      -213   15          24          25      1.07097     -0.19876     21.62732     21.66883      0.78151
   19  pi+                1       211   15           0           0      0.69793      0.02685      6.84725      6.88419      0.13957
   20  (eta)             11       221   15          26          28      0.31797      0.30779     10.54076     10.56424      0.54745
   21  (eta')            11       331   15          29          31      0.82569     -0.21401      8.05064      8.15216      0.95771
   22  pi+                1       211   17           0           0     -0.06188     -0.14050      1.30607      1.32245      0.13957
   23  (pi0)             11       111   17          32          33     -0.08763      0.51887     26.77116     26.77667      0.13498
   24  pi-                1      -211   18           0           0      0.39072     -0.21677     14.56449     14.57201      0.13957
   25  (pi0)             11       111   18          34          35      0.68025      0.01801      7.06283      7.09682      0.13498
   26  pi-                1      -211   20           0           0      0.07865      0.04014      1.70240      1.71040      0.13957
   27  pi+                1       211   20           0           0      0.03470      0.12885      1.90373      1.91350      0.13957
   28  (pi0)             11       111   20          36          37      0.20462      0.13880      6.93463      6.94035      0.13498
   29  (pi0)             11       111   21          38          39      0.20118      0.09356      1.15262      1.18152      0.13498
   30  (pi0)             11       111   21          40          41      0.04819     -0.11925      1.33680      1.34974      0.13498
   31  (eta)             11       221   21          42          44      0.57632     -0.18832      5.56122      5.62090      0.54745
   32  gamma              1        22   23           0           0     -0.08342      0.20365     13.31941     13.32122      0.00000
   33  gamma              1        22   23           0           0     -0.00422      0.31522     13.45175     13.45544      0.00000
   34  gamma              1        22   25           0           0      0.24338      0.03126      3.18448      3.19392      0.00000
   35  gamma              1        22   25           0           0      0.43687     -0.01325      3.87836      3.90291      0.00000
   36  gamma              1        22   28           0           0      0.10858      0.12281      2.96725      2.97177      0.00000
   37  gamma              1        22   28           0           0      0.09604      0.01599      3.96738      3.96858      0.00000
   38  gamma              1        22   29           0           0      0.18606      0.06857      1.12126      1.13866      0.00000
   39  gamma              1        22   29           0           0      0.01511      0.02500      0.03137      0.04286      0.00000
   40  gamma              1        22   30           0           0      0.03777     -0.13996      0.84131      0.85371      0.00000
   41  gamma              1        22   30           0           0      0.01043      0.02071      0.49549      0.49603      0.00000
   42  (pi0)             11       111   31          45          46      0.23231     -0.02885      3.11848      3.13016      0.13498
   43  (pi0)             11       111   31          47          48      0.07999     -0.01889      0.74822      0.76473      0.13498
   44  (pi0)             11       111   31          49          50      0.26402     -0.14058      1.69452      1.72601      0.13498
   45  gamma              1        22   42           0           0      0.16386     -0.07361      2.47472      2.48124      0.00000
   46  gamma              1        22   42           0           0      0.06845      0.04476      0.64375      0.64893      0.00000
   47  gamma              1        22   43           0           0      0.04821     -0.02532      0.71908      0.72114      0.00000
   48  gamma              1        22   43           0           0      0.03177      0.00643      0.02914      0.04359      0.00000
   49  gamma              1        22   44           0           0      0.26858     -0.12722      1.67868      1.70478      0.00000
   50  gamma              1        22   44           0           0     -0.00456     -0.01336      0.01584      0.02122      0.00000
 ==================================================================================================================================
                   sum charge:  0.00   sum momentum and inv. mass:     -0.00000     -0.00000    125.00000    135.00339     50.99916



                            Event listing (standard)

    I  particle/jet  K(I,1)   K(I,2) K(I,3)     K(I,4)      K(I,5)       P(I,1)       P(I,2)       P(I,3)       P(I,4)       P(I,5)

    1  !e-!              21        11    0           3           4      0.00000      0.00000     -5.00000      5.00000      0.00051
    2  !p+!              21      2212    0           5           0     -0.00000      0.00000    130.00000    130.00339      0.93827
 ==================================================================================================================================
    3  !e-!              21        11    1           0           0      1.75240     -2.64842     -4.23762      5.29551      0.00051
    4  !gamma!           21        22    1           0           0     -1.75240      2.64842     -0.76238     -0.29551     -3.25253
    5  !p+!              21      2212    2           0           0     -0.00000      0.00000    130.00000    130.00339      0.93827
    6  !gamma!           21        22    4           0           0     -1.76508      2.66759     -0.60446     -0.13421     -3.25253
    7  !u!               21         2    5           0           0      0.00110     -0.00166     11.23454     11.23454      0.00000
    8  !gamma!           21        22    6           0           0     -1.76508      2.66759     -0.60446     -0.13421     -3.25253
    9  !u!               21         2    7           0           0      0.00110     -0.00166     11.23454     11.23454      0.00000
   10  !u!               21         2    9           0           0     -1.76398      2.66593     10.63008     11.10033      0.00000
 ==================================================================================================================================
   11  e-                 1        11    3           0           0      1.75240     -2.64842     -4.23762      5.29551      0.00051
   12  (ud_0)        A   12      2101    5          15          15      0.01945      0.80774    115.44611    115.45039      0.57933
   13  (g)           I   12        21   10          15          15     -0.64247      0.59565     10.72294     10.75867      0.00000
   14  (u)           V   11         2   10          15          15     -1.12938      1.24502      3.06857      3.49881      0.00000
 ==================================================================================================================================
   15  (string)          11        92   12          16          21     -1.75240      2.64842    129.23762    129.70788     10.56816
   16  n0                 1      2112   15           0           0     -0.23966      0.75610     61.72080     61.73305      0.93957
   17  (omega)           11       223   15          22          24     -0.07201      0.47830     13.91151     13.94386      0.81676
   18  pi+                1       211   15           0           0      0.44913     -0.34312     26.25257     26.25903      0.13957
   19  pi-                1      -211   15           0           0     -0.73553     -0.04519     20.48035     20.49408      0.13957
   20  (pi0)             11       111   15          25          26     -0.41099      0.41089      1.80798      1.90388      0.13498
   21  (rho+)            11       213   15          27          28     -0.74335      1.39145      5.06440      5.37398      0.86189
   22  pi+                1       211   17           0           0      0.13179      0.01359      1.16335      1.17915      0.13957
   23  pi-                1      -211   17           0           0     -0.11137      0.22257      3.39338      3.40536      0.13957
   24  (pi0)             11       111   17          29          30     -0.09242      0.24214      9.35479      9.35935      0.13498
   25  gamma              1        22   20           0           0     -0.20420      0.12899      0.61509      0.66081      0.00000
   26  gamma              1        22   20           0           0     -0.20679      0.28190      1.19289      1.24306      0.00000
   27  pi+                1       211   21           0           0     -0.80730      0.88197      2.79323      3.04158      0.13957
   28  (pi0)             11       111   21          31          32      0.06396      0.50948      2.27117      2.33240      0.13498
   29  gamma              1        22   24           0           0      0.00621      0.00048      0.02079      0.02170      0.00000
   30  gamma              1        22   24           0           0     -0.09863      0.24167      9.33400      9.33765      0.00000
   31  gamma              1        22   28           0           0     -0.03012      0.25572      0.98811      1.02111      0.00000
   32  gamma              1        22   28           0           0      0.09408      0.25376      1.28306      1.31129      0.00000
 ==================================================================================================================================
                   sum charge:  0.00   sum momentum and inv. mass:     -0.00000      0.00000    125.00000    135.00339     50.99916



                            Event listing (standard)

    I  particle/jet  K(I,1)   K(I,2) K(I,3)     K(I,4)      K(I,5)       P(I,1)       P(I,2)       P(I,3)       P(I,4)       P(I,5)

    1  !e-!              21        11    0           3           4      0.00000      0.00000     -5.00000      5.00000      0.00051
    2  !p+!              21      2212    0           5           0     -0.00000      0.00000    130.00000    130.00339      0.93827
 ==================================================================================================================================
    3  !e-!              21        11    1           0           0      1.51477     -2.93459     -3.79166      5.02822      0.00051
    4  !gamma!           21        22    1           0           0     -1.51477      2.93459     -1.20834     -0.02822     -3.51648
    5  !p+!              21      2212    2           0           0     -0.00000      0.00000    130.00000    130.00339      0.93827
    6  !gamma!           21        22    4           0           0     -1.51911      2.94301     -1.18179      0.00171     -3.51648
    7  !ubar!            21        -2    5           0           0      0.00017     -0.00034      5.22311      5.22311      0.00000
    8  !gamma!           21        22    6           0           0     -1.51911      2.94301     -1.18179      0.00171     -3.51648
    9  !ubar!            21        -2    7           0           0      0.00017     -0.00034      5.22311      5.22311      0.00000
   10  !ubar!            21        -2    9           0           0     -1.51894      2.94267      4.04131      5.22481      0.00000
 ==================================================================================================================================
   11  (Delta++)         11      2224    5          16          17     -0.21730      0.13933     76.19931     76.21172      1.35047
   12  e-                 1        11    3           0           0      1.51477     -2.93459     -3.79166      5.02822      0.00051
   13  (d)           A   12         1    5          18          18      0.57769     -0.03690     46.71101     46.71576      0.33000
   14  (g)           I   12        21   10          18          18     -0.31719      0.45980      2.81316      2.86808      0.00000
   15  (ubar)        V   11        -2   10          18          18     -1.55796      2.37237      3.06818      4.17960      0.00000
 ==================================================================================================================================
   16  p+                 1      2212   11           0           0      0.06475      0.07674     67.31025     67.31686      0.93827
   17  pi+                1       211   11           0           0     -0.28206      0.06258      8.88906      8.89485      0.13957
   18  (string)          11        92   13          19          22     -1.29746      2.79526     52.59235     53.76345     10.72643
   19  (Sigma-)          11      3112   18          23          24      0.55056     -0.26663     29.37510     29.40586      1.19744
   20  (Sigmabar+)       11     -3112   18          25          26     -0.52878      1.04551     20.16241     20.23189      1.19744
   21  (pi0)             11       111   18          27          28     -1.14519      1.38173      1.22744      2.17841      0.13498
   22  pi-                1      -211   18           0           0     -0.17406      0.63465      1.82740      1.94729      0.13957
   23  n0                 1      2112   19           0           0      0.42672     -0.39717     22.76381     22.79065      0.93957
   24  pi-                1      -211   19           0           0      0.12384      0.13054      6.61129      6.61521      0.13957
   25  nbar0              1     -2112   20           0           0     -0.37902      0.87972     18.51449     18.56305      0.93957
   26  pi+                1       211   20           0           0     -0.14976      0.16580      1.64791      1.66884      0.13957
   27  gamma              1        22   21           0           0     -0.33639      0.49644      0.44157      0.74471      0.00000
   28  gamma              1        22   21           0           0     -0.80881      0.88529      0.78587      1.43370      0.00000
 ==================================================================================================================================
                   sum charge:  0.00   sum momentum and inv. mass:      0.00000     -0.00000    125.00000    135.00339     50.99916

 Advisory warning: maximum violated by  1.201D+00 in event     578
 XSEC(96,1) increased to  1.075D-02

 Advisory warning: maximum violated by  1.116D+00 in event     752
 XSEC(96,1) increased to  1.199D-02

 Advisory warning: maximum violated by  1.052D+00 in event     846
 XSEC(96,1) increased to  1.262D-02

 Advisory warning: maximum violated by  1.414D+00 in event    1555
 XSEC(96,1) increased to  1.784D-02

 Advisory warning: maximum violated by  1.029D+00 in event    6196
 XSEC(96,1) increased to  1.837D-02

 Advisory warning: maximum violated by  1.265D+00 in event   18717
 XSEC(96,1) increased to  2.324D-02
1********* PYSTAT:  Statistics on Number of Events and Cross-sections *********

 ==============================================================================
 I                                  I                            I            I
 I            Subprocess            I      Number of points      I    Sigma   I
 I                                  I                            I            I
 I----------------------------------I----------------------------I    (mb)    I
 I                                  I                            I            I
 I N:o Type                         I    Generated         Tried I            I
 I                                  I                            I            I
 ==============================================================================
 I                                  I                            I            I
 I   0 All included subprocesses    I       500000      92018308 I  3.593D-05 I
 I  11 f + f' -> f + f' (QCD)       I         2105             0 I  2.863D-07 I
 I  12 f + fbar -> f' + fbar'       I           45             0 I  7.862D-09 I
 I  13 f + fbar -> g + g            I           48             0 I  6.770D-09 I
 I  28 f + g -> f + g               I         4960             0 I  5.781D-07 I
 I  53 g + g -> f + fbar            I           59             0 I  5.511D-09 I
 I  68 g + g -> g + g               I         2495             0 I  2.367D-07 I
 I  91 Elastic scattering           I         6612       6759628 I  4.653D-07 I
 I  92 Single diffractive (XB)      I         3252       5424308 I  2.195D-07 I
 I  93 Single diffractive (AX)      I         2287       4443031 I  1.595D-07 I
 I  94 Double  diffractive          I         1742       4518776 I  1.030D-07 I
 I  95 Low-pT scattering            I        13958         93499 I  8.940D-07 I
 I  99 q + gamma* -> q              I       457710      22980543 I  3.263D-05 I
 I 131 f + gamma*_T -> f + g        I         2385       2232365 I  1.653D-07 I
 I 132 f + gamma*_L -> f + g        I          154        127664 I  1.146D-08 I
 I 135 g + gamma*_T -> f + fbar     I         1599       7536727 I  1.117D-07 I
 I 136 g + gamma*_L -> f + fbar     I          589       1187593 I  4.189D-08 I
 I                                  I                            I            I
 ==============================================================================
 I                                  I                            I            I
 I   1 VMD * hadron                 I        12560      45680890 I  1.192D-06 I
 I   2 direct * hadron              I         4727      11084349 I  3.303D-07 I
 I   3 anomalous * hadron           I        25003      12272526 I  1.771D-06 I
 I   4 DIS * hadron                 I       457710      22980543 I  3.263D-05 I
 I                                  I                            I            I
 ==============================================================================

 ********* Total number of errors, excluding junctions =        0 *************
 ********* Total number of errors, including junctions =        0 *************
 ********* Total number of warnings =                           0 *************
 ********* Fraction of events that fail fragmentation cuts =  0.00974 *********

1************ PYSTAT: User-Defined Limits on Kinematical Variables ************

 ==============================================================================
 I                                                                            I
 I                 0.000D+00 <  m_hard (GeV/c^2)  <  1.252D+01                I
 I    0.000D+00 ( 1.000D+00) <  p_T_hard (GeV/c)  <  6.258D+00                I
 I                             m_finite (GeV/c^2) =  1.000D+00                I
 I                -1.000D+01 <    y*_subsystem    <  1.000D+01                I
 I                -4.000D+01 <      y*_large      <  4.000D+01                I
 I                -4.000D+01 <      y*_small      <  4.000D+01                I
 I                -4.000D+01 <     eta*_large     <  4.000D+01                I
 I                -4.000D+01 <     eta*_small     <  4.000D+01                I
 I                -1.000D+00 < cos(theta*)_large  <  1.000D+00                I
 I                -1.000D+00 < cos(theta*)_small  <  1.000D+00                I
 I                 0.000D+00 <        x_1         <  1.000D+00                I
 I                 0.000D+00 <        x_2         <  1.000D+00                I
 I                -1.000D+00 <        x_F         <  1.000D+00                I
 I                -1.000D+00 <  cos(theta_hard)   <  1.000D+00                I
 I                 2.000D+00 < m'_hard (GeV/c^2)  <  1.252D+01                I
 I                                                                            I
 ==============================================================================
 The charm mass used is:    1.5000000000000000     
 ===================================================
 Pythia total cross section normalisation:   3.5926395427926944E-002  microbarn
 Total Number of generated events      500000
 Total Number of trials      500000
 ===================================================

 ===== PDFSTA statistics for PDF under/over-flows ====

 ====== STRUCTM statistics for nucleon/pion PDFs =====

   total # of calls    40210332.000000000     
   X  below PDF min    0.0000000000000000       or    0.0000000000000000       %
   X  above PDF max    0.0000000000000000       or    0.0000000000000000       %
   Q2 below PDF min    0.0000000000000000       or    0.0000000000000000       %
   Q2 above PDF max    0.0000000000000000       or    0.0000000000000000       %

 ========= STRUCTP statistics for photon PDFs ========

   total # of calls    0.0000000000000000     

