1                                                                              
 ******************************************************************************
 ******************************************************************************
 **                                                                          **
 **                                                                          **
 **              *......*                  Welcome to the Lund Monte Carlo!  **
 **         *:::!!:::::::::::*                                               **
 **      *::::::!!::::::::::::::*          PPP  Y   Y TTTTT H   H III   A    **
 **    *::::::::!!::::::::::::::::*        P  P  Y Y    T   H   H  I   A A   **
 **   *:::::::::!!:::::::::::::::::*       PPP    Y     T   HHHHH  I  AAAAA  **
 **   *:::::::::!!:::::::::::::::::*       P      Y     T   H   H  I  A   A  **
 **    *::::::::!!::::::::::::::::*!       P      Y     T   H   H III A   A  **
 **      *::::::!!::::::::::::::* !!                                         **
 **      !! *:::!!:::::::::::*    !!       This is PYTHIA version 6.428      **
 **      !!     !* -><- *         !!       Last date of change:  5 Sep 2013  **
 **      !!     !!                !!                                         **
 **      !!     !!                !!       Now is  0 Jan 2000 at  0:00:00    **
 **      !!                       !!                                         **
 **      !!        lh             !!       Disclaimer: this program comes    **
 **      !!                       !!       without any guarantees. Beware    **
 **      !!                 hh    !!       of errors and use common sense    **
 **      !!    ll                 !!       when interpreting results.        **
 **      !!                       !!                                         **
 **      !!                                Copyright T. Sjostrand (2011)     **
 **                                                                          **
 ** An archive of program versions and documentation is found on the web:    **
 ** http://www.thep.lu.se/~torbjorn/Pythia.html                              **
 **                                                                          **
 ** When you cite this program, the official reference is to the 6.4 manual: **
 ** T. Sjostrand, S. Mrenna and P. Skands, JHEP05 (2006) 026                 **
 ** (LU TP 06-13, FERMILAB-PUB-06-052-CD-T) [hep-ph/0603175].                **
 **                                                                          **
 ** Also remember that the program, to a large extent, represents original   **
 ** physics research. Other publications of special relevance to your        **
 ** studies may therefore deserve separate mention.                          **
 **                                                                          **
 ** Main author: Torbjorn Sjostrand; Department of Theoretical Physics,      **
 **   Lund University, Solvegatan 14A, S-223 62 Lund, Sweden;                **
 **   phone: + 46 - 46 - 222 48 16; e-mail: torbjorn@thep.lu.se              **
 ** Author: Stephen Mrenna; Computing Division, GDS Group,                   **
 **   Fermi National Accelerator Laboratory, MS 234, Batavia, IL 60510, USA; **
 **   phone: + 1 - 630 - 840 - 2556; e-mail: mrenna@fnal.gov                 **
 ** Author: Peter Skands; CERN/PH-TH, CH-1211 Geneva, Switzerland            **
 **   phone: + 41 - 22 - 767 24 47; e-mail: peter.skands@cern.ch             **
 **                                                                          **
 **                                                                          **
 ******************************************************************************
 ******************************************************************************
     MSEL           changed from              1 to              2
     MSTP(14)       changed from             30 to             30
     MSTP(15)       changed from              0 to              0
     MSTP(16)       changed from              1 to              1
     MSTP(17)       changed from              4 to              4
     MSTP(18)       changed from              3 to              3
     MSTP(19)       changed from              4 to              1
     MSTP(20)       changed from              3 to              0
     MSTP(32)       changed from              8 to              8
     MSTP(38)       changed from              5 to              4
     MSTP(51)       changed from              7 to          10050
     MSTP(52)       changed from              1 to              2
     MSTP(53)       changed from              3 to              3
     MSTP(54)       changed from              1 to              1
     MSTP(55)       changed from              5 to              5
     MSTP(56)       changed from              1 to              1
     MSTP(57)       changed from              1 to              1
     MSTP(58)       changed from              5 to              5
     MSTP(59)       changed from              1 to              1
     MSTP(60)       changed from              7 to              7
     MSTP(61)       changed from              2 to              2
     MSTP(71)       changed from              1 to              1
     MSTP(81)       changed from              1 to              0
     MSTP(82)       changed from              4 to              1
     MSTP(91)       changed from              1 to              1
     MSTP(92)       changed from              3 to              3
     MSTP(93)       changed from              1 to              1
     MSTP(101)      changed from              3 to              3
     MSTP(102)      changed from              1 to              1
     MSTP(111)      changed from              1 to              1
     MSTP(121)      changed from              0 to              0
     PARP(13)       changed from        1.00000 to        1.00000
     PARP(18)       changed from        0.40000 to        0.40000
     PARP(81)       changed from        1.90000 to        1.90000
     PARP(89)       changed from     1800.00000 to     1800.00000
     PARP(90)       changed from        0.25000 to        0.16000
     PARP(91)       changed from        2.00000 to        0.40000
     PARP(93)       changed from        5.00000 to        5.00000
     PARP(99)       changed from        1.00000 to        0.40000
     PARP(100)      changed from        5.00000 to        5.00000
     PARP(102)      changed from        0.28000 to        0.28000
     PARP(103)      changed from        1.00000 to        1.00000
     PARP(104)      changed from        0.80000 to        0.80000
     PARP(111)      changed from        2.00000 to        2.00000
     PARP(161)      changed from        2.20000 to        3.00000
     PARP(162)      changed from       23.60000 to       24.60000
     PARP(163)      changed from       18.40000 to       18.80000
     PARP(164)      changed from       11.50000 to       11.50000
     PARP(165)      changed from        0.50000 to        0.47679
     PARP(166)      changed from        0.00000 to        0.67597
     PARJ(1)        changed from        0.10000 to        0.10000
     PARJ(2)        changed from        0.30000 to        0.30000
     PARJ(11)       changed from        0.50000 to        0.50000
     PARJ(12)       changed from        0.60000 to        0.60000
     PARJ(21)       changed from        0.36000 to        0.40000
     PARJ(32)       changed from        1.00000 to        1.00000
     PARJ(33)       changed from        0.80000 to        0.80000
     PARJ(41)       changed from        0.30000 to        0.30000
     PARJ(42)       changed from        0.58000 to        0.58000
     PARJ(45)       changed from        0.50000 to        0.50000
     MSTJ(1)        changed from              1 to              1
     MSTJ(12)       changed from              2 to              1
     MSTJ(45)       changed from              5 to              5
     MSTU(112)      changed from              5 to              5
     MSTU(113)      changed from              3 to              5
     MSTU(114)      changed from              5 to              5
     CKIN(1)        changed from        2.00000 to        1.00000
     CKIN(2)        changed from       -1.00000 to       -1.00000
     CKIN(3)        changed from        0.00000 to        0.00000
     CKIN(4)        changed from       -1.00000 to       -1.00000
     CKIN(5)        changed from        1.00000 to        1.00000
     CKIN(6)        changed from        1.00000 to        1.00000
     CKIN(7)        changed from      -10.00000 to      -10.00000
     CKIN(8)        changed from       10.00000 to       10.00000
     CKIN(9)        changed from      -40.00000 to      -40.00000
     CKIN(10)       changed from       40.00000 to       40.00000
     CKIN(11)       changed from      -40.00000 to      -40.00000
     CKIN(12)       changed from       40.00000 to       40.00000
     CKIN(13)       changed from      -40.00000 to      -40.00000
     CKIN(14)       changed from       40.00000 to       40.00000
     CKIN(15)       changed from      -40.00000 to      -40.00000
     CKIN(16)       changed from       40.00000 to       40.00000
     CKIN(17)       changed from       -1.00000 to       -1.00000
     CKIN(18)       changed from        1.00000 to        1.00000
     CKIN(19)       changed from       -1.00000 to       -1.00000
     CKIN(20)       changed from        1.00000 to        1.00000
     CKIN(21)       changed from        0.00000 to        0.00000
     CKIN(22)       changed from        1.00000 to        1.00000
     CKIN(23)       changed from        0.00000 to        0.00000
     CKIN(24)       changed from        1.00000 to        1.00000
     CKIN(25)       changed from       -1.00000 to       -1.00000
     CKIN(26)       changed from        1.00000 to        1.00000
     CKIN(27)       changed from       -1.00000 to       -1.00000
     CKIN(28)       changed from        1.00000 to        1.00000
     CKIN(31)       changed from        2.00000 to        2.00000
     CKIN(32)       changed from       -1.00000 to       -1.00000
     CKIN(35)       changed from        0.00000 to        0.00000
     CKIN(36)       changed from       -1.00000 to       -1.00000
     CKIN(37)       changed from        0.00000 to        0.00000
     CKIN(38)       changed from       -1.00000 to       -1.00000
     CKIN(39)       changed from        4.00000 to        4.00000
     CKIN(40)       changed from       -1.00000 to       -1.00000
     CKIN(65)       changed from        0.00000 to        0.00000
     CKIN(66)       changed from       -1.00000 to       -1.00000
     CKIN(67)       changed from        0.00000 to        0.00000
     CKIN(68)       changed from       -1.00000 to       -1.00000
     CKIN(77)       changed from        2.00000 to        2.00000
     CKIN(78)       changed from       -1.00000 to       -1.00000
 *********************************************
 NOW all parameters are read by PYTHIA
 *********************************************
 SEED =    952842586
 RANLUX LUXURY LEVEL SET BY RLUXGO : 4     P= 389
 RANLUX INITIALIZED BY RLUXGO FROM SEEDS   952842586           0           0
   1385.5467775171937        5.0000000000000000       -1385.5467775171937       -5.00000000    
 *********************************************
 proton beam momentum:   130.000000     GeV
 lepton beam momentum:   5.00000000     GeV
 resulting sqrt(s):   50.999159064654847      GeV
 *********************************************
1****************** PYINIT: initialization of PYTHIA routines *****************
 ==== PYTHIA WILL USE LHAPDF ====
 *************************************
 *       LHAPDF Version 5.9.1        *
 *   Configured for the following:   *
 *             All PDFs              *
 *         FULL MEMORY option        *
 *    Maximum  3 concurrent set(s)   *
 *************************************

 >>>>>> PDF description: <<<<<<
 CTEQ6M                                                          
 Reference:                                                      
 J. Pumplin, D.R. Stump, J. Huston, H.L. Lai, P. Nadolsky,       
 W.K. Tung                                                       
 hep-ph/0201195                                                  
 This set has 41 member PDFs.                                    
     mem=0 --> central value (cteq6m)                            
     mem=1-40 --> 20 sets of +ve/-ve error values                
 >>>>>>                   <<<<<<

 ==============================================
 PDFset name /cvmfs/sft.cern.ch/lcg/external/lhapdfsets/5.9.1/share/PDFsets/cteq6mE.LHgrid   
 with         40 members
 ====  initialized. ===========================
 Strong coupling at Mz for PDF is:  0.11798

 ==============================================================================
 I                                                                            I
 I      PYTHIA will be initialized for gamma/e- on p+ user configuration      I
 I                                                                            I
 I                  px (GeV/c)   py (GeV/c)   pz (GeV/c)      E (GeV)         I
 I        gamma/e-       0.000        0.000       -5.000        5.000         I
 I        p+             0.000        0.000      130.000      130.003         I
 I                                                                            I
 I           corresponding to     50.999 GeV center-of-mass energy            I
 I                                                                            I
 ==============================================================================

 ******** PYMAXI: summary of differential cross-section maximum search ********

           ==========================================================
           I                                      I                 I
           I  ISUB  Subprocess name               I  Maximum value  I
           I                                      I                 I
           ==========================================================
           I                                      I                 I
           I   91   Elastic scattering            I    3.7997D-04   I
           I   92   Single diffractive (XB)       I    3.0335D-04   I
           I   93   Single diffractive (AX)       I    2.4979D-04   I
           I   94   Double  diffractive           I    2.1592D-04   I
           I   95   Low-pT scattering             I    1.8652D-03   I
           I   96   Semihard QCD 2 -> 2           I    1.5214D-02   I
           I                                      I                 I
           ==========================================================

 ******** PYMAXI: summary of differential cross-section maximum search ********

           ==========================================================
           I                                      I                 I
           I  ISUB  Subprocess name               I  Maximum value  I
           I                                      I                 I
           ==========================================================
           I                                      I                 I
           I  131   f + gamma*_T -> f + g         I    1.5905D-04   I
           I  132   f + gamma*_L -> f + g         I    9.0933D-06   I
           I  135   g + gamma*_T -> f + fbar      I    5.3735D-04   I
           I  136   g + gamma*_L -> f + fbar      I    8.4426D-05   I
           I                                      I                 I
           ==========================================================

 ******** PYMAXI: summary of differential cross-section maximum search ********

           ==========================================================
           I                                      I                 I
           I  ISUB  Subprocess name               I  Maximum value  I
           I                                      I                 I
           ==========================================================
           I                                      I                 I
           I   91   Elastic scattering            I    9.3475D-05   I
           I   92   Single diffractive (XB)       I    7.6284D-05   I
           I   93   Single diffractive (AX)       I    6.1116D-05   I
           I   94   Double  diffractive           I    5.3869D-05   I
           I   95   Low-pT scattering             I    4.9033D-04   I
           I   96   Semihard QCD 2 -> 2           I    8.9450D-03   I
           I                                      I                 I
           ==========================================================

 ******** PYMAXI: summary of differential cross-section maximum search ********

           ==========================================================
           I                                      I                 I
           I  ISUB  Subprocess name               I  Maximum value  I
           I                                      I                 I
           ==========================================================
           I                                      I                 I
           I   99   q + gamma* -> q               I    1.6391D-03   I
           I                                      I                 I
           ==========================================================

 ********************** PYINIT: initialization completed **********************
 the outputfile will be named: outfiles/ep_5_130_Q2_1_10_norad.out                                                                                                                                                                                                                             



                            Event listing (standard)

    I  particle/jet  K(I,1)   K(I,2) K(I,3)     K(I,4)      K(I,5)       P(I,1)       P(I,2)       P(I,3)       P(I,4)       P(I,5)

    1  !e-!              21        11    0           3           4      0.00000      0.00000     -5.00000      5.00000      0.00051
    2  !p+!              21      2212    0           5           0     -0.00000      0.00000    130.00000    130.00339      0.93827
 ==================================================================================================================================
    3  !e-!              21        11    1           0           0      1.32813      0.58859     -1.56312      2.13394      0.00051
    4  !gamma!           21        22    1           0           0     -1.32813     -0.58859     -3.43688      2.86606     -2.38919
    5  !p+!              21      2212    2           0           0     -0.00000     -0.00000    130.00000    130.00339      0.93827
    6  !gamma!           21        22    4           0           0     -1.32884     -0.58891     -3.43824      2.86809     -2.38919
    7  !dbar!            21        -1    5           0           0      0.00000      0.00000      0.45258      0.45258      0.00000
    8  !gamma!           21        22    6           0           0     -1.32884     -0.58891     -3.43824      2.86809     -2.38919
    9  !dbar!            21        -1    7           0           0      0.00000      0.00000      0.45258      0.45258      0.00000
   10  !dbar!            21        -1    9           0           0     -1.32884     -0.58891     -2.98567      3.32067      0.00000
 ==================================================================================================================================
   11  p+                 1      2212    5           0           0     -0.02005      0.20040     58.02530     58.03323      0.93827
   12  e-                 1        11    3           0           0      1.32813      0.58859     -1.56312      2.13394      0.00051
   13  (d)           A   12         1    5          18          18     -0.16340     -0.63734     70.39429     70.39814      0.33000
   14  (g)           I   12        21   10          18          18     -0.07573     -0.13030      0.65785      0.67489      0.00000
   15  (g)           I   12        21   10          18          18     -0.64270     -0.88376     -1.63665      1.96792      0.00000
   16  (g)           I   12        21   10          18          18      0.09179      0.34111     -0.99061      1.05171      0.00000
   17  (dbar)        V   11        -1   10          18          18     -0.51804      0.52131      0.11294      0.74356      0.00000
 ==================================================================================================================================
   18  (string)          11        92   13          19          29     -1.30808     -0.78899     68.53782     74.83622     30.01154
   19  (eta')            11       331   18          30          31     -0.07375     -0.47690     46.97216     46.98440      0.95773
   20  (rho0)            11       113   18          32          33      0.04473     -0.18262      5.01175      5.11411      1.00055
   21  (pi0)             11       111   18          34          35     -0.26866      0.14548      4.73312      4.74489      0.13498
   22  (rho0)            11       113   18          36          37      0.08839     -0.23812      6.87608      6.90943      0.62870
   23  (rho-)            11      -213   18          38          39      0.44273     -0.25385      2.55466      2.73414      0.82993
   24  (pi0)             11       111   18          40          42     -0.53761      0.56930      2.15911      2.30067      0.13498
   25  pi+                1       211   18           0           0     -0.17480     -0.33452      0.68860      0.79756      0.13957
   26  (omega)           11       223   18          43          45     -0.20407     -0.10514     -0.16364      0.82540      0.77576
   27  (rho-)            11      -213   18          46          47      0.01775     -0.83764      0.72425      1.37446      0.81404
   28  (rho+)            11       213   18          48          49      0.61681      0.58245     -0.04812      1.16374      0.79516
   29  (eta')            11       331   18          50          52     -1.25960      0.34258     -0.97015      1.88741      0.95770
   30  gamma              1        22   19           0           0      0.02388     -0.11202      1.71429      1.71812      0.00000
   31  (omega)           11       223   19          53          55     -0.09763     -0.36488     45.25786     45.26628      0.78703
   32  pi-                1      -211   20           0           0     -0.20043      0.13126      0.42166      0.50466      0.13957
   33  pi+                1       211   20           0           0      0.24516     -0.31388      4.59009      4.60945      0.13957
   34  gamma              1        22   21           0           0     -0.11563      0.13649      2.79417      2.79989      0.00000
   35  gamma              1        22   21           0           0     -0.15303      0.00899      1.93895      1.94500      0.00000
   36  pi-                1      -211   22           0           0      0.26677     -0.09970      5.42562      5.43488      0.13957
   37  pi+                1       211   22           0           0     -0.17839     -0.13843      1.45045      1.47454      0.13957
   38  pi-                1      -211   23           0           0      0.42856     -0.43459      2.34040      2.42270      0.13957
   39  (pi0)             11       111   23          56          57      0.01417      0.18074      0.21426      0.31144      0.13498
   40  gamma              1        22   24           0           0     -0.18398      0.22824      0.80319      0.85502      0.00000
   41  e+                 1       -11   24           0           0     -0.11505      0.07327      0.48401      0.50286      0.00051
   42  e-                 1        11   24           0           0     -0.23858      0.26779      0.87191      0.94279      0.00051
   43  pi-                1      -211   26           0           0     -0.10179     -0.09206      0.03004      0.19803      0.13957
   44  pi+                1       211   26           0           0      0.00622      0.14681      0.11960      0.23532      0.13957
   45  (pi0)             11       111   26          58          59     -0.10851     -0.15989     -0.31327      0.39204      0.13498
   46  pi-                1      -211   27           0           0      0.15846     -0.52653      0.81805      0.99551      0.13957
   47  (pi0)             11       111   27          60          61     -0.14071     -0.31111     -0.09380      0.37896      0.13498
   48  pi+                1       211   28           0           0      0.30417     -0.03633      0.22672      0.40586      0.13957
   49  (pi0)             11       111   28          62          63      0.31264      0.61877     -0.27484      0.75788      0.13498
   50  pi+                1       211   29           0           0     -0.15032      0.09872     -0.30062      0.37708      0.13957
   51  pi-                1      -211   29           0           0     -0.34826     -0.00530     -0.11237      0.39168      0.13957
   52  (eta)             11       221   29          64          65     -0.76102      0.24916     -0.55716      1.11865      0.54745
   53  pi-                1      -211   31           0           0      0.21439     -0.03091     10.96364     10.96667      0.13957
   54  pi+                1       211   31           0           0     -0.16204     -0.19699     26.45592     26.45752      0.13957
   55  (pi0)             11       111   31          66          67     -0.14998     -0.13698      7.83830      7.84209      0.13498
   56  gamma              1        22   39           0           0     -0.03670      0.16804      0.17907      0.24829      0.00000
   57  gamma              1        22   39           0           0      0.05087      0.01270      0.03519      0.06315      0.00000
   58  gamma              1        22   45           0           0     -0.11487     -0.17625     -0.30926      0.37403      0.00000
   59  gamma              1        22   45           0           0      0.00636      0.01636     -0.00402      0.01801      0.00000
   60  gamma              1        22   47           0           0     -0.08732     -0.19135      0.01170      0.21066      0.00000
   61  gamma              1        22   47           0           0     -0.05339     -0.11976     -0.10551      0.16830      0.00000
   62  gamma              1        22   49           0           0      0.25485      0.52166     -0.17315      0.60585      0.00000
   63  gamma              1        22   49           0           0      0.05779      0.09712     -0.10170      0.15203      0.00000
   64  gamma              1        22   52           0           0     -0.58494     -0.05287     -0.20409      0.62177      0.00000
   65  gamma              1        22   52           0           0     -0.17608      0.30202     -0.35307      0.49687      0.00000
   66  gamma              1        22   55           0           0     -0.12332     -0.13840      7.60681      7.60907      0.00000
   67  gamma              1        22   55           0           0     -0.02666      0.00142      0.23149      0.23302      0.00000
 ==================================================================================================================================
                   sum charge:  0.00   sum momentum and inv. mass:     -0.00000      0.00000    125.00000    135.00339     50.99916



                            Event listing (standard)

    I  particle/jet  K(I,1)   K(I,2) K(I,3)     K(I,4)      K(I,5)       P(I,1)       P(I,2)       P(I,3)       P(I,4)       P(I,5)

    1  !e-!              21        11    0           3           4      0.00000      0.00000     -5.00000      5.00000      0.00051
    2  !p+!              21      2212    0           5           0     -0.00000      0.00000    130.00000    130.00339      0.93827
 ==================================================================================================================================
    3  !e-!              21        11    1           0           0     -1.32574      0.46373     -4.62614      4.83465      0.00051
    4  !gamma!           21        22    1           0           0      1.32574     -0.46373     -0.37386      0.16535     -1.44397
    5  !p+!              21      2212    2           0           0     -0.00000     -0.00000    130.00000    130.00339      0.93827
    6  !g!               21        21    4           0           0      0.47435     -0.45574      0.53840      0.85005     -0.00000
    7  !u!               21         2    5           0           0     -0.13605      0.27655     12.33228     12.33613     -0.00000
    8  !g!               21        21    6           0           0      0.47435     -0.45574      0.53840      0.85005      0.00000
    9  !u!               21         2    7           0           0     -0.13605      0.27655     12.33228     12.33613      0.00000
   10  !g!               21        21    0           0           0      1.56024     -0.10422      6.06116      6.25963      0.00000
   11  !u!               21         2    0           0           0     -1.22194     -0.07498      6.80951      6.92655      0.33000
 ==================================================================================================================================
   12  e-                 1        11    3           0           0     -1.32574      0.46373     -4.62614      4.83465      0.00051
   13  (u)           A   12         2   11          18          18     -1.22194     -0.07498      6.80951      6.92655      0.33000
   14  (g)           I   12        21   10          18          18      1.56024     -0.10422      6.06116      6.25963      0.00000
   15  (sbar)        V   11        -3    4          18          18      0.76411      0.16003      2.24093      2.42513      0.50000
   16  (s)           A   12         3    4          22          22      0.07802     -0.16478      3.54101      3.58078      0.50000
   17  (ud_1)        V   11      2103    5          22          22      0.14531     -0.27979    110.97352    110.97665      0.77133
 ==================================================================================================================================
   18  (string)          11        92   13          19          21      1.10241     -0.01917     15.11161     15.61131      3.75985
   19  (K*+)             11       323   18          26          27     -0.76130      0.04942      6.96286      7.06732      0.93997
   20  K-                 1      -321   18           0           0      0.66916      0.38799      1.85960      2.07366      0.49360
   21  (K*+)             11       323   18          28          29      1.19454     -0.45657      6.28916      6.47033      0.82240
   22  (string)          11        92   16          23          25      0.22333     -0.44457    114.51453    114.55743      3.09507
   23  (Kbar0)           11      -311   22          30          30      0.21707      0.04859      8.40929      8.42694      0.49767
   24  (rho-)            11      -213   22          31          32     -0.03320     -0.19101     70.05316     70.05653      0.65881
   25  (Delta+)          11      2214   22          33          34      0.03946     -0.30215     36.05208     36.07396      1.21881
   26  (K0)              11       311   19          35          35     -0.17876     -0.00454      2.02293      2.09090      0.49767
   27  pi+                1       211   19           0           0     -0.58254      0.05396      4.93994      4.97642      0.13957
   28  (K0)              11       311   21          36          36      0.65271     -0.03906      3.31039      3.41085      0.49767
   29  pi+                1       211   21           0           0      0.54183     -0.41751      2.97877      3.05948      0.13957
   30  (K_S0)            11       310   23          37          38      0.21707      0.04859      8.40929      8.42694      0.49767
   31  pi-                1      -211   24           0           0      0.08286     -0.05581      4.93760      4.94058      0.13957
   32  (pi0)             11       111   24          39          40     -0.11606     -0.13520     65.11556     65.11594      0.13498
   33  p+                 1      2212   25           0           0      0.04135     -0.05674     23.62718     23.64591      0.93827
   34  (pi0)             11       111   25          41          42     -0.00189     -0.24540     12.42490     12.42805      0.13498
   35  (K_S0)            11       310   26          43          44     -0.17876     -0.00454      2.02293      2.09090      0.49767
   36  K_L0               1       130   28           0           0      0.65271     -0.03906      3.31039      3.41085      0.49767
   37  pi+                1       211   30           0           0      0.15198      0.15587      2.25344      2.26823      0.13957
   38  pi-                1      -211   30           0           0      0.06509     -0.10728      6.15584      6.15870      0.13957
   39  gamma              1        22   32           0           0     -0.07020     -0.08841     57.23644     57.23656      0.00000
   40  gamma              1        22   32           0           0     -0.04585     -0.04679      7.87912      7.87939      0.00000
   41  gamma              1        22   34           0           0     -0.04222     -0.05658      5.53911      5.53956      0.00000
   42  gamma              1        22   34           0           0      0.04034     -0.18882      6.88578      6.88849      0.00000
   43  (pi0)             11       111   35          45          46     -0.10444      0.08970      0.28786      0.34646      0.13498
   44  (pi0)             11       111   35          47          48     -0.07432     -0.09424      1.73507      1.74444      0.13498
   45  gamma              1        22   43           0           0     -0.04789      0.09834      0.26154      0.28349      0.00000
   46  gamma              1        22   43           0           0     -0.05655     -0.00864      0.02632      0.06297      0.00000
   47  gamma              1        22   44           0           0     -0.09890     -0.10276      1.15193      1.16073      0.00000
   48  gamma              1        22   44           0           0      0.02458      0.00853      0.58314      0.58372      0.00000
 ==================================================================================================================================
                   sum charge:  0.00   sum momentum and inv. mass:      0.00000     -0.00000    125.00000    135.00339     50.99916



                            Event listing (standard)

    I  particle/jet  K(I,1)   K(I,2) K(I,3)     K(I,4)      K(I,5)       P(I,1)       P(I,2)       P(I,3)       P(I,4)       P(I,5)

    1  !e-!              21        11    0           3           4      0.00000      0.00000     -5.00000      5.00000      0.00051
    2  !p+!              21      2212    0           5           0     -0.00000      0.00000    130.00000    130.00339      0.93827
 ==================================================================================================================================
    3  !e-!              21        11    1           0           0     -0.08036     -1.47450     -3.90823      4.17790      0.00051
    4  !gamma!           21        22    1           0           0      0.08036      1.47450     -1.09177      0.82210     -1.64217
    5  !p+!              21      2212    2           0           0     -0.00000      0.00000    130.00000    130.00339      0.93827
    6  !gamma!           21        22    4           0           0      0.08050      1.47711     -1.09122      0.82605     -1.64217
    7  !ubar!            21        -2    5           0           0     -0.00000     -0.00001      0.70326      0.70326      0.00000
    8  !gamma!           21        22    6           0           0      0.08050      1.47711     -1.09122      0.82605     -1.64217
    9  !ubar!            21        -2    7           0           0     -0.00000     -0.00001      0.70326      0.70326      0.00000
   10  !ubar!            21        -2    9           0           0      0.08050      1.47709     -0.38795      1.52931      0.00000
 ==================================================================================================================================
   11  (Delta++)         11      2224    5          15          16     -0.25041      0.32067     74.74731     74.75888      1.25051
   12  e-                 1        11    3           0           0     -0.08036     -1.47450     -3.90823      4.17790      0.00051
   13  (ubar)        A   12        -2   10          17          17     -0.18709      1.29699     -0.49963      1.40243      0.00000
   14  (d)           V   11         1    5          17          17      0.51786     -0.14316     54.66054     54.66418      0.33000
 ==================================================================================================================================
   15  p+                 1      2212   11           0           0     -0.19149      0.48032     66.50612     66.51474      0.93827
   16  pi+                1       211   11           0           0     -0.05893     -0.15966      8.24120      8.24413      0.13957
   17  (string)          11        92   13          18          22      0.33077      1.15383     54.16091     56.06661     14.44367
   18  (rho0)            11       113   17          23          24     -0.61281      1.20722     -0.01380      1.54942      0.75340
   19  pbar-              1     -2212   17           0           0      0.68200      0.16412      6.33817      6.44552      0.93827
   20  p+                 1      2212   17           0           0      0.42228     -0.63312      3.60271      3.79987      0.93827
   21  pi-                1      -211   17           0           0      0.00748      0.75211     11.75217     11.77704      0.13957
   22  (rho0)            11       113   17          25          26     -0.16818     -0.33650     32.48166     32.49475      0.84169
   23  pi-                1      -211   18           0           0     -0.74756      0.84694     -0.04412      1.13911      0.13957
   24  pi+                1       211   18           0           0      0.13475      0.36028      0.03032      0.41031      0.13957
   25  pi-                1      -211   22           0           0     -0.20536     -0.09804     29.21119     29.21241      0.13957
   26  pi+                1       211   22           0           0      0.03718     -0.23846      3.27047      3.28233      0.13957
 ==================================================================================================================================
                   sum charge:  0.00   sum momentum and inv. mass:     -0.00000     -0.00000    125.00000    135.00339     50.99916



                            Event listing (standard)

    I  particle/jet  K(I,1)   K(I,2) K(I,3)     K(I,4)      K(I,5)       P(I,1)       P(I,2)       P(I,3)       P(I,4)       P(I,5)

    1  !e-!              21        11    0           3           4      0.00000      0.00000     -5.00000      5.00000      0.00051
    2  !p+!              21      2212    0           5           0     -0.00000      0.00000    130.00000    130.00339      0.93827
 ==================================================================================================================================
    3  !e-!              21        11    1           0           0      2.25645      1.04019     -4.30233      4.96826      0.00051
    4  !gamma!           21        22    1           0           0     -2.25645     -1.04019     -0.69767      0.03174     -2.58056
    5  !p+!              21      2212    2           0           0     -0.00000     -0.00000    130.00000    130.00339      0.93827
    6  !omega_di!        21   9900220    4           0           0     -2.19779     -1.05074      5.57012      6.29934      1.64956
    7  !p+!              21      2212    5           0           0     -0.05866      0.01055    123.73221    123.73578      0.93827
 ==================================================================================================================================
    8  (omega)           11       223    6          12          14     -1.29479     -0.12088      3.22314      3.56290      0.78394
    9  (eta)             11       221    6          15          17     -0.90300     -0.92985      2.34699      2.73644      0.54745
   10  p+                 1      2212    7           0           0     -0.05866      0.01055    123.73221    123.73578      0.93827
   11  e-                 1        11    3           0           0      2.25645      1.04019     -4.30233      4.96826      0.00051
 ==================================================================================================================================
   12  pi-                1      -211    8           0           0     -0.73757     -0.06256      1.35009      1.54601      0.13957
   13  pi+                1       211    8           0           0     -0.22482      0.03425      0.30308      0.40380      0.13957
   14  (pi0)             11       111    8          18          19     -0.33241     -0.09257      1.56997      1.61310      0.13498
   15  (pi0)             11       111    9          20          21     -0.59086     -0.51962      1.19390      1.43622      0.13498
   16  (pi0)             11       111    9          22          23     -0.19261     -0.27343      0.56752      0.67243      0.13498
   17  (pi0)             11       111    9          24          25     -0.11952     -0.13680      0.58557      0.62779      0.13498
   18  gamma              1        22   14           0           0     -0.05520     -0.07445      0.38343      0.39447      0.00000
   19  gamma              1        22   14           0           0     -0.27721     -0.01812      1.18654      1.21863      0.00000
   20  gamma              1        22   15           0           0     -0.04410     -0.09598      0.18407      0.21222      0.00000
   21  gamma              1        22   15           0           0     -0.54676     -0.42364      1.00983      1.22400      0.00000
   22  gamma              1        22   16           0           0      0.01676     -0.04267      0.04614      0.06504      0.00000
   23  gamma              1        22   16           0           0     -0.20937     -0.23076      0.52138      0.60739      0.00000
   24  gamma              1        22   17           0           0     -0.10472     -0.11104      0.26481      0.30565      0.00000
   25  gamma              1        22   17           0           0     -0.01480     -0.02576      0.32077      0.32214      0.00000
 ==================================================================================================================================
                   sum charge:  0.00   sum momentum and inv. mass:      0.00000      0.00000    125.00000    135.00339     50.99916



                            Event listing (standard)

    I  particle/jet  K(I,1)   K(I,2) K(I,3)     K(I,4)      K(I,5)       P(I,1)       P(I,2)       P(I,3)       P(I,4)       P(I,5)

    1  !e-!              21        11    0           3           4      0.00000      0.00000     -5.00000      5.00000      0.00051
    2  !p+!              21      2212    0           5           0     -0.00000      0.00000    130.00000    130.00339      0.93827
 ==================================================================================================================================
    3  !e-!              21        11    1           0           0      0.12940      0.99294     -4.23354      4.35035      0.00051
    4  !gamma!           21        22    1           0           0     -0.12940     -0.99294     -0.76646      0.64965     -1.08078
    5  !p+!              21      2212    2           0           0     -0.00000     -0.00000    130.00000    130.00339      0.93827
    6  !dbar!            21        -1    4           0           0      0.14776     -0.51867     -0.26213      0.59964     -0.00000
    7  !u!               21         2    5           0           0     -0.12157     -0.28101     13.34683     13.35035     -0.00000
    8  !dbar!            21        -1    6           0           0      0.14776     -0.51867     -0.26213      0.59964      0.00000
    9  !u!               21         2    7           0           0     -0.12157     -0.28101     13.34683     13.35035      0.00000
   10  !dbar!            21        -1    0           0           0      0.05465      0.73868      0.04123      0.81193      0.33000
   11  !u!               21         2    0           0           0     -0.02846     -1.53836     13.04347     13.13805      0.33000
 ==================================================================================================================================
   12  e-                 1        11    3           0           0      0.12940      0.99294     -4.23354      4.35035      0.00051
   13  (u)           A   12         2   11          18          18     -0.02588     -1.40050     11.88023     11.96707      0.33000
   14  (g)           I   12        21   10          18          18      0.01184     -0.44593      0.18009      0.48107      0.00000
   15  (dbar)        V   11        -1   10          18          18      0.04022      1.04674      1.02438      1.50185      0.33000
   16  (d)           A   12         1    4          23          23     -0.27687     -0.47209      0.09483      0.64608      0.33000
   17  (ud_1)        V   11      2103    5          23          23      0.12129      0.27883    116.05401    116.05697      0.77133
 ==================================================================================================================================
   18  (string)          11        92   13          19          22      0.02618     -0.79968     13.08470     13.94999      4.76996
   19  pi+                1       211   18           0           0      0.01005     -0.54230      4.97540      5.00682      0.13957
   20  n0                 1      2112   18           0           0      0.38011     -0.27134      1.87943      2.15248      0.93957
   21  nbar0              1     -2112   18           0           0     -0.74326      0.00326      5.64912      5.77476      0.93957
   22  (rho0)            11       113   18          29          30      0.37929      0.01069      0.58075      1.01593      0.74221
   23  (string)          11        92   16          24          28     -0.15558     -0.19325    116.14884    116.70305     11.35721
   24  pi-                1      -211   23           0           0     -0.63760      0.09924      3.14397      3.21254      0.13957
   25  (rho+)            11       213   23          31          32      0.12077     -0.04480      0.98372      1.21562      0.70244
   26  (rho0)            11       113   23          33          34      0.28480     -0.36691      5.11209      5.24745      1.08928
   27  (pi0)             11       111   23          35          36     -0.68369     -0.34277      2.74181      2.84968      0.13498
   28  (Delta0)          11      2114   23          37          38      0.76015      0.46199    104.16725    104.17777      1.18291
   29  pi+                1       211   22           0           0      0.20348     -0.00325      0.71336      0.75484      0.13957
   30  pi-                1      -211   22           0           0      0.17580      0.01393     -0.13262      0.26109      0.13957
   31  pi+                1       211   25           0           0     -0.18340     -0.03026      0.06950      0.24261      0.13957
   32  (pi0)             11       111   25          39          40      0.30416     -0.01454      0.91422      0.97301      0.13498
   33  pi-                1      -211   26           0           0     -0.26517      0.12255      2.75892      2.77785      0.13957
   34  pi+                1       211   26           0           0      0.54996     -0.48946      2.35317      2.46960      0.13957
   35  gamma              1        22   27           0           0     -0.40711     -0.15185      1.71923      1.77329      0.00000
   36  gamma              1        22   27           0           0     -0.27658     -0.19092      1.02258      1.07639      0.00000
   37  n0                 1      2112   28           0           0      0.69131      0.23292     77.94953     77.95861      0.93957
   38  (pi0)             11       111   28          41          42      0.06884      0.22907     26.21772     26.21916      0.13498
   39  gamma              1        22   32           0           0      0.17010      0.02206      0.67404      0.69552      0.00000
   40  gamma              1        22   32           0           0      0.13406     -0.03660      0.24018      0.27749      0.00000
   41  gamma              1        22   38           0           0      0.09547      0.18921     23.91890     23.91984      0.00000
   42  gamma              1        22   38           0           0     -0.02662      0.03986      2.29882      2.29932      0.00000
 ==================================================================================================================================
                   sum charge:  0.00   sum momentum and inv. mass:      0.00000      0.00000    125.00000    135.00339     50.99916



                            Event listing (standard)

    I  particle/jet  K(I,1)   K(I,2) K(I,3)     K(I,4)      K(I,5)       P(I,1)       P(I,2)       P(I,3)       P(I,4)       P(I,5)

    1  !e-!              21        11    0           3           4      0.00000      0.00000     -5.00000      5.00000      0.00051
    2  !p+!              21      2212    0           5           0     -0.00000      0.00000    130.00000    130.00339      0.93827
 ==================================================================================================================================
    3  !e-!              21        11    1           0           0     -0.40493      0.18975      0.14916      0.47141      0.00051
    4  !gamma!           21        22    1           0           0      0.40493     -0.18975     -5.14916      4.52859     -2.49111
    5  !p+!              21      2212    2           0           0     -0.00000      0.00000    130.00000    130.00339      0.93827
    6  !gamma!           21        22    4           0           0      0.40508     -0.18981     -5.15073      4.53040     -2.49111
    7  !sbar!            21        -3    5           0           0     -0.00000      0.00000      0.32050      0.32050      0.00000
    8  !gamma!           21        22    6           0           0      0.40508     -0.18981     -5.15073      4.53040     -2.49111
    9  !sbar!            21        -3    7           0           0     -0.00000      0.00000      0.32050      0.32050      0.00000
   10  !sbar!            21        -3    9           0           0      0.40508     -0.18981     -4.83023      4.85090      0.00000
 ==================================================================================================================================
   11  (Lambda0)         11      3122    5          15          16     -0.05110      0.35249    113.78184    113.78786      1.11568
   12  e-                 1        11    3           0           0     -0.40493      0.18975      0.14916      0.47141      0.00051
   13  (sbar)        A   12        -3   10          17          17      0.50699     -0.56584     -4.80595      4.86563      0.00000
   14  (u)           V   11         2    5          17          17     -0.05095      0.02361     15.87496     15.87849      0.33000
 ==================================================================================================================================
   15  p+                 1      2212   11           0           0      0.05307      0.31747     94.27889     94.28411      0.93827
   16  pi-                1      -211   11           0           0     -0.10416      0.03502     19.50294     19.50375      0.13957
   17  (string)          11        92   13          18          23      0.45603     -0.54224     11.06901     20.74412     17.52979
   18  (K*0)             11       313   17          24          25     -0.10048     -0.37603     -2.05233      2.27103      0.89108
   19  nbar0              1     -2112   17           0           0      0.04310      0.23390     -1.37828      1.68494      0.93957
   20  n0                 1      2112   17           0           0      0.08861      0.11760     -0.65061      1.15229      0.93957
   21  (K*bar0)          11      -313   17          26          27      0.69096     -0.68801      2.10946      2.49466      0.90702
   22  (K0)              11       311   17          28          28     -0.24294      0.39517      2.33337      2.43053      0.49767
   23  pi+                1       211   17           0           0     -0.02323     -0.22487     10.70739     10.71068      0.13957
   24  (K0)              11       311   18          29          29      0.12338     -0.20190     -1.75138      1.83603      0.49767
   25  (pi0)             11       111   18          30          31     -0.22386     -0.17413     -0.30094      0.43500      0.13498
   26  K-                 1      -321   21           0           0      0.60353     -0.22006      1.53475      1.73544      0.49360
   27  pi+                1       211   21           0           0      0.08743     -0.46796      0.57472      0.75921      0.13957
   28  K_L0               1       130   22           0           0     -0.24294      0.39517      2.33337      2.43053      0.49767
   29  (K_S0)            11       310   24          32          33      0.12338     -0.20190     -1.75138      1.83603      0.49767
   30  gamma              1        22   25           0           0     -0.16990     -0.05246     -0.20223      0.26929      0.00000
   31  gamma              1        22   25           0           0     -0.05396     -0.12167     -0.09871      0.16571      0.00000
   32  (pi0)             11       111   29          34          35      0.10919     -0.11280     -0.24432      0.32025      0.13498
   33  (pi0)             11       111   29          36          37      0.01419     -0.08910     -1.50706      1.51578      0.13498
   34  gamma              1        22   32           0           0      0.02178     -0.11648     -0.12441      0.17182      0.00000
   35  gamma              1        22   32           0           0      0.08741      0.00368     -0.11991      0.14843      0.00000
   36  gamma              1        22   33           0           0      0.06299     -0.05627     -1.21061      1.21355      0.00000
   37  gamma              1        22   33           0           0     -0.04880     -0.03282     -0.29645      0.30223      0.00000
 ==================================================================================================================================
                   sum charge:  0.00   sum momentum and inv. mass:      0.00000     -0.00000    125.00000    135.00339     50.99916



                            Event listing (standard)

    I  particle/jet  K(I,1)   K(I,2) K(I,3)     K(I,4)      K(I,5)       P(I,1)       P(I,2)       P(I,3)       P(I,4)       P(I,5)

    1  !e-!              21        11    0           3           4      0.00000      0.00000     -5.00000      5.00000      0.00051
    2  !p+!              21      2212    0           5           0     -0.00000      0.00000    130.00000    130.00339      0.93827
 ==================================================================================================================================
    3  !e-!              21        11    1           0           0      0.41834      1.75010     -4.72821      5.05903      0.00051
    4  !gamma!           21        22    1           0           0     -0.41834     -1.75010     -0.27179     -0.05903     -1.81886
    5  !p+!              21      2212    2           0           0     -0.00000     -0.00000    130.00000    130.00339      0.93827
    6  !gamma!           21        22    4           0           0     -0.42498     -1.77787     -0.03127      0.18487     -1.81886
    7  !u!               21         2    5           0           0      0.00039      0.00164      7.63885      7.63885      0.00000
    8  !gamma!           21        22    6           0           0     -0.42498     -1.77787     -0.03127      0.18487     -1.81886
    9  !u!               21         2    7           0           0      0.00039      0.00164      7.63885      7.63885      0.00000
   10  !u!               21         2    9           0           0     -0.42459     -1.77624      7.60759      7.82372      0.00000
 ==================================================================================================================================
   11  e-                 1        11    3           0           0      0.41834      1.75010     -4.72821      5.05903      0.00051
   12  (ud_0)        A   12      2101    5          15          15      0.40270     -0.42346    116.43046    116.43337      0.57933
   13  (g)           I   12        21   10          15          15      0.34536     -0.97497      8.42482      8.48808      0.00000
   14  (u)           V   11         2   10          15          15     -1.16640     -0.35167      4.87293      5.02290      0.00000
 ==================================================================================================================================
   15  (string)          11        92   12          16          19     -0.41834     -1.75010    129.72821    129.94435      7.27243
   16  p+                 1      2212   15           0           0      0.09733     -0.80956     87.76811     87.77691      0.93827
   17  (rho-)            11      -213   15          20          21      0.42591      0.38306     21.15577     21.17709      0.75795
   18  (omega)           11       223   15          22          24     -0.09612     -1.42023     17.50041     17.57575      0.78494
   19  pi+                1       211   15           0           0     -0.84546      0.09663      3.30392      3.41460      0.13957
   20  pi-                1      -211   17           0           0      0.57320      0.35445     12.47042     12.48940      0.13957
   21  (pi0)             11       111   17          25          26     -0.14729      0.02861      8.68535      8.68770      0.13498
   22  pi+                1       211   18           0           0      0.04021     -0.06747      1.48602      1.49462      0.13957
   23  pi-                1      -211   18           0           0      0.16262     -0.71283      8.11985      8.15389      0.13957
   24  (pi0)             11       111   18          27          28     -0.29895     -0.63994      7.89455      7.92723      0.13498
   25  gamma              1        22   21           0           0     -0.10887     -0.04168      4.14993      4.15156      0.00000
   26  gamma              1        22   21           0           0     -0.03841      0.07029      4.53542      4.53613      0.00000
   27  gamma              1        22   24           0           0     -0.20560     -0.38581      5.52460      5.54187      0.00000
   28  gamma              1        22   24           0           0     -0.09335     -0.25413      2.36995      2.38536      0.00000
 ==================================================================================================================================
                   sum charge:  0.00   sum momentum and inv. mass:      0.00000      0.00000    125.00000    135.00339     50.99916



                            Event listing (standard)

    I  particle/jet  K(I,1)   K(I,2) K(I,3)     K(I,4)      K(I,5)       P(I,1)       P(I,2)       P(I,3)       P(I,4)       P(I,5)

    1  !e-!              21        11    0           3           4      0.00000      0.00000     -5.00000      5.00000      0.00051
    2  !p+!              21      2212    0           5           0     -0.00000      0.00000    130.00000    130.00339      0.93827
 ==================================================================================================================================
    3  !e-!              21        11    1           0           0     -0.30107     -1.02594     -4.93452      5.04903      0.00051
    4  !gamma!           21        22    1           0           0      0.30107      1.02594     -0.06548     -0.04903     -1.07009
    5  !p+!              21      2212    2           0           0      0.00000      0.00000    130.00000    130.00339      0.93827
    6  !gamma!           21        22    4           0           0      0.35483      1.20911     11.23486     11.25454     -1.07009
    7  !u!               21         2    5           0           0     -0.01193     -0.04066     26.34996     26.34999      0.00000
    8  !gamma!           21        22    6           0           0      0.35483      1.20911     11.23486     11.25454     -1.07009
    9  !u!               21         2    7           0           0     -0.01193     -0.04066     26.34996     26.34999      0.00000
   10  !u!               21         2    9           0           0      0.34289      1.16845     37.58481     37.60453      0.00000
 ==================================================================================================================================
   11  e-                 1        11    3           0           0     -0.30107     -1.02594     -4.93452      5.04903      0.00051
   12  (u)           A   12         2   10          14          14      0.36972      1.46286     97.33353     97.34522      0.00000
   13  (ud_0)        V   11      2101    5          14          14     -0.06865     -0.43692     32.60099     32.60914      0.57933
 ==================================================================================================================================
   14  (string)          11        92   12          15          16      0.30107      1.02594    129.93452    129.95436      2.00331
   15  pi+                1       211   14           0           0      0.28378      1.09741     95.88343     95.89023      0.13957
   16  n0                 1      2112   14           0           0      0.01729     -0.07146     34.05109     34.06413      0.93957
 ==================================================================================================================================
                   sum charge:  0.00   sum momentum and inv. mass:     -0.00000     -0.00000    125.00000    135.00339     50.99916



                            Event listing (standard)

    I  particle/jet  K(I,1)   K(I,2) K(I,3)     K(I,4)      K(I,5)       P(I,1)       P(I,2)       P(I,3)       P(I,4)       P(I,5)

    1  !e-!              21        11    0           3           4      0.00000      0.00000     -5.00000      5.00000      0.00051
    2  !p+!              21      2212    0           5           0     -0.00000      0.00000    130.00000    130.00339      0.93827
 ==================================================================================================================================
    3  !e-!              21        11    1           0           0     -0.63222     -0.65673     -2.58713      2.74303      0.00051
    4  !gamma!           21        22    1           0           0      0.63222      0.65673     -2.41287      2.25697     -1.24862
    5  !p+!              21      2212    2           0           0     -0.00000      0.00000    130.00000    130.00339      0.93827
    6  !gamma!           21        22    4           0           0      0.63267      0.65721     -2.41438      2.25885     -1.24862
    7  !ubar!            21        -2    5           0           0     -0.00000     -0.00000      0.16681      0.16681      0.00000
    8  !gamma!           21        22    6           0           0      0.63267      0.65721     -2.41438      2.25885     -1.24862
    9  !ubar!            21        -2    7           0           0     -0.00000     -0.00000      0.16681      0.16681      0.00000
   10  !ubar!            21        -2    9           0           0      0.63267      0.65721     -2.24758      2.42565      0.00000
 ==================================================================================================================================
   11  p+                 1      2212    5           0           0      0.43457     -0.21935     57.52222     57.53193      0.93827
   12  e-                 1        11    3           0           0     -0.63222     -0.65673     -2.58713      2.74303      0.00051
   13  (u)           A   12         2    5          16          16      0.09882      0.34121     72.09768     72.09931      0.33000
   14  (g)           I   12        21   10          16          16      0.48574      0.22729      0.00086      0.53629      0.00000
   15  (ubar)        V   11        -2   10          16          16     -0.38692      0.30758     -2.03363      2.09283      0.00000
 ==================================================================================================================================
   16  (string)          11        92   13          17          24      0.19764      0.87608     70.06491     74.72843     25.96998
   17  p+                 1      2212   16           0           0      0.23189     -0.40006     29.22464     29.24336      0.93827
   18  nbar0              1     -2112   16           0           0     -0.13750      1.08186     31.78764     31.82022      0.93957
   19  (pi0)             11       111   16          25          26      0.32668      0.21785      1.07653      1.15382      0.13498
   20  (K0)              11       311   16          27          27     -0.42886     -0.25751      7.02397      7.05932      0.49767
   21  K-                 1      -321   16           0           0      0.11563      0.22004      0.45159      0.71370      0.49360
   22  (rho+)            11       213   16          28          29     -0.43719     -0.55384      1.89128      2.19757      0.86860
   23  pi-                1      -211   16           0           0      0.83563     -0.01283     -0.09087      0.85216      0.13957
   24  (rho0)            11       113   16          30          31     -0.30863      0.58055     -1.29987      1.68828      0.85343
   25  gamma              1        22   19           0           0      0.17157      0.10801      0.74068      0.76792      0.00000
   26  gamma              1        22   19           0           0      0.15511      0.10985      0.33585      0.38590      0.00000
   27  (K_S0)            11       310   20          32          33     -0.42886     -0.25751      7.02397      7.05932      0.49767
   28  pi+                1       211   22           0           0     -0.53000     -0.36767      1.82532      1.94096      0.13957
   29  (pi0)             11       111   22          34          35      0.09281     -0.18617      0.06597      0.25660      0.13498
   30  pi-                1      -211   24           0           0     -0.47766      0.54297     -1.26411      1.46302      0.13957
   31  pi+                1       211   24           0           0      0.16903      0.03758     -0.03576      0.22526      0.13957
   32  pi+                1       211   27           0           0      0.01355      0.03338      0.97126      0.98189      0.13957
   33  pi-                1      -211   27           0           0     -0.44241     -0.29088      6.05271      6.07743      0.13957
   34  gamma              1        22   29           0           0     -0.02744     -0.00436      0.01890      0.03360      0.00000
   35  gamma              1        22   29           0           0      0.12025     -0.18181      0.04707      0.22300      0.00000
 ==================================================================================================================================
                   sum charge:  0.00   sum momentum and inv. mass:     -0.00000      0.00000    125.00000    135.00339     50.99916



                            Event listing (standard)

    I  particle/jet  K(I,1)   K(I,2) K(I,3)     K(I,4)      K(I,5)       P(I,1)       P(I,2)       P(I,3)       P(I,4)       P(I,5)

    1  !e-!              21        11    0           3           4      0.00000      0.00000     -5.00000      5.00000      0.00051
    2  !p+!              21      2212    0           5           0     -0.00000      0.00000    130.00000    130.00339      0.93827
 ==================================================================================================================================
    3  !e-!              21        11    1           0           0      0.33095      0.49091     -1.03993      1.19665      0.00051
    4  !gamma!           21        22    1           0           0     -0.33095     -0.49091     -3.96007      3.80335     -1.25188
    5  !p+!              21      2212    2           0           0     -0.00000     -0.00000    130.00000    130.00339      0.93827
    6  !gamma!           21        22    4           0           0     -0.33109     -0.49112     -3.96171      3.80510     -1.25188
    7  !ubar!            21        -2    5           0           0      0.00000      0.00000      0.10089      0.10089      0.00000
    8  !gamma!           21        22    6           0           0     -0.33109     -0.49112     -3.96171      3.80510     -1.25188
    9  !ubar!            21        -2    7           0           0      0.00000      0.00000      0.10089      0.10089      0.00000
   10  !ubar!            21        -2    9           0           0     -0.33109     -0.49112     -3.86082      3.90599      0.00000
 ==================================================================================================================================
   11  p+                 1      2212    5           0           0      0.08742     -0.09860     41.42535     41.43618      0.93827
   12  e-                 1        11    3           0           0      0.33095      0.49091     -1.03993      1.19665      0.00051
   13  (ubar)        A   12        -2   10          15          15      0.13418     -0.74337     -3.83967      3.91327      0.00000
   14  (u)           V   11         2    5          15          15     -0.55255      0.35106     88.45425     88.45729      0.33000
 ==================================================================================================================================
   15  (string)          11        92   13          16          23     -0.41837     -0.39231     84.61458     92.37055     37.04542
   16  (omega)           11       223   15          24          26     -0.02490     -0.57234     -2.39727      2.59821      0.82194
   17  (eta)             11       221   15          27          29      0.38051      0.33367      0.26436      0.79102      0.54745
   18  (pi0)             11       111   15          30          31     -0.21827     -0.60090     -0.60865      0.89297      0.13498
   19  (Deltabar0)       11     -2114   15          32          33     -0.22542     -0.12747      1.34531      1.80647      1.17746
   20  (Delta0)          11      2114   15          34          35      0.40538     -0.06442      3.27075      3.51762      1.22776
   21  (rho-)            11      -213   15          36          37     -0.31839      0.07228     29.97308     29.98723      0.86106
   22  (rho+)            11       213   15          38          39     -0.28460      0.25011     40.63200     40.63643      0.46510
   23  (pi0)             11       111   15          40          41     -0.13269      0.31677     12.13500     12.14060      0.13498
   24  pi-                1      -211   16           0           0     -0.07155      0.03122     -0.78265      0.79882      0.13957
   25  pi+                1       211   16           0           0     -0.08931     -0.57180     -1.29708      1.42717      0.13957
   26  (pi0)             11       111   16          42          43      0.13595     -0.03176     -0.31755      0.37222      0.13498
   27  (pi0)             11       111   17          44          45      0.02228      0.11965     -0.01805      0.18264      0.13498
   28  (pi0)             11       111   17          46          47      0.29623      0.21533      0.20552      0.44111      0.13498
   29  (pi0)             11       111   17          48          49      0.06201     -0.00131      0.07690      0.16727      0.13498
   30  gamma              1        22   18           0           0     -0.02576     -0.24808     -0.19897      0.31905      0.00000
   31  gamma              1        22   18           0           0     -0.19250     -0.35282     -0.40968      0.57392      0.00000
   32  pbar-              1     -2212   19           0           0     -0.18604     -0.19467      1.32441      1.64527      0.93827
   33  pi+                1       211   19           0           0     -0.03938      0.06720      0.02089      0.16119      0.13957
   34  n0                 1      2112   20           0           0      0.21822      0.01593      1.96301      2.18726      0.93957
   35  (pi0)             11       111   20          50          51      0.18715     -0.08035      1.30774      1.33037      0.13498
   36  pi-                1      -211   21           0           0      0.00625     -0.03115     25.09064     25.09105      0.13957
   37  (pi0)             11       111   21          52          53     -0.32464      0.10342      4.88244      4.89618      0.13498
   38  pi+                1       211   22           0           0     -0.02216      0.08289      4.74943      4.75226      0.13957
   39  (pi0)             11       111   22          54          55     -0.26244      0.16721     35.88257     35.88417      0.13498
   40  gamma              1        22   23           0           0      0.00516      0.09036      4.73146      4.73233      0.00000
   41  gamma              1        22   23           0           0     -0.13784      0.22641      7.40354      7.40828      0.00000
   42  gamma              1        22   26           0           0     -0.00580     -0.00204     -0.15254      0.15267      0.00000
   43  gamma              1        22   26           0           0      0.14175     -0.02972     -0.16500      0.21955      0.00000
   44  gamma              1        22   27           0           0      0.07460      0.07579      0.01391      0.10725      0.00000
   45  gamma              1        22   27           0           0     -0.05232      0.04386     -0.03197      0.07539      0.00000
   46  gamma              1        22   28           0           0      0.28033      0.17874      0.13249      0.35789      0.00000
   47  gamma              1        22   28           0           0      0.01590      0.03660      0.07303      0.08322      0.00000
   48  gamma              1        22   29           0           0     -0.03512      0.00350     -0.01019      0.03673      0.00000
   49  gamma              1        22   29           0           0      0.09713     -0.00481      0.08708      0.13054      0.00000
   50  gamma              1        22   35           0           0      0.02639     -0.06121      0.63210      0.63561      0.00000
   51  gamma              1        22   35           0           0      0.16076     -0.01915      0.67564      0.69476      0.00000
   52  gamma              1        22   37           0           0     -0.32046      0.10009      4.87703      4.88857      0.00000
   53  gamma              1        22   37           0           0     -0.00417      0.00333      0.00541      0.00760      0.00000
   54  gamma              1        22   39           0           0     -0.11581      0.05795     22.24944     22.24982      0.00000
   55  gamma              1        22   39           0           0     -0.14663      0.10926     13.63313     13.63436      0.00000
 ==================================================================================================================================
                   sum charge:  0.00   sum momentum and inv. mass:      0.00000      0.00000    125.00000    135.00339     50.99916

 Advisory warning: maximum violated by  1.009D+00 in event     108
 XSEC(96,1) increased to  9.023D-03

 Advisory warning: maximum violated by  1.192D+00 in event    1024
 XSEC(96,1) increased to  1.076D-02

 Advisory warning: maximum violated by  1.045D+00 in event    2257
 XSEC(96,1) increased to  1.124D-02

 Advisory warning: maximum violated by  1.119D+00 in event    4923
 XSEC(96,1) increased to  1.259D-02

 Advisory warning: maximum violated by  1.045D+00 in event   18442
 XSEC(96,1) increased to  1.315D-02

 Advisory warning: maximum violated by  1.020D+00 in event   21511
 XSEC(96,1) increased to  1.342D-02

 Advisory warning: maximum violated by  1.086D+00 in event   36397
 XSEC(96,1) increased to  1.457D-02
1********* PYSTAT:  Statistics on Number of Events and Cross-sections *********

 ==============================================================================
 I                                  I                            I            I
 I            Subprocess            I      Number of points      I    Sigma   I
 I                                  I                            I            I
 I----------------------------------I----------------------------I    (mb)    I
 I                                  I                            I            I
 I N:o Type                         I    Generated         Tried I            I
 I                                  I                            I            I
 ==============================================================================
 I                                  I                            I            I
 I   0 All included subprocesses    I       500000      11240497 I  5.444D-04 I
 I  11 f + f' -> f + f' (QCD)       I        11106             0 I  6.631D-06 I
 I  12 f + fbar -> f' + fbar'       I          267             0 I  1.441D-07 I
 I  13 f + fbar -> g + g            I          319             0 I  1.872D-07 I
 I  28 f + g -> f + g               I        25057             0 I  1.454D-05 I
 I  53 g + g -> f + fbar            I          313             0 I  1.511D-07 I
 I  68 g + g -> g + g               I        10994             0 I  5.234D-06 I
 I  91 Elastic scattering           I        28040        482048 I  2.738D-05 I
 I  92 Single diffractive (XB)      I        13163        385512 I  1.291D-05 I
 I  93 Single diffractive (AX)      I        10801        316375 I  1.050D-05 I
 I  94 Double  diffractive          I         5998        285782 I  5.646D-06 I
 I  95 Low-pT scattering            I        47568        143770 I  9.982D-05 I
 I  99 q + gamma* -> q              I       325290       1573028 I  3.391D-04 I
 I 131 f + gamma*_T -> f + g        I         7617        152755 I  8.099D-06 I
 I 132 f + gamma*_L -> f + g        I          410          8780 I  4.502D-07 I
 I 135 g + gamma*_T -> f + fbar     I        10545        514489 I  1.105D-05 I
 I 136 g + gamma*_L -> f + fbar     I         2512         81384 I  2.620D-06 I
 I                                  I                            I            I
 ==============================================================================
 I                                  I                            I            I
 I   1 VMD * hadron                 I        82860       6575882 I  1.056D-04 I
 I   2 direct * hadron              I        21084        757408 I  2.222D-05 I
 I   3 anomalous * hadron           I        70766       2334179 I  7.758D-05 I
 I   4 DIS * hadron                 I       325290       1573028 I  3.391D-04 I
 I                                  I                            I            I
 ==============================================================================

 ********* Total number of errors, excluding junctions =        0 *************
 ********* Total number of errors, including junctions =        0 *************
 ********* Total number of warnings =                           0 *************
 ********* Fraction of events that fail fragmentation cuts =  0.05167 *********

1************ PYSTAT: User-Defined Limits on Kinematical Variables ************

 ==============================================================================
 I                                                                            I
 I                 0.000D+00 <  m_hard (GeV/c^2)  <  2.757D+00                I
 I    0.000D+00 ( 1.000D+00) <  p_T_hard (GeV/c)  <  1.379D+00                I
 I                             m_finite (GeV/c^2) =  1.000D+00                I
 I                -1.000D+01 <    y*_subsystem    <  1.000D+01                I
 I                -4.000D+01 <      y*_large      <  4.000D+01                I
 I                -4.000D+01 <      y*_small      <  4.000D+01                I
 I                -4.000D+01 <     eta*_large     <  4.000D+01                I
 I                -4.000D+01 <     eta*_small     <  4.000D+01                I
 I                -1.000D+00 < cos(theta*)_large  <  1.000D+00                I
 I                -1.000D+00 < cos(theta*)_small  <  1.000D+00                I
 I                 0.000D+00 <        x_1         <  1.000D+00                I
 I                 0.000D+00 <        x_2         <  1.000D+00                I
 I                -1.000D+00 <        x_F         <  1.000D+00                I
 I                -1.000D+00 <  cos(theta_hard)   <  1.000D+00                I
 I                 2.000D+00 < m'_hard (GeV/c^2)  <  2.757D+00                I
 I                                                                            I
 ==============================================================================
 The charm mass used is:    1.5000000000000000     
 ===================================================
 Pythia total cross section normalisation:  0.54441532506348078       microbarn
 Total Number of generated events      500000
 Total Number of trials      500000
 ===================================================

 ===== PDFSTA statistics for PDF under/over-flows ====

 ====== STRUCTM statistics for nucleon/pion PDFs =====

   total # of calls    8423966.0000000000     
   X  below PDF min    0.0000000000000000       or    0.0000000000000000       %
   X  above PDF max    0.0000000000000000       or    0.0000000000000000       %
   Q2 below PDF min    0.0000000000000000       or    0.0000000000000000       %
   Q2 above PDF max    0.0000000000000000       or    0.0000000000000000       %

 ========= STRUCTP statistics for photon PDFs ========

   total # of calls    0.0000000000000000     

