1                                                                              
 ******************************************************************************
 ******************************************************************************
 **                                                                          **
 **                                                                          **
 **              *......*                  Welcome to the Lund Monte Carlo!  **
 **         *:::!!:::::::::::*                                               **
 **      *::::::!!::::::::::::::*          PPP  Y   Y TTTTT H   H III   A    **
 **    *::::::::!!::::::::::::::::*        P  P  Y Y    T   H   H  I   A A   **
 **   *:::::::::!!:::::::::::::::::*       PPP    Y     T   HHHHH  I  AAAAA  **
 **   *:::::::::!!:::::::::::::::::*       P      Y     T   H   H  I  A   A  **
 **    *::::::::!!::::::::::::::::*!       P      Y     T   H   H III A   A  **
 **      *::::::!!::::::::::::::* !!                                         **
 **      !! *:::!!:::::::::::*    !!       This is PYTHIA version 6.428      **
 **      !!     !* -><- *         !!       Last date of change:  5 Sep 2013  **
 **      !!     !!                !!                                         **
 **      !!     !!                !!       Now is  0 Jan 2000 at  0:00:00    **
 **      !!                       !!                                         **
 **      !!        lh             !!       Disclaimer: this program comes    **
 **      !!                       !!       without any guarantees. Beware    **
 **      !!                 hh    !!       of errors and use common sense    **
 **      !!    ll                 !!       when interpreting results.        **
 **      !!                       !!                                         **
 **      !!                                Copyright T. Sjostrand (2011)     **
 **                                                                          **
 ** An archive of program versions and documentation is found on the web:    **
 ** http://www.thep.lu.se/~torbjorn/Pythia.html                              **
 **                                                                          **
 ** When you cite this program, the official reference is to the 6.4 manual: **
 ** T. Sjostrand, S. Mrenna and P. Skands, JHEP05 (2006) 026                 **
 ** (LU TP 06-13, FERMILAB-PUB-06-052-CD-T) [hep-ph/0603175].                **
 **                                                                          **
 ** Also remember that the program, to a large extent, represents original   **
 ** physics research. Other publications of special relevance to your        **
 ** studies may therefore deserve separate mention.                          **
 **                                                                          **
 ** Main author: Torbjorn Sjostrand; Department of Theoretical Physics,      **
 **   Lund University, Solvegatan 14A, S-223 62 Lund, Sweden;                **
 **   phone: + 46 - 46 - 222 48 16; e-mail: torbjorn@thep.lu.se              **
 ** Author: Stephen Mrenna; Computing Division, GDS Group,                   **
 **   Fermi National Accelerator Laboratory, MS 234, Batavia, IL 60510, USA; **
 **   phone: + 1 - 630 - 840 - 2556; e-mail: mrenna@fnal.gov                 **
 ** Author: Peter Skands; CERN/PH-TH, CH-1211 Geneva, Switzerland            **
 **   phone: + 41 - 22 - 767 24 47; e-mail: peter.skands@cern.ch             **
 **                                                                          **
 **                                                                          **
 ******************************************************************************
 ******************************************************************************
     MSEL           changed from              1 to              2
     MSTP(14)       changed from             30 to             30
     MSTP(15)       changed from              0 to              0
     MSTP(16)       changed from              1 to              1
     MSTP(17)       changed from              4 to              4
     MSTP(18)       changed from              3 to              3
     MSTP(19)       changed from              4 to              1
     MSTP(20)       changed from              3 to              0
     MSTP(32)       changed from              8 to              8
     MSTP(38)       changed from              5 to              4
     MSTP(51)       changed from              7 to          10050
     MSTP(52)       changed from              1 to              2
     MSTP(53)       changed from              3 to              3
     MSTP(54)       changed from              1 to              1
     MSTP(55)       changed from              5 to              5
     MSTP(56)       changed from              1 to              1
     MSTP(57)       changed from              1 to              1
     MSTP(58)       changed from              5 to              5
     MSTP(59)       changed from              1 to              1
     MSTP(60)       changed from              7 to              7
     MSTP(61)       changed from              2 to              2
     MSTP(71)       changed from              1 to              1
     MSTP(81)       changed from              1 to              0
     MSTP(82)       changed from              4 to              1
     MSTP(91)       changed from              1 to              1
     MSTP(92)       changed from              3 to              3
     MSTP(93)       changed from              1 to              1
     MSTP(101)      changed from              3 to              3
     MSTP(102)      changed from              1 to              1
     MSTP(111)      changed from              1 to              1
     MSTP(121)      changed from              0 to              0
     PARP(13)       changed from        1.00000 to        1.00000
     PARP(18)       changed from        0.40000 to        0.40000
     PARP(81)       changed from        1.90000 to        1.90000
     PARP(89)       changed from     1800.00000 to     1800.00000
     PARP(90)       changed from        0.25000 to        0.16000
     PARP(91)       changed from        2.00000 to        0.40000
     PARP(93)       changed from        5.00000 to        5.00000
     PARP(99)       changed from        1.00000 to        0.40000
     PARP(100)      changed from        5.00000 to        5.00000
     PARP(102)      changed from        0.28000 to        0.28000
     PARP(103)      changed from        1.00000 to        1.00000
     PARP(104)      changed from        0.80000 to        0.80000
     PARP(111)      changed from        2.00000 to        2.00000
     PARP(161)      changed from        2.20000 to        3.00000
     PARP(162)      changed from       23.60000 to       24.60000
     PARP(163)      changed from       18.40000 to       18.80000
     PARP(164)      changed from       11.50000 to       11.50000
     PARP(165)      changed from        0.50000 to        0.47679
     PARP(166)      changed from        0.00000 to        0.67597
     PARJ(1)        changed from        0.10000 to        0.10000
     PARJ(2)        changed from        0.30000 to        0.30000
     PARJ(11)       changed from        0.50000 to        0.50000
     PARJ(12)       changed from        0.60000 to        0.60000
     PARJ(21)       changed from        0.36000 to        0.40000
     PARJ(32)       changed from        1.00000 to        1.00000
     PARJ(33)       changed from        0.80000 to        0.80000
     PARJ(41)       changed from        0.30000 to        0.30000
     PARJ(42)       changed from        0.58000 to        0.58000
     PARJ(45)       changed from        0.50000 to        0.50000
     MSTJ(1)        changed from              1 to              1
     MSTJ(12)       changed from              2 to              1
     MSTJ(45)       changed from              5 to              5
     MSTU(112)      changed from              5 to              5
     MSTU(113)      changed from              3 to              5
     MSTU(114)      changed from              5 to              5
     CKIN(1)        changed from        2.00000 to        1.00000
     CKIN(2)        changed from       -1.00000 to       -1.00000
     CKIN(3)        changed from        0.00000 to        0.00000
     CKIN(4)        changed from       -1.00000 to       -1.00000
     CKIN(5)        changed from        1.00000 to        1.00000
     CKIN(6)        changed from        1.00000 to        1.00000
     CKIN(7)        changed from      -10.00000 to      -10.00000
     CKIN(8)        changed from       10.00000 to       10.00000
     CKIN(9)        changed from      -40.00000 to      -40.00000
     CKIN(10)       changed from       40.00000 to       40.00000
     CKIN(11)       changed from      -40.00000 to      -40.00000
     CKIN(12)       changed from       40.00000 to       40.00000
     CKIN(13)       changed from      -40.00000 to      -40.00000
     CKIN(14)       changed from       40.00000 to       40.00000
     CKIN(15)       changed from      -40.00000 to      -40.00000
     CKIN(16)       changed from       40.00000 to       40.00000
     CKIN(17)       changed from       -1.00000 to       -1.00000
     CKIN(18)       changed from        1.00000 to        1.00000
     CKIN(19)       changed from       -1.00000 to       -1.00000
     CKIN(20)       changed from        1.00000 to        1.00000
     CKIN(21)       changed from        0.00000 to        0.00000
     CKIN(22)       changed from        1.00000 to        1.00000
     CKIN(23)       changed from        0.00000 to        0.00000
     CKIN(24)       changed from        1.00000 to        1.00000
     CKIN(25)       changed from       -1.00000 to       -1.00000
     CKIN(26)       changed from        1.00000 to        1.00000
     CKIN(27)       changed from       -1.00000 to       -1.00000
     CKIN(28)       changed from        1.00000 to        1.00000
     CKIN(31)       changed from        2.00000 to        2.00000
     CKIN(32)       changed from       -1.00000 to       -1.00000
     CKIN(35)       changed from        0.00000 to        0.00000
     CKIN(36)       changed from       -1.00000 to       -1.00000
     CKIN(37)       changed from        0.00000 to        0.00000
     CKIN(38)       changed from       -1.00000 to       -1.00000
     CKIN(39)       changed from        4.00000 to        4.00000
     CKIN(40)       changed from       -1.00000 to       -1.00000
     CKIN(65)       changed from        0.00000 to        0.00000
     CKIN(66)       changed from       -1.00000 to       -1.00000
     CKIN(67)       changed from        0.00000 to        0.00000
     CKIN(68)       changed from       -1.00000 to       -1.00000
     CKIN(77)       changed from        2.00000 to        2.00000
     CKIN(78)       changed from       -1.00000 to       -1.00000
 *********************************************
 NOW all parameters are read by PYTHIA
 *********************************************
 SEED =   1958082893
 RANLUX LUXURY LEVEL SET BY RLUXGO : 4     P= 389
 RANLUX INITIALIZED BY RLUXGO FROM SEEDS  1958082893           0           0
   5328.9753403062132        10.000000000000000       -5328.9753403062132       -10.0000000    
 *********************************************
 proton beam momentum:   250.000000     GeV
 lepton beam momentum:   10.0000000     GeV
 resulting sqrt(s):   100.00457712527508      GeV
 *********************************************
1****************** PYINIT: initialization of PYTHIA routines *****************
 ==== PYTHIA WILL USE LHAPDF ====
 *************************************
 *       LHAPDF Version 5.9.1        *
 *   Configured for the following:   *
 *             All PDFs              *
 *         FULL MEMORY option        *
 *    Maximum  3 concurrent set(s)   *
 *************************************

 >>>>>> PDF description: <<<<<<
 CTEQ6M                                                          
 Reference:                                                      
 J. Pumplin, D.R. Stump, J. Huston, H.L. Lai, P. Nadolsky,       
 W.K. Tung                                                       
 hep-ph/0201195                                                  
 This set has 41 member PDFs.                                    
     mem=0 --> central value (cteq6m)                            
     mem=1-40 --> 20 sets of +ve/-ve error values                
 >>>>>>                   <<<<<<

 ==============================================
 PDFset name /cvmfs/sft.cern.ch/lcg/external/lhapdfsets/5.9.1/share/PDFsets/cteq6mE.LHgrid   
 with         40 members
 ====  initialized. ===========================
 Strong coupling at Mz for PDF is:  0.11798

 ==============================================================================
 I                                                                            I
 I      PYTHIA will be initialized for gamma/e- on p+ user configuration      I
 I                                                                            I
 I                  px (GeV/c)   py (GeV/c)   pz (GeV/c)      E (GeV)         I
 I        gamma/e-       0.000        0.000      -10.000       10.000         I
 I        p+             0.000        0.000      250.000      250.002         I
 I                                                                            I
 I           corresponding to    100.005 GeV center-of-mass energy            I
 I                                                                            I
 ==============================================================================

 ******** PYMAXI: summary of differential cross-section maximum search ********

           ==========================================================
           I                                      I                 I
           I  ISUB  Subprocess name               I  Maximum value  I
           I                                      I                 I
           ==========================================================
           I                                      I                 I
           I   91   Elastic scattering            I    4.5802D-04   I
           I   92   Single diffractive (XB)       I    3.3396D-04   I
           I   93   Single diffractive (AX)       I    2.7193D-04   I
           I   94   Double  diffractive           I    2.7235D-04   I
           I   95   Low-pT scattering             I    1.9842D-03   I
           I   96   Semihard QCD 2 -> 2           I    1.9401D-02   I
           I                                      I                 I
           ==========================================================

 ******** PYMAXI: summary of differential cross-section maximum search ********

           ==========================================================
           I                                      I                 I
           I  ISUB  Subprocess name               I  Maximum value  I
           I                                      I                 I
           ==========================================================
           I                                      I                 I
           I  131   f + gamma*_T -> f + g         I    1.8340D-04   I
           I  132   f + gamma*_L -> f + g         I    9.6222D-06   I
           I  135   g + gamma*_T -> f + fbar      I    5.6762D-04   I
           I  136   g + gamma*_L -> f + fbar      I    9.2431D-05   I
           I                                      I                 I
           ==========================================================

 ******** PYMAXI: summary of differential cross-section maximum search ********

           ==========================================================
           I                                      I                 I
           I  ISUB  Subprocess name               I  Maximum value  I
           I                                      I                 I
           ==========================================================
           I                                      I                 I
           I   91   Elastic scattering            I    1.1937D-04   I
           I   92   Single diffractive (XB)       I    8.8669D-05   I
           I   93   Single diffractive (AX)       I    7.0104D-05   I
           I   94   Double  diffractive           I    7.1830D-05   I
           I   95   Low-pT scattering             I    5.5769D-04   I
           I   96   Semihard QCD 2 -> 2           I    1.4517D-02   I
           I                                      I                 I
           ==========================================================

 ******** PYMAXI: summary of differential cross-section maximum search ********

           ==========================================================
           I                                      I                 I
           I  ISUB  Subprocess name               I  Maximum value  I
           I                                      I                 I
           ==========================================================
           I                                      I                 I
           I   99   q + gamma* -> q               I    2.3955D-03   I
           I                                      I                 I
           ==========================================================

 ********************** PYINIT: initialization completed **********************
 the outputfile will be named: outfiles/ep_10x250_Q2_10_100_norad.out                                                                                                                                                                                                                          



                            Event listing (standard)

    I  particle/jet  K(I,1)   K(I,2) K(I,3)     K(I,4)      K(I,5)       P(I,1)       P(I,2)       P(I,3)       P(I,4)       P(I,5)

    1  !e-!              21        11    0           3           4      0.00000      0.00000    -10.00000     10.00000      0.00051
    2  !p+!              21      2212    0           5           0     -0.00000      0.00000    250.00000    250.00176      0.93827
 ==================================================================================================================================
    3  !e-!              21        11    1           0           0      1.47444      3.13979     -9.23351      9.86357      0.00051
    4  !gamma!           21        22    1           0           0     -1.47444     -3.13979     -0.76649      0.13643     -3.54981
    5  !p+!              21      2212    2           0           0     -0.00000      0.00000    250.00000    250.00176      0.93827
    6  !gamma!           21        22    4           0           0     -1.47731     -3.14592     -0.74080      0.16388     -3.54981
    7  !u!               21         2    5           0           0      0.00008      0.00017      6.96369      6.96369      0.00000
    8  !gamma!           21        22    6           0           0     -1.47731     -3.14592     -0.74080      0.16388     -3.54981
    9  !u!               21         2    7           0           0      0.00008      0.00017      6.96369      6.96369      0.00000
   10  !u!               21         2    9           0           0     -1.47723     -3.14575      6.22289      7.12757      0.00000
 ==================================================================================================================================
   11  e-                 1        11    3           0           0      1.47444      3.13979     -9.23351      9.86357      0.00051
   12  (ud_1)        A   12      2103    5          17          17     -0.25291      0.06448    220.58376    220.58527      0.77133
   13  (g)           I   12        21   10          17          17      1.15579     -1.42670     21.67620     21.75383      0.00000
   14  (g)           I   12        21   10          17          17      0.10411     -0.33700      0.99208      1.05292      0.00000
   15  (g)           I   12        21   10          17          17     -1.18976     -1.34328      3.92547      4.31616      0.00000
   16  (u)           V   11         2   10          17          17     -1.29167     -0.09728      2.05600      2.43002      0.00000
 ==================================================================================================================================
   17  (string)          11        92   12          18          26     -1.47444     -3.13979    249.23351    250.13819     20.96999
   18  (Delta0)          11      2114   17          27          28     -0.18245      0.03480     74.24211     74.25228      1.21451
   19  (K*bar0)          11      -313   17          29          30      0.77293     -0.52529     49.87042     49.88740      0.90635
   20  (K0)              11       311   17          31          31     -0.28198     -0.31304     28.91109     28.91844      0.49767
   21  nbar0              1     -2112   17           0           0      0.02071      0.00671     56.30417     56.31201      0.93957
   22  p+                 1      2212   17           0           0     -0.61604      0.23940     20.26310     20.29558      0.93827
   23  (rho-)            11      -213   17          32          33      0.82970     -1.50782     12.84245     12.97792      0.73210
   24  (pi0)             11       111   17          34          35     -0.23202      0.01971      0.50945      0.57618      0.13498
   25  (rho+)            11       213   17          36          37     -0.47384     -0.11705      1.68720      1.93996      0.82374
   26  (eta')            11       331   17          38          39     -1.31144     -0.97721      4.60352      4.97842      0.95786
   27  n0                 1      2112   18           0           0     -0.28710     -0.13015     59.43445     59.44271      0.93957
   28  (pi0)             11       111   18          40          41      0.10465      0.16495     14.80766     14.80956      0.13498
   29  K-                 1      -321   19           0           0      0.49317     -0.55247     26.62400     26.63887      0.49360
   30  pi+                1       211   19           0           0      0.27976      0.02718     23.24641     23.24853      0.13957
   31  K_L0               1       130   20           0           0     -0.28198     -0.31304     28.91109     28.91844      0.49767
   32  pi-                1      -211   23           0           0      0.48952     -0.29063      3.37304      3.42359      0.13957
   33  (pi0)             11       111   23          42          43      0.34018     -1.21719      9.46940      9.55432      0.13498
   34  gamma              1        22   24           0           0      0.01213     -0.01823      0.03606      0.04219      0.00000
   35  gamma              1        22   24           0           0     -0.24415      0.03793      0.47339      0.53399      0.00000
   36  pi+                1       211   25           0           0      0.18659     -0.11238      0.68419      0.73147      0.13957
   37  (pi0)             11       111   25          44          45     -0.66044     -0.00467      1.00301      1.20849      0.13498
   38  gamma              1        22   26           0           0     -0.27232     -0.40977      1.68924      1.75943      0.00000
   39  (rho0)            11       113   26          46          47     -1.03912     -0.56744      2.91428      3.21899      0.68346
   40  gamma              1        22   28           0           0      0.04873      0.11005      4.51070      4.51231      0.00000
   41  gamma              1        22   28           0           0      0.05592      0.05490     10.29696     10.29726      0.00000
   42  gamma              1        22   33           0           0     -0.00986     -0.09363      0.72349      0.72959      0.00000
   43  gamma              1        22   33           0           0      0.35004     -1.12356      8.74591      8.82473      0.00000
   44  gamma              1        22   37           0           0     -0.21138      0.00957      0.43960      0.48787      0.00000
   45  gamma              1        22   37           0           0     -0.44906     -0.01424      0.56341      0.72062      0.00000
   46  pi+                1       211   39           0           0     -0.42138      0.03076      0.60619      0.75196      0.13957
   47  pi-                1      -211   39           0           0     -0.61774     -0.59820      2.30810      2.46703      0.13957
 ==================================================================================================================================
                   sum charge:  0.00   sum momentum and inv. mass:      0.00000      0.00000    240.00000    260.00176    100.00458



                            Event listing (standard)

    I  particle/jet  K(I,1)   K(I,2) K(I,3)     K(I,4)      K(I,5)       P(I,1)       P(I,2)       P(I,3)       P(I,4)       P(I,5)

    1  !e-!              21        11    0           3           4      0.00000      0.00000    -10.00000     10.00000      0.00051
    2  !p+!              21      2212    0           5           0     -0.00000      0.00000    250.00000    250.00176      0.93827
 ==================================================================================================================================
    3  !e-!              21        11    1           0           0     -1.98102      3.08203     -8.98610      9.70429      0.00051
    4  !gamma!           21        22    1           0           0      1.98102     -3.08203     -1.01390      0.29571     -3.78997
    5  !p+!              21      2212    2           0           0     -0.00000      0.00000    250.00000    250.00176      0.93827
    6  !gamma!           21        22    4           0           0      1.98368     -3.08617     -1.00053      0.31084     -3.78997
    7  !u!               21         2    5           0           0     -0.00006      0.00009      5.47635      5.47635      0.00000
    8  !gamma!           21        22    6           0           0      1.98368     -3.08617     -1.00053      0.31084     -3.78997
    9  !u!               21         2    7           0           0     -0.00006      0.00009      5.47635      5.47635      0.00000
   10  !u!               21         2    9           0           0      1.98362     -3.08608      4.47582      5.78719      0.00000
 ==================================================================================================================================
   11  e-                 1        11    3           0           0     -1.98102      3.08203     -8.98610      9.70429      0.00051
   12  (u)           A   12         2   10          14          14      1.46949     -3.26908      4.24780      5.55788      0.00000
   13  (ud_0)        V   11      2101    5          14          14      0.51153      0.18705    244.73830    244.73959      0.57933
 ==================================================================================================================================
   14  (string)          11        92   12          15          18      1.98102     -3.08203    248.98610    250.29747     25.32439
   15  (pi0)             11       111   14          19          20      0.82589     -2.40822      3.30476      4.17388      0.13498
   16  (K*+)             11       323   14          21          22      0.58121     -0.45002      1.80762      2.15198      0.90730
   17  (K*-)             11      -323   14          23          24     -0.07361     -0.40658      5.16645      5.26156      0.90611
   18  p+                 1      2212   14           0           0      0.64752      0.18279    238.70727    238.71006      0.93827
   19  gamma              1        22   15           0           0      0.00142     -0.06302      0.09574      0.11463      0.00000
   20  gamma              1        22   15           0           0      0.82447     -2.34520      3.20902      4.05925      0.00000
   21  (K0)              11       311   16          25          25      0.16079     -0.03992      0.56774      0.77295      0.49767
   22  pi+                1       211   16           0           0      0.42043     -0.41010      1.23988      1.37903      0.13957
   23  (Kbar0)           11      -311   17          26          26      0.02676      0.04120      3.10691      3.14690      0.49767
   24  pi-                1      -211   17           0           0     -0.10037     -0.44778      2.05954      2.11465      0.13957
   25  (K_S0)            11       310   21          27          28      0.16079     -0.03992      0.56774      0.77295      0.49767
   26  K_L0               1       130   23           0           0      0.02676      0.04120      3.10691      3.14690      0.49767
   27  pi+                1       211   25           0           0      0.24064     -0.08724      0.16105      0.33307      0.13957
   28  pi-                1      -211   25           0           0     -0.07985      0.04732      0.40669      0.43988      0.13957
 ==================================================================================================================================
                   sum charge:  0.00   sum momentum and inv. mass:     -0.00000      0.00000    240.00000    260.00176    100.00458



                            Event listing (standard)

    I  particle/jet  K(I,1)   K(I,2) K(I,3)     K(I,4)      K(I,5)       P(I,1)       P(I,2)       P(I,3)       P(I,4)       P(I,5)

    1  !e-!              21        11    0           3           4      0.00000      0.00000    -10.00000     10.00000      0.00051
    2  !p+!              21      2212    0           5           0     -0.00000      0.00000    250.00000    250.00176      0.93827
 ==================================================================================================================================
    3  !e-!              21        11    1           0           0     -2.66449      2.43271     -6.19664      7.17049      0.00051
    4  !gamma!           21        22    1           0           0      2.66449     -2.43271     -3.80336      2.82951     -4.41327
    5  !p+!              21      2212    2           0           0     -0.00000     -0.00000    250.00000    250.00176      0.93827
    6  !gamma!           21        22    4           0           0      2.66519     -2.43336     -3.80359      2.83104     -4.41327
    7  !u!               21         2    5           0           0     -0.00000      0.00000      1.46783      1.46783      0.00000
    8  !gamma!           21        22    6           0           0      2.66519     -2.43336     -3.80359      2.83104     -4.41327
    9  !u!               21         2    7           0           0     -0.00000      0.00000      1.46783      1.46783      0.00000
   10  !u!               21         2    9           0           0      2.66519     -2.43336     -2.33576      4.29886      0.00000
 ==================================================================================================================================
   11  e-                 1        11    3           0           0     -2.66449      2.43271     -6.19664      7.17049      0.00051
   12  (ud_0)        A   12      2101    5          16          16     -0.63382      0.04059    246.31640    246.31790      0.57933
   13  (g)           I   12        21   10          16          16      0.22704      0.04907      1.52118      1.53882      0.00000
   14  (g)           I   12        21   10          16          16     -0.24575      0.25731     -0.03139      0.35720      0.00000
   15  (u)           V   11         2   10          16          16      3.31702     -2.77969     -1.60955      4.61735      0.00000
 ==================================================================================================================================
   16  (string)          11        92   12          17          25      2.66449     -2.43271    246.19664    252.83127     57.42687
   17  n0                 1      2112   16           0           0      0.28810      0.39263    106.28192    106.28719      0.93957
   18  (omega)           11       223   16          26          28     -0.83881     -0.13311    103.14580    103.15221      0.77516
   19  (rho+)            11       213   16          29          30      0.24404     -0.56951     21.24901     21.27293      0.79586
   20  (rho0)            11       113   16          31          32      0.02243      0.26929      6.18914      6.23819      0.73244
   21  pi-                1      -211   16           0           0     -0.19336      0.17797      8.84520      8.85020      0.13957
   22  (Kbar0)           11      -311   16          33          33     -0.36043     -0.10318      1.75345      1.86087      0.49767
   23  K+                 1       321   16           0           0      0.98573     -0.46575     -0.44931      1.27833      0.49360
   24  (omega)           11       223   16          34          36      0.27832     -0.44460      0.05388      0.93121      0.76754
   25  (rho0)            11       113   16          37          38      2.23847     -1.55645     -0.87243      2.96015      0.75370
   26  pi+                1       211   18           0           0     -0.65252      0.06116     50.61358     50.61802      0.13957
   27  pi-                1      -211   18           0           0     -0.17849     -0.20708     41.55412     41.55525      0.13957
   28  (pi0)             11       111   18          39          40     -0.00780      0.01281     10.97810     10.97894      0.13498
   29  pi+                1       211   19           0           0     -0.17383     -0.48840     13.90477     13.91513      0.13957
   30  (pi0)             11       111   19          41          42      0.41787     -0.08112      7.34423      7.35780      0.13498
   31  pi-                1      -211   20           0           0     -0.07973     -0.17051      3.49983      3.50767      0.13957
   32  pi+                1       211   20           0           0      0.10216      0.43980      2.68931      2.73052      0.13957
   33  (K_S0)            11       310   22          43          44     -0.36043     -0.10318      1.75345      1.86087      0.49767
   34  pi+                1       211   24           0           0      0.28709     -0.02022      0.06355      0.32611      0.13957
   35  pi-                1      -211   24           0           0      0.08799     -0.30451      0.11547      0.36508      0.13957
   36  (pi0)             11       111   24          45          46     -0.09676     -0.11987     -0.12514      0.24002      0.13498
   37  pi-                1      -211   25           0           0      1.10287     -0.36673     -0.25649      1.19837      0.13957
   38  pi+                1       211   25           0           0      1.13560     -1.18972     -0.61595      1.76179      0.13957
   39  gamma              1        22   28           0           0     -0.05350     -0.03938      5.41906      5.41946      0.00000
   40  gamma              1        22   28           0           0      0.04570      0.05219      5.55904      5.55948      0.00000
   41  gamma              1        22   30           0           0      0.35273     -0.10106      6.68272      6.69279      0.00000
   42  gamma              1        22   30           0           0      0.06514      0.01994      0.66151      0.66501      0.00000
   43  pi-                1      -211   33           0           0     -0.36909      0.06847      1.07317      1.14546      0.13957
   44  pi+                1       211   33           0           0      0.00865     -0.17165      0.68028      0.71540      0.13957
   45  gamma              1        22   36           0           0     -0.08503     -0.12041     -0.15137      0.21129      0.00000
   46  gamma              1        22   36           0           0     -0.01173      0.00054      0.02623      0.02874      0.00000
 ==================================================================================================================================
                   sum charge:  0.00   sum momentum and inv. mass:     -0.00000      0.00000    240.00000    260.00176    100.00458



                            Event listing (standard)

    I  particle/jet  K(I,1)   K(I,2) K(I,3)     K(I,4)      K(I,5)       P(I,1)       P(I,2)       P(I,3)       P(I,4)       P(I,5)

    1  !e-!              21        11    0           3           4      0.00000      0.00000    -10.00000     10.00000      0.00051
    2  !p+!              21      2212    0           5           0     -0.00000      0.00000    250.00000    250.00176      0.93827
 ==================================================================================================================================
    3  !e-!              21        11    1           0           0     -1.52225     -4.63344     -9.13424     10.35473      0.00051
    4  !gamma!           21        22    1           0           0      1.52225      4.63344     -0.86576     -0.35473     -4.94061
    5  !p+!              21      2212    2           0           0     -0.00000     -0.00000    250.00000    250.00176      0.93827
    6  !gamma!           21        22    4           0           0      1.52749      4.64938     -0.70461     -0.19182     -4.94061
    7  !u!               21         2    5           0           0     -0.00050     -0.00152     23.78554     23.78554      0.00000
    8  !gamma!           21        22    6           0           0      1.52749      4.64938     -0.70461     -0.19182     -4.94061
    9  !u!               21         2    7           0           0     -0.00050     -0.00152     23.78554     23.78554      0.00000
   10  !u!               21         2    9           0           0      1.52699      4.64787     23.08093     23.59372      0.00000
 ==================================================================================================================================
   11  e-                 1        11    3           0           0     -1.52225     -4.63344     -9.13424     10.35473      0.00051
   12  (ud_0)        A   12      2101    5          16          16      0.05622     -0.24174    211.04225    211.04319      0.57933
   13  (g)           I   12        21   10          16          16      0.59656     -0.32206      7.04288      7.07543      0.00000
   14  (g)           I   12        21   10          16          16     -0.29761      0.51143      2.21224      2.29000      0.00000
   15  (u)           V   11         2   10          16          16      1.16709      4.68581     28.83688     29.23841      0.00000
 ==================================================================================================================================
   16  (string)          11        92   12          17          23      1.52225      4.63344    249.13424    249.64703     15.23105
   17  n0                 1      2112   16           0           0     -0.08839      0.24549    142.56718    142.57052      0.93957
   18  (rho+)            11       213   16          24          25      0.46042     -0.60508     42.20266     42.22075      0.97420
   19  (rho-)            11      -213   16          26          27      0.32256      0.26493     23.94499     23.95680      0.62540
   20  pi+                1       211   16           0           0     -0.20886     -0.49287      5.30095      5.32973      0.13957
   21  (omega)           11       223   16          28          29      0.55496      2.75442     18.30015     18.53093      0.77780
   22  (pi0)             11       111   16          30          31      0.29449      0.34359      3.10346      3.13918      0.13498
   23  (rho0)            11       113   16          32          33      0.18707      2.12296     13.71485     13.89913      0.73941
   24  pi+                1       211   18           0           0     -0.03276     -0.44316     32.45701     32.46035      0.13957
   25  (pi0)             11       111   18          34          35      0.49319     -0.16192      9.74565      9.76040      0.13498
   26  pi-                1      -211   19           0           0     -0.02487      0.34288     11.99337     11.99911      0.13957
   27  (pi0)             11       111   19          36          37      0.34743     -0.07794     11.95162     11.95768      0.13498
   28  pi-                1      -211   21           0           0      0.22461      2.33113     14.01393     14.20896      0.13957
   29  pi+                1       211   21           0           0      0.33035      0.42329      4.28622      4.32197      0.13957
   30  gamma              1        22   22           0           0     -0.01060      0.01213      0.23612      0.23667      0.00000
   31  gamma              1        22   22           0           0      0.30509      0.33146      2.86734      2.90251      0.00000
   32  pi+                1       211   23           0           0      0.08428      0.27449      1.00765      1.05702      0.13957
   33  pi-                1      -211   23           0           0      0.10278      1.84847     12.70720     12.84211      0.13957
   34  gamma              1        22   25           0           0      0.36810     -0.09300      5.97992      5.99196      0.00000
   35  gamma              1        22   25           0           0      0.12508     -0.06892      3.76573      3.76844      0.00000
   36  gamma              1        22   27           0           0      0.15373     -0.02431      7.39021      7.39185      0.00000
   37  gamma              1        22   27           0           0      0.19370     -0.05363      4.56141      4.56584      0.00000
 ==================================================================================================================================
                   sum charge:  0.00   sum momentum and inv. mass:     -0.00000     -0.00000    240.00000    260.00176    100.00458



                            Event listing (standard)

    I  particle/jet  K(I,1)   K(I,2) K(I,3)     K(I,4)      K(I,5)       P(I,1)       P(I,2)       P(I,3)       P(I,4)       P(I,5)

    1  !e-!              21        11    0           3           4      0.00000      0.00000    -10.00000     10.00000      0.00051
    2  !p+!              21      2212    0           5           0     -0.00000      0.00000    250.00000    250.00176      0.93827
 ==================================================================================================================================
    3  !e-!              21        11    1           0           0      3.50048     -1.69334     -9.51760     10.28132      0.00051
    4  !gamma!           21        22    1           0           0     -3.50048      1.69334     -0.48240     -0.28132     -3.90824
    5  !p+!              21      2212    2           0           0      0.00000     -0.00000    250.00000    250.00176      0.93827
    6  !gamma!           21        22    4           0           0     -3.53102      1.70811      0.17305      0.37589     -3.90824
    7  !d!               21         1    5           0           0      0.00460     -0.00222     37.55339     37.55339      0.00000
    8  !gamma!           21        22    6           0           0     -3.53102      1.70811      0.17305      0.37589     -3.90824
    9  !d!               21         1    7           0           0      0.00460     -0.00222     37.55339     37.55339      0.00000
   10  !d!               21         1    9           0           0     -3.52642      1.70588     37.72645     37.92928      0.00000
 ==================================================================================================================================
   11  e-                 1        11    3           0           0      3.50048     -1.69334     -9.51760     10.28132      0.00051
   12  (d)           A   12         1   10          14          14     -3.59523      1.47120     37.38138     37.58268      0.00000
   13  (uu_1)        V   11      2203    5          14          14      0.09474      0.22214    212.13622    212.13776      0.77133
 ==================================================================================================================================
   14  (string)          11        92   12          15          17     -3.50048      1.69334    249.51760    249.72044      9.28134
   15  (pi0)             11       111   14          18          19     -2.50135      0.65517     22.68055     22.82787      0.13498
   16  (rho-)            11      -213   14          20          21     -1.28186      1.10392     33.90444     33.95573      0.78630
   17  (Delta++)         11      2224   14          22          23      0.28273     -0.06575    192.93261    192.93684      1.24508
   18  gamma              1        22   15           0           0     -0.06762      0.01473      0.82816      0.83104      0.00000
   19  gamma              1        22   15           0           0     -2.43374      0.64045     21.85240     21.99683      0.00000
   20  pi-                1      -211   16           0           0     -0.00177      0.08816      6.61938      6.62144      0.13957
   21  (pi0)             11       111   16          24          26     -1.28009      1.01576     27.28506     27.33429      0.13498
   22  p+                 1      2212   17           0           0      0.29179     -0.18389    181.64919    181.65194      0.93827
   23  pi+                1       211   17           0           0     -0.00906      0.11814     11.28342     11.28490      0.13957
   24  gamma              1        22   21           0           0     -0.01891     -0.00192      0.35249      0.35300      0.00000
   25  e-                 1        11   21           0           0     -1.20831      0.97408     25.80541     25.85204      0.00051
   26  e+                 1       -11   21           0           0     -0.05287      0.04359      1.12716      1.12924      0.00051
 ==================================================================================================================================
                   sum charge:  0.00   sum momentum and inv. mass:      0.00000     -0.00000    240.00000    260.00176    100.00458



                            Event listing (standard)

    I  particle/jet  K(I,1)   K(I,2) K(I,3)     K(I,4)      K(I,5)       P(I,1)       P(I,2)       P(I,3)       P(I,4)       P(I,5)

    1  !e-!              21        11    0           3           4      0.00000      0.00000    -10.00000     10.00000      0.00051
    2  !p+!              21      2212    0           5           0     -0.00000      0.00000    250.00000    250.00176      0.93827
 ==================================================================================================================================
    3  !e-!              21        11    1           0           0     -0.26234      4.22807     -9.02201      9.96705      0.00051
    4  !gamma!           21        22    1           0           0      0.26234     -4.22807     -0.97799      0.03295     -4.34750
    5  !p+!              21      2212    2           0           0     -0.00000      0.00000    250.00000    250.00176      0.93827
    6  !gamma!           21        22    4           0           0      0.26279     -4.23543     -0.94717      0.06554     -4.34750
    7  !d!               21         1    5           0           0     -0.00002      0.00027      9.33070      9.33070      0.00000
    8  !gamma!           21        22    6           0           0      0.26279     -4.23543     -0.94717      0.06554     -4.34750
    9  !d!               21         1    7           0           0     -0.00002      0.00027      9.33070      9.33070      0.00000
   10  !d!               21         1    9           0           0      0.26278     -4.23516      8.38353      9.39623      0.00000
 ==================================================================================================================================
   11  e-                 1        11    3           0           0     -0.26234      4.22807     -9.02201      9.96705      0.00051
   12  (uu_1)        A   12      2203    5          16          16     -0.21157      0.13894    238.14997    238.15135      0.77133
   13  (g)           I   12        21   10          16          16      0.38858     -0.35762      1.51393      1.60340      0.00000
   14  (g)           I   12        21   10          16          16      0.28111     -2.03452      3.13317      3.74634      0.00000
   15  (d)           V   11         1   10          16          16     -0.19578     -1.97487      6.22494      6.53363      0.00000
 ==================================================================================================================================
   16  (string)          11        92   12          17          24      0.26234     -4.22807    249.02201    250.03471     22.07829
   17  (Delta+)          11      2214   16          25          26      0.04333     -0.00432    106.57109    106.57761      1.17827
   18  pi+                1       211   16           0           0     -0.25516     -0.16376     99.11983     99.12039      0.13957
   19  pi-                1      -211   16           0           0      0.40077      0.20680     19.18370     19.18951      0.13957
   20  (omega)           11       223   16          27          29     -0.11833     -0.12142      2.77246      2.88562      0.78199
   21  pi+                1       211   16           0           0      0.10997     -0.95536      2.72670      2.89468      0.13957
   22  (rho-)            11      -213   16          30          31     -0.28537     -0.06298      5.82024      5.87302      0.72917
   23  (Deltabar0)       11     -2114   16          32          33     -0.14626     -1.63236      6.95998      7.27126      1.32054
   24  (Delta0)          11      2114   16          34          35      0.51338     -1.49466      5.86801      6.22263      1.33794
   25  p+                 1      2212   17           0           0     -0.05148     -0.03146     72.28023     72.28634      0.93827
   26  (pi0)             11       111   17          36          37      0.09481      0.02714     34.29086     34.29126      0.13498
   27  pi+                1       211   20           0           0     -0.19304      0.16965      0.75424      0.80895      0.13957
   28  pi-                1      -211   20           0           0     -0.06110     -0.24066      1.35043      1.38014      0.13957
   29  (pi0)             11       111   20          38          39      0.13581     -0.05041      0.66779      0.69653      0.13498
   30  pi-                1      -211   22           0           0     -0.03166      0.27534      1.62581      1.65516      0.13957
   31  (pi0)             11       111   22          40          41     -0.25371     -0.33832      4.19444      4.21786      0.13498
   32  nbar0              1     -2112   23           0           0     -0.39137     -1.11054      4.73626      4.97006      0.93957
   33  (pi0)             11       111   23          42          43      0.24511     -0.52182      2.22372      2.30120      0.13498
   34  p+                 1      2212   24           0           0      0.30005     -1.43943      5.51131      5.78073      0.93827
   35  pi-                1      -211   24           0           0      0.21333     -0.05523      0.35669      0.44190      0.13957
   36  gamma              1        22   26           0           0      0.02898      0.04311     27.90207     27.90212      0.00000
   37  gamma              1        22   26           0           0      0.06583     -0.01598      6.38879      6.38915      0.00000
   38  gamma              1        22   29           0           0      0.03046      0.04534      0.21832      0.22505      0.00000
   39  gamma              1        22   29           0           0      0.10535     -0.09575      0.44947      0.47148      0.00000
   40  gamma              1        22   31           0           0     -0.17011     -0.20380      3.18849      3.19953      0.00000
   41  gamma              1        22   31           0           0     -0.08360     -0.13452      1.00594      1.01834      0.00000
   42  gamma              1        22   33           0           0      0.20119     -0.50600      2.01093      2.08335      0.00000
   43  gamma              1        22   33           0           0      0.04392     -0.01583      0.21279      0.21785      0.00000
 ==================================================================================================================================
                   sum charge:  0.00   sum momentum and inv. mass:     -0.00000      0.00000    240.00000    260.00176    100.00458



                            Event listing (standard)

    I  particle/jet  K(I,1)   K(I,2) K(I,3)     K(I,4)      K(I,5)       P(I,1)       P(I,2)       P(I,3)       P(I,4)       P(I,5)

    1  !e-!              21        11    0           3           4      0.00000      0.00000    -10.00000     10.00000      0.00051
    2  !p+!              21      2212    0           5           0     -0.00000      0.00000    250.00000    250.00176      0.93827
 ==================================================================================================================================
    3  !e-!              21        11    1           0           0     -2.92887     -1.41571     -8.80583      9.38750      0.00051
    4  !gamma!           21        22    1           0           0      2.92887      1.41571     -1.19417      0.61250     -3.41078
    5  !p+!              21      2212    2           0           0     -0.00000     -0.00000    250.00000    250.00176      0.93827
    6  !gamma!           21        22    4           0           0      2.93172      1.41709     -1.18906      0.61937     -3.41078
    7  !u!               21         2    5           0           0     -0.00004     -0.00002      3.21636      3.21636      0.00000
    8  !gamma!           21        22    6           0           0      2.93172      1.41709     -1.18906      0.61937     -3.41078
    9  !u!               21         2    7           0           0     -0.00004     -0.00002      3.21636      3.21636      0.00000
   10  !u!               21         2    9           0           0      2.93169      1.41708      2.02730      3.83573      0.00000
 ==================================================================================================================================
   11  e-                 1        11    3           0           0     -2.92887     -1.41571     -8.80583      9.38750      0.00051
   12  (ud_0)        A   12      2101    5          15          15      0.19178     -0.02116    246.13336    246.13411      0.57933
   13  (g)           I   12        21   10          15          15      0.19932      0.83258      0.18562      0.87600      0.00000
   14  (u)           V   11         2   10          15          15      2.53777      0.60429      2.48685      3.60415      0.00000
 ==================================================================================================================================
   15  (string)          11        92   12          16          23      2.92887      1.41571    248.80583    250.61426     29.87617
   16  n0                 1      2112   15           0           0     -0.16169     -0.02131     64.47586     64.48291      0.93957
   17  pi+                1       211   15           0           0      0.07037      0.22952     88.23633     88.23676      0.13957
   18  K-                 1      -321   15           0           0      0.49554     -0.26601     63.39695     63.40137      0.49360
   19  (K*+)             11       323   15          24          25      0.24519     -0.43338     10.93558     10.98405      0.90251
   20  pbar-              1     -2212   15           0           0     -0.32419      0.56790     11.71351     11.76921      0.93827
   21  p+                 1      2212   15           0           0      0.00066     -0.00227      7.15315      7.21443      0.93827
   22  pi-                1      -211   15           0           0      0.45560      0.64098      1.58020      1.77058      0.13957
   23  (rho+)            11       213   15          26          27      2.14739      0.70029      1.31424      2.75495      0.87226
   24  (K0)              11       311   19          28          28      0.16203     -0.23945      3.74026      3.78428      0.49767
   25  pi+                1       211   19           0           0      0.08316     -0.19393      7.19532      7.19977      0.13957
   26  pi+                1       211   23           0           0      0.25736      0.15837     -0.07812      0.34191      0.13957
   27  (pi0)             11       111   23          29          30      1.89003      0.54192      1.39237      2.41305      0.13498
   28  (K_S0)            11       310   24          31          32      0.16203     -0.23945      3.74026      3.78428      0.49767
   29  gamma              1        22   27           0           0      0.93611      0.30237      0.76858      1.24838      0.00000
   30  gamma              1        22   27           0           0      0.95392      0.23955      0.62379      1.16467      0.00000
   31  pi-                1      -211   28           0           0      0.04789     -0.01826      0.32815      0.36027      0.13957
   32  pi+                1       211   28           0           0      0.11413     -0.22119      3.41210      3.42401      0.13957
 ==================================================================================================================================
                   sum charge:  0.00   sum momentum and inv. mass:     -0.00000     -0.00000    240.00000    260.00176    100.00458



                            Event listing (standard)

    I  particle/jet  K(I,1)   K(I,2) K(I,3)     K(I,4)      K(I,5)       P(I,1)       P(I,2)       P(I,3)       P(I,4)       P(I,5)

    1  !e-!              21        11    0           3           4      0.00000      0.00000    -10.00000     10.00000      0.00051
    2  !p+!              21      2212    0           5           0     -0.00000      0.00000    250.00000    250.00176      0.93827
 ==================================================================================================================================
    3  !e-!              21        11    1           0           0     -2.63247     -4.10727     -7.62199      9.04954      0.00051
    4  !gamma!           21        22    1           0           0      2.63247      4.10727     -2.37801      0.95046     -5.34332
    5  !p+!              21      2212    2           0           0     -0.00000     -0.00000    250.00000    250.00176      0.93827
    6  !gamma!           21        22    4           0           0      2.63386      4.10944     -2.37474      0.95550     -5.34332
    7  !u!               21         2    5           0           0     -0.00002     -0.00004      4.28659      4.28659      0.00000
    8  !gamma!           21        22    6           0           0      2.63386      4.10944     -2.37474      0.95550     -5.34332
    9  !u!               21         2    7           0           0     -0.00002     -0.00004      4.28659      4.28659      0.00000
   10  !u!               21         2    9           0           0      2.63384      4.10940      1.91185      5.24209      0.00000
 ==================================================================================================================================
   11  e-                 1        11    3           0           0     -2.63247     -4.10727     -7.62199      9.04954      0.00051
   12  (ud_0)        A   12      2101    5          15          15     -0.56287     -0.37235    242.62695    242.62858      0.57933
   13  (g)           I   12        21   10          15          15      2.29073      1.14775      3.96494      4.72075      0.00000
   14  (u)           V   11         2   10          15          15      0.90461      3.33187      1.03010      3.60288      0.00000
 ==================================================================================================================================
   15  (string)          11        92   12          16          23      2.63247      4.10727    247.62199    250.95222     40.45453
   16  n0                 1      2112   15           0           0     -0.20292     -0.17584    135.97186    135.97537      0.93957
   17  (eta')            11       331   15          24          25     -0.03568     -0.29878     41.95550     41.96751      0.95760
   18  pi+                1       211   15           0           0     -0.00752      0.50756     56.87548     56.87792      0.13957
   19  (K*-)             11      -323   15          26          27      0.11856     -0.02148      4.74440      4.84478      0.97368
   20  K+                 1       321   15           0           0     -0.09773     -0.03130      2.66432      2.71160      0.49360
   21  (eta)             11       221   15          28          30      1.06972      0.38263      2.72486      3.00255      0.54745
   22  (rho0)            11       113   15          31          32      0.57994      0.32698      1.26972      1.60372      0.71867
   23  (omega)           11       223   15          33          34      1.20809      3.41750      1.41583      3.96877      0.77960
   24  gamma              1        22   17           0           0     -0.00058      0.11192     14.53205     14.53248      0.00000
   25  (rho0)            11       113   17          35          36     -0.03510     -0.41071     27.42345     27.43503      0.68195
   26  K-                 1      -321   19           0           0     -0.19258      0.13865      3.57498      3.61669      0.49360
   27  (pi0)             11       111   19          37          38      0.31114     -0.16013      1.16942      1.22809      0.13498
   28  pi+                1       211   21           0           0      0.10853      0.04730      0.34099      0.38700      0.13957
   29  pi-                1      -211   21           0           0      0.54056      0.29809      1.39976      1.53618      0.13957
   30  (pi0)             11       111   21          39          40      0.42063      0.03724      0.98412      1.07937      0.13498
   31  pi-                1      -211   22           0           0      0.24284     -0.00628      0.04589      0.28390      0.13957
   32  pi+                1       211   22           0           0      0.33710      0.33327      1.22383      1.31982      0.13957
   33  pi+                1       211   23           0           0      0.78699      1.17726      0.49995      1.50822      0.13957
   34  pi-                1      -211   23           0           0      0.42110      2.24023      0.91589      2.46055      0.13957
   35  pi-                1      -211   25           0           0      0.02669      0.10261      2.65152      2.65731      0.13957
   36  pi+                1       211   25           0           0     -0.06179     -0.51332     24.77194     24.77772      0.13957
   37  gamma              1        22   27           0           0      0.19485     -0.04531      0.48931      0.52863      0.00000
   38  gamma              1        22   27           0           0      0.11629     -0.11482      0.68011      0.69947      0.00000
   39  gamma              1        22   30           0           0      0.34057      0.06494      0.87524      0.94140      0.00000
   40  gamma              1        22   30           0           0      0.08007     -0.02770      0.10888      0.13796      0.00000
 ==================================================================================================================================
                   sum charge:  0.00   sum momentum and inv. mass:     -0.00000     -0.00000    240.00000    260.00176    100.00458



                            Event listing (standard)

    I  particle/jet  K(I,1)   K(I,2) K(I,3)     K(I,4)      K(I,5)       P(I,1)       P(I,2)       P(I,3)       P(I,4)       P(I,5)

    1  !e-!              21        11    0           3           4      0.00000      0.00000    -10.00000     10.00000      0.00051
    2  !p+!              21      2212    0           5           0     -0.00000      0.00000    250.00000    250.00176      0.93827
 ==================================================================================================================================
    3  !e-!              21        11    1           0           0     -0.03210     -3.24515     -8.48099      9.08070      0.00051
    4  !gamma!           21        22    1           0           0      0.03210      3.24515     -1.51901      0.91930     -3.46328
    5  !p+!              21      2212    2           0           0     -0.00000     -0.00000    250.00000    250.00176      0.93827
    6  !gamma!           21        22    4           0           0      0.03212      3.24749     -1.51656      0.92351     -3.46328
    7  !u!               21         2    5           0           0     -0.00000     -0.00002      2.45775      2.45775      0.00000
    8  !gamma!           21        22    6           0           0      0.03212      3.24749     -1.51656      0.92351     -3.46328
    9  !u!               21         2    7           0           0     -0.00000     -0.00002      2.45775      2.45775      0.00000
   10  !u!               21         2    9           0           0      0.03212      3.24747      0.94120      3.38126      0.00000
 ==================================================================================================================================
   11  e-                 1        11    3           0           0     -0.03210     -3.24515     -8.48099      9.08070      0.00051
   12  (ud_0)        A   12      2101    5          16          16     -0.01579     -0.69896    239.30312    239.30484      0.57933
   13  (g)           I   12        21   10          16          16      1.12133      3.55094      7.23360      8.13582      0.00000
   14  (g)           I   12        21   10          16          16     -1.23194      1.27512      1.87671      2.58179      0.00000
   15  (u)           V   11         2   10          16          16      0.15850     -0.88194      0.06757      0.89862      0.00000
 ==================================================================================================================================
   16  (string)          11        92   12          17          29      0.03210      3.24515    248.48099    250.92106     34.75692
   17  n0                 1      2112   16           0           0     -0.30313      0.15408     59.28847     59.29689      0.93957
   18  (rho+)            11       213   16          30          31      0.13406     -0.93322     95.92631     95.93316      0.65215
   19  K-                 1      -321   16           0           0     -0.05480      0.56286     24.94177     24.95306      0.49360
   20  (phi)             11       333   16          32          33     -0.36210     -0.34902     45.14459     45.15882      1.01594
   21  (K*0)             11       313   16          34          35      0.70834      0.56139      6.06505      6.19434      0.87639
   22  (K*bar0)          11      -313   16          36          37      0.25966      0.32259      5.02721      5.11435      0.84392
   23  K+                 1       321   16           0           0      0.16618      0.05304      3.63789      3.67536      0.49360
   24  (pi0)             11       111   16          38          39     -0.53863      1.58607      5.13270      5.40080      0.13498
   25  pi-                1      -211   16           0           0      0.28624      0.92846      0.91111      1.33924      0.13957
   26  (pi0)             11       111   16          40          41      0.31850     -0.23460      0.01913      0.41840      0.13498
   27  (rho+)            11       213   16          42          43     -0.46281      0.46857      1.75953      2.01603      0.73121
   28  pi-                1      -211   16           0           0      0.46533      0.03945     -0.07402      0.49300      0.13957
   29  pi+                1       211   16           0           0     -0.58475      0.08548      0.70124      0.92761      0.13957
   30  pi+                1       211   18           0           0     -0.14559     -0.56637     68.50313     68.50577      0.13957
   31  (pi0)             11       111   18          44          45      0.27965     -0.36686     27.42318     27.42739      0.13498
   32  K-                 1      -321   20           0           0     -0.28530     -0.13174     21.54936     21.55730      0.49360
   33  K+                 1       321   20           0           0     -0.07680     -0.21728     23.59523     23.60152      0.49360
   34  K+                 1       321   21           0           0      0.70042      0.54064      5.84944      5.93654      0.49360
   35  pi-                1      -211   21           0           0      0.00792      0.02075      0.21562      0.25780      0.13957
   36  K-                 1      -321   22           0           0      0.05468      0.19938      1.87149      1.94650      0.49360
   37  pi+                1       211   22           0           0      0.20498      0.12321      3.15572      3.16785      0.13957
   38  gamma              1        22   24           0           0     -0.21717      0.84810      2.65194      2.79271      0.00000
   39  gamma              1        22   24           0           0     -0.32145      0.73797      2.48076      2.60809      0.00000
   40  gamma              1        22   26           0           0      0.13142     -0.01999      0.01389      0.13365      0.00000
   41  gamma              1        22   26           0           0      0.18708     -0.21461      0.00524      0.28475      0.00000
   42  pi+                1       211   27           0           0     -0.50958      0.31713      1.68625      1.79532      0.13957
   43  (pi0)             11       111   27          46          47      0.04677      0.15145      0.07328      0.22071      0.13498
   44  gamma              1        22   31           0           0      0.18904     -0.33433     22.29437     22.29768      0.00000
   45  gamma              1        22   31           0           0      0.09061     -0.03252      5.12881      5.12971      0.00000
   46  gamma              1        22   43           0           0      0.08190      0.15039      0.07137      0.18552      0.00000
   47  gamma              1        22   43           0           0     -0.03512      0.00106      0.00191      0.03519      0.00000
 ==================================================================================================================================
                   sum charge:  0.00   sum momentum and inv. mass:     -0.00000     -0.00000    240.00000    260.00176    100.00458



                            Event listing (standard)

    I  particle/jet  K(I,1)   K(I,2) K(I,3)     K(I,4)      K(I,5)       P(I,1)       P(I,2)       P(I,3)       P(I,4)       P(I,5)

    1  !e-!              21        11    0           3           4      0.00000      0.00000    -10.00000     10.00000      0.00051
    2  !p+!              21      2212    0           5           0     -0.00000      0.00000    250.00000    250.00176      0.93827
 ==================================================================================================================================
    3  !e-!              21        11    1           0           0      4.19787     -0.73167     -8.82575      9.80058      0.00051
    4  !gamma!           21        22    1           0           0     -4.19787      0.73167     -1.17425      0.19942     -4.41549
    5  !p+!              21      2212    2           0           0     -0.00000     -0.00000    250.00000    250.00176      0.93827
    6  !gamma!           21        22    4           0           0     -4.20325      0.73261     -1.15758      0.21786     -4.41549
    7  !dbar!            21        -1    5           0           0      0.00015     -0.00003      7.08695      7.08695      0.00000
    8  !gamma!           21        22    6           0           0     -4.20325      0.73261     -1.15758      0.21786     -4.41549
    9  !dbar!            21        -1    7           0           0      0.00015     -0.00003      7.08695      7.08695      0.00000
   10  !dbar!            21        -1    9           0           0     -4.20310      0.73258      5.92937      7.30481      0.00000
 ==================================================================================================================================
   11  n0                 1      2112    5           0           0     -0.14789      0.14873    145.73670    145.73988      0.93957
   12  e-                 1        11    3           0           0      4.19787     -0.73167     -8.82575      9.80058      0.00051
   13  (dbar)        A   12        -1   10          15          15     -4.13122      0.44648      5.60860      6.98017      0.00000
   14  (u)           V   11         2    5          15          15      0.08124      0.13646     97.48045     97.48113      0.33000
 ==================================================================================================================================
   15  (string)          11        92   13          16          22     -4.04999      0.58294    103.08905    104.46130     16.37283
   16  pi+                1       211   15           0           0     -0.11423      0.23260      1.49595      1.52463      0.13957
   17  (rho-)            11      -213   15          23          24     -3.71302      0.27816      5.41649      6.60541      0.65516
   18  (K*bar0)          11      -313   15          25          26      0.07205     -0.20259     12.46293     12.49516      0.87069
   19  K+                 1       321   15           0           0     -0.24308      0.26652      1.64282      1.75289      0.49360
   20  (pi0)             11       111   15          27          28      0.31191     -0.11489     18.02009     18.02366      0.13498
   21  (rho-)            11      -213   15          29          30     -0.13040      0.16487     47.85543     47.86187      0.75679
   22  pi+                1       211   15           0           0     -0.23321     -0.04172     16.19534     16.19767      0.13957
   23  pi-                1      -211   17           0           0     -1.95142      0.07435      3.33891      3.87058      0.13957
   24  (pi0)             11       111   17          31          32     -1.76160      0.20381      2.07758      2.73484      0.13498
   25  K-                 1      -321   18           0           0      0.13372     -0.12448     11.75470     11.76648      0.49360
   26  pi+                1       211   18           0           0     -0.06168     -0.07811      0.70823      0.72868      0.13957
   27  gamma              1        22   20           0           0     -0.01007     -0.00324      1.59961      1.59965      0.00000
   28  gamma              1        22   20           0           0      0.32198     -0.11165     16.42048     16.42402      0.00000
   29  pi-                1      -211   21           0           0     -0.02191      0.23130     44.80055     44.80137      0.13957
   30  (pi0)             11       111   21          33          34     -0.10848     -0.06643      3.05488      3.06050      0.13498
   31  gamma              1        22   24           0           0     -0.67338      0.12708      0.86972      1.10725      0.00000
   32  gamma              1        22   24           0           0     -1.08823      0.07673      1.20785      1.62759      0.00000
   33  gamma              1        22   30           0           0     -0.04784     -0.04324      0.42864      0.43346      0.00000
   34  gamma              1        22   30           0           0     -0.06065     -0.02319      2.62624      2.62704      0.00000
 ==================================================================================================================================
                   sum charge:  0.00   sum momentum and inv. mass:      0.00000     -0.00000    240.00000    260.00176    100.00458

 Advisory warning: maximum violated by  1.646D+00 in event      43
 XSEC(96,1) increased to  2.390D-02

 Advisory warning: maximum violated by  1.593D+00 in event      97
 XSEC(96,1) increased to  3.807D-02

 Advisory warning: maximum violated by  1.051D+00 in event     782
 XSEC(96,1) increased to  4.002D-02

 Advisory warning: maximum violated by  1.639D+00 in event    1614
 XSEC(96,1) increased to  6.560D-02

 Advisory warning: maximum violated by  1.013D+00 in event    6282
 XSEC(96,1) increased to  6.645D-02

 Advisory warning: maximum violated by  1.732D+00 in event    6943
 XSEC(96,1) increased to  1.151D-01
1********* PYSTAT:  Statistics on Number of Events and Cross-sections *********

 ==============================================================================
 I                                  I                            I            I
 I            Subprocess            I      Number of points      I    Sigma   I
 I                                  I                            I            I
 I----------------------------------I----------------------------I    (mb)    I
 I                                  I                            I            I
 I N:o Type                         I    Generated         Tried I            I
 I                                  I                            I            I
 ==============================================================================
 I                                  I                            I            I
 I   0 All included subprocesses    I       500000      69561104 I  5.975D-05 I
 I  11 f + f' -> f + f' (QCD)       I         2417             0 I  4.246D-07 I
 I  12 f + fbar -> f' + fbar'       I           56             0 I  1.002D-08 I
 I  13 f + fbar -> g + g            I           40             0 I  6.990D-09 I
 I  28 f + g -> f + g               I         6098             0 I  1.032D-06 I
 I  53 g + g -> f + fbar            I          103             0 I  1.582D-08 I
 I  68 g + g -> g + g               I         2906             0 I  4.491D-07 I
 I  91 Elastic scattering           I         6955       4935939 I  8.134D-07 I
 I  92 Single diffractive (XB)      I         3407       3613197 I  3.915D-07 I
 I  93 Single diffractive (AX)      I         2351       2922946 I  2.792D-07 I
 I  94 Double  diffractive          I         2146       3326330 I  2.194D-07 I
 I  95 Low-pT scattering            I        12612         55107 I  1.335D-06 I
 I  99 q + gamma* -> q              I       451577      20182811 I  5.367D-05 I
 I 131 f + gamma*_T -> f + g        I         3481       1543039 I  4.142D-07 I
 I 132 f + gamma*_L -> f + g        I          225         81617 I  2.597D-08 I
 I 135 g + gamma*_T -> f + fbar     I         4252       4783743 I  5.058D-07 I
 I 136 g + gamma*_L -> f + fbar     I         1374        778893 I  1.596D-07 I
 I                                  I                            I            I
 ==============================================================================
 I                                  I                            I            I
 I   1 VMD * hadron                 I        13213      30308251 I  1.904D-06 I
 I   2 direct * hadron              I         9332       7187292 I  1.105D-06 I
 I   3 anomalous * hadron           I        25878      11882750 I  3.073D-06 I
 I   4 DIS * hadron                 I       451577      20182811 I  5.367D-05 I
 I                                  I                            I            I
 ==============================================================================

 ********* Total number of errors, excluding junctions =        0 *************
 ********* Total number of errors, including junctions =        0 *************
 ********* Total number of warnings =                           0 *************
 ********* Fraction of events that fail fragmentation cuts =  0.00654 *********

1************ PYSTAT: User-Defined Limits on Kinematical Variables ************

 ==============================================================================
 I                                                                            I
 I                 0.000D+00 <  m_hard (GeV/c^2)  <  3.398D+01                I
 I    0.000D+00 ( 1.000D+00) <  p_T_hard (GeV/c)  <  1.699D+01                I
 I                             m_finite (GeV/c^2) =  1.000D+00                I
 I                -1.000D+01 <    y*_subsystem    <  1.000D+01                I
 I                -4.000D+01 <      y*_large      <  4.000D+01                I
 I                -4.000D+01 <      y*_small      <  4.000D+01                I
 I                -4.000D+01 <     eta*_large     <  4.000D+01                I
 I                -4.000D+01 <     eta*_small     <  4.000D+01                I
 I                -1.000D+00 < cos(theta*)_large  <  1.000D+00                I
 I                -1.000D+00 < cos(theta*)_small  <  1.000D+00                I
 I                 0.000D+00 <        x_1         <  1.000D+00                I
 I                 0.000D+00 <        x_2         <  1.000D+00                I
 I                -1.000D+00 <        x_F         <  1.000D+00                I
 I                -1.000D+00 <  cos(theta_hard)   <  1.000D+00                I
 I                 2.000D+00 < m'_hard (GeV/c^2)  <  3.398D+01                I
 I                                                                            I
 ==============================================================================
 The charm mass used is:    1.5000000000000000     
 ===================================================
 Pythia total cross section normalisation:   5.9753251971991730E-002  microbarn
 Total Number of generated events      500000
 Total Number of trials      500000
 ===================================================

 ===== PDFSTA statistics for PDF under/over-flows ====

 ====== STRUCTM statistics for nucleon/pion PDFs =====

   total # of calls    42269298.000000000     
   X  below PDF min    0.0000000000000000       or    0.0000000000000000       %
   X  above PDF max    0.0000000000000000       or    0.0000000000000000       %
   Q2 below PDF min    0.0000000000000000       or    0.0000000000000000       %
   Q2 above PDF max    0.0000000000000000       or    0.0000000000000000       %

 ========= STRUCTP statistics for photon PDFs ========

   total # of calls    0.0000000000000000     

