1                                                                              
 ******************************************************************************
 ******************************************************************************
 **                                                                          **
 **                                                                          **
 **              *......*                  Welcome to the Lund Monte Carlo!  **
 **         *:::!!:::::::::::*                                               **
 **      *::::::!!::::::::::::::*          PPP  Y   Y TTTTT H   H III   A    **
 **    *::::::::!!::::::::::::::::*        P  P  Y Y    T   H   H  I   A A   **
 **   *:::::::::!!:::::::::::::::::*       PPP    Y     T   HHHHH  I  AAAAA  **
 **   *:::::::::!!:::::::::::::::::*       P      Y     T   H   H  I  A   A  **
 **    *::::::::!!::::::::::::::::*!       P      Y     T   H   H III A   A  **
 **      *::::::!!::::::::::::::* !!                                         **
 **      !! *:::!!:::::::::::*    !!       This is PYTHIA version 6.428      **
 **      !!     !* -><- *         !!       Last date of change:  5 Sep 2013  **
 **      !!     !!                !!                                         **
 **      !!     !!                !!       Now is  0 Jan 2000 at  0:00:00    **
 **      !!                       !!                                         **
 **      !!        lh             !!       Disclaimer: this program comes    **
 **      !!                       !!       without any guarantees. Beware    **
 **      !!                 hh    !!       of errors and use common sense    **
 **      !!    ll                 !!       when interpreting results.        **
 **      !!                       !!                                         **
 **      !!                                Copyright T. Sjostrand (2011)     **
 **                                                                          **
 ** An archive of program versions and documentation is found on the web:    **
 ** http://www.thep.lu.se/~torbjorn/Pythia.html                              **
 **                                                                          **
 ** When you cite this program, the official reference is to the 6.4 manual: **
 ** T. Sjostrand, S. Mrenna and P. Skands, JHEP05 (2006) 026                 **
 ** (LU TP 06-13, FERMILAB-PUB-06-052-CD-T) [hep-ph/0603175].                **
 **                                                                          **
 ** Also remember that the program, to a large extent, represents original   **
 ** physics research. Other publications of special relevance to your        **
 ** studies may therefore deserve separate mention.                          **
 **                                                                          **
 ** Main author: Torbjorn Sjostrand; Department of Theoretical Physics,      **
 **   Lund University, Solvegatan 14A, S-223 62 Lund, Sweden;                **
 **   phone: + 46 - 46 - 222 48 16; e-mail: torbjorn@thep.lu.se              **
 ** Author: Stephen Mrenna; Computing Division, GDS Group,                   **
 **   Fermi National Accelerator Laboratory, MS 234, Batavia, IL 60510, USA; **
 **   phone: + 1 - 630 - 840 - 2556; e-mail: mrenna@fnal.gov                 **
 ** Author: Peter Skands; CERN/PH-TH, CH-1211 Geneva, Switzerland            **
 **   phone: + 41 - 22 - 767 24 47; e-mail: peter.skands@cern.ch             **
 **                                                                          **
 **                                                                          **
 ******************************************************************************
 ******************************************************************************
     MSEL           changed from              1 to              2
     MSTP(14)       changed from             30 to             30
     MSTP(15)       changed from              0 to              0
     MSTP(16)       changed from              1 to              1
     MSTP(17)       changed from              4 to              4
     MSTP(18)       changed from              3 to              3
     MSTP(19)       changed from              4 to              1
     MSTP(20)       changed from              3 to              0
     MSTP(32)       changed from              8 to              8
     MSTP(38)       changed from              5 to              4
     MSTP(51)       changed from              7 to          10050
     MSTP(52)       changed from              1 to              2
     MSTP(53)       changed from              3 to              3
     MSTP(54)       changed from              1 to              1
     MSTP(55)       changed from              5 to              5
     MSTP(56)       changed from              1 to              1
     MSTP(57)       changed from              1 to              1
     MSTP(58)       changed from              5 to              5
     MSTP(59)       changed from              1 to              1
     MSTP(60)       changed from              7 to              7
     MSTP(61)       changed from              2 to              2
     MSTP(71)       changed from              1 to              1
     MSTP(81)       changed from              1 to              0
     MSTP(82)       changed from              4 to              1
     MSTP(91)       changed from              1 to              1
     MSTP(92)       changed from              3 to              3
     MSTP(93)       changed from              1 to              1
     MSTP(101)      changed from              3 to              3
     MSTP(102)      changed from              1 to              1
     MSTP(111)      changed from              1 to              1
     MSTP(121)      changed from              0 to              0
     PARP(13)       changed from        1.00000 to        1.00000
     PARP(18)       changed from        0.40000 to        0.40000
     PARP(81)       changed from        1.90000 to        1.90000
     PARP(89)       changed from     1800.00000 to     1800.00000
     PARP(90)       changed from        0.25000 to        0.16000
     PARP(91)       changed from        2.00000 to        0.40000
     PARP(93)       changed from        5.00000 to        5.00000
     PARP(99)       changed from        1.00000 to        0.40000
     PARP(100)      changed from        5.00000 to        5.00000
     PARP(102)      changed from        0.28000 to        0.28000
     PARP(103)      changed from        1.00000 to        1.00000
     PARP(104)      changed from        0.80000 to        0.80000
     PARP(111)      changed from        2.00000 to        2.00000
     PARP(161)      changed from        2.20000 to        3.00000
     PARP(162)      changed from       23.60000 to       24.60000
     PARP(163)      changed from       18.40000 to       18.80000
     PARP(164)      changed from       11.50000 to       11.50000
     PARP(165)      changed from        0.50000 to        0.47679
     PARP(166)      changed from        0.00000 to        0.67597
     PARJ(1)        changed from        0.10000 to        0.10000
     PARJ(2)        changed from        0.30000 to        0.30000
     PARJ(11)       changed from        0.50000 to        0.50000
     PARJ(12)       changed from        0.60000 to        0.60000
     PARJ(21)       changed from        0.36000 to        0.40000
     PARJ(32)       changed from        1.00000 to        1.00000
     PARJ(33)       changed from        0.80000 to        0.80000
     PARJ(41)       changed from        0.30000 to        0.30000
     PARJ(42)       changed from        0.58000 to        0.58000
     PARJ(45)       changed from        0.50000 to        0.50000
     MSTJ(1)        changed from              1 to              1
     MSTJ(12)       changed from              2 to              1
     MSTJ(45)       changed from              5 to              5
     MSTU(112)      changed from              5 to              5
     MSTU(113)      changed from              3 to              5
     MSTU(114)      changed from              5 to              5
     CKIN(1)        changed from        2.00000 to        1.00000
     CKIN(2)        changed from       -1.00000 to       -1.00000
     CKIN(3)        changed from        0.00000 to        0.00000
     CKIN(4)        changed from       -1.00000 to       -1.00000
     CKIN(5)        changed from        1.00000 to        1.00000
     CKIN(6)        changed from        1.00000 to        1.00000
     CKIN(7)        changed from      -10.00000 to      -10.00000
     CKIN(8)        changed from       10.00000 to       10.00000
     CKIN(9)        changed from      -40.00000 to      -40.00000
     CKIN(10)       changed from       40.00000 to       40.00000
     CKIN(11)       changed from      -40.00000 to      -40.00000
     CKIN(12)       changed from       40.00000 to       40.00000
     CKIN(13)       changed from      -40.00000 to      -40.00000
     CKIN(14)       changed from       40.00000 to       40.00000
     CKIN(15)       changed from      -40.00000 to      -40.00000
     CKIN(16)       changed from       40.00000 to       40.00000
     CKIN(17)       changed from       -1.00000 to       -1.00000
     CKIN(18)       changed from        1.00000 to        1.00000
     CKIN(19)       changed from       -1.00000 to       -1.00000
     CKIN(20)       changed from        1.00000 to        1.00000
     CKIN(21)       changed from        0.00000 to        0.00000
     CKIN(22)       changed from        1.00000 to        1.00000
     CKIN(23)       changed from        0.00000 to        0.00000
     CKIN(24)       changed from        1.00000 to        1.00000
     CKIN(25)       changed from       -1.00000 to       -1.00000
     CKIN(26)       changed from        1.00000 to        1.00000
     CKIN(27)       changed from       -1.00000 to       -1.00000
     CKIN(28)       changed from        1.00000 to        1.00000
     CKIN(31)       changed from        2.00000 to        2.00000
     CKIN(32)       changed from       -1.00000 to       -1.00000
     CKIN(35)       changed from        0.00000 to        0.00000
     CKIN(36)       changed from       -1.00000 to       -1.00000
     CKIN(37)       changed from        0.00000 to        0.00000
     CKIN(38)       changed from       -1.00000 to       -1.00000
     CKIN(39)       changed from        4.00000 to        4.00000
     CKIN(40)       changed from       -1.00000 to       -1.00000
     CKIN(65)       changed from        0.00000 to        0.00000
     CKIN(66)       changed from       -1.00000 to       -1.00000
     CKIN(67)       changed from        0.00000 to        0.00000
     CKIN(68)       changed from       -1.00000 to       -1.00000
     CKIN(77)       changed from        2.00000 to        2.00000
     CKIN(78)       changed from       -1.00000 to       -1.00000
 *********************************************
 NOW all parameters are read by PYTHIA
 *********************************************
 SEED =   1033980446
 RANLUX LUXURY LEVEL SET BY RLUXGO : 4     P= 389
 RANLUX INITIALIZED BY RLUXGO FROM SEEDS  1033980446           0           0
   5328.9753403062132        10.000000000000000       -5328.9753403062132       -10.0000000    
 *********************************************
 proton beam momentum:   250.000000     GeV
 lepton beam momentum:   10.0000000     GeV
 resulting sqrt(s):   100.00457712527508      GeV
 *********************************************
1****************** PYINIT: initialization of PYTHIA routines *****************
 ==== PYTHIA WILL USE LHAPDF ====
 *************************************
 *       LHAPDF Version 5.9.1        *
 *   Configured for the following:   *
 *             All PDFs              *
 *         FULL MEMORY option        *
 *    Maximum  3 concurrent set(s)   *
 *************************************

 >>>>>> PDF description: <<<<<<
 CTEQ6M                                                          
 Reference:                                                      
 J. Pumplin, D.R. Stump, J. Huston, H.L. Lai, P. Nadolsky,       
 W.K. Tung                                                       
 hep-ph/0201195                                                  
 This set has 41 member PDFs.                                    
     mem=0 --> central value (cteq6m)                            
     mem=1-40 --> 20 sets of +ve/-ve error values                
 >>>>>>                   <<<<<<

 ==============================================
 PDFset name /cvmfs/sft.cern.ch/lcg/external/lhapdfsets/5.9.1/share/PDFsets/cteq6mE.LHgrid   
 with         40 members
 ====  initialized. ===========================
 Strong coupling at Mz for PDF is:  0.11798

 ==============================================================================
 I                                                                            I
 I      PYTHIA will be initialized for gamma/e- on p+ user configuration      I
 I                                                                            I
 I                  px (GeV/c)   py (GeV/c)   pz (GeV/c)      E (GeV)         I
 I        gamma/e-       0.000        0.000      -10.000       10.000         I
 I        p+             0.000        0.000      250.000      250.002         I
 I                                                                            I
 I           corresponding to    100.005 GeV center-of-mass energy            I
 I                                                                            I
 ==============================================================================

 ******** PYMAXI: summary of differential cross-section maximum search ********

           ==========================================================
           I                                      I                 I
           I  ISUB  Subprocess name               I  Maximum value  I
           I                                      I                 I
           ==========================================================
           I                                      I                 I
           I   91   Elastic scattering            I    4.5802D-04   I
           I   92   Single diffractive (XB)       I    3.3396D-04   I
           I   93   Single diffractive (AX)       I    2.7193D-04   I
           I   94   Double  diffractive           I    2.7235D-04   I
           I   95   Low-pT scattering             I    1.9842D-03   I
           I   96   Semihard QCD 2 -> 2           I    1.9401D-02   I
           I                                      I                 I
           ==========================================================

 ******** PYMAXI: summary of differential cross-section maximum search ********

           ==========================================================
           I                                      I                 I
           I  ISUB  Subprocess name               I  Maximum value  I
           I                                      I                 I
           ==========================================================
           I                                      I                 I
           I  131   f + gamma*_T -> f + g         I    1.8340D-04   I
           I  132   f + gamma*_L -> f + g         I    9.6222D-06   I
           I  135   g + gamma*_T -> f + fbar      I    5.6762D-04   I
           I  136   g + gamma*_L -> f + fbar      I    9.2431D-05   I
           I                                      I                 I
           ==========================================================

 ******** PYMAXI: summary of differential cross-section maximum search ********

           ==========================================================
           I                                      I                 I
           I  ISUB  Subprocess name               I  Maximum value  I
           I                                      I                 I
           ==========================================================
           I                                      I                 I
           I   91   Elastic scattering            I    1.1937D-04   I
           I   92   Single diffractive (XB)       I    8.8669D-05   I
           I   93   Single diffractive (AX)       I    7.0104D-05   I
           I   94   Double  diffractive           I    7.1830D-05   I
           I   95   Low-pT scattering             I    5.5769D-04   I
           I   96   Semihard QCD 2 -> 2           I    1.4517D-02   I
           I                                      I                 I
           ==========================================================

 ******** PYMAXI: summary of differential cross-section maximum search ********

           ==========================================================
           I                                      I                 I
           I  ISUB  Subprocess name               I  Maximum value  I
           I                                      I                 I
           ==========================================================
           I                                      I                 I
           I   99   q + gamma* -> q               I    2.3955D-03   I
           I                                      I                 I
           ==========================================================

 ********************** PYINIT: initialization completed **********************
 the outputfile will be named: outfiles/ep_10x250_Q2_100_1000_norad.out                                                                                                                                                                                                                        



                            Event listing (standard)

    I  particle/jet  K(I,1)   K(I,2) K(I,3)     K(I,4)      K(I,5)       P(I,1)       P(I,2)       P(I,3)       P(I,4)       P(I,5)

    1  !e-!              21        11    0           3           4      0.00000      0.00000    -10.00000     10.00000      0.00051
    2  !p+!              21      2212    0           5           0     -0.00000      0.00000    250.00000    250.00176      0.93827
 ==================================================================================================================================
    3  !e-!              21        11    1           0           0     -8.90655      1.63593     -3.10700      9.57373      0.00051
    4  !gamma!           21        22    1           0           0      8.90655     -1.63593     -6.89300      0.42627    -11.37254
    5  !p+!              21      2212    2           0           0     -0.00000      0.00000    250.00000    250.00176      0.93827
    6  !gamma!           21        22    4           0           0      8.90869     -1.63632     -6.89041      0.43062    -11.37254
    7  !u!               21         2    5           0           0     -0.00008      0.00001      8.83300      8.83300      0.00000
    8  !gamma!           21        22    6           0           0      8.90869     -1.63632     -6.89041      0.43062    -11.37254
    9  !u!               21         2    7           0           0     -0.00008      0.00001      8.83300      8.83300      0.00000
   10  !u!               21         2    9           0           0      8.90862     -1.63631      1.94259      9.26362      0.00000
 ==================================================================================================================================
   11  e-                 1        11    3           0           0     -8.90655      1.63593     -3.10700      9.57373      0.00051
   12  (ud_1)        A   12      2103    5          18          18     -0.40437      0.45443    212.34178    212.34405      0.77133
   13  (g)           I   12        21   10          18          18      1.52227      0.98647      2.58118      3.15483      0.00000
   14  (g)           I   12        21   10          18          18      2.72841      0.34788      5.66707      6.29928      0.00000
   15  (g)           I   12        21   10          18          18      5.45261     -0.58163     17.66637     18.49783      0.00000
   16  (g)           I   12        21   10          18          18      2.26661      0.19707      5.58162      6.02751      0.00000
   17  (u)           V   11         2   10          18          18     -2.65899     -3.04015     -0.73102      4.10453      0.00000
 ==================================================================================================================================
   18  (string)          11        92   12          19          29      8.90655     -1.63593    243.10700    250.42803     59.42374
   19  (Delta+)          11      2214   18          30          31     -0.40654      0.16801    174.44177    174.44711      1.29266
   20  (rho-)            11      -213   18          32          33     -0.05119      0.15438     25.60829     25.62284      0.84772
   21  (rho0)            11       113   18          34          35      0.54629      0.14580     11.36081     11.39426      0.66445
   22  (rho+)            11       213   18          36          37      1.24731      0.55459      2.41610      2.84708      0.63638
   23  (omega)           11       223   18          38          40      0.48923     -0.24582      1.91462      2.16174      0.84118
   24  (rho0)            11       113   18          41          42      3.63686      1.20150      9.56127     10.33360      0.83364
   25  pi-                1      -211   18           0           0      1.45619     -0.07220      6.07826      6.25223      0.13957
   26  (eta')            11       331   18          43          44      2.29613     -0.35041      5.32228      5.88541      0.95730
   27  (eta)             11       221   18          45          46      1.74124     -0.49452      5.51574      5.83091      0.54745
   28  pi+                1       211   18           0           0      0.22077      0.06477      1.81707      1.83689      0.13957
   29  (eta')            11       331   18          47          49     -2.26973     -2.76203     -0.92922      3.81595      0.95787
   30  p+                 1      2212   19           0           0     -0.37845      0.12374    169.85650    169.85955      0.93827
   31  (pi0)             11       111   19          50          51     -0.02809      0.04426      4.58527      4.58756      0.13498
   32  pi-                1      -211   20           0           0     -0.10225      0.09874     24.74476     24.74556      0.13957
   33  (pi0)             11       111   20          52          53      0.05105      0.05564      0.86354      0.87728      0.13498
   34  pi-                1      -211   21           0           0      0.16552      0.24762      8.11055      8.11721      0.13957
   35  pi+                1       211   21           0           0      0.38076     -0.10182      3.25027      3.27705      0.13957
   36  pi+                1       211   22           0           0      0.31411      0.40224      0.63945      0.82996      0.13957
   37  (pi0)             11       111   22          54          55      0.93321      0.15236      1.77664      2.01712      0.13498
   38  pi-                1      -211   23           0           0      0.05291      0.05956      0.12810      0.20551      0.13957
   39  pi+                1       211   23           0           0      0.25433     -0.44306      1.25816      1.36508      0.13957
   40  (pi0)             11       111   23          56          57      0.18199      0.13768      0.52835      0.59115      0.13498
   41  pi+                1       211   24           0           0      2.33783      0.74064      7.04815      7.46391      0.13957
   42  pi-                1      -211   24           0           0      1.29902      0.46085      2.51312      2.86969      0.13957
   43  gamma              1        22   26           0           0     -0.00948      0.02534      0.15321      0.15558      0.00000
   44  (rho0)            11       113   26          58          59      2.30560     -0.37575      5.16908      5.72984      0.80914
   45  gamma              1        22   27           0           0      1.31835     -0.18106      3.41205      3.66237      0.00000
   46  gamma              1        22   27           0           0      0.42289     -0.31346      2.10368      2.16854      0.00000
   47  pi-                1      -211   29           0           0     -0.53090     -0.75696     -0.40782      1.02012      0.13957
   48  pi+                1       211   29           0           0     -0.53806     -0.54276     -0.15976      0.79316      0.13957
   49  (eta)             11       221   29          60          62     -1.20077     -1.46231     -0.36163      2.00267      0.54745
   50  gamma              1        22   31           0           0     -0.06316     -0.01420      3.15285      3.15351      0.00000
   51  gamma              1        22   31           0           0      0.03506      0.05847      1.43242      1.43405      0.00000
   52  gamma              1        22   33           0           0     -0.03505      0.04654      0.20650      0.21456      0.00000
   53  gamma              1        22   33           0           0      0.08610      0.00910      0.65704      0.66272      0.00000
   54  gamma              1        22   37           0           0      0.70597      0.05558      1.32017      1.49811      0.00000
   55  gamma              1        22   37           0           0      0.22723      0.09678      0.45647      0.51901      0.00000
   56  gamma              1        22   40           0           0      0.00585      0.00673     -0.00777      0.01183      0.00000
   57  gamma              1        22   40           0           0      0.17614      0.13095      0.53613      0.57931      0.00000
   58  pi+                1       211   44           0           0      1.65613     -0.38781      2.89414      3.35986      0.13957
   59  pi-                1      -211   44           0           0      0.64948      0.01206      2.27494      2.36998      0.13957
   60  pi-                1      -211   49           0           0     -0.15770     -0.38666     -0.13401      0.46024      0.13957
   61  pi+                1       211   49           0           0     -0.39560     -0.43152     -0.10924      0.61165      0.13957
   62  (pi0)             11       111   49          63          64     -0.64746     -0.64413     -0.11838      0.93078      0.13498
   63  gamma              1        22   62           0           0     -0.14195     -0.13844     -0.08276      0.21486      0.00000
   64  gamma              1        22   62           0           0     -0.50552     -0.50569     -0.03561      0.71592      0.00000
 ==================================================================================================================================
                   sum charge:  0.00   sum momentum and inv. mass:     -0.00000     -0.00000    240.00000    260.00176    100.00458



                            Event listing (standard)

    I  particle/jet  K(I,1)   K(I,2) K(I,3)     K(I,4)      K(I,5)       P(I,1)       P(I,2)       P(I,3)       P(I,4)       P(I,5)

    1  !e-!              21        11    0           3           4      0.00000      0.00000    -10.00000     10.00000      0.00051
    2  !p+!              21      2212    0           5           0     -0.00000      0.00000    250.00000    250.00176      0.93827
 ==================================================================================================================================
    3  !e-!              21        11    1           0           0     -5.70698     -6.21382     -2.75055      8.87394      0.00051
    4  !gamma!           21        22    1           0           0      5.70698      6.21382     -7.24945      1.12606    -11.06651
    5  !p+!              21      2212    2           0           0     -0.00000      0.00000    250.00000    250.00176      0.93827
    6  !gamma!           21        22    4           0           0      5.70818      6.21513     -7.24790      1.12937    -11.06651
    7  !u!               21         2    5           0           0     -0.00004     -0.00004      7.30947      7.30947      0.00000
    8  !gamma!           21        22    6           0           0      5.70818      6.21513     -7.24790      1.12937    -11.06651
    9  !u!               21         2    7           0           0     -0.00004     -0.00004      7.30947      7.30947      0.00000
   10  !u!               21         2    9           0           0      5.70815      6.21509      0.06157      8.43884      0.00000
 ==================================================================================================================================
   11  e-                 1        11    3           0           0     -5.70698     -6.21382     -2.75055      8.87394      0.00051
   12  (ud_0)        A   12      2101    5          17          17      0.20211     -0.10134    239.92142    239.92223      0.57933
   13  (g)           I   12        21   10          17          17      0.28097      0.13161      2.64145      2.65961      0.00000
   14  (g)           I   12        21   10          17          17      0.29315      0.40589      0.56809      0.75724      0.00000
   15  (g)           I   12        21   10          17          17      1.11962      1.30799     -0.80277      1.89969      0.00000
   16  (u)           V   11         2   10          17          17      3.81112      4.46967      0.42236      5.88905      0.00000
 ==================================================================================================================================
   17  (string)          11        92   12          18          28      5.70698      6.21382    242.75055    251.12782     63.76654
   18  p+                 1      2212   17           0           0      0.37809     -0.31894    208.11673    208.11943      0.93827
   19  (rho-)            11      -213   17          29          30      0.43835      0.25501     23.42749     23.44739      0.82202
   20  pi+                1       211   17           0           0     -0.22983      0.34924      1.77000      1.82405      0.13957
   21  (rho-)            11      -213   17          31          32      0.13728     -0.20951      4.93690      4.98923      0.67582
   22  nbar0              1     -2112   17           0           0      0.25488      0.44364      1.14319      1.56571      0.93957
   23  p+                 1      2212   17           0           0     -0.09144      0.11292      1.19288      1.52461      0.93827
   24  K-                 1      -321   17           0           0     -0.21384     -0.00466      0.69838      0.88155      0.49360
   25  K+                 1       321   17           0           0      0.41330      0.10114      0.70900      0.96300      0.49360
   26  (Deltabar--)      11     -2224   17          33          34      1.04237      1.24142     -0.03893      2.02295      1.20962
   27  (Delta+)          11      2214   17          35          36      3.22235      3.71482      0.86697      5.13370      1.19155
   28  pi+                1       211   17           0           0      0.35546      0.52874     -0.07206      0.65619      0.13957
   29  pi-                1      -211   19           0           0     -0.11146      0.32418     11.96182     11.96755      0.13957
   30  (pi0)             11       111   19          37          38      0.54981     -0.06917     11.46567     11.47985      0.13498
   31  pi-                1      -211   21           0           0     -0.10288      0.07255      3.30649      3.31183      0.13957
   32  (pi0)             11       111   21          39          40      0.24016     -0.28206      1.63041      1.67741      0.13498
   33  pbar-              1     -2212   26           0           0      0.56106      0.80631     -0.04722      1.35923      0.93827
   34  pi-                1      -211   26           0           0      0.48132      0.43510      0.00829      0.66372      0.13957
   35  p+                 1      2212   27           0           0      2.20854      2.64635      0.47623      3.60388      0.93827
   36  (pi0)             11       111   27          41          42      1.01381      1.06847      0.39074      1.52982      0.13498
   37  gamma              1        22   30           0           0      0.15630      0.00582      2.22018      2.22569      0.00000
   38  gamma              1        22   30           0           0      0.39352     -0.07499      9.24548      9.25416      0.00000
   39  gamma              1        22   32           0           0      0.12532     -0.17471      1.20168      1.22076      0.00000
   40  gamma              1        22   32           0           0      0.11484     -0.10736      0.42873      0.45665      0.00000
   41  gamma              1        22   36           0           0      0.39386      0.32234      0.14039      0.52796      0.00000
   42  gamma              1        22   36           0           0      0.61996      0.74613      0.25034      1.00186      0.00000
 ==================================================================================================================================
                   sum charge:  0.00   sum momentum and inv. mass:     -0.00000     -0.00000    240.00000    260.00176    100.00458



                            Event listing (standard)

    I  particle/jet  K(I,1)   K(I,2) K(I,3)     K(I,4)      K(I,5)       P(I,1)       P(I,2)       P(I,3)       P(I,4)       P(I,5)

    1  !e-!              21        11    0           3           4      0.00000      0.00000    -10.00000     10.00000      0.00051
    2  !p+!              21      2212    0           5           0     -0.00000      0.00000    250.00000    250.00176      0.93827
 ==================================================================================================================================
    3  !e-!              21        11    1           0           0      6.07237      9.55011     -5.91629     12.77030      0.00051
    4  !gamma!           21        22    1           0           0     -6.07237     -9.55011     -4.08371     -2.77030    -11.70813
    5  !p+!              21      2212    2           0           0      0.00000      0.00000    250.00000    250.00176      0.93827
    6  !gamma!           21        22    4           0           0     -6.08050     -9.56290     -3.94948     -2.63431    -11.70813
    7  !u!               21         2    5           0           0      0.00170      0.00267     52.08787     52.08787      0.00000
    8  !gamma!           21        22    6           0           0     -6.08050     -9.56290     -3.94948     -2.63431    -11.70813
    9  !u!               21         2    7           0           0      0.00170      0.00267     52.08787     52.08787      0.00000
   10  !u!               21         2    9           0           0     -6.07881     -9.56023     48.13839     49.45356      0.00000
 ==================================================================================================================================
   11  e-                 1        11    3           0           0      6.07237      9.55011     -5.91629     12.77030      0.00051
   12  (ud_0)        A   12      2101    5          15          15      0.03725      0.03994    195.79511    195.79597      0.57933
   13  (g)           I   12        21   10          15          15     -1.51294     -1.75964     13.97185     14.16326      0.00000
   14  (u)           V   11         2   10          15          15     -4.59667     -7.83041     36.14933     37.27223      0.00000
 ==================================================================================================================================
   15  (string)          11        92   12          16          22     -6.07237     -9.55011    245.91629    247.23146     22.81435
   16  p+                 1      2212   15           0           0      0.09227      0.22043    153.43741    153.44046      0.93827
   17  (rho0)            11       113   15          23          24     -0.21959      0.01058     22.81876     22.83001      0.68206
   18  (rho0)            11       113   15          25          26     -0.71061     -0.39313     19.39224     19.42563      0.79792
   19  (rho-)            11      -213   15          27          28     -0.34091     -1.69175      9.60267      9.78549      0.75260
   20  (omega)           11       223   15          29          31     -0.95389     -1.66260      7.92772      8.19355      0.78189
   21  (Kbar0)           11      -311   15          32          32     -1.40945     -2.56194     14.33571     14.63935      0.49767
   22  (K*+)             11       323   15          33          34     -2.53019     -3.47169     18.40179     18.91697      0.87841
   23  pi-                1      -211   17           0           0     -0.07219     -0.30245     11.88622     11.89111      0.13957
   24  pi+                1       211   17           0           0     -0.14741      0.31303     10.93254     10.93890      0.13957
   25  pi-                1      -211   18           0           0     -0.64251     -0.38519     18.72550     18.74099      0.13957
   26  pi+                1       211   18           0           0     -0.06811     -0.00794      0.66674      0.68464      0.13957
   27  pi-                1      -211   19           0           0      0.19398     -0.67241      3.18045      3.25952      0.13957
   28  (pi0)             11       111   19          35          36     -0.53488     -1.01934      6.42222      6.52597      0.13498
   29  pi+                1       211   20           0           0     -0.31076     -0.42155      1.68276      1.76789      0.13957
   30  pi-                1      -211   20           0           0     -0.24375     -0.26671      2.61869      2.64718      0.13957
   31  (pi0)             11       111   20          37          38     -0.39938     -0.97433      3.62627      3.77847      0.13498
   32  K_L0               1       130   21           0           0     -1.40945     -2.56194     14.33571     14.63935      0.49767
   33  (K0)              11       311   22          39          39     -1.51585     -2.08440     12.25302     12.53103      0.49767
   34  pi+                1       211   22           0           0     -1.01434     -1.38729      6.14877      6.38595      0.13957
   35  gamma              1        22   28           0           0     -0.28869     -0.64243      3.63104      3.69871      0.00000
   36  gamma              1        22   28           0           0     -0.24619     -0.37691      2.79118      2.82725      0.00000
   37  gamma              1        22   31           0           0     -0.08363     -0.17527      0.50310      0.53928      0.00000
   38  gamma              1        22   31           0           0     -0.31575     -0.79906      3.12316      3.23919      0.00000
   39  (K_S0)            11       310   33          40          41     -1.51585     -2.08440     12.25302     12.53103      0.49767
   40  pi-                1      -211   39           0           0     -1.10791     -1.67068      8.78431      9.01123      0.13957
   41  pi+                1       211   39           0           0     -0.40794     -0.41372      3.46870      3.51980      0.13957
 ==================================================================================================================================
                   sum charge:  0.00   sum momentum and inv. mass:      0.00000      0.00000    240.00000    260.00176    100.00458



                            Event listing (standard)

    I  particle/jet  K(I,1)   K(I,2) K(I,3)     K(I,4)      K(I,5)       P(I,1)       P(I,2)       P(I,3)       P(I,4)       P(I,5)

    1  !e-!              21        11    0           3           4      0.00000      0.00000    -10.00000     10.00000      0.00051
    2  !p+!              21      2212    0           5           0     -0.00000      0.00000    250.00000    250.00176      0.93827
 ==================================================================================================================================
    3  !e-!              21        11    1           0           0     -9.75070      4.59239     -6.64492     12.66180      0.00051
    4  !gamma!           21        22    1           0           0      9.75070     -4.59239     -3.35508     -2.66180    -10.96985
    5  !p+!              21      2212    2           0           0     -0.00000      0.00000    250.00000    250.00176      0.93827
    6  !gamma!           21        22    4           0           0      9.77540     -4.60402     -2.92444     -2.22940    -10.96985
    7  !u!               21         2    5           0           0     -0.00855      0.00403     86.42249     86.42249      0.00000
    8  !gamma!           21        22    6           0           0      9.77540     -4.60402     -2.92444     -2.22940    -10.96985
    9  !u!               21         2    7           0           0     -0.00855      0.00403     86.42249     86.42249      0.00000
   10  !u!               21         2    9           0           0      9.76685     -4.60000     83.49806     84.19309      0.00000
 ==================================================================================================================================
   11  e-                 1        11    3           0           0     -9.75070      4.59239     -6.64492     12.66180      0.00051
   12  (ud_0)        A   12      2101    5          17          17      0.08730     -0.17101     96.63350     96.63543      0.57933
   13  (g)           I   12        21   10          17          17      2.46554      0.19632     22.91536     23.04845      0.00000
   14  (g)           I   12        21   10          17          17      1.89102      2.23497     23.38371     23.56627      0.00000
   15  (g)           I   12        21   10          17          17      0.86585     -0.60137      7.71664      7.78832      0.00000
   16  (u)           V   11         2   10          17          17      4.44099     -6.25130     95.99572     96.30150      0.00000
 ==================================================================================================================================
   17  (string)          11        92   12          18          28      9.75070     -4.59239    246.64492    247.33996     15.07220
   18  (Lambda0)         11      3122   17          29          30      0.12237     -0.17088     60.04413     60.05487      1.11568
   19  (K*+)             11       323   17          31          32      1.35103      0.34920     23.37080     23.42796      0.85301
   20  (omega)           11       223   17          33          35     -0.16811      0.09273     10.05494     10.08051      0.69132
   21  K-                 1      -321   17           0           0      0.01098      0.17652     17.11986     17.12789      0.49360
   22  (K0)              11       311   17          36          36      2.02228      0.59003     20.89712     21.00893      0.49767
   23  pi+                1       211   17           0           0      0.86946      0.00012      9.39393      9.43512      0.13957
   24  (rho0)            11       113   17          37          38      0.33856      0.05244      4.95274      5.02136      0.75301
   25  (pi0)             11       111   17          39          40      1.06005     -1.65466     27.10145     27.17293      0.13498
   26  (rho0)            11       113   17          41          42      0.69454      0.07710      8.55448      8.61237      0.71099
   27  (rho0)            11       113   17          43          44      1.31454     -1.52555     20.65230     20.76123      0.67519
   28  (rho0)            11       113   17          45          46      2.13500     -2.57944     44.50315     44.63679      0.83711
   29  p+                 1      2212   18           0           0      0.15178     -0.23253     52.79336     52.80242      0.93827
   30  pi-                1      -211   18           0           0     -0.02941      0.06166      7.25078      7.25244      0.13957
   31  (K0)              11       311   19          47          47      1.28531      0.16704     19.01380     19.06442      0.49767
   32  pi+                1       211   19           0           0      0.06572      0.18216      4.35700      4.36354      0.13957
   33  pi+                1       211   20           0           0      0.07024     -0.03593      3.32863      3.33249      0.13957
   34  pi-                1      -211   20           0           0     -0.10708      0.19896      5.40381      5.41033      0.13957
   35  (pi0)             11       111   20          48          49     -0.13127     -0.07031      1.32250      1.33768      0.13498
   36  K_L0               1       130   22           0           0      2.02228      0.59003     20.89712     21.00893      0.49767
   37  pi+                1       211   24           0           0     -0.20108      0.04903      2.09002      2.10487      0.13957
   38  pi-                1      -211   24           0           0      0.53964      0.00341      2.86273      2.91649      0.13957
   39  gamma              1        22   25           0           0      0.24266     -0.30950      5.97518      5.98811      0.00000
   40  gamma              1        22   25           0           0      0.81739     -1.34516     21.12626     21.18482      0.00000
   41  pi-                1      -211   26           0           0      0.35264      0.28665      6.32356      6.34140      0.13957
   42  pi+                1       211   26           0           0      0.34190     -0.20956      2.23092      2.27097      0.13957
   43  pi-                1      -211   27           0           0      0.00708     -0.27488      2.79220      2.80918      0.13957
   44  pi+                1       211   27           0           0      1.30745     -1.25067     17.86010     17.95205      0.13957
   45  pi-                1      -211   28           0           0      0.28168     -0.87282     12.29707     12.33202      0.13957
   46  pi+                1       211   28           0           0      1.85333     -1.70662     32.20607     32.30477      0.13957
   47  (K_S0)            11       310   31          50          51      1.28531      0.16704     19.01380     19.06442      0.49767
   48  gamma              1        22   35           0           0     -0.01647     -0.08362      0.53280      0.53957      0.00000
   49  gamma              1        22   35           0           0     -0.11480      0.01331      0.78970      0.79811      0.00000
   50  pi+                1       211   47           0           0      0.59291      0.05401      6.02853      6.05946      0.13957
   51  pi-                1      -211   47           0           0      0.69240      0.11302     12.98527     13.00496      0.13957
 ==================================================================================================================================
                   sum charge:  0.00   sum momentum and inv. mass:     -0.00000      0.00000    240.00000    260.00176    100.00458



                            Event listing (standard)

    I  particle/jet  K(I,1)   K(I,2) K(I,3)     K(I,4)      K(I,5)       P(I,1)       P(I,2)       P(I,3)       P(I,4)       P(I,5)

    1  !e-!              21        11    0           3           4      0.00000      0.00000    -10.00000     10.00000      0.00051
    2  !p+!              21      2212    0           5           0     -0.00000      0.00000    250.00000    250.00176      0.93827
 ==================================================================================================================================
    3  !e-!              21        11    1           0           0    -13.68010     -3.23848     -3.23071     14.42464      0.00051
    4  !gamma!           21        22    1           0           0     13.68010      3.23848     -6.76929     -4.42464    -14.96258
    5  !p+!              21      2212    2           0           0     -0.00000     -0.00000    250.00000    250.00176      0.93827
    6  !gamma!           21        22    4           0           0     13.69037      3.24091     -6.70273     -4.35631    -14.96258
    7  !u!               21         2    5           0           0     -0.00196     -0.00046     47.69453     47.69453      0.00000
    8  !gamma!           21        22    6           0           0     13.69037      3.24091     -6.70273     -4.35631    -14.96258
    9  !u!               21         2    7           0           0     -0.00196     -0.00046     47.69453     47.69453      0.00000
   10  !u!               21         2    9           0           0     13.68841      3.24045     40.99180     43.33822      0.00000
 ==================================================================================================================================
   11  e-                 1        11    3           0           0    -13.68010     -3.23848     -3.23071     14.42464      0.00051
   12  (ud_1)        A   12      2103    5          17          17     -0.03429     -0.13277    200.06321    200.06475      0.77133
   13  (g)           I   12        21   10          17          17      0.24331      0.20420      2.01643      2.04129      0.00000
   14  (g)           I   12        21   10          17          17      1.44139     -0.22171      4.36837      4.60537      0.00000
   15  (g)           I   12        21   10          17          17      5.90159      2.14034     17.29538     18.39946      0.00000
   16  (u)           V   11         2   10          17          17      6.12809      1.24842     19.48732     20.46625      0.00000
 ==================================================================================================================================
   17  (string)          11        92   12          18          25     13.68010      3.23848    243.23071    245.57712     30.81090
   18  (Delta+)          11      2214   17          26          27     -0.00100     -0.18150     92.56866     92.57581      1.13559
   19  pbar-              1     -2212   17           0           0     -0.20944      0.22518     69.99121     69.99818      0.93827
   20  n0                 1      2112   17           0           0      0.66281     -0.05678     24.35883     24.38602      0.93957
   21  (omega)           11       223   17          28          30      0.75700     -0.35701     15.13091     15.17431      0.78405
   22  pi+                1       211   17           0           0      0.63978      0.29184      1.00148      1.23163      0.13957
   23  pbar-              1     -2212   17           0           0      1.43477      0.98811      6.36976      6.67002      0.93827
   24  p+                 1      2212   17           0           0      2.22298      0.75210      9.37312      9.70788      0.93827
   25  (eta')            11       331   17          31          33      8.17320      1.57654     24.43673     25.83327      0.95774
   26  p+                 1      2212   18           0           0     -0.09432     -0.24408     79.17037     79.17636      0.93827
   27  (pi0)             11       111   18          34          35      0.09332      0.06258     13.39830     13.39945      0.13498
   28  pi+                1       211   21           0           0      0.05452      0.00811      0.62684      0.64455      0.13957
   29  pi-                1      -211   21           0           0      0.23540     -0.23320      5.85425      5.86528      0.13957
   30  (pi0)             11       111   21          36          37      0.46707     -0.13191      8.64982      8.66448      0.13498
   31  pi-                1      -211   25           0           0      1.28349      0.31991      3.85747      4.08035      0.13957
   32  pi+                1       211   25           0           0      1.49761      0.41880      4.29571      4.57065      0.13957
   33  (eta)             11       221   25          38          40      5.39210      0.83783     16.28355     17.18227      0.54745
   34  gamma              1        22   27           0           0      0.08186     -0.01412      4.18300      4.18383      0.00000
   35  gamma              1        22   27           0           0      0.01147      0.07670      9.21529      9.21562      0.00000
   36  gamma              1        22   30           0           0      0.17843      0.00579      3.73408      3.73834      0.00000
   37  gamma              1        22   30           0           0      0.28864     -0.13771      4.91574      4.92613      0.00000
   38  (pi0)             11       111   33          41          42      2.55304      0.39076      7.73267      8.15372      0.13498
   39  (pi0)             11       111   33          43          44      2.05694      0.41907      6.23826      6.58337      0.13498
   40  (pi0)             11       111   33          45          46      0.78213      0.02799      2.31262      2.44518      0.13498
   41  gamma              1        22   38           0           0      1.11835      0.10971      3.44916      3.62759      0.00000
   42  gamma              1        22   38           0           0      1.43468      0.28106      4.28352      4.52613      0.00000
   43  gamma              1        22   39           0           0      1.80167      0.33621      5.54081      5.83606      0.00000
   44  gamma              1        22   39           0           0      0.25526      0.08286      0.69745      0.74731      0.00000
   45  gamma              1        22   40           0           0      0.53688     -0.01890      1.41714      1.51555      0.00000
   46  gamma              1        22   40           0           0      0.24525      0.04690      0.89547      0.92963      0.00000
 ==================================================================================================================================
                   sum charge:  0.00   sum momentum and inv. mass:     -0.00000     -0.00000    240.00000    260.00176    100.00458



                            Event listing (standard)

    I  particle/jet  K(I,1)   K(I,2) K(I,3)     K(I,4)      K(I,5)       P(I,1)       P(I,2)       P(I,3)       P(I,4)       P(I,5)

    1  !e-!              21        11    0           3           4      0.00000      0.00000    -10.00000     10.00000      0.00051
    2  !p+!              21      2212    0           5           0     -0.00000      0.00000    250.00000    250.00176      0.93827
 ==================================================================================================================================
    3  !e-!              21        11    1           0           0      2.44193      2.16764     13.94099     14.31828      0.00051
    4  !gamma!           21        22    1           0           0     -2.44193     -2.16764    -23.94099     -4.31828    -23.77363
    5  !p+!              21      2212    2           0           0     -0.00000      0.00000    250.00000    250.00176      0.93827
    6  !gamma!           21        22    4           0           0     -2.44215     -2.16784    -23.94056     -4.31608    -23.77363
    7  !u!               21         2    5           0           0      0.00001      0.00001     14.40001     14.40001      0.00000
    8  !gamma!           21        22    6           0           0     -2.44215     -2.16784    -23.94056     -4.31608    -23.77363
    9  !u!               21         2    7           0           0      0.00001      0.00001     14.40001     14.40001      0.00000
   10  !u!               21         2    9           0           0     -2.44214     -2.16782     -9.54055     10.08393      0.00000
 ==================================================================================================================================
   11  e-                 1        11    3           0           0      2.44193      2.16764     13.94099     14.31828      0.00051
   12  (ud_0)        A   12      2101    5          20          20     -0.50497      0.38088    227.08217    227.08379      0.57933
   13  (g)           I   12        21   10          20          20     -0.58418     -1.16977      2.56163      2.87603      0.00000
   14  (g)           I   12        21   10          20          20      0.23213     -2.92573      4.10766      5.04843      0.00000
   15  (g)           I   12        21   10          20          20      0.20368     -0.18786      0.98735      1.02549      0.00000
   16  (g)           I   12        21   10          20          20     -0.04837     -0.23987     -0.01284      0.24504      0.00000
   17  (g)           I   12        21   10          20          20     -0.08707     -0.38787     -0.57614      0.69998      0.00000
   18  (g)           I   12        21   10          20          20      0.12971      0.72563     -2.63437      2.73555      0.00000
   19  (u)           V   11         2   10          20          20     -1.78286      1.63695     -5.45646      5.96918      0.00000
 ==================================================================================================================================
   20  (string)          11        92   12          21          31     -2.44193     -2.16764    226.05901    245.68348     96.16153
   21  p+                 1      2212   20           0           0      0.17879      0.24888    116.74640    116.75057      0.93827
   22  pi-                1      -211   20           0           0     -0.22793     -0.22384      5.14409      5.15589      0.13957
   23  (omega)           11       223   20          32          34     -0.33109     -0.32528     64.93315     64.93958      0.78707
   24  (rho+)            11       213   20          35          36     -0.22900      0.41273     37.96439     37.97329      0.67306
   25  (rho-)            11      -213   20          37          38      0.00767     -0.89373      1.33631      1.77593      0.75458
   26  pi+                1       211   20           0           0     -0.16855     -1.21108      4.18721      4.36432      0.13957
   27  nbar0              1     -2112   20           0           0     -0.22983     -0.03197      0.69883      1.19373      0.93957
   28  (Delta0)          11      2114   20          39          40     -0.00471     -1.12604      2.32158      2.84163      1.19045
   29  (pi0)             11       111   20          41          42      0.52187     -0.84227      1.24925      1.60019      0.13498
   30  (rho-)            11      -213   20          43          44     -1.05450      1.37449     -5.42275      5.74657      0.78462
   31  (rho+)            11       213   20          45          46     -0.90465      0.45046     -3.09945      3.34178      0.73459
   32  pi+                1       211   23           0           0      0.08878     -0.10015     10.54839     10.55017      0.13957
   33  pi-                1      -211   23           0           0     -0.48947     -0.21920     39.64964     39.65351      0.13957
   34  (pi0)             11       111   23          47          48      0.06961     -0.00592     14.73512     14.73590      0.13498
   35  pi+                1       211   24           0           0     -0.06937      0.49805     32.56425     32.56843      0.13957
   36  (pi0)             11       111   24          49          50     -0.15962     -0.08531      5.40014      5.40486      0.13498
   37  pi-                1      -211   25           0           0     -0.20360     -0.68301      1.23572      1.43333      0.13957
   38  (pi0)             11       111   25          51          52      0.21126     -0.21072      0.10059      0.34260      0.13498
   39  n0                 1      2112   28           0           0     -0.03626     -0.67232      1.51107      1.90248      0.93957
   40  (pi0)             11       111   28          53          54      0.03154     -0.45372      0.81051      0.93915      0.13498
   41  gamma              1        22   29           0           0      0.17333     -0.40606      0.56456      0.71670      0.00000
   42  gamma              1        22   29           0           0      0.34854     -0.43621      0.68469      0.88349      0.00000
   43  pi-                1      -211   30           0           0     -0.23448     -0.02510     -0.79438      0.84031      0.13957
   44  (pi0)             11       111   30          55          56     -0.82002      1.39959     -4.62837      4.90625      0.13498
   45  pi+                1       211   31           0           0     -0.59014      0.11107     -0.90511      1.09513      0.13957
   46  (pi0)             11       111   31          57          58     -0.31450      0.33939     -2.19434      2.24665      0.13498
   47  gamma              1        22   34           0           0      0.03625      0.05773     10.06520     10.06543      0.00000
   48  gamma              1        22   34           0           0      0.03336     -0.06366      4.66992      4.67047      0.00000
   49  gamma              1        22   36           0           0     -0.09869     -0.02447      4.35167      4.35285      0.00000
   50  gamma              1        22   36           0           0     -0.06094     -0.06085      1.04847      1.05201      0.00000
   51  gamma              1        22   38           0           0      0.07180     -0.15029      0.01275      0.16705      0.00000
   52  gamma              1        22   38           0           0      0.13946     -0.06042      0.08783      0.17554      0.00000
   53  gamma              1        22   40           0           0      0.05237     -0.05809      0.13768      0.15834      0.00000
   54  gamma              1        22   40           0           0     -0.02083     -0.39563      0.67284      0.78081      0.00000
   55  gamma              1        22   44           0           0     -0.44876      0.72409     -2.62200      2.75691      0.00000
   56  gamma              1        22   44           0           0     -0.37126      0.67550     -2.00637      2.14934      0.00000
   57  gamma              1        22   46           0           0     -0.20589      0.12495     -1.03456      1.06222      0.00000
   58  gamma              1        22   46           0           0     -0.10861      0.21444     -1.15978      1.18443      0.00000
 ==================================================================================================================================
                   sum charge:  0.00   sum momentum and inv. mass:     -0.00000      0.00000    240.00000    260.00176    100.00458



                            Event listing (standard)

    I  particle/jet  K(I,1)   K(I,2) K(I,3)     K(I,4)      K(I,5)       P(I,1)       P(I,2)       P(I,3)       P(I,4)       P(I,5)

    1  !e-!              21        11    0           3           4      0.00000      0.00000    -10.00000     10.00000      0.00051
    2  !p+!              21      2212    0           5           0     -0.00000      0.00000    250.00000    250.00176      0.93827
 ==================================================================================================================================
    3  !e-!              21        11    1           0           0    -11.70582      2.25327     -5.93017     13.31430      0.00051
    4  !gamma!           21        22    1           0           0     11.70582     -2.25327     -4.06983     -3.31430    -12.15247
    5  !p+!              21      2212    2           0           0     -0.00000      0.00000    250.00000    250.00176      0.93827
    6  !gamma!           21        22    4           0           0     11.73303     -2.25851     -3.62550     -2.86821    -12.15247
    7  !u!               21         2    5           0           0     -0.01061      0.00204     97.33681     97.33681      0.00000
    8  !gamma!           21        22    6           0           0     11.73303     -2.25851     -3.62550     -2.86821    -12.15247
    9  !u!               21         2    7           0           0     -0.01061      0.00204     97.33681     97.33681      0.00000
   10  !u!               21         2    9           0           0     11.72242     -2.25647     93.71131     94.46860      0.00000
 ==================================================================================================================================
   11  e-                 1        11    3           0           0    -11.70582      2.25327     -5.93017     13.31430      0.00051
   12  (u)           A   12         2   10          14          14     11.92571     -2.31719     97.23747     97.99346      0.00000
   13  (ud_0)        V   11      2101    5          14          14     -0.21988      0.06392    148.69270    148.69400      0.57933
 ==================================================================================================================================
   14  (string)          11        92   12          15          19     11.70582     -2.25327    245.93017    246.68746     15.19708
   15  pi+                1       211   14           0           0      8.20548     -1.81164     68.02888     68.54605      0.13957
   16  (rho-)            11      -213   14          20          21      2.96188     -0.59849     27.02868     27.20478      0.64774
   17  pi+                1       211   14           0           0     -0.04093      0.03775      7.17695      7.17853      0.13957
   18  (omega)           11       223   14          22          24      0.46490      0.29800      7.77297      7.83201      0.78513
   19  n0                 1      2112   14           0           0      0.11450     -0.17889    135.92268    135.92609      0.93957
   20  pi-                1      -211   16           0           0      2.66492     -0.58441     25.15091     25.29883      0.13957
   21  (pi0)             11       111   16          25          26      0.29696     -0.01408      1.87778      1.90595      0.13498
   22  pi-                1      -211   18           0           0      0.13154      0.01816      0.61674      0.64612      0.13957
   23  pi+                1       211   18           0           0     -0.01296      0.18922      1.69610      1.71237      0.13957
   24  (pi0)             11       111   18          27          28      0.34632      0.09062      5.46014      5.47352      0.13498
   25  gamma              1        22   21           0           0      0.30391     -0.03145      1.81137      1.83696      0.00000
   26  gamma              1        22   21           0           0     -0.00696      0.01737      0.06641      0.06900      0.00000
   27  gamma              1        22   24           0           0      0.10126      0.09228      1.82390      1.82903      0.00000
   28  gamma              1        22   24           0           0      0.24506     -0.00166      3.63624      3.64449      0.00000
 ==================================================================================================================================
                   sum charge:  0.00   sum momentum and inv. mass:     -0.00000      0.00000    240.00000    260.00176    100.00458



                            Event listing (standard)

    I  particle/jet  K(I,1)   K(I,2) K(I,3)     K(I,4)      K(I,5)       P(I,1)       P(I,2)       P(I,3)       P(I,4)       P(I,5)

    1  !e-!              21        11    0           3           4      0.00000      0.00000    -10.00000     10.00000      0.00051
    2  !p+!              21      2212    0           5           0     -0.00000      0.00000    250.00000    250.00176      0.93827
 ==================================================================================================================================
    3  !e-!              21        11    1           0           0     10.61326      6.28255     -2.70946     12.62747      0.00051
    4  !gamma!           21        22    1           0           0    -10.61326     -6.28255     -7.29054     -2.62747    -14.08404
    5  !p+!              21      2212    2           0           0     -0.00000      0.00000    250.00000    250.00176      0.93827
    6  !gamma!           21        22    4           0           0    -10.61727     -6.28492     -7.27723     -2.61240    -14.08404
    7  !u!               21         2    5           0           0      0.00034      0.00020     21.26019     21.26019      0.00000
    8  !gamma!           21        22    6           0           0    -10.61727     -6.28492     -7.27723     -2.61240    -14.08404
    9  !u!               21         2    7           0           0      0.00034      0.00020     21.26019     21.26019      0.00000
   10  !u!               21         2    9           0           0    -10.61693     -6.28472     13.98295     18.64778      0.00000
 ==================================================================================================================================
   11  e-                 1        11    3           0           0     10.61326      6.28255     -2.70946     12.62747      0.00051
   12  (ud_1)        A   12      2103    5          19          19      0.43754      0.12116    222.17751    222.17931      0.77133
   13  (g)           I   12        21   10          19          19     -1.52914      0.30818      2.04607      2.57287      0.00000
   14  (g)           I   12        21   10          19          19     -1.60841      0.17670      0.70746      1.76598      0.00000
   15  (g)           I   12        21   10          19          19     -1.28344     -0.13708      2.09069      2.45703      0.00000
   16  (g)           I   12        21   10          19          19     -1.30591     -0.70390      2.60588      2.99858      0.00000
   17  (g)           I   12        21   10          19          19     -1.46857     -2.16103      3.54028      4.40003      0.00000
   18  (u)           V   11         2   10          19          19     -3.85534     -3.88658      9.54158     11.00049      0.00000
 ==================================================================================================================================
   19  (string)          11        92   12          20          31    -10.61326     -6.28255    242.70946    247.37429     46.19573
   20  (Delta+)          11      2214   19          32          33      0.33483     -0.12378     74.00910     74.02039      1.24241
   21  pi-                1      -211   19           0           0     -0.48915     -0.08803     23.31561     23.32132      0.13957
   22  (K*bar0)          11      -313   19          34          35      0.10463      0.12231     49.58836     49.59846      0.98817
   23  (K*+)             11       323   19          36          37      0.57565      0.25026     58.25276     58.26342      0.92112
   24  (rho0)            11       113   19          38          39      0.14013     -0.04259      3.39678      3.51258      0.88242
   25  (pi0)             11       111   19          40          41     -1.16152     -0.15808     10.45086     10.51726      0.13498
   26  (K*-)             11      -323   19          42          43      0.03390      0.42292      4.26291      4.37770      0.90103
   27  K+                 1       321   19           0           0     -1.28661      0.12630      0.88438      1.64228      0.49360
   28  (rho-)            11      -213   19          44          45     -1.27403     -0.43803      1.77901      2.42673      0.95348
   29  (omega)           11       223   19          46          48     -1.19643     -0.72480      2.41037      2.89467      0.78259
   30  pi+                1       211   19           0           0     -5.51360     -4.11591     11.52106     13.41994      0.13957
   31  (eta)             11       221   19          49          50     -0.88106     -1.51310      2.83828      3.37954      0.54745
   32  p+                 1      2212   20           0           0      0.29487      0.12185     62.20407     62.21196      0.93827
   33  (pi0)             11       111   20          51          52      0.03996     -0.24563     11.80504     11.80843      0.13498
   34  (Kbar0)           11      -311   22          53          53      0.12441      0.42675     32.47604     32.48290      0.49767
   35  (pi0)             11       111   22          54          55     -0.01978     -0.30444     17.11231     17.11556      0.13498
   36  (K0)              11       311   23          56          56      0.06358      0.27009     34.68214     34.68682      0.49767
   37  pi+                1       211   23           0           0      0.51208     -0.01983     23.57062     23.57660      0.13957
   38  pi-                1      -211   24           0           0     -0.21681      0.28753      1.60028      1.64623      0.13957
   39  pi+                1       211   24           0           0      0.35694     -0.33013      1.79649      1.86635      0.13957
   40  gamma              1        22   25           0           0     -0.32905     -0.02814      3.49202      3.50760      0.00000
   41  gamma              1        22   25           0           0     -0.83247     -0.12994      6.95883      7.00965      0.00000
   42  (Kbar0)           11      -311   26          57          57      0.13031      0.21560      1.47495      1.57690      0.49767
   43  pi-                1      -211   26           0           0     -0.09642      0.20733      2.78796      2.80080      0.13957
   44  pi-                1      -211   28           0           0     -1.32970     -0.39413      1.23677      1.86347      0.13957
   45  (pi0)             11       111   28          58          59      0.05567     -0.04390      0.54223      0.56326      0.13498
   46  pi-                1      -211   29           0           0     -0.61310     -0.27242      0.77046      1.03111      0.13957
   47  pi+                1       211   29           0           0     -0.39704     -0.41160      0.80955      1.00096      0.13957
   48  (pi0)             11       111   29          60          61     -0.18630     -0.04077      0.83036      0.86260      0.13498
   49  gamma              1        22   31           0           0     -0.02406     -0.50693      0.67574      0.84509      0.00000
   50  gamma              1        22   31           0           0     -0.85700     -1.00617      2.16254      2.53445      0.00000
   51  gamma              1        22   33           0           0     -0.01532     -0.05619      5.49629      5.49660      0.00000
   52  gamma              1        22   33           0           0      0.05529     -0.18944      6.30875      6.31184      0.00000
   53  K_L0               1       130   34           0           0      0.12441      0.42675     32.47604     32.48290      0.49767
   54  gamma              1        22   35           0           0     -0.02294     -0.30357     17.10267     17.10538      0.00000
   55  gamma              1        22   35           0           0      0.00316     -0.00087      0.00964      0.01018      0.00000
   56  K_L0               1       130   36           0           0      0.06358      0.27009     34.68214     34.68682      0.49767
   57  (K_S0)            11       310   42          62          63      0.13031      0.21560      1.47495      1.57690      0.49767
   58  gamma              1        22   45           0           0      0.08747     -0.00167      0.22062      0.23734      0.00000
   59  gamma              1        22   45           0           0     -0.03180     -0.04222      0.32161      0.32593      0.00000
   60  gamma              1        22   48           0           0     -0.01313      0.03960      0.18210      0.18682      0.00000
   61  gamma              1        22   48           0           0     -0.17317     -0.08037      0.64826      0.67578      0.00000
   62  pi-                1      -211   57           0           0     -0.10814      0.09297      0.27692      0.34133      0.13957
   63  pi+                1       211   57           0           0      0.23845      0.12262      1.19803      1.23557      0.13957
 ==================================================================================================================================
                   sum charge:  0.00   sum momentum and inv. mass:     -0.00000     -0.00000    240.00000    260.00176    100.00458



                            Event listing (standard)

    I  particle/jet  K(I,1)   K(I,2) K(I,3)     K(I,4)      K(I,5)       P(I,1)       P(I,2)       P(I,3)       P(I,4)       P(I,5)

    1  !e-!              21        11    0           3           4      0.00000      0.00000    -10.00000     10.00000      0.00051
    2  !p+!              21      2212    0           5           0     -0.00000      0.00000    250.00000    250.00176      0.93827
 ==================================================================================================================================
    3  !e-!              21        11    1           0           0      6.95906     -6.35157     -5.44615     10.88263      0.00051
    4  !gamma!           21        22    1           0           0     -6.95906      6.35157     -4.55385     -0.88263    -10.42734
    5  !p+!              21      2212    2           0           0     -0.00000     -0.00000    250.00000    250.00176      0.93827
    6  !gamma!           21        22    4           0           0     -6.96240      6.35462     -4.54183     -0.86885    -10.42734
    7  !d!               21         1    5           0           0      0.00020     -0.00018     14.80059     14.80059      0.00000
    8  !gamma!           21        22    6           0           0     -6.96240      6.35462     -4.54183     -0.86885    -10.42734
    9  !d!               21         1    7           0           0      0.00020     -0.00018     14.80059     14.80059      0.00000
   10  !d!               21         1    9           0           0     -6.96220      6.35444     10.25876     13.93174      0.00000
 ==================================================================================================================================
   11  e-                 1        11    3           0           0      6.95906     -6.35157     -5.44615     10.88263      0.00051
   12  (uu_1)        A   12      2203    5          15          15     -0.05095      0.08299    234.22309    234.22438      0.77133
   13  (g)           I   12        21   10          15          15     -0.92458     -0.05327      0.40832      1.01213      0.00000
   14  (d)           V   11         1   10          15          15     -5.98354      6.32185     10.81475     13.88262      0.00000
 ==================================================================================================================================
   15  (string)          11        92   12          16          24     -6.95906      6.35157    245.44615    249.11913     41.56628
   16  (Delta+)          11      2214   15          25          26      0.17679     -0.22827    126.65243    126.65826      1.18049
   17  (pi0)             11       111   15          27          28     -0.47497      0.16259     61.67667     61.67886      0.13498
   18  pi+                1       211   15           0           0      0.63868      0.57348     33.43413     33.44544      0.13957
   19  (omega)           11       223   15          29          31     -0.57527     -0.58666      6.51163      6.60965      0.78168
   20  (pi0)             11       111   15          32          33      0.01461     -0.50851      3.20745      3.25034      0.13498
   21  (eta)             11       221   15          34          36     -0.85422      1.83638      4.43619      4.90729      0.54745
   22  (rho0)            11       113   15          37          38     -2.31859      1.83863      2.85457      4.17760      0.73984
   23  (rho-)            11      -213   15          39          40     -1.57124      1.20691      3.30324      3.96621      0.94551
   24  (pi0)             11       111   15          41          42     -1.99486      2.05702      3.36985      4.42549      0.13498
   25  p+                 1      2212   16           0           0      0.27782     -0.07274    106.71156    106.71607      0.93827
   26  (pi0)             11       111   16          43          44     -0.10103     -0.15553     19.94087     19.94219      0.13498
   27  gamma              1        22   17           0           0     -0.28849      0.05132     41.11683     41.11788      0.00000
   28  gamma              1        22   17           0           0     -0.18648      0.11126     20.55984     20.56099      0.00000
   29  pi+                1       211   19           0           0      0.03233      0.01099      0.52073      0.54019      0.13957
   30  pi-                1      -211   19           0           0     -0.11772     -0.28209      1.40021      1.43997      0.13957
   31  (pi0)             11       111   19          45          46     -0.48987     -0.31556      4.59068      4.62949      0.13498
   32  gamma              1        22   20           0           0     -0.00902     -0.41258      2.84084      2.87066      0.00000
   33  gamma              1        22   20           0           0      0.02363     -0.09593      0.36661      0.37969      0.00000
   34  (pi0)             11       111   21          47          48     -0.51812      1.22618      2.83944      3.13889      0.13498
   35  (pi0)             11       111   21          49          50     -0.21801      0.25245      0.75861      0.83962      0.13498
   36  (pi0)             11       111   21          51          52     -0.11810      0.35775      0.83814      0.92878      0.13498
   37  pi-                1      -211   22           0           0     -1.71115      1.27905      2.42984      3.23846      0.13957
   38  pi+                1       211   22           0           0     -0.60744      0.55958      0.42473      0.93914      0.13957
   39  pi-                1      -211   23           0           0     -1.35846      1.32851      2.99782      3.55200      0.13957
   40  (pi0)             11       111   23          53          54     -0.21278     -0.12160      0.30542      0.41420      0.13498
   41  gamma              1        22   24           0           0     -1.19065      1.25846      1.94015      2.60107      0.00000
   42  gamma              1        22   24           0           0     -0.80421      0.79856      1.42971      1.82442      0.00000
   43  gamma              1        22   26           0           0      0.01912      0.00818      0.91764      0.91787      0.00000
   44  gamma              1        22   26           0           0     -0.12015     -0.16370     19.02323     19.02432      0.00000
   45  gamma              1        22   31           0           0     -0.04959     -0.04073      0.92745      0.92966      0.00000
   46  gamma              1        22   31           0           0     -0.44029     -0.27484      3.66324      3.69982      0.00000
   47  gamma              1        22   34           0           0     -0.37020      0.98038      2.31397      2.54021      0.00000
   48  gamma              1        22   34           0           0     -0.14792      0.24580      0.52547      0.59868      0.00000
   49  gamma              1        22   35           0           0     -0.14788      0.24499      0.64895      0.70924      0.00000
   50  gamma              1        22   35           0           0     -0.07013      0.00746      0.10966      0.13038      0.00000
   51  gamma              1        22   36           0           0     -0.08834      0.07505      0.24628      0.27220      0.00000
   52  gamma              1        22   36           0           0     -0.02976      0.28269      0.59186      0.65658      0.00000
   53  gamma              1        22   40           0           0     -0.07688     -0.12074      0.17177      0.22359      0.00000
   54  gamma              1        22   40           0           0     -0.13590     -0.00086      0.13365      0.19061      0.00000
 ==================================================================================================================================
                   sum charge:  0.00   sum momentum and inv. mass:     -0.00000      0.00000    240.00000    260.00176    100.00458



                            Event listing (standard)

    I  particle/jet  K(I,1)   K(I,2) K(I,3)     K(I,4)      K(I,5)       P(I,1)       P(I,2)       P(I,3)       P(I,4)       P(I,5)

    1  !e-!              21        11    0           3           4      0.00000      0.00000    -10.00000     10.00000      0.00051
    2  !p+!              21      2212    0           5           0     -0.00000      0.00000    250.00000    250.00176      0.93827
 ==================================================================================================================================
    3  !e-!              21        11    1           0           0     -9.10343     -1.21190     -3.30587      9.76063      0.00051
    4  !gamma!           21        22    1           0           0      9.10343      1.21190     -6.69413      0.23937    -11.36201
    5  !p+!              21      2212    2           0           0     -0.00000     -0.00000    250.00000    250.00176      0.93827
    6  !gamma!           21        22    4           0           0      9.10574      1.21220     -6.69111      0.24416    -11.36201
    7  !u!               21         2    5           0           0     -0.00009     -0.00001      9.30704      9.30704      0.00000
    8  !gamma!           21        22    6           0           0      9.10574      1.21220     -6.69111      0.24416    -11.36201
    9  !u!               21         2    7           0           0     -0.00009     -0.00001      9.30704      9.30704      0.00000
   10  !u!               21         2    9           0           0      9.10565      1.21219      2.61593      9.55120      0.00000
 ==================================================================================================================================
   11  e-                 1        11    3           0           0     -9.10343     -1.21190     -3.30587      9.76063      0.00051
   12  (ud_0)        A   12      2101    5          17          17     -0.01265      0.11878    235.95928    235.96002      0.57933
   13  (g)           I   12        21   10          17          17     -0.46285     -1.15460      2.67926      2.95394      0.00000
   14  (g)           I   12        21   10          17          17      2.18067     -0.32597      1.78376      2.83608      0.00000
   15  (g)           I   12        21   10          17          17      1.35920     -0.09264      0.25759      1.38649      0.00000
   16  (u)           V   11         2   10          17          17      6.03906      2.66632      2.62597      7.10459      0.00000
 ==================================================================================================================================
   17  (string)          11        92   12          18          28      9.10343      1.21190    243.30587    250.24113     57.78010
   18  n0                 1      2112   17           0           0     -0.04115     -0.38373    178.22779    178.23069      0.93957
   19  (Sigmabar+)       11     -3112   17          29          30      0.51774     -0.62367     19.76962     19.82243      1.19744
   20  (Sigma-)          11      3112   17          31          32     -0.85028      0.28516     18.56027     18.62047      1.19744
   21  (rho+)            11       213   17          33          34      0.61506      0.43508     16.42554     16.46140      0.78219
   22  (rho-)            11      -213   17          35          36     -0.37279     -0.24046      2.44577      2.57176      0.65982
   23  pi+                1       211   17           0           0      0.68141      0.08069      0.87495      1.12064      0.13957
   24  (omega)           11       223   17          37          39      0.36268     -0.04624      2.10242      2.26728      0.76596
   25  (pi0)             11       111   17          40          41     -0.33895      0.03990      0.75815      0.84231      0.13498
   26  K-                 1      -321   17           0           0      1.58046     -0.55244      0.40138      1.79103      0.49360
   27  (Lambdabar0)      11     -3122   17          42          43      2.72705      1.20810      1.87919      3.69762      1.11568
   28  p+                 1      2212   17           0           0      4.22221      1.00949      1.86078      4.81549      0.93827
   29  nbar0              1     -2112   19           0           0      0.40798     -0.69344     18.02985     18.07223      0.93957
   30  pi+                1       211   19           0           0      0.10976      0.06977      1.73977      1.75020      0.13957
   31  n0                 1      2112   20           0           0     -0.52898      0.26714     15.59714     15.63665      0.93957
   32  pi-                1      -211   20           0           0     -0.32129      0.01802      2.96313      2.98382      0.13957
   33  pi+                1       211   21           0           0     -0.09352      0.18905      2.02872      2.04443      0.13957
   34  (pi0)             11       111   21          44          45      0.70858      0.24603     14.39682     14.41698      0.13498
   35  pi-                1      -211   22           0           0     -0.11591      0.14285      0.33461      0.40655      0.13957
   36  (pi0)             11       111   22          46          47     -0.25688     -0.38331      2.11116      2.16521      0.13498
   37  pi+                1       211   24           0           0      0.18273     -0.11252      0.30407      0.39748      0.13957
   38  pi-                1      -211   24           0           0      0.27245      0.12858      1.05037      1.10160      0.13957
   39  (pi0)             11       111   24          48          49     -0.09250     -0.06230      0.74798      0.76820      0.13498
   40  gamma              1        22   25           0           0      0.00234      0.02448      0.03846      0.04565      0.00000
   41  gamma              1        22   25           0           0     -0.34129      0.01542      0.71970      0.79667      0.00000
   42  pbar-              1     -2212   27           0           0      2.07809      0.88277      1.42318      2.82905      0.93827
   43  pi+                1       211   27           0           0      0.64896      0.32533      0.45601      0.86857      0.13957
   44  gamma              1        22   34           0           0      0.48252      0.16036     10.86722     10.87911      0.00000
   45  gamma              1        22   34           0           0      0.22606      0.08567      3.52960      3.53787      0.00000
   46  gamma              1        22   36           0           0     -0.13142     -0.16721      1.27123      1.28889      0.00000
   47  gamma              1        22   36           0           0     -0.12547     -0.21610      0.83994      0.87632      0.00000
   48  gamma              1        22   39           0           0     -0.09158     -0.04676      0.74535      0.75241      0.00000
   49  gamma              1        22   39           0           0     -0.00092     -0.01554      0.00263      0.01579      0.00000
 ==================================================================================================================================
                   sum charge:  0.00   sum momentum and inv. mass:     -0.00000     -0.00000    240.00000    260.00176    100.00458

 Advisory warning: maximum violated by  1.091D+00 in event     279
 XSEC(96,1) increased to  1.583D-02

 Advisory warning: maximum violated by  1.284D+00 in event     299
 XSEC(96,1) increased to  2.034D-02

 Advisory warning: maximum violated by  3.010D+00 in event     401
 XSEC(96,1) increased to  6.121D-02

 Advisory warning: maximum violated by  1.820D+00 in event    1313
 XSEC(96,1) increased to  1.114D-01

 Advisory warning: maximum violated by  1.219D+00 in event    1886
 XSEC(96,1) increased to  1.357D-01

 Advisory warning: maximum violated by  1.304D+00 in event    2585
 XSEC(96,1) increased to  1.770D-01
1********* PYSTAT:  Statistics on Number of Events and Cross-sections *********

 ==============================================================================
 I                                  I                            I            I
 I            Subprocess            I      Number of points      I    Sigma   I
 I                                  I                            I            I
 I----------------------------------I----------------------------I    (mb)    I
 I                                  I                            I            I
 I N:o Type                         I    Generated         Tried I            I
 I                                  I                            I            I
 ==============================================================================
 I                                  I                            I            I
 I   0 All included subprocesses    I       500000    1668661981 I  2.287D-06 I
 I  11 f + f' -> f + f' (QCD)       I          275             0 I  7.171D-09 I
 I  12 f + fbar -> f' + fbar'       I            5             0 I  1.817D-10 I
 I  13 f + fbar -> g + g            I            1             0 I  4.978D-12 I
 I  28 f + g -> f + g               I          773             0 I  9.023D-09 I
 I  53 g + g -> f + fbar            I           10             0 I  4.978D-11 I
 I  68 g + g -> g + g               I          374             0 I  1.862D-09 I
 I  91 Elastic scattering           I         1387     126582198 I  6.329D-09 I
 I  92 Single diffractive (XB)      I          582      92637610 I  2.659D-09 I
 I  93 Single diffractive (AX)      I          418      74989276 I  1.913D-09 I
 I  94 Double  diffractive          I          457     106629154 I  1.543D-09 I
 I  95 Low-pT scattering            I         2519       1020574 I  1.967D-10 I
 I  99 q + gamma* -> q              I       491753     523658609 I  2.249D-06 I
 I 131 f + gamma*_T -> f + g        I          897      40101596 I  4.170D-09 I
 I 132 f + gamma*_L -> f + g        I           55       2106097 I  3.317D-10 I
 I 135 g + gamma*_T -> f + fbar     I          348     124118389 I  1.581D-09 I
 I 136 g + gamma*_L -> f + fbar     I          146      20200280 I  7.140D-10 I
 I                                  I                            I            I
 ==============================================================================
 I                                  I                            I            I
 I   1 VMD * hadron                 I         1634     751838566 I  8.053D-09 I
 I   2 direct * hadron              I         1446     186526362 I  6.797D-09 I
 I   3 anomalous * hadron           I         5167     206638444 I  2.288D-08 I
 I   4 DIS * hadron                 I       491753     523658609 I  2.249D-06 I
 I                                  I                            I            I
 ==============================================================================

 ********* Total number of errors, excluding junctions =        0 *************
 ********* Total number of errors, including junctions =        0 *************
 ********* Total number of warnings =                           0 *************
 ********* Fraction of events that fail fragmentation cuts =  0.00038 *********

1************ PYSTAT: User-Defined Limits on Kinematical Variables ************

 ==============================================================================
 I                                                                            I
 I                 0.000D+00 <  m_hard (GeV/c^2)  <  4.515D+01                I
 I    0.000D+00 ( 1.000D+00) <  p_T_hard (GeV/c)  <  2.258D+01                I
 I                             m_finite (GeV/c^2) =  1.000D+00                I
 I                -1.000D+01 <    y*_subsystem    <  1.000D+01                I
 I                -4.000D+01 <      y*_large      <  4.000D+01                I
 I                -4.000D+01 <      y*_small      <  4.000D+01                I
 I                -4.000D+01 <     eta*_large     <  4.000D+01                I
 I                -4.000D+01 <     eta*_small     <  4.000D+01                I
 I                -1.000D+00 < cos(theta*)_large  <  1.000D+00                I
 I                -1.000D+00 < cos(theta*)_small  <  1.000D+00                I
 I                 0.000D+00 <        x_1         <  1.000D+00                I
 I                 0.000D+00 <        x_2         <  1.000D+00                I
 I                -1.000D+00 <        x_F         <  1.000D+00                I
 I                -1.000D+00 <  cos(theta_hard)   <  1.000D+00                I
 I                 2.000D+00 < m'_hard (GeV/c^2)  <  4.515D+01                I
 I                                                                            I
 ==============================================================================
 The charm mass used is:    1.5000000000000000     
 ===================================================
 Pythia total cross section normalisation:   2.2867584600305291E-003  microbarn
 Total Number of generated events      500000
 Total Number of trials      500000
 ===================================================

 ===== PDFSTA statistics for PDF under/over-flows ====

 ====== STRUCTM statistics for nucleon/pion PDFs =====

   total # of calls    578293132.00000000     
   X  below PDF min    0.0000000000000000       or    0.0000000000000000       %
   X  above PDF max    0.0000000000000000       or    0.0000000000000000       %
   Q2 below PDF min    0.0000000000000000       or    0.0000000000000000       %
   Q2 above PDF max    0.0000000000000000       or    0.0000000000000000       %

 ========= STRUCTP statistics for photon PDFs ========

   total # of calls    0.0000000000000000     

