1                                                                              
 ******************************************************************************
 ******************************************************************************
 **                                                                          **
 **                                                                          **
 **              *......*                  Welcome to the Lund Monte Carlo!  **
 **         *:::!!:::::::::::*                                               **
 **      *::::::!!::::::::::::::*          PPP  Y   Y TTTTT H   H III   A    **
 **    *::::::::!!::::::::::::::::*        P  P  Y Y    T   H   H  I   A A   **
 **   *:::::::::!!:::::::::::::::::*       PPP    Y     T   HHHHH  I  AAAAA  **
 **   *:::::::::!!:::::::::::::::::*       P      Y     T   H   H  I  A   A  **
 **    *::::::::!!::::::::::::::::*!       P      Y     T   H   H III A   A  **
 **      *::::::!!::::::::::::::* !!                                         **
 **      !! *:::!!:::::::::::*    !!       This is PYTHIA version 6.428      **
 **      !!     !* -><- *         !!       Last date of change:  5 Sep 2013  **
 **      !!     !!                !!                                         **
 **      !!     !!                !!       Now is  0 Jan 2000 at  0:00:00    **
 **      !!                       !!                                         **
 **      !!        lh             !!       Disclaimer: this program comes    **
 **      !!                       !!       without any guarantees. Beware    **
 **      !!                 hh    !!       of errors and use common sense    **
 **      !!    ll                 !!       when interpreting results.        **
 **      !!                       !!                                         **
 **      !!                                Copyright T. Sjostrand (2011)     **
 **                                                                          **
 ** An archive of program versions and documentation is found on the web:    **
 ** http://www.thep.lu.se/~torbjorn/Pythia.html                              **
 **                                                                          **
 ** When you cite this program, the official reference is to the 6.4 manual: **
 ** T. Sjostrand, S. Mrenna and P. Skands, JHEP05 (2006) 026                 **
 ** (LU TP 06-13, FERMILAB-PUB-06-052-CD-T) [hep-ph/0603175].                **
 **                                                                          **
 ** Also remember that the program, to a large extent, represents original   **
 ** physics research. Other publications of special relevance to your        **
 ** studies may therefore deserve separate mention.                          **
 **                                                                          **
 ** Main author: Torbjorn Sjostrand; Department of Theoretical Physics,      **
 **   Lund University, Solvegatan 14A, S-223 62 Lund, Sweden;                **
 **   phone: + 46 - 46 - 222 48 16; e-mail: torbjorn@thep.lu.se              **
 ** Author: Stephen Mrenna; Computing Division, GDS Group,                   **
 **   Fermi National Accelerator Laboratory, MS 234, Batavia, IL 60510, USA; **
 **   phone: + 1 - 630 - 840 - 2556; e-mail: mrenna@fnal.gov                 **
 ** Author: Peter Skands; CERN/PH-TH, CH-1211 Geneva, Switzerland            **
 **   phone: + 41 - 22 - 767 24 47; e-mail: peter.skands@cern.ch             **
 **                                                                          **
 **                                                                          **
 ******************************************************************************
 ******************************************************************************
     MSEL           changed from              1 to              2
     MSTP(14)       changed from             30 to             30
     MSTP(15)       changed from              0 to              0
     MSTP(16)       changed from              1 to              1
     MSTP(17)       changed from              4 to              4
     MSTP(18)       changed from              3 to              3
     MSTP(19)       changed from              4 to              1
     MSTP(20)       changed from              3 to              0
     MSTP(32)       changed from              8 to              8
     MSTP(38)       changed from              5 to              4
     MSTP(51)       changed from              7 to          10050
     MSTP(52)       changed from              1 to              2
     MSTP(53)       changed from              3 to              3
     MSTP(54)       changed from              1 to              1
     MSTP(55)       changed from              5 to              5
     MSTP(56)       changed from              1 to              1
     MSTP(57)       changed from              1 to              1
     MSTP(58)       changed from              5 to              5
     MSTP(59)       changed from              1 to              1
     MSTP(60)       changed from              7 to              7
     MSTP(61)       changed from              2 to              2
     MSTP(71)       changed from              1 to              1
     MSTP(81)       changed from              1 to              0
     MSTP(82)       changed from              4 to              1
     MSTP(91)       changed from              1 to              1
     MSTP(92)       changed from              3 to              3
     MSTP(93)       changed from              1 to              1
     MSTP(101)      changed from              3 to              3
     MSTP(102)      changed from              1 to              1
     MSTP(111)      changed from              1 to              1
     MSTP(121)      changed from              0 to              0
     PARP(13)       changed from        1.00000 to        1.00000
     PARP(18)       changed from        0.40000 to        0.40000
     PARP(81)       changed from        1.90000 to        1.90000
     PARP(89)       changed from     1800.00000 to     1800.00000
     PARP(90)       changed from        0.25000 to        0.16000
     PARP(91)       changed from        2.00000 to        0.40000
     PARP(93)       changed from        5.00000 to        5.00000
     PARP(99)       changed from        1.00000 to        0.40000
     PARP(100)      changed from        5.00000 to        5.00000
     PARP(102)      changed from        0.28000 to        0.28000
     PARP(103)      changed from        1.00000 to        1.00000
     PARP(104)      changed from        0.80000 to        0.80000
     PARP(111)      changed from        2.00000 to        2.00000
     PARP(161)      changed from        2.20000 to        3.00000
     PARP(162)      changed from       23.60000 to       24.60000
     PARP(163)      changed from       18.40000 to       18.80000
     PARP(164)      changed from       11.50000 to       11.50000
     PARP(165)      changed from        0.50000 to        0.47679
     PARP(166)      changed from        0.00000 to        0.67597
     PARJ(1)        changed from        0.10000 to        0.10000
     PARJ(2)        changed from        0.30000 to        0.30000
     PARJ(11)       changed from        0.50000 to        0.50000
     PARJ(12)       changed from        0.60000 to        0.60000
     PARJ(21)       changed from        0.36000 to        0.40000
     PARJ(32)       changed from        1.00000 to        1.00000
     PARJ(33)       changed from        0.80000 to        0.80000
     PARJ(41)       changed from        0.30000 to        0.30000
     PARJ(42)       changed from        0.58000 to        0.58000
     PARJ(45)       changed from        0.50000 to        0.50000
     MSTJ(1)        changed from              1 to              1
     MSTJ(12)       changed from              2 to              1
     MSTJ(45)       changed from              5 to              5
     MSTU(112)      changed from              5 to              5
     MSTU(113)      changed from              3 to              5
     MSTU(114)      changed from              5 to              5
     CKIN(1)        changed from        2.00000 to        1.00000
     CKIN(2)        changed from       -1.00000 to       -1.00000
     CKIN(3)        changed from        0.00000 to        0.00000
     CKIN(4)        changed from       -1.00000 to       -1.00000
     CKIN(5)        changed from        1.00000 to        1.00000
     CKIN(6)        changed from        1.00000 to        1.00000
     CKIN(7)        changed from      -10.00000 to      -10.00000
     CKIN(8)        changed from       10.00000 to       10.00000
     CKIN(9)        changed from      -40.00000 to      -40.00000
     CKIN(10)       changed from       40.00000 to       40.00000
     CKIN(11)       changed from      -40.00000 to      -40.00000
     CKIN(12)       changed from       40.00000 to       40.00000
     CKIN(13)       changed from      -40.00000 to      -40.00000
     CKIN(14)       changed from       40.00000 to       40.00000
     CKIN(15)       changed from      -40.00000 to      -40.00000
     CKIN(16)       changed from       40.00000 to       40.00000
     CKIN(17)       changed from       -1.00000 to       -1.00000
     CKIN(18)       changed from        1.00000 to        1.00000
     CKIN(19)       changed from       -1.00000 to       -1.00000
     CKIN(20)       changed from        1.00000 to        1.00000
     CKIN(21)       changed from        0.00000 to        0.00000
     CKIN(22)       changed from        1.00000 to        1.00000
     CKIN(23)       changed from        0.00000 to        0.00000
     CKIN(24)       changed from        1.00000 to        1.00000
     CKIN(25)       changed from       -1.00000 to       -1.00000
     CKIN(26)       changed from        1.00000 to        1.00000
     CKIN(27)       changed from       -1.00000 to       -1.00000
     CKIN(28)       changed from        1.00000 to        1.00000
     CKIN(31)       changed from        2.00000 to        2.00000
     CKIN(32)       changed from       -1.00000 to       -1.00000
     CKIN(35)       changed from        0.00000 to        0.00000
     CKIN(36)       changed from       -1.00000 to       -1.00000
     CKIN(37)       changed from        0.00000 to        0.00000
     CKIN(38)       changed from       -1.00000 to       -1.00000
     CKIN(39)       changed from        4.00000 to        4.00000
     CKIN(40)       changed from       -1.00000 to       -1.00000
     CKIN(65)       changed from        0.00000 to        0.00000
     CKIN(66)       changed from       -1.00000 to       -1.00000
     CKIN(67)       changed from        0.00000 to        0.00000
     CKIN(68)       changed from       -1.00000 to       -1.00000
     CKIN(77)       changed from        2.00000 to        2.00000
     CKIN(78)       changed from       -1.00000 to       -1.00000
 *********************************************
 NOW all parameters are read by PYTHIA
 *********************************************
 SEED =   1222153893
 RANLUX LUXURY LEVEL SET BY RLUXGO : 4     P= 389
 RANLUX INITIALIZED BY RLUXGO FROM SEEDS  1222153893           0           0
   2771.0935550343875        10.000000000000000       -2771.0935550343875       -10.0000000    
 *********************************************
 proton beam momentum:   130.000000     GeV
 lepton beam momentum:   10.0000000     GeV
 resulting sqrt(s):   72.117599099066553      GeV
 *********************************************
1****************** PYINIT: initialization of PYTHIA routines *****************
 ==== PYTHIA WILL USE LHAPDF ====
 *************************************
 *       LHAPDF Version 5.9.1        *
 *   Configured for the following:   *
 *             All PDFs              *
 *         FULL MEMORY option        *
 *    Maximum  3 concurrent set(s)   *
 *************************************

 >>>>>> PDF description: <<<<<<
 CTEQ6M                                                          
 Reference:                                                      
 J. Pumplin, D.R. Stump, J. Huston, H.L. Lai, P. Nadolsky,       
 W.K. Tung                                                       
 hep-ph/0201195                                                  
 This set has 41 member PDFs.                                    
     mem=0 --> central value (cteq6m)                            
     mem=1-40 --> 20 sets of +ve/-ve error values                
 >>>>>>                   <<<<<<

 ==============================================
 PDFset name /cvmfs/sft.cern.ch/lcg/external/lhapdfsets/5.9.1/share/PDFsets/cteq6mE.LHgrid   
 with         40 members
 ====  initialized. ===========================
 Strong coupling at Mz for PDF is:  0.11798

 ==============================================================================
 I                                                                            I
 I      PYTHIA will be initialized for gamma/e- on p+ user configuration      I
 I                                                                            I
 I                  px (GeV/c)   py (GeV/c)   pz (GeV/c)      E (GeV)         I
 I        gamma/e-       0.000        0.000      -10.000       10.000         I
 I        p+             0.000        0.000      130.000      130.003         I
 I                                                                            I
 I           corresponding to     72.118 GeV center-of-mass energy            I
 I                                                                            I
 ==============================================================================

 ******** PYMAXI: summary of differential cross-section maximum search ********

           ==========================================================
           I                                      I                 I
           I  ISUB  Subprocess name               I  Maximum value  I
           I                                      I                 I
           ==========================================================
           I                                      I                 I
           I   91   Elastic scattering            I    4.1710D-04   I
           I   92   Single diffractive (XB)       I    3.1940D-04   I
           I   93   Single diffractive (AX)       I    2.6141D-04   I
           I   94   Double  diffractive           I    2.4494D-04   I
           I   95   Low-pT scattering             I    1.9207D-03   I
           I   96   Semihard QCD 2 -> 2           I    1.7479D-02   I
           I                                      I                 I
           ==========================================================

 ******** PYMAXI: summary of differential cross-section maximum search ********

           ==========================================================
           I                                      I                 I
           I  ISUB  Subprocess name               I  Maximum value  I
           I                                      I                 I
           ==========================================================
           I                                      I                 I
           I  131   f + gamma*_T -> f + g         I    1.9221D-04   I
           I  132   f + gamma*_L -> f + g         I    9.2718D-06   I
           I  135   g + gamma*_T -> f + fbar      I    5.4466D-04   I
           I  136   g + gamma*_L -> f + fbar      I    8.8198D-05   I
           I                                      I                 I
           ==========================================================

 ******** PYMAXI: summary of differential cross-section maximum search ********

           ==========================================================
           I                                      I                 I
           I  ISUB  Subprocess name               I  Maximum value  I
           I                                      I                 I
           ==========================================================
           I                                      I                 I
           I   91   Elastic scattering            I    1.0588D-04   I
           I   92   Single diffractive (XB)       I    8.2750D-05   I
           I   93   Single diffractive (AX)       I    6.5818D-05   I
           I   94   Double  diffractive           I    6.3002D-05   I
           I   95   Low-pT scattering             I    5.2345D-04   I
           I   96   Semihard QCD 2 -> 2           I    1.1588D-02   I
           I                                      I                 I
           ==========================================================

 ******** PYMAXI: summary of differential cross-section maximum search ********

           ==========================================================
           I                                      I                 I
           I  ISUB  Subprocess name               I  Maximum value  I
           I                                      I                 I
           ==========================================================
           I                                      I                 I
           I   99   q + gamma* -> q               I    1.9857D-03   I
           I                                      I                 I
           ==========================================================

 ********************** PYINIT: initialization completed **********************
 the outputfile will be named: outfiles/ep_10x130_Q2_10_100_norad.out                                                                                                                                                                                                                          



                            Event listing (standard)

    I  particle/jet  K(I,1)   K(I,2) K(I,3)     K(I,4)      K(I,5)       P(I,1)       P(I,2)       P(I,3)       P(I,4)       P(I,5)

    1  !e-!              21        11    0           3           4      0.00000      0.00000    -10.00000     10.00000      0.00051
    2  !p+!              21      2212    0           5           0     -0.00000      0.00000    130.00000    130.00339      0.93827
 ==================================================================================================================================
    3  !e-!              21        11    1           0           0      2.22536      1.67387     -6.44730      7.02295      0.00051
    4  !gamma!           21        22    1           0           0     -2.22536     -1.67387     -3.55270      2.97705     -3.39306
    5  !p+!              21      2212    2           0           0     -0.00000     -0.00000    130.00000    130.00339      0.93827
    6  !gamma!           21        22    4           0           0     -2.22652     -1.67474     -3.55363      2.97951     -3.39306
    7  !ubar!            21        -2    5           0           0      0.00001      0.00001      0.88111      0.88111      0.00000
    8  !gamma!           21        22    6           0           0     -2.22652     -1.67474     -3.55363      2.97951     -3.39306
    9  !ubar!            21        -2    7           0           0      0.00001      0.00001      0.88111      0.88111      0.00000
   10  !ubar!            21        -2    9           0           0     -2.22651     -1.67473     -2.67251      3.86062      0.00000
 ==================================================================================================================================
   11  p+                 1      2212    5           0           0     -0.13590      0.22158     64.65264     64.65997      0.93827
   12  e-                 1        11    3           0           0      2.22536      1.67387     -6.44730      7.02295      0.00051
   13  (u)           A   12         2    5          16          16      0.68124     -0.06496     61.85792     61.86259      0.33000
   14  (g)           I   12        21   10          16          16     -1.65737     -2.43253      2.32766      3.75261      0.00000
   15  (ubar)        V   11        -2   10          16          16     -1.11332      0.60205     -2.39092      2.70527      0.00000
 ==================================================================================================================================
   16  (string)          11        92   13          17          29     -2.08946     -1.89545     61.79466     68.32046     29.00254
   17  (pi0)             11       111   16          30          31     -0.13029     -0.17518      5.44601      5.45206      0.13498
   18  (rho+)            11       213   16          32          33      0.23383      0.36980     19.91274     19.92802      0.64601
   19  (rho0)            11       113   16          34          35      0.56738      0.01292     22.33466     22.35615      0.79883
   20  (rho0)            11       113   16          36          37     -0.15328     -0.31833      5.93706      5.98863      0.70017
   21  (rho-)            11      -213   16          38          39     -0.24148     -0.29782      2.31772      2.49347      0.83581
   22  (eta')            11       331   16          40          41      0.02554     -0.26594      3.66785      3.80021      0.95766
   23  (eta)             11       221   16          42          44     -0.01022     -0.20440      1.59711      1.70069      0.54745
   24  (rho0)            11       113   16          45          46     -0.57701     -0.42781      0.25773      1.01690      0.67208
   25  (pi0)             11       111   16          47          48      0.13275      0.02780      0.65725      0.68453      0.13498
   26  p+                 1      2212   16           0           0      0.07428     -0.20235      0.32813      1.01710      0.93827
   27  nbar0              1     -2112   16           0           0     -1.27778     -0.27413      0.05432      1.61047      0.93957
   28  (K0)              11       311   16          49          49     -0.56972     -0.72461     -0.56692      1.19110      0.49767
   29  (K*-)             11      -323   16          50          51     -0.16346      0.58460     -0.14899      1.08113      0.88214
   30  gamma              1        22   17           0           0     -0.11914     -0.18277      5.39114      5.39555      0.00000
   31  gamma              1        22   17           0           0     -0.01115      0.00759      0.05488      0.05651      0.00000
   32  pi+                1       211   18           0           0      0.28510      0.42000      9.80490      9.81903      0.13957
   33  (pi0)             11       111   18          52          53     -0.05127     -0.05020     10.10783     10.10899      0.13498
   34  pi-                1      -211   19           0           0      0.53292      0.02273      7.29894      7.31973      0.13957
   35  pi+                1       211   19           0           0      0.03446     -0.00980     15.03573     15.03642      0.13957
   36  pi-                1      -211   20           0           0     -0.06470      0.09203      0.45938      0.49312      0.13957
   37  pi+                1       211   20           0           0     -0.08857     -0.41036      5.47768      5.49552      0.13957
   38  pi-                1      -211   21           0           0     -0.10740      0.25163      1.13099      1.17195      0.13957
   39  (pi0)             11       111   21          54          55     -0.13408     -0.54945      1.18673      1.32152      0.13498
   40  gamma              1        22   22           0           0      0.07927     -0.12293      0.51470      0.53508      0.00000
   41  (rho0)            11       113   22          56          57     -0.05373     -0.14301      3.15315      3.26513      0.83390
   42  (pi0)             11       111   23          58          59      0.04914     -0.13615      0.34768      0.40006      0.13498
   43  (pi0)             11       111   23          60          61      0.00685      0.05097      0.78402      0.79722      0.13498
   44  (pi0)             11       111   23          62          63     -0.06620     -0.11921      0.46541      0.50341      0.13498
   45  pi+                1       211   24           0           0     -0.32703     -0.32533     -0.15319      0.50570      0.13957
   46  pi-                1      -211   24           0           0     -0.24998     -0.10249      0.41092      0.51120      0.13957
   47  gamma              1        22   25           0           0      0.03842      0.07587      0.26980      0.28288      0.00000
   48  gamma              1        22   25           0           0      0.09433     -0.04806      0.38745      0.40165      0.00000
   49  K_L0               1       130   28           0           0     -0.56972     -0.72461     -0.56692      1.19110      0.49767
   50  K-                 1      -321   29           0           0      0.04317      0.26919     -0.31693      0.64685      0.49360
   51  (pi0)             11       111   29          64          65     -0.20663      0.31541      0.16794      0.43429      0.13498
   52  gamma              1        22   33           0           0     -0.02080     -0.05606      9.61194      9.61212      0.00000
   53  gamma              1        22   33           0           0     -0.03047      0.00586      0.49589      0.49686      0.00000
   54  gamma              1        22   39           0           0     -0.05982     -0.34057      0.85767      0.92475      0.00000
   55  gamma              1        22   39           0           0     -0.07427     -0.20889      0.32906      0.39677      0.00000
   56  pi-                1      -211   41           0           0     -0.26774     -0.28066      2.66908      2.70072      0.13957
   57  pi+                1       211   41           0           0      0.21401      0.13765      0.48407      0.56441      0.13957
   58  gamma              1        22   42           0           0      0.08069     -0.03057      0.17689      0.19682      0.00000
   59  gamma              1        22   42           0           0     -0.03155     -0.10558      0.17078      0.20325      0.00000
   60  gamma              1        22   43           0           0      0.06289      0.03890      0.59812      0.60267      0.00000
   61  gamma              1        22   43           0           0     -0.05605      0.01207      0.18590      0.19454      0.00000
   62  gamma              1        22   44           0           0     -0.08006     -0.12253      0.46669      0.48911      0.00000
   63  gamma              1        22   44           0           0      0.01386      0.00332     -0.00128      0.01431      0.00000
   64  gamma              1        22   51           0           0     -0.19614      0.22983      0.08320      0.31339      0.00000
   65  gamma              1        22   51           0           0     -0.01049      0.08558      0.08474      0.12089      0.00000
 ==================================================================================================================================
                   sum charge:  0.00   sum momentum and inv. mass:      0.00000     -0.00000    120.00000    140.00339     72.11760



                            Event listing (standard)

    I  particle/jet  K(I,1)   K(I,2) K(I,3)     K(I,4)      K(I,5)       P(I,1)       P(I,2)       P(I,3)       P(I,4)       P(I,5)

    1  !e-!              21        11    0           3           4      0.00000      0.00000    -10.00000     10.00000      0.00051
    2  !p+!              21      2212    0           5           0     -0.00000      0.00000    130.00000    130.00339      0.93827
 ==================================================================================================================================
    3  !e-!              21        11    1           0           0      3.58054      3.52394     -8.43398      9.81684      0.00051
    4  !gamma!           21        22    1           0           0     -3.58054     -3.52394     -1.56602      0.18316     -5.25903
    5  !p+!              21      2212    2           0           0     -0.00000     -0.00000    130.00000    130.00339      0.93827
    6  !gamma!           21        22    4           0           0     -3.58747     -3.53076     -1.53849      0.21408     -5.25903
    7  !u!               21         2    5           0           0      0.00042      0.00041      7.88883      7.88883      0.00000
    8  !gamma!           21        22    6           0           0     -3.58747     -3.53076     -1.53849      0.21408     -5.25903
    9  !u!               21         2    7           0           0      0.00042      0.00041      7.88883      7.88883      0.00000
   10  !u!               21         2    9           0           0     -3.58705     -3.53035      6.35034      8.10291      0.00000
 ==================================================================================================================================
   11  e-                 1        11    3           0           0      3.58054      3.52394     -8.43398      9.81684      0.00051
   12  (ud_0)        A   12      2101    5          15          15     -0.25895     -0.01438    119.04297    119.04466      0.57933
   13  (g)           I   12        21   10          15          15      0.17341     -0.08709      3.40882      3.41434      0.00000
   14  (u)           V   11         2   10          15          15     -3.49500     -3.42248      5.98218      7.72754      0.00000
 ==================================================================================================================================
   15  (string)          11        92   12          16          23     -3.58054     -3.52394    128.43398    130.18654     20.68844
   16  n0                 1      2112   15           0           0      0.11127      0.19118     52.61408     52.62293      0.93957
   17  (omega)           11       223   15          24          26      0.39496     -0.17874     21.87933     21.89727      0.77288
   18  pi+                1       211   15           0           0     -0.60334     -0.12257     28.93272     28.93960      0.13957
   19  (omega)           11       223   15          27          29     -0.27622     -0.28945      9.63666      9.67540      0.76681
   20  (Sigmabar0)       11     -3212   15          30          31     -0.08949      0.11486      5.76070      5.88465      1.19255
   21  (Sigma0)          11      3212   15          32          33     -0.40654     -0.24985      4.22328      4.41429      1.19255
   22  pi-                1      -211   15           0           0     -0.84502     -0.84801      1.93523      2.27986      0.13957
   23  pi+                1       211   15           0           0     -1.86616     -2.14136      3.45197      4.47254      0.13957
   24  pi-                1      -211   17           0           0      0.07986     -0.19780     10.97356     10.97652      0.13957
   25  pi+                1       211   17           0           0      0.25567     -0.14034      4.65987      4.67107      0.13957
   26  (pi0)             11       111   17          34          35      0.05943      0.15940      6.24590      6.24968      0.13498
   27  pi+                1       211   19           0           0     -0.31413     -0.08919      4.90796      4.92079      0.13957
   28  pi-                1      -211   19           0           0     -0.07718     -0.19776      1.52676      1.54776      0.13957
   29  (pi0)             11       111   19          36          37      0.11509     -0.00249      3.20194      3.20685      0.13498
   30  (Lambdabar0)      11     -3122   20          38          39     -0.10009      0.17516      5.57485      5.68897      1.11568
   31  gamma              1        22   20           0           0      0.01060     -0.06030      0.18586      0.19568      0.00000
   32  (Lambda0)         11      3122   21          40          41     -0.45970     -0.23702      4.05137      4.23389      1.11568
   33  gamma              1        22   21           0           0      0.05316     -0.01283      0.17191      0.18040      0.00000
   34  gamma              1        22   26           0           0     -0.01460      0.13978      4.09128      4.09369      0.00000
   35  gamma              1        22   26           0           0      0.07403      0.01962      2.15462      2.15599      0.00000
   36  gamma              1        22   29           0           0      0.12780      0.03333      2.80119      2.80430      0.00000
   37  gamma              1        22   29           0           0     -0.01271     -0.03582      0.40075      0.40255      0.00000
   38  pbar-              1     -2212   30           0           0     -0.09461      0.15306      4.22161      4.32836      0.93827
   39  pi+                1       211   30           0           0     -0.00548      0.02210      1.35324      1.36061      0.13957
   40  p+                 1      2212   32           0           0     -0.32446     -0.12588      3.44957      3.59180      0.93827
   41  pi-                1      -211   32           0           0     -0.13525     -0.11114      0.60180      0.64210      0.13957
 ==================================================================================================================================
                   sum charge:  0.00   sum momentum and inv. mass:     -0.00000     -0.00000    120.00000    140.00339     72.11760



                            Event listing (standard)

    I  particle/jet  K(I,1)   K(I,2) K(I,3)     K(I,4)      K(I,5)       P(I,1)       P(I,2)       P(I,3)       P(I,4)       P(I,5)

    1  !e-!              21        11    0           3           4      0.00000      0.00000    -10.00000     10.00000      0.00051
    2  !p+!              21      2212    0           5           0     -0.00000      0.00000    130.00000    130.00339      0.93827
 ==================================================================================================================================
    3  !e-!              21        11    1           0           0      3.30390      5.43484     -7.94569     10.17778      0.00051
    4  !gamma!           21        22    1           0           0     -3.30390     -5.43484     -2.05431     -0.17778     -6.68146
    5  !p+!              21      2212    2           0           0     -0.00000      0.00000    130.00000    130.00339      0.93827
    6  !gamma!           21        22    4           0           0     -3.30986     -5.44465     -2.01515     -0.13523     -6.68146
    7  !u!               21         2    5           0           0      0.00054      0.00090     11.86978     11.86978      0.00000
    8  !gamma!           21        22    6           0           0     -3.30986     -5.44465     -2.01515     -0.13523     -6.68146
    9  !u!               21         2    7           0           0      0.00054      0.00090     11.86978     11.86978      0.00000
   10  !u!               21         2    9           0           0     -3.30931     -5.44375      9.85463     11.73455      0.00000
 ==================================================================================================================================
   11  e-                 1        11    3           0           0      3.30390      5.43484     -7.94569     10.17778      0.00051
   12  (ud_0)        A   12      2101    5          16          16     -0.36775      0.25263    103.61106    103.61365      0.57933
   13  (g)           I   12        21   10          16          16      0.26701      0.79411      6.66906      6.72148      0.00000
   14  (g)           I   12        21   10          16          16     -0.13942      0.38268      0.15699      0.43649      0.00000
   15  (u)           V   11         2   10          16          16     -3.06374     -6.86426     17.50857     19.05399      0.00000
 ==================================================================================================================================
   16  (string)          11        92   12          17          26     -3.30390     -5.43484    127.94569    129.82561     21.07455
   17  p+                 1      2212   16           0           0      0.34439      0.04931     59.91802     59.92638      0.93827
   18  (omega)           11       223   16          27          29     -0.14525      0.62970     32.82192     32.83749      0.77766
   19  (pi0)             11       111   16          30          31     -1.05302     -0.18181      6.05393      6.14900      0.13498
   20  (K*-)             11      -323   16          32          33      0.30760      0.06685      4.60060      4.69403      0.87710
   21  (phi)             11       333   16          34          35      0.30107     -0.07074      5.35923      5.46359      1.01676
   22  (K0)              11       311   16          36          36     -0.26635     -0.80063      4.58933      4.69272      0.49767
   23  (K*bar0)          11      -313   16          37          38     -0.45839     -0.13953      2.57700      2.77632      0.91510
   24  K+                 1       321   16           0           0     -0.64293     -1.08399      3.15918      3.43692      0.49360
   25  (pi0)             11       111   16          39          40     -1.34751     -2.58130      6.08468      6.74689      0.13498
   26  (pi0)             11       111   16          41          42     -0.34351     -1.32271      2.78179      3.10228      0.13498
   27  pi+                1       211   18           0           0      0.09517      0.36071     15.39187     15.39702      0.13957
   28  pi-                1      -211   18           0           0      0.08443      0.01546      3.82107      3.82459      0.13957
   29  (pi0)             11       111   18          43          44     -0.32486      0.25354     13.60898     13.61588      0.13498
   30  gamma              1        22   19           0           0     -0.85488     -0.19390      4.78393      4.86358      0.00000
   31  gamma              1        22   19           0           0     -0.19814      0.01208      1.27001      1.28543      0.00000
   32  K-                 1      -321   20           0           0      0.05130      0.28215      2.78613      2.84401      0.49360
   33  (pi0)             11       111   20          45          46      0.25630     -0.21530      1.81447      1.85002      0.13498
   34  K_L0               1       130   21           0           0      0.18014     -0.05456      3.23272      3.27622      0.49767
   35  (K_S0)            11       310   21          47          48      0.12094     -0.01617      2.12651      2.18737      0.49767
   36  K_L0               1       130   22           0           0     -0.26635     -0.80063      4.58933      4.69272      0.49767
   37  K-                 1      -321   23           0           0     -0.00935     -0.01254      1.73155      1.80060      0.49360
   38  pi+                1       211   23           0           0     -0.44903     -0.12699      0.84545      0.97572      0.13957
   39  gamma              1        22   25           0           0     -1.18771     -2.34958      5.44924      6.05189      0.00000
   40  gamma              1        22   25           0           0     -0.15980     -0.23173      0.63545      0.69500      0.00000
   41  gamma              1        22   26           0           0     -0.11567     -0.37537      0.67221      0.77855      0.00000
   42  gamma              1        22   26           0           0     -0.22784     -0.94734      2.10958      2.32372      0.00000
   43  gamma              1        22   29           0           0     -0.30589      0.21316     10.55863     10.56521      0.00000
   44  gamma              1        22   29           0           0     -0.01897      0.04038      3.05034      3.05067      0.00000
   45  gamma              1        22   33           0           0      0.00456     -0.03539      0.42580      0.42730      0.00000
   46  gamma              1        22   33           0           0      0.25174     -0.17992      1.38867      1.42272      0.00000
   47  (pi0)             11       111   35          49          50     -0.10214      0.12245      0.69484      0.72557      0.13498
   48  (pi0)             11       111   35          51          52      0.22307     -0.13863      1.43167      1.46181      0.13498
   49  gamma              1        22   47           0           0     -0.06021      0.12137      0.30825      0.33671      0.00000
   50  gamma              1        22   47           0           0     -0.04193      0.00109      0.38659      0.38885      0.00000
   51  gamma              1        22   48           0           0      0.16383     -0.16163      1.18024      1.20246      0.00000
   52  gamma              1        22   48           0           0      0.05924      0.02301      0.25144      0.25934      0.00000
 ==================================================================================================================================
                   sum charge:  0.00   sum momentum and inv. mass:     -0.00000     -0.00000    120.00000    140.00339     72.11760



                            Event listing (standard)

    I  particle/jet  K(I,1)   K(I,2) K(I,3)     K(I,4)      K(I,5)       P(I,1)       P(I,2)       P(I,3)       P(I,4)       P(I,5)

    1  !e-!              21        11    0           3           4      0.00000      0.00000    -10.00000     10.00000      0.00051
    2  !p+!              21      2212    0           5           0     -0.00000      0.00000    130.00000    130.00339      0.93827
 ==================================================================================================================================
    3  !e-!              21        11    1           0           0     -4.40781      0.85924     -6.59230      7.97656      0.00051
    4  !gamma!           21        22    1           0           0      4.40781     -0.85924     -3.40770      2.02344     -5.26167
    5  !p+!              21      2212    2           0           0     -0.00000      0.00000    130.00000    130.00339      0.93827
    6  !gamma!           21        22    4           0           0      4.41056     -0.85977     -3.40665      2.02788     -5.26167
    7  !dbar!            21        -1    5           0           0     -0.00005      0.00001      2.54711      2.54711      0.00000
    8  !gamma!           21        22    6           0           0      4.41056     -0.85977     -3.40665      2.02788     -5.26167
    9  !dbar!            21        -1    7           0           0     -0.00005      0.00001      2.54711      2.54711      0.00000
   10  !dbar!            21        -1    9           0           0      4.41050     -0.85976     -0.85953      4.57499      0.00000
 ==================================================================================================================================
   11  n0                 1      2112    5           0           0      0.53360     -0.56910    109.43438    109.44120      0.93957
   12  e-                 1        11    3           0           0     -4.40781      0.85924     -6.59230      7.97656      0.00051
   13  (u)           A   12         2    5          19          19      0.18527      0.15949     16.05717     16.06242      0.33000
   14  (g)           I   12        21   10          19          19      1.15833     -0.88297     -0.28946      1.48497      0.00000
   15  (g)           I   12        21   10          19          19     -0.02850     -0.99737      1.03161      1.43519      0.00000
   16  (g)           I   12        21   10          19          19      0.60419      0.02550      0.46561      0.76321      0.00000
   17  (g)           I   12        21   10          19          19      1.32396      0.25011     -0.54392      1.45303      0.00000
   18  (dbar)        V   11        -1   10          19          19      0.63095      1.15510      0.43690      1.38681      0.00000
 ==================================================================================================================================
   19  (string)          11        92   13          20          29      3.87421     -0.29014     17.15792     22.58563     14.16414
   20  pi+                1       211   19           0           0      0.05748      0.48634      8.41936      8.43475      0.13957
   21  pi-                1      -211   19           0           0      0.55202     -0.20914      3.00621      3.06680      0.13957
   22  pi+                1       211   19           0           0      0.00581     -0.10980      0.15085      0.23307      0.13957
   23  (K0)              11       311   19          30          30     -0.15740     -0.00533      2.47993      2.53428      0.49767
   24  (Sigma*0)         11      3214   19          31          32      0.58597     -0.86032      1.49794      2.30009      1.40109
   25  (Deltabar-)       11     -2214   19          33          34      0.36753      0.21399      0.53842      1.38623      1.20453
   26  pi+                1       211   19           0           0      0.90076     -1.16642      0.69029      1.63336      0.13957
   27  pi-                1      -211   19           0           0      0.20431      0.63160      0.12995      0.69067      0.13957
   28  pi+                1       211   19           0           0     -0.26944      0.32066      0.10099      0.45288      0.13957
   29  (omega)           11       223   19          35          37      1.62718      0.40829      0.14397      1.85350      0.77481
   30  K_L0               1       130   23           0           0     -0.15740     -0.00533      2.47993      2.53428      0.49767
   31  (Lambda0)         11      3122   24          38          39      0.67278     -0.88213      1.27841      2.02728      1.11568
   32  (pi0)             11       111   24          40          41     -0.08681      0.02181      0.21952      0.27280      0.13498
   33  pbar-              1     -2212   25           0           0      0.42311      0.30990      0.55689      1.21059      0.93827
   34  (pi0)             11       111   25          42          43     -0.05558     -0.09591     -0.01847      0.17564      0.13498
   35  pi+                1       211   29           0           0      0.17950      0.10153      0.13846      0.28492      0.13957
   36  pi-                1      -211   29           0           0      0.92246      0.39715     -0.05515      1.01547      0.13957
   37  (pi0)             11       111   29          44          45      0.52522     -0.09039      0.06066      0.55311      0.13498
   38  p+                 1      2212   31           0           0      0.52395     -0.65545      1.11340      1.68052      0.93827
   39  pi-                1      -211   31           0           0      0.14883     -0.22668      0.16502      0.34677      0.13957
   40  gamma              1        22   32           0           0      0.00906     -0.01939     -0.00771      0.02275      0.00000
   41  gamma              1        22   32           0           0     -0.09587      0.04120      0.22724      0.25005      0.00000
   42  gamma              1        22   34           0           0     -0.08081     -0.06615     -0.05853      0.11972      0.00000
   43  gamma              1        22   34           0           0      0.02523     -0.02977      0.04006      0.05592      0.00000
   44  gamma              1        22   37           0           0     -0.00520     -0.01206     -0.00196      0.01328      0.00000
   45  gamma              1        22   37           0           0      0.53043     -0.07833      0.06263      0.53983      0.00000
 ==================================================================================================================================
                   sum charge:  0.00   sum momentum and inv. mass:      0.00000      0.00000    120.00000    140.00339     72.11760



                            Event listing (standard)

    I  particle/jet  K(I,1)   K(I,2) K(I,3)     K(I,4)      K(I,5)       P(I,1)       P(I,2)       P(I,3)       P(I,4)       P(I,5)

    1  !e-!              21        11    0           3           4      0.00000      0.00000    -10.00000     10.00000      0.00051
    2  !p+!              21      2212    0           5           0     -0.00000      0.00000    130.00000    130.00339      0.93827
 ==================================================================================================================================
    3  !e-!              21        11    1           0           0      2.41166      2.09023     -9.02302      9.57079      0.00051
    4  !gamma!           21        22    1           0           0     -2.41166     -2.09023     -0.97698      0.42921     -3.30990
    5  !p+!              21      2212    2           0           0     -0.00000     -0.00000    130.00000    130.00339      0.93827
    6  !gamma!           21        22    4           0           0     -2.41746     -2.09526     -0.96060      0.44898     -3.30990
    7  !u!               21         2    5           0           0      0.00017      0.00015      3.88554      3.88554      0.00000
    8  !gamma!           21        22    6           0           0     -2.41746     -2.09526     -0.96060      0.44898     -3.30990
    9  !u!               21         2    7           0           0      0.00017      0.00015      3.88554      3.88554      0.00000
   10  !u!               21         2    9           0           0     -2.41729     -2.09511      2.92493      4.33451      0.00000
 ==================================================================================================================================
   11  e-                 1        11    3           0           0      2.41166      2.09023     -9.02302      9.57079      0.00051
   12  (ud_1)        A   12      2103    5          17          17     -0.02044      0.04066    112.52408    112.52673      0.77133
   13  (g)           I   12        21   10          17          17      0.21094     -0.36527      0.32484      0.53239      0.00000
   14  (g)           I   12        21   10          17          17     -1.52521     -1.26701      4.19290      4.63810      0.00000
   15  (g)           I   12        21   10          17          17     -1.34927     -1.95617      9.89214     10.17357      0.00000
   16  (u)           V   11         2   10          17          17      0.27232      1.45757      2.08906      2.56180      0.00000
 ==================================================================================================================================
   17  (string)          11        92   12          18          26     -2.41166     -2.09023    129.02302    130.43260     18.85572
   18  (Delta0)          11      2114   17          27          28      0.47900     -0.11431     38.54417     38.57040      1.33430
   19  (omega)           11       223   17          29          31     -0.19629      0.22469     45.42256     45.42987      0.75860
   20  (eta)             11       221   17          32          34     -0.41475     -0.53459     21.15246     21.17036      0.54745
   21  (Sigma*bar0)      11     -3214   17          35          36     -0.98016     -1.29287      7.08181      7.40029      1.40714
   22  (Xi*0)            11      3324   17          37          38      0.03798     -0.05176      8.23714      8.37514      1.51271
   23  (K*0)             11       313   17          39          40     -0.70633     -0.53951      1.70916      2.12627      0.89991
   24  (Kbar0)           11      -311   17          41          41      0.08590      0.58093      1.14458      1.37935      0.49767
   25  (K*0)             11       313   17          42          43     -0.91228     -0.23159      5.37754      5.53386      0.90539
   26  pi+                1       211   17           0           0      0.19528     -0.13122      0.35360      0.44706      0.13957
   27  n0                 1      2112   18           0           0      0.46674      0.20241     27.12188     27.14292      0.93957
   28  (pi0)             11       111   18          44          45      0.01226     -0.31673     11.42229     11.42748      0.13498
   29  pi+                1       211   19           0           0     -0.17200      0.29808     18.95329     18.95693      0.13957
   30  pi-                1      -211   19           0           0      0.10146     -0.07158     20.44115     20.44200      0.13957
   31  (pi0)             11       111   19          46          47     -0.12575     -0.00181      6.02812      6.03094      0.13498
   32  gamma              1        22   20           0           0     -0.15651     -0.10876      3.48923      3.49443      0.00000
   33  pi+                1       211   20           0           0     -0.31453     -0.30140     14.02753     14.03499      0.13957
   34  pi-                1      -211   20           0           0      0.05629     -0.12443      3.63569      3.64093      0.13957
   35  (Lambdabar0)      11     -3122   21          48          49     -1.01912     -1.07436      6.56606      6.82281      1.11568
   36  (pi0)             11       111   21          50          51      0.03896     -0.21852      0.51576      0.57749      0.13498
   37  (Xi-)             11      3312   22          52          53      0.04854      0.07625      7.19774      7.31857      1.32130
   38  pi+                1       211   22           0           0     -0.01056     -0.12801      1.03940      1.05657      0.13957
   39  (K0)              11       311   23          54          54     -0.31167     -0.60405      1.16171      1.43501      0.49767
   40  (pi0)             11       111   23          55          56     -0.39466      0.06454      0.54745      0.69126      0.13498
   41  K_L0               1       130   24           0           0      0.08590      0.58093      1.14458      1.37935      0.49767
   42  K+                 1       321   25           0           0     -0.73237      0.05333      2.97486      3.10364      0.49360
   43  pi-                1      -211   25           0           0     -0.17991     -0.28492      2.40269      2.43021      0.13957
   44  gamma              1        22   28           0           0      0.03233     -0.16042      3.74060      3.74417      0.00000
   45  gamma              1        22   28           0           0     -0.02007     -0.15631      7.68169      7.68331      0.00000
   46  gamma              1        22   31           0           0     -0.11469     -0.03740      2.78828      2.79089      0.00000
   47  gamma              1        22   31           0           0     -0.01107      0.03559      3.23984      3.24006      0.00000
   48  pbar-              1     -2212   35           0           0     -0.76702     -0.94048      5.56304      5.77067      0.93827
   49  pi+                1       211   35           0           0     -0.25210     -0.13388      1.00301      1.05213      0.13957
   50  gamma              1        22   36           0           0      0.03062     -0.22684      0.39790      0.45905      0.00000
   51  gamma              1        22   36           0           0      0.00834      0.00833      0.11786      0.11844      0.00000
   52  (Lambda0)         11      3122   37          57          58     -0.07789      0.11225      6.41218      6.50995      1.11568
   53  pi-                1      -211   37           0           0      0.12643     -0.03599      0.78556      0.80862      0.13957
   54  K_L0               1       130   39           0           0     -0.31167     -0.60405      1.16171      1.43501      0.49767
   55  gamma              1        22   40           0           0     -0.23275      0.02683      0.42317      0.48370      0.00000
   56  gamma              1        22   40           0           0     -0.16191      0.03771      0.12428      0.20756      0.00000
   57  p+                 1      2212   52           0           0     -0.09256      0.08157      4.87008      4.96117      0.93827
   58  pi-                1      -211   52           0           0      0.01467      0.03067      1.54210      1.54878      0.13957
 ==================================================================================================================================
                   sum charge:  0.00   sum momentum and inv. mass:     -0.00000     -0.00000    120.00000    140.00339     72.11760



                            Event listing (standard)

    I  particle/jet  K(I,1)   K(I,2) K(I,3)     K(I,4)      K(I,5)       P(I,1)       P(I,2)       P(I,3)       P(I,4)       P(I,5)

    1  !e-!              21        11    0           3           4      0.00000      0.00000    -10.00000     10.00000      0.00051
    2  !p+!              21      2212    0           5           0     -0.00000      0.00000    130.00000    130.00339      0.93827
 ==================================================================================================================================
    3  !e-!              21        11    1           0           0      1.18329     -0.40778     -1.11145      1.67385      0.00051
    4  !gamma!           21        22    1           0           0     -1.18329      0.40778     -8.88855      8.32615     -3.35382
    5  !p+!              21      2212    2           0           0     -0.00000     -0.00000    130.00000    130.00339      0.93827
    6  !gamma!           21        22    4           0           0     -1.18352      0.40786     -8.89017      8.32792     -3.35382
    7  !ubar!            21        -2    5           0           0      0.00000     -0.00000      0.32664      0.32664      0.00000
    8  !gamma!           21        22    6           0           0     -1.18352      0.40786     -8.89017      8.32792     -3.35382
    9  !ubar!            21        -2    7           0           0      0.00000     -0.00000      0.32664      0.32664      0.00000
   10  !ubar!            21        -2    9           0           0     -1.18352      0.40786     -8.56354      8.65455      0.00000
 ==================================================================================================================================
   11  (Delta++)         11      2224    5          19          20      0.03534     -0.24533     69.37570     69.38591      1.16437
   12  gamma              1        22   10           0           0      0.04613      0.02236     -0.03555      0.06238      0.00000
   13  e-                 1        11    3           0           0      1.18329     -0.40778     -1.11145      1.67385      0.00051
   14  (d)           A   12         1    5          21          21      0.12008      0.58408     59.22609     59.23002      0.33000
   15  (g)           I   12        21   10          21          21      0.16190     -0.11299      0.20810      0.28685      0.00000
   16  (g)           I   12        21   10          21          21      0.49523     -0.53216      0.20975      0.75660      0.00000
   17  (g)           I   12        21   10          21          21      0.53434      0.61033     -1.14481      1.40307      0.00000
   18  (ubar)        V   11        -2   10          21          21     -2.57631      0.08149     -6.72784      7.20471      0.00000
 ==================================================================================================================================
   19  p+                 1      2212   11           0           0      0.14585     -0.10168     58.65021     58.65799      0.93827
   20  pi+                1       211   11           0           0     -0.11050     -0.14365     10.72548     10.72792      0.13957
   21  (string)          11        92   14          22          32     -1.26476      0.63075     51.77129     68.88124     45.41323
   22  n0                 1      2112   21           0           0     -0.12418      0.15501     14.52298     14.55469      0.93957
   23  pbar-              1     -2212   21           0           0      0.03122      0.61250     39.32142     39.33740      0.93827
   24  (rho0)            11       113   21          33          34      0.53141     -0.55581      4.45481      4.57991      0.73414
   25  pi+                1       211   21           0           0      0.24576      0.28825      0.61919      0.73916      0.13957
   26  (eta)             11       221   21          35          37      0.00304     -0.13245     -0.01063      0.56335      0.54745
   27  (rho-)            11      -213   21          38          39     -0.39199      0.17069     -0.13299      0.91162      0.79408
   28  pi+                1       211   21           0           0     -0.33608      0.13723     -1.44161      1.49315      0.13957
   29  (omega)           11       223   21          40          41      0.48140     -0.24338     -0.54538      1.10075      0.78945
   30  (pi0)             11       111   21          42          43     -0.62952     -0.07986     -0.46734      0.79956      0.13498
   31  pi-                1      -211   21           0           0     -0.17884      0.35501     -2.78302      2.81473      0.13957
   32  (pi0)             11       111   21          44          45     -0.89699     -0.07643     -1.76613      1.98693      0.13498
   33  pi+                1       211   24           0           0      0.26420     -0.52251      1.60748      1.71648      0.13957
   34  pi-                1      -211   24           0           0      0.26721     -0.03330      2.84733      2.86343      0.13957
   35  (pi0)             11       111   26          46          47      0.05147     -0.06540     -0.12170      0.19990      0.13498
   36  (pi0)             11       111   26          48          49     -0.05017     -0.10352     -0.01121      0.17770      0.13498
   37  (pi0)             11       111   26          50          51      0.00173      0.03647      0.12228      0.18576      0.13498
   38  pi-                1      -211   27           0           0      0.16481      0.10190     -0.22403      0.32744      0.13957
   39  (pi0)             11       111   27          52          53     -0.55680      0.06879      0.09104      0.58418      0.13498
   40  gamma              1        22   29           0           0      0.61130     -0.17179     -0.61933      0.88700      0.00000
   41  (pi0)             11       111   29          54          55     -0.12990     -0.07158      0.07395      0.21374      0.13498
   42  gamma              1        22   30           0           0     -0.58079     -0.09855     -0.39084      0.70695      0.00000
   43  gamma              1        22   30           0           0     -0.04873      0.01869     -0.07650      0.09261      0.00000
   44  gamma              1        22   32           0           0     -0.61554     -0.11387     -1.24168      1.39055      0.00000
   45  gamma              1        22   32           0           0     -0.28146      0.03744     -0.52445      0.59638      0.00000
   46  gamma              1        22   35           0           0      0.01404     -0.06470     -0.14246      0.15709      0.00000
   47  gamma              1        22   35           0           0      0.03743     -0.00070      0.02075      0.04280      0.00000
   48  gamma              1        22   36           0           0      0.00959      0.02970     -0.00462      0.03155      0.00000
   49  gamma              1        22   36           0           0     -0.05976     -0.13322     -0.00659      0.14615      0.00000
   50  gamma              1        22   37           0           0      0.02759      0.00822      0.14045      0.14337      0.00000
   51  gamma              1        22   37           0           0     -0.02586      0.02825     -0.01817      0.04239      0.00000
   52  gamma              1        22   39           0           0     -0.41300      0.07389      0.12213      0.43697      0.00000
   53  gamma              1        22   39           0           0     -0.14379     -0.00510     -0.03108      0.14720      0.00000
   54  gamma              1        22   41           0           0     -0.13949     -0.04245      0.09722      0.17524      0.00000
   55  gamma              1        22   41           0           0      0.00958     -0.02913     -0.02327      0.03850      0.00000
 ==================================================================================================================================
                   sum charge:  0.00   sum momentum and inv. mass:     -0.00000      0.00000    120.00000    140.00339     72.11760



                            Event listing (standard)

    I  particle/jet  K(I,1)   K(I,2) K(I,3)     K(I,4)      K(I,5)       P(I,1)       P(I,2)       P(I,3)       P(I,4)       P(I,5)

    1  !e-!              21        11    0           3           4      0.00000      0.00000    -10.00000     10.00000      0.00051
    2  !p+!              21      2212    0           5           0     -0.00000      0.00000    130.00000    130.00339      0.93827
 ==================================================================================================================================
    3  !e-!              21        11    1           0           0     -2.52036     -2.17024     -9.55183     10.11432      0.00051
    4  !gamma!           21        22    1           0           0      2.52036      2.17024     -0.44817     -0.11432     -3.35409
    5  !p+!              21      2212    2           0           0      0.00000      0.00000    130.00000    130.00339      0.93827
    6  !gamma!           21        22    4           0           0      2.54582      2.19216     -0.11397      0.22326     -3.35409
    7  !u!               21         2    5           0           0     -0.00327     -0.00281     16.63703     16.63704      0.00000
    8  !gamma!           21        22    6           0           0      2.54582      2.19216     -0.11397      0.22326     -3.35409
    9  !u!               21         2    7           0           0     -0.00327     -0.00281     16.63703     16.63704      0.00000
   10  !u!               21         2    9           0           0      2.54255      2.18935     16.52306     16.86029      0.00000
 ==================================================================================================================================
   11  e-                 1        11    3           0           0     -2.52036     -2.17024     -9.55183     10.11432      0.00051
   12  (ud_0)        A   12      2101    5          16          16      0.01091     -0.31513    105.73856    105.74062      0.57933
   13  (g)           I   12        21   10          16          16      0.36026      0.43387      7.69874      7.71937      0.00000
   14  (g)           I   12        21   10          16          16      0.34187      0.96128      3.78038      3.91564      0.00000
   15  (u)           V   11         2   10          16          16      1.80731      1.09022     12.33414     12.51343      0.00000
 ==================================================================================================================================
   16  (string)          11        92   12          17          21      2.52036      2.17024    129.55183    129.88906      8.74242
   17  n0                 1      2112   16           0           0     -0.17625      0.10713     55.74467     55.75297      0.93957
   18  (omega)           11       223   16          22          24     -0.04178     -0.12137     47.97830     47.98482      0.78007
   19  (pi0)             11       111   16          25          26      1.07051      0.78419      5.61790      5.77407      0.13498
   20  (pi0)             11       111   16          27          28      0.61228      0.07409      7.03973      7.06799      0.13498
   21  (rho+)            11       213   16          29          30      1.05561      1.32620     13.17122     13.30921      0.88372
   22  pi-                1      -211   18           0           0     -0.15292      0.06841     24.32616     24.32714      0.13957
   23  pi+                1       211   18           0           0      0.04389     -0.07934      2.94965      2.95435      0.13957
   24  (pi0)             11       111   18          31          32      0.06725     -0.11044     20.70249     20.70333      0.13498
   25  gamma              1        22   19           0           0      0.69515      0.45439      3.71203      3.80379      0.00000
   26  gamma              1        22   19           0           0      0.37536      0.32980      1.90587      1.97028      0.00000
   27  gamma              1        22   20           0           0      0.41701     -0.00605      4.32586      4.34592      0.00000
   28  gamma              1        22   20           0           0      0.19526      0.08015      2.71387      2.72207      0.00000
   29  pi+                1       211   21           0           0      0.50380      0.06857      3.25416      3.29660      0.13957
   30  (pi0)             11       111   21          33          34      0.55181      1.25763      9.91706     10.01261      0.13498
   31  gamma              1        22   24           0           0     -0.04047     -0.04307      5.73072      5.73103      0.00000
   32  gamma              1        22   24           0           0      0.10772     -0.06738     14.97177     14.97231      0.00000
   33  gamma              1        22   30           0           0      0.07722      0.31513      2.24700      2.27031      0.00000
   34  gamma              1        22   30           0           0      0.47458      0.94250      7.67006      7.74231      0.00000
 ==================================================================================================================================
                   sum charge:  0.00   sum momentum and inv. mass:      0.00000      0.00000    120.00000    140.00339     72.11760



                            Event listing (standard)

    I  particle/jet  K(I,1)   K(I,2) K(I,3)     K(I,4)      K(I,5)       P(I,1)       P(I,2)       P(I,3)       P(I,4)       P(I,5)

    1  !e-!              21        11    0           3           4      0.00000      0.00000    -10.00000     10.00000      0.00051
    2  !p+!              21      2212    0           5           0     -0.00000      0.00000    130.00000    130.00339      0.93827
 ==================================================================================================================================
    3  !e-!              21        11    1           0           0      1.61291      2.30476     -5.68601      6.34383      0.00051
    4  !gamma!           21        22    1           0           0     -1.61291     -2.30476     -4.31399      3.65617     -3.62716
    5  !p+!              21      2212    2           0           0     -0.00000      0.00000    130.00000    130.00339      0.93827
    6  !gamma!           21        22    4           0           0     -1.61360     -2.30574     -4.31512      3.65842     -3.62716
    7  !ubar!            21        -2    5           0           0      0.00000      0.00001      0.82500      0.82500      0.00000
    8  !gamma!           21        22    6           0           0     -1.61360     -2.30574     -4.31512      3.65842     -3.62716
    9  !ubar!            21        -2    7           0           0      0.00000      0.00001      0.82500      0.82500      0.00000
   10  !ubar!            21        -2    9           0           0     -1.61359     -2.30574     -3.49012      4.48342      0.00000
 ==================================================================================================================================
   11  p+                 1      2212    5           0           0      0.35489      0.12228     19.62376     19.64976      0.93827
   12  e-                 1        11    3           0           0      1.61291      2.30476     -5.68601      6.34383      0.00051
   13  (u)           A   12         2    5          18          18     -0.19778     -0.55791    108.37325    108.37537      0.33000
   14  (g)           I   12        21   10          18          18      0.14772      0.02891      0.38135      0.40998      0.00000
   15  (g)           I   12        21   10          18          18     -1.56177     -0.10828      0.07715      1.56742      0.00000
   16  (g)           I   12        21   10          18          18     -0.40197      0.15680     -0.38231      0.57648      0.00000
   17  (ubar)        V   11        -2   10          18          18      0.04599     -1.94656     -2.38718      3.08055      0.00000
 ==================================================================================================================================
   18  (string)          11        92   13          19          29     -1.96781     -2.42705    106.06225    114.00979     41.70453
   19  pi+                1       211   18           0           0     -0.59658      0.40101     55.29571     55.30056      0.13957
   20  (omega)           11       223   18          30          32      0.77693     -0.76750     26.77071     26.80477      0.79508
   21  (K*0)             11       313   18          33          34     -0.71110     -0.21262     23.03015     23.05944      0.89381
   22  (K*bar0)          11      -313   18          35          36     -0.27828      0.13487      1.84856      2.06943      0.87733
   23  (rho-)            11      -213   18          37          38     -0.49768     -0.22813      0.14184      1.01384      0.84145
   24  (rho0)            11       113   18          39          40      0.21549     -0.23200      0.97117      1.27964      0.77075
   25  (rho+)            11       213   18          41          42     -0.35020     -0.02665      0.22432      0.92296      0.82352
   26  pi-                1      -211   18           0           0      0.23709      0.22835     -0.11193      0.37465      0.13957
   27  (eta)             11       221   18          43          44     -0.44924     -0.22918     -0.50912      0.90180      0.54745
   28  pi+                1       211   18           0           0     -0.12576     -0.66082     -1.05614      1.25993      0.13957
   29  pi-                1      -211   18           0           0     -0.18849     -0.83437     -0.54302      1.02277      0.13957
   30  pi-                1      -211   20           0           0      0.52182     -0.48064     14.86746     14.88503      0.13957
   31  pi+                1       211   20           0           0      0.07739     -0.28706      9.62097      9.62658      0.13957
   32  (pi0)             11       111   20          45          46      0.17772      0.00020      2.28228      2.29316      0.13498
   33  K+                 1       321   21           0           0     -0.54920     -0.01187     10.53888     10.56472      0.49360
   34  pi-                1      -211   21           0           0     -0.16189     -0.20075     12.49127     12.49471      0.13957
   35  K-                 1      -321   22           0           0      0.01135     -0.02913      1.44854      1.53065      0.49360
   36  pi+                1       211   22           0           0     -0.28963      0.16400      0.40002      0.53878      0.13957
   37  pi-                1      -211   23           0           0     -0.38851      0.24980      0.15003      0.50530      0.13957
   38  (pi0)             11       111   23          47          48     -0.10917     -0.47793     -0.00819      0.50855      0.13498
   39  pi+                1       211   24           0           0      0.46818     -0.19225      0.49604      0.72228      0.13957
   40  pi-                1      -211   24           0           0     -0.25268     -0.03975      0.47513      0.55736      0.13957
   41  pi+                1       211   25           0           0     -0.05754      0.28213     -0.13761      0.34832      0.13957
   42  (pi0)             11       111   25          49          50     -0.29266     -0.30878      0.36194      0.57464      0.13498
   43  gamma              1        22   27           0           0      0.00537     -0.27715     -0.12235      0.30300      0.00000
   44  gamma              1        22   27           0           0     -0.45461      0.04796     -0.38677      0.59880      0.00000
   45  gamma              1        22   32           0           0      0.04732     -0.00359      0.16025      0.16713      0.00000
   46  gamma              1        22   32           0           0      0.13040      0.00379      2.12203      2.12604      0.00000
   47  gamma              1        22   38           0           0      0.02801     -0.13360     -0.01853      0.13776      0.00000
   48  gamma              1        22   38           0           0     -0.13718     -0.34433      0.01034      0.37079      0.00000
   49  gamma              1        22   42           0           0     -0.04664     -0.01705      0.00144      0.04968      0.00000
   50  gamma              1        22   42           0           0     -0.24602     -0.29172      0.36049      0.52496      0.00000
 ==================================================================================================================================
                   sum charge:  0.00   sum momentum and inv. mass:     -0.00000     -0.00000    120.00000    140.00339     72.11760



                            Event listing (standard)

    I  particle/jet  K(I,1)   K(I,2) K(I,3)     K(I,4)      K(I,5)       P(I,1)       P(I,2)       P(I,3)       P(I,4)       P(I,5)

    1  !e-!              21        11    0           3           4      0.00000      0.00000    -10.00000     10.00000      0.00051
    2  !p+!              21      2212    0           5           0     -0.00000      0.00000    130.00000    130.00339      0.93827
 ==================================================================================================================================
    3  !e-!              21        11    1           0           0     -0.05383     -5.13564     -8.76238     10.15662      0.00051
    4  !gamma!           21        22    1           0           0      0.05383      5.13564     -1.23762     -0.15662     -5.28061
    5  !p+!              21      2212    2           0           0     -0.00000      0.00000    130.00000    130.00339      0.93827
    6  !gamma!           21        22    4           0           0      0.05399      5.15171     -1.16090     -0.07651     -5.28061
    7  !d!               21         1    5           0           0     -0.00002     -0.00159     12.84990     12.84990      0.00000
    8  !gamma!           21        22    6           0           0      0.05399      5.15171     -1.16090     -0.07651     -5.28061
    9  !d!               21         1    7           0           0     -0.00002     -0.00159     12.84990     12.84990      0.00000
   10  !d!               21         1    9           0           0      0.05398      5.15012     11.68900     12.77339      0.00000
 ==================================================================================================================================
   11  e-                 1        11    3           0           0     -0.05383     -5.13564     -8.76238     10.15662      0.00051
   12  (uu_1)        A   12      2203    5          15          15      0.01818     -0.15651    113.37871    113.38144      0.77133
   13  (g)           I   12        21   10          15          15     -1.01810      3.94359     12.02014     12.69142      0.00000
   14  (d)           V   11         1   10          15          15      1.05374      1.34856      3.36353      3.77390      0.00000
 ==================================================================================================================================
   15  (string)          11        92   12          16          23      0.05383      5.13564    128.76238    129.84676     15.93908
   16  (Delta++)         11      2224   15          24          25     -0.09992     -0.49327     77.75631     77.76764      1.22833
   17  (omega)           11       223   15          26          28      0.22275      0.46638     17.31249     17.33791      0.78328
   18  pi-                1      -211   15           0           0      0.22422     -0.25205      1.68755      1.72659      0.13957
   19  (Kbar0)           11      -311   15          29          29     -0.13971      0.91803     13.54458     13.58549      0.49767
   20  K+                 1       321   15           0           0     -0.70755      1.02531      4.36021      4.56146      0.49360
   21  K-                 1      -321   15           0           0      0.40027      0.77561      3.68106      3.81519      0.49360
   22  (Lambdabar0)      11     -3122   15          30          31      0.48057      0.58814      3.55830      3.80567      1.11568
   23  n0                 1      2112   15           0           0     -0.32680      2.10748      6.86187      7.24681      0.93957
   24  p+                 1      2212   16           0           0      0.07589     -0.49293     70.05852     70.06658      0.93827
   25  pi+                1       211   16           0           0     -0.17581     -0.00034      7.69779      7.70107      0.13957
   26  pi+                1       211   17           0           0      0.13932     -0.03558      4.78754      4.79173      0.13957
   27  pi-                1      -211   17           0           0      0.23952      0.36194      6.44103      6.45714      0.13957
   28  (pi0)             11       111   17          32          33     -0.15609      0.14002      6.08392      6.08903      0.13498
   29  K_L0               1       130   19           0           0     -0.13971      0.91803     13.54458     13.58549      0.49767
   30  nbar0              1     -2112   22           0           0      0.34173      0.39692      2.91653      3.10858      0.93957
   31  (pi0)             11       111   22          34          35      0.13884      0.19122      0.64177      0.69709      0.13498
   32  gamma              1        22   28           0           0     -0.01566      0.05995      3.18690      3.18751      0.00000
   33  gamma              1        22   28           0           0     -0.14043      0.08007      2.89702      2.90153      0.00000
   34  gamma              1        22   31           0           0      0.13334      0.19952      0.49625      0.55123      0.00000
   35  gamma              1        22   31           0           0      0.00550     -0.00830      0.14552      0.14586      0.00000
 ==================================================================================================================================
                   sum charge:  0.00   sum momentum and inv. mass:      0.00000     -0.00000    120.00000    140.00339     72.11760



                            Event listing (standard)

    I  particle/jet  K(I,1)   K(I,2) K(I,3)     K(I,4)      K(I,5)       P(I,1)       P(I,2)       P(I,3)       P(I,4)       P(I,5)

    1  !e-!              21        11    0           3           4      0.00000      0.00000    -10.00000     10.00000      0.00051
    2  !p+!              21      2212    0           5           0     -0.00000      0.00000    130.00000    130.00339      0.93827
 ==================================================================================================================================
    3  !e-!              21        11    1           0           0      0.45998      4.60464     -9.28225     10.37181      0.00051
    4  !gamma!           21        22    1           0           0     -0.45998     -4.60464     -0.71775     -0.37181     -4.66810
    5  !p+!              21      2212    2           0           0     -0.00000      0.00000    130.00000    130.00339      0.93827
    6  !gamma!           21        22    4           0           0     -0.46445     -4.64939     -0.11548      0.23384     -4.66810
    7  !u!               21         2    5           0           0      0.00107      0.01074     31.04623     31.04624      0.00000
    8  !gamma!           21        22    6           0           0     -0.46445     -4.64939     -0.11548      0.23384     -4.66810
    9  !u!               21         2    7           0           0      0.00107      0.01074     31.04623     31.04624      0.00000
   10  !u!               21         2    9           0           0     -0.46338     -4.63865     30.93075     31.28008      0.00000
 ==================================================================================================================================
   11  e-                 1        11    3           0           0      0.45998      4.60464     -9.28225     10.37181      0.00051
   12  (ud_0)        A   12      2101    5          15          15      0.05409     -0.36154     99.86223     99.86458      0.57933
   13  (g)           I   12        21   10          15          15     -0.81585     -3.35022     19.51908     19.82130      0.00000
   14  (u)           V   11         2   10          15          15      0.30179     -0.89288      9.90094      9.94570      0.00000
 ==================================================================================================================================
   15  (string)          11        92   12          16          21     -0.45998     -4.60464    129.28225    129.63158      8.30858
   16  n0                 1      2112   15           0           0     -0.52417     -0.21743     52.38096     52.39246      0.93957
   17  (pi0)             11       111   15          22          23      0.70822     -0.10609     11.36290     11.38625      0.13498
   18  (K*bar0)          11      -313   15          24          25      0.05096     -0.84333     12.43385     12.49445      0.89272
   19  (K*0)             11       313   15          26          27     -0.67832     -1.32802     20.01537     20.08935      0.86211
   20  (rho+)            11       213   15          28          29     -0.19674     -0.25574     20.71148     20.72711      0.73712
   21  (omega)           11       223   15          30          32      0.18007     -1.85403     12.37769     12.54197      0.78989
   22  gamma              1        22   17           0           0      0.16369     -0.03920      1.89442      1.90189      0.00000
   23  gamma              1        22   17           0           0      0.54453     -0.06689      9.46848      9.48436      0.00000
   24  K-                 1      -321   18           0           0      0.24645     -0.44750      9.23332      9.26060      0.49360
   25  pi+                1       211   18           0           0     -0.19549     -0.39583      3.20053      3.23385      0.13957
   26  (K0)              11       311   19          33          33     -0.28505     -0.41406      7.17683      7.21161      0.49767
   27  (pi0)             11       111   19          34          35     -0.39328     -0.91396     12.83854     12.87774      0.13498
   28  pi+                1       211   20           0           0     -0.28847     -0.12884      4.15422      4.16855      0.13957
   29  (pi0)             11       111   20          36          37      0.09173     -0.12690     16.55726     16.55855      0.13498
   30  pi+                1       211   21           0           0      0.12889     -0.93175      5.62858      5.70834      0.13957
   31  pi-                1      -211   21           0           0     -0.03356     -0.19738      0.74840      0.78719      0.13957
   32  (pi0)             11       111   21          38          39      0.08475     -0.72489      6.00071      6.04644      0.13498
   33  (K_S0)            11       310   26          40          41     -0.28505     -0.41406      7.17683      7.21161      0.49767
   34  gamma              1        22   27           0           0     -0.04276     -0.05955      1.43468      1.43655      0.00000
   35  gamma              1        22   27           0           0     -0.35052     -0.85441     11.40385     11.44119      0.00000
   36  gamma              1        22   29           0           0     -0.02360     -0.07271      4.93641      4.93701      0.00000
   37  gamma              1        22   29           0           0      0.11533     -0.05419     11.62085     11.62155      0.00000
   38  gamma              1        22   32           0           0      0.08946     -0.62733      5.49177      5.52821      0.00000
   39  gamma              1        22   32           0           0     -0.00471     -0.09756      0.50894      0.51823      0.00000
   40  (pi0)             11       111   33          42          43     -0.10714      0.01916      0.94728      0.96301      0.13498
   41  (pi0)             11       111   33          44          45     -0.17791     -0.43322      6.22955      6.24859      0.13498
   42  gamma              1        22   40           0           0     -0.13644      0.03343      0.74438      0.75752      0.00000
   43  gamma              1        22   40           0           0      0.02930     -0.01426      0.20290      0.20550      0.00000
   44  gamma              1        22   41           0           0     -0.00246      0.00945      0.07285      0.07350      0.00000
   45  gamma              1        22   41           0           0     -0.17545     -0.44267      6.15670      6.17509      0.00000
 ==================================================================================================================================
                   sum charge:  0.00   sum momentum and inv. mass:      0.00000      0.00000    120.00000    140.00339     72.11760

 Advisory warning: maximum violated by  1.851D+00 in event     574
 XSEC(96,1) increased to  2.145D-02

 Advisory warning: maximum violated by  1.146D+00 in event    1684
 XSEC(96,1) increased to  2.458D-02

 Advisory warning: maximum violated by  1.415D+00 in event    2628
 XSEC(96,1) increased to  3.477D-02

 Advisory warning: maximum violated by  1.028D+00 in event    3108
 XSEC(96,1) increased to  3.576D-02

 Advisory warning: maximum violated by  1.055D+00 in event    7125
 XSEC(96,1) increased to  3.772D-02

 Advisory warning: maximum violated by  1.103D+00 in event    7976
 XSEC(96,1) increased to  4.162D-02

 Advisory warning: maximum violated by  1.080D+00 in event   11022
 XSEC(96,1) increased to  4.496D-02
1********* PYSTAT:  Statistics on Number of Events and Cross-sections *********

 ==============================================================================
 I                                  I                            I            I
 I            Subprocess            I      Number of points      I    Sigma   I
 I                                  I                            I            I
 I----------------------------------I----------------------------I    (mb)    I
 I                                  I                            I            I
 I N:o Type                         I    Generated         Tried I            I
 I                                  I                            I            I
 ==============================================================================
 I                                  I                            I            I
 I   0 All included subprocesses    I       500000      77729308 I  4.716D-05 I
 I  11 f + f' -> f + f' (QCD)       I         2232             0 I  4.024D-07 I
 I  12 f + fbar -> f' + fbar'       I           33             0 I  7.643D-09 I
 I  13 f + fbar -> g + g            I           45             0 I  6.720D-09 I
 I  28 f + g -> f + g               I         5474             0 I  8.377D-07 I
 I  53 g + g -> f + fbar            I           77             0 I  9.749D-09 I
 I  68 g + g -> g + g               I         2764             0 I  3.473D-07 I
 I  91 Elastic scattering           I         7018       5660280 I  6.265D-07 I
 I  92 Single diffractive (XB)      I         3350       4355026 I  3.016D-07 I
 I  93 Single diffractive (AX)      I         2349       3548826 I  2.162D-07 I
 I  94 Double  diffractive          I         1994       3821981 I  1.562D-07 I
 I  95 Low-pT scattering            I        13505         80717 I  1.008D-06 I
 I  99 q + gamma* -> q              I       454504      21156472 I  4.260D-05 I
 I 131 f + gamma*_T -> f + g        I         2943       2049032 I  2.765D-07 I
 I 132 f + gamma*_L -> f + g        I          178         98655 I  1.827D-08 I
 I 135 g + gamma*_T -> f + fbar     I         2627       5808058 I  2.591D-07 I
 I 136 g + gamma*_L -> f + fbar     I          907        940576 I  8.862D-08 I
 I                                  I                            I            I
 ==============================================================================
 I                                  I                            I            I
 I   1 VMD * hadron                 I        12890      36528677 I  1.537D-06 I
 I   2 direct * hadron              I         6655       8896321 I  6.425D-07 I
 I   3 anomalous * hadron           I        25951      11147838 I  2.383D-06 I
 I   4 DIS * hadron                 I       454504      21156472 I  4.260D-05 I
 I                                  I                            I            I
 ==============================================================================

 ********* Total number of errors, excluding junctions =        0 *************
 ********* Total number of errors, including junctions =        0 *************
 ********* Total number of warnings =                           0 *************
 ********* Fraction of events that fail fragmentation cuts =  0.00790 *********

1************ PYSTAT: User-Defined Limits on Kinematical Variables ************

 ==============================================================================
 I                                                                            I
 I                 0.000D+00 <  m_hard (GeV/c^2)  <  1.322D+01                I
 I    0.000D+00 ( 1.000D+00) <  p_T_hard (GeV/c)  <  6.612D+00                I
 I                             m_finite (GeV/c^2) =  1.000D+00                I
 I                -1.000D+01 <    y*_subsystem    <  1.000D+01                I
 I                -4.000D+01 <      y*_large      <  4.000D+01                I
 I                -4.000D+01 <      y*_small      <  4.000D+01                I
 I                -4.000D+01 <     eta*_large     <  4.000D+01                I
 I                -4.000D+01 <     eta*_small     <  4.000D+01                I
 I                -1.000D+00 < cos(theta*)_large  <  1.000D+00                I
 I                -1.000D+00 < cos(theta*)_small  <  1.000D+00                I
 I                 0.000D+00 <        x_1         <  1.000D+00                I
 I                 0.000D+00 <        x_2         <  1.000D+00                I
 I                -1.000D+00 <        x_F         <  1.000D+00                I
 I                -1.000D+00 <  cos(theta_hard)   <  1.000D+00                I
 I                 2.000D+00 < m'_hard (GeV/c^2)  <  1.322D+01                I
 I                                                                            I
 ==============================================================================
 The charm mass used is:    1.5000000000000000     
 ===================================================
 Pythia total cross section normalisation:   4.7163952867781009E-002  microbarn
 Total Number of generated events      500000
 Total Number of trials      500000
 ===================================================

 ===== PDFSTA statistics for PDF under/over-flows ====

 ====== STRUCTM statistics for nucleon/pion PDFs =====

   total # of calls    40488540.000000000     
   X  below PDF min    0.0000000000000000       or    0.0000000000000000       %
   X  above PDF max    0.0000000000000000       or    0.0000000000000000       %
   Q2 below PDF min    0.0000000000000000       or    0.0000000000000000       %
   Q2 above PDF max    0.0000000000000000       or    0.0000000000000000       %

 ========= STRUCTP statistics for photon PDFs ========

   total # of calls    0.0000000000000000     

