1                                                                              
 ******************************************************************************
 ******************************************************************************
 **                                                                          **
 **                                                                          **
 **              *......*                  Welcome to the Lund Monte Carlo!  **
 **         *:::!!:::::::::::*                                               **
 **      *::::::!!::::::::::::::*          PPP  Y   Y TTTTT H   H III   A    **
 **    *::::::::!!::::::::::::::::*        P  P  Y Y    T   H   H  I   A A   **
 **   *:::::::::!!:::::::::::::::::*       PPP    Y     T   HHHHH  I  AAAAA  **
 **   *:::::::::!!:::::::::::::::::*       P      Y     T   H   H  I  A   A  **
 **    *::::::::!!::::::::::::::::*!       P      Y     T   H   H III A   A  **
 **      *::::::!!::::::::::::::* !!                                         **
 **      !! *:::!!:::::::::::*    !!       This is PYTHIA version 6.428      **
 **      !!     !* -><- *         !!       Last date of change:  5 Sep 2013  **
 **      !!     !!                !!                                         **
 **      !!     !!                !!       Now is  0 Jan 2000 at  0:00:00    **
 **      !!                       !!                                         **
 **      !!        lh             !!       Disclaimer: this program comes    **
 **      !!                       !!       without any guarantees. Beware    **
 **      !!                 hh    !!       of errors and use common sense    **
 **      !!    ll                 !!       when interpreting results.        **
 **      !!                       !!                                         **
 **      !!                                Copyright T. Sjostrand (2011)     **
 **                                                                          **
 ** An archive of program versions and documentation is found on the web:    **
 ** http://www.thep.lu.se/~torbjorn/Pythia.html                              **
 **                                                                          **
 ** When you cite this program, the official reference is to the 6.4 manual: **
 ** T. Sjostrand, S. Mrenna and P. Skands, JHEP05 (2006) 026                 **
 ** (LU TP 06-13, FERMILAB-PUB-06-052-CD-T) [hep-ph/0603175].                **
 **                                                                          **
 ** Also remember that the program, to a large extent, represents original   **
 ** physics research. Other publications of special relevance to your        **
 ** studies may therefore deserve separate mention.                          **
 **                                                                          **
 ** Main author: Torbjorn Sjostrand; Department of Theoretical Physics,      **
 **   Lund University, Solvegatan 14A, S-223 62 Lund, Sweden;                **
 **   phone: + 46 - 46 - 222 48 16; e-mail: torbjorn@thep.lu.se              **
 ** Author: Stephen Mrenna; Computing Division, GDS Group,                   **
 **   Fermi National Accelerator Laboratory, MS 234, Batavia, IL 60510, USA; **
 **   phone: + 1 - 630 - 840 - 2556; e-mail: mrenna@fnal.gov                 **
 ** Author: Peter Skands; CERN/PH-TH, CH-1211 Geneva, Switzerland            **
 **   phone: + 41 - 22 - 767 24 47; e-mail: peter.skands@cern.ch             **
 **                                                                          **
 **                                                                          **
 ******************************************************************************
 ******************************************************************************
     MSEL           changed from              1 to              2
     MSTP(14)       changed from             30 to             30
     MSTP(15)       changed from              0 to              0
     MSTP(16)       changed from              1 to              1
     MSTP(17)       changed from              4 to              4
     MSTP(18)       changed from              3 to              3
     MSTP(19)       changed from              4 to              1
     MSTP(20)       changed from              3 to              0
     MSTP(32)       changed from              8 to              8
     MSTP(38)       changed from              5 to              4
     MSTP(51)       changed from              7 to          10050
     MSTP(52)       changed from              1 to              2
     MSTP(53)       changed from              3 to              3
     MSTP(54)       changed from              1 to              1
     MSTP(55)       changed from              5 to              5
     MSTP(56)       changed from              1 to              1
     MSTP(57)       changed from              1 to              1
     MSTP(58)       changed from              5 to              5
     MSTP(59)       changed from              1 to              1
     MSTP(60)       changed from              7 to              7
     MSTP(61)       changed from              2 to              2
     MSTP(71)       changed from              1 to              1
     MSTP(81)       changed from              1 to              0
     MSTP(82)       changed from              4 to              1
     MSTP(91)       changed from              1 to              1
     MSTP(92)       changed from              3 to              3
     MSTP(93)       changed from              1 to              1
     MSTP(101)      changed from              3 to              3
     MSTP(102)      changed from              1 to              1
     MSTP(111)      changed from              1 to              1
     MSTP(121)      changed from              0 to              0
     PARP(13)       changed from        1.00000 to        1.00000
     PARP(18)       changed from        0.40000 to        0.40000
     PARP(81)       changed from        1.90000 to        1.90000
     PARP(89)       changed from     1800.00000 to     1800.00000
     PARP(90)       changed from        0.25000 to        0.16000
     PARP(91)       changed from        2.00000 to        0.40000
     PARP(93)       changed from        5.00000 to        5.00000
     PARP(99)       changed from        1.00000 to        0.40000
     PARP(100)      changed from        5.00000 to        5.00000
     PARP(102)      changed from        0.28000 to        0.28000
     PARP(103)      changed from        1.00000 to        1.00000
     PARP(104)      changed from        0.80000 to        0.80000
     PARP(111)      changed from        2.00000 to        2.00000
     PARP(161)      changed from        2.20000 to        3.00000
     PARP(162)      changed from       23.60000 to       24.60000
     PARP(163)      changed from       18.40000 to       18.80000
     PARP(164)      changed from       11.50000 to       11.50000
     PARP(165)      changed from        0.50000 to        0.47679
     PARP(166)      changed from        0.00000 to        0.67597
     PARJ(1)        changed from        0.10000 to        0.10000
     PARJ(2)        changed from        0.30000 to        0.30000
     PARJ(11)       changed from        0.50000 to        0.50000
     PARJ(12)       changed from        0.60000 to        0.60000
     PARJ(21)       changed from        0.36000 to        0.40000
     PARJ(32)       changed from        1.00000 to        1.00000
     PARJ(33)       changed from        0.80000 to        0.80000
     PARJ(41)       changed from        0.30000 to        0.30000
     PARJ(42)       changed from        0.58000 to        0.58000
     PARJ(45)       changed from        0.50000 to        0.50000
     MSTJ(1)        changed from              1 to              1
     MSTJ(12)       changed from              2 to              1
     MSTJ(45)       changed from              5 to              5
     MSTU(112)      changed from              5 to              5
     MSTU(113)      changed from              3 to              5
     MSTU(114)      changed from              5 to              5
     CKIN(1)        changed from        2.00000 to        1.00000
     CKIN(2)        changed from       -1.00000 to       -1.00000
     CKIN(3)        changed from        0.00000 to        0.00000
     CKIN(4)        changed from       -1.00000 to       -1.00000
     CKIN(5)        changed from        1.00000 to        1.00000
     CKIN(6)        changed from        1.00000 to        1.00000
     CKIN(7)        changed from      -10.00000 to      -10.00000
     CKIN(8)        changed from       10.00000 to       10.00000
     CKIN(9)        changed from      -40.00000 to      -40.00000
     CKIN(10)       changed from       40.00000 to       40.00000
     CKIN(11)       changed from      -40.00000 to      -40.00000
     CKIN(12)       changed from       40.00000 to       40.00000
     CKIN(13)       changed from      -40.00000 to      -40.00000
     CKIN(14)       changed from       40.00000 to       40.00000
     CKIN(15)       changed from      -40.00000 to      -40.00000
     CKIN(16)       changed from       40.00000 to       40.00000
     CKIN(17)       changed from       -1.00000 to       -1.00000
     CKIN(18)       changed from        1.00000 to        1.00000
     CKIN(19)       changed from       -1.00000 to       -1.00000
     CKIN(20)       changed from        1.00000 to        1.00000
     CKIN(21)       changed from        0.00000 to        0.00000
     CKIN(22)       changed from        1.00000 to        1.00000
     CKIN(23)       changed from        0.00000 to        0.00000
     CKIN(24)       changed from        1.00000 to        1.00000
     CKIN(25)       changed from       -1.00000 to       -1.00000
     CKIN(26)       changed from        1.00000 to        1.00000
     CKIN(27)       changed from       -1.00000 to       -1.00000
     CKIN(28)       changed from        1.00000 to        1.00000
     CKIN(31)       changed from        2.00000 to        2.00000
     CKIN(32)       changed from       -1.00000 to       -1.00000
     CKIN(35)       changed from        0.00000 to        0.00000
     CKIN(36)       changed from       -1.00000 to       -1.00000
     CKIN(37)       changed from        0.00000 to        0.00000
     CKIN(38)       changed from       -1.00000 to       -1.00000
     CKIN(39)       changed from        4.00000 to        4.00000
     CKIN(40)       changed from       -1.00000 to       -1.00000
     CKIN(65)       changed from        0.00000 to        0.00000
     CKIN(66)       changed from       -1.00000 to       -1.00000
     CKIN(67)       changed from        0.00000 to        0.00000
     CKIN(68)       changed from       -1.00000 to       -1.00000
     CKIN(77)       changed from        2.00000 to        2.00000
     CKIN(78)       changed from       -1.00000 to       -1.00000
 *********************************************
 NOW all parameters are read by PYTHIA
 *********************************************
 SEED =    423839858
 RANLUX LUXURY LEVEL SET BY RLUXGO : 4     P= 389
 RANLUX INITIALIZED BY RLUXGO FROM SEEDS   423839858           0           0
   5328.9753403062132        10.000000000000000       -5328.9753403062132       -10.0000000    
 *********************************************
 proton beam momentum:   250.000000     GeV
 lepton beam momentum:   10.0000000     GeV
 resulting sqrt(s):   100.00457712527508      GeV
 *********************************************
1****************** PYINIT: initialization of PYTHIA routines *****************
 ==== PYTHIA WILL USE LHAPDF ====
 *************************************
 *       LHAPDF Version 5.9.1        *
 *   Configured for the following:   *
 *             All PDFs              *
 *         FULL MEMORY option        *
 *    Maximum  3 concurrent set(s)   *
 *************************************

 >>>>>> PDF description: <<<<<<
 CTEQ6M                                                          
 Reference:                                                      
 J. Pumplin, D.R. Stump, J. Huston, H.L. Lai, P. Nadolsky,       
 W.K. Tung                                                       
 hep-ph/0201195                                                  
 This set has 41 member PDFs.                                    
     mem=0 --> central value (cteq6m)                            
     mem=1-40 --> 20 sets of +ve/-ve error values                
 >>>>>>                   <<<<<<

 ==============================================
 PDFset name /cvmfs/sft.cern.ch/lcg/external/lhapdfsets/5.9.1/share/PDFsets/cteq6mE.LHgrid   
 with         40 members
 ====  initialized. ===========================
 Strong coupling at Mz for PDF is:  0.11798

 ==============================================================================
 I                                                                            I
 I      PYTHIA will be initialized for gamma/e- on p+ user configuration      I
 I                                                                            I
 I                  px (GeV/c)   py (GeV/c)   pz (GeV/c)      E (GeV)         I
 I        gamma/e-       0.000        0.000      -10.000       10.000         I
 I        p+             0.000        0.000      250.000      250.002         I
 I                                                                            I
 I           corresponding to    100.005 GeV center-of-mass energy            I
 I                                                                            I
 ==============================================================================

 ******** PYMAXI: summary of differential cross-section maximum search ********

           ==========================================================
           I                                      I                 I
           I  ISUB  Subprocess name               I  Maximum value  I
           I                                      I                 I
           ==========================================================
           I                                      I                 I
           I   91   Elastic scattering            I    4.5802D-04   I
           I   92   Single diffractive (XB)       I    3.3396D-04   I
           I   93   Single diffractive (AX)       I    2.7193D-04   I
           I   94   Double  diffractive           I    2.7235D-04   I
           I   95   Low-pT scattering             I    1.9842D-03   I
           I   96   Semihard QCD 2 -> 2           I    1.9401D-02   I
           I                                      I                 I
           ==========================================================

 ******** PYMAXI: summary of differential cross-section maximum search ********

           ==========================================================
           I                                      I                 I
           I  ISUB  Subprocess name               I  Maximum value  I
           I                                      I                 I
           ==========================================================
           I                                      I                 I
           I  131   f + gamma*_T -> f + g         I    1.8340D-04   I
           I  132   f + gamma*_L -> f + g         I    9.6222D-06   I
           I  135   g + gamma*_T -> f + fbar      I    5.6762D-04   I
           I  136   g + gamma*_L -> f + fbar      I    9.2431D-05   I
           I                                      I                 I
           ==========================================================

 ******** PYMAXI: summary of differential cross-section maximum search ********

           ==========================================================
           I                                      I                 I
           I  ISUB  Subprocess name               I  Maximum value  I
           I                                      I                 I
           ==========================================================
           I                                      I                 I
           I   91   Elastic scattering            I    1.1937D-04   I
           I   92   Single diffractive (XB)       I    8.8669D-05   I
           I   93   Single diffractive (AX)       I    7.0104D-05   I
           I   94   Double  diffractive           I    7.1830D-05   I
           I   95   Low-pT scattering             I    5.5769D-04   I
           I   96   Semihard QCD 2 -> 2           I    1.4517D-02   I
           I                                      I                 I
           ==========================================================

 ******** PYMAXI: summary of differential cross-section maximum search ********

           ==========================================================
           I                                      I                 I
           I  ISUB  Subprocess name               I  Maximum value  I
           I                                      I                 I
           ==========================================================
           I                                      I                 I
           I   99   q + gamma* -> q               I    2.3955D-03   I
           I                                      I                 I
           ==========================================================

 ********************** PYINIT: initialization completed **********************
 the outputfile will be named: outfiles/ep_10x250_Q2_1_10_norad.out                                                                                                                                                                                                                            



                            Event listing (standard)

    I  particle/jet  K(I,1)   K(I,2) K(I,3)     K(I,4)      K(I,5)       P(I,1)       P(I,2)       P(I,3)       P(I,4)       P(I,5)

    1  !e-!              21        11    0           3           4      0.00000      0.00000    -10.00000     10.00000      0.00051
    2  !p+!              21      2212    0           5           0     -0.00000      0.00000    250.00000    250.00176      0.93827
 ==================================================================================================================================
    3  !e-!              21        11    1           0           0      1.35719      0.36554     -9.92892     10.02792      0.00051
    4  !gamma!           21        22    1           0           0     -1.35719     -0.36554     -0.07108     -0.02792     -1.40707
    5  !p+!              21      2212    2           0           0      0.00000      0.00000    250.00000    250.00176      0.93827
    6  !gamma!           21        22    4           0           0     -1.41195     -0.38029      1.74068      1.78560     -1.40707
    7  !u!               21         2    5           0           0      0.00483      0.00130     21.87841     21.87841      0.00000
    8  !gamma!           21        22    6           0           0     -1.41195     -0.38029      1.74068      1.78560     -1.40707
    9  !u!               21         2    7           0           0      0.00483      0.00130     21.87841     21.87841      0.00000
   10  !u!               21         2    9           0           0     -1.40712     -0.37899     23.61909     23.66401      0.00000
 ==================================================================================================================================
   11  e-                 1        11    3           0           0      1.35719      0.36554     -9.92892     10.02792      0.00051
   12  (u)           A   12         2   10          14          14     -1.53698     -0.45312     29.11027     29.15434      0.00000
   13  (ud_0)        V   11      2101    5          14          14      0.17979      0.08758    220.81866    220.81951      0.57933
 ==================================================================================================================================
   14  (string)          11        92   12          15          18     -1.35719     -0.36554    249.92892    249.97384      4.52542
   15  (rho0)            11       113   14          19          20     -0.39354     -0.27529     47.56601     47.57466      0.76942
   16  p+                 1      2212   14           0           0     -0.00833     -0.22597     88.78245     88.78770      0.93827
   17  (Lambdabar0)      11     -3122   14          21          22     -0.87248      0.39871     54.54888     54.56872      1.11568
   18  (Lambda0)         11      3122   14          23          24     -0.08283     -0.26299     59.03159     59.04277      1.11568
   19  pi+                1       211   15           0           0     -0.07253     -0.27940     39.21754     39.21885      0.13957
   20  pi-                1      -211   15           0           0     -0.32101      0.00412      8.34847      8.35581      0.13957
   21  pbar-              1     -2212   17           0           0     -0.61287      0.32616     42.62983     42.64581      0.93827
   22  pi+                1       211   17           0           0     -0.25961      0.07255     11.91904     11.92291      0.13957
   23  p+                 1      2212   18           0           0      0.02903     -0.23412     50.39091     50.40020      0.93827
   24  pi-                1      -211   18           0           0     -0.11186     -0.02887      8.64068      8.64258      0.13957
 ==================================================================================================================================
                   sum charge:  0.00   sum momentum and inv. mass:      0.00000      0.00000    240.00000    260.00176    100.00458



                            Event listing (standard)

    I  particle/jet  K(I,1)   K(I,2) K(I,3)     K(I,4)      K(I,5)       P(I,1)       P(I,2)       P(I,3)       P(I,4)       P(I,5)

    1  !e-!              21        11    0           3           4      0.00000      0.00000    -10.00000     10.00000      0.00051
    2  !p+!              21      2212    0           5           0     -0.00000      0.00000    250.00000    250.00176      0.93827
 ==================================================================================================================================
    3  !e-!              21        11    1           0           0     -0.70066     -1.21589     -8.92955      9.03915      0.00051
    4  !gamma!           21        22    1           0           0      0.70066      1.21589     -1.07045      0.96085     -1.48052
    5  !p+!              21      2212    2           0           0     -0.00000     -0.00000    250.00000    250.00176      0.93827
    6  !gamma!           21        22    4           0           0      0.70126      1.21695     -1.07044      0.96262     -1.48052
    7  !ubar!            21        -2    5           0           0     -0.00000     -0.00000      0.53907      0.53907      0.00000
    8  !gamma!           21        22    6           0           0      0.70126      1.21695     -1.07044      0.96262     -1.48052
    9  !ubar!            21        -2    7           0           0     -0.00000     -0.00000      0.53907      0.53907      0.00000
   10  !ubar!            21        -2    9           0           0      0.70126      1.21695     -0.53137      1.50169      0.00000
 ==================================================================================================================================
   11  p+                 1      2212    5           0           0     -0.63702     -0.42627    242.08604    242.08907      0.93827
   12  e-                 1        11    3           0           0     -0.70066     -1.21589     -8.92955      9.03915      0.00051
   13  (u)           A   12         2    5          16          16      0.26811      0.12950      6.28686      6.30255      0.33000
   14  (g)           I   12        21   10          16          16      0.22212     -0.26965      0.48298      0.59608      0.00000
   15  (ubar)        V   11        -2   10          16          16      0.84745      1.78231      0.07368      1.97490      0.00000
 ==================================================================================================================================
   16  (string)          11        92   13          17          20      1.33768      1.64216      6.84351      8.87354      5.23640
   17  p+                 1      2212   16           0           0      0.17632      0.24298      2.46971      2.65894      0.93827
   18  pbar-              1     -2212   16           0           0      0.30153     -0.23965      3.42880      3.57566      0.93827
   19  pi+                1       211   16           0           0     -0.30267      0.77064      0.82382      1.17629      0.13957
   20  pi-                1      -211   16           0           0      1.16250      0.86820      0.12118      1.46265      0.13957
 ==================================================================================================================================
                   sum charge:  0.00   sum momentum and inv. mass:      0.00000      0.00000    240.00000    260.00176    100.00458



                            Event listing (standard)

    I  particle/jet  K(I,1)   K(I,2) K(I,3)     K(I,4)      K(I,5)       P(I,1)       P(I,2)       P(I,3)       P(I,4)       P(I,5)

    1  !e-!              21        11    0           3           4      0.00000      0.00000    -10.00000     10.00000      0.00051
    2  !p+!              21      2212    0           5           0     -0.00000      0.00000    250.00000    250.00176      0.93827
 ==================================================================================================================================
    3  !e-!              21        11    1           0           0     -0.72674      1.03711     -9.75068      9.83257      0.00051
    4  !gamma!           21        22    1           0           0      0.72674     -1.03711     -0.24932      0.16743     -1.27980
    5  !p+!              21      2212    2           0           0     -0.00000      0.00000    250.00000    250.00176      0.93827
    6  !gamma!           21        22    4           0           0      0.72981     -1.04149     -0.23380      0.18470     -1.27980
    7  !d!               21         1    5           0           0     -0.00002      0.00003      1.95669      1.95669      0.00000
    8  !gamma!           21        22    6           0           0      0.72981     -1.04149     -0.23380      0.18470     -1.27980
    9  !d!               21         1    7           0           0     -0.00002      0.00003      1.95669      1.95669      0.00000
   10  !d!               21         1    9           0           0      0.72978     -1.04146      1.72288      2.14139      0.00000
 ==================================================================================================================================
   11  e-                 1        11    3           0           0     -0.72674      1.03711     -9.75068      9.83257      0.00051
   12  (uu_1)        A   12      2203    5          15          15     -0.23411     -0.38283    245.96202    245.96364      0.77133
   13  (g)           I   12        21   10          15          15      1.23196     -0.22549      3.15048      3.39030      0.00000
   14  (d)           V   11         1   10          15          15     -0.27111     -0.42879      0.63817      0.81525      0.00000
 ==================================================================================================================================
   15  (string)          11        92   12          16          21      0.72674     -1.03711    249.75068    250.16919     14.40888
   16  p+                 1      2212   15           0           0     -0.17695     -0.53360    184.23414    184.23739      0.93827
   17  (rho+)            11       213   15          22          23      0.29491      0.07474     27.72888     27.74359      0.85053
   18  pi-                1      -211   15           0           0     -0.58711     -0.25623     15.76486     15.77849      0.13957
   19  pi+                1       211   15           0           0      0.64452      0.23335     20.76207     20.77385      0.13957
   20  pi-                1      -211   15           0           0      0.31412      0.05836      0.59834      0.69251      0.13957
   21  (pi0)             11       111   15          24          25      0.23725     -0.61373      0.66238      0.94336      0.13498
   22  pi+                1       211   17           0           0      0.38775     -0.07480      6.46540      6.47895      0.13957
   23  (pi0)             11       111   17          26          27     -0.09284      0.14955     21.26348     21.26464      0.13498
   24  gamma              1        22   21           0           0      0.12314     -0.45700      0.51775      0.70148      0.00000
   25  gamma              1        22   21           0           0      0.11411     -0.15673      0.14463      0.24188      0.00000
   26  gamma              1        22   23           0           0     -0.07175      0.04622      4.40310      4.40392      0.00000
   27  gamma              1        22   23           0           0     -0.02109      0.10332     16.86039     16.86072      0.00000
 ==================================================================================================================================
                   sum charge:  0.00   sum momentum and inv. mass:     -0.00000      0.00000    240.00000    260.00176    100.00458



                            Event listing (standard)

    I  particle/jet  K(I,1)   K(I,2) K(I,3)     K(I,4)      K(I,5)       P(I,1)       P(I,2)       P(I,3)       P(I,4)       P(I,5)

    1  !e-!              21        11    0           3           4      0.00000      0.00000    -10.00000     10.00000      0.00051
    2  !p+!              21      2212    0           5           0     -0.00000      0.00000    250.00000    250.00176      0.93827
 ==================================================================================================================================
    3  !e-!              21        11    1           0           0     -1.05227     -1.51056     -9.81781      9.98892      0.00051
    4  !gamma!           21        22    1           0           0      1.05227      1.51056     -0.18219      0.01108     -1.84990
    5  !p+!              21      2212    2           0           0     -0.00000     -0.00000    250.00000    250.00176      0.93827
    6  !d!               21         1    4           0           0      0.43293     -0.14772      2.12295      2.17167     -0.00000
    7  !g!               21        21    5           0           0     -0.27446      0.04527    102.39725    102.39763     -0.00000
    8  !d!               21         1    6           0           0      0.43293     -0.14772      2.12295      2.17167      0.00000
    9  !g!               21        21    7           0           0     -0.27446      0.04527    102.39725    102.39763      0.00000
   10  !d!               21         1    0           0           0      1.32296      0.40491     26.03573     26.07456      0.33000
   11  !g!               21        21    0           0           0     -1.16450     -0.50736     78.48447     78.49474      0.00000
 ==================================================================================================================================
   12  e-                 1        11    3           0           0     -1.05227     -1.51056     -9.81781      9.98892      0.00051
   13  (d)           A   12         1   10          18          18      1.32296      0.40491     26.03573     26.07456      0.33000
   14  (g)           I   12        21   11          18          18     -1.16450     -0.50736     78.48447     78.49474      0.00000
   15  (uu_1)        V   11      2203    5          18          18      0.34937      0.22288    118.62881    118.63204      0.77133
   16  (dbar)        A   12        -1    4          24          24      0.58180      1.60441     10.89846     11.03621      0.33000
   17  (d)           V   11         1    5          24          24     -0.03737     -0.21428     15.77034     15.77529      0.33000
 ==================================================================================================================================
   18  (string)          11        92   13          19          23      0.50783      0.12044    223.14901    223.20134      4.80482
   19  (omega)           11       223   18          27          29      0.47691     -0.03905     41.62085     41.63096      0.78245
   20  (omega)           11       223   18          30          32     -0.05267     -0.04963     17.74158     17.75890      0.78075
   21  pi-                1      -211   18           0           0      0.33991      0.24606      8.30989      8.32165      0.13957
   22  (rho+)            11       213   18          33          34     -0.45654     -0.32281     49.50112     49.50954      0.72206
   23  p+                 1      2212   18           0           0      0.20022      0.28586    105.97556    105.98029      0.93827
   24  (string)          11        92   16          25          26      0.54443      1.39013     26.66880     26.81150      2.32442
   25  (Kbar0)           11      -311   24          35          35      0.52958      1.14404      6.73774      6.87271      0.49767
   26  (K0)              11       311   24          36          36      0.01485      0.24609     19.93106     19.93879      0.49767
   27  pi-                1      -211   19           0           0      0.03787      0.19783      8.38888      8.39246      0.13957
   28  pi+                1       211   19           0           0      0.35722     -0.28480     21.11460     21.12000      0.13957
   29  (pi0)             11       111   19          37          38      0.08181      0.04792     12.11738     12.11850      0.13498
   30  pi+                1       211   20           0           0      0.02196      0.17090     12.04983     12.05187      0.13957
   31  pi-                1      -211   20           0           0     -0.13995     -0.13265      3.73310      3.74068      0.13957
   32  (pi0)             11       111   20          39          40      0.06533     -0.08787      1.95865      1.96635      0.13498
   33  pi+                1       211   22           0           0     -0.02615     -0.36699     32.50503     32.50741      0.13957
   34  (pi0)             11       111   22          41          42     -0.43039      0.04418     16.99609     17.00213      0.13498
   35  K_L0               1       130   25           0           0      0.52958      1.14404      6.73774      6.87271      0.49767
   36  K_L0               1       130   26           0           0      0.01485      0.24609     19.93106     19.93879      0.49767
   37  gamma              1        22   29           0           0      0.06856      0.07866     11.24022     11.24070      0.00000
   38  gamma              1        22   29           0           0      0.01325     -0.03074      0.87716      0.87780      0.00000
   39  gamma              1        22   32           0           0     -0.03364      0.00869      0.47385      0.47513      0.00000
   40  gamma              1        22   32           0           0      0.09897     -0.09657      1.48480      1.49122      0.00000
   41  gamma              1        22   34           0           0     -0.38613      0.03246     16.26167     16.26628      0.00000
   42  gamma              1        22   34           0           0     -0.04425      0.01172      0.73442      0.73585      0.00000
 ==================================================================================================================================
                   sum charge:  0.00   sum momentum and inv. mass:     -0.00000     -0.00000    240.00000    260.00176    100.00458



                            Event listing (standard)

    I  particle/jet  K(I,1)   K(I,2) K(I,3)     K(I,4)      K(I,5)       P(I,1)       P(I,2)       P(I,3)       P(I,4)       P(I,5)

    1  !e-!              21        11    0           3           4      0.00000      0.00000    -10.00000     10.00000      0.00051
    2  !p+!              21      2212    0           5           0     -0.00000      0.00000    250.00000    250.00176      0.93827
 ==================================================================================================================================
    3  !e-!              21        11    1           0           0      0.61064     -1.42527     -6.29061      6.47889      0.00051
    4  !gamma!           21        22    1           0           0     -0.61064      1.42527     -3.70939      3.52111     -1.94053
    5  !p+!              21      2212    2           0           0     -0.00000     -0.00000    250.00000    250.00176      0.93827
    6  !gamma!           21        22    4           0           0     -0.61079      1.42562     -3.71017      3.52209     -1.94053
    7  !s!               21         3    5           0           0      0.00000     -0.00000      0.26034      0.26034      0.00000
    8  !gamma!           21        22    6           0           0     -0.61079      1.42562     -3.71017      3.52209     -1.94053
    9  !s!               21         3    7           0           0      0.00000     -0.00000      0.26034      0.26034      0.00000
   10  !s!               21         3    9           0           0     -0.61079      1.42562     -3.44983      3.78243      0.00000
 ==================================================================================================================================
   11  (K*+)             11       323    5          17          18      0.28922     -0.67000    165.13970    165.14360      0.86900
   12  e-                 1        11    3           0           0      0.61064     -1.42527     -6.29061      6.47889      0.00051
   13  (ud_0)        A   12      2101    5          19          19      0.10123      0.24873     83.68292     83.68536      0.57933
   14  (g)           I   12        21   10          19          19     -0.22550     -0.68944     -0.10898      0.73352      0.00000
   15  (g)           I   12        21   10          19          19     -0.13391      1.53747     -0.36697      1.58632      0.00000
   16  (s)           V   11         3   10          19          19     -0.64170      0.99852     -2.05606      2.37407      0.00000
 ==================================================================================================================================
   17  (K0)              11       311   11          28          28      0.25891     -0.18437    109.64732    109.64891      0.49767
   18  pi+                1       211   11           0           0      0.03032     -0.48563     55.49238     55.49468      0.13957
   19  (string)          11        92   13          20          27     -0.89987      2.09527     81.15091     88.37927     34.93173
   20  n0                 1      2112   19           0           0      0.29360      0.46891     68.30419     68.31289      0.93957
   21  (rho+)            11       213   19          29          30      0.11638     -0.34286      4.69499      4.78315      0.83930
   22  (omega)           11       223   19          31          33     -0.57356     -0.18550      4.51288      4.61872      0.77659
   23  (eta)             11       221   19          34          36      0.10664      0.17678      4.92878      4.96339      0.54745
   24  pi-                1      -211   19           0           0      0.16038      0.12525      0.03331      0.24899      0.13957
   25  (eta)             11       221   19          37          39     -0.44588      0.08980      1.20362      1.39831      0.54745
   26  (Sigmabar0)       11     -3212   19          40          41     -0.26678      0.90272     -1.60059      2.20684      1.19255
   27  (Xi0)             11      3322   19          42          43     -0.29064      0.86017     -0.92629      1.84698      1.31490
   28  (K_S0)            11       310   17          44          45      0.25891     -0.18437    109.64732    109.64891      0.49767
   29  pi+                1       211   21           0           0     -0.07850      0.08992      3.26966      3.27481      0.13957
   30  (pi0)             11       111   21          46          47      0.19487     -0.43278      1.42534      1.50834      0.13498
   31  pi-                1      -211   22           0           0      0.06530     -0.10309      0.70042      0.72454      0.13957
   32  pi+                1       211   22           0           0     -0.24316     -0.01334      0.71930      0.77212      0.13957
   33  (pi0)             11       111   22          48          49     -0.39570     -0.06906      3.09317      3.12206      0.13498
   34  pi+                1       211   23           0           0     -0.01412     -0.06392      0.78731      0.80226      0.13957
   35  pi-                1      -211   23           0           0      0.01190      0.05682      1.51893      1.52643      0.13957
   36  (pi0)             11       111   23          50          51      0.10887      0.18388      2.62254      2.63469      0.13498
   37  (pi0)             11       111   25          52          53     -0.20777      0.02153      0.25156      0.35375      0.13498
   38  (pi0)             11       111   25          54          55     -0.16122     -0.07018      0.49515      0.54251      0.13498
   39  (pi0)             11       111   25          56          57     -0.07688      0.13845      0.45691      0.50206      0.13498
   40  (Lambdabar0)      11     -3122   26          58          60     -0.20788      0.87336     -1.59063      2.14028      1.11568
   41  gamma              1        22   26           0           0     -0.05889      0.02936     -0.00996      0.06656      0.00000
   42  (Lambda0)         11      3122   27          61          62     -0.15254      0.70818     -0.66118      1.48549      1.11568
   43  (pi0)             11       111   27          63          64     -0.13810      0.15198     -0.26510      0.36148      0.13498
   44  pi-                1      -211   28           0           0      0.20745      0.09989     52.14380     52.14449      0.13957
   45  pi+                1       211   28           0           0      0.05145     -0.28425     57.50352     57.50442      0.13957
   46  gamma              1        22   30           0           0      0.14156     -0.40723      1.19013      1.26582      0.00000
   47  gamma              1        22   30           0           0      0.05331     -0.02555      0.23520      0.24252      0.00000
   48  gamma              1        22   33           0           0     -0.24014     -0.08567      2.25951      2.27385      0.00000
   49  gamma              1        22   33           0           0     -0.15556      0.01661      0.83365      0.84820      0.00000
   50  gamma              1        22   36           0           0      0.01197      0.04319      1.34910      1.34984      0.00000
   51  gamma              1        22   36           0           0      0.09689      0.14070      1.27345      1.28485      0.00000
   52  gamma              1        22   37           0           0     -0.10250     -0.03930      0.05541      0.12297      0.00000
   53  gamma              1        22   37           0           0     -0.10527      0.06082      0.19615      0.23078      0.00000
   54  gamma              1        22   38           0           0      0.02277      0.00047      0.07584      0.07918      0.00000
   55  gamma              1        22   38           0           0     -0.18399     -0.07065      0.41931      0.46332      0.00000
   56  gamma              1        22   39           0           0     -0.00608      0.00213      0.21758      0.21767      0.00000
   57  gamma              1        22   39           0           0     -0.07080      0.13633      0.23934      0.28439      0.00000
   58  nu_e               1        12   40           0           0     -0.04323      0.00716     -0.07867      0.09005      0.00000
   59  e+                 1       -11   40           0           0     -0.12670      0.07283     -0.09486      0.17423      0.00051
   60  pbar-              1     -2212   40           0           0     -0.03796      0.79337     -1.41709      1.87600      0.93827
   61  n0                 1      2112   42           0           0     -0.23086      0.60395     -0.59565      1.28672      0.93957
   62  (pi0)             11       111   42          65          66      0.07832      0.10423     -0.06553      0.19878      0.13498
   63  gamma              1        22   43           0           0     -0.15055      0.07599     -0.18669      0.25158      0.00000
   64  gamma              1        22   43           0           0      0.01245      0.07599     -0.07842      0.10991      0.00000
   65  gamma              1        22   62           0           0      0.11374      0.07527     -0.06907      0.15288      0.00000
   66  gamma              1        22   62           0           0     -0.03542      0.02896      0.00354      0.04589      0.00000
 ==================================================================================================================================
                   sum charge:  0.00   sum momentum and inv. mass:     -0.00000      0.00000    240.00000    260.00176    100.00458



                            Event listing (standard)

    I  particle/jet  K(I,1)   K(I,2) K(I,3)     K(I,4)      K(I,5)       P(I,1)       P(I,2)       P(I,3)       P(I,4)       P(I,5)

    1  !e-!              21        11    0           3           4      0.00000      0.00000    -10.00000     10.00000      0.00051
    2  !p+!              21      2212    0           5           0     -0.00000      0.00000    250.00000    250.00176      0.93827
 ==================================================================================================================================
    3  !e-!              21        11    1           0           0     -0.59929     -0.99704     -9.73131      9.80059      0.00051
    4  !gamma!           21        22    1           0           0      0.59929      0.99704     -0.26869      0.19941     -1.17714
    5  !p+!              21      2212    2           0           0     -0.00000     -0.00000    250.00000    250.00176      0.93827
    6  !gamma!           21        22    4           0           0      0.60154      1.00079     -0.25859      0.21127     -1.17714
    7  !ubar!            21        -2    5           0           0     -0.00001     -0.00002      1.47449      1.47449      0.00000
    8  !gamma!           21        22    6           0           0      0.60154      1.00079     -0.25859      0.21127     -1.17714
    9  !ubar!            21        -2    7           0           0     -0.00001     -0.00002      1.47449      1.47449      0.00000
   10  !ubar!            21        -2    9           0           0      0.60153      1.00076      1.21590      1.68576      0.00000
 ==================================================================================================================================
   11  p+                 1      2212    5           0           0     -0.06028      0.01141     86.78529     86.79038      0.93827
   12  e-                 1        11    3           0           0     -0.59929     -0.99704     -9.73131      9.80059      0.00051
   13  (ubar)        A   12        -2   10          15          15      0.75757      1.28204      2.15689      2.62102      0.00000
   14  (u)           V   11         2    5          15          15     -0.09800     -0.29641    160.78913    160.78977      0.33000
 ==================================================================================================================================
   15  (string)          11        92   13          16          21      0.65957      0.98563    162.94603    163.41079     12.25856
   16  (rho0)            11       113   15          22          23      0.54527      0.97942      5.22390      5.39954      0.78065
   17  (pi0)             11       111   15          24          25      0.33962     -0.11254      0.27032      0.46830      0.13498
   18  pbar-              1     -2212   15           0           0     -0.33229     -0.42268     11.31885     11.37039      0.93827
   19  n0                 1      2112   15           0           0      0.09912      0.83723     60.59067     60.60382      0.93957
   20  (pi0)             11       111   15          26          27     -0.21951      0.58173     10.86886     10.88747      0.13498
   21  (rho+)            11       213   15          28          29      0.22735     -0.87753     74.67342     74.68126      0.59094
   22  pi+                1       211   16           0           0     -0.05713     -0.01944      0.28691      0.32471      0.13957
   23  pi-                1      -211   16           0           0      0.60240      0.99886      4.93699      5.07483      0.13957
   24  gamma              1        22   17           0           0      0.04905      0.02114      0.07974      0.09598      0.00000
   25  gamma              1        22   17           0           0      0.29057     -0.13368      0.19058      0.37232      0.00000
   26  gamma              1        22   20           0           0     -0.21406      0.58822     10.59435     10.61283      0.00000
   27  gamma              1        22   20           0           0     -0.00545     -0.00649      0.27451      0.27464      0.00000
   28  pi+                1       211   21           0           0      0.12982     -0.39458     53.03631     53.03812      0.13957
   29  (pi0)             11       111   21          30          31      0.09753     -0.48295     21.63712     21.64315      0.13498
   30  gamma              1        22   29           0           0      0.02384     -0.28945     10.11151     10.11568      0.00000
   31  gamma              1        22   29           0           0      0.07369     -0.19350     11.52561     11.52747      0.00000
 ==================================================================================================================================
                   sum charge:  0.00   sum momentum and inv. mass:     -0.00000     -0.00000    240.00000    260.00176    100.00458



                            Event listing (standard)

    I  particle/jet  K(I,1)   K(I,2) K(I,3)     K(I,4)      K(I,5)       P(I,1)       P(I,2)       P(I,3)       P(I,4)       P(I,5)

    1  !e-!              21        11    0           3           4      0.00000      0.00000    -10.00000     10.00000      0.00051
    2  !p+!              21      2212    0           5           0     -0.00000      0.00000    250.00000    250.00176      0.93827
 ==================================================================================================================================
    3  !e-!              21        11    1           0           0     -0.93670     -0.49962     -9.48231      9.54155      0.00051
    4  !gamma!           21        22    1           0           0      0.93670      0.49962     -0.51769      0.45845     -1.08852
    5  !p+!              21      2212    2           0           0     -0.00000     -0.00000    250.00000    250.00176      0.93827
    6  !sbar!            21        -3    4           0           0      0.39213      0.23929     -0.08394      0.46698     -0.00000
    7  !g!               21        21    5           0           0      0.02762     -0.02537    142.43864    142.43864     -0.00000
    8  !sbar!            21        -3    6           0           0      0.36931      0.22537     -0.07906      0.43981      0.00000
    9  !g!               21        21    7           0           0     -0.83164     -0.50354     16.86746     16.89545      0.00000
   10  !sbar!            21        -3    0           0           0      0.66637      1.12824      2.03157      2.46865      0.50000
   11  !g!               21        21    0           0           0     -1.12870     -1.40642     14.75684     14.86661      0.00000
 ==================================================================================================================================
   12  (K*bar0)          11      -313    4          20          21      0.26070     -0.08104      1.73808      1.96914      0.88433
   13  e-                 1        11    3           0           0     -0.93670     -0.49962     -9.48231      9.54155      0.00051
   14  (sbar)        A   12        -3   10          22          22      0.66637      1.12824      2.03157      2.46865      0.50000
   15  (d)           V   11         1    5          22          22     -0.52514     -0.04697      5.81366      5.84684      0.33000
   16  (d)           A   12         1    4          25          25      0.24940      0.32298      0.79102      0.94928      0.33000
   17  (g)           I   12        21   11          25          25     -1.12870     -1.40642     14.75684     14.86661      0.00000
   18  (g)           I   12        21    7          25          25      0.88208      0.49210    125.56630    125.57036      0.00000
   19  (uu_1)        V   11      2203    5          25          25      0.53200      0.09072     98.78484     98.78933      0.77133
 ==================================================================================================================================
   20  K-                 1      -321   12           0           0      0.44348      0.03987      1.20934      1.38000      0.49360
   21  pi+                1       211   12           0           0     -0.18279     -0.12091      0.52874      0.58913      0.13957
   22  (string)          11        92   14          23          24      0.14123      1.08128      7.84523      8.31549      2.53193
   23  (Lambdabar0)      11     -3122   22          33          34     -0.66370      0.53937      4.06452      4.30075      1.11568
   24  n0                 1      2112   22           0           0      0.80493      0.54191      3.78071      4.01474      0.93957
   25  (string)          11        92   16          26          32      0.53478     -0.50061    239.89900    240.17558     11.49977
   26  (Delta-)          11      1114   25          35          36     -0.48633     -0.73499      9.79996      9.91058      1.18469
   27  (Deltabar+)       11     -1114   25          37          38      0.33656      0.23045      8.90461      9.00600      1.28432
   28  (omega)           11       223   25          39          41     -0.14275     -0.11788     24.85408     24.86704      0.78116
   29  pi-                1      -211   25           0           0      0.17242      0.00190      7.54489      7.54815      0.13957
   30  (rho+)            11       213   25          42          43     -0.61486     -0.20126     13.02665     13.05431      0.55029
   31  (omega)           11       223   25          44          46      0.26318      0.25698     29.58559     29.59801      0.77416
   32  (Delta+)          11      2214   25          47          48      1.00656      0.06419    146.18320    146.19150      1.18644
   33  pbar-              1     -2212   23           0           0     -0.46542      0.38708      3.12017      3.31395      0.93827
   34  pi+                1       211   23           0           0     -0.19828      0.15229      0.94435      0.98680      0.13957
   35  n0                 1      2112   26           0           0     -0.40670     -0.61545      6.81511      6.91901      0.93957
   36  pi-                1      -211   26           0           0     -0.07963     -0.11954      2.98486      2.99157      0.13957
   37  nbar0              1     -2112   27           0           0      0.34276      0.23267      5.29305      5.39173      0.93957
   38  pi+                1       211   27           0           0     -0.00620     -0.00221      3.61157      3.61427      0.13957
   39  pi-                1      -211   28           0           0      0.15062     -0.00133     15.43847     15.43984      0.13957
   40  pi+                1       211   28           0           0     -0.16304      0.01195      3.06634      3.07386      0.13957
   41  (pi0)             11       111   28          49          50     -0.13034     -0.12850      6.34927      6.35334      0.13498
   42  pi+                1       211   30           0           0     -0.61032     -0.15587     12.05666     12.07391      0.13957
   43  (pi0)             11       111   30          51          52     -0.00453     -0.04539      0.97000      0.98041      0.13498
   44  pi-                1      -211   31           0           0     -0.00371     -0.08590      9.63962      9.64101      0.13957
   45  pi+                1       211   31           0           0      0.18385     -0.00534      4.17539      4.18177      0.13957
   46  (pi0)             11       111   31          53          54      0.08304      0.34823     15.77059     15.77523      0.13498
   47  n0                 1      2112   32           0           0      0.80917      0.20132    108.57650    108.58377      0.93957
   48  pi+                1       211   32           0           0      0.19739     -0.13713     37.60670     37.60773      0.13957
   49  gamma              1        22   41           0           0     -0.01657     -0.03926      0.39066      0.39297      0.00000
   50  gamma              1        22   41           0           0     -0.11377     -0.08924      5.95861      5.96037      0.00000
   51  gamma              1        22   43           0           0     -0.03565     -0.01366      0.07366      0.08297      0.00000
   52  gamma              1        22   43           0           0      0.03112     -0.03174      0.89634      0.89744      0.00000
   53  gamma              1        22   46           0           0      0.10270      0.34741     14.72953     14.73398      0.00000
   54  gamma              1        22   46           0           0     -0.01965      0.00082      1.04106      1.04124      0.00000
 ==================================================================================================================================
                   sum charge:  0.00   sum momentum and inv. mass:     -0.00000     -0.00000    240.00000    260.00176    100.00458



                            Event listing (standard)

    I  particle/jet  K(I,1)   K(I,2) K(I,3)     K(I,4)      K(I,5)       P(I,1)       P(I,2)       P(I,3)       P(I,4)       P(I,5)

    1  !e-!              21        11    0           3           4      0.00000      0.00000    -10.00000     10.00000      0.00051
    2  !p+!              21      2212    0           5           0     -0.00000      0.00000    250.00000    250.00176      0.93827
 ==================================================================================================================================
    3  !e-!              21        11    1           0           0      0.89746      0.74380     -7.78438      7.87117      0.00051
    4  !gamma!           21        22    1           0           0     -0.89746     -0.74380     -2.21562      2.12883     -1.31746
    5  !p+!              21      2212    2           0           0     -0.00000      0.00000    250.00000    250.00176      0.93827
    6  !gamma!           21        22    4           0           0     -0.89045     -0.73798     -2.00010      2.31040     -0.00000
    7  !g!               21        21    5           0           0      0.58011      0.12106     13.51018     13.52317     -0.00000
    8  !gamma!           21        22    6           0           0     -0.58491     -0.48476     -1.31382      1.51764      0.00000
    9  !g!               21        21    7           0           0      0.01164     -2.25699      1.99153      3.01004      0.00000
   10  !d!               21         1    0           0           0      1.21626     -2.17602      0.02933      2.51478      0.33000
   11  !dbar!            21        -1    0           0           0     -1.78953     -0.56573      0.64838      2.01290      0.33000
 ==================================================================================================================================
   12  e-                 1        11    3           0           0      0.89746      0.74380     -7.78438      7.87117      0.00051
   13  (d)           A   12         1   10          20          20      0.90394     -1.63715      0.02545      1.89919      0.33000
   14  (g)           I   12        21    7          20          20      0.42134      1.65962     10.64199     10.77886      0.00000
   15  (g)           I   12        21    7          20          20     -0.15840      0.46522      0.19037      0.52703      0.00000
   16  (uu_1)        V   11      2203    5          20          20     -1.18735     -0.48874    219.24044    219.24556      0.77133
   17  (dbar)        A   12        -1   11          32          32     -1.35532     -0.23645     -0.17193      1.42522      0.33000
   18  (g)           I   12        21   11          32          32     -0.12190     -0.86816      0.82420      1.20327      0.00000
   19  (d)           V   11         1    5          32          32      0.60022      0.36187     17.03387     17.05147      0.33000
 ==================================================================================================================================
   20  (string)          11        92   13          21          31     -0.02047     -0.00106    230.09825    232.45063     32.98621
   21  pi-                1      -211   20           0           0     -0.37857      0.23513      0.10685      0.47906      0.13957
   22  p+                 1      2212   20           0           0      1.45963     -1.31212      1.94163      2.91590      0.93827
   23  pbar-              1     -2212   20           0           0     -0.49969      0.61645      1.64022      2.04948      0.93827
   24  K+                 1       321   20           0           0      0.47067     -0.25555      0.97958      1.22068      0.49360
   25  (K*bar0)          11      -313   20          39          40     -0.11502      0.01236      3.01555      3.14940      0.90100
   26  (pi0)             11       111   20          41          42     -0.31056      0.44477      7.11002      7.13196      0.13498
   27  pi-                1      -211   20           0           0      0.30918      0.04952      0.42640      0.54713      0.13957
   28  pi+                1       211   20           0           0      0.32892      0.63484     15.07972     15.09731      0.13957
   29  (rho-)            11      -213   20          43          44      0.30677      0.48413     25.21249     25.23658      0.94166
   30  (rho0)            11       113   20          45          46     -1.07632     -0.79134     37.94703     37.97835      0.76993
   31  (Delta++)         11      2224   20          47          48     -0.51548     -0.11924    136.63876    136.64480      1.17072
   32  (string)          11        92   17          33          38     -0.87699     -0.74274     17.68613     19.67996      8.55459
   33  (eta)             11       221   32          49          50      0.03455      0.26524      0.52807      0.80629      0.54745
   34  (omega)           11       223   32          51          53     -0.83199     -0.63958      1.17832      1.77474      0.81240
   35  (rho+)            11       213   32          54          55     -0.89452     -0.02841      0.42212      1.28128      0.81395
   36  pi-                1      -211   32           0           0      0.44191     -0.25510      0.57656      0.78247      0.13957
   37  pi+                1       211   32           0           0     -0.08839     -0.36789      6.54233      6.55475      0.13957
   38  (rho-)            11      -213   32          56          57      0.46145      0.28301      8.43872      8.48043      0.64239
   39  K-                 1      -321   25           0           0     -0.15794      0.08096      2.90934      2.95624      0.49360
   40  pi+                1       211   25           0           0      0.04292     -0.06859      0.10621      0.19315      0.13957
   41  gamma              1        22   26           0           0     -0.25808      0.43119      6.20270      6.22302      0.00000
   42  gamma              1        22   26           0           0     -0.05248      0.01358      0.90732      0.90894      0.00000
   43  pi-                1      -211   29           0           0      0.05651      0.00454      0.62981      0.64758      0.13957
   44  (pi0)             11       111   29          58          59      0.25025      0.47958     24.58268     24.58900      0.13498
   45  pi+                1       211   30           0           0     -0.73715     -0.73587     33.28295     33.29954      0.13957
   46  pi-                1      -211   30           0           0     -0.33917     -0.05547      4.66409      4.67881      0.13957
   47  p+                 1      2212   31           0           0     -0.52938     -0.00923    125.38013    125.38475      0.93827
   48  pi+                1       211   31           0           0      0.01389     -0.11002     11.25864     11.26005      0.13957
   49  gamma              1        22   33           0           0     -0.10579      0.04664      0.53408      0.54646      0.00000
   50  gamma              1        22   33           0           0      0.14034      0.21859     -0.00601      0.25984      0.00000
   51  pi+                1       211   34           0           0     -0.09243     -0.30488      0.53249      0.63602      0.13957
   52  pi-                1      -211   34           0           0     -0.10785     -0.19569      0.10042      0.28194      0.13957
   53  (pi0)             11       111   34          60          61     -0.63171     -0.13901      0.54541      0.85678      0.13498
   54  pi+                1       211   35           0           0     -0.81613     -0.12962      0.02009      0.83830      0.13957
   55  (pi0)             11       111   35          62          63     -0.07839      0.10120      0.40203      0.44298      0.13498
   56  pi-                1      -211   38           0           0      0.33374     -0.04579      2.17670      2.20703      0.13957
   57  (pi0)             11       111   38          64          65      0.12770      0.32880      6.26202      6.27340      0.13498
   58  gamma              1        22   44           0           0      0.18890      0.39568     17.18945     17.19504      0.00000
   59  gamma              1        22   44           0           0      0.06135      0.08391      7.39322      7.39396      0.00000
   60  gamma              1        22   53           0           0     -0.19559     -0.10531      0.20839      0.30458      0.00000
   61  gamma              1        22   53           0           0     -0.43612     -0.03370      0.33702      0.55219      0.00000
   62  gamma              1        22   55           0           0     -0.00317      0.07425      0.07221      0.10363      0.00000
   63  gamma              1        22   55           0           0     -0.07523      0.02695      0.32981      0.33936      0.00000
   64  gamma              1        22   57           0           0      0.10471      0.13060      3.61258      3.61645      0.00000
   65  gamma              1        22   57           0           0      0.02299      0.19820      2.64944      2.65695      0.00000
 ==================================================================================================================================
                   sum charge:  0.00   sum momentum and inv. mass:      0.00000      0.00000    240.00000    260.00176    100.00458



                            Event listing (standard)

    I  particle/jet  K(I,1)   K(I,2) K(I,3)     K(I,4)      K(I,5)       P(I,1)       P(I,2)       P(I,3)       P(I,4)       P(I,5)

    1  !e-!              21        11    0           3           4      0.00000      0.00000    -10.00000     10.00000      0.00051
    2  !p+!              21      2212    0           5           0     -0.00000      0.00000    250.00000    250.00176      0.93827
 ==================================================================================================================================
    3  !e-!              21        11    1           0           0     -2.27969      0.43310     -9.83405     10.10411      0.00051
    4  !gamma!           21        22    1           0           0      2.27969     -0.43310     -0.16595     -0.10411     -2.32407
    5  !p+!              21      2212    2           0           0     -0.00000      0.00000    250.00000    250.00176      0.93827
    6  !gamma!           21        22    4           0           0      2.34366     -0.44525      2.24581      2.30941     -2.32407
    7  !u!               21         2    5           0           0     -0.01086      0.00206     42.05161     42.05161      0.00000
    8  !gamma!           21        22    6           0           0      2.34366     -0.44525      2.24581      2.30941     -2.32407
    9  !u!               21         2    7           0           0     -0.01086      0.00206     42.05161     42.05161      0.00000
   10  !u!               21         2    9           0           0      2.33279     -0.44319     44.29743     44.36102      0.00000
 ==================================================================================================================================
   11  e-                 1        11    3           0           0     -2.27969      0.43310     -9.83405     10.10411      0.00051
   12  (u)           A   12         2   10          14          14      2.35088     -0.51209     46.09378     46.15653      0.00000
   13  (ud_0)        V   11      2101    5          14          14     -0.07119      0.07899    203.74027    203.74112      0.57933
 ==================================================================================================================================
   14  (string)          11        92   12          15          17      2.27969     -0.43310    249.83405    249.89765      5.13809
   15  (K*+)             11       323   14          18          19      1.75974      0.01330     43.69683     43.74163      0.90581
   16  (K*bar0)          11      -313   14          20          21      0.28363     -0.59982     43.65813     43.67397      0.97118
   17  n0                 1      2112   14           0           0      0.23632      0.15342    162.47909    162.48205      0.93957
   18  (K0)              11       311   15          22          22      1.67542     -0.11477     36.76219     36.80389      0.49767
   19  pi+                1       211   15           0           0      0.08432      0.12807      6.93464      6.93774      0.13957
   20  (Kbar0)           11      -311   16          23          23      0.02934     -0.52022     18.43960     18.45367      0.49767
   21  (pi0)             11       111   16          24          25      0.25429     -0.07959     25.21853     25.22030      0.13498
   22  K_L0               1       130   18           0           0      1.67542     -0.11477     36.76219     36.80389      0.49767
   23  (K_S0)            11       310   20          26          27      0.02934     -0.52022     18.43960     18.45367      0.49767
   24  gamma              1        22   21           0           0      0.00445     -0.01217      6.14277      6.14279      0.00000
   25  gamma              1        22   21           0           0      0.24984     -0.06743     19.07576     19.07751      0.00000
   26  pi-                1      -211   23           0           0      0.15433     -0.24443     12.93599     12.93998      0.13957
   27  pi+                1       211   23           0           0     -0.12499     -0.27579      5.50361      5.51370      0.13957
 ==================================================================================================================================
                   sum charge:  0.00   sum momentum and inv. mass:     -0.00000      0.00000    240.00000    260.00176    100.00458



                            Event listing (standard)

    I  particle/jet  K(I,1)   K(I,2) K(I,3)     K(I,4)      K(I,5)       P(I,1)       P(I,2)       P(I,3)       P(I,4)       P(I,5)

    1  !e-!              21        11    0           3           4      0.00000      0.00000    -10.00000     10.00000      0.00051
    2  !p+!              21      2212    0           5           0     -0.00000      0.00000    250.00000    250.00176      0.93827
 ==================================================================================================================================
    3  !e-!              21        11    1           0           0     -1.56377     -0.47460     -9.92056     10.05426      0.00051
    4  !gamma!           21        22    1           0           0      1.56377      0.47460     -0.07944     -0.05426     -1.63523
    5  !p+!              21      2212    2           0           0     -0.00000     -0.00000    250.00000    250.00176      0.93827
    6  !gamma!           21        22    4           0           0      1.66859      0.50641      6.79980      6.82671     -1.63523
    7  !u!               21         2    5           0           0     -0.02081     -0.00632     48.27343     48.27344      0.00000
    8  !gamma!           21        22    6           0           0      1.66859      0.50641      6.79980      6.82671     -1.63523
    9  !u!               21         2    7           0           0     -0.02081     -0.00632     48.27343     48.27344      0.00000
   10  !u!               21         2    9           0           0      1.64778      0.50009     55.07324     55.10015      0.00000
 ==================================================================================================================================
   11  e-                 1        11    3           0           0     -1.56377     -0.47460     -9.92056     10.05426      0.00051
   12  (ud_0)        A   12      2101    5          15          15     -0.17081     -0.34293    148.04355    148.04518      0.57933
   13  (g)           I   12        21   10          15          15      0.31785      0.34350     53.94430     53.94633      0.00000
   14  (u)           V   11         2   10          15          15      1.41673      0.47403     47.93272     47.95599      0.00000
 ==================================================================================================================================
   15  (string)          11        92   12          16          18      1.56377      0.47460    249.92056    249.94750      3.28528
   16  p+                 1      2212   15           0           0      0.03316     -0.53254    109.28295    109.28828      0.93827
   17  (rho0)            11       113   15          19          20      1.38614      0.71477     69.05199     69.07075      0.40000
   18  (eta)             11       221   15          21          23      0.14447      0.29237     71.58563     71.58846      0.54745
   19  pi-                1      -211   17           0           0      1.05271      0.42868     51.33487     51.34764      0.13957
   20  pi+                1       211   17           0           0      0.33343      0.28609     17.71712     17.72311      0.13957
   21  pi+                1       211   18           0           0     -0.03308      0.22742     31.01353     31.01470      0.13957
   22  pi-                1      -211   18           0           0      0.13006      0.10173     27.02911     27.02997      0.13957
   23  (pi0)             11       111   18          24          25      0.04748     -0.03679     13.54299     13.54379      0.13498
   24  gamma              1        22   23           0           0     -0.00027      0.00341     11.12470     11.12470      0.00000
   25  gamma              1        22   23           0           0      0.04775     -0.04019      2.41829      2.41909      0.00000
 ==================================================================================================================================
                   sum charge:  0.00   sum momentum and inv. mass:     -0.00000     -0.00000    240.00000    260.00176    100.00458

 Advisory warning: maximum violated by  1.299D+00 in event      73
 XSEC(96,1) increased to  1.885D-02

 Advisory warning: maximum violated by  1.013D+00 in event     762
 XSEC(96,1) increased to  1.909D-02

 Advisory warning: maximum violated by  1.272D+00 in event    1589
 XSEC(96,1) increased to  2.429D-02

 Advisory warning: maximum violated by  1.254D+00 in event    5673
 XSEC(96,1) increased to  3.045D-02

 Advisory warning: maximum violated by  1.554D+00 in event   12778
 XSEC(96,1) increased to  4.733D-02
1********* PYSTAT:  Statistics on Number of Events and Cross-sections *********

 ==============================================================================
 I                                  I                            I            I
 I            Subprocess            I      Number of points      I    Sigma   I
 I                                  I                            I            I
 I----------------------------------I----------------------------I    (mb)    I
 I                                  I                            I            I
 I N:o Type                         I    Generated         Tried I            I
 I                                  I                            I            I
 ==============================================================================
 I                                  I                            I            I
 I   0 All included subprocesses    I       500000      12811500 I  7.085D-04 I
 I  11 f + f' -> f + f' (QCD)       I        12493             0 I  1.223D-05 I
 I  12 f + fbar -> f' + fbar'       I          245             0 I  2.350D-07 I
 I  13 f + fbar -> g + g            I          329             0 I  3.038D-07 I
 I  28 f + g -> f + g               I        32884             0 I  3.199D-05 I
 I  53 g + g -> f + fbar            I          367             0 I  3.035D-07 I
 I  68 g + g -> g + g               I        14721             0 I  1.180D-05 I
 I  91 Elastic scattering           I        27849        422960 I  3.772D-05 I
 I  92 Single diffractive (XB)      I        14329        309451 I  1.953D-05 I
 I  93 Single diffractive (AX)      I        11542        251225 I  1.565D-05 I
 I  94 Double  diffractive          I         7861        259520 I  1.026D-05 I
 I  95 Low-pT scattering            I        42666        121902 I  1.077D-04 I
 I  99 q + gamma* -> q              I       305486       1740268 I  4.204D-04 I
 I 131 f + gamma*_T -> f + g        I         9098        133249 I  1.259D-05 I
 I 132 f + gamma*_L -> f + g        I          458          6937 I  6.606D-07 I
 I 135 g + gamma*_T -> f + fbar     I        16195        412211 I  2.236D-05 I
 I 136 g + gamma*_L -> f + fbar     I         3477         67255 I  4.787D-06 I
 I                                  I                            I            I
 ==============================================================================
 I                                  I                            I            I
 I   1 VMD * hadron                 I        86895       5747559 I  1.360D-04 I
 I   2 direct * hadron              I        29228        619652 I  4.039D-05 I
 I   3 anomalous * hadron           I        78391       4704021 I  1.118D-04 I
 I   4 DIS * hadron                 I       305486       1740268 I  4.204D-04 I
 I                                  I                            I            I
 ==============================================================================

 ********* Total number of errors, excluding junctions =        0 *************
 ********* Total number of errors, including junctions =        0 *************
 ********* Total number of warnings =                           0 *************
 ********* Fraction of events that fail fragmentation cuts =  0.03223 *********

1************ PYSTAT: User-Defined Limits on Kinematical Variables ************

 ==============================================================================
 I                                                                            I
 I                 0.000D+00 <  m_hard (GeV/c^2)  <  7.437D+01                I
 I    0.000D+00 ( 1.000D+00) <  p_T_hard (GeV/c)  <  3.719D+01                I
 I                             m_finite (GeV/c^2) =  1.000D+00                I
 I                -1.000D+01 <    y*_subsystem    <  1.000D+01                I
 I                -4.000D+01 <      y*_large      <  4.000D+01                I
 I                -4.000D+01 <      y*_small      <  4.000D+01                I
 I                -4.000D+01 <     eta*_large     <  4.000D+01                I
 I                -4.000D+01 <     eta*_small     <  4.000D+01                I
 I                -1.000D+00 < cos(theta*)_large  <  1.000D+00                I
 I                -1.000D+00 < cos(theta*)_small  <  1.000D+00                I
 I                 0.000D+00 <        x_1         <  1.000D+00                I
 I                 0.000D+00 <        x_2         <  1.000D+00                I
 I                -1.000D+00 <        x_F         <  1.000D+00                I
 I                -1.000D+00 <  cos(theta_hard)   <  1.000D+00                I
 I                 2.000D+00 < m'_hard (GeV/c^2)  <  7.437D+01                I
 I                                                                            I
 ==============================================================================
 The charm mass used is:    1.5000000000000000     
 ===================================================
 Pythia total cross section normalisation:  0.70847940746411830       microbarn
 Total Number of generated events      500000
 Total Number of trials      500000
 ===================================================

 ===== PDFSTA statistics for PDF under/over-flows ====

 ====== STRUCTM statistics for nucleon/pion PDFs =====

   total # of calls    11856617.000000000     
   X  below PDF min    0.0000000000000000       or    0.0000000000000000       %
   X  above PDF max    0.0000000000000000       or    0.0000000000000000       %
   Q2 below PDF min    0.0000000000000000       or    0.0000000000000000       %
   Q2 above PDF max    0.0000000000000000       or    0.0000000000000000       %

 ========= STRUCTP statistics for photon PDFs ========

   total # of calls    0.0000000000000000     

