1                                                                              
 ******************************************************************************
 ******************************************************************************
 **                                                                          **
 **                                                                          **
 **              *......*                  Welcome to the Lund Monte Carlo!  **
 **         *:::!!:::::::::::*                                               **
 **      *::::::!!::::::::::::::*          PPP  Y   Y TTTTT H   H III   A    **
 **    *::::::::!!::::::::::::::::*        P  P  Y Y    T   H   H  I   A A   **
 **   *:::::::::!!:::::::::::::::::*       PPP    Y     T   HHHHH  I  AAAAA  **
 **   *:::::::::!!:::::::::::::::::*       P      Y     T   H   H  I  A   A  **
 **    *::::::::!!::::::::::::::::*!       P      Y     T   H   H III A   A  **
 **      *::::::!!::::::::::::::* !!                                         **
 **      !! *:::!!:::::::::::*    !!       This is PYTHIA version 6.428      **
 **      !!     !* -><- *         !!       Last date of change:  5 Sep 2013  **
 **      !!     !!                !!                                         **
 **      !!     !!                !!       Now is  0 Jan 2000 at  0:00:00    **
 **      !!                       !!                                         **
 **      !!        lh             !!       Disclaimer: this program comes    **
 **      !!                       !!       without any guarantees. Beware    **
 **      !!                 hh    !!       of errors and use common sense    **
 **      !!    ll                 !!       when interpreting results.        **
 **      !!                       !!                                         **
 **      !!                                Copyright T. Sjostrand (2011)     **
 **                                                                          **
 ** An archive of program versions and documentation is found on the web:    **
 ** http://www.thep.lu.se/~torbjorn/Pythia.html                              **
 **                                                                          **
 ** When you cite this program, the official reference is to the 6.4 manual: **
 ** T. Sjostrand, S. Mrenna and P. Skands, JHEP05 (2006) 026                 **
 ** (LU TP 06-13, FERMILAB-PUB-06-052-CD-T) [hep-ph/0603175].                **
 **                                                                          **
 ** Also remember that the program, to a large extent, represents original   **
 ** physics research. Other publications of special relevance to your        **
 ** studies may therefore deserve separate mention.                          **
 **                                                                          **
 ** Main author: Torbjorn Sjostrand; Department of Theoretical Physics,      **
 **   Lund University, Solvegatan 14A, S-223 62 Lund, Sweden;                **
 **   phone: + 46 - 46 - 222 48 16; e-mail: torbjorn@thep.lu.se              **
 ** Author: Stephen Mrenna; Computing Division, GDS Group,                   **
 **   Fermi National Accelerator Laboratory, MS 234, Batavia, IL 60510, USA; **
 **   phone: + 1 - 630 - 840 - 2556; e-mail: mrenna@fnal.gov                 **
 ** Author: Peter Skands; CERN/PH-TH, CH-1211 Geneva, Switzerland            **
 **   phone: + 41 - 22 - 767 24 47; e-mail: peter.skands@cern.ch             **
 **                                                                          **
 **                                                                          **
 ******************************************************************************
 ******************************************************************************
     MSEL           changed from              1 to              2
     MSTP(14)       changed from             30 to             30
     MSTP(15)       changed from              0 to              0
     MSTP(16)       changed from              1 to              1
     MSTP(17)       changed from              4 to              4
     MSTP(18)       changed from              3 to              3
     MSTP(19)       changed from              4 to              1
     MSTP(20)       changed from              3 to              0
     MSTP(32)       changed from              8 to              8
     MSTP(38)       changed from              5 to              4
     MSTP(51)       changed from              7 to          10050
     MSTP(52)       changed from              1 to              2
     MSTP(53)       changed from              3 to              3
     MSTP(54)       changed from              1 to              1
     MSTP(55)       changed from              5 to              5
     MSTP(56)       changed from              1 to              1
     MSTP(57)       changed from              1 to              1
     MSTP(58)       changed from              5 to              5
     MSTP(59)       changed from              1 to              1
     MSTP(60)       changed from              7 to              7
     MSTP(61)       changed from              2 to              2
     MSTP(71)       changed from              1 to              1
     MSTP(81)       changed from              1 to              0
     MSTP(82)       changed from              4 to              1
     MSTP(91)       changed from              1 to              1
     MSTP(92)       changed from              3 to              3
     MSTP(93)       changed from              1 to              1
     MSTP(101)      changed from              3 to              3
     MSTP(102)      changed from              1 to              1
     MSTP(111)      changed from              1 to              1
     MSTP(121)      changed from              0 to              0
     PARP(13)       changed from        1.00000 to        1.00000
     PARP(18)       changed from        0.40000 to        0.40000
     PARP(81)       changed from        1.90000 to        1.90000
     PARP(89)       changed from     1800.00000 to     1800.00000
     PARP(90)       changed from        0.25000 to        0.16000
     PARP(91)       changed from        2.00000 to        0.40000
     PARP(93)       changed from        5.00000 to        5.00000
     PARP(99)       changed from        1.00000 to        0.40000
     PARP(100)      changed from        5.00000 to        5.00000
     PARP(102)      changed from        0.28000 to        0.28000
     PARP(103)      changed from        1.00000 to        1.00000
     PARP(104)      changed from        0.80000 to        0.80000
     PARP(111)      changed from        2.00000 to        2.00000
     PARP(161)      changed from        2.20000 to        3.00000
     PARP(162)      changed from       23.60000 to       24.60000
     PARP(163)      changed from       18.40000 to       18.80000
     PARP(164)      changed from       11.50000 to       11.50000
     PARP(165)      changed from        0.50000 to        0.47679
     PARP(166)      changed from        0.00000 to        0.67597
     PARJ(1)        changed from        0.10000 to        0.10000
     PARJ(2)        changed from        0.30000 to        0.30000
     PARJ(11)       changed from        0.50000 to        0.50000
     PARJ(12)       changed from        0.60000 to        0.60000
     PARJ(21)       changed from        0.36000 to        0.40000
     PARJ(32)       changed from        1.00000 to        1.00000
     PARJ(33)       changed from        0.80000 to        0.80000
     PARJ(41)       changed from        0.30000 to        0.30000
     PARJ(42)       changed from        0.58000 to        0.58000
     PARJ(45)       changed from        0.50000 to        0.50000
     MSTJ(1)        changed from              1 to              1
     MSTJ(12)       changed from              2 to              1
     MSTJ(45)       changed from              5 to              5
     MSTU(112)      changed from              5 to              5
     MSTU(113)      changed from              3 to              5
     MSTU(114)      changed from              5 to              5
     CKIN(1)        changed from        2.00000 to        1.00000
     CKIN(2)        changed from       -1.00000 to       -1.00000
     CKIN(3)        changed from        0.00000 to        0.00000
     CKIN(4)        changed from       -1.00000 to       -1.00000
     CKIN(5)        changed from        1.00000 to        1.00000
     CKIN(6)        changed from        1.00000 to        1.00000
     CKIN(7)        changed from      -10.00000 to      -10.00000
     CKIN(8)        changed from       10.00000 to       10.00000
     CKIN(9)        changed from      -40.00000 to      -40.00000
     CKIN(10)       changed from       40.00000 to       40.00000
     CKIN(11)       changed from      -40.00000 to      -40.00000
     CKIN(12)       changed from       40.00000 to       40.00000
     CKIN(13)       changed from      -40.00000 to      -40.00000
     CKIN(14)       changed from       40.00000 to       40.00000
     CKIN(15)       changed from      -40.00000 to      -40.00000
     CKIN(16)       changed from       40.00000 to       40.00000
     CKIN(17)       changed from       -1.00000 to       -1.00000
     CKIN(18)       changed from        1.00000 to        1.00000
     CKIN(19)       changed from       -1.00000 to       -1.00000
     CKIN(20)       changed from        1.00000 to        1.00000
     CKIN(21)       changed from        0.00000 to        0.00000
     CKIN(22)       changed from        1.00000 to        1.00000
     CKIN(23)       changed from        0.00000 to        0.00000
     CKIN(24)       changed from        1.00000 to        1.00000
     CKIN(25)       changed from       -1.00000 to       -1.00000
     CKIN(26)       changed from        1.00000 to        1.00000
     CKIN(27)       changed from       -1.00000 to       -1.00000
     CKIN(28)       changed from        1.00000 to        1.00000
     CKIN(31)       changed from        2.00000 to        2.00000
     CKIN(32)       changed from       -1.00000 to       -1.00000
     CKIN(35)       changed from        0.00000 to        0.00000
     CKIN(36)       changed from       -1.00000 to       -1.00000
     CKIN(37)       changed from        0.00000 to        0.00000
     CKIN(38)       changed from       -1.00000 to       -1.00000
     CKIN(39)       changed from        4.00000 to        4.00000
     CKIN(40)       changed from       -1.00000 to       -1.00000
     CKIN(65)       changed from        0.00000 to        0.00000
     CKIN(66)       changed from       -1.00000 to       -1.00000
     CKIN(67)       changed from        0.00000 to        0.00000
     CKIN(68)       changed from       -1.00000 to       -1.00000
     CKIN(77)       changed from        2.00000 to        2.00000
     CKIN(78)       changed from       -1.00000 to       -1.00000
 *********************************************
 NOW all parameters are read by PYTHIA
 *********************************************
 SEED =   1172255850
 RANLUX LUXURY LEVEL SET BY RLUXGO : 4     P= 389
 RANLUX INITIALIZED BY RLUXGO FROM SEEDS  1172255850           0           0
   5328.9753403062132        10.000000000000000       -5328.9753403062132       -10.0000000    
 *********************************************
 proton beam momentum:   250.000000     GeV
 lepton beam momentum:   10.0000000     GeV
 resulting sqrt(s):   100.00457712527508      GeV
 *********************************************
1****************** PYINIT: initialization of PYTHIA routines *****************
 ==== PYTHIA WILL USE LHAPDF ====
 *************************************
 *       LHAPDF Version 5.9.1        *
 *   Configured for the following:   *
 *             All PDFs              *
 *         FULL MEMORY option        *
 *    Maximum  3 concurrent set(s)   *
 *************************************

 >>>>>> PDF description: <<<<<<
 CTEQ6M                                                          
 Reference:                                                      
 J. Pumplin, D.R. Stump, J. Huston, H.L. Lai, P. Nadolsky,       
 W.K. Tung                                                       
 hep-ph/0201195                                                  
 This set has 41 member PDFs.                                    
     mem=0 --> central value (cteq6m)                            
     mem=1-40 --> 20 sets of +ve/-ve error values                
 >>>>>>                   <<<<<<

 ==============================================
 PDFset name /cvmfs/sft.cern.ch/lcg/external/lhapdfsets/5.9.1/share/PDFsets/cteq6mE.LHgrid   
 with         40 members
 ====  initialized. ===========================
 Strong coupling at Mz for PDF is:  0.11798

 ==============================================================================
 I                                                                            I
 I      PYTHIA will be initialized for gamma/e- on p+ user configuration      I
 I                                                                            I
 I                  px (GeV/c)   py (GeV/c)   pz (GeV/c)      E (GeV)         I
 I        gamma/e-       0.000        0.000      -10.000       10.000         I
 I        p+             0.000        0.000      250.000      250.002         I
 I                                                                            I
 I           corresponding to    100.005 GeV center-of-mass energy            I
 I                                                                            I
 ==============================================================================

 ******** PYMAXI: summary of differential cross-section maximum search ********

           ==========================================================
           I                                      I                 I
           I  ISUB  Subprocess name               I  Maximum value  I
           I                                      I                 I
           ==========================================================
           I                                      I                 I
           I   91   Elastic scattering            I    4.5802D-04   I
           I   92   Single diffractive (XB)       I    3.3396D-04   I
           I   93   Single diffractive (AX)       I    2.7193D-04   I
           I   94   Double  diffractive           I    2.7235D-04   I
           I   95   Low-pT scattering             I    1.9842D-03   I
           I   96   Semihard QCD 2 -> 2           I    1.9401D-02   I
           I                                      I                 I
           ==========================================================

 ******** PYMAXI: summary of differential cross-section maximum search ********

           ==========================================================
           I                                      I                 I
           I  ISUB  Subprocess name               I  Maximum value  I
           I                                      I                 I
           ==========================================================
           I                                      I                 I
           I  131   f + gamma*_T -> f + g         I    1.8340D-04   I
           I  132   f + gamma*_L -> f + g         I    9.6222D-06   I
           I  135   g + gamma*_T -> f + fbar      I    5.6762D-04   I
           I  136   g + gamma*_L -> f + fbar      I    9.2431D-05   I
           I                                      I                 I
           ==========================================================

 ******** PYMAXI: summary of differential cross-section maximum search ********

           ==========================================================
           I                                      I                 I
           I  ISUB  Subprocess name               I  Maximum value  I
           I                                      I                 I
           ==========================================================
           I                                      I                 I
           I   91   Elastic scattering            I    1.1937D-04   I
           I   92   Single diffractive (XB)       I    8.8669D-05   I
           I   93   Single diffractive (AX)       I    7.0104D-05   I
           I   94   Double  diffractive           I    7.1830D-05   I
           I   95   Low-pT scattering             I    5.5769D-04   I
           I   96   Semihard QCD 2 -> 2           I    1.4517D-02   I
           I                                      I                 I
           ==========================================================

 ******** PYMAXI: summary of differential cross-section maximum search ********

           ==========================================================
           I                                      I                 I
           I  ISUB  Subprocess name               I  Maximum value  I
           I                                      I                 I
           ==========================================================
           I                                      I                 I
           I   99   q + gamma* -> q               I    2.3955D-03   I
           I                                      I                 I
           ==========================================================

 ********************** PYINIT: initialization completed **********************
 the outputfile will be named: outfiles/ep_10x250_Q2_1_10_norad.out                                                                                                                                                                                                                            



                            Event listing (standard)

    I  particle/jet  K(I,1)   K(I,2) K(I,3)     K(I,4)      K(I,5)       P(I,1)       P(I,2)       P(I,3)       P(I,4)       P(I,5)

    1  !e-!              21        11    0           3           4      0.00000      0.00000    -10.00000     10.00000      0.00051
    2  !p+!              21      2212    0           5           0     -0.00000      0.00000    250.00000    250.00176      0.93827
 ==================================================================================================================================
    3  !e-!              21        11    1           0           0      0.69075      0.92143     -9.93364     10.00017      0.00051
    4  !gamma!           21        22    1           0           0     -0.69075     -0.92143     -0.06636     -0.00017     -1.15350
    5  !p+!              21      2212    2           0           0      0.00000      0.00000    250.00000    250.00176      0.93827
    6  !gamma!           21        22    4           0           0     -0.70907     -0.94586      0.45805      0.52600     -1.15350
    7  !u!               21         2    5           0           0      0.00072      0.00096      9.77056      9.77056      0.00000
    8  !gamma!           21        22    6           0           0     -0.70907     -0.94586      0.45805      0.52600     -1.15350
    9  !u!               21         2    7           0           0      0.00072      0.00096      9.77056      9.77056      0.00000
   10  !u!               21         2    9           0           0     -0.70835     -0.94490     10.22861     10.29656      0.00000
 ==================================================================================================================================
   11  e-                 1        11    3           0           0      0.69075      0.92143     -9.93364     10.00017      0.00051
   12  (u)           A   12         2   10          14          14     -0.85902     -0.76308      9.79851      9.86565      0.00000
   13  (ud_0)        V   11      2101    5          14          14      0.16828     -0.15835    240.13513    240.13594      0.57933
 ==================================================================================================================================
   14  (string)          11        92   12          15          17     -0.69075     -0.92143    249.93364    250.00159      5.71343
   15  pi+                1       211   14           0           0     -0.62417     -0.73386      7.93395      7.99344      0.13957
   16  (K0)              11       311   14          18          18     -0.06170     -0.32975     33.21142     33.21684      0.49767
   17  (Lambda0)         11      3122   14          19          20     -0.00488      0.14218    208.78827    208.79130      1.11568
   18  K_L0               1       130   16           0           0     -0.06170     -0.32975     33.21142     33.21684      0.49767
   19  p+                 1      2212   17           0           0      0.07680      0.17619    181.92315    181.92567      0.93827
   20  pi-                1      -211   17           0           0     -0.08168     -0.03400     26.86512     26.86563      0.13957
 ==================================================================================================================================
                   sum charge:  0.00   sum momentum and inv. mass:      0.00000      0.00000    240.00000    260.00176    100.00458



                            Event listing (standard)

    I  particle/jet  K(I,1)   K(I,2) K(I,3)     K(I,4)      K(I,5)       P(I,1)       P(I,2)       P(I,3)       P(I,4)       P(I,5)

    1  !e-!              21        11    0           3           4      0.00000      0.00000    -10.00000     10.00000      0.00051
    2  !p+!              21      2212    0           5           0     -0.00000      0.00000    250.00000    250.00176      0.93827
 ==================================================================================================================================
    3  !e-!              21        11    1           0           0     -0.79173      0.59563     -9.60032      9.65131      0.00051
    4  !gamma!           21        22    1           0           0      0.79173     -0.59563     -0.39968      0.34869     -1.00984
    5  !p+!              21      2212    2           0           0     -0.00000      0.00000    250.00000    250.00176      0.93827
    6  !gamma!           21        22    4           0           0      0.74731     -0.56222      0.26585      0.97223     -0.00000
    7  !g!               21        21    5           0           0      0.77636     -0.50958     13.20286     13.23548     -0.00000
    8  !gamma!           21        22    6           0           0      0.74731     -0.56222      0.26585      0.97223      0.00000
    9  !g!               21        21    7           0           0      0.77636     -0.50958     13.20286     13.23548      0.00000
   10  !ubar!            21        -2    0           0           0     -0.39328     -0.21324     10.71149     10.72590      0.33000
   11  !u!               21         2    0           0           0      1.91695     -0.85855      2.75722      3.48181      0.33000
 ==================================================================================================================================
   12  e-                 1        11    3           0           0     -0.79173      0.59563     -9.60032      9.65131      0.00051
   13  (ubar)        A   12        -2   10          17          17     -0.39328     -0.21324     10.71149     10.72590      0.33000
   14  (u)           V   11         2    5          17          17      0.30875     -0.03195     15.21959     15.22633      0.33000
   15  (u)           A   12         2   11          20          20      1.91695     -0.85855      2.75722      3.48181      0.33000
   16  (ud_1)        V   11      2103    5          20          20     -1.04069      0.50811    220.91203    220.91641      0.77133
   17  (cluster)         11        91   13          18          19     -0.08453     -0.24519     25.93108     25.95223      1.01511
   18  pi-                1      -211   17           0           0     -0.00148     -0.14157     11.78001     11.78169      0.13957
   19  (rho+)            11       213   17          30          31     -0.08305     -0.10363     14.15106     14.17054      0.73080
 ==================================================================================================================================
   20  (string)          11        92   15          21          29      0.87626     -0.35044    223.66925    224.39822     18.04815
   21  (rho0)            11       113   20          32          33      1.05016     -0.52306      2.06923      2.50367      0.78117
   22  (eta)             11       221   20          34          36      0.55424      0.23072      2.16649      2.31383      0.54745
   23  (rho+)            11       213   20          37          38      0.20186     -0.07325      4.74726      4.83144      0.87192
   24  (pi0)             11       111   20          39          40     -0.16579     -0.28168      2.78183      2.80421      0.13498
   25  (eta')            11       331   20          41          43      0.12123      0.04485     30.86987     30.88504      0.95916
   26  pi-                1      -211   20           0           0      0.19518     -0.08535     23.83944     23.84080      0.13957
   27  (pi0)             11       111   20          44          45     -1.05259      0.25659     54.67742     54.68832      0.13498
   28  pi+                1       211   20           0           0      0.09942      0.22646     36.20526     36.20637      0.13957
   29  (Delta0)          11      2114   20          46          47     -0.12745     -0.14572     66.31244     66.32452      1.25081
   30  pi+                1       211   19           0           0     -0.19205      0.12504     11.64573     11.64882      0.13957
   31  (pi0)             11       111   19          48          49      0.10900     -0.22867      2.50533      2.52172      0.13498
   32  pi-                1      -211   21           0           0      0.19328     -0.46431      0.59222      0.78940      0.13957
   33  pi+                1       211   21           0           0      0.85688     -0.05875      1.47701      1.71427      0.13957
   34  (pi0)             11       111   22          50          51      0.17379      0.18140      0.47169      0.55120      0.13498
   35  (pi0)             11       111   22          52          53      0.11186     -0.01447      0.67418      0.69675      0.13498
   36  (pi0)             11       111   22          54          55      0.26859      0.06380      1.02063      1.06589      0.13498
   37  pi+                1       211   23           0           0      0.20161      0.34463      1.65677      1.70991      0.13957
   38  (pi0)             11       111   23          56          57      0.00024     -0.41788      3.09048      3.12153      0.13498
   39  gamma              1        22   24           0           0     -0.18602     -0.26986      2.66334      2.68343      0.00000
   40  gamma              1        22   24           0           0      0.02023     -0.01182      0.11849      0.12078      0.00000
   41  pi-                1      -211   25           0           0      0.03287     -0.14333      4.77093      4.77524      0.13957
   42  pi+                1       211   25           0           0     -0.05775     -0.00895      4.56460      4.56711      0.13957
   43  (eta)             11       221   25          58          59      0.14611      0.19712     21.53434     21.54270      0.54745
   44  gamma              1        22   27           0           0     -0.03694     -0.00243      1.03953      1.04019      0.00000
   45  gamma              1        22   27           0           0     -1.01566      0.25903     53.63790     53.64814      0.00000
   46  p+                 1      2212   29           0           0     -0.24175      0.08479     51.64704     51.65620      0.93827
   47  pi-                1      -211   29           0           0      0.11430     -0.23051     14.66540     14.66832      0.13957
   48  gamma              1        22   31           0           0      0.03027     -0.03967      1.14318      1.14427      0.00000
   49  gamma              1        22   31           0           0      0.07872     -0.18900      1.36215      1.37745      0.00000
   50  gamma              1        22   34           0           0      0.16686      0.13510      0.45202      0.50042      0.00000
   51  gamma              1        22   34           0           0      0.00693      0.04630      0.01967      0.05078      0.00000
   52  gamma              1        22   35           0           0      0.11881      0.00348      0.66478      0.67532      0.00000
   53  gamma              1        22   35           0           0     -0.00695     -0.01796      0.00940      0.02143      0.00000
   54  gamma              1        22   36           0           0      0.14859      0.10220      0.64160      0.66647      0.00000
   55  gamma              1        22   36           0           0      0.11999     -0.03841      0.37903      0.39942      0.00000
   56  gamma              1        22   38           0           0     -0.05836     -0.17188      1.52234      1.53312      0.00000
   57  gamma              1        22   38           0           0      0.05861     -0.24601      1.56814      1.58840      0.00000
   58  gamma              1        22   43           0           0      0.21210      0.32004     19.40056     19.40436      0.00000
   59  gamma              1        22   43           0           0     -0.06599     -0.12292      2.13378      2.13834      0.00000
 ==================================================================================================================================
                   sum charge:  0.00   sum momentum and inv. mass:     -0.00000      0.00000    240.00000    260.00176    100.00458



                            Event listing (standard)

    I  particle/jet  K(I,1)   K(I,2) K(I,3)     K(I,4)      K(I,5)       P(I,1)       P(I,2)       P(I,3)       P(I,4)       P(I,5)

    1  !e-!              21        11    0           3           4      0.00000      0.00000    -10.00000     10.00000      0.00051
    2  !p+!              21      2212    0           5           0     -0.00000      0.00000    250.00000    250.00176      0.93827
 ==================================================================================================================================
    3  !e-!              21        11    1           0           0     -0.38122      1.00263     -7.65467      7.72946      0.00051
    4  !gamma!           21        22    1           0           0      0.38122     -1.00263     -2.34533      2.27054     -1.22304
    5  !p+!              21      2212    2           0           0     -0.00000      0.00000    250.00000    250.00176      0.93827
    6  !rho_diff0!       21   9900110    4           0           0      0.14367     -1.13951     -2.01473      2.60098      1.17765
    7  !p+!              21      2212    5           0           0      0.23755      0.13688    249.66940    249.67132      0.93827
 ==================================================================================================================================
    8  pi-                1      -211    6           0           0      0.26623     -0.17942     -0.93899      1.00212      0.13957
    9  (rho+)            11       213    6          12          13     -0.12256     -0.96009     -1.07575      1.59886      0.67996
   10  p+                 1      2212    7           0           0      0.23755      0.13688    249.66940    249.67132      0.93827
   11  e-                 1        11    3           0           0     -0.38122      1.00263     -7.65467      7.72946      0.00051
 ==================================================================================================================================
   12  pi+                1       211    9           0           0      0.16152     -0.64596     -0.88216      1.11402      0.13957
   13  (pi0)             11       111    9          14          15     -0.28408     -0.31413     -0.19359      0.48485      0.13498
   14  gamma              1        22   13           0           0     -0.21652     -0.19372     -0.18920      0.34671      0.00000
   15  gamma              1        22   13           0           0     -0.06756     -0.12041     -0.00439      0.13814      0.00000
 ==================================================================================================================================
                   sum charge:  0.00   sum momentum and inv. mass:      0.00000     -0.00000    240.00000    260.00176    100.00458



                            Event listing (standard)

    I  particle/jet  K(I,1)   K(I,2) K(I,3)     K(I,4)      K(I,5)       P(I,1)       P(I,2)       P(I,3)       P(I,4)       P(I,5)

    1  !e-!              21        11    0           3           4      0.00000      0.00000    -10.00000     10.00000      0.00051
    2  !p+!              21      2212    0           5           0     -0.00000      0.00000    250.00000    250.00176      0.93827
 ==================================================================================================================================
    3  !e-!              21        11    1           0           0      0.57413     -0.87317     -9.94867     10.00341      0.00051
    4  !gamma!           21        22    1           0           0     -0.57413      0.87317     -0.05133     -0.00341     -1.04627
    5  !p+!              21      2212    2           0           0      0.00000     -0.00000    250.00000    250.00176      0.93827
    6  !g!               21        21    4           0           0      0.00000      0.00000      0.00000      0.00000      0.00000
    7  !g!               21        21    5           0           0      0.00000      0.00000      0.00000      0.00000      0.00000
    8  !g!               21        21    6           0           0      0.00000      0.00000      0.00000      0.00000      0.00000
    9  !g!               21        21    7           0           0      0.00000      0.00000      0.00000      0.00000      0.00000
   10  !g!               21        21    0           0           0      0.00000      0.00000      0.00000      0.00000      0.00000
   11  !g!               21        21    0           0           0      0.00000      0.00000      0.00000      0.00000      0.00000
 ==================================================================================================================================
   12  e-                 1        11    3           0           0      0.57413     -0.87317     -9.94867     10.00341      0.00051
   13  (dbar)        A   12        -1    4          20          20     -0.71658      0.99969     19.98001     20.02056      0.33000
   14  (u)           V   11         2    5          20          20     -0.23153      0.06570     22.10279     22.10656      0.33000
   15  (d)           A   12         1    4          17          17      0.19105     -0.20044     25.49189     25.49553      0.33000
   16  (ud_1)        V   11      2103    5          17          17      0.18293      0.00821    182.37399    182.37571      0.77133
   17  (cluster)         11        91   15          18          19      0.37398     -0.19222    207.86587    207.87124      1.43271
   18  (Delta0)          11      2114   17          23          24      0.27786     -0.24297    154.74041    154.74549      1.19831
   19  (pi0)             11       111   17          25          26      0.09612      0.05075     53.12547     53.12575      0.13498
   20  (cluster)         11        91   13          21          22     -0.94811      1.06539     42.08280     42.12712      1.30307
   21  pi+                1       211   20           0           0     -0.54032      0.78785     11.62464     11.66467      0.13957
   22  (pi0)             11       111   20          27          28     -0.40778      0.27754     30.45816     30.46245      0.13498
 ==================================================================================================================================
   23  n0                 1      2112   18           0           0      0.17244     -0.03241    105.41067    105.41500      0.93957
   24  (pi0)             11       111   18          29          30      0.10543     -0.21056     49.32974     49.33049      0.13498
   25  gamma              1        22   19           0           0      0.10599      0.08450     45.44594     45.44614      0.00000
   26  gamma              1        22   19           0           0     -0.00987     -0.03375      7.67953      7.67961      0.00000
   27  gamma              1        22   22           0           0     -0.26367      0.10103     15.82238     15.82490      0.00000
   28  gamma              1        22   22           0           0     -0.14412      0.17651     14.63577     14.63755      0.00000
   29  gamma              1        22   24           0           0      0.04100     -0.11664     13.51141     13.51198      0.00000
   30  gamma              1        22   24           0           0      0.06443     -0.09392     35.81833     35.81851      0.00000
 ==================================================================================================================================
                   sum charge:  0.00   sum momentum and inv. mass:      0.00000     -0.00000    240.00000    260.00176    100.00458



                            Event listing (standard)

    I  particle/jet  K(I,1)   K(I,2) K(I,3)     K(I,4)      K(I,5)       P(I,1)       P(I,2)       P(I,3)       P(I,4)       P(I,5)

    1  !e-!              21        11    0           3           4      0.00000      0.00000    -10.00000     10.00000      0.00051
    2  !p+!              21      2212    0           5           0     -0.00000      0.00000    250.00000    250.00176      0.93827
 ==================================================================================================================================
    3  !e-!              21        11    1           0           0     -1.22142     -0.20231     -8.70135      8.78898      0.00051
    4  !gamma!           21        22    1           0           0      1.22142      0.20231     -1.29865      1.21102     -1.32391
    5  !p+!              21      2212    2           0           0     -0.00000     -0.00000    250.00000    250.00176      0.93827
    6  !gamma!           21        22    4           0           0      1.22228      0.20245     -1.29907      1.21236     -1.32391
    7  !ubar!            21        -2    5           0           0     -0.00000     -0.00000      0.34895      0.34895      0.00000
    8  !gamma!           21        22    6           0           0      1.22228      0.20245     -1.29907      1.21236     -1.32391
    9  !ubar!            21        -2    7           0           0     -0.00000     -0.00000      0.34895      0.34895      0.00000
   10  !ubar!            21        -2    9           0           0      1.22228      0.20245     -0.95012      1.56131      0.00000
 ==================================================================================================================================
   11  (Delta++)         11      2224    5          15          16      0.73179      0.29438    113.17607    113.18686      1.34891
   12  e-                 1        11    3           0           0     -1.22142     -0.20231     -8.70135      8.78898      0.00051
   13  (ubar)        A   12        -2   10          17          17      0.95875      0.31550     -1.04557      1.45326      0.00000
   14  (d)           V   11         1    5          17          17     -0.46912     -0.40757    136.57085    136.57266      0.33000
 ==================================================================================================================================
   15  p+                 1      2212   11           0           0      0.52124      0.50989     97.69431     97.70154      0.93827
   16  pi+                1       211   11           0           0      0.21055     -0.21550     15.48176     15.48532      0.13957
   17  (string)          11        92   13          18          24      0.48963     -0.09208    135.52528    138.02592     26.14968
   18  pbar-              1     -2212   17           0           0      1.83779      0.24562      0.28568      2.09756      0.93827
   19  n0                 1      2112   17           0           0     -0.92450      0.09022      2.18657      2.55475      0.93957
   20  (rho+)            11       213   17          25          26     -0.36392     -0.10100      1.26403      1.48458      0.68086
   21  (pi0)             11       111   17          27          28      0.74533     -0.11736      4.93704      4.99619      0.13498
   22  (rho0)            11       113   17          29          30     -0.50052     -0.27561     19.87751     19.90149      0.79195
   23  pi-                1      -211   17           0           0     -0.91188      0.23510     48.72888     48.73818      0.13957
   24  (rho0)            11       113   17          31          32      0.60733     -0.16905     58.24555     58.25317      0.70036
   25  pi+                1       211   20           0           0     -0.51710     -0.12291      1.06601      1.19931      0.13957
   26  (pi0)             11       111   20          33          34      0.15318      0.02191      0.19802      0.28527      0.13498
   27  gamma              1        22   21           0           0      0.66513     -0.07381      4.52043      4.56970      0.00000
   28  gamma              1        22   21           0           0      0.08020     -0.04355      0.41661      0.42649      0.00000
   29  pi+                1       211   22           0           0      0.04414      0.12473      9.02394      9.02599      0.13957
   30  pi-                1      -211   22           0           0     -0.54466     -0.40035     10.85357     10.87550      0.13957
   31  pi+                1       211   24           0           0      0.03333     -0.23702      9.62837      9.63236      0.13957
   32  pi-                1      -211   24           0           0      0.57400      0.06796     48.61718     48.62081      0.13957
   33  gamma              1        22   26           0           0      0.08389      0.06243      0.04787      0.11501      0.00000
   34  gamma              1        22   26           0           0      0.06929     -0.04052      0.15015      0.17026      0.00000
 ==================================================================================================================================
                   sum charge:  0.00   sum momentum and inv. mass:     -0.00000     -0.00000    240.00000    260.00176    100.00458



                            Event listing (standard)

    I  particle/jet  K(I,1)   K(I,2) K(I,3)     K(I,4)      K(I,5)       P(I,1)       P(I,2)       P(I,3)       P(I,4)       P(I,5)

    1  !e-!              21        11    0           3           4      0.00000      0.00000    -10.00000     10.00000      0.00051
    2  !p+!              21      2212    0           5           0     -0.00000      0.00000    250.00000    250.00176      0.93827
 ==================================================================================================================================
    3  !e-!              21        11    1           0           0     -0.75171     -1.15897     -9.93937     10.03491      0.00051
    4  !gamma!           21        22    1           0           0      0.75171      1.15897     -0.06063     -0.03491     -1.38229
    5  !p+!              21      2212    2           0           0     -0.00000     -0.00000    250.00000    250.00176      0.93827
    6  !gamma!           21        22    4           0           0      0.80168      1.23602      4.71467      4.74214     -1.38229
    7  !u!               21         2    5           0           0     -0.00695     -0.01072     34.10246     34.10247      0.00000
    8  !gamma!           21        22    6           0           0      0.80168      1.23602      4.71467      4.74214     -1.38229
    9  !u!               21         2    7           0           0     -0.00695     -0.01072     34.10246     34.10247      0.00000
   10  !u!               21         2    9           0           0      0.79473      1.22530     38.81714     38.84460      0.00000
 ==================================================================================================================================
   11  e-                 1        11    3           0           0     -0.75171     -1.15897     -9.93937     10.03491      0.00051
   12  (ud_0)        A   12      2101    5          15          15      0.38222     -0.08434    194.92246    194.92371      0.57933
   13  (g)           I   12        21   10          15          15     -0.30700      0.41077      9.71379      9.72731      0.00000
   14  (u)           V   11         2   10          15          15      0.67648      0.83253     45.30313     45.31583      0.00000
 ==================================================================================================================================
   15  (string)          11        92   12          16          18      0.75171      1.15897    249.93937    249.96685      3.43933
   16  (Lambda0)         11      3122   15          19          20     -0.26656      0.18728    102.80121    102.80778      1.11568
   17  (K0)              11       311   15          21          21      0.05920     -0.32332     58.79195     58.79497      0.49767
   18  (rho+)            11       213   15          22          23      0.95907      1.29500     88.34622     88.36410      0.75068
   19  p+                 1      2212   16           0           0     -0.24772      0.15897     96.09723     96.10226      0.93827
   20  pi-                1      -211   16           0           0     -0.01883      0.02831      6.70397      6.70551      0.13957
   21  (K_S0)            11       310   17          24          25      0.05920     -0.32332     58.79195     58.79497      0.49767
   22  pi+                1       211   18           0           0      0.23007      0.01749     20.72721     20.72896      0.13957
   23  (pi0)             11       111   18          26          27      0.72900      1.27751     67.61901     67.63514      0.13498
   24  pi+                1       211   21           0           0      0.01568     -0.39560     47.38235     47.38421      0.13957
   25  pi-                1      -211   21           0           0      0.04351      0.07228     11.40960     11.41076      0.13957
   26  gamma              1        22   23           0           0      0.33095      0.70486     34.44968     34.45848      0.00000
   27  gamma              1        22   23           0           0      0.39805      0.57265     33.16933     33.17666      0.00000
 ==================================================================================================================================
                   sum charge:  0.00   sum momentum and inv. mass:     -0.00000     -0.00000    240.00000    260.00176    100.00458



                            Event listing (standard)

    I  particle/jet  K(I,1)   K(I,2) K(I,3)     K(I,4)      K(I,5)       P(I,1)       P(I,2)       P(I,3)       P(I,4)       P(I,5)

    1  !e-!              21        11    0           3           4      0.00000      0.00000    -10.00000     10.00000      0.00051
    2  !p+!              21      2212    0           5           0     -0.00000      0.00000    250.00000    250.00176      0.93827
 ==================================================================================================================================
    3  !e-!              21        11    1           0           0      2.00855     -0.53650     -9.77175      9.99045      0.00051
    4  !gamma!           21        22    1           0           0     -2.00855      0.53650     -0.22825      0.00955     -2.09144
    5  !p+!              21      2212    2           0           0      0.00000     -0.00000    250.00000    250.00176      0.93827
    6  !gamma!           21        22    4           0           0     -2.02341      0.54047     -0.09435      0.14520     -2.09144
    7  !d!               21         1    5           0           0      0.00054     -0.00014      9.12472      9.12472      0.00000
    8  !gamma!           21        22    6           0           0     -2.02341      0.54047     -0.09435      0.14520     -2.09144
    9  !d!               21         1    7           0           0      0.00054     -0.00014      9.12472      9.12472      0.00000
   10  !d!               21         1    9           0           0     -2.02287      0.54033      9.03036      9.26992      0.00000
 ==================================================================================================================================
   11  e-                 1        11    3           0           0      2.00855     -0.53650     -9.77175      9.99045      0.00051
   12  (uu_1)        A   12      2203    5          15          15     -0.22710     -0.41382    235.51860    235.52034      0.77133
   13  (g)           I   12        21   10          15          15     -0.27119      0.75826      8.55938      8.59718      0.00000
   14  (d)           V   11         1   10          15          15     -1.51026      0.19206      5.69377      5.89379      0.00000
 ==================================================================================================================================
   15  (string)          11        92   12          16          21     -2.00855      0.53650    249.77175    250.01131     10.74264
   16  (Delta+)          11      2214   15          22          23     -0.38260     -0.12850    152.97050    152.97578      1.20580
   17  nbar0              1     -2112   15           0           0     -0.23687     -0.26512     53.55154     53.56096      0.93957
   18  p+                 1      2212   15           0           0      0.05035      0.38648     10.15726     10.20795      0.93827
   19  (omega)           11       223   15          24          26     -0.60767     -0.16443      5.40338      5.49505      0.77637
   20  (rho0)            11       113   15          27          28     -1.25996      0.40578     17.06380     17.13246      0.77181
   21  pi-                1      -211   15           0           0      0.42819      0.30230     10.62527     10.63911      0.13957
   22  n0                 1      2112   16           0           0     -0.37826     -0.20468    106.50814    106.51315      0.93957
   23  pi+                1       211   16           0           0     -0.00434      0.07618     46.46236     46.46263      0.13957
   24  pi+                1       211   19           0           0     -0.20848     -0.08494      0.65233      0.70406      0.13957
   25  pi-                1      -211   19           0           0     -0.08069     -0.19445      1.87605      1.89298      0.13957
   26  (pi0)             11       111   19          29          30     -0.31849      0.11496      2.87500      2.89801      0.13498
   27  pi-                1      -211   20           0           0     -1.08729      0.03246     11.90833     11.95872      0.13957
   28  pi+                1       211   20           0           0     -0.17267      0.37332      5.15547      5.17374      0.13957
   29  gamma              1        22   26           0           0     -0.07669      0.06854      1.27977      1.28389      0.00000
   30  gamma              1        22   26           0           0     -0.24180      0.04641      1.59523      1.61412      0.00000
 ==================================================================================================================================
                   sum charge:  0.00   sum momentum and inv. mass:      0.00000     -0.00000    240.00000    260.00176    100.00458



                            Event listing (standard)

    I  particle/jet  K(I,1)   K(I,2) K(I,3)     K(I,4)      K(I,5)       P(I,1)       P(I,2)       P(I,3)       P(I,4)       P(I,5)

    1  !e-!              21        11    0           3           4      0.00000      0.00000    -10.00000     10.00000      0.00051
    2  !p+!              21      2212    0           5           0     -0.00000      0.00000    250.00000    250.00176      0.93827
 ==================================================================================================================================
    3  !e-!              21        11    1           0           0     -0.28382     -1.12442     -9.95159     10.01893      0.00051
    4  !gamma!           21        22    1           0           0      0.28382      1.12442     -0.04841     -0.01893     -1.16054
    5  !p+!              21      2212    2           0           0     -0.00000     -0.00000    250.00000    250.00176      0.93827
    6  !gamma!           21        22    4           0           0      0.30050      1.19053      2.55912      2.59035     -1.16054
    7  !u!               21         2    5           0           0     -0.00144     -0.00570     21.33472     21.33472      0.00000
    8  !gamma!           21        22    6           0           0      0.30050      1.19053      2.55912      2.59035     -1.16054
    9  !u!               21         2    7           0           0     -0.00144     -0.00570     21.33472     21.33472      0.00000
   10  !u!               21         2    9           0           0      0.29907      1.18483     23.89384     23.92506      0.00000
 ==================================================================================================================================
   11  e-                 1        11    3           0           0     -0.28382     -1.12442     -9.95159     10.01893      0.00051
   12  (ud_1)        A   12      2103    5          15          15     -0.00764     -0.24220    195.18754    195.18921      0.77133
   13  (g)           I   12        21   10          15          15     -0.01230      0.14893      0.73756      0.75255      0.00000
   14  (u)           V   11         2   10          15          15      0.30376      1.21769     54.02649     54.04106      0.00000
 ==================================================================================================================================
   15  (string)          11        92   12          16          18      0.28382      1.12442    249.95159    249.98283      3.77771
   16  (Delta0)          11      2114   15          19          20     -0.19892     -0.33677    140.48626    140.49240      1.25377
   17  pi+                1       211   15           0           0     -0.07866     -0.20842     30.28586     30.28701      0.13957
   18  (omega)           11       223   15          21          23      0.56140      1.66962     79.17947     79.20343      0.83154
   19  n0                 1      2112   16           0           0     -0.06350     -0.26677    132.25209    132.25571      0.93957
   20  (pi0)             11       111   16          24          25     -0.13543     -0.07001      8.23417      8.23669      0.13498
   21  pi-                1      -211   18           0           0      0.02245      0.93340     41.52697     41.53770      0.13957
   22  pi+                1       211   18           0           0      0.41065      0.66405     31.51145     31.52143      0.13957
   23  (pi0)             11       111   18          26          27      0.12830      0.07217      6.14105      6.14430      0.13498
   24  gamma              1        22   20           0           0     -0.02628     -0.01714      5.19963      5.19972      0.00000
   25  gamma              1        22   20           0           0     -0.10915     -0.05287      3.03454      3.03696      0.00000
   26  gamma              1        22   23           0           0      0.05518     -0.02553      3.38563      3.38618      0.00000
   27  gamma              1        22   23           0           0      0.07311      0.09770      2.75542      2.75812      0.00000
 ==================================================================================================================================
                   sum charge:  0.00   sum momentum and inv. mass:     -0.00000     -0.00000    240.00000    260.00176    100.00458



                            Event listing (standard)

    I  particle/jet  K(I,1)   K(I,2) K(I,3)     K(I,4)      K(I,5)       P(I,1)       P(I,2)       P(I,3)       P(I,4)       P(I,5)

    1  !e-!              21        11    0           3           4      0.00000      0.00000    -10.00000     10.00000      0.00051
    2  !p+!              21      2212    0           5           0     -0.00000      0.00000    250.00000    250.00176      0.93827
 ==================================================================================================================================
    3  !e-!              21        11    1           0           0      0.79032     -0.77702     -8.87883      8.94774      0.00051
    4  !gamma!           21        22    1           0           0     -0.79032      0.77702     -1.12117      1.05226     -1.17394
    5  !p+!              21      2212    2           0           0     -0.00000     -0.00000    250.00000    250.00176      0.93827
    6  !gamma!           21        22    4           0           0     -0.78176      0.76860     -0.79541      1.35446     -0.00000
    7  !g!               21        21    5           0           0      0.28401      0.12056      2.38347      2.40335     -0.00000
    8  !gamma!           21        22    6           0           0     -0.78176      0.76860     -0.79541      1.35446      0.00000
    9  !g!               21        21    7           0           0      0.28401      0.12056      2.38347      2.40335      0.00000
   10  !ubar!            21        -2    0           0           0      0.16984     -0.94222      1.45980      1.77666      0.33000
   11  !u!               21         2    0           0           0     -0.66759      1.83138      0.12826      1.98116      0.33000
 ==================================================================================================================================
   12  e-                 1        11    3           0           0      0.79032     -0.77702     -8.87883      8.94774      0.00051
   13  (ubar)        A   12        -2   10          17          17      0.16984     -0.94222      1.45980      1.77666      0.33000
   14  (u)           V   11         2    5          17          17      0.27319     -0.41142     66.78262     66.78526      0.33000
   15  (u)           A   12         2   11          23          23     -0.66759      1.83138      0.12826      1.98116      0.33000
   16  (ud_1)        V   11      2103    5          23          23     -0.56576      0.29928    180.50816    180.51095      0.77133
 ==================================================================================================================================
   17  (string)          11        92   13          18          22      0.44303     -1.35364     68.24241     68.56192      6.45611
   18  K-                 1      -321   17           0           0      0.14032     -0.52445      1.13944      1.35525      0.49360
   19  (K*0)             11       313   17          32          33      0.16680     -0.64749      9.93161      9.99461      0.89903
   20  pi+                1       211   17           0           0     -0.04944      0.07174      0.56990      0.59317      0.13957
   21  (pi0)             11       111   17          34          35     -0.11835      0.34650     31.56756     31.56997      0.13498
   22  (eta)             11       221   17          36          38      0.30369     -0.59994     25.03391     25.04892      0.54745
   23  (string)          11        92   15          24          31     -1.23336      2.13065    180.63642    182.49210     25.84164
   24  pi+                1       211   23           0           0     -0.50766      1.04614     -0.21466      1.19066      0.13957
   25  (omega)           11       223   23          39          41      0.06348      0.36137      2.15262      2.32311      0.79277
   26  (rho0)            11       113   23          42          43     -0.35795     -0.00791      4.15560      4.26820      0.90572
   27  n0                 1      2112   23           0           0      0.12793      0.80324      7.15257      7.25972      0.93957
   28  pbar-              1     -2212   23           0           0     -0.21538      0.00039     16.33440     16.36274      0.93827
   29  (rho+)            11       213   23          44          45      0.14532      0.01500     10.88792     10.91088      0.69220
   30  pi-                1      -211   23           0           0     -0.17179     -0.09774     10.95465     10.95732      0.13957
   31  (Delta+)          11      2214   23          46          47     -0.31732      0.01016    129.21333    129.21947      1.21883
   32  K+                 1       321   19           0           0      0.35034     -0.36153      7.77857      7.81045      0.49360
   33  pi-                1      -211   19           0           0     -0.18354     -0.28595      2.15305      2.18416      0.13957
   34  gamma              1        22   21           0           0     -0.02170      0.00627      0.65631      0.65670      0.00000
   35  gamma              1        22   21           0           0     -0.09665      0.34023     30.91125     30.91327      0.00000
   36  (pi0)             11       111   22          48          49      0.07967     -0.01288      5.48559      5.48784      0.13498
   37  (pi0)             11       111   22          50          51      0.02259     -0.30465      9.02151      9.02769      0.13498
   38  (pi0)             11       111   22          52          53      0.20142     -0.28241     10.52681     10.53339      0.13498
   39  pi+                1       211   25           0           0      0.02225      0.22775      0.21709      0.34493      0.13957
   40  pi-                1      -211   25           0           0      0.09108     -0.04461      1.01721      1.03174      0.13957
   41  (pi0)             11       111   25          54          55     -0.04984      0.17823      0.91831      0.94645      0.13498
   42  pi-                1      -211   26           0           0     -0.43726     -0.32193      1.76992      1.85659      0.13957
   43  pi+                1       211   26           0           0      0.07931      0.31403      2.38568      2.41161      0.13957
   44  pi+                1       211   29           0           0     -0.08147     -0.22975      7.18946      7.19494      0.13957
   45  (pi0)             11       111   29          56          57      0.22679      0.24475      3.69846      3.71593      0.13498
   46  p+                 1      2212   31           0           0     -0.14412     -0.16725     91.32195     91.32704      0.93827
   47  (pi0)             11       111   31          58          59     -0.17319      0.17740     37.89138     37.89243      0.13498
   48  gamma              1        22   36           0           0      0.06405      0.00176      0.93039      0.93260      0.00000
   49  gamma              1        22   36           0           0      0.01563     -0.01464      4.55519      4.55524      0.00000
   50  gamma              1        22   37           0           0      0.00249     -0.03999      0.38033      0.38243      0.00000
   51  gamma              1        22   37           0           0      0.02010     -0.26466      8.64118      8.64526      0.00000
   52  gamma              1        22   38           0           0      0.20698     -0.23157      9.71870      9.72367      0.00000
   53  gamma              1        22   38           0           0     -0.00556     -0.05084      0.80811      0.80972      0.00000
   54  gamma              1        22   41           0           0     -0.08159      0.06203      0.31587      0.33208      0.00000
   55  gamma              1        22   41           0           0      0.03175      0.11621      0.60244      0.61437      0.00000
   56  gamma              1        22   45           0           0      0.10489      0.19653      2.64115      2.65053      0.00000
   57  gamma              1        22   45           0           0      0.12190      0.04822      1.05731      1.06540      0.00000
   58  gamma              1        22   47           0           0     -0.18725      0.13307     28.00508     28.00602      0.00000
   59  gamma              1        22   47           0           0      0.01405      0.04433      9.88630      9.88641      0.00000
 ==================================================================================================================================
                   sum charge:  0.00   sum momentum and inv. mass:      0.00000     -0.00000    240.00000    260.00176    100.00458



                            Event listing (standard)

    I  particle/jet  K(I,1)   K(I,2) K(I,3)     K(I,4)      K(I,5)       P(I,1)       P(I,2)       P(I,3)       P(I,4)       P(I,5)

    1  !e-!              21        11    0           3           4      0.00000      0.00000    -10.00000     10.00000      0.00051
    2  !p+!              21      2212    0           5           0     -0.00000      0.00000    250.00000    250.00176      0.93827
 ==================================================================================================================================
    3  !e-!              21        11    1           0           0      1.40953     -0.08760     -9.93454     10.03442      0.00051
    4  !gamma!           21        22    1           0           0     -1.40953      0.08760     -0.06546     -0.03442     -1.41335
    5  !p+!              21      2212    2           0           0      0.00000     -0.00000    250.00000    250.00176      0.93827
    6  !gamma!           21        22    4           0           0     -1.48779      0.09246      3.40699      3.43978     -1.41335
    7  !u!               21         2    5           0           0      0.00953     -0.00059     30.02250     30.02250      0.00000
    8  !gamma!           21        22    6           0           0     -1.48779      0.09246      3.40699      3.43978     -1.41335
    9  !u!               21         2    7           0           0      0.00953     -0.00059     30.02250     30.02250      0.00000
   10  !u!               21         2    9           0           0     -1.47826      0.09187     33.42949     33.46228      0.00000
 ==================================================================================================================================
   11  e-                 1        11    3           0           0      1.40953     -0.08760     -9.93454     10.03442      0.00051
   12  (ud_1)        A   12      2103    5          15          15     -0.21986      0.02727    162.75071    162.75269      0.77133
   13  (g)           I   12        21   10          15          15      0.47704     -0.26249     32.26333     32.26792      0.00000
   14  (u)           V   11         2   10          15          15     -1.66671      0.32281     54.92051     54.94674      0.00000
 ==================================================================================================================================
   15  (string)          11        92   12          16          19     -1.40953      0.08760    249.93454    249.96734      3.79541
   16  (Delta0)          11      2114   15          20          21     -0.02506     -0.07615    136.39514    136.40069      1.22764
   17  pi+                1       211   15           0           0     -0.36259     -0.03716     22.67565     22.67901      0.13957
   18  pi-                1      -211   15           0           0      0.48338      0.01505     33.07833     33.08216      0.13957
   19  pi+                1       211   15           0           0     -1.50526      0.18585     57.78542     57.80548      0.13957
   20  n0                 1      2112   16           0           0     -0.06355     -0.08570    131.80674    131.81013      0.93957
   21  (pi0)             11       111   16          22          23      0.03848      0.00955      4.58840      4.59056      0.13498
   22  gamma              1        22   21           0           0      0.08266     -0.00297      1.94572      1.94748      0.00000
   23  gamma              1        22   21           0           0     -0.04418      0.01252      2.64268      2.64308      0.00000
 ==================================================================================================================================
                   sum charge:  0.00   sum momentum and inv. mass:      0.00000     -0.00000    240.00000    260.00176    100.00458

 Advisory warning: maximum violated by  1.101D+00 in event      14
 XSEC(96,1) increased to  1.598D-02

 Advisory warning: maximum violated by  1.037D+00 in event     228
 XSEC(96,1) increased to  1.657D-02

 Advisory warning: maximum violated by  1.550D+00 in event    2120
 XSEC(96,1) increased to  2.567D-02

 Advisory warning: maximum violated by  1.156D+00 in event    2784
 XSEC(96,1) increased to  2.967D-02

 Advisory warning: maximum violated by  1.123D+00 in event   64728
 XSEC(96,1) increased to  3.332D-02

 Advisory warning: maximum violated by  1.175D+00 in event   66015
 XSEC(96,1) increased to  3.916D-02
1********* PYSTAT:  Statistics on Number of Events and Cross-sections *********

 ==============================================================================
 I                                  I                            I            I
 I            Subprocess            I      Number of points      I    Sigma   I
 I                                  I                            I            I
 I----------------------------------I----------------------------I    (mb)    I
 I                                  I                            I            I
 I N:o Type                         I    Generated         Tried I            I
 I                                  I                            I            I
 ==============================================================================
 I                                  I                            I            I
 I   0 All included subprocesses    I       500000      11569851 I  7.089D-04 I
 I  11 f + f' -> f + f' (QCD)       I        12736             0 I  1.261D-05 I
 I  12 f + fbar -> f' + fbar'       I          235             0 I  2.257D-07 I
 I  13 f + fbar -> g + g            I          338             0 I  3.172D-07 I
 I  28 f + g -> f + g               I        32702             0 I  3.227D-05 I
 I  53 g + g -> f + fbar            I          361             0 I  2.978D-07 I
 I  68 g + g -> g + g               I        14686             0 I  1.201D-05 I
 I  91 Elastic scattering           I        27818        424316 I  3.777D-05 I
 I  92 Single diffractive (XB)      I        14311        309191 I  1.958D-05 I
 I  93 Single diffractive (AX)      I        11409        250757 I  1.560D-05 I
 I  94 Double  diffractive          I         7861        260232 I  1.036D-05 I
 I  95 Low-pT scattering            I        42127        121929 I  1.072D-04 I
 I  99 q + gamma* -> q              I       306155       1742054 I  4.204D-04 I
 I 131 f + gamma*_T -> f + g        I         9243        133471 I  1.253D-05 I
 I 132 f + gamma*_L -> f + g        I          470          6861 I  6.501D-07 I
 I 135 g + gamma*_T -> f + fbar     I        16250        413607 I  2.240D-05 I
 I 136 g + gamma*_L -> f + fbar     I         3298         67113 I  4.735D-06 I
 I                                  I                            I            I
 ==============================================================================
 I                                  I                            I            I
 I   1 VMD * hadron                 I        86501       5744872 I  1.363D-04 I
 I   2 direct * hadron              I        29261        621052 I  4.031D-05 I
 I   3 anomalous * hadron           I        78083       3461873 I  1.119D-04 I
 I   4 DIS * hadron                 I       306155       1742054 I  4.204D-04 I
 I                                  I                            I            I
 ==============================================================================

 ********* Total number of errors, excluding junctions =        0 *************
 ********* Total number of errors, including junctions =        0 *************
 ********* Total number of warnings =                           0 *************
 ********* Fraction of events that fail fragmentation cuts =  0.03190 *********

1************ PYSTAT: User-Defined Limits on Kinematical Variables ************

 ==============================================================================
 I                                                                            I
 I                 0.000D+00 <  m_hard (GeV/c^2)  <  5.929D+01                I
 I    0.000D+00 ( 1.000D+00) <  p_T_hard (GeV/c)  <  2.964D+01                I
 I                             m_finite (GeV/c^2) =  1.000D+00                I
 I                -1.000D+01 <    y*_subsystem    <  1.000D+01                I
 I                -4.000D+01 <      y*_large      <  4.000D+01                I
 I                -4.000D+01 <      y*_small      <  4.000D+01                I
 I                -4.000D+01 <     eta*_large     <  4.000D+01                I
 I                -4.000D+01 <     eta*_small     <  4.000D+01                I
 I                -1.000D+00 < cos(theta*)_large  <  1.000D+00                I
 I                -1.000D+00 < cos(theta*)_small  <  1.000D+00                I
 I                 0.000D+00 <        x_1         <  1.000D+00                I
 I                 0.000D+00 <        x_2         <  1.000D+00                I
 I                -1.000D+00 <        x_F         <  1.000D+00                I
 I                -1.000D+00 <  cos(theta_hard)   <  1.000D+00                I
 I                 2.000D+00 < m'_hard (GeV/c^2)  <  5.929D+01                I
 I                                                                            I
 ==============================================================================
 The charm mass used is:    1.5000000000000000     
 ===================================================
 Pythia total cross section normalisation:  0.70889206711132524       microbarn
 Total Number of generated events      500000
 Total Number of trials      500000
 ===================================================

 ===== PDFSTA statistics for PDF under/over-flows ====

 ====== STRUCTM statistics for nucleon/pion PDFs =====

   total # of calls    10611817.000000000     
   X  below PDF min    0.0000000000000000       or    0.0000000000000000       %
   X  above PDF max    0.0000000000000000       or    0.0000000000000000       %
   Q2 below PDF min    0.0000000000000000       or    0.0000000000000000       %
   Q2 above PDF max    0.0000000000000000       or    0.0000000000000000       %

 ========= STRUCTP statistics for photon PDFs ========

   total # of calls    0.0000000000000000     

