1                                                                              
 ******************************************************************************
 ******************************************************************************
 **                                                                          **
 **                                                                          **
 **              *......*                  Welcome to the Lund Monte Carlo!  **
 **         *:::!!:::::::::::*                                               **
 **      *::::::!!::::::::::::::*          PPP  Y   Y TTTTT H   H III   A    **
 **    *::::::::!!::::::::::::::::*        P  P  Y Y    T   H   H  I   A A   **
 **   *:::::::::!!:::::::::::::::::*       PPP    Y     T   HHHHH  I  AAAAA  **
 **   *:::::::::!!:::::::::::::::::*       P      Y     T   H   H  I  A   A  **
 **    *::::::::!!::::::::::::::::*!       P      Y     T   H   H III A   A  **
 **      *::::::!!::::::::::::::* !!                                         **
 **      !! *:::!!:::::::::::*    !!       This is PYTHIA version 6.428      **
 **      !!     !* -><- *         !!       Last date of change:  5 Sep 2013  **
 **      !!     !!                !!                                         **
 **      !!     !!                !!       Now is  0 Jan 2000 at  0:00:00    **
 **      !!                       !!                                         **
 **      !!        lh             !!       Disclaimer: this program comes    **
 **      !!                       !!       without any guarantees. Beware    **
 **      !!                 hh    !!       of errors and use common sense    **
 **      !!    ll                 !!       when interpreting results.        **
 **      !!                       !!                                         **
 **      !!                                Copyright T. Sjostrand (2011)     **
 **                                                                          **
 ** An archive of program versions and documentation is found on the web:    **
 ** http://www.thep.lu.se/~torbjorn/Pythia.html                              **
 **                                                                          **
 ** When you cite this program, the official reference is to the 6.4 manual: **
 ** T. Sjostrand, S. Mrenna and P. Skands, JHEP05 (2006) 026                 **
 ** (LU TP 06-13, FERMILAB-PUB-06-052-CD-T) [hep-ph/0603175].                **
 **                                                                          **
 ** Also remember that the program, to a large extent, represents original   **
 ** physics research. Other publications of special relevance to your        **
 ** studies may therefore deserve separate mention.                          **
 **                                                                          **
 ** Main author: Torbjorn Sjostrand; Department of Theoretical Physics,      **
 **   Lund University, Solvegatan 14A, S-223 62 Lund, Sweden;                **
 **   phone: + 46 - 46 - 222 48 16; e-mail: torbjorn@thep.lu.se              **
 ** Author: Stephen Mrenna; Computing Division, GDS Group,                   **
 **   Fermi National Accelerator Laboratory, MS 234, Batavia, IL 60510, USA; **
 **   phone: + 1 - 630 - 840 - 2556; e-mail: mrenna@fnal.gov                 **
 ** Author: Peter Skands; CERN/PH-TH, CH-1211 Geneva, Switzerland            **
 **   phone: + 41 - 22 - 767 24 47; e-mail: peter.skands@cern.ch             **
 **                                                                          **
 **                                                                          **
 ******************************************************************************
 ******************************************************************************
     MSEL           changed from              1 to              2
     MSTP(14)       changed from             30 to             30
     MSTP(15)       changed from              0 to              0
     MSTP(16)       changed from              1 to              1
     MSTP(17)       changed from              4 to              4
     MSTP(18)       changed from              3 to              3
     MSTP(19)       changed from              4 to              1
     MSTP(20)       changed from              3 to              0
     MSTP(32)       changed from              8 to              8
     MSTP(38)       changed from              5 to              4
     MSTP(51)       changed from              7 to          10050
     MSTP(52)       changed from              1 to              2
     MSTP(53)       changed from              3 to              3
     MSTP(54)       changed from              1 to              1
     MSTP(55)       changed from              5 to              5
     MSTP(56)       changed from              1 to              1
     MSTP(57)       changed from              1 to              1
     MSTP(58)       changed from              5 to              5
     MSTP(59)       changed from              1 to              1
     MSTP(60)       changed from              7 to              7
     MSTP(61)       changed from              2 to              2
     MSTP(71)       changed from              1 to              1
     MSTP(81)       changed from              1 to              0
     MSTP(82)       changed from              4 to              1
     MSTP(91)       changed from              1 to              1
     MSTP(92)       changed from              3 to              3
     MSTP(93)       changed from              1 to              1
     MSTP(101)      changed from              3 to              3
     MSTP(102)      changed from              1 to              1
     MSTP(111)      changed from              1 to              1
     MSTP(121)      changed from              0 to              0
     PARP(13)       changed from        1.00000 to        1.00000
     PARP(18)       changed from        0.40000 to        0.40000
     PARP(81)       changed from        1.90000 to        1.90000
     PARP(89)       changed from     1800.00000 to     1800.00000
     PARP(90)       changed from        0.25000 to        0.16000
     PARP(91)       changed from        2.00000 to        0.40000
     PARP(93)       changed from        5.00000 to        5.00000
     PARP(99)       changed from        1.00000 to        0.40000
     PARP(100)      changed from        5.00000 to        5.00000
     PARP(102)      changed from        0.28000 to        0.28000
     PARP(103)      changed from        1.00000 to        1.00000
     PARP(104)      changed from        0.80000 to        0.80000
     PARP(111)      changed from        2.00000 to        2.00000
     PARP(161)      changed from        2.20000 to        3.00000
     PARP(162)      changed from       23.60000 to       24.60000
     PARP(163)      changed from       18.40000 to       18.80000
     PARP(164)      changed from       11.50000 to       11.50000
     PARP(165)      changed from        0.50000 to        0.47679
     PARP(166)      changed from        0.00000 to        0.67597
     PARJ(1)        changed from        0.10000 to        0.10000
     PARJ(2)        changed from        0.30000 to        0.30000
     PARJ(11)       changed from        0.50000 to        0.50000
     PARJ(12)       changed from        0.60000 to        0.60000
     PARJ(21)       changed from        0.36000 to        0.40000
     PARJ(32)       changed from        1.00000 to        1.00000
     PARJ(33)       changed from        0.80000 to        0.80000
     PARJ(41)       changed from        0.30000 to        0.30000
     PARJ(42)       changed from        0.58000 to        0.58000
     PARJ(45)       changed from        0.50000 to        0.50000
     MSTJ(1)        changed from              1 to              1
     MSTJ(12)       changed from              2 to              1
     MSTJ(45)       changed from              5 to              5
     MSTU(112)      changed from              5 to              5
     MSTU(113)      changed from              3 to              5
     MSTU(114)      changed from              5 to              5
     CKIN(1)        changed from        2.00000 to        1.00000
     CKIN(2)        changed from       -1.00000 to       -1.00000
     CKIN(3)        changed from        0.00000 to        0.00000
     CKIN(4)        changed from       -1.00000 to       -1.00000
     CKIN(5)        changed from        1.00000 to        1.00000
     CKIN(6)        changed from        1.00000 to        1.00000
     CKIN(7)        changed from      -10.00000 to      -10.00000
     CKIN(8)        changed from       10.00000 to       10.00000
     CKIN(9)        changed from      -40.00000 to      -40.00000
     CKIN(10)       changed from       40.00000 to       40.00000
     CKIN(11)       changed from      -40.00000 to      -40.00000
     CKIN(12)       changed from       40.00000 to       40.00000
     CKIN(13)       changed from      -40.00000 to      -40.00000
     CKIN(14)       changed from       40.00000 to       40.00000
     CKIN(15)       changed from      -40.00000 to      -40.00000
     CKIN(16)       changed from       40.00000 to       40.00000
     CKIN(17)       changed from       -1.00000 to       -1.00000
     CKIN(18)       changed from        1.00000 to        1.00000
     CKIN(19)       changed from       -1.00000 to       -1.00000
     CKIN(20)       changed from        1.00000 to        1.00000
     CKIN(21)       changed from        0.00000 to        0.00000
     CKIN(22)       changed from        1.00000 to        1.00000
     CKIN(23)       changed from        0.00000 to        0.00000
     CKIN(24)       changed from        1.00000 to        1.00000
     CKIN(25)       changed from       -1.00000 to       -1.00000
     CKIN(26)       changed from        1.00000 to        1.00000
     CKIN(27)       changed from       -1.00000 to       -1.00000
     CKIN(28)       changed from        1.00000 to        1.00000
     CKIN(31)       changed from        2.00000 to        2.00000
     CKIN(32)       changed from       -1.00000 to       -1.00000
     CKIN(35)       changed from        0.00000 to        0.00000
     CKIN(36)       changed from       -1.00000 to       -1.00000
     CKIN(37)       changed from        0.00000 to        0.00000
     CKIN(38)       changed from       -1.00000 to       -1.00000
     CKIN(39)       changed from        4.00000 to        4.00000
     CKIN(40)       changed from       -1.00000 to       -1.00000
     CKIN(65)       changed from        0.00000 to        0.00000
     CKIN(66)       changed from       -1.00000 to       -1.00000
     CKIN(67)       changed from        0.00000 to        0.00000
     CKIN(68)       changed from       -1.00000 to       -1.00000
     CKIN(77)       changed from        2.00000 to        2.00000
     CKIN(78)       changed from       -1.00000 to       -1.00000
 *********************************************
 NOW all parameters are read by PYTHIA
 *********************************************
 SEED =   1372577987
 RANLUX LUXURY LEVEL SET BY RLUXGO : 4     P= 389
 RANLUX INITIALIZED BY RLUXGO FROM SEEDS  1372577987           0           0
   2771.0935550343875        10.000000000000000       -2771.0935550343875       -10.0000000    
 *********************************************
 proton beam momentum:   130.000000     GeV
 lepton beam momentum:   10.0000000     GeV
 resulting sqrt(s):   72.117599099066553      GeV
 *********************************************
1****************** PYINIT: initialization of PYTHIA routines *****************
 ==== PYTHIA WILL USE LHAPDF ====
 *************************************
 *       LHAPDF Version 5.9.1        *
 *   Configured for the following:   *
 *             All PDFs              *
 *         FULL MEMORY option        *
 *    Maximum  3 concurrent set(s)   *
 *************************************

 >>>>>> PDF description: <<<<<<
 CTEQ6M                                                          
 Reference:                                                      
 J. Pumplin, D.R. Stump, J. Huston, H.L. Lai, P. Nadolsky,       
 W.K. Tung                                                       
 hep-ph/0201195                                                  
 This set has 41 member PDFs.                                    
     mem=0 --> central value (cteq6m)                            
     mem=1-40 --> 20 sets of +ve/-ve error values                
 >>>>>>                   <<<<<<

 ==============================================
 PDFset name /cvmfs/sft.cern.ch/lcg/external/lhapdfsets/5.9.1/share/PDFsets/cteq6mE.LHgrid   
 with         40 members
 ====  initialized. ===========================
 Strong coupling at Mz for PDF is:  0.11798

 ==============================================================================
 I                                                                            I
 I      PYTHIA will be initialized for gamma/e- on p+ user configuration      I
 I                                                                            I
 I                  px (GeV/c)   py (GeV/c)   pz (GeV/c)      E (GeV)         I
 I        gamma/e-       0.000        0.000      -10.000       10.000         I
 I        p+             0.000        0.000      130.000      130.003         I
 I                                                                            I
 I           corresponding to     72.118 GeV center-of-mass energy            I
 I                                                                            I
 ==============================================================================

 ******** PYMAXI: summary of differential cross-section maximum search ********

           ==========================================================
           I                                      I                 I
           I  ISUB  Subprocess name               I  Maximum value  I
           I                                      I                 I
           ==========================================================
           I                                      I                 I
           I   91   Elastic scattering            I    4.1710D-04   I
           I   92   Single diffractive (XB)       I    3.1940D-04   I
           I   93   Single diffractive (AX)       I    2.6141D-04   I
           I   94   Double  diffractive           I    2.4494D-04   I
           I   95   Low-pT scattering             I    1.9207D-03   I
           I   96   Semihard QCD 2 -> 2           I    1.7479D-02   I
           I                                      I                 I
           ==========================================================

 ******** PYMAXI: summary of differential cross-section maximum search ********

           ==========================================================
           I                                      I                 I
           I  ISUB  Subprocess name               I  Maximum value  I
           I                                      I                 I
           ==========================================================
           I                                      I                 I
           I  131   f + gamma*_T -> f + g         I    1.9221D-04   I
           I  132   f + gamma*_L -> f + g         I    9.2718D-06   I
           I  135   g + gamma*_T -> f + fbar      I    5.4466D-04   I
           I  136   g + gamma*_L -> f + fbar      I    8.8198D-05   I
           I                                      I                 I
           ==========================================================

 ******** PYMAXI: summary of differential cross-section maximum search ********

           ==========================================================
           I                                      I                 I
           I  ISUB  Subprocess name               I  Maximum value  I
           I                                      I                 I
           ==========================================================
           I                                      I                 I
           I   91   Elastic scattering            I    1.0588D-04   I
           I   92   Single diffractive (XB)       I    8.2750D-05   I
           I   93   Single diffractive (AX)       I    6.5818D-05   I
           I   94   Double  diffractive           I    6.3002D-05   I
           I   95   Low-pT scattering             I    5.2345D-04   I
           I   96   Semihard QCD 2 -> 2           I    1.1588D-02   I
           I                                      I                 I
           ==========================================================

 ******** PYMAXI: summary of differential cross-section maximum search ********

           ==========================================================
           I                                      I                 I
           I  ISUB  Subprocess name               I  Maximum value  I
           I                                      I                 I
           ==========================================================
           I                                      I                 I
           I   99   q + gamma* -> q               I    1.9857D-03   I
           I                                      I                 I
           ==========================================================

 ********************** PYINIT: initialization completed **********************
 the outputfile will be named: outfiles/ep_10x130_Q2_1000_10000_norad.out                                                                                                                                                                                                                      



                            Event listing (standard)

    I  particle/jet  K(I,1)   K(I,2) K(I,3)     K(I,4)      K(I,5)       P(I,1)       P(I,2)       P(I,3)       P(I,4)       P(I,5)

    1  !e-!              21        11    0           3           4      0.00000      0.00000    -10.00000     10.00000      0.00051
    2  !p+!              21      2212    0           5           0     -0.00000      0.00000    130.00000    130.00339      0.93827
 ==================================================================================================================================
    3  !e-!              21        11    1           0           0     19.36487     -5.86397     25.28608     32.38472      0.00051
    4  !gamma!           21        22    1           0           0    -19.36487      5.86397    -35.28608    -22.38472    -33.96198
    5  !p+!              21      2212    2           0           0     -0.00000     -0.00000    130.00000    130.00339      0.93827
    6  !gamma!           21        22    4           0           0    -19.36995      5.86551    -35.27188    -22.36714    -33.96198
    7  !u!               21         2    5           0           0      0.00175     -0.00053     44.68675     44.68675      0.00000
    8  !gamma!           21        22    6           0           0    -19.36995      5.86551    -35.27188    -22.36714    -33.96198
    9  !u!               21         2    7           0           0      0.00175     -0.00053     44.68675     44.68675      0.00000
   10  !u!               21         2    9           0           0    -19.36821      5.86498      9.41487     22.31961      0.00000
 ==================================================================================================================================
   11  e-                 1        11    3           0           0     19.36487     -5.86397     25.28608     32.38472      0.00051
   12  (ud_0)        A   12      2101    5          17          17      0.07460     -0.11887     82.30901     82.31117      0.57933
   13  (g)           I   12        21   10          17          17      0.57831      0.01159      1.60224      1.70345      0.00000
   14  (g)           I   12        21   10          17          17     -0.91296      0.55613      0.71447      1.28579      0.00000
   15  (g)           I   12        21   10          17          17     -6.30686      2.15136      4.03007      7.78757      0.00000
   16  (u)           V   11         2   10          17          17    -12.79796      3.26376      6.05814     14.53069      0.00000
 ==================================================================================================================================
   17  (string)          11        92   12          18          27    -19.36487      5.86397     94.71392    107.61866     46.92191
   18  n0                 1      2112   17           0           0      0.59507     -0.18066     49.56142     49.57423      0.93957
   19  (rho+)            11       213   17          28          29     -0.40770      0.00996     12.31577     12.33768      0.61136
   20  (rho-)            11      -213   17          30          31      0.24321      0.00345     11.50241     11.53137      0.77961
   21  (Kbar0)           11      -311   17          32          32     -0.00685      0.09988      8.67565      8.69049      0.49767
   22  K+                 1       321   17           0           0     -0.06034      0.10774      0.85654      0.99627      0.49360
   23  (rho-)            11      -213   17          33          34     -4.03236      1.04705      2.77986      5.06774      0.77341
   24  pi+                1       211   17           0           0      0.24585     -0.05017      0.29705      0.41313      0.13957
   25  pbar-              1     -2212   17           0           0     -3.95170      1.47382      2.25723      4.87478      0.93827
   26  n0                 1      2112   17           0           0     -7.32303      1.47589      4.06544      8.55662      0.93957
   27  pi+                1       211   17           0           0     -4.66701      1.87700      2.40255      5.57636      0.13957
   28  pi+                1       211   19           0           0     -0.47684     -0.04922      6.31778      6.33748      0.13957
   29  (pi0)             11       111   19          35          36      0.06914      0.05918      5.99799      6.00020      0.13498
   30  pi-                1      -211   20           0           0      0.20510     -0.27726      9.21791      9.22541      0.13957
   31  (pi0)             11       111   20          37          38      0.03810      0.28071      2.28451      2.30596      0.13498
   32  K_L0               1       130   21           0           0     -0.00685      0.09988      8.67565      8.69049      0.49767
   33  pi-                1      -211   23           0           0     -2.35415      0.94928      1.51177      2.95772      0.13957
   34  (pi0)             11       111   23          39          41     -1.67821      0.09777      1.26808      2.11002      0.13498
   35  gamma              1        22   29           0           0      0.09797      0.00118      3.54432      3.54568      0.00000
   36  gamma              1        22   29           0           0     -0.02883      0.05800      2.45367      2.45452      0.00000
   37  gamma              1        22   31           0           0      0.06036      0.28102      1.99553      2.01613      0.00000
   38  gamma              1        22   31           0           0     -0.02226     -0.00032      0.28898      0.28983      0.00000
   39  gamma              1        22   34           0           0     -0.03877     -0.00410      0.01004      0.04026      0.00000
   40  e+                 1       -11   34           0           0     -0.35260      0.01256      0.24416      0.42907      0.00051
   41  e-                 1        11   34           0           0     -1.28683      0.08932      1.01388      1.64068      0.00051
 ==================================================================================================================================
                   sum charge:  0.00   sum momentum and inv. mass:      0.00000     -0.00000    120.00000    140.00339     72.11760



                            Event listing (standard)

    I  particle/jet  K(I,1)   K(I,2) K(I,3)     K(I,4)      K(I,5)       P(I,1)       P(I,2)       P(I,3)       P(I,4)       P(I,5)

    1  !e-!              21        11    0           3           4      0.00000      0.00000    -10.00000     10.00000      0.00051
    2  !p+!              21      2212    0           5           0     -0.00000      0.00000    130.00000    130.00339      0.93827
 ==================================================================================================================================
    3  !e-!              21        11    1           0           0     16.99123      2.61467     24.05043     29.56284      0.00051
    4  !gamma!           21        22    1           0           0    -16.99123     -2.61467    -34.05043    -19.56284    -32.74547
    5  !p+!              21      2212    2           0           0     -0.00000      0.00000    130.00000    130.00339      0.93827
    6  !gamma!           21        22    4           0           0    -16.99520     -2.61528    -34.04110    -19.55012    -32.74547
    7  !u!               21         2    5           0           0      0.00113      0.00017     36.99634     36.99634      0.00000
    8  !gamma!           21        22    6           0           0    -16.99520     -2.61528    -34.04110    -19.55012    -32.74547
    9  !u!               21         2    7           0           0      0.00113      0.00017     36.99634     36.99634      0.00000
   10  !u!               21         2    9           0           0    -16.99407     -2.61511      2.95524     17.44622      0.00000
 ==================================================================================================================================
   11  e-                 1        11    3           0           0     16.99123      2.61467     24.05043     29.56284      0.00051
   12  (ud_0)        A   12      2101    5          19          19      0.18776     -0.20871     90.52101     90.52330      0.57933
   13  (g)           I   12        21   10          19          19     -2.74763     -0.40292      2.35867      3.64350      0.00000
   14  (g)           I   12        21   10          19          19     -1.24382      0.94975      0.66319      1.69968      0.00000
   15  (g)           I   12        21   10          19          19     -1.49828      0.00988      1.41715      2.06234      0.00000
   16  (g)           I   12        21   10          19          19     -2.67484     -2.00996      0.33309      3.36239      0.00000
   17  (g)           I   12        21   10          19          19     -4.06510     -0.88905      0.04017      4.16138      0.00000
   18  (u)           V   11         2   10          19          19     -4.94932     -0.06365      0.61630      4.98795      0.00000
 ==================================================================================================================================
   19  (string)          11        92   12          20          32    -16.99123     -2.61467     95.94957    110.44054     51.91585
   20  n0                 1      2112   19           0           0     -0.67771     -0.33017     46.32320     46.33886      0.93957
   21  (omega)           11       223   19          33          35      1.04044     -0.22983     33.96475     33.99114      0.81096
   22  (pi0)             11       111   19          36          37     -0.37523      0.14050      1.36650      1.43041      0.13498
   23  pi+                1       211   19           0           0     -0.21613      0.08593      0.63727      0.69260      0.13957
   24  (omega)           11       223   19          38          40     -0.40415      0.45624      3.32709      3.47060      0.77720
   25  pi-                1      -211   19           0           0      0.03968     -0.53167      3.45250      3.49621      0.13957
   26  (rho+)            11       213   19          41          42     -0.45366      0.11239      1.89919      2.05603      0.63396
   27  (omega)           11       223   19          43          45     -1.15072      0.08355      1.91475      2.37803      0.81094
   28  (omega)           11       223   19          46          48     -3.35436     -0.06681      1.39168      3.71597      0.78451
   29  (rho0)            11       113   19          49          50     -0.81930     -0.40948      0.50630      1.26281      0.70671
   30  (eta')            11       331   19          51          53     -0.43950     -0.28760     -0.03235      1.09284      0.95780
   31  (rho0)            11       113   19          54          55     -5.94684     -0.80423      0.89517      6.12164      0.81329
   32  (rho0)            11       113   19          56          57     -4.23374     -0.83350      0.30351      4.39341      0.76852
   33  pi+                1       211   21           0           0      0.07427     -0.00540      1.49432      1.50267      0.13957
   34  pi-                1      -211   21           0           0      0.64829     -0.03400     23.48312     23.49250      0.13957
   35  (pi0)             11       111   21          58          59      0.31788     -0.19043      8.98732      8.99596      0.13498
   36  gamma              1        22   22           0           0     -0.32915      0.13724      1.30871      1.35642      0.00000
   37  gamma              1        22   22           0           0     -0.04608      0.00326      0.05779      0.07399      0.00000
   38  pi-                1      -211   24           0           0     -0.08314      0.18944      1.79074      1.80804      0.13957
   39  pi+                1       211   24           0           0      0.04360     -0.00724      0.23370      0.27577      0.13957
   40  (pi0)             11       111   24          60          61     -0.36462      0.27404      1.30265      1.38679      0.13498
   41  pi+                1       211   26           0           0     -0.34408      0.32737      1.00897      1.12386      0.13957
   42  (pi0)             11       111   26          62          63     -0.10958     -0.21499      0.89022      0.93217      0.13498
   43  pi-                1      -211   27           0           0     -0.62056      0.13411      1.29587      1.44977      0.13957
   44  pi+                1       211   27           0           0     -0.40042      0.11187      0.44982      0.62823      0.13957
   45  (pi0)             11       111   27          64          65     -0.12973     -0.16243      0.16905      0.30002      0.13498
   46  pi+                1       211   28           0           0     -1.08813      0.20636      0.44480      1.20164      0.13957
   47  pi-                1      -211   28           0           0     -1.17391      0.04655      0.47849      1.27619      0.13957
   48  (pi0)             11       111   28          66          67     -1.09233     -0.31971      0.46839      1.23814      0.13498
   49  pi-                1      -211   29           0           0     -0.30211      0.15607      0.08525      0.37732      0.13957
   50  pi+                1       211   29           0           0     -0.51719     -0.56554      0.42106      0.88549      0.13957
   51  pi-                1      -211   30           0           0      0.04568     -0.05392      0.12512      0.20033      0.13957
   52  pi+                1       211   30           0           0     -0.14784     -0.06495     -0.04772      0.21871      0.13957
   53  (eta)             11       221   30          68          69     -0.33734     -0.16873     -0.10975      0.67381      0.54745
   54  pi-                1      -211   31           0           0     -2.57087      0.03271      0.37628      2.60221      0.13957
   55  pi+                1       211   31           0           0     -3.37597     -0.83693      0.51889      3.51942      0.13957
   56  pi-                1      -211   32           0           0     -3.78460     -0.61995      0.10193      3.83893      0.13957
   57  pi+                1       211   32           0           0     -0.44915     -0.21354      0.20158      0.55448      0.13957
   58  gamma              1        22   35           0           0      0.09081     -0.06980      1.55987      1.56407      0.00000
   59  gamma              1        22   35           0           0      0.22708     -0.12062      7.42745      7.43190      0.00000
   60  gamma              1        22   40           0           0     -0.01987      0.04873      0.07299      0.08999      0.00000
   61  gamma              1        22   40           0           0     -0.34476      0.22531      1.22966      1.29680      0.00000
   62  gamma              1        22   42           0           0     -0.07770     -0.10697      0.68904      0.70161      0.00000
   63  gamma              1        22   42           0           0     -0.03188     -0.10802      0.20118      0.23056      0.00000
   64  gamma              1        22   45           0           0     -0.14784     -0.13895      0.17709      0.26930      0.00000
   65  gamma              1        22   45           0           0      0.01810     -0.02348     -0.00803      0.03072      0.00000
   66  gamma              1        22   48           0           0     -1.06717     -0.31475      0.47775      1.21086      0.00000
   67  gamma              1        22   48           0           0     -0.02515     -0.00496     -0.00935      0.02729      0.00000
   68  gamma              1        22   53           0           0     -0.01614     -0.28894      0.05298      0.29420      0.00000
   69  gamma              1        22   53           0           0     -0.32120      0.12021     -0.16273      0.37961      0.00000
 ==================================================================================================================================
                   sum charge:  0.00   sum momentum and inv. mass:      0.00000      0.00000    120.00000    140.00339     72.11760



                            Event listing (standard)

    I  particle/jet  K(I,1)   K(I,2) K(I,3)     K(I,4)      K(I,5)       P(I,1)       P(I,2)       P(I,3)       P(I,4)       P(I,5)

    1  !e-!              21        11    0           3           4      0.00000      0.00000    -10.00000     10.00000      0.00051
    2  !p+!              21      2212    0           5           0     -0.00000      0.00000    130.00000    130.00339      0.93827
 ==================================================================================================================================
    3  !e-!              21        11    1           0           0    -10.14430      0.83798     32.03000     33.60848      0.00051
    4  !gamma!           21        22    1           0           0     10.14430     -0.83798    -42.03000    -23.60848    -36.23216
    5  !p+!              21      2212    2           0           0     -0.00000      0.00000    130.00000    130.00339      0.93827
    6  !gamma!           21        22    4           0           0     10.14617     -0.83813    -42.02463    -23.59972    -36.23216
    7  !u!               21         2    5           0           0     -0.00051      0.00004     35.62458     35.62458      0.00000
    8  !gamma!           21        22    6           0           0     10.14617     -0.83813    -42.02463    -23.59972    -36.23216
    9  !u!               21         2    7           0           0     -0.00051      0.00004     35.62458     35.62458      0.00000
   10  !u!               21         2    9           0           0     10.14566     -0.83809     -6.40004     12.02486      0.00000
 ==================================================================================================================================
   11  e-                 1        11    3           0           0    -10.14430      0.83798     32.03000     33.60848      0.00051
   12  (ud_1)        A   12      2103    5          18          18      0.49042      0.56343     93.89642     93.90256      0.77133
   13  (g)           I   12        21   10          18          18      0.04916      0.11790      0.20426      0.24091      0.00000
   14  (g)           I   12        21   10          18          18     -0.04973      0.17703      0.08308      0.20178      0.00000
   15  (g)           I   12        21   10          18          18      0.08672      0.28365     -0.20070      0.35814      0.00000
   16  (g)           I   12        21   10          18          18      0.21433      0.30993     -0.38065      0.53563      0.00000
   17  (u)           V   11         2   10          18          18      9.35340     -2.28993     -5.63241     11.15589      0.00000
 ==================================================================================================================================
   18  (string)          11        92   12          19          29     10.14430     -0.83798     87.97000    106.39491     58.97072
   19  (Delta0)          11      2114   18          30          31      0.43632      0.93062     76.10324     76.11837      1.11702
   20  pi+                1       211   18           0           0     -0.30136     -0.33291     11.41869     11.42837      0.13957
   21  (eta)             11       221   18          32          33      0.44866     -0.05607      1.41374      1.58203      0.54745
   22  (pi0)             11       111   18          34          35      0.26835      0.04485      0.36295      0.47326      0.13498
   23  (rho-)            11      -213   18          36          37     -1.04364     -0.02618      3.49419      3.74247      0.84075
   24  pi+                1       211   18           0           0      1.82258      0.34893      0.30788      1.88622      0.13957
   25  (pi0)             11       111   18          38          39      0.40888     -0.55042      0.05589      0.70106      0.13498
   26  pi-                1      -211   18           0           0      2.11289      0.12898     -0.94259      2.32140      0.13957
   27  pi+                1       211   18           0           0     -0.10502     -0.20056      0.15030      0.30549      0.13957
   28  (rho0)            11       113   18          40          41      2.77515     -0.53132     -2.75371      4.00323      0.67761
   29  (omega)           11       223   18          42          43      3.32148     -0.59389     -1.64058      3.83301      0.78455
   30  n0                 1      2112   19           0           0      0.47094      0.75680     65.16260     65.17547      0.93957
   31  (pi0)             11       111   19          44          45     -0.03462      0.17382     10.94064     10.94291      0.13498
   32  gamma              1        22   21           0           0      0.18799      0.05458      0.06863      0.20743      0.00000
   33  gamma              1        22   21           0           0      0.26067     -0.11065      1.34511      1.37460      0.00000
   34  gamma              1        22   22           0           0      0.22802      0.08820      0.29031      0.37954      0.00000
   35  gamma              1        22   22           0           0      0.04034     -0.04336      0.07264      0.09372      0.00000
   36  pi-                1      -211   23           0           0     -0.64525     -0.24816      1.13853      1.33928      0.13957
   37  (pi0)             11       111   23          46          47     -0.39838      0.22198      2.35566      2.40319      0.13498
   38  gamma              1        22   25           0           0      0.13117     -0.26199      0.06684      0.30052      0.00000
   39  gamma              1        22   25           0           0      0.27771     -0.28843     -0.01095      0.40054      0.00000
   40  pi+                1       211   28           0           0      0.71790     -0.39945     -0.91185      1.23527      0.13957
   41  pi-                1      -211   28           0           0      2.05724     -0.13187     -1.84186      2.76795      0.13957
   42  gamma              1        22   29           0           0      0.89989     -0.50988     -0.41708      1.11523      0.00000
   43  (pi0)             11       111   29          48          49      2.42160     -0.08401     -1.22350      2.71778      0.13498
   44  gamma              1        22   31           0           0      0.01642      0.07634      1.90714      1.90873      0.00000
   45  gamma              1        22   31           0           0     -0.05103      0.09748      9.03350      9.03417      0.00000
   46  gamma              1        22   37           0           0     -0.22508      0.17111      1.68893      1.71243      0.00000
   47  gamma              1        22   37           0           0     -0.17331      0.05087      0.66673      0.69076      0.00000
   48  gamma              1        22   43           0           0      1.21787      0.02448     -0.60258      1.35901      0.00000
   49  gamma              1        22   43           0           0      1.20373     -0.10850     -0.62092      1.35877      0.00000
 ==================================================================================================================================
                   sum charge:  0.00   sum momentum and inv. mass:      0.00000      0.00000    120.00000    140.00339     72.11760



                            Event listing (standard)

    I  particle/jet  K(I,1)   K(I,2) K(I,3)     K(I,4)      K(I,5)       P(I,1)       P(I,2)       P(I,3)       P(I,4)       P(I,5)

    1  !e-!              21        11    0           3           4      0.00000      0.00000    -10.00000     10.00000      0.00051
    2  !p+!              21      2212    0           5           0     -0.00000      0.00000    130.00000    130.00339      0.93827
 ==================================================================================================================================
    3  !e-!              21        11    1           0           0      4.72691     -3.65005     29.95107     30.54068      0.00051
    4  !gamma!           21        22    1           0           0     -4.72691      3.65005    -39.95107    -20.54068    -34.78268
    5  !p+!              21      2212    2           0           0     -0.00000      0.00000    130.00000    130.00339      0.93827
    6  !gamma!           21        22    4           0           0     -4.72774      3.65069    -39.94717    -20.53339    -34.78268
    7  !d!               21         1    5           0           0      0.00020     -0.00015     31.15911     31.15911      0.00000
    8  !gamma!           21        22    6           0           0     -4.72774      3.65069    -39.94717    -20.53339    -34.78268
    9  !d!               21         1    7           0           0      0.00020     -0.00015     31.15911     31.15911      0.00000
   10  !d!               21         1    9           0           0     -4.72754      3.65053     -8.78806     10.62572      0.00000
 ==================================================================================================================================
   11  e-                 1        11    3           0           0      4.72691     -3.65005     29.95107     30.54068      0.00051
   12  (uu_1)        A   12      2203    5          19          19      0.29867      0.13588     87.15309     87.15712      0.77133
   13  (g)           I   12        21   10          19          19     -0.17158      0.61127      1.73810      1.85043      0.00000
   14  (g)           I   12        21   10          19          19     -6.11003      2.69232      6.65232      9.42520      0.00000
   15  (g)           I   12        21   10          19          19     -1.81262      1.15085      1.00506      2.37069      0.00000
   16  (g)           I   12        21   10          19          19      0.75910     -1.06729     -0.88088      1.57838      0.00000
   17  (g)           I   12        21   10          19          19      2.84760     -0.86477     -2.98258      4.21337      0.00000
   18  (d)           V   11         1   10          19          19     -0.53807      0.99180     -2.63618      2.86751      0.00000
 ==================================================================================================================================
   19  (string)          11        92   12          20          32     -4.72691      3.65005     90.04893    109.46271     61.94843
   20  (Sigma+)          11      3222   19          33          34     -0.02467      0.59625     52.37501     52.39191      1.18937
   21  (K*0)             11       313   19          35          36      0.09743     -0.98167     24.57483     24.61713      1.05246
   22  (eta')            11       331   19          37          38     -0.16938      1.32580      9.69911      9.83751      0.95787
   23  (pi0)             11       111   19          39          40     -0.07050     -0.18010      0.11810      0.26377      0.13498
   24  nbar0              1     -2112   19           0           0     -1.20710      0.45324      3.18361      3.56099      0.93957
   25  n0                 1      2112   19           0           0     -1.10695      0.20704      1.47553      2.08043      0.93957
   26  pi+                1       211   19           0           0     -2.75760      1.67597      3.58994      4.82911      0.13957
   27  pbar-              1     -2212   19           0           0     -1.56431      0.64190      0.57774      2.01822      0.93827
   28  n0                 1      2112   19           0           0     -0.00600      0.58392      1.17053      1.61057      0.93957
   29  (eta')            11       331   19          41          42      1.23822     -0.80817     -2.72123      3.24175      0.95786
   30  nbar0              1     -2112   19           0           0     -0.23494      0.59127     -1.68573      2.03206      0.93957
   31  p+                 1      2212   19           0           0      0.86363     -0.74405     -1.63551      2.20334      0.93827
   32  pi-                1      -211   19           0           0      0.21525      0.28865     -0.67298      0.77591      0.13957
   33  p+                 1      2212   20           0           0      0.07638      0.60623     39.73367     39.74945      0.93827
   34  (pi0)             11       111   20          43          44     -0.10105     -0.00998     12.64134     12.64247      0.13498
   35  K+                 1       321   21           0           0      0.06942     -1.06914     23.48118     23.51079      0.49360
   36  pi-                1      -211   21           0           0      0.02800      0.08747      1.09366      1.10634      0.13957
   37  gamma              1        22   22           0           0      0.07138      0.34795      2.77620      2.79883      0.00000
   38  (rho0)            11       113   22          45          46     -0.24077      0.97785      6.92291      7.03868      0.77603
   39  gamma              1        22   23           0           0     -0.09664     -0.08770      0.03101      0.13414      0.00000
   40  gamma              1        22   23           0           0      0.02614     -0.09240      0.08708      0.12963      0.00000
   41  gamma              1        22   29           0           0      0.20435     -0.02435     -0.09365      0.22610      0.00000
   42  (rho0)            11       113   29          47          48      1.03387     -0.78382     -2.62758      3.01565      0.71180
   43  gamma              1        22   34           0           0      0.00406      0.04690      4.59037      4.59061      0.00000
   44  gamma              1        22   34           0           0     -0.10511     -0.05688      8.05097      8.05186      0.00000
   45  pi+                1       211   38           0           0      0.01034      0.93907      4.54078      4.63898      0.13957
   46  pi-                1      -211   38           0           0     -0.25111      0.03878      2.38213      2.39971      0.13957
   47  pi+                1       211   42           0           0      0.13791     -0.15130     -1.11436      1.14157      0.13957
   48  pi-                1      -211   42           0           0      0.89596     -0.63253     -1.51322      1.87407      0.13957
 ==================================================================================================================================
                   sum charge:  0.00   sum momentum and inv. mass:      0.00000     -0.00000    120.00000    140.00339     72.11760



                            Event listing (standard)

    I  particle/jet  K(I,1)   K(I,2) K(I,3)     K(I,4)      K(I,5)       P(I,1)       P(I,2)       P(I,3)       P(I,4)       P(I,5)

    1  !e-!              21        11    0           3           4      0.00000      0.00000    -10.00000     10.00000      0.00051
    2  !p+!              21      2212    0           5           0     -0.00000      0.00000    130.00000    130.00339      0.93827
 ==================================================================================================================================
    3  !e-!              21        11    1           0           0     -9.02064     23.28902     24.46877     34.96385      0.00051
    4  !gamma!           21        22    1           0           0      9.02064    -23.28902    -34.46877    -24.96385    -34.47684
    5  !p+!              21      2212    2           0           0     -0.00000     -0.00000    130.00000    130.00339      0.93827
    6  !gamma!           21        22    4           0           0      9.02385    -23.29731    -34.43652    -24.92821    -34.47684
    7  !u!               21         2    5           0           0     -0.00154      0.00399     62.49478     62.49478      0.00000
    8  !gamma!           21        22    6           0           0      9.02385    -23.29731    -34.43652    -24.92821    -34.47684
    9  !u!               21         2    7           0           0     -0.00154      0.00399     62.49478     62.49478      0.00000
   10  !u!               21         2    9           0           0      9.02231    -23.29332     28.05826     37.56657      0.00000
 ==================================================================================================================================
   11  e-                 1        11    3           0           0     -9.02064     23.28902     24.46877     34.96385      0.00051
   12  (ud_1)        A   12      2103    5          20          20     -0.27913     -0.28700     43.03079     43.03957      0.77133
   13  (g)           I   12        21   10          20          20      4.77771     -0.82512     10.07509     11.18101      0.00000
   14  (g)           I   12        21   10          20          20      5.73104     -5.28658     18.43347     20.01464      0.00000
   15  (g)           I   12        21   10          20          20      1.69457     -2.43653      8.32797      8.84100      0.00000
   16  (d)           V   11         1   10          20          20     -1.41654     -2.85049      3.72100      4.90782      0.33000
   17  (u)           A   12         2   10          32          32      0.00600     -8.69841      9.87404     13.15899      0.00000
   18  (g)           I   12        21   10          32          32     -0.40956     -0.91141      0.76955      1.26119      0.00000
   19  (dbar)        V   11        -1   10          32          32     -1.08345     -1.99348      1.29931      2.63532      0.33000
 ==================================================================================================================================
   20  (string)          11        92   12          21          31     10.50765    -11.68572     83.58833     87.98403     22.52139
   21  (Sigma*0)         11      3214   20          36          37     -0.37691      0.13136     26.74391     26.78249      1.38043
   22  (K*+)             11       323   20          38          39      0.12887     -0.63957     12.49297     12.55082      1.01157
   23  (rho0)            11       113   20          40          41      0.74132      0.17910      3.53240      3.69994      0.79376
   24  (rho0)            11       113   20          42          43      1.02599     -0.47643      3.15021      3.38981      0.53603
   25  (rho0)            11       113   20          44          45      2.07409     -1.79855      7.37969      7.90459      0.69719
   26  pbar-              1     -2212   20           0           0      0.71504     -0.41642      2.64161      2.92287      0.93827
   27  n0                 1      2112   20           0           0      4.18263     -2.94702     13.02422     14.02471      0.93957
   28  (rho+)            11       213   20          46          47      2.32278     -1.25675      5.55153      6.19474      0.76198
   29  pi-                1      -211   20           0           0     -0.06646     -1.16537      3.18415      3.39423      0.13957
   30  (eta')            11       331   20          48          50     -0.21330     -1.77712      1.89690      2.77838      0.95786
   31  (omega)           11       223   20          51          53     -0.02638     -1.51893      3.99073      4.34144      0.78384
   32  (string)          11        92   17          33          35     -1.48701    -11.60330     11.94290     17.05551      3.37785
   33  (rho0)            11       113   32          54          55     -0.96933     -7.52502      8.51634     11.41897      0.54712
   34  pi+                1       211   32           0           0      0.44578     -1.47766      0.82772      1.75693      0.13957
   35  (omega)           11       223   32          56          58     -0.96347     -2.60061      2.59884      3.87961      0.77841
   36  (Lambda0)         11      3122   21          59          60     -0.14954     -0.02476     21.78976     21.81883      1.11568
   37  (pi0)             11       111   21          61          62     -0.22736      0.15612      4.95415      4.96366      0.13498
   38  (K0)              11       311   22          63          63     -0.23559     -0.59406      8.62478      8.66273      0.49767
   39  pi+                1       211   22           0           0      0.36446     -0.04551      3.86819      3.88810      0.13957
   40  pi+                1       211   23           0           0      0.83612      0.26736      3.14624      3.26939      0.13957
   41  pi-                1      -211   23           0           0     -0.09480     -0.08826      0.38616      0.43055      0.13957
   42  pi-                1      -211   24           0           0      0.17984     -0.29347      0.82510      0.90484      0.13957
   43  pi+                1       211   24           0           0      0.84615     -0.18296      2.32511      2.48497      0.13957
   44  pi+                1       211   25           0           0      1.52044     -1.17358      4.31671      4.72679      0.13957
   45  pi-                1      -211   25           0           0      0.55365     -0.62498      3.06298      3.17780      0.13957
   46  pi+                1       211   28           0           0      0.02834     -0.08710      0.27493      0.32165      0.13957
   47  (pi0)             11       111   28          64          65      2.29444     -1.16966      5.27660      5.87309      0.13498
   48  (pi0)             11       111   30          66          67      0.00166     -0.37420      0.57506      0.69925      0.13498
   49  (pi0)             11       111   30          68          69     -0.03710     -0.44744      0.24625      0.52957      0.13498
   50  (eta)             11       221   30          70          71     -0.17785     -0.95548      1.07559      1.54957      0.54745
   51  pi-                1      -211   31           0           0      0.16906     -0.59638      1.47501      1.60605      0.13957
   52  pi+                1       211   31           0           0     -0.22173     -0.32323      1.41116      1.47122      0.13957
   53  (pi0)             11       111   31          72          73      0.02628     -0.59933      1.10455      1.26418      0.13498
   54  pi-                1      -211   33           0           0     -0.49518     -2.24018      2.51381      3.40622      0.13957
   55  pi+                1       211   33           0           0     -0.47415     -5.28485      6.00253      8.01276      0.13957
   56  pi+                1       211   35           0           0     -0.23009     -0.75374      0.57229      0.98391      0.13957
   57  pi-                1      -211   35           0           0     -0.32549     -0.56983      0.39063      0.77635      0.13957
   58  (pi0)             11       111   35          74          75     -0.40788     -1.27704      1.63592      2.11935      0.13498
   59  p+                 1      2212   36           0           0     -0.07826     -0.07842     17.02842     17.05461      0.93827
   60  pi-                1      -211   36           0           0     -0.07129      0.05365      4.76134      4.76422      0.13957
   61  gamma              1        22   37           0           0     -0.01171      0.07481      1.07130      1.07397      0.00000
   62  gamma              1        22   37           0           0     -0.21565      0.08131      3.88285      3.88969      0.00000
   63  (K_S0)            11       310   38          76          77     -0.23559     -0.59406      8.62478      8.66273      0.49767
   64  gamma              1        22   47           0           0      2.18528     -1.13401      4.98875      5.56319      0.00000
   65  gamma              1        22   47           0           0      0.10915     -0.03564      0.28785      0.30991      0.00000
   66  gamma              1        22   48           0           0      0.04203     -0.34463      0.48942      0.60005      0.00000
   67  gamma              1        22   48           0           0     -0.04037     -0.02957      0.08565      0.09919      0.00000
   68  gamma              1        22   49           0           0      0.00567     -0.27364      0.21461      0.34780      0.00000
   69  gamma              1        22   49           0           0     -0.04277     -0.17380      0.03165      0.18177      0.00000
   70  gamma              1        22   50           0           0      0.14730     -0.60650      0.48502      0.79043      0.00000
   71  gamma              1        22   50           0           0     -0.32516     -0.34898      0.59057      0.75914      0.00000
   72  gamma              1        22   53           0           0      0.06199     -0.14054      0.24432      0.28859      0.00000
   73  gamma              1        22   53           0           0     -0.03570     -0.45879      0.86024      0.97559      0.00000
   74  gamma              1        22   58           0           0     -0.34749     -0.99019      1.20111      1.59496      0.00000
   75  gamma              1        22   58           0           0     -0.06040     -0.28685      0.43481      0.52439      0.00000
   76  pi+                1       211   63           0           0      0.10894     -0.22165      3.09455      3.10752      0.13957
   77  pi-                1      -211   63           0           0     -0.34453     -0.37241      5.53023      5.55520      0.13957
 ==================================================================================================================================
                   sum charge:  0.00   sum momentum and inv. mass:     -0.00000      0.00000    120.00000    140.00339     72.11760



                            Event listing (standard)

    I  particle/jet  K(I,1)   K(I,2) K(I,3)     K(I,4)      K(I,5)       P(I,1)       P(I,2)       P(I,3)       P(I,4)       P(I,5)

    1  !e-!              21        11    0           3           4      0.00000      0.00000    -10.00000     10.00000      0.00051
    2  !p+!              21      2212    0           5           0     -0.00000      0.00000    130.00000    130.00339      0.93827
 ==================================================================================================================================
    3  !e-!              21        11    1           0           0      8.17775      1.46648     59.33131     59.91018      0.00051
    4  !gamma!           21        22    1           0           0     -8.17775     -1.46648    -69.33131    -49.91018    -48.83472
    5  !p+!              21      2212    2           0           0     -0.00000      0.00000    130.00000    130.00339      0.93827
    6  !gamma!           21        22    4           0           0     -8.17918     -1.46674    -69.32199    -49.89748    -48.83472
    7  !u!               21         2    5           0           0      0.00067      0.00012     61.38684     61.38684      0.00000
    8  !gamma!           21        22    6           0           0     -8.17918     -1.46674    -69.32199    -49.89748    -48.83472
    9  !u!               21         2    7           0           0      0.00067      0.00012     61.38684     61.38684      0.00000
   10  !u!               21         2    9           0           0     -8.17850     -1.46661     -7.93515     11.48936      0.00000
 ==================================================================================================================================
   11  e-                 1        11    3           0           0      8.17775      1.46648     59.33131     59.91018      0.00051
   12  (u)           A   12         2   10          14          14     -7.89345     -1.75826     -8.02672     11.39414      0.00000
   13  (ud_0)        V   11      2101    5          14          14     -0.28430      0.29178     68.69542     68.69907      0.57933
 ==================================================================================================================================
   14  (string)          11        92   12          15          25     -8.17775     -1.46648     60.66869     80.09320     51.62562
   15  (rho0)            11       113   14          26          27     -5.26143     -0.73923     -5.24273      7.51892      0.90489
   16  pi+                1       211   14           0           0     -0.41630     -0.60497     -0.26748      0.79392      0.13957
   17  pi-                1      -211   14           0           0     -0.22440     -0.45293     -1.07469      1.19581      0.13957
   18  (pi0)             11       111   14          28          29     -1.24495      0.00191     -0.43679      1.32624      0.13498
   19  pi+                1       211   14           0           0     -0.05252     -0.02841     -0.28944      0.32683      0.13957
   20  (rho-)            11      -213   14          30          31     -0.24671      0.02846      2.19418      2.32502      0.72775
   21  (rho+)            11       213   14          32          33      0.15425      0.67421      2.27564      2.47629      0.68929
   22  (rho-)            11      -213   14          34          35     -0.84479     -0.80821      3.99469      4.22246      0.71047
   23  (rho+)            11       213   14          36          37      0.19353      0.44198      1.92483      2.24386      1.04745
   24  (rho-)            11      -213   14          38          39     -0.01796     -0.57713      8.26740      8.32774      0.81727
   25  p+                 1      2212   14           0           0     -0.21646      0.59784     49.32309     49.33611      0.93827
   26  pi-                1      -211   15           0           0     -2.32837     -0.55817     -1.85491      3.03200      0.13957
   27  pi+                1       211   15           0           0     -2.93306     -0.18105     -3.38782      4.48692      0.13957
   28  gamma              1        22   18           0           0     -0.89329     -0.02907     -0.25649      0.92984      0.00000
   29  gamma              1        22   18           0           0     -0.35166      0.03098     -0.18031      0.39640      0.00000
   30  pi-                1      -211   20           0           0      0.08763     -0.03116      1.71097      1.71918      0.13957
   31  (pi0)             11       111   20          40          41     -0.33434      0.05963      0.48320      0.60584      0.13498
   32  pi+                1       211   21           0           0      0.11024      0.27737      0.26754      0.42443      0.13957
   33  (pi0)             11       111   21          42          43      0.04401      0.39684      2.00811      2.05186      0.13498
   34  pi-                1      -211   22           0           0     -0.76964     -0.31656      2.24026      2.39391      0.13957
   35  (pi0)             11       111   22          44          45     -0.07515     -0.49164      1.75443      1.82855      0.13498
   36  pi+                1       211   23           0           0     -0.31910      0.51048      0.99156      1.16837      0.13957
   37  (pi0)             11       111   23          46          47      0.51263     -0.06850      0.93326      1.07549      0.13498
   38  pi-                1      -211   24           0           0      0.00986     -0.66975      7.83073      7.86056      0.13957
   39  (pi0)             11       111   24          48          49     -0.02782      0.09262      0.43667      0.46718      0.13498
   40  gamma              1        22   31           0           0     -0.08648     -0.03659      0.08276      0.12516      0.00000
   41  gamma              1        22   31           0           0     -0.24786      0.09622      0.40045      0.48068      0.00000
   42  gamma              1        22   33           0           0      0.04256      0.03400      0.37466      0.37860      0.00000
   43  gamma              1        22   33           0           0      0.00145      0.36284      1.63345      1.67326      0.00000
   44  gamma              1        22   35           0           0     -0.00837     -0.02604      0.02780      0.03900      0.00000
   45  gamma              1        22   35           0           0     -0.06679     -0.46560      1.72663      1.78955      0.00000
   46  gamma              1        22   37           0           0      0.25257     -0.01219      0.58420      0.63658      0.00000
   47  gamma              1        22   37           0           0      0.26005     -0.05631      0.34907      0.43892      0.00000
   48  gamma              1        22   39           0           0     -0.07023      0.06386      0.16195      0.18772      0.00000
   49  gamma              1        22   39           0           0      0.04241      0.02876      0.27473      0.27946      0.00000
 ==================================================================================================================================
                   sum charge:  0.00   sum momentum and inv. mass:     -0.00000     -0.00000    120.00000    140.00339     72.11760



                            Event listing (standard)

    I  particle/jet  K(I,1)   K(I,2) K(I,3)     K(I,4)      K(I,5)       P(I,1)       P(I,2)       P(I,3)       P(I,4)       P(I,5)

    1  !e-!              21        11    0           3           4      0.00000      0.00000    -10.00000     10.00000      0.00051
    2  !p+!              21      2212    0           5           0     -0.00000      0.00000    130.00000    130.00339      0.93827
 ==================================================================================================================================
    3  !e-!              21        11    1           0           0     13.60194      2.91302     49.60077     51.51442      0.00051
    4  !gamma!           21        22    1           0           0    -13.60194     -2.91302    -59.60077    -41.51442    -44.97003
    5  !p+!              21      2212    2           0           0     -0.00000      0.00000    130.00000    130.00339      0.93827
    6  !gamma!           21        22    4           0           0    -13.60449     -2.91356    -59.59100    -41.50126    -44.97003
    7  !u!               21         2    5           0           0      0.00109      0.00023     55.89556     55.89556      0.00000
    8  !gamma!           21        22    6           0           0    -13.60449     -2.91356    -59.59100    -41.50126    -44.97003
    9  !u!               21         2    7           0           0      0.00109      0.00023     55.89556     55.89556      0.00000
   10  !u!               21         2    9           0           0    -13.60339     -2.91333     -3.69544     14.39430      0.00000
 ==================================================================================================================================
   11  e-                 1        11    3           0           0     13.60194      2.91302     49.60077     51.51442      0.00051
   12  (ud_0)        A   12      2101    5          17          17      0.19715     -0.04435     70.54787     70.55054      0.57933
   13  (g)           I   12        21   10          17          17     -0.30569     -1.25479      3.36864      3.60773      0.00000
   14  (g)           I   12        21   10          17          17     -0.60067     -0.59944     -0.04356      0.84973      0.00000
   15  (g)           I   12        21   10          17          17     -3.79503     -0.77227     -0.49137      3.90385      0.00000
   16  (u)           V   11         2   10          17          17     -9.09770     -0.24216     -2.98236      9.57712      0.00000
 ==================================================================================================================================
   17  (string)          11        92   12          18          24    -13.60194     -2.91302     70.39923     88.48897     51.77594
   18  n0                 1      2112   17           0           0      0.23484      0.30986     55.04649     55.05588      0.93957
   19  (rho+)            11       213   17          25          26      0.01057     -0.66706     12.05180     12.09612      0.79067
   20  (rho0)            11       113   17          27          28     -0.48337     -0.32557      5.74228      5.83943      0.88633
   21  pbar-              1     -2212   17           0           0     -0.48696     -1.01511      0.77169      1.65633      0.93827
   22  n0                 1      2112   17           0           0     -1.36411     -0.34084     -0.50123      1.76380      0.93957
   23  pi+                1       211   17           0           0     -0.87861      0.18884      0.28570      0.95327      0.13957
   24  (rho0)            11       113   17          29          30    -10.63429     -1.06312     -2.99749     11.12413      0.73691
   25  pi+                1       211   19           0           0      0.05171     -0.58494      4.25351      4.29612      0.13957
   26  (pi0)             11       111   19          31          32     -0.04115     -0.08212      7.79829      7.80000      0.13498
   27  pi+                1       211   20           0           0     -0.52794     -0.06523      5.11685      5.14632      0.13957
   28  pi-                1      -211   20           0           0      0.04457     -0.26034      0.62543      0.69311      0.13957
   29  pi-                1      -211   24           0           0     -0.76042      0.04406     -0.26635      0.81890      0.13957
   30  pi+                1       211   24           0           0     -9.87387     -1.10718     -2.73114     10.30523      0.13957
   31  gamma              1        22   26           0           0     -0.03595     -0.05809      7.58336      7.58367      0.00000
   32  gamma              1        22   26           0           0     -0.00519     -0.02403      0.21493      0.21633      0.00000
 ==================================================================================================================================
                   sum charge:  0.00   sum momentum and inv. mass:      0.00000      0.00000    120.00000    140.00339     72.11760



                            Event listing (standard)

    I  particle/jet  K(I,1)   K(I,2) K(I,3)     K(I,4)      K(I,5)       P(I,1)       P(I,2)       P(I,3)       P(I,4)       P(I,5)

    1  !e-!              21        11    0           3           4      0.00000      0.00000    -10.00000     10.00000      0.00051
    2  !p+!              21      2212    0           5           0     -0.00000      0.00000    130.00000    130.00339      0.93827
 ==================================================================================================================================
    3  !e-!              21        11    1           0           0     -0.67061     18.45571     23.37387     29.78927      0.00051
    4  !gamma!           21        22    1           0           0      0.67061    -18.45571    -33.37387    -19.78927    -32.60771
    5  !p+!              21      2212    2           0           0     -0.00000      0.00000    130.00000    130.00339      0.93827
    6  !gamma!           21        22    4           0           0      0.67077    -18.46031    -33.36268    -19.77470    -32.60771
    7  !u!               21         2    5           0           0     -0.00005      0.00138     39.12323     39.12323      0.00000
    8  !gamma!           21        22    6           0           0      0.67077    -18.46031    -33.36268    -19.77470    -32.60771
    9  !u!               21         2    7           0           0     -0.00005      0.00138     39.12323     39.12323      0.00000
   10  !u!               21         2    9           0           0      0.67072    -18.45892      5.76055     19.34853      0.00000
 ==================================================================================================================================
   11  e-                 1        11    3           0           0     -0.67061     18.45571     23.37387     29.78927      0.00051
   12  (ud_0)        A   12      2101    5          16          16     -0.13306      0.36298     89.59715     89.59985      0.57933
   13  (g)           I   12        21   10          16          16     -0.00088     -0.29349      0.63333      0.69803      0.00000
   14  (g)           I   12        21   10          16          16     -0.50673     -0.96048      1.04691      1.50841      0.00000
   15  (u)           V   11         2   10          16          16      1.31127    -17.56472      5.34875     18.40782      0.00000
 ==================================================================================================================================
   16  (string)          11        92   12          17          22      0.67061    -18.45571     96.62613    110.21412     49.69385
   17  p+                 1      2212   16           0           0      0.35592      0.57109     71.08593     71.09531      0.93827
   18  (rho0)            11       113   16          23          24     -0.86981     -0.24181     17.65678     17.70082      0.86137
   19  (K*-)             11      -323   16          25          26      0.16069     -1.60967      2.05838      2.76023      0.87469
   20  (phi)             11       333   16          27          28      0.21953     -2.72417      0.59022      2.97767      1.02414
   21  K+                 1       321   16           0           0     -0.45914     -1.21033      0.93310      1.67033      0.49360
   22  (rho0)            11       113   16          29          30      1.26342    -13.24083      4.30173     14.00977      0.92348
   23  pi-                1      -211   18           0           0     -0.86638     -0.38141     16.46609     16.49387      0.13957
   24  pi+                1       211   18           0           0     -0.00342      0.13960      1.19069      1.20694      0.13957
   25  (Kbar0)           11      -311   19          31          31     -0.15721     -0.90072      1.30148      1.66659      0.49767
   26  pi-                1      -211   19           0           0      0.31789     -0.70894      0.75690      1.09363      0.13957
   27  K_L0               1       130   20           0           0      0.19194     -1.36604      0.20659      1.48097      0.49767
   28  (K_S0)            11       310   20          32          33      0.02759     -1.35812      0.38363      1.49670      0.49767
   29  pi+                1       211   22           0           0     -0.08698     -2.61398      0.79130      2.73607      0.13957
   30  pi-                1      -211   22           0           0      1.35040    -10.62686      3.51043     11.27370      0.13957
   31  (K_S0)            11       310   25          34          35     -0.15721     -0.90072      1.30148      1.66659      0.49767
   32  pi-                1      -211   28           0           0      0.05510     -1.05603      0.12418      1.07384      0.13957
   33  pi+                1       211   28           0           0     -0.02751     -0.30210      0.25944      0.42286      0.13957
   34  pi+                1       211   31           0           0     -0.15703     -0.86742      1.05996      1.38567      0.13957
   35  pi-                1      -211   31           0           0     -0.00018     -0.03330      0.24152      0.28093      0.13957
 ==================================================================================================================================
                   sum charge:  0.00   sum momentum and inv. mass:      0.00000     -0.00000    120.00000    140.00339     72.11760



                            Event listing (standard)

    I  particle/jet  K(I,1)   K(I,2) K(I,3)     K(I,4)      K(I,5)       P(I,1)       P(I,2)       P(I,3)       P(I,4)       P(I,5)

    1  !e-!              21        11    0           3           4      0.00000      0.00000    -10.00000     10.00000      0.00051
    2  !p+!              21      2212    0           5           0     -0.00000      0.00000    130.00000    130.00339      0.93827
 ==================================================================================================================================
    3  !e-!              21        11    1           0           0     12.37920     -0.64379     25.03472     27.93558      0.00051
    4  !gamma!           21        22    1           0           0    -12.37920      0.64379    -35.03472    -17.93558    -32.54852
    5  !p+!              21      2212    2           0           0     -0.00000      0.00000    130.00000    130.00339      0.93827
    6  !gamma!           21        22    4           0           0    -12.38165      0.64392    -35.02940    -17.92686    -32.54852
    7  !u!               21         2    5           0           0      0.00058     -0.00003     30.97177     30.97177      0.00000
    8  !gamma!           21        22    6           0           0    -12.38165      0.64392    -35.02940    -17.92686    -32.54852
    9  !u!               21         2    7           0           0      0.00058     -0.00003     30.97177     30.97177      0.00000
   10  !u!               21         2    9           0           0    -12.38106      0.64389     -4.05762     13.04491      0.00000
 ==================================================================================================================================
   11  e-                 1        11    3           0           0     12.37920     -0.64379     25.03472     27.93558      0.00051
   12  (ud_1)        A   12      2103    5          17          17     -0.13091     -0.20971     98.03082     98.03417      0.77133
   13  (g)           I   12        21   10          17          17      0.23341      0.06308      0.73742      0.77605      0.00000
   14  (g)           I   12        21   10          17          17     -1.77935      0.38962     -0.01493      1.82157      0.00000
   15  (g)           I   12        21   10          17          17     -1.65204     -0.37297     -0.80676      1.87595      0.00000
   16  (u)           V   11         2   10          17          17     -9.05032      0.77376     -2.98127      9.56007      0.00000
 ==================================================================================================================================
   17  (string)          11        92   12          18          25    -12.37920      0.64379     94.96528    112.06781     58.19907
   18  (Delta0)          11      2114   17          26          27      0.42054     -0.30602     78.26736     78.28054      1.33926
   19  (rho+)            11       213   17          28          29     -0.87488      0.11271     18.06127     18.11055      1.00219
   20  (rho-)            11      -213   17          30          31      0.04925      0.77943      1.87578      2.19101      0.81976
   21  (rho+)            11       213   17          32          33     -0.52439     -0.31993      0.25067      1.01711      0.77093
   22  pi-                1      -211   17           0           0     -0.88289     -0.64206     -0.40917      1.17415      0.13957
   23  (Kbar0)           11      -311   17          34          34     -7.15978      0.62586     -1.88036      7.44564      0.49767
   24  K+                 1       321   17           0           0     -1.74541      0.25739     -0.60037      1.92789      0.49360
   25  (rho0)            11       113   17          35          36     -1.66165      0.13642     -0.59990      1.92091      0.74183
   26  p+                 1      2212   18           0           0      0.01136     -0.11185     46.00487     46.01457      0.93827
   27  pi-                1      -211   18           0           0      0.40918     -0.19418     32.26249     32.26597      0.13957
   28  pi+                1       211   19           0           0     -0.40208      0.41527     13.47076     13.48388      0.13957
   29  (pi0)             11       111   19          37          38     -0.47280     -0.30256      4.59051      4.62667      0.13498
   30  pi-                1      -211   20           0           0      0.32667      0.60986      0.84061      1.09761      0.13957
   31  (pi0)             11       111   20          39          40     -0.27741      0.16957      1.03518      1.09340      0.13498
   32  pi+                1       211   21           0           0     -0.57244     -0.06025     -0.05049      0.59443      0.13957
   33  (pi0)             11       111   21          41          42      0.04805     -0.25968      0.30116      0.42269      0.13498
   34  (K_S0)            11       310   23          43          44     -7.15978      0.62586     -1.88036      7.44564      0.49767
   35  pi+                1       211   25           0           0     -0.44785     -0.25104     -0.08137      0.53823      0.13957
   36  pi-                1      -211   25           0           0     -1.21380      0.38746     -0.51853      1.38267      0.13957
   37  gamma              1        22   29           0           0     -0.32328     -0.19757      2.54909      2.57709      0.00000
   38  gamma              1        22   29           0           0     -0.14953     -0.10499      2.04142      2.04958      0.00000
   39  gamma              1        22   31           0           0     -0.02665      0.03081      0.03748      0.05536      0.00000
   40  gamma              1        22   31           0           0     -0.25076      0.13875      0.99769      1.03804      0.00000
   41  gamma              1        22   33           0           0      0.07838     -0.11063      0.09115      0.16337      0.00000
   42  gamma              1        22   33           0           0     -0.03033     -0.14905      0.21002      0.25931      0.00000
   43  pi-                1      -211   34           0           0     -5.37298      0.30500     -1.42336      5.56843      0.13957
   44  pi+                1       211   34           0           0     -1.78680      0.32087     -0.45700      1.87721      0.13957
 ==================================================================================================================================
                   sum charge:  0.00   sum momentum and inv. mass:      0.00000     -0.00000    120.00000    140.00339     72.11760



                            Event listing (standard)

    I  particle/jet  K(I,1)   K(I,2) K(I,3)     K(I,4)      K(I,5)       P(I,1)       P(I,2)       P(I,3)       P(I,4)       P(I,5)

    1  !e-!              21        11    0           3           4      0.00000      0.00000    -10.00000     10.00000      0.00051
    2  !p+!              21      2212    0           5           0     -0.00000      0.00000    130.00000    130.00339      0.93827
 ==================================================================================================================================
    3  !e-!              21        11    1           0           0     13.33379    -10.89080     27.60150     32.53064      0.00051
    4  !gamma!           21        22    1           0           0    -13.33379     10.89080    -37.60150    -22.53064    -34.67914
    5  !p+!              21      2212    2           0           0     -0.00000     -0.00000    130.00000    130.00339      0.93827
    6  !gamma!           21        22    4           0           0    -13.33679     10.89324    -37.59203    -22.51777    -34.67914
    7  !u!               21         2    5           0           0      0.00092     -0.00075     39.88928     39.88928      0.00000
    8  !gamma!           21        22    6           0           0    -13.33679     10.89324    -37.59203    -22.51777    -34.67914
    9  !u!               21         2    7           0           0      0.00092     -0.00075     39.88928     39.88928      0.00000
   10  !u!               21         2    9           0           0    -13.33587     10.89249      2.29725     17.37150      0.00000
 ==================================================================================================================================
   11  e-                 1        11    3           0           0     13.33379    -10.89080     27.60150     32.53064      0.00051
   12  (ud_0)        A   12      2101    5          20          20      0.22720     -0.06909     83.29991     83.30226      0.57933
   13  (g)           I   12        21   10          20          20     -0.08698      0.05491     -0.14266      0.17588      0.00000
   14  (g)           I   12        21   10          20          20     -6.20938      3.44491      8.94390     11.42003      0.00000
   15  (g)           I   12        21   10          20          20     -1.96214      0.42504      1.52535      2.52138      0.00000
   16  (g)           I   12        21   10          20          20     -0.58678      0.87462      0.67716      1.25212      0.00000
   17  (g)           I   12        21   10          20          20     -0.56839      1.03537      0.79976      1.42642      0.00000
   18  (g)           I   12        21   10          20          20     -3.44973      2.93805     -2.13676      5.00984      0.00000
   19  (u)           V   11         2   10          20          20     -0.69759      2.18699     -0.56816      2.36481      0.00000
 ==================================================================================================================================
   20  (string)          11        92   12          21          34    -13.33379     10.89080     92.39850    107.47275     52.12015
   21  p+                 1      2212   20           0           0     -0.25793      0.13941     17.12091     17.14910      0.93827
   22  (K*-)             11      -323   20          35          36      0.50496     -0.22330     29.55321     29.57201      0.89834
   23  (K*+)             11       323   20          37          38      0.03305      0.19472     12.97835     13.00989      0.88356
   24  pi-                1      -211   20           0           0     -0.49964     -0.70082     11.59171     11.62445      0.13957
   25  (rho+)            11       213   20          39          40      0.21839      0.74020      8.52230      8.57155      0.49614
   26  (rho-)            11      -213   20          41          42     -0.57047     -0.54096      1.79356      2.10013      0.75871
   27  (rho0)            11       113   20          43          44     -0.88679      1.29814      2.61517      3.13435      0.71658
   28  (rho0)            11       113   20          45          46     -1.48639      0.96587      3.54588      4.04177      0.78764
   29  (rho+)            11       213   20          47          48     -1.16816      0.44689      1.93415      2.42098      0.74560
   30  (rho-)            11      -213   20          49          50     -2.97500      1.92817      1.91217      4.11638      0.84838
   31  (Sigmabar+)       11     -3112   20          51          52     -0.68499      0.38746      1.38935      1.99587      1.19744
   32  (Sigma-)          11      3112   20          53          54     -2.48195      1.06165      1.10280      3.15233      1.19744
   33  nbar0              1     -2112   20           0           0     -1.96224      3.58849     -0.96085      4.30508      0.93957
   34  p+                 1      2212   20           0           0     -1.11665      1.60488     -0.70020      2.27885      0.93827
   35  K-                 1      -321   22           0           0      0.61446     -0.11949     18.79122     18.80812      0.49360
   36  (pi0)             11       111   22          55          56     -0.10950     -0.10381     10.76199     10.76389      0.13498
   37  K+                 1       321   23           0           0     -0.06820      0.25571      5.31255      5.34199      0.49360
   38  (pi0)             11       111   23          57          58      0.10125     -0.06099      7.66580      7.66790      0.13498
   39  pi+                1       211   25           0           0      0.02703      0.20166      4.48210      4.48889      0.13957
   40  (pi0)             11       111   25          59          60      0.19137      0.53855      4.04020      4.08266      0.13498
   41  pi-                1      -211   26           0           0      0.10158     -0.31509      0.74624      0.82823      0.13957
   42  (pi0)             11       111   26          61          62     -0.67204     -0.22587      1.04731      1.27191      0.13498
   43  pi-                1      -211   27           0           0     -0.58085      0.62808      0.83857      1.20605      0.13957
   44  pi+                1       211   27           0           0     -0.30594      0.67006      1.77659      1.92830      0.13957
   45  pi+                1       211   28           0           0     -0.44810     -0.02438      0.60058      0.76260      0.13957
   46  pi-                1      -211   28           0           0     -1.03828      0.99025      2.94531      3.27917      0.13957
   47  pi+                1       211   29           0           0     -0.04494     -0.12074      0.23272      0.30039      0.13957
   48  (pi0)             11       111   29          63          64     -1.12322      0.56762      1.70143      2.12059      0.13498
   49  pi-                1      -211   30           0           0     -0.96941      0.97320      0.44425      1.45041      0.13957
   50  (pi0)             11       111   30          65          66     -2.00559      0.95497      1.46792      2.66597      0.13498
   51  nbar0              1     -2112   31           0           0     -0.37731      0.40897      1.01040      1.48772      0.93957
   52  pi+                1       211   31           0           0     -0.30768     -0.02150      0.37895      0.50815      0.13957
   53  n0                 1      2112   32           0           0     -2.05561      0.80528      1.09043      2.63550      0.93957
   54  pi-                1      -211   32           0           0     -0.42634      0.25636      0.01237      0.51683      0.13957
   55  gamma              1        22   36           0           0     -0.10027     -0.01318      7.31998      7.32067      0.00000
   56  gamma              1        22   36           0           0     -0.00923     -0.09064      3.44201      3.44322      0.00000
   57  gamma              1        22   38           0           0      0.06857      0.03573      3.33630      3.33720      0.00000
   58  gamma              1        22   38           0           0      0.03268     -0.09672      4.32950      4.33070      0.00000
   59  gamma              1        22   40           0           0      0.11357      0.22788      1.38459      1.40781      0.00000
   60  gamma              1        22   40           0           0      0.07780      0.31067      2.65561      2.67485      0.00000
   61  gamma              1        22   42           0           0     -0.49915     -0.16199      0.66194      0.84472      0.00000
   62  gamma              1        22   42           0           0     -0.17289     -0.06388      0.38537      0.42718      0.00000
   63  gamma              1        22   48           0           0     -0.55126      0.23332      0.89833      1.07950      0.00000
   64  gamma              1        22   48           0           0     -0.57196      0.33430      0.80310      1.04109      0.00000
   65  gamma              1        22   50           0           0     -1.45745      0.63212      1.01865      1.88716      0.00000
   66  gamma              1        22   50           0           0     -0.54814      0.32285      0.44927      0.77880      0.00000
 ==================================================================================================================================
                   sum charge:  0.00   sum momentum and inv. mass:      0.00000     -0.00000    120.00000    140.00339     72.11760
1********* PYSTAT:  Statistics on Number of Events and Cross-sections *********

 ==============================================================================
 I                                  I                            I            I
 I            Subprocess            I      Number of points      I    Sigma   I
 I                                  I                            I            I
 I----------------------------------I----------------------------I    (mb)    I
 I                                  I                            I            I
 I N:o Type                         I    Generated         Tried I            I
 I                                  I                            I            I
 ==============================================================================
 I                                  I                            I            I
 I   0 All included subprocesses    I        50000    -841674040 I  7.927D-02 I
 I  11 f + f' -> f + f' (QCD)       I            3             0 I  5.255D-03 I
 I  12 f + fbar -> f' + fbar'       I            0             0 I  0.000D+00 I
 I  13 f + fbar -> g + g            I            0             0 I  0.000D+00 I
 I  28 f + g -> f + g               I           11             0 I  1.927D-02 I
 I  53 g + g -> f + fbar            I            0             0 I  0.000D+00 I
 I  68 g + g -> g + g               I            5             0 I  8.758D-03 I
 I  91 Elastic scattering           I           48   -1081416649 I  7.428D-12 I
 I  92 Single diffractive (XB)      I           16   -1824016529 I  3.020D-12 I
 I  93 Single diffractive (AX)      I           11    2010645943 I  2.327D-12 I
 I  94 Double  diffractive          I           24    2115837656 I  1.337D-12 I
 I  95 Low-pT scattering            I           82      16629943 I  4.599D-02 I
 I  99 q + gamma* -> q              I        49800    -701971435 I -1.417D-07 I
 I 131 f + gamma*_T -> f + g        I            0    1179467941 I  0.000D+00 I
 I 132 f + gamma*_L -> f + g        I            0      56925777 I  0.000D+00 I
 I 135 g + gamma*_T -> f + fbar     I            0    -953476175 I  0.000D+00 I
 I 136 g + gamma*_L -> f + fbar     I            0     540947172 I  0.000D+00 I
 I                                  I                            I            I
 ==============================================================================
 I                                  I                            I            I
 I   1 VMD * hadron                 I           25    1549921952 I  3.328D-02 I
 I   2 direct * hadron              I            0     823864715 I  0.000D+00 I
 I   3 anomalous * hadron           I          175    1781478024 I  4.599D-02 I
 I   4 DIS * hadron                 I        49800    -701971435 I -1.417D-07 I
 I                                  I                            I            I
 ==============================================================================

 ********* Total number of errors, excluding junctions =        0 *************
 ********* Total number of errors, including junctions =        0 *************
 ********* Total number of warnings =                           0 *************
 ********* Fraction of events that fail fragmentation cuts =  0.00000 *********

1************ PYSTAT: User-Defined Limits on Kinematical Variables ************

 ==============================================================================
 I                                                                            I
 I                 0.000D+00 <  m_hard (GeV/c^2)  <  4.316D+01                I
 I    0.000D+00 ( 1.000D+00) <  p_T_hard (GeV/c)  <  2.158D+01                I
 I                             m_finite (GeV/c^2) =  1.000D+00                I
 I                -1.000D+01 <    y*_subsystem    <  1.000D+01                I
 I                -4.000D+01 <      y*_large      <  4.000D+01                I
 I                -4.000D+01 <      y*_small      <  4.000D+01                I
 I                -4.000D+01 <     eta*_large     <  4.000D+01                I
 I                -4.000D+01 <     eta*_small     <  4.000D+01                I
 I                -1.000D+00 < cos(theta*)_large  <  1.000D+00                I
 I                -1.000D+00 < cos(theta*)_small  <  1.000D+00                I
 I                 0.000D+00 <        x_1         <  1.000D+00                I
 I                 0.000D+00 <        x_2         <  1.000D+00                I
 I                -1.000D+00 <        x_F         <  1.000D+00                I
 I                -1.000D+00 <  cos(theta_hard)   <  1.000D+00                I
 I                 2.000D+00 < m'_hard (GeV/c^2)  <  4.316D+01                I
 I                                                                            I
 ==============================================================================
 The charm mass used is:    1.5000000000000000     
 ===================================================
 Pythia total cross section normalisation:   79.266709388357199       microbarn
 Total Number of generated events       50000
 Total Number of trials       50000
 ===================================================

 ===== PDFSTA statistics for PDF under/over-flows ====

 ====== STRUCTM statistics for nucleon/pion PDFs =====

   total # of calls    2289631866.0000000     
   X  below PDF min    0.0000000000000000       or    0.0000000000000000       %
   X  above PDF max    0.0000000000000000       or    0.0000000000000000       %
   Q2 below PDF min    0.0000000000000000       or    0.0000000000000000       %
   Q2 above PDF max    0.0000000000000000       or    0.0000000000000000       %

 ========= STRUCTP statistics for photon PDFs ========

   total # of calls    0.0000000000000000     

