1                                                                              
 ******************************************************************************
 ******************************************************************************
 **                                                                          **
 **                                                                          **
 **              *......*                  Welcome to the Lund Monte Carlo!  **
 **         *:::!!:::::::::::*                                               **
 **      *::::::!!::::::::::::::*          PPP  Y   Y TTTTT H   H III   A    **
 **    *::::::::!!::::::::::::::::*        P  P  Y Y    T   H   H  I   A A   **
 **   *:::::::::!!:::::::::::::::::*       PPP    Y     T   HHHHH  I  AAAAA  **
 **   *:::::::::!!:::::::::::::::::*       P      Y     T   H   H  I  A   A  **
 **    *::::::::!!::::::::::::::::*!       P      Y     T   H   H III A   A  **
 **      *::::::!!::::::::::::::* !!                                         **
 **      !! *:::!!:::::::::::*    !!       This is PYTHIA version 6.428      **
 **      !!     !* -><- *         !!       Last date of change:  5 Sep 2013  **
 **      !!     !!                !!                                         **
 **      !!     !!                !!       Now is  0 Jan 2000 at  0:00:00    **
 **      !!                       !!                                         **
 **      !!        lh             !!       Disclaimer: this program comes    **
 **      !!                       !!       without any guarantees. Beware    **
 **      !!                 hh    !!       of errors and use common sense    **
 **      !!    ll                 !!       when interpreting results.        **
 **      !!                       !!                                         **
 **      !!                                Copyright T. Sjostrand (2011)     **
 **                                                                          **
 ** An archive of program versions and documentation is found on the web:    **
 ** http://www.thep.lu.se/~torbjorn/Pythia.html                              **
 **                                                                          **
 ** When you cite this program, the official reference is to the 6.4 manual: **
 ** T. Sjostrand, S. Mrenna and P. Skands, JHEP05 (2006) 026                 **
 ** (LU TP 06-13, FERMILAB-PUB-06-052-CD-T) [hep-ph/0603175].                **
 **                                                                          **
 ** Also remember that the program, to a large extent, represents original   **
 ** physics research. Other publications of special relevance to your        **
 ** studies may therefore deserve separate mention.                          **
 **                                                                          **
 ** Main author: Torbjorn Sjostrand; Department of Theoretical Physics,      **
 **   Lund University, Solvegatan 14A, S-223 62 Lund, Sweden;                **
 **   phone: + 46 - 46 - 222 48 16; e-mail: torbjorn@thep.lu.se              **
 ** Author: Stephen Mrenna; Computing Division, GDS Group,                   **
 **   Fermi National Accelerator Laboratory, MS 234, Batavia, IL 60510, USA; **
 **   phone: + 1 - 630 - 840 - 2556; e-mail: mrenna@fnal.gov                 **
 ** Author: Peter Skands; CERN/PH-TH, CH-1211 Geneva, Switzerland            **
 **   phone: + 41 - 22 - 767 24 47; e-mail: peter.skands@cern.ch             **
 **                                                                          **
 **                                                                          **
 ******************************************************************************
 ******************************************************************************
     MSEL           changed from              1 to              2
     MSTP(14)       changed from             30 to             30
     MSTP(15)       changed from              0 to              0
     MSTP(16)       changed from              1 to              1
     MSTP(17)       changed from              4 to              4
     MSTP(18)       changed from              3 to              3
     MSTP(19)       changed from              4 to              1
     MSTP(20)       changed from              3 to              0
     MSTP(32)       changed from              8 to              8
     MSTP(38)       changed from              5 to              4
     MSTP(51)       changed from              7 to          10050
     MSTP(52)       changed from              1 to              2
     MSTP(53)       changed from              3 to              3
     MSTP(54)       changed from              1 to              1
     MSTP(55)       changed from              5 to              5
     MSTP(56)       changed from              1 to              1
     MSTP(57)       changed from              1 to              1
     MSTP(58)       changed from              5 to              5
     MSTP(59)       changed from              1 to              1
     MSTP(60)       changed from              7 to              7
     MSTP(61)       changed from              2 to              2
     MSTP(71)       changed from              1 to              1
     MSTP(81)       changed from              1 to              0
     MSTP(82)       changed from              4 to              1
     MSTP(91)       changed from              1 to              1
     MSTP(92)       changed from              3 to              3
     MSTP(93)       changed from              1 to              1
     MSTP(101)      changed from              3 to              3
     MSTP(102)      changed from              1 to              1
     MSTP(111)      changed from              1 to              1
     MSTP(121)      changed from              0 to              0
     PARP(13)       changed from        1.00000 to        1.00000
     PARP(18)       changed from        0.40000 to        0.40000
     PARP(81)       changed from        1.90000 to        1.90000
     PARP(89)       changed from     1800.00000 to     1800.00000
     PARP(90)       changed from        0.25000 to        0.16000
     PARP(91)       changed from        2.00000 to        0.40000
     PARP(93)       changed from        5.00000 to        5.00000
     PARP(99)       changed from        1.00000 to        0.40000
     PARP(100)      changed from        5.00000 to        5.00000
     PARP(102)      changed from        0.28000 to        0.28000
     PARP(103)      changed from        1.00000 to        1.00000
     PARP(104)      changed from        0.80000 to        0.80000
     PARP(111)      changed from        2.00000 to        2.00000
     PARP(161)      changed from        2.20000 to        3.00000
     PARP(162)      changed from       23.60000 to       24.60000
     PARP(163)      changed from       18.40000 to       18.80000
     PARP(164)      changed from       11.50000 to       11.50000
     PARP(165)      changed from        0.50000 to        0.47679
     PARP(166)      changed from        0.00000 to        0.67597
     PARJ(1)        changed from        0.10000 to        0.10000
     PARJ(2)        changed from        0.30000 to        0.30000
     PARJ(11)       changed from        0.50000 to        0.50000
     PARJ(12)       changed from        0.60000 to        0.60000
     PARJ(21)       changed from        0.36000 to        0.40000
     PARJ(32)       changed from        1.00000 to        1.00000
     PARJ(33)       changed from        0.80000 to        0.80000
     PARJ(41)       changed from        0.30000 to        0.30000
     PARJ(42)       changed from        0.58000 to        0.58000
     PARJ(45)       changed from        0.50000 to        0.50000
     MSTJ(1)        changed from              1 to              1
     MSTJ(12)       changed from              2 to              1
     MSTJ(45)       changed from              5 to              5
     MSTU(112)      changed from              5 to              5
     MSTU(113)      changed from              3 to              5
     MSTU(114)      changed from              5 to              5
     CKIN(1)        changed from        2.00000 to        1.00000
     CKIN(2)        changed from       -1.00000 to       -1.00000
     CKIN(3)        changed from        0.00000 to        0.00000
     CKIN(4)        changed from       -1.00000 to       -1.00000
     CKIN(5)        changed from        1.00000 to        1.00000
     CKIN(6)        changed from        1.00000 to        1.00000
     CKIN(7)        changed from      -10.00000 to      -10.00000
     CKIN(8)        changed from       10.00000 to       10.00000
     CKIN(9)        changed from      -40.00000 to      -40.00000
     CKIN(10)       changed from       40.00000 to       40.00000
     CKIN(11)       changed from      -40.00000 to      -40.00000
     CKIN(12)       changed from       40.00000 to       40.00000
     CKIN(13)       changed from      -40.00000 to      -40.00000
     CKIN(14)       changed from       40.00000 to       40.00000
     CKIN(15)       changed from      -40.00000 to      -40.00000
     CKIN(16)       changed from       40.00000 to       40.00000
     CKIN(17)       changed from       -1.00000 to       -1.00000
     CKIN(18)       changed from        1.00000 to        1.00000
     CKIN(19)       changed from       -1.00000 to       -1.00000
     CKIN(20)       changed from        1.00000 to        1.00000
     CKIN(21)       changed from        0.00000 to        0.00000
     CKIN(22)       changed from        1.00000 to        1.00000
     CKIN(23)       changed from        0.00000 to        0.00000
     CKIN(24)       changed from        1.00000 to        1.00000
     CKIN(25)       changed from       -1.00000 to       -1.00000
     CKIN(26)       changed from        1.00000 to        1.00000
     CKIN(27)       changed from       -1.00000 to       -1.00000
     CKIN(28)       changed from        1.00000 to        1.00000
     CKIN(31)       changed from        2.00000 to        2.00000
     CKIN(32)       changed from       -1.00000 to       -1.00000
     CKIN(35)       changed from        0.00000 to        0.00000
     CKIN(36)       changed from       -1.00000 to       -1.00000
     CKIN(37)       changed from        0.00000 to        0.00000
     CKIN(38)       changed from       -1.00000 to       -1.00000
     CKIN(39)       changed from        4.00000 to        4.00000
     CKIN(40)       changed from       -1.00000 to       -1.00000
     CKIN(65)       changed from        0.00000 to        0.00000
     CKIN(66)       changed from       -1.00000 to       -1.00000
     CKIN(67)       changed from        0.00000 to        0.00000
     CKIN(68)       changed from       -1.00000 to       -1.00000
     CKIN(77)       changed from        2.00000 to        2.00000
     CKIN(78)       changed from       -1.00000 to       -1.00000
 *********************************************
 NOW all parameters are read by PYTHIA
 *********************************************
 SEED =    119969915
 RANLUX LUXURY LEVEL SET BY RLUXGO : 4     P= 389
 RANLUX INITIALIZED BY RLUXGO FROM SEEDS   119969915           0           0
   5328.9753403062132        10.000000000000000       -5328.9753403062132       -10.0000000    
 *********************************************
 proton beam momentum:   250.000000     GeV
 lepton beam momentum:   10.0000000     GeV
 resulting sqrt(s):   100.00457712527508      GeV
 *********************************************
1****************** PYINIT: initialization of PYTHIA routines *****************
 ==== PYTHIA WILL USE LHAPDF ====
 *************************************
 *       LHAPDF Version 5.9.1        *
 *   Configured for the following:   *
 *             All PDFs              *
 *         FULL MEMORY option        *
 *    Maximum  3 concurrent set(s)   *
 *************************************

 >>>>>> PDF description: <<<<<<
 CTEQ6M                                                          
 Reference:                                                      
 J. Pumplin, D.R. Stump, J. Huston, H.L. Lai, P. Nadolsky,       
 W.K. Tung                                                       
 hep-ph/0201195                                                  
 This set has 41 member PDFs.                                    
     mem=0 --> central value (cteq6m)                            
     mem=1-40 --> 20 sets of +ve/-ve error values                
 >>>>>>                   <<<<<<

 ==============================================
 PDFset name /cvmfs/sft.cern.ch/lcg/external/lhapdfsets/5.9.1/share/PDFsets/cteq6mE.LHgrid   
 with         40 members
 ====  initialized. ===========================
 Strong coupling at Mz for PDF is:  0.11798

 ==============================================================================
 I                                                                            I
 I      PYTHIA will be initialized for gamma/e- on p+ user configuration      I
 I                                                                            I
 I                  px (GeV/c)   py (GeV/c)   pz (GeV/c)      E (GeV)         I
 I        gamma/e-       0.000        0.000      -10.000       10.000         I
 I        p+             0.000        0.000      250.000      250.002         I
 I                                                                            I
 I           corresponding to    100.005 GeV center-of-mass energy            I
 I                                                                            I
 ==============================================================================

 ******** PYMAXI: summary of differential cross-section maximum search ********

           ==========================================================
           I                                      I                 I
           I  ISUB  Subprocess name               I  Maximum value  I
           I                                      I                 I
           ==========================================================
           I                                      I                 I
           I   91   Elastic scattering            I    4.5802D-04   I
           I   92   Single diffractive (XB)       I    3.3396D-04   I
           I   93   Single diffractive (AX)       I    2.7193D-04   I
           I   94   Double  diffractive           I    2.7235D-04   I
           I   95   Low-pT scattering             I    1.9842D-03   I
           I   96   Semihard QCD 2 -> 2           I    1.9401D-02   I
           I                                      I                 I
           ==========================================================

 ******** PYMAXI: summary of differential cross-section maximum search ********

           ==========================================================
           I                                      I                 I
           I  ISUB  Subprocess name               I  Maximum value  I
           I                                      I                 I
           ==========================================================
           I                                      I                 I
           I  131   f + gamma*_T -> f + g         I    1.8340D-04   I
           I  132   f + gamma*_L -> f + g         I    9.6222D-06   I
           I  135   g + gamma*_T -> f + fbar      I    5.6762D-04   I
           I  136   g + gamma*_L -> f + fbar      I    9.2431D-05   I
           I                                      I                 I
           ==========================================================

 ******** PYMAXI: summary of differential cross-section maximum search ********

           ==========================================================
           I                                      I                 I
           I  ISUB  Subprocess name               I  Maximum value  I
           I                                      I                 I
           ==========================================================
           I                                      I                 I
           I   91   Elastic scattering            I    1.1937D-04   I
           I   92   Single diffractive (XB)       I    8.8669D-05   I
           I   93   Single diffractive (AX)       I    7.0104D-05   I
           I   94   Double  diffractive           I    7.1830D-05   I
           I   95   Low-pT scattering             I    5.5769D-04   I
           I   96   Semihard QCD 2 -> 2           I    1.4517D-02   I
           I                                      I                 I
           ==========================================================

 ******** PYMAXI: summary of differential cross-section maximum search ********

           ==========================================================
           I                                      I                 I
           I  ISUB  Subprocess name               I  Maximum value  I
           I                                      I                 I
           ==========================================================
           I                                      I                 I
           I   99   q + gamma* -> q               I    2.3955D-03   I
           I                                      I                 I
           ==========================================================

 ********************** PYINIT: initialization completed **********************
 the outputfile will be named: outfiles/ep_10x250_Q2_1_10_norad.out                                                                                                                                                                                                                            



                            Event listing (standard)

    I  particle/jet  K(I,1)   K(I,2) K(I,3)     K(I,4)      K(I,5)       P(I,1)       P(I,2)       P(I,3)       P(I,4)       P(I,5)

    1  !e-!              21        11    0           3           4      0.00000      0.00000    -10.00000     10.00000      0.00051
    2  !p+!              21      2212    0           5           0     -0.00000      0.00000    250.00000    250.00176      0.93827
 ==================================================================================================================================
    3  !e-!              21        11    1           0           0      0.73377     -0.88827     -9.40799      9.47828      0.00051
    4  !gamma!           21        22    1           0           0     -0.73377      0.88827     -0.59201      0.52172     -1.18563
    5  !p+!              21      2212    2           0           0     -0.00000     -0.00000    250.00000    250.00176      0.93827
    6  !ubar!            21        -2    4           0           0     -0.45671      0.21870      0.10309      0.51676     -0.00000
    7  !g!               21        21    5           0           0     -0.22526     -0.12276     27.40365     27.40485     -0.00000
    8  !ubar!            21        -2    6           0           0     -0.45671      0.21870      0.10309      0.51676      0.00000
    9  !g!               21        21    7           0           0     -0.22526     -0.12276     27.40365     27.40485      0.00000
   10  !ubar!            21        -2    0           0           0      0.08811     -0.95852      1.16213      1.54466      0.33000
   11  !g!               21        21    0           0           0     -0.77009      1.05446     26.34462     26.37695      0.00000
 ==================================================================================================================================
   12  (D*bar0)          11      -423    4          19          20     -0.19384      0.78381      3.24718      3.90166      2.00670
   13  e-                 1        11    3           0           0      0.73377     -0.88827     -9.40799      9.47828      0.00051
   14  (ubar)        A   12        -2   10          21          21      0.08811     -0.95852      1.16213      1.54466      0.33000
   15  (u)           V   11         2    5          21          21      0.04330     -0.01844     15.58040     15.58396      0.33000
   16  (c)           A   12         4    4          27          27     -0.08037     -0.11769     27.35487     27.39634      1.50000
   17  (g)           I   12        21   11          27          27     -0.77009      1.05446     26.34462     26.37695      0.00000
   18  (ud_0)        V   11      2101    5          27          27      0.17911      0.14466    175.71880    175.71990      0.57933
 ==================================================================================================================================
   19  (Dbar0)           11      -421   12          32          33     -0.13819      0.58867      2.94858      3.54063      1.86450
   20  gamma              1        22   12           0           0     -0.05565      0.19514      0.29860      0.36102      0.00000
   21  (string)          11        92   14          22          26      0.13141     -0.97697     16.74253     17.12863      3.47934
   22  pi-                1      -211   21           0           0      0.14648     -0.07294      0.23281      0.31695      0.13957
   23  (eta)             11       221   21          34          36     -0.03377     -0.50074      3.35828      3.43942      0.54745
   24  pi+                1       211   21           0           0      0.04796     -0.28718      0.30625      0.44502      0.13957
   25  (rho-)            11      -213   21          37          38     -0.30481     -0.05606      4.27424      4.35052      0.74954
   26  pi+                1       211   21           0           0      0.27555     -0.06005      8.57094      8.57672      0.13957
   27  (string)          11        92   16          28          31     -0.67135      1.08143    229.41829    229.49320      5.72337
   28  (D0)              11       421   27          39          41     -0.95332      0.27226     51.66461     51.70775      1.86450
   29  pi+                1       211   27           0           0      0.46316     -0.02227      7.71660      7.73178      0.13957
   30  (rho0)            11       113   27          42          43     -0.44906      0.92347     87.76450     87.77524      0.91153
   31  n0                 1      2112   27           0           0      0.26788     -0.09203     82.27257     82.27843      0.93957
   32  (K*+)             11       323   19          44          45     -0.36707      0.53774      2.27004      2.48798      0.78299
   33  (rho-)            11      -213   19          46          47      0.22888      0.05094      0.67854      1.05265      0.76986
   34  pi+                1       211   23           0           0     -0.05830     -0.26357      2.08794      2.10994      0.13957
   35  pi-                1      -211   23           0           0      0.02553     -0.03090      0.50053      0.52116      0.13957
   36  (pi0)             11       111   23          48          49     -0.00100     -0.20626      0.76982      0.80832      0.13498
   37  pi-                1      -211   25           0           0     -0.11696      0.06622      0.24301      0.31080      0.13957
   38  (pi0)             11       111   25          50          52     -0.18785     -0.12228      4.03123      4.03971      0.13498
   39  (K*bar0)          11      -313   28          53          54     -0.66705      0.23343     16.79106     16.82957      0.89183
   40  pi+                1       211   28           0           0     -0.16950      0.05011      6.26793      6.27197      0.13957
   41  pi-                1      -211   28           0           0     -0.11676     -0.01128     28.60563     28.60621      0.13957
   42  pi-                1      -211   30           0           0     -0.00399      0.50603     17.30551     17.31347      0.13957
   43  pi+                1       211   30           0           0     -0.44508      0.41745     70.45899     70.46177      0.13957
   44  (K0)              11       311   32          55          55     -0.07355      0.44367      1.65987      1.79028      0.49767
   45  pi+                1       211   32           0           0     -0.29352      0.09407      0.61017      0.69771      0.13957
   46  pi-                1      -211   33           0           0     -0.06849      0.29917      0.11623      0.35662      0.13957
   47  (pi0)             11       111   33          56          57      0.29737     -0.24823      0.56231      0.69603      0.13498
   48  gamma              1        22   36           0           0     -0.02039     -0.19197      0.75660      0.78084      0.00000
   49  gamma              1        22   36           0           0      0.01939     -0.01429      0.01321      0.02748      0.00000
   50  gamma              1        22   38           0           0     -0.10467     -0.02981      1.12101      1.12628      0.00000
   51  e-                 1        11   38           0           0     -0.01356     -0.00877      0.11931      0.12040      0.00051
   52  e+                 1       -11   38           0           0     -0.06962     -0.08371      2.79091      2.79304      0.00051
   53  K-                 1      -321   39           0           0     -0.71400      0.36349     14.05279     14.08426      0.49360
   54  pi+                1       211   39           0           0      0.04694     -0.13007      2.73826      2.74530      0.13957
   55  (K_S0)            11       310   44          58          59     -0.07355      0.44367      1.65987      1.79028      0.49767
   56  gamma              1        22   47           0           0      0.18839     -0.07229      0.24829      0.31995      0.00000
   57  gamma              1        22   47           0           0      0.10898     -0.17594      0.31401      0.37608      0.00000
   58  pi-                1      -211   55           0           0     -0.10388      0.30024      1.47790      1.51809      0.13957
   59  pi+                1       211   55           0           0      0.03033      0.14343      0.18197      0.27219      0.13957
 ==================================================================================================================================
                   sum charge:  0.00   sum momentum and inv. mass:      0.00000     -0.00000    240.00000    260.00176    100.00458



                            Event listing (standard)

    I  particle/jet  K(I,1)   K(I,2) K(I,3)     K(I,4)      K(I,5)       P(I,1)       P(I,2)       P(I,3)       P(I,4)       P(I,5)

    1  !e-!              21        11    0           3           4      0.00000      0.00000    -10.00000     10.00000      0.00051
    2  !p+!              21      2212    0           5           0     -0.00000      0.00000    250.00000    250.00176      0.93827
 ==================================================================================================================================
    3  !e-!              21        11    1           0           0      1.02609     -0.05123     -9.61747      9.67219      0.00051
    4  !gamma!           21        22    1           0           0     -1.02609      0.05123     -0.38253      0.32781     -1.04611
    5  !p+!              21      2212    2           0           0     -0.00000     -0.00000    250.00000    250.00176      0.93827
    6  !rho_diff0!       21   9900110    4           0           0     -1.19389      0.19330      1.53569      2.24149      1.09690
    7  !p_diffr+!        21   9902210    5           0           0      0.16780     -0.14207    248.08177    248.08808      1.75517
 ==================================================================================================================================
    8  (pi0)             11       111    6          13          14     -0.25774      0.03429      0.37335      0.47457      0.13498
    9  (rho0)            11       113    6          15          16     -0.93615      0.15901      1.16235      1.76693      0.93237
   10  (omega)           11       223    7          17          19      0.13725     -0.02348     91.73787     91.74131      0.78250
   11  p+                 1      2212    7           0           0      0.03055     -0.11860    156.34390    156.34677      0.93827
   12  e-                 1        11    3           0           0      1.02609     -0.05123     -9.61747      9.67219      0.00051
 ==================================================================================================================================
   13  gamma              1        22    8           0           0     -0.17810      0.01596      0.13933      0.22669      0.00000
   14  gamma              1        22    8           0           0     -0.07964      0.01833      0.23402      0.24788      0.00000
   15  pi+                1       211    9           0           0      0.15792     -0.02437      0.20426      0.29450      0.13957
   16  pi-                1      -211    9           0           0     -1.09407      0.18338      0.95809      1.47243      0.13957
   17  pi-                1      -211   10           0           0     -0.02630      0.05923     52.70456     52.70479      0.13957
   18  pi+                1       211   10           0           0      0.22103     -0.02383     33.31360     33.31464      0.13957
   19  (pi0)             11       111   10          20          21     -0.05748     -0.05888      5.71971      5.72189      0.13498
   20  gamma              1        22   19           0           0     -0.00812      0.03283      0.49866      0.49980      0.00000
   21  gamma              1        22   19           0           0     -0.04936     -0.09171      5.22105      5.22209      0.00000
 ==================================================================================================================================
                   sum charge:  0.00   sum momentum and inv. mass:      0.00000     -0.00000    240.00000    260.00176    100.00458



                            Event listing (standard)

    I  particle/jet  K(I,1)   K(I,2) K(I,3)     K(I,4)      K(I,5)       P(I,1)       P(I,2)       P(I,3)       P(I,4)       P(I,5)

    1  !e-!              21        11    0           3           4      0.00000      0.00000    -10.00000     10.00000      0.00051
    2  !p+!              21      2212    0           5           0     -0.00000      0.00000    250.00000    250.00176      0.93827
 ==================================================================================================================================
    3  !e-!              21        11    1           0           0      1.00522     -0.38495     -9.44192      9.50308      0.00051
    4  !gamma!           21        22    1           0           0     -1.00522      0.38495     -0.55808      0.49692     -1.10598
    5  !p+!              21      2212    2           0           0     -0.00000     -0.00000    250.00000    250.00176      0.93827
    6  !gamma!           21        22    4           0           0     -1.00690      0.38559     -0.55708      0.49968     -1.10598
    7  !u!               21         2    5           0           0      0.00000     -0.00000      0.57874      0.57874      0.00000
    8  !gamma!           21        22    6           0           0     -1.00690      0.38559     -0.55708      0.49968     -1.10598
    9  !u!               21         2    7           0           0      0.00000     -0.00000      0.57874      0.57874      0.00000
   10  !u!               21         2    9           0           0     -1.00690      0.38559      0.02166      1.07842      0.00000
 ==================================================================================================================================
   11  e-                 1        11    3           0           0      1.00522     -0.38495     -9.44192      9.50308      0.00051
   12  (ud_0)        A   12      2101    5          15          15      0.13981     -0.09017    247.69897    247.69971      0.57933
   13  (g)           I   12        21   10          15          15      0.20884     -0.36159      0.91313      1.00408      0.00000
   14  (u)           V   11         2   10          15          15     -1.35387      0.83671      0.82982      1.79490      0.00000
 ==================================================================================================================================
   15  (string)          11        92   12          16          25     -1.00522      0.38495    249.44192    250.49868     22.95990
   16  n0                 1      2112   15           0           0     -0.13836     -0.12407    106.13013    106.13445      0.93957
   17  pi+                1       211   15           0           0      0.31684      0.05607      2.93639      2.95726      0.13957
   18  (pi0)             11       111   15          26          27      0.19755     -0.35504     14.99509     15.00120      0.13498
   19  pi-                1      -211   15           0           0      0.19101      0.03115    109.15307    109.15333      0.13957
   20  pi+                1       211   15           0           0     -0.46849      0.11432      7.58595      7.60254      0.13957
   21  (rho0)            11       113   15          28          29     -0.22647      0.21604      0.95729      1.24026      0.72379
   22  (rho-)            11      -213   15          30          31     -0.13248      0.46182      2.93207      3.08852      0.84328
   23  (omega)           11       223   15          32          34     -0.36656      0.21931      3.84770      3.94952      0.78194
   24  (omega)           11       223   15          35          37     -0.37190     -0.23613      0.75365      1.16617      0.77323
   25  pi+                1       211   15           0           0     -0.00636      0.00149      0.15059      0.20542      0.13957
   26  gamma              1        22   18           0           0      0.11926     -0.12503      8.07027      8.07212      0.00000
   27  gamma              1        22   18           0           0      0.07829     -0.23001      6.92482      6.92908      0.00000
   28  pi-                1      -211   21           0           0     -0.20296     -0.21534      0.31883      0.45683      0.13957
   29  pi+                1       211   21           0           0     -0.02351      0.43138      0.63846      0.78343      0.13957
   30  pi-                1      -211   22           0           0     -0.00398      0.61134      2.62817      2.70194      0.13957
   31  (pi0)             11       111   22          38          39     -0.12849     -0.14953      0.30390      0.38658      0.13498
   32  pi-                1      -211   23           0           0     -0.21884     -0.15706      0.83461      0.88804      0.13957
   33  pi+                1       211   23           0           0      0.04441      0.09829      1.10515      1.11914      0.13957
   34  (pi0)             11       111   23          40          41     -0.19212      0.27807      1.90794      1.94234      0.13498
   35  pi-                1      -211   24           0           0     -0.15384     -0.08959     -0.06069      0.23421      0.13957
   36  pi+                1       211   24           0           0     -0.23474     -0.12982      0.44496      0.53798      0.13957
   37  (pi0)             11       111   24          42          43      0.01667     -0.01672      0.36939      0.39398      0.13498
   38  gamma              1        22   31           0           0      0.02889     -0.02097      0.04700      0.05902      0.00000
   39  gamma              1        22   31           0           0     -0.15739     -0.12855      0.25690      0.32756      0.00000
   40  gamma              1        22   34           0           0     -0.01365      0.05217      0.63336      0.63566      0.00000
   41  gamma              1        22   34           0           0     -0.17847      0.22590      1.27457      1.30668      0.00000
   42  gamma              1        22   37           0           0     -0.04456     -0.03509      0.08284      0.10040      0.00000
   43  gamma              1        22   37           0           0      0.06123      0.01836      0.28654      0.29359      0.00000
 ==================================================================================================================================
                   sum charge:  0.00   sum momentum and inv. mass:      0.00000     -0.00000    240.00000    260.00176    100.00458



                            Event listing (standard)

    I  particle/jet  K(I,1)   K(I,2) K(I,3)     K(I,4)      K(I,5)       P(I,1)       P(I,2)       P(I,3)       P(I,4)       P(I,5)

    1  !e-!              21        11    0           3           4      0.00000      0.00000    -10.00000     10.00000      0.00051
    2  !p+!              21      2212    0           5           0     -0.00000      0.00000    250.00000    250.00176      0.93827
 ==================================================================================================================================
    3  !e-!              21        11    1           0           0     -1.25162      1.82990     -9.83482     10.08161      0.00051
    4  !gamma!           21        22    1           0           0      1.25162     -1.82990     -0.16518     -0.08161     -2.22165
    5  !p+!              21      2212    2           0           0     -0.00000      0.00000    250.00000    250.00176      0.93827
    6  !gamma!           21        22    4           0           0      1.27780     -1.86817      1.05385      1.13918     -2.22165
    7  !u!               21         2    5           0           0     -0.00303      0.00443     28.78104     28.78104      0.00000
    8  !gamma!           21        22    6           0           0      1.27780     -1.86817      1.05385      1.13918     -2.22165
    9  !u!               21         2    7           0           0     -0.00303      0.00443     28.78104     28.78104      0.00000
   10  !u!               21         2    9           0           0      1.27477     -1.86375     29.83490     29.92022      0.00000
 ==================================================================================================================================
   11  e-                 1        11    3           0           0     -1.25162      1.82990     -9.83482     10.08161      0.00051
   12  (ud_1)        A   12      2103    5          15          15      0.48035      0.04249    215.06341    215.06533      0.77133
   13  (g)           I   12        21   10          15          15      0.43801     -0.52399      4.49745      4.54901      0.00000
   14  (u)           V   11         2   10          15          15      0.33326     -1.34840     30.27397     30.30581      0.00000
 ==================================================================================================================================
   15  (string)          11        92   12          16          20      1.25162     -1.82990    249.83482    249.92015      6.14233
   16  (Delta+)          11      2214   15          21          22      0.65147     -0.05316    119.92074    119.92809      1.15563
   17  (omega)           11       223   15          23          25     -0.26364     -0.58009     80.79176     80.79804      0.77996
   18  (rho-)            11      -213   15          26          27      0.37359     -0.20505     30.53286     30.54444      0.72515
   19  (Kbar0)           11      -311   15          28          28      0.34211     -0.50096      9.66902      9.70081      0.49767
   20  K+                 1       321   15           0           0      0.14809     -0.49064      8.92044      8.94877      0.49360
   21  n0                 1      2112   16           0           0      0.43037     -0.08031     84.16108     84.16746      0.93957
   22  pi+                1       211   16           0           0      0.22110      0.02715     35.75966     35.76063      0.13957
   23  pi+                1       211   17           0           0      0.04680     -0.07816     12.09481     12.09596      0.13957
   24  pi-                1      -211   17           0           0     -0.27063     -0.20226     16.36674     16.37082      0.13957
   25  (pi0)             11       111   17          29          30     -0.03982     -0.29967     52.33021     52.33126      0.13498
   26  pi-                1      -211   18           0           0      0.24659     -0.44803     20.98271     20.98940      0.13957
   27  (pi0)             11       111   18          31          32      0.12701      0.24297      9.55015      9.55504      0.13498
   28  (K_S0)            11       310   19          33          34      0.34211     -0.50096      9.66902      9.70081      0.49767
   29  gamma              1        22   25           0           0     -0.08087     -0.23723     35.72907     35.72995      0.00000
   30  gamma              1        22   25           0           0      0.04105     -0.06244     16.60114     16.60131      0.00000
   31  gamma              1        22   27           0           0      0.14697      0.22971      9.21412      9.21816      0.00000
   32  gamma              1        22   27           0           0     -0.01996      0.01326      0.33603      0.33688      0.00000
   33  pi+                1       211   28           0           0      0.07773     -0.29972      6.91098      6.91932      0.13957
   34  pi-                1      -211   28           0           0      0.26438     -0.20124      2.75804      2.78148      0.13957
 ==================================================================================================================================
                   sum charge:  0.00   sum momentum and inv. mass:     -0.00000      0.00000    240.00000    260.00176    100.00458



                            Event listing (standard)

    I  particle/jet  K(I,1)   K(I,2) K(I,3)     K(I,4)      K(I,5)       P(I,1)       P(I,2)       P(I,3)       P(I,4)       P(I,5)

    1  !e-!              21        11    0           3           4      0.00000      0.00000    -10.00000     10.00000      0.00051
    2  !p+!              21      2212    0           5           0     -0.00000      0.00000    250.00000    250.00176      0.93827
 ==================================================================================================================================
    3  !e-!              21        11    1           0           0     -0.64526     -1.13249     -6.26482      6.39897      0.00051
    4  !gamma!           21        22    1           0           0      0.64526      1.13249     -3.73518      3.60103     -1.63800
    5  !p+!              21      2212    2           0           0     -0.00000     -0.00000    250.00000    250.00176      0.93827
    6  !gamma!           21        22    4           0           0      0.64542      1.13276     -3.73599      3.60198     -1.63800
    7  !u!               21         2    5           0           0     -0.00000     -0.00000      0.18282      0.18282      0.00000
    8  !gamma!           21        22    6           0           0      0.64542      1.13276     -3.73599      3.60198     -1.63800
    9  !u!               21         2    7           0           0     -0.00000     -0.00000      0.18282      0.18282      0.00000
   10  !u!               21         2    9           0           0      0.64542      1.13276     -3.55317      3.78480      0.00000
 ==================================================================================================================================
   11  e-                 1        11    3           0           0     -0.64526     -1.13249     -6.26482      6.39897      0.00051
   12  (ud_0)        A   12      2101    5          15          15     -0.10379      0.10588    249.68568    249.68639      0.57933
   13  (g)           I   12        21   10          15          15     -0.42175      0.23711     -0.70031      0.85119      0.00000
   14  (u)           V   11         2   10          15          15      1.17080      0.78949     -2.72055      3.06520      0.00000
 ==================================================================================================================================
   15  (string)          11        92   12          16          25      0.64526      1.13249    246.26482    253.60279     60.55008
   16  p+                 1      2212   15           0           0     -0.24121      0.70634    101.66796    101.67503      0.93827
   17  (rho-)            11      -213   15          26          27      0.00692     -0.30078     57.58074     57.58563      0.68708
   18  (K*bar0)          11      -313   15          28          29      0.43190     -0.29688     69.69973     69.70539      0.71694
   19  (K*0)             11       313   15          30          31     -0.04114     -0.37119      7.18804      7.25580      0.91612
   20  (pi0)             11       111   15          32          33     -0.23531      0.33581      2.21175      2.25348      0.13498
   21  nbar0              1     -2112   15           0           0      0.26985     -0.27437      8.86669      8.92463      0.93957
   22  n0                 1      2112   15           0           0     -0.23481      0.51289      1.62488      1.95990      0.93957
   23  (pi0)             11       111   15          34          35     -0.42854      0.79810      0.34255      0.97784      0.13498
   24  (pi0)             11       111   15          36          37      0.53910     -0.31847     -2.11269      2.20765      0.13498
   25  pi+                1       211   15           0           0      0.57850      0.34104     -0.80482      1.05744      0.13957
   26  pi-                1      -211   17           0           0     -0.20408     -0.25499     48.54165     48.54295      0.13957
   27  (pi0)             11       111   17          38          39      0.21100     -0.04579      9.03909      9.04268      0.13498
   28  K-                 1      -321   18           0           0      0.16777     -0.22703     39.37509     39.37920      0.49360
   29  pi+                1       211   18           0           0      0.26413     -0.06985     30.32464     30.32619      0.13957
   30  (K0)              11       311   19          40          40     -0.19240     -0.40864      6.57004      6.60432      0.49767
   31  (pi0)             11       111   19          41          42      0.15126      0.03744      0.61800      0.65148      0.13498
   32  gamma              1        22   20           0           0     -0.17161      0.19728      1.68298      1.70317      0.00000
   33  gamma              1        22   20           0           0     -0.06370      0.13853      0.52876      0.55031      0.00000
   34  gamma              1        22   23           0           0     -0.10356      0.17330      0.13775      0.24440      0.00000
   35  gamma              1        22   23           0           0     -0.32498      0.62480      0.20480      0.73344      0.00000
   36  gamma              1        22   24           0           0      0.12377     -0.10908     -0.74455      0.76261      0.00000
   37  gamma              1        22   24           0           0      0.41533     -0.20939     -1.36814      1.44504      0.00000
   38  gamma              1        22   27           0           0      0.07649      0.01272      1.37685      1.37903      0.00000
   39  gamma              1        22   27           0           0      0.13450     -0.05851      7.66224      7.66365      0.00000
   40  K_L0               1       130   30           0           0     -0.19240     -0.40864      6.57004      6.60432      0.49767
   41  gamma              1        22   31           0           0      0.06882     -0.04942      0.29775      0.30956      0.00000
   42  gamma              1        22   31           0           0      0.08244      0.08686      0.32026      0.34192      0.00000
 ==================================================================================================================================
                   sum charge:  0.00   sum momentum and inv. mass:      0.00000      0.00000    240.00000    260.00176    100.00458



                            Event listing (standard)

    I  particle/jet  K(I,1)   K(I,2) K(I,3)     K(I,4)      K(I,5)       P(I,1)       P(I,2)       P(I,3)       P(I,4)       P(I,5)

    1  !e-!              21        11    0           3           4      0.00000      0.00000    -10.00000     10.00000      0.00051
    2  !p+!              21      2212    0           5           0     -0.00000      0.00000    250.00000    250.00176      0.93827
 ==================================================================================================================================
    3  !e-!              21        11    1           0           0     -0.79189     -1.22943     -8.07214      8.20353      0.00051
    4  !gamma!           21        22    1           0           0      0.79189      1.22943     -1.92786      1.79647     -1.62110
    5  !p+!              21      2212    2           0           0     -0.00000     -0.00000    250.00000    250.00176      0.93827
    6  !gamma!           21        22    4           0           0      0.79227      1.23001     -1.92844      1.79765     -1.62110
    7  !d!               21         1    5           0           0     -0.00000     -0.00000      0.35264      0.35264      0.00000
    8  !gamma!           21        22    6           0           0      0.79227      1.23001     -1.92844      1.79765     -1.62110
    9  !d!               21         1    7           0           0     -0.00000     -0.00000      0.35264      0.35264      0.00000
   10  !d!               21         1    9           0           0      0.79227      1.23001     -1.57580      2.15029      0.00000
 ==================================================================================================================================
   11  e-                 1        11    3           0           0     -0.79189     -1.22943     -8.07214      8.20353      0.00051
   12  (uu_1)        A   12      2203    5          15          15      0.12263     -0.23493    249.26713    249.26846      0.77133
   13  (g)           I   12        21   10          15          15      0.47855     -0.18671     -0.53441      0.74125      0.00000
   14  (d)           V   11         1   10          15          15      0.19071      1.65107     -0.66058      1.78851      0.00000
 ==================================================================================================================================
   15  (string)          11        92   12          16          26      0.79189      1.22943    248.07214    251.79823     43.13264
   16  (Delta++)         11      2224   15          27          28     -0.43690     -0.09193    196.43217    196.43645      1.21676
   17  pi-                1      -211   15           0           0      0.70583      0.17933     20.70373     20.71700      0.13957
   18  (pi0)             11       111   15          29          30      0.15320     -0.31004     14.02273     14.02764      0.13498
   19  (rho0)            11       113   15          31          32     -0.66542     -0.46123      9.00427      9.07055      0.73652
   20  (eta')            11       331   15          33          34      0.25193      0.63139      5.52927      5.65263      0.95771
   21  pi+                1       211   15           0           0      0.35578     -0.21062      0.15181      0.46202      0.13957
   22  (pi0)             11       111   15          35          36      0.21396     -0.11111      1.70766      1.72987      0.13498
   23  (pi0)             11       111   15          37          38     -0.54984      0.23110      1.09076      1.25049      0.13498
   24  (rho-)            11      -213   15          39          40      0.51589      0.38065      0.05609      1.07193      0.85723
   25  pi+                1       211   15           0           0      0.25456      0.20665     -0.42963      0.55818      0.13957
   26  pi-                1      -211   15           0           0     -0.00709      0.78523     -0.19672      0.82147      0.13957
   27  p+                 1      2212   16           0           0     -0.15262     -0.03622    161.26311    161.26592      0.93827
   28  pi+                1       211   16           0           0     -0.28428     -0.05571     35.16906     35.17053      0.13957
   29  gamma              1        22   18           0           0      0.03646     -0.16053      4.47050      4.47353      0.00000
   30  gamma              1        22   18           0           0      0.11675     -0.14951      9.55223      9.55411      0.00000
   31  pi+                1       211   19           0           0      0.03886     -0.29575      3.82211      3.83627      0.13957
   32  pi-                1      -211   19           0           0     -0.70428     -0.16548      5.18215      5.23427      0.13957
   33  gamma              1        22   20           0           0     -0.03214      0.25448      1.06010      1.09069      0.00000
   34  (rho0)            11       113   20          41          42      0.28407      0.37691      4.46917      4.56194      0.78422
   35  gamma              1        22   22           0           0      0.13847     -0.02981      0.59210      0.60881      0.00000
   36  gamma              1        22   22           0           0      0.07549     -0.08130      1.11555      1.12106      0.00000
   37  gamma              1        22   23           0           0     -0.05532      0.03527      0.22522      0.23458      0.00000
   38  gamma              1        22   23           0           0     -0.49452      0.19583      0.86555      1.01591      0.00000
   39  pi-                1      -211   24           0           0      0.06305     -0.21435     -0.12386      0.29111      0.13957
   40  (pi0)             11       111   24          43          44      0.45284      0.59500      0.17995      0.78083      0.13498
   41  pi-                1      -211   34           0           0      0.16024     -0.01766      0.28958      0.35962      0.13957
   42  pi+                1       211   34           0           0      0.12383      0.39457      4.17959      4.20232      0.13957
   43  gamma              1        22   40           0           0      0.39255      0.56883      0.14421      0.70601      0.00000
   44  gamma              1        22   40           0           0      0.06029      0.02617      0.03573      0.07481      0.00000
 ==================================================================================================================================
                   sum charge:  0.00   sum momentum and inv. mass:     -0.00000     -0.00000    240.00000    260.00176    100.00458



                            Event listing (standard)

    I  particle/jet  K(I,1)   K(I,2) K(I,3)     K(I,4)      K(I,5)       P(I,1)       P(I,2)       P(I,3)       P(I,4)       P(I,5)

    1  !e-!              21        11    0           3           4      0.00000      0.00000    -10.00000     10.00000      0.00051
    2  !p+!              21      2212    0           5           0     -0.00000      0.00000    250.00000    250.00176      0.93827
 ==================================================================================================================================
    3  !e-!              21        11    1           0           0     -0.73911      1.25158     -9.85315      9.95978      0.00051
    4  !gamma!           21        22    1           0           0      0.73911     -1.25158     -0.14685      0.04022     -1.46037
    5  !p+!              21      2212    2           0           0     -0.00000      0.00000    250.00000    250.00176      0.93827
    6  !gamma!           21        22    4           0           0      0.74606     -1.26335     -0.04151      0.14733     -1.46037
    7  !u!               21         2    5           0           0     -0.00016      0.00027      5.64455      5.64455      0.00000
    8  !gamma!           21        22    6           0           0      0.74606     -1.26335     -0.04151      0.14733     -1.46037
    9  !u!               21         2    7           0           0     -0.00016      0.00027      5.64455      5.64455      0.00000
   10  !u!               21         2    9           0           0      0.74591     -1.26309      5.60304      5.79188      0.00000
 ==================================================================================================================================
   11  e-                 1        11    3           0           0     -0.73911      1.25158     -9.85315      9.95978      0.00051
   12  (u)           A   12         2   10          14          14      1.32534     -1.33880      9.40230      9.58917      0.00000
   13  (ud_1)        V   11      2103    5          14          14     -0.58622      0.08722    240.45084    240.45281      0.77133
 ==================================================================================================================================
   14  (string)          11        92   12          15          20      0.73911     -1.25158    249.85315    250.04198      9.60653
   15  p+                 1      2212   14           0           0      0.82522     -0.29049     14.50292     14.55955      0.93827
   16  pbar-              1     -2212   14           0           0     -0.17605     -0.46305     20.46465     20.49213      0.93827
   17  (pi0)             11       111   14          21          22     -0.24602     -0.12028      0.69816      0.76200      0.13498
   18  (omega)           11       223   14          23          25      0.46230     -0.33673     23.19145     23.21154      0.77792
   19  (rho0)            11       113   14          26          27     -0.07141      0.30645     10.00854     10.02478      0.47580
   20  (Delta+)          11      2214   14          28          29     -0.05493     -0.34749    180.98742    180.99197      1.23459
   21  gamma              1        22   17           0           0     -0.05596     -0.01123      0.31908      0.32415      0.00000
   22  gamma              1        22   17           0           0     -0.19006     -0.10905      0.37908      0.43785      0.00000
   23  pi+                1       211   18           0           0      0.17856     -0.37102     13.75233     13.75920      0.13957
   24  pi-                1      -211   18           0           0      0.05155     -0.07626      1.81323      1.82092      0.13957
   25  (pi0)             11       111   18          30          31      0.23219      0.11055      7.62590      7.63143      0.13498
   26  pi+                1       211   19           0           0      0.02196      0.36176      6.21254      6.22467      0.13957
   27  pi-                1      -211   19           0           0     -0.09337     -0.05531      3.79600      3.80011      0.13957
   28  p+                 1      2212   20           0           0     -0.12182     -0.08194    118.42936    118.43317      0.93827
   29  (pi0)             11       111   20          32          33      0.06689     -0.26555     62.55806     62.55880      0.13498
   30  gamma              1        22   25           0           0      0.20835      0.12944      5.68337      5.68866      0.00000
   31  gamma              1        22   25           0           0      0.02385     -0.01890      1.94253      1.94276      0.00000
   32  gamma              1        22   29           0           0      0.09897     -0.19947     52.74778     52.74825      0.00000
   33  gamma              1        22   29           0           0     -0.03208     -0.06608      9.81028      9.81055      0.00000
 ==================================================================================================================================
                   sum charge:  0.00   sum momentum and inv. mass:     -0.00000      0.00000    240.00000    260.00176    100.00458



                            Event listing (standard)

    I  particle/jet  K(I,1)   K(I,2) K(I,3)     K(I,4)      K(I,5)       P(I,1)       P(I,2)       P(I,3)       P(I,4)       P(I,5)

    1  !e-!              21        11    0           3           4      0.00000      0.00000    -10.00000     10.00000      0.00051
    2  !p+!              21      2212    0           5           0     -0.00000      0.00000    250.00000    250.00176      0.93827
 ==================================================================================================================================
    3  !e-!              21        11    1           0           0      0.40582     -0.73330     -5.15219      5.21991      0.00051
    4  !gamma!           21        22    1           0           0     -0.40582      0.73330     -4.84781      4.78009     -1.16381
    5  !p+!              21      2212    2           0           0     -0.00000      0.00000    250.00000    250.00176      0.93827
    6  !gamma!           21        22    4           0           0     -0.40589      0.73344     -4.84867      4.78099     -1.16381
    7  !u!               21         2    5           0           0      0.00000     -0.00000      0.07033      0.07033      0.00000
    8  !gamma!           21        22    6           0           0     -0.40589      0.73344     -4.84867      4.78099     -1.16381
    9  !u!               21         2    7           0           0      0.00000     -0.00000      0.07033      0.07033      0.00000
   10  !u!               21         2    9           0           0     -0.40589      0.73344     -4.77835      4.85132      0.00000
 ==================================================================================================================================
   11  e-                 1        11    3           0           0      0.40582     -0.73330     -5.15219      5.21991      0.00051
   12  (u)           A   12         2   10          14          14     -0.79957      0.69563     -4.75575      4.87241      0.00000
   13  (ud_1)        V   11      2103    5          14          14      0.39376      0.03767    249.90794    249.90944      0.77133
 ==================================================================================================================================
   14  (string)          11        92   12          15          25     -0.40582      0.73330    245.15219    254.78185     69.37935
   15  pi+                1       211   14           0           0      0.05437      0.14766     -0.50418      0.54629      0.13957
   16  (rho-)            11      -213   14          26          27     -0.06734      0.20464     -1.54771      1.72903      0.74007
   17  (rho0)            11       113   14          28          29     -0.55214      0.63545     -1.09677      1.58188      0.76862
   18  (pi0)             11       111   14          30          31     -0.29933     -0.46423      0.33001      0.65744      0.13498
   19  (rho+)            11       213   14          32          33      0.36433     -0.25512     -0.78747      1.19618      0.78289
   20  pi-                1      -211   14           0           0     -0.57225      0.08124      3.55447      3.60386      0.13957
   21  K+                 1       321   14           0           0      0.43464      0.73732      2.43857      2.63113      0.49360
   22  (Lambda0)         11      3122   14          34          35     -0.51633     -0.12235     30.03734     30.06273      1.11568
   23  nbar0              1     -2112   14           0           0      0.59178     -0.35871     18.59675     18.63333      0.93957
   24  pi-                1      -211   14           0           0     -0.32062      0.19421     13.97239     13.97811      0.13957
   25  p+                 1      2212   14           0           0      0.47707     -0.06681    180.15878    180.16187      0.93827
   26  pi-                1      -211   16           0           0     -0.28316      0.01517     -1.26545      1.30433      0.13957
   27  (pi0)             11       111   16          36          37      0.21582      0.18948     -0.28226      0.42470      0.13498
   28  pi-                1      -211   17           0           0     -0.29259     -0.00291     -0.06079      0.32984      0.13957
   29  pi+                1       211   17           0           0     -0.25955      0.63836     -1.03598      1.25204      0.13957
   30  gamma              1        22   18           0           0     -0.21314     -0.37795      0.19561      0.47595      0.00000
   31  gamma              1        22   18           0           0     -0.08620     -0.08628      0.13440      0.18149      0.00000
   32  pi+                1       211   19           0           0     -0.21464     -0.01243     -0.26095      0.36579      0.13957
   33  (pi0)             11       111   19          38          39      0.57897     -0.24269     -0.52652      0.83039      0.13498
   34  p+                 1      2212   22           0           0     -0.44723     -0.07958     27.81908     27.83860      0.93827
   35  pi-                1      -211   22           0           0     -0.06909     -0.04277      2.21826      2.22413      0.13957
   36  gamma              1        22   27           0           0      0.06237     -0.01218     -0.04846      0.07992      0.00000
   37  gamma              1        22   27           0           0      0.15345      0.20166     -0.23380      0.34478      0.00000
   38  gamma              1        22   33           0           0      0.25265     -0.17847     -0.26451      0.40700      0.00000
   39  gamma              1        22   33           0           0      0.32633     -0.06422     -0.26201      0.42339      0.00000
 ==================================================================================================================================
                   sum charge:  0.00   sum momentum and inv. mass:      0.00000      0.00000    240.00000    260.00176    100.00458



                            Event listing (standard)

    I  particle/jet  K(I,1)   K(I,2) K(I,3)     K(I,4)      K(I,5)       P(I,1)       P(I,2)       P(I,3)       P(I,4)       P(I,5)

    1  !e-!              21        11    0           3           4      0.00000      0.00000    -10.00000     10.00000      0.00051
    2  !p+!              21      2212    0           5           0     -0.00000      0.00000    250.00000    250.00176      0.93827
 ==================================================================================================================================
    3  !e-!              21        11    1           0           0      0.20103      0.41496     -0.90101      1.01214      0.00051
    4  !gamma!           21        22    1           0           0     -0.20103     -0.41496     -9.09899      8.98786     -1.49082
    5  !p+!              21      2212    2           0           0     -0.00000     -0.00000    250.00000    250.00176      0.93827
    6  !g!               21        21    4           0           0     -0.00720     -0.42993     -2.05575      2.10024     -0.00000
    7  !u!               21         2    5           0           0      0.01103     -0.67969     21.23341     21.24429     -0.00000
    8  !g!               21        21    6           0           0      2.11073     -2.48098      1.63602      3.64514      0.00000
    9  !u!               21         2    7           0           0      0.00838     -0.51606     16.12161     16.12987      0.00000
   10  !g!               21        21    0           0           0     -0.57874     -3.73834      3.22249      4.96936      0.00000
   11  !u!               21         2    0           0           0      2.69785      0.74130     14.53514     14.80565      0.33000
 ==================================================================================================================================
   12  e-                 1        11    3           0           0      0.20103      0.41496     -0.90101      1.01214      0.00051
   13  (u)           A   12         2   11          24          24      0.29540      0.22519      9.33692      9.35013      0.33000
   14  (g)           I   12        21   11          24          24      0.83108      0.15584      3.72814      3.82283      0.00000
   15  (g)           I   12        21   11          24          24      1.36000     -0.46527      1.69080      2.21921      0.00000
   16  (g)           I   12        21   10          24          24     -0.41813     -2.41486      3.01088      3.88224      0.00000
   17  (g)           I   12        21   10          24          24      0.05076     -0.49794     -0.00910      0.50060      0.00000
   18  (dbar)        V   11        -1    4          24          24      0.22258      0.22172     -4.88300      4.90421      0.33000
   19  (d)           A   12         1    4          34          34     -0.41629     -0.20650     -2.02709      2.10569      0.33000
   20  (g)           I   12        21    6          34          34      0.05280      0.40653      0.04333      0.41223      0.00000
   21  (g)           I   12        21    6          34          34     -0.48637      0.25939     -0.15821      0.57347      0.00000
   22  (g)           I   12        21    6          34          34     -1.68171      1.22151      1.53491      2.58383      0.00000
   23  (ud_0)        V   11      2101    5          34          34     -0.01116      0.67944    228.63344    228.63519      0.57933
 ==================================================================================================================================
   24  (string)          11        92   13          25          33      2.34169     -2.77532     12.87463     24.67922     20.73938
   25  (K*+)             11       323   24          44          45      1.51711      0.48380     11.11845     11.26666      0.88426
   26  (K*-)             11      -323   24          46          47      0.02548     -0.89014      2.88692      3.14161      0.86164
   27  (omega)           11       223   24          48          50      0.65363     -0.32206      1.67634      1.98750      0.78044
   28  pi+                1       211   24           0           0      0.40875     -0.24366     -0.26480      0.56218      0.13957
   29  (rho-)            11      -213   24          51          52     -0.37916     -0.77398      1.17214      1.64598      0.76975
   30  (pi0)             11       111   24          53          54      0.09693     -0.30923     -0.04825      0.35435      0.13498
   31  (omega)           11       223   24          55          57      0.35999     -0.18348     -0.11312      0.86472      0.75609
   32  (pi0)             11       111   24          58          59     -0.25480     -0.43670      0.54392      0.75478      0.13498
   33  pi+                1       211   24           0           0     -0.08625     -0.09988     -4.09695      4.10145      0.13957
   34  (string)          11        92   19          35          43     -2.54272      2.36036    228.02638    234.31040     53.78938
   35  (pi0)             11       111   34          60          61      0.38667      0.31912     -0.96213      1.09328      0.13498
   36  (K*0)             11       313   34          62          63     -1.28676     -0.10957     -0.80880      1.80696      0.97118
   37  (K*-)             11      -323   34          64          65     -0.68543      0.65732      0.81131      1.52908      0.88203
   38  p+                 1      2212   34           0           0      0.31116      0.06041      4.53238      4.63932      0.93827
   39  (Lambdabar0)      11     -3122   34          66          67     -1.29338      0.38386      2.09800      2.73249      1.11568
   40  (Lambda0)         11      3122   34          68          69     -0.21781      1.01572     11.59049     11.69030      1.11568
   41  nbar0              1     -2112   34           0           0     -0.04932     -0.90599     27.46682     27.49786      0.93957
   42  (K*0)             11       313   34          70          71      0.86919      0.91390     78.20640     78.22167      0.89345
   43  (Lambda0)         11      3122   34          72          73     -0.57703      0.02559    105.09192    105.09943      1.11568
   44  (K0)              11       311   25          74          74      0.62425      0.19330      6.49738      6.54910      0.49767
   45  pi+                1       211   25           0           0      0.89286      0.29051      4.62107      4.71756      0.13957
   46  K-                 1      -321   26           0           0     -0.20697     -0.66450      2.35058      2.50066      0.49360
   47  (pi0)             11       111   26          75          76      0.23245     -0.22564      0.53633      0.64095      0.13498
   48  pi-                1      -211   27           0           0      0.33656      0.10742      0.41764      0.56455      0.13957
   49  pi+                1       211   27           0           0     -0.01612     -0.08220      0.27562      0.32010      0.13957
   50  (pi0)             11       111   27          77          78      0.33319     -0.34728      0.98308      1.10285      0.13498
   51  pi-                1      -211   29           0           0      0.07299      0.01653      0.44647      0.47373      0.13957
   52  (pi0)             11       111   29          79          80     -0.45215     -0.79051      0.72567      1.17225      0.13498
   53  gamma              1        22   30           0           0     -0.01900     -0.07459      0.02776      0.08182      0.00000
   54  gamma              1        22   30           0           0      0.11593     -0.23464     -0.07601      0.27253      0.00000
   55  pi+                1       211   31           0           0      0.23822     -0.26962      0.08083      0.39428      0.13957
   56  pi-                1      -211   31           0           0      0.20943      0.05623     -0.07662      0.26903      0.13957
   57  (pi0)             11       111   31          81          82     -0.08766      0.02992     -0.11734      0.20141      0.13498
   58  gamma              1        22   32           0           0     -0.14182     -0.21626      0.18209      0.31629      0.00000
   59  gamma              1        22   32           0           0     -0.11297     -0.22045      0.36182      0.43849      0.00000
   60  gamma              1        22   35           0           0      0.24782      0.14913     -0.65267      0.71389      0.00000
   61  gamma              1        22   35           0           0      0.13885      0.16999     -0.30946      0.37940      0.00000
   62  K+                 1       321   36           0           0     -1.29158      0.04868     -0.79443      1.59541      0.49360
   63  pi-                1      -211   36           0           0      0.00483     -0.15825     -0.01437      0.21155      0.13957
   64  (Kbar0)           11      -311   37          83          83     -0.45031      0.72470      0.49253      1.10373      0.49767
   65  pi-                1      -211   37           0           0     -0.23512     -0.06737      0.31878      0.42535      0.13957
   66  pbar-              1     -2212   39           0           0     -1.17273      0.38174      1.74188      2.33142      0.93827
   67  pi+                1       211   39           0           0     -0.12065      0.00212      0.35612      0.40107      0.13957
   68  p+                 1      2212   40           0           0     -0.16552      0.73117      8.87717      8.95805      0.93827
   69  pi-                1      -211   40           0           0     -0.05229      0.28455      2.71331      2.73226      0.13957
   70  K+                 1       321   42           0           0      0.79203      0.44540     57.96187     57.97110      0.49360
   71  pi-                1      -211   42           0           0      0.07716      0.46849     20.24452     20.25057      0.13957
   72  p+                 1      2212   43           0           0     -0.38933      0.06785     83.96809     83.97426      0.93827
   73  pi-                1      -211   43           0           0     -0.18770     -0.04225     21.12383     21.12517      0.13957
   74  (K_S0)            11       310   44          84          85      0.62425      0.19330      6.49738      6.54910      0.49767
   75  gamma              1        22   47           0           0      0.07114     -0.08443      0.31059      0.32962      0.00000
   76  gamma              1        22   47           0           0      0.16131     -0.14121      0.22574      0.31132      0.00000
   77  gamma              1        22   50           0           0      0.05428     -0.03110      0.05423      0.08279      0.00000
   78  gamma              1        22   50           0           0      0.27891     -0.31618      0.92885      1.02006      0.00000
   79  gamma              1        22   52           0           0     -0.42928     -0.65477      0.62087      0.99924      0.00000
   80  gamma              1        22   52           0           0     -0.02288     -0.13574      0.10480      0.17301      0.00000
   81  gamma              1        22   57           0           0     -0.12195      0.01278     -0.10410      0.16085      0.00000
   82  gamma              1        22   57           0           0      0.03429      0.01714     -0.01323      0.04056      0.00000
   83  (K_S0)            11       310   64          86          87     -0.45031      0.72470      0.49253      1.10373      0.49767
   84  pi-                1      -211   74           0           0      0.42066      0.08892      2.35088      2.39395      0.13957
   85  pi+                1       211   74           0           0      0.20360      0.10437      4.14650      4.15515      0.13957
   86  pi+                1       211   83           0           0     -0.26879      0.68661      0.32677      0.81850      0.13957
   87  pi-                1      -211   83           0           0     -0.18152      0.03808      0.16576      0.28523      0.13957
 ==================================================================================================================================
                   sum charge:  0.00   sum momentum and inv. mass:     -0.00000      0.00000    240.00000    260.00176    100.00458



                            Event listing (standard)

    I  particle/jet  K(I,1)   K(I,2) K(I,3)     K(I,4)      K(I,5)       P(I,1)       P(I,2)       P(I,3)       P(I,4)       P(I,5)

    1  !e-!              21        11    0           3           4      0.00000      0.00000    -10.00000     10.00000      0.00051
    2  !p+!              21      2212    0           5           0     -0.00000      0.00000    250.00000    250.00176      0.93827
 ==================================================================================================================================
    3  !e-!              21        11    1           0           0     -0.90244      2.56406     -9.78742     10.15788      0.00051
    4  !gamma!           21        22    1           0           0      0.90244     -2.56406     -0.21258     -0.15788     -2.72196
    5  !p+!              21      2212    2           0           0     -0.00000      0.00000    250.00000    250.00176      0.93827
    6  !gamma!           21        22    4           0           0      0.93076     -2.64452      3.96451      4.02096     -2.72196
    7  !u!               21         2    5           0           0     -0.00743      0.02112     64.51951     64.51952      0.00000
    8  !gamma!           21        22    6           0           0      0.93076     -2.64452      3.96451      4.02096     -2.72196
    9  !u!               21         2    7           0           0     -0.00743      0.02112     64.51951     64.51952      0.00000
   10  !u!               21         2    9           0           0      0.92332     -2.62340     68.48403     68.54048      0.00000
 ==================================================================================================================================
   11  e-                 1        11    3           0           0     -0.90244      2.56406     -9.78742     10.15788      0.00051
   12  (u)           A   12         2   10          14          14      0.55801     -2.55655     61.93947     61.99472      0.00000
   13  (ud_0)        V   11      2101    5          14          14      0.34443     -0.00751    187.84795    187.84916      0.57933
 ==================================================================================================================================
   14  (string)          11        92   12          15          17      0.90244     -2.56406    249.78742    249.84388      4.56288
   15  (rho+)            11       213   14          18          19     -0.06878     -0.14069     29.74390     29.75287      0.71354
   16  (K*0)             11       313   14          20          21      0.04676     -1.80025     51.11044     51.15057      0.92753
   17  (Lambda0)         11      3122   14          22          23      0.92447     -0.62312    168.93309    168.94045      1.11568
   18  pi+                1       211   15           0           0     -0.34191     -0.19977     16.66122     16.66650      0.13957
   19  (pi0)             11       111   15          24          25      0.27312      0.05908     13.08268     13.08636      0.13498
   20  K+                 1       321   16           0           0     -0.20719     -1.43100     42.36326     42.39080      0.49360
   21  pi-                1      -211   16           0           0      0.25395     -0.36925      8.74718      8.75976      0.13957
   22  n0                 1      2112   17           0           0      0.77232     -0.60388    153.58765    153.59365      0.93957
   23  (pi0)             11       111   17          26          27      0.15215     -0.01924     15.34544     15.34680      0.13498
   24  gamma              1        22   19           0           0      0.19002     -0.00387     10.25092     10.25268      0.00000
   25  gamma              1        22   19           0           0      0.08311      0.06295      2.83176      2.83368      0.00000
   26  gamma              1        22   23           0           0      0.13459      0.04075     11.35016     11.35103      0.00000
   27  gamma              1        22   23           0           0      0.01756     -0.05998      3.99528      3.99577      0.00000
 ==================================================================================================================================
                   sum charge:  0.00   sum momentum and inv. mass:     -0.00000      0.00000    240.00000    260.00176    100.00458

 Advisory warning: maximum violated by  1.103D+00 in event     261
 XSEC(96,1) increased to  1.601D-02

 Advisory warning: maximum violated by  1.105D+00 in event     263
 XSEC(96,1) increased to  1.769D-02

 Advisory warning: maximum violated by  1.075D+00 in event     515
 XSEC(96,1) increased to  1.902D-02

 Advisory warning: maximum violated by  1.660D+00 in event     968
 XSEC(96,1) increased to  3.157D-02

 Advisory warning: maximum violated by  1.025D+00 in event   25199
 XSEC(96,1) increased to  3.236D-02

 Advisory warning: maximum violated by  1.064D+00 in event   31643
 XSEC(96,1) increased to  3.442D-02

 Advisory warning: maximum violated by  1.112D+00 in event   34702
 XSEC(96,1) increased to  3.826D-02
1********* PYSTAT:  Statistics on Number of Events and Cross-sections *********

 ==============================================================================
 I                                  I                            I            I
 I            Subprocess            I      Number of points      I    Sigma   I
 I                                  I                            I            I
 I----------------------------------I----------------------------I    (mb)    I
 I                                  I                            I            I
 I N:o Type                         I    Generated         Tried I            I
 I                                  I                            I            I
 ==============================================================================
 I                                  I                            I            I
 I   0 All included subprocesses    I       500000      11966528 I  7.085D-04 I
 I  11 f + f' -> f + f' (QCD)       I        12602             0 I  1.235D-05 I
 I  12 f + fbar -> f' + fbar'       I          280             0 I  2.685D-07 I
 I  13 f + fbar -> g + g            I          316             0 I  2.959D-07 I
 I  28 f + g -> f + g               I        32902             0 I  3.218D-05 I
 I  53 g + g -> f + fbar            I          380             0 I  3.179D-07 I
 I  68 g + g -> g + g               I        14728             0 I  1.185D-05 I
 I  91 Elastic scattering           I        27708        423424 I  3.773D-05 I
 I  92 Single diffractive (XB)      I        14492        309945 I  1.949D-05 I
 I  93 Single diffractive (AX)      I        11457        250234 I  1.561D-05 I
 I  94 Double  diffractive          I         7829        258817 I  1.029D-05 I
 I  95 Low-pT scattering            I        42239        121774 I  1.075D-04 I
 I  99 q + gamma* -> q              I       305759       1738936 I  4.203D-04 I
 I 131 f + gamma*_T -> f + g        I         9254        133209 I  1.257D-05 I
 I 132 f + gamma*_L -> f + g        I          496          7047 I  6.789D-07 I
 I 135 g + gamma*_T -> f + fbar     I        16165        411736 I  2.234D-05 I
 I 136 g + gamma*_L -> f + fbar     I         3393         67299 I  4.736D-06 I
 I                                  I                            I            I
 ==============================================================================
 I                                  I                            I            I
 I   1 VMD * hadron                 I        86963       5741751 I  1.361D-04 I
 I   2 direct * hadron              I        29308        619291 I  4.032D-05 I
 I   3 anomalous * hadron           I        77970       3866550 I  1.118D-04 I
 I   4 DIS * hadron                 I       305759       1738936 I  4.203D-04 I
 I                                  I                            I            I
 ==============================================================================

 ********* Total number of errors, excluding junctions =        0 *************
 ********* Total number of errors, including junctions =        0 *************
 ********* Total number of warnings =                           0 *************
 ********* Fraction of events that fail fragmentation cuts =  0.03194 *********

1************ PYSTAT: User-Defined Limits on Kinematical Variables ************

 ==============================================================================
 I                                                                            I
 I                 0.000D+00 <  m_hard (GeV/c^2)  <  7.742D+01                I
 I    0.000D+00 ( 1.000D+00) <  p_T_hard (GeV/c)  <  3.871D+01                I
 I                             m_finite (GeV/c^2) =  1.000D+00                I
 I                -1.000D+01 <    y*_subsystem    <  1.000D+01                I
 I                -4.000D+01 <      y*_large      <  4.000D+01                I
 I                -4.000D+01 <      y*_small      <  4.000D+01                I
 I                -4.000D+01 <     eta*_large     <  4.000D+01                I
 I                -4.000D+01 <     eta*_small     <  4.000D+01                I
 I                -1.000D+00 < cos(theta*)_large  <  1.000D+00                I
 I                -1.000D+00 < cos(theta*)_small  <  1.000D+00                I
 I                 0.000D+00 <        x_1         <  1.000D+00                I
 I                 0.000D+00 <        x_2         <  1.000D+00                I
 I                -1.000D+00 <        x_F         <  1.000D+00                I
 I                -1.000D+00 <  cos(theta_hard)   <  1.000D+00                I
 I                 2.000D+00 < m'_hard (GeV/c^2)  <  7.742D+01                I
 I                                                                            I
 ==============================================================================
 The charm mass used is:    1.5000000000000000     
 ===================================================
 Pythia total cross section normalisation:  0.70846191635927347       microbarn
 Total Number of generated events      500000
 Total Number of trials      500000
 ===================================================

 ===== PDFSTA statistics for PDF under/over-flows ====

 ====== STRUCTM statistics for nucleon/pion PDFs =====

   total # of calls    11007424.000000000     
   X  below PDF min    0.0000000000000000       or    0.0000000000000000       %
   X  above PDF max    0.0000000000000000       or    0.0000000000000000       %
   Q2 below PDF min    0.0000000000000000       or    0.0000000000000000       %
   Q2 above PDF max    0.0000000000000000       or    0.0000000000000000       %

 ========= STRUCTP statistics for photon PDFs ========

   total # of calls    0.0000000000000000     

