1                                                                              
 ******************************************************************************
 ******************************************************************************
 **                                                                          **
 **                                                                          **
 **              *......*                  Welcome to the Lund Monte Carlo!  **
 **         *:::!!:::::::::::*                                               **
 **      *::::::!!::::::::::::::*          PPP  Y   Y TTTTT H   H III   A    **
 **    *::::::::!!::::::::::::::::*        P  P  Y Y    T   H   H  I   A A   **
 **   *:::::::::!!:::::::::::::::::*       PPP    Y     T   HHHHH  I  AAAAA  **
 **   *:::::::::!!:::::::::::::::::*       P      Y     T   H   H  I  A   A  **
 **    *::::::::!!::::::::::::::::*!       P      Y     T   H   H III A   A  **
 **      *::::::!!::::::::::::::* !!                                         **
 **      !! *:::!!:::::::::::*    !!       This is PYTHIA version 6.428      **
 **      !!     !* -><- *         !!       Last date of change:  5 Sep 2013  **
 **      !!     !!                !!                                         **
 **      !!     !!                !!       Now is  0 Jan 2000 at  0:00:00    **
 **      !!                       !!                                         **
 **      !!        lh             !!       Disclaimer: this program comes    **
 **      !!                       !!       without any guarantees. Beware    **
 **      !!                 hh    !!       of errors and use common sense    **
 **      !!    ll                 !!       when interpreting results.        **
 **      !!                       !!                                         **
 **      !!                                Copyright T. Sjostrand (2011)     **
 **                                                                          **
 ** An archive of program versions and documentation is found on the web:    **
 ** http://www.thep.lu.se/~torbjorn/Pythia.html                              **
 **                                                                          **
 ** When you cite this program, the official reference is to the 6.4 manual: **
 ** T. Sjostrand, S. Mrenna and P. Skands, JHEP05 (2006) 026                 **
 ** (LU TP 06-13, FERMILAB-PUB-06-052-CD-T) [hep-ph/0603175].                **
 **                                                                          **
 ** Also remember that the program, to a large extent, represents original   **
 ** physics research. Other publications of special relevance to your        **
 ** studies may therefore deserve separate mention.                          **
 **                                                                          **
 ** Main author: Torbjorn Sjostrand; Department of Theoretical Physics,      **
 **   Lund University, Solvegatan 14A, S-223 62 Lund, Sweden;                **
 **   phone: + 46 - 46 - 222 48 16; e-mail: torbjorn@thep.lu.se              **
 ** Author: Stephen Mrenna; Computing Division, GDS Group,                   **
 **   Fermi National Accelerator Laboratory, MS 234, Batavia, IL 60510, USA; **
 **   phone: + 1 - 630 - 840 - 2556; e-mail: mrenna@fnal.gov                 **
 ** Author: Peter Skands; CERN/PH-TH, CH-1211 Geneva, Switzerland            **
 **   phone: + 41 - 22 - 767 24 47; e-mail: peter.skands@cern.ch             **
 **                                                                          **
 **                                                                          **
 ******************************************************************************
 ******************************************************************************
     MSEL           changed from              1 to              2
     MSTP(14)       changed from             30 to             30
     MSTP(15)       changed from              0 to              0
     MSTP(16)       changed from              1 to              1
     MSTP(17)       changed from              4 to              4
     MSTP(18)       changed from              3 to              3
     MSTP(19)       changed from              4 to              1
     MSTP(20)       changed from              3 to              0
     MSTP(32)       changed from              8 to              8
     MSTP(38)       changed from              5 to              4
     MSTP(51)       changed from              7 to          10050
     MSTP(52)       changed from              1 to              2
     MSTP(53)       changed from              3 to              3
     MSTP(54)       changed from              1 to              1
     MSTP(55)       changed from              5 to              5
     MSTP(56)       changed from              1 to              1
     MSTP(57)       changed from              1 to              1
     MSTP(58)       changed from              5 to              5
     MSTP(59)       changed from              1 to              1
     MSTP(60)       changed from              7 to              7
     MSTP(61)       changed from              2 to              2
     MSTP(71)       changed from              1 to              1
     MSTP(81)       changed from              1 to              0
     MSTP(82)       changed from              4 to              1
     MSTP(91)       changed from              1 to              1
     MSTP(92)       changed from              3 to              3
     MSTP(93)       changed from              1 to              1
     MSTP(101)      changed from              3 to              3
     MSTP(102)      changed from              1 to              1
     MSTP(111)      changed from              1 to              1
     MSTP(121)      changed from              0 to              0
     PARP(13)       changed from        1.00000 to        1.00000
     PARP(18)       changed from        0.40000 to        0.40000
     PARP(81)       changed from        1.90000 to        1.90000
     PARP(89)       changed from     1800.00000 to     1800.00000
     PARP(90)       changed from        0.25000 to        0.16000
     PARP(91)       changed from        2.00000 to        0.40000
     PARP(93)       changed from        5.00000 to        5.00000
     PARP(99)       changed from        1.00000 to        0.40000
     PARP(100)      changed from        5.00000 to        5.00000
     PARP(102)      changed from        0.28000 to        0.28000
     PARP(103)      changed from        1.00000 to        1.00000
     PARP(104)      changed from        0.80000 to        0.80000
     PARP(111)      changed from        2.00000 to        2.00000
     PARP(161)      changed from        2.20000 to        3.00000
     PARP(162)      changed from       23.60000 to       24.60000
     PARP(163)      changed from       18.40000 to       18.80000
     PARP(164)      changed from       11.50000 to       11.50000
     PARP(165)      changed from        0.50000 to        0.47679
     PARP(166)      changed from        0.00000 to        0.67597
     PARJ(1)        changed from        0.10000 to        0.10000
     PARJ(2)        changed from        0.30000 to        0.30000
     PARJ(11)       changed from        0.50000 to        0.50000
     PARJ(12)       changed from        0.60000 to        0.60000
     PARJ(21)       changed from        0.36000 to        0.40000
     PARJ(32)       changed from        1.00000 to        1.00000
     PARJ(33)       changed from        0.80000 to        0.80000
     PARJ(41)       changed from        0.30000 to        0.30000
     PARJ(42)       changed from        0.58000 to        0.58000
     PARJ(45)       changed from        0.50000 to        0.50000
     MSTJ(1)        changed from              1 to              1
     MSTJ(12)       changed from              2 to              1
     MSTJ(45)       changed from              5 to              5
     MSTU(112)      changed from              5 to              5
     MSTU(113)      changed from              3 to              5
     MSTU(114)      changed from              5 to              5
     CKIN(1)        changed from        2.00000 to        1.00000
     CKIN(2)        changed from       -1.00000 to       -1.00000
     CKIN(3)        changed from        0.00000 to        0.00000
     CKIN(4)        changed from       -1.00000 to       -1.00000
     CKIN(5)        changed from        1.00000 to        1.00000
     CKIN(6)        changed from        1.00000 to        1.00000
     CKIN(7)        changed from      -10.00000 to      -10.00000
     CKIN(8)        changed from       10.00000 to       10.00000
     CKIN(9)        changed from      -40.00000 to      -40.00000
     CKIN(10)       changed from       40.00000 to       40.00000
     CKIN(11)       changed from      -40.00000 to      -40.00000
     CKIN(12)       changed from       40.00000 to       40.00000
     CKIN(13)       changed from      -40.00000 to      -40.00000
     CKIN(14)       changed from       40.00000 to       40.00000
     CKIN(15)       changed from      -40.00000 to      -40.00000
     CKIN(16)       changed from       40.00000 to       40.00000
     CKIN(17)       changed from       -1.00000 to       -1.00000
     CKIN(18)       changed from        1.00000 to        1.00000
     CKIN(19)       changed from       -1.00000 to       -1.00000
     CKIN(20)       changed from        1.00000 to        1.00000
     CKIN(21)       changed from        0.00000 to        0.00000
     CKIN(22)       changed from        1.00000 to        1.00000
     CKIN(23)       changed from        0.00000 to        0.00000
     CKIN(24)       changed from        1.00000 to        1.00000
     CKIN(25)       changed from       -1.00000 to       -1.00000
     CKIN(26)       changed from        1.00000 to        1.00000
     CKIN(27)       changed from       -1.00000 to       -1.00000
     CKIN(28)       changed from        1.00000 to        1.00000
     CKIN(31)       changed from        2.00000 to        2.00000
     CKIN(32)       changed from       -1.00000 to       -1.00000
     CKIN(35)       changed from        0.00000 to        0.00000
     CKIN(36)       changed from       -1.00000 to       -1.00000
     CKIN(37)       changed from        0.00000 to        0.00000
     CKIN(38)       changed from       -1.00000 to       -1.00000
     CKIN(39)       changed from        4.00000 to        4.00000
     CKIN(40)       changed from       -1.00000 to       -1.00000
     CKIN(65)       changed from        0.00000 to        0.00000
     CKIN(66)       changed from       -1.00000 to       -1.00000
     CKIN(67)       changed from        0.00000 to        0.00000
     CKIN(68)       changed from       -1.00000 to       -1.00000
     CKIN(77)       changed from        2.00000 to        2.00000
     CKIN(78)       changed from       -1.00000 to       -1.00000
 *********************************************
 NOW all parameters are read by PYTHIA
 *********************************************
 SEED =   1232934022
 RANLUX LUXURY LEVEL SET BY RLUXGO : 4     P= 389
 RANLUX INITIALIZED BY RLUXGO FROM SEEDS  1232934022           0           0
   5328.9753403062132        10.000000000000000       -5328.9753403062132       -10.0000000    
 *********************************************
 proton beam momentum:   250.000000     GeV
 lepton beam momentum:   10.0000000     GeV
 resulting sqrt(s):   100.00457712527508      GeV
 *********************************************
1****************** PYINIT: initialization of PYTHIA routines *****************
 ==== PYTHIA WILL USE LHAPDF ====
 *************************************
 *       LHAPDF Version 5.9.1        *
 *   Configured for the following:   *
 *             All PDFs              *
 *         FULL MEMORY option        *
 *    Maximum  3 concurrent set(s)   *
 *************************************

 >>>>>> PDF description: <<<<<<
 CTEQ6M                                                          
 Reference:                                                      
 J. Pumplin, D.R. Stump, J. Huston, H.L. Lai, P. Nadolsky,       
 W.K. Tung                                                       
 hep-ph/0201195                                                  
 This set has 41 member PDFs.                                    
     mem=0 --> central value (cteq6m)                            
     mem=1-40 --> 20 sets of +ve/-ve error values                
 >>>>>>                   <<<<<<

 ==============================================
 PDFset name /cvmfs/sft.cern.ch/lcg/external/lhapdfsets/5.9.1/share/PDFsets/cteq6mE.LHgrid   
 with         40 members
 ====  initialized. ===========================
 Strong coupling at Mz for PDF is:  0.11798

 ==============================================================================
 I                                                                            I
 I      PYTHIA will be initialized for gamma/e- on p+ user configuration      I
 I                                                                            I
 I                  px (GeV/c)   py (GeV/c)   pz (GeV/c)      E (GeV)         I
 I        gamma/e-       0.000        0.000      -10.000       10.000         I
 I        p+             0.000        0.000      250.000      250.002         I
 I                                                                            I
 I           corresponding to    100.005 GeV center-of-mass energy            I
 I                                                                            I
 ==============================================================================

 ******** PYMAXI: summary of differential cross-section maximum search ********

           ==========================================================
           I                                      I                 I
           I  ISUB  Subprocess name               I  Maximum value  I
           I                                      I                 I
           ==========================================================
           I                                      I                 I
           I   91   Elastic scattering            I    4.5802D-04   I
           I   92   Single diffractive (XB)       I    3.3396D-04   I
           I   93   Single diffractive (AX)       I    2.7193D-04   I
           I   94   Double  diffractive           I    2.7235D-04   I
           I   95   Low-pT scattering             I    1.9842D-03   I
           I   96   Semihard QCD 2 -> 2           I    1.9401D-02   I
           I                                      I                 I
           ==========================================================

 ******** PYMAXI: summary of differential cross-section maximum search ********

           ==========================================================
           I                                      I                 I
           I  ISUB  Subprocess name               I  Maximum value  I
           I                                      I                 I
           ==========================================================
           I                                      I                 I
           I  131   f + gamma*_T -> f + g         I    1.8340D-04   I
           I  132   f + gamma*_L -> f + g         I    9.6222D-06   I
           I  135   g + gamma*_T -> f + fbar      I    5.6762D-04   I
           I  136   g + gamma*_L -> f + fbar      I    9.2431D-05   I
           I                                      I                 I
           ==========================================================

 ******** PYMAXI: summary of differential cross-section maximum search ********

           ==========================================================
           I                                      I                 I
           I  ISUB  Subprocess name               I  Maximum value  I
           I                                      I                 I
           ==========================================================
           I                                      I                 I
           I   91   Elastic scattering            I    1.1937D-04   I
           I   92   Single diffractive (XB)       I    8.8669D-05   I
           I   93   Single diffractive (AX)       I    7.0104D-05   I
           I   94   Double  diffractive           I    7.1830D-05   I
           I   95   Low-pT scattering             I    5.5769D-04   I
           I   96   Semihard QCD 2 -> 2           I    1.4517D-02   I
           I                                      I                 I
           ==========================================================

 ******** PYMAXI: summary of differential cross-section maximum search ********

           ==========================================================
           I                                      I                 I
           I  ISUB  Subprocess name               I  Maximum value  I
           I                                      I                 I
           ==========================================================
           I                                      I                 I
           I   99   q + gamma* -> q               I    2.3955D-03   I
           I                                      I                 I
           ==========================================================

 ********************** PYINIT: initialization completed **********************
 the outputfile will be named: outfiles/ep_10x250_Q2_10_100_norad.out                                                                                                                                                                                                                          



                            Event listing (standard)

    I  particle/jet  K(I,1)   K(I,2) K(I,3)     K(I,4)      K(I,5)       P(I,1)       P(I,2)       P(I,3)       P(I,4)       P(I,5)

    1  !e-!              21        11    0           3           4      0.00000      0.00000    -10.00000     10.00000      0.00051
    2  !p+!              21      2212    0           5           0     -0.00000      0.00000    250.00000    250.00176      0.93827
 ==================================================================================================================================
    3  !e-!              21        11    1           0           0      2.99730     -2.89266     -9.22935     10.12582      0.00051
    4  !gamma!           21        22    1           0           0     -2.99730      2.89266     -0.77065     -0.12582     -4.23431
    5  !p+!              21      2212    2           0           0      0.00000     -0.00000    250.00000    250.00176      0.93827
    6  !gamma!           21        22    4           0           0     -3.00548      2.90056     -0.69697     -0.05038     -4.23431
    7  !u!               21         2    5           0           0      0.00045     -0.00044     13.86045     13.86045      0.00000
    8  !gamma!           21        22    6           0           0     -3.00548      2.90056     -0.69697     -0.05038     -4.23431
    9  !u!               21         2    7           0           0      0.00045     -0.00044     13.86045     13.86045      0.00000
   10  !u!               21         2    9           0           0     -3.00503      2.90012     13.16348     13.81007      0.00000
 ==================================================================================================================================
   11  e-                 1        11    3           0           0      2.99730     -2.89266     -9.22935     10.12582      0.00051
   12  (ud_0)        A   12      2101    5          15          15      0.26085     -0.26589    225.69345    225.69451      0.57933
   13  (g)           I   12        21   10          15          15     -0.44528      0.13057     10.40821     10.41855      0.00000
   14  (u)           V   11         2   10          15          15     -2.81287      3.02799     13.12768     13.76289      0.00000
 ==================================================================================================================================
   15  (string)          11        92   12          16          23     -2.99730      2.89266    249.22935    249.87594     17.47473
   16  n0                 1      2112   15           0           0     -0.17862     -0.02847    131.61494    131.61841      0.93957
   17  (omega)           11       223   15          24          26     -0.34911      0.08313     34.43681     34.44759      0.78336
   18  (omega)           11       223   15          27          29      0.60487     -0.06816     35.03469     35.04878      0.78563
   19  (Kbar0)           11      -311   15          30          30     -0.49316      0.63961      6.69609      6.76296      0.49767
   20  K+                 1       321   15           0           0     -0.32909     -0.25374     22.14733     22.15673      0.49360
   21  K-                 1      -321   15           0           0     -0.02157      0.05535      7.63716      7.65333      0.49360
   22  (K*0)             11       313   15          31          32     -1.75770      1.57251      7.53816      7.93981      0.80896
   23  pi+                1       211   15           0           0     -0.47292      0.89243      4.12417      4.24834      0.13957
   24  pi+                1       211   17           0           0     -0.05587      0.19974     14.90040     14.90250      0.13957
   25  pi-                1      -211   17           0           0     -0.35247     -0.06784     16.69589     16.70033      0.13957
   26  (pi0)             11       111   17          33          34      0.05923     -0.04876      2.84052      2.84476      0.13498
   27  pi-                1      -211   18           0           0      0.15308      0.09883      4.93131      4.93665      0.13957
   28  pi+                1       211   18           0           0      0.22200     -0.32287     18.19149     18.19624      0.13957
   29  (pi0)             11       111   18          35          36      0.22979      0.15589     11.91188     11.91588      0.13498
   30  (K_S0)            11       310   19          37          38     -0.49316      0.63961      6.69609      6.76296      0.49767
   31  (K0)              11       311   22          39          39     -1.27417      1.05041      4.57164      4.88615      0.49767
   32  (pi0)             11       111   22          40          41     -0.48353      0.52210      2.96652      3.05366      0.13498
   33  gamma              1        22   26           0           0      0.07312     -0.08680      2.24284      2.24571      0.00000
   34  gamma              1        22   26           0           0     -0.01390      0.03804      0.59768      0.59905      0.00000
   35  gamma              1        22   29           0           0      0.23748      0.15897     10.25775     10.26173      0.00000
   36  gamma              1        22   29           0           0     -0.00768     -0.00308      1.65413      1.65415      0.00000
   37  pi+                1       211   30           0           0     -0.18348      0.09849      3.13521      3.14522      0.13957
   38  pi-                1      -211   30           0           0     -0.30968      0.54111      3.56088      3.61774      0.13957
   39  (K_S0)            11       310   31          42          43     -1.27417      1.05041      4.57164      4.88615      0.49767
   40  gamma              1        22   32           0           0     -0.21870      0.16787      0.94927      0.98850      0.00000
   41  gamma              1        22   32           0           0     -0.26483      0.35423      2.01724      2.06516      0.00000
   42  (pi0)             11       111   39          44          45     -1.16846      0.97586      3.89390      4.18310      0.13498
   43  (pi0)             11       111   39          46          47     -0.10571      0.07455      0.67774      0.70305      0.13498
   44  gamma              1        22   42           0           0     -0.37362      0.30336      1.06554      1.16918      0.00000
   45  gamma              1        22   42           0           0     -0.79484      0.67250      2.82836      3.01391      0.00000
   46  gamma              1        22   43           0           0     -0.09399      0.09677      0.36209      0.38640      0.00000
   47  gamma              1        22   43           0           0     -0.01172     -0.02222      0.31565      0.31665      0.00000
 ==================================================================================================================================
                   sum charge:  0.00   sum momentum and inv. mass:      0.00000     -0.00000    240.00000    260.00176    100.00458



                            Event listing (standard)

    I  particle/jet  K(I,1)   K(I,2) K(I,3)     K(I,4)      K(I,5)       P(I,1)       P(I,2)       P(I,3)       P(I,4)       P(I,5)

    1  !e-!              21        11    0           3           4      0.00000      0.00000    -10.00000     10.00000      0.00051
    2  !p+!              21      2212    0           5           0     -0.00000      0.00000    250.00000    250.00176      0.93827
 ==================================================================================================================================
    3  !e-!              21        11    1           0           0     -2.42110      2.30576     -9.05407      9.65166      0.00051
    4  !gamma!           21        22    1           0           0      2.42110     -2.30576     -0.94593      0.34834     -3.45712
    5  !p+!              21      2212    2           0           0     -0.00000      0.00000    250.00000    250.00176      0.93827
    6  !gamma!           21        22    4           0           0      2.42439     -2.30890     -0.93466      0.36137     -3.45712
    7  !u!               21         2    5           0           0     -0.00006      0.00006      4.61067      4.61067      0.00000
    8  !gamma!           21        22    6           0           0      2.42439     -2.30890     -0.93466      0.36137     -3.45712
    9  !u!               21         2    7           0           0     -0.00006      0.00006      4.61067      4.61067      0.00000
   10  !u!               21         2    9           0           0      2.42433     -2.30884      3.67601      4.97204      0.00000
 ==================================================================================================================================
   11  e-                 1        11    3           0           0     -2.42110      2.30576     -9.05407      9.65166      0.00051
   12  (u)           A   12         2   10          14          14      2.77857     -2.21626      4.22954      5.52461      0.00000
   13  (ud_0)        V   11      2101    5          14          14     -0.35748     -0.08951    244.82453    244.82550      0.57933
 ==================================================================================================================================
   14  (string)          11        92   12          15          21      2.42110     -2.30576    249.05407    250.35010     25.22030
   15  (rho0)            11       113   14          22          23      1.76342     -1.46537      3.02838      3.89974      0.88313
   16  (omega)           11       223   14          24          26      0.83079      0.25020      5.91008      6.02376      0.77708
   17  pi+                1       211   14           0           0      0.31621     -0.68943      1.13210      1.36983      0.13957
   18  (pi0)             11       111   14          27          28      0.32975     -0.39975      2.37303      2.43270      0.13498
   19  (rho-)            11      -213   14          29          30     -0.23801      0.21329     67.32831     67.33185      0.61112
   20  (rho0)            11       113   14          31          32     -0.60137     -0.24469     92.70264     92.70694      0.61327
   21  p+                 1      2212   14           0           0      0.02032      0.02999     76.57953     76.58529      0.93827
   22  pi-                1      -211   15           0           0      1.24931     -0.92119      2.58525      3.01867      0.13957
   23  pi+                1       211   15           0           0      0.51411     -0.54418      0.44313      0.88107      0.13957
   24  pi+                1       211   16           0           0      0.33065      0.18471      1.89256      1.93513      0.13957
   25  pi-                1      -211   16           0           0      0.37689     -0.06748      1.31545      1.37713      0.13957
   26  (pi0)             11       111   16          33          34      0.12325      0.13297      2.70206      2.71150      0.13498
   27  gamma              1        22   18           0           0      0.11849     -0.07772      0.46193      0.48317      0.00000
   28  gamma              1        22   18           0           0      0.21125     -0.32203      1.91110      1.94952      0.00000
   29  pi-                1      -211   19           0           0     -0.37741      0.00807     43.36662     43.36849      0.13957
   30  (pi0)             11       111   19          35          36      0.13940      0.20522     23.96169     23.96336      0.13498
   31  pi-                1      -211   20           0           0     -0.44804     -0.37762     77.15503     77.15739      0.13957
   32  pi+                1       211   20           0           0     -0.15334      0.13293     15.54761     15.54956      0.13957
   33  gamma              1        22   26           0           0      0.11637      0.02920      1.26359      1.26927      0.00000
   34  gamma              1        22   26           0           0      0.00688      0.10377      1.43848      1.44223      0.00000
   35  gamma              1        22   30           0           0      0.02836      0.14514      9.99775      9.99884      0.00000
   36  gamma              1        22   30           0           0      0.11104      0.06008     13.96394     13.96451      0.00000
 ==================================================================================================================================
                   sum charge:  0.00   sum momentum and inv. mass:     -0.00000      0.00000    240.00000    260.00176    100.00458



                            Event listing (standard)

    I  particle/jet  K(I,1)   K(I,2) K(I,3)     K(I,4)      K(I,5)       P(I,1)       P(I,2)       P(I,3)       P(I,4)       P(I,5)

    1  !e-!              21        11    0           3           4      0.00000      0.00000    -10.00000     10.00000      0.00051
    2  !p+!              21      2212    0           5           0     -0.00000      0.00000    250.00000    250.00176      0.93827
 ==================================================================================================================================
    3  !e-!              21        11    1           0           0      0.07661      3.72276     -8.49772      9.27772      0.00051
    4  !gamma!           21        22    1           0           0     -0.07661     -3.72276     -1.50228      0.72228     -3.94968
    5  !p+!              21      2212    2           0           0     -0.00000      0.00000    250.00000    250.00176      0.93827
    6  !phi_diff!        21   9900330    4           0           0     -0.19973     -3.95520      3.37317      5.59756      2.06661
    7  !p+!              21      2212    5           0           0      0.12312      0.23244    245.12455    245.12648      0.93827
 ==================================================================================================================================
    8  (s)           A   12         3    6          13          13     -0.07684     -1.51962      1.07370      1.92821      0.50000
    9  (g)           I   12        21    6          13          13      0.00036      0.00069      0.72121      0.72121      0.00000
   10  (sbar)        V   11        -3    6          13          13     -0.12325     -2.43628      1.57826      2.94814      0.50000
   11  p+                 1      2212    7           0           0      0.12312      0.23244    245.12455    245.12648      0.93827
   12  e-                 1        11    3           0           0      0.07661      3.72276     -8.49772      9.27772      0.00051
 ==================================================================================================================================
   13  (string)          11        92    8          14          15     -0.19973     -3.95520      3.37317      5.59756      2.06661
   14  (K*-)             11      -323   13          16          17      0.15812     -0.97858      1.05207      1.68602      0.86787
   15  (K*+)             11       323   13          18          19     -0.35785     -2.97662      2.32109      3.91154      0.96140
   16  (Kbar0)           11      -311   14          20          20     -0.07455     -0.90617      0.81687      1.31972      0.49767
   17  pi-                1      -211   14           0           0      0.23268     -0.07242      0.23520      0.36631      0.13957
   18  (K0)              11       311   15          21          21     -0.11546     -1.80431      1.00726      2.12864      0.49767
   19  pi+                1       211   15           0           0     -0.24239     -1.17231      1.31383      1.78289      0.13957
   20  (K_S0)            11       310   16          22          23     -0.07455     -0.90617      0.81687      1.31972      0.49767
   21  K_L0               1       130   18           0           0     -0.11546     -1.80431      1.00726      2.12864      0.49767
   22  pi-                1      -211   20           0           0     -0.14184     -0.65281      0.75243      1.01583      0.13957
   23  pi+                1       211   20           0           0      0.06728     -0.25336      0.06445      0.30389      0.13957
 ==================================================================================================================================
                   sum charge:  0.00   sum momentum and inv. mass:      0.00000      0.00000    240.00000    260.00176    100.00458



                            Event listing (standard)

    I  particle/jet  K(I,1)   K(I,2) K(I,3)     K(I,4)      K(I,5)       P(I,1)       P(I,2)       P(I,3)       P(I,4)       P(I,5)

    1  !e-!              21        11    0           3           4      0.00000      0.00000    -10.00000     10.00000      0.00051
    2  !p+!              21      2212    0           5           0     -0.00000      0.00000    250.00000    250.00176      0.93827
 ==================================================================================================================================
    3  !e-!              21        11    1           0           0      3.16334      0.37793     -8.20287      8.79981      0.00051
    4  !gamma!           21        22    1           0           0     -3.16334     -0.37793     -1.79713      1.20019     -3.45525
    5  !p+!              21      2212    2           0           0     -0.00000      0.00000    250.00000    250.00176      0.93827
    6  !gamma!           21        22    4           0           0     -3.16520     -0.37815     -1.79585      1.20324     -3.45525
    7  !cbar!            21        -4    5           0           0      0.00001      0.00000      1.99039      1.99039      0.00000
    8  !gamma!           21        22    6           0           0     -3.16520     -0.37815     -1.79585      1.20324     -3.45525
    9  !cbar!            21        -4    7           0           0      0.00001      0.00000      1.99039      1.99039      0.00000
   10  !cbar!            21        -4    9           0           0     -3.16519     -0.37815      0.19454      3.19363      0.00000
 ==================================================================================================================================
   11  (Lambda_c+)       11      4122    5          16          17     -0.20225     -0.32338    188.89544    188.90964      2.28490
   12  e-                 1        11    3           0           0      3.16334      0.37793     -8.20287      8.79981      0.00051
   13  (u)           A   12         2    5          18          18      0.07229     -0.14274     58.86790     58.86904      0.33000
   14  (g)           I   12        21   10          18          18     -0.42252      0.59591      0.16889      0.74977      0.00000
   15  (cbar)        V   11        -4   10          18          18     -2.61086     -0.50772      0.27065      2.67351      0.00000
 ==================================================================================================================================
   16  (Sigma0)          11      3212   11          26          27     -0.28181     -0.06581    141.49708    141.50240      1.19255
   17  (rho+)            11       213   11          28          29      0.07956     -0.25756     47.39836     47.40724      0.87718
   18  (string)          11        92   13          19          25     -2.96109     -0.05455     59.30743     62.29231     18.81993
   19  (omega)           11       223   18          30          32     -0.19869      0.24889     38.43422     38.44353      0.78375
   20  pi+                1       211   18           0           0      0.23477     -0.07976      1.79344      1.81587      0.13957
   21  (pi0)             11       111   18          33          34      0.24398     -0.29740     14.16585     14.17172      0.13498
   22  pi-                1      -211   18           0           0     -0.09675      0.84433      2.16286      2.32802      0.13957
   23  (rho0)            11       113   18          35          36     -0.56345     -0.74581      1.38833      1.91660      0.93392
   24  pi+                1       211   18           0           0     -0.55325     -0.03592      0.08845      0.57851      0.13957
   25  (D-)              11      -411   18          37          40     -2.02770      0.01113      1.27428      3.03805      1.86930
   26  (Lambda0)         11      3122   16          41          42     -0.33406     -0.03810    136.43294    136.43792      1.11568
   27  gamma              1        22   16           0           0      0.05225     -0.02772      5.06414      5.06448      0.00000
   28  pi+                1       211   17           0           0      0.02143     -0.13124      2.19037      2.19884      0.13957
   29  (pi0)             11       111   17          43          44      0.05813     -0.12632     45.20798     45.20840      0.13498
   30  pi-                1      -211   19           0           0     -0.29570     -0.04101     22.19351     22.19596      0.13957
   31  pi+                1       211   19           0           0      0.11069      0.14991     12.13932     12.14155      0.13957
   32  (pi0)             11       111   19          45          46     -0.01368      0.13999      4.10140      4.10603      0.13498
   33  gamma              1        22   21           0           0      0.25974     -0.29131     13.70063     13.70619      0.00000
   34  gamma              1        22   21           0           0     -0.01576     -0.00609      0.46522      0.46553      0.00000
   35  pi-                1      -211   23           0           0      0.14749     -0.25968      0.79735      0.86280      0.13957
   36  pi+                1       211   23           0           0     -0.71094     -0.48613      0.59098      1.05380      0.13957
   37  mu-                1        13   25           0           0      0.00130      0.01574     -0.19325      0.22082      0.10566
   38  nu_mubar           1       -14   25           0           0     -1.08087     -0.24578      0.49485      1.21390      0.00000
   39  (K0)              11       311   25          47          47     -0.84090      0.10655      0.54730      1.12502      0.49767
   40  (pi0)             11       111   25          48          49     -0.10724      0.13461      0.42538      0.47831      0.13498
   41  p+                 1      2212   26           0           0     -0.36069      0.03001    120.53360    120.53779      0.93827
   42  pi-                1      -211   26           0           0      0.02663     -0.06810     15.89935     15.90013      0.13957
   43  gamma              1        22   29           0           0      0.01975     -0.00554     25.48191     25.48192      0.00000
   44  gamma              1        22   29           0           0      0.03838     -0.12078     19.72607     19.72648      0.00000
   45  gamma              1        22   32           0           0      0.03046     -0.01148      0.42424      0.42548      0.00000
   46  gamma              1        22   32           0           0     -0.04415      0.15147      3.67716      3.68054      0.00000
   47  K_L0               1       130   39           0           0     -0.84090      0.10655      0.54730      1.12502      0.49767
   48  gamma              1        22   40           0           0     -0.06092     -0.01319      0.09793      0.11608      0.00000
   49  gamma              1        22   40           0           0     -0.04632      0.14780      0.32745      0.36223      0.00000
 ==================================================================================================================================
                   sum charge:  0.00   sum momentum and inv. mass:      0.00000      0.00000    240.00000    260.00176    100.00458



                            Event listing (standard)

    I  particle/jet  K(I,1)   K(I,2) K(I,3)     K(I,4)      K(I,5)       P(I,1)       P(I,2)       P(I,3)       P(I,4)       P(I,5)

    1  !e-!              21        11    0           3           4      0.00000      0.00000    -10.00000     10.00000      0.00051
    2  !p+!              21      2212    0           5           0     -0.00000      0.00000    250.00000    250.00176      0.93827
 ==================================================================================================================================
    3  !e-!              21        11    1           0           0     -2.58649     -2.87030     -9.57037     10.32088      0.00051
    4  !gamma!           21        22    1           0           0      2.58649      2.87030     -0.42963     -0.32088     -3.87430
    5  !p+!              21      2212    2           0           0     -0.00000     -0.00000    250.00000    250.00176      0.93827
    6  !gamma!           21        22    4           0           0      2.62782      2.91616      1.75115      1.86165     -3.87430
    7  !u!               21         2    5           0           0     -0.01123     -0.01246     67.32012     67.32013      0.00000
    8  !gamma!           21        22    6           0           0      2.62782      2.91616      1.75115      1.86165     -3.87430
    9  !u!               21         2    7           0           0     -0.01123     -0.01246     67.32012     67.32013      0.00000
   10  !u!               21         2    9           0           0      2.61659      2.90370     69.07127     69.18178      0.00000
 ==================================================================================================================================
   11  e-                 1        11    3           0           0     -2.58649     -2.87030     -9.57037     10.32088      0.00051
   12  (ud_0)        A   12      2101    5          15          15      0.15327      0.45070    178.88867    178.89024      0.57933
   13  (g)           I   12        21   10          15          15      0.90604      1.98571     30.73353     30.81094      0.00000
   14  (u)           V   11         2   10          15          15      1.52719      0.43389     39.94817     39.97970      0.00000
 ==================================================================================================================================
   15  (string)          11        92   12          16          20      2.58649      2.87030    249.57037    249.68088      6.34392
   16  n0                 1      2112   15           0           0     -0.00075      0.66745    144.20630    144.21090      0.93957
   17  (pi0)             11       111   15          21          22      0.03221      0.31639     36.97898     36.98059      0.13498
   18  (rho+)            11       213   15          23          24      1.15794      0.68826     26.06841     26.11666      0.83886
   19  K-                 1      -321   15           0           0      1.06677      0.57033     27.18530     27.21667      0.49360
   20  K+                 1       321   15           0           0      0.33031      0.62786     15.13140     15.15606      0.49360
   21  gamma              1        22   17           0           0      0.00905      0.30358     29.42183     29.42339      0.00000
   22  gamma              1        22   17           0           0      0.02317      0.01282      7.55715      7.55719      0.00000
   23  pi+                1       211   18           0           0      0.54803      0.71013     11.95266     11.98709      0.13957
   24  (pi0)             11       111   18          25          26      0.60991     -0.02186     14.11574     14.12957      0.13498
   25  gamma              1        22   24           0           0      0.12870     -0.00607      1.91071      1.91505      0.00000
   26  gamma              1        22   24           0           0      0.48122     -0.01579     12.20503     12.21452      0.00000
 ==================================================================================================================================
                   sum charge:  0.00   sum momentum and inv. mass:     -0.00000     -0.00000    240.00000    260.00176    100.00458



                            Event listing (standard)

    I  particle/jet  K(I,1)   K(I,2) K(I,3)     K(I,4)      K(I,5)       P(I,1)       P(I,2)       P(I,3)       P(I,4)       P(I,5)

    1  !e-!              21        11    0           3           4      0.00000      0.00000    -10.00000     10.00000      0.00051
    2  !p+!              21      2212    0           5           0     -0.00000      0.00000    250.00000    250.00176      0.93827
 ==================================================================================================================================
    3  !e-!              21        11    1           0           0      1.36661      4.08829     -9.22609     10.18344      0.00051
    4  !gamma!           21        22    1           0           0     -1.36661     -4.08829     -0.77391     -0.18344     -4.37573
    5  !p+!              21      2212    2           0           0     -0.00000      0.00000    250.00000    250.00176      0.93827
    6  !gamma!           21        22    4           0           0     -1.37068     -4.10047     -0.67972     -0.08749     -4.37573
    7  !u!               21         2    5           0           0      0.00026      0.00079     16.15929     16.15929      0.00000
    8  !gamma!           21        22    6           0           0     -1.37068     -4.10047     -0.67972     -0.08749     -4.37573
    9  !u!               21         2    7           0           0      0.00026      0.00079     16.15929     16.15929      0.00000
   10  !u!               21         2    9           0           0     -1.37041     -4.09968     15.47957     16.07179      0.00000
 ==================================================================================================================================
   11  e-                 1        11    3           0           0      1.36661      4.08829     -9.22609     10.18344      0.00051
   12  (ud_0)        A   12      2101    5          16          16      0.17902      0.24148    226.04248    226.04342      0.57933
   13  (g)           I   12        21   10          16          16      0.29143     -1.03329      2.47352      2.69646      0.00000
   14  (g)           I   12        21   10          16          16     -0.80985     -1.69568      7.48582      7.71808      0.00000
   15  (u)           V   11         2   10          16          16     -1.02719     -1.60081     13.22427     13.36035      0.00000
 ==================================================================================================================================
   16  (string)          11        92   12          17          23     -1.36661     -4.08829    249.22609    249.81832     16.64224
   17  p+                 1      2212   16           0           0     -0.15284      0.14109    194.89225    194.89461      0.93827
   18  pi-                1      -211   16           0           0      0.39307      0.26163     10.34433     10.35604      0.13957
   19  (rho+)            11       213   16          24          25      0.08924     -0.43768     11.67026     11.70980      0.85152
   20  (rho-)            11      -213   16          26          27      0.06321     -0.43586     10.33494     10.37662      0.81802
   21  (rho+)            11       213   16          28          29     -0.20483     -1.38733      7.64278      7.80617      0.74670
   22  (omega)           11       223   16          30          32     -1.02967     -0.89049      6.84137      7.01855      0.77621
   23  (eta)             11       221   16          33          35     -0.52479     -1.33966      7.50017      7.65652      0.54745
   24  pi+                1       211   19           0           0      0.03742     -0.28870      1.37262      1.41008      0.13957
   25  (pi0)             11       111   19          36          37      0.05182     -0.14898     10.29763     10.29972      0.13498
   26  pi-                1      -211   20           0           0      0.41564     -0.19454      5.05679      5.07949      0.13957
   27  (pi0)             11       111   20          38          39     -0.35243     -0.24132      5.27816      5.29713      0.13498
   28  pi+                1       211   21           0           0      0.22699     -0.71801      4.25658      4.32493      0.13957
   29  (pi0)             11       111   21          40          41     -0.43182     -0.66932      3.38619      3.48123      0.13498
   30  pi+                1       211   22           0           0     -0.47748     -0.28161      1.91525      1.99874      0.13957
   31  pi-                1      -211   22           0           0     -0.38651     -0.62409      3.63108      3.70717      0.13957
   32  (pi0)             11       111   22          42          43     -0.16567      0.01521      1.29503      1.31263      0.13498
   33  (pi0)             11       111   23          44          45     -0.12970     -0.45047      1.82334      1.88747      0.13498
   34  (pi0)             11       111   23          46          47     -0.05201     -0.21773      1.45374      1.47706      0.13498
   35  (pi0)             11       111   23          48          49     -0.34308     -0.67146      4.22309      4.29200      0.13498
   36  gamma              1        22   25           0           0      0.09513     -0.11900      6.88018      6.88187      0.00000
   37  gamma              1        22   25           0           0     -0.04331     -0.02998      3.41745      3.41786      0.00000
   38  gamma              1        22   27           0           0      0.00857      0.00308      0.23200      0.23217      0.00000
   39  gamma              1        22   27           0           0     -0.36099     -0.24440      5.04616      5.06496      0.00000
   40  gamma              1        22   29           0           0     -0.12503     -0.23277      1.39423      1.41905      0.00000
   41  gamma              1        22   29           0           0     -0.30680     -0.43655      1.99196      2.06219      0.00000
   42  gamma              1        22   32           0           0      0.01313     -0.02388      0.09908      0.10276      0.00000
   43  gamma              1        22   32           0           0     -0.17880      0.03909      1.19595      1.20987      0.00000
   44  gamma              1        22   33           0           0     -0.05628     -0.05010      0.19580      0.20980      0.00000
   45  gamma              1        22   33           0           0     -0.07342     -0.40037      1.62754      1.67767      0.00000
   46  gamma              1        22   34           0           0     -0.06936     -0.16123      0.72583      0.74675      0.00000
   47  gamma              1        22   34           0           0      0.01735     -0.05650      0.72791      0.73031      0.00000
   48  gamma              1        22   35           0           0     -0.11905     -0.11687      0.83105      0.84763      0.00000
   49  gamma              1        22   35           0           0     -0.22403     -0.55459      3.39204      3.44437      0.00000
 ==================================================================================================================================
                   sum charge:  0.00   sum momentum and inv. mass:      0.00000      0.00000    240.00000    260.00176    100.00458



                            Event listing (standard)

    I  particle/jet  K(I,1)   K(I,2) K(I,3)     K(I,4)      K(I,5)       P(I,1)       P(I,2)       P(I,3)       P(I,4)       P(I,5)

    1  !e-!              21        11    0           3           4      0.00000      0.00000    -10.00000     10.00000      0.00051
    2  !p+!              21      2212    0           5           0     -0.00000      0.00000    250.00000    250.00176      0.93827
 ==================================================================================================================================
    3  !e-!              21        11    1           0           0      4.39715     -1.22420     -9.38014     10.43171      0.00051
    4  !gamma!           21        22    1           0           0     -4.39715      1.22420     -0.61986     -0.43171     -4.58601
    5  !p+!              21      2212    2           0           0      0.00000     -0.00000    250.00000    250.00176      0.93827
    6  !gamma!           21        22    4           0           0     -4.43805      1.23559      0.40916      0.59906     -4.58601
    7  !cbar!            21        -4    5           0           0      0.00906     -0.00252     55.14600     55.14600      0.00000
    8  !gamma!           21        22    6           0           0     -4.43805      1.23559      0.40916      0.59906     -4.58601
    9  !cbar!            21        -4    7           0           0      0.00906     -0.00252     55.14600     55.14600      0.00000
   10  !cbar!            21        -4    9           0           0     -4.42899      1.23306     55.55516     55.74506      0.00000
 ==================================================================================================================================
   11  (Sigma*_c++)      11      4224    5          16          17     -0.46056      0.95195    168.29574    168.31763      2.50000
   12  e-                 1        11    3           0           0      4.39715     -1.22420     -9.38014     10.43171      0.00051
   13  (d)           A   12         1    5          18          18     -0.18025     -0.38655     29.14748     29.15247      0.33000
   14  (g)           I   12        21   10          18          18     -0.82340      0.77562     18.44314     18.47780      0.00000
   15  (cbar)        V   11        -4   10          18          18     -2.93294     -0.11683     33.49378     33.62215      0.00000
 ==================================================================================================================================
   16  (Lambda_c+)       11      4122   11          21          23     -0.45870      0.89642    145.73227    145.75366      2.28490
   17  pi+                1       211   11           0           0     -0.00186      0.05553     22.56347     22.56397      0.13957
   18  (string)          11        92   13          19          20     -3.93659      0.27225     81.08440     81.25242      3.42119
   19  (pi0)             11       111   18          24          25     -0.14329     -0.41543     23.35942     23.36394      0.13498
   20  (D*-)             11      -413   18          26          27     -3.79330      0.68768     57.72499     57.88848      2.01000
   21  pi+                1       211   16           0           0     -0.18706     -0.13590     14.30785     14.31040      0.13957
   22  (omega)           11       223   16          28          29     -0.26353      0.41128     45.52556     45.53491      0.78286
   23  (Lambda0)         11      3122   16          30          31     -0.00812      0.62103     85.89886     85.90835      1.11568
   24  gamma              1        22   19           0           0      0.00416     -0.00735      0.07390      0.07438      0.00000
   25  gamma              1        22   19           0           0     -0.14744     -0.40808     23.28551     23.28956      0.00000
   26  (D-)              11      -411   20          32          34     -3.52745      0.62286     53.18741     53.34066      1.86930
   27  (pi0)             11       111   20          35          36     -0.26586      0.06481      4.53758      4.54783      0.13498
   28  gamma              1        22   22           0           0     -0.51544      0.26566     33.75713     33.76211      0.00000
   29  (pi0)             11       111   22          37          38      0.25192      0.14562     11.76843     11.77280      0.13498
   30  p+                 1      2212   23           0           0      0.00765      0.62178     79.35571     79.36369      0.93827
   31  pi-                1      -211   23           0           0     -0.01577     -0.00075      6.54315      6.54466      0.13957
   32  e-                 1        11   26           0           0     -1.01467      0.46693     17.22239     17.25857      0.00051
   33  nu_ebar            1       -12   26           0           0     -0.35249      0.32797      3.46861      3.50187      0.00000
   34  (K*0)             11       313   26          39          40     -2.16029     -0.17203     32.49640     32.58021      0.87039
   35  gamma              1        22   27           0           0     -0.04133      0.03253      1.83202      1.83277      0.00000
   36  gamma              1        22   27           0           0     -0.22453      0.03228      2.70557      2.71506      0.00000
   37  gamma              1        22   29           0           0      0.15104      0.08167      4.31714      4.32055      0.00000
   38  gamma              1        22   29           0           0      0.10088      0.06395      7.45129      7.45225      0.00000
   39  (K0)              11       311   34          41          41     -0.83613     -0.08908     16.12852     16.15809      0.49767
   40  (pi0)             11       111   34          42          43     -1.32416     -0.08296     16.36788     16.42212      0.13498
   41  (K_S0)            11       310   39          44          45     -0.83613     -0.08908     16.12852     16.15809      0.49767
   42  gamma              1        22   40           0           0     -0.55496     -0.02281      6.05742      6.08283      0.00000
   43  gamma              1        22   40           0           0     -0.76920     -0.06015     10.31047     10.33929      0.00000
   44  pi-                1      -211   41           0           0     -0.31949     -0.22654      8.01599      8.02677      0.13957
   45  pi+                1       211   41           0           0     -0.51664      0.13747      8.11253      8.13132      0.13957
 ==================================================================================================================================
                   sum charge:  0.00   sum momentum and inv. mass:      0.00000     -0.00000    240.00000    260.00176    100.00458



                            Event listing (standard)

    I  particle/jet  K(I,1)   K(I,2) K(I,3)     K(I,4)      K(I,5)       P(I,1)       P(I,2)       P(I,3)       P(I,4)       P(I,5)

    1  !e-!              21        11    0           3           4      0.00000      0.00000    -10.00000     10.00000      0.00051
    2  !p+!              21      2212    0           5           0     -0.00000      0.00000    250.00000    250.00176      0.93827
 ==================================================================================================================================
    3  !e-!              21        11    1           0           0     -2.51460     -2.25336     -8.16314      8.83389      0.00051
    4  !gamma!           21        22    1           0           0      2.51460      2.25336     -1.83686      1.16611     -3.66267
    5  !p+!              21      2212    2           0           0     -0.00000     -0.00000    250.00000    250.00176      0.93827
    6  !gamma!           21        22    4           0           0      2.51608      2.25468     -1.83532      1.16941     -3.66267
    7  !ubar!            21        -2    5           0           0     -0.00001     -0.00001      2.23231      2.23231      0.00000
    8  !gamma!           21        22    6           0           0      2.51608      2.25468     -1.83532      1.16941     -3.66267
    9  !ubar!            21        -2    7           0           0     -0.00001     -0.00001      2.23231      2.23231      0.00000
   10  !ubar!            21        -2    9           0           0      2.51606      2.25467      0.39699      3.40172      0.00000
 ==================================================================================================================================
   11  p+                 1      2212    5           0           0     -0.12871     -0.11008     81.36335     81.36893      0.93827
   12  e-                 1        11    3           0           0     -2.51460     -2.25336     -8.16314      8.83389      0.00051
   13  (u)           A   12         2    5          16          16      0.16269     -0.16183    164.36024    164.36073      0.33000
   14  (g)           I   12        21   10          16          16      0.36052     -0.81894      0.55571      1.05330      0.00000
   15  (ubar)        V   11        -2   10          16          16      2.12010      3.34421      1.88385      4.38491      0.00000
 ==================================================================================================================================
   16  (string)          11        92   13          17          26      2.64331      2.36344    166.79979    169.79893     31.57428
   17  (omega)           11       223   16          27          29      0.08518      0.08271     76.90626     76.91032      0.78116
   18  (omega)           11       223   16          30          32      0.01161     -0.41232     49.02396     49.03194      0.78297
   19  p+                 1      2212   16           0           0      0.14734      0.07536     10.68549     10.72788      0.93827
   20  nbar0              1     -2112   16           0           0     -0.06314     -0.22494     12.37353     12.41135      0.93957
   21  (K*0)             11       313   16          33          34      0.00905      0.05327      5.14880      5.23307      0.93379
   22  (K*-)             11      -323   16          35          36      0.30376      0.07589      2.78057      2.95027      0.93514
   23  (Delta+)          11      2214   16          37          38     -0.21323      0.14664      4.94877      5.10903      1.24291
   24  (Deltabar0)       11     -2114   16          39          40      0.68666      0.26214      2.36282      2.72956      1.15213
   25  (rho0)            11       113   16          41          42      0.16238      0.13137      1.24896      1.61654      1.00483
   26  (rho-)            11      -213   16          43          44      1.51370      2.17333      1.32063      3.07896      0.84930
   27  pi+                1       211   17           0           0      0.07811     -0.06158      8.38426      8.38601      0.13957
   28  pi-                1      -211   17           0           0     -0.12470      0.16581     15.91041     15.91237      0.13957
   29  (pi0)             11       111   17          45          46      0.13177     -0.02152     52.61160     52.61194      0.13498
   30  pi-                1      -211   18           0           0     -0.12384     -0.13479     26.47849     26.47949      0.13957
   31  pi+                1       211   18           0           0      0.14083     -0.15991     19.53600     19.53766      0.13957
   32  (pi0)             11       111   18          47          49     -0.00538     -0.11763      3.00946      3.01479      0.13498
   33  K+                 1       321   21           0           0      0.24457      0.17448      2.42643      2.49429      0.49360
   34  pi-                1      -211   21           0           0     -0.23552     -0.12121      2.72237      2.73878      0.13957
   35  K-                 1      -321   22           0           0      0.38231      0.29963      1.69679      1.83267      0.49360
   36  (pi0)             11       111   22          50          51     -0.07856     -0.22374      1.08378      1.11760      0.13498
   37  p+                 1      2212   23           0           0     -0.12760      0.20406      2.99189      3.14479      0.93827
   38  (pi0)             11       111   23          52          53     -0.08563     -0.05742      1.95688      1.96424      0.13498
   39  nbar0              1     -2112   24           0           0      0.69563      0.14170      1.93781      2.26757      0.93957
   40  (pi0)             11       111   24          54          55     -0.00897      0.12044      0.42501      0.46199      0.13498
   41  pi+                1       211   25           0           0     -0.09975      0.21409     -0.05229      0.27928      0.13957
   42  pi-                1      -211   25           0           0      0.26212     -0.08272      1.30124      1.33726      0.13957
   43  pi-                1      -211   26           0           0      0.83242      0.54055      0.56336      1.14977      0.13957
   44  (pi0)             11       111   26          56          57      0.68127      1.63278      0.75727      1.92919      0.13498
   45  gamma              1        22   29           0           0      0.10086     -0.04072     49.64942     49.64954      0.00000
   46  gamma              1        22   29           0           0      0.03090      0.01920      2.96218      2.96240      0.00000
   47  gamma              1        22   32           0           0      0.02873      0.01868      0.38878      0.39029      0.00000
   48  e-                 1        11   32           0           0     -0.02595     -0.10928      1.96045      1.96366      0.00051
   49  e+                 1       -11   32           0           0     -0.00816     -0.02703      0.66024      0.66084      0.00051
   50  gamma              1        22   36           0           0     -0.01566     -0.20000      0.89500      0.91720      0.00000
   51  gamma              1        22   36           0           0     -0.06289     -0.02374      0.18878      0.20039      0.00000
   52  gamma              1        22   38           0           0     -0.04427     -0.09332      0.89390      0.89985      0.00000
   53  gamma              1        22   38           0           0     -0.04136      0.03590      1.06298      1.06439      0.00000
   54  gamma              1        22   40           0           0     -0.05737      0.01300      0.19315      0.20191      0.00000
   55  gamma              1        22   40           0           0      0.04840      0.10743      0.23186      0.26008      0.00000
   56  gamma              1        22   44           0           0      0.63518      1.41213      0.67662      1.68979      0.00000
   57  gamma              1        22   44           0           0      0.04610      0.22064      0.08065      0.23940      0.00000
 ==================================================================================================================================
                   sum charge:  0.00   sum momentum and inv. mass:      0.00000     -0.00000    240.00000    260.00176    100.00458



                            Event listing (standard)

    I  particle/jet  K(I,1)   K(I,2) K(I,3)     K(I,4)      K(I,5)       P(I,1)       P(I,2)       P(I,3)       P(I,4)       P(I,5)

    1  !e-!              21        11    0           3           4      0.00000      0.00000    -10.00000     10.00000      0.00051
    2  !p+!              21      2212    0           5           0     -0.00000      0.00000    250.00000    250.00176      0.93827
 ==================================================================================================================================
    3  !e-!              21        11    1           0           0      4.33363      0.77897     -9.37311     10.35579      0.00051
    4  !gamma!           21        22    1           0           0     -4.33363     -0.77897     -0.62689     -0.35579     -4.43323
    5  !p+!              21      2212    2           0           0      0.00000      0.00000    250.00000    250.00176      0.93827
    6  !gamma!           21        22    4           0           0     -4.36169     -0.78402     -0.16295      0.10991     -4.43323
    7  !d!               21         1    5           0           0      0.00404      0.00073     35.94716     35.94716      0.00000
    8  !gamma!           21        22    6           0           0     -4.36169     -0.78402     -0.16295      0.10991     -4.43323
    9  !d!               21         1    7           0           0      0.00404      0.00073     35.94716     35.94716      0.00000
   10  !d!               21         1    9           0           0     -4.35765     -0.78329     35.78421     36.05707      0.00000
 ==================================================================================================================================
   11  e-                 1        11    3           0           0      4.33363      0.77897     -9.37311     10.35579      0.00051
   12  (uu_1)        A   12      2203    5          15          15     -0.04660      0.25023    163.11272    163.11474      0.77133
   13  (g)           I   12        21   10          15          15     -3.18382     -0.74758     83.22647     83.29070      0.00000
   14  (d)           V   11         1   10          15          15     -1.10320     -0.28162      3.03393      3.24054      0.00000
 ==================================================================================================================================
   15  (string)          11        92   12          16          21     -4.33363     -0.77897    249.37311    249.64597     10.80631
   16  (Delta++)         11      2224   15          22          23     -0.75924      0.03745    122.23535    122.24420      1.25879
   17  (rho-)            11      -213   15          24          25      0.33275     -0.58107     41.59854     41.61051      0.73982
   18  nbar0              1     -2112   15           0           0     -1.83972      0.28352     44.75496     44.80351      0.93957
   19  (Delta+)          11      2214   15          26          27     -0.83345      0.26779     31.24094     31.27815      1.24902
   20  (rho-)            11      -213   15          28          29     -0.76245     -0.84451      7.64566      7.74874      0.54078
   21  (pi0)             11       111   15          30          31     -0.47150      0.05784      1.89766      1.96086      0.13498
   22  p+                 1      2212   16           0           0     -0.64165      0.25298     88.46574     88.47341      0.93827
   23  pi+                1       211   16           0           0     -0.11759     -0.21553     33.76961     33.77079      0.13957
   24  pi-                1      -211   17           0           0     -0.12326      0.06285      8.89534      8.89752      0.13957
   25  (pi0)             11       111   17          32          33      0.45600     -0.64392     32.70319     32.71299      0.13498
   26  p+                 1      2212   19           0           0     -0.70261      0.08962     20.20444     20.23862      0.93827
   27  (pi0)             11       111   19          34          35     -0.13085      0.17817     11.03650     11.03954      0.13498
   28  pi-                1      -211   20           0           0     -0.57067     -0.29376      3.67914      3.73732      0.13957
   29  (pi0)             11       111   20          36          37     -0.19178     -0.55074      3.96651      4.01143      0.13498
   30  gamma              1        22   21           0           0     -0.46268      0.08031      1.79590      1.85628      0.00000
   31  gamma              1        22   21           0           0     -0.00883     -0.02247      0.10176      0.10459      0.00000
   32  gamma              1        22   25           0           0      0.12498     -0.08911      5.67724      5.67932      0.00000
   33  gamma              1        22   25           0           0      0.33102     -0.55481     27.02595     27.03367      0.00000
   34  gamma              1        22   27           0           0     -0.10065      0.04537      6.67489      6.67580      0.00000
   35  gamma              1        22   27           0           0     -0.03019      0.13281      4.36161      4.36374      0.00000
   36  gamma              1        22   29           0           0     -0.07737     -0.40608      2.83492      2.86490      0.00000
   37  gamma              1        22   29           0           0     -0.11441     -0.14466      1.13160      1.14653      0.00000
 ==================================================================================================================================
                   sum charge:  0.00   sum momentum and inv. mass:      0.00000      0.00000    240.00000    260.00176    100.00458



                            Event listing (standard)

    I  particle/jet  K(I,1)   K(I,2) K(I,3)     K(I,4)      K(I,5)       P(I,1)       P(I,2)       P(I,3)       P(I,4)       P(I,5)

    1  !e-!              21        11    0           3           4      0.00000      0.00000    -10.00000     10.00000      0.00051
    2  !p+!              21      2212    0           5           0     -0.00000      0.00000    250.00000    250.00176      0.93827
 ==================================================================================================================================
    3  !e-!              21        11    1           0           0     -4.34581     -4.16505     -8.81034     10.67032      0.00051
    4  !gamma!           21        22    1           0           0      4.34581      4.16505     -1.18966     -0.67032     -6.09915
    5  !p+!              21      2212    2           0           0     -0.00000     -0.00000    250.00000    250.00176      0.93827
    6  !gamma!           21        22    4           0           0      4.36053      4.17915     -0.95160     -0.43050     -6.09915
    7  !u!               21         2    5           0           0     -0.00210     -0.00201     35.66010     35.66010      0.00000
    8  !gamma!           21        22    6           0           0      4.36053      4.17915     -0.95160     -0.43050     -6.09915
    9  !u!               21         2    7           0           0     -0.00210     -0.00201     35.66010     35.66010      0.00000
   10  !u!               21         2    9           0           0      4.35843      4.17713     34.70850     35.22959      0.00000
 ==================================================================================================================================
   11  e-                 1        11    3           0           0     -4.34581     -4.16505     -8.81034     10.67032      0.00051
   12  (ud_0)        A   12      2101    5          16          16     -0.09741     -0.07216    196.90786    196.90875      0.57933
   13  (g)           I   12        21   10          16          16      2.40411      1.14446     29.10694     29.22847      0.00000
   14  (g)           I   12        21   10          16          16      1.33514      0.85073     14.03380     14.12281      0.00000
   15  (u)           V   11         2   10          16          16      0.70397      2.24202      8.76174      9.07140      0.00000
 ==================================================================================================================================
   16  (string)          11        92   12          17          23      4.34581      4.16505    248.81034    249.33144     14.94474
   17  p+                 1      2212   16           0           0      0.32779     -0.20844     77.66148     77.66812      0.93827
   18  (Deltabar--)      11     -2224   16          24          25     -0.35857      0.60972    101.68108    101.69136      1.26079
   19  (Delta++)         11      2224   16          26          27      1.65181      0.40658     34.02225     34.08439      1.15689
   20  (eta)             11       221   16          28          30     -0.02872      0.69528      4.23736      4.32888      0.54745
   21  pi-                1      -211   16           0           0      0.84121      0.48172     12.33393     12.37275      0.13957
   22  (omega)           11       223   16          31          33      1.46809      1.72415     14.96918     15.15971      0.78256
   23  (rho+)            11       213   16          34          35      0.44421      0.45603      3.90506      4.02623      0.74551
   24  pbar-              1     -2212   18           0           0     -0.24231      0.19964     64.88504     64.89258      0.93827
   25  pi-                1      -211   18           0           0     -0.11626      0.41007     36.79604     36.79877      0.13957
   26  p+                 1      2212   19           0           0      1.13734      0.22836     25.53135     25.57491      0.93827
   27  pi+                1       211   19           0           0      0.51447      0.17822      8.49090      8.50949      0.13957
   28  (pi0)             11       111   20          36          37      0.00349      0.19293      1.81767      1.83286      0.13498
   29  (pi0)             11       111   20          38          39      0.07625      0.33686      1.36545      1.41491      0.13498
   30  (pi0)             11       111   20          40          41     -0.10847      0.16549      1.05424      1.08111      0.13498
   31  pi-                1      -211   22           0           0      0.67144      0.74712      6.23692      6.31884      0.13957
   32  pi+                1       211   22           0           0      0.20641      0.19147      3.59773      3.61143      0.13957
   33  (pi0)             11       111   22          42          43      0.59024      0.78555      5.13452      5.22944      0.13498
   34  pi+                1       211   23           0           0      0.42282      0.59386      3.48965      3.56771      0.13957
   35  (pi0)             11       111   23          44          45      0.02139     -0.13783      0.41541      0.45852      0.13498
   36  gamma              1        22   28           0           0     -0.01204      0.20572      1.75455      1.76661      0.00000
   37  gamma              1        22   28           0           0      0.01553     -0.01280      0.06312      0.06625      0.00000
   38  gamma              1        22   29           0           0      0.04503      0.29644      1.28575      1.32025      0.00000
   39  gamma              1        22   29           0           0      0.03122      0.04041      0.07970      0.09466      0.00000
   40  gamma              1        22   30           0           0     -0.10600      0.18134      1.03482      1.05593      0.00000
   41  gamma              1        22   30           0           0     -0.00247     -0.01584      0.01941      0.02518      0.00000
   42  gamma              1        22   33           0           0      0.38280      0.52844      3.06251      3.13126      0.00000
   43  gamma              1        22   33           0           0      0.20744      0.25711      2.07201      2.09818      0.00000
   44  gamma              1        22   35           0           0     -0.04833     -0.02212      0.07201      0.08950      0.00000
   45  gamma              1        22   35           0           0      0.06972     -0.11571      0.34340      0.36902      0.00000
 ==================================================================================================================================
                   sum charge:  0.00   sum momentum and inv. mass:     -0.00000     -0.00000    240.00000    260.00176    100.00458

 Advisory warning: maximum violated by  1.095D+00 in event      96
 XSEC(96,1) increased to  1.590D-02

 Advisory warning: maximum violated by  1.226D+00 in event     569
 XSEC(96,1) increased to  1.949D-02

 Advisory warning: maximum violated by  1.279D+00 in event     593
 XSEC(96,1) increased to  2.493D-02

 Advisory warning: maximum violated by  2.245D+00 in event     604
 XSEC(96,1) increased to  5.596D-02

 Advisory warning: maximum violated by  1.038D+00 in event    1880
 XSEC(96,1) increased to  5.808D-02

 Advisory warning: maximum violated by  2.182D+00 in event    2410
 XSEC(96,1) increased to  1.267D-01
1********* PYSTAT:  Statistics on Number of Events and Cross-sections *********

 ==============================================================================
 I                                  I                            I            I
 I            Subprocess            I      Number of points      I    Sigma   I
 I                                  I                            I            I
 I----------------------------------I----------------------------I    (mb)    I
 I                                  I                            I            I
 I N:o Type                         I    Generated         Tried I            I
 I                                  I                            I            I
 ==============================================================================
 I                                  I                            I            I
 I   0 All included subprocesses    I       500000      70223296 I  5.976D-05 I
 I  11 f + f' -> f + f' (QCD)       I         2501             0 I  3.997D-07 I
 I  12 f + fbar -> f' + fbar'       I           45             0 I  7.540D-09 I
 I  13 f + fbar -> g + g            I           44             0 I  6.934D-09 I
 I  28 f + g -> f + g               I         6165             0 I  9.573D-07 I
 I  53 g + g -> f + fbar            I           88             0 I  1.289D-08 I
 I  68 g + g -> g + g               I         2952             0 I  4.334D-07 I
 I  91 Elastic scattering           I         7048       4933577 I  8.140D-07 I
 I  92 Single diffractive (XB)      I         3320       3609876 I  3.914D-07 I
 I  93 Single diffractive (AX)      I         2396       2921358 I  2.796D-07 I
 I  94 Double  diffractive          I         2092       3314306 I  2.203D-07 I
 I  95 Low-pT scattering            I        12556         50450 I  1.458D-06 I
 I  99 q + gamma* -> q              I       451647      20168386 I  5.367D-05 I
 I 131 f + gamma*_T -> f + g        I         3442       1543736 I  4.142D-07 I
 I 132 f + gamma*_L -> f + g        I          222         81136 I  2.594D-08 I
 I 135 g + gamma*_T -> f + fbar     I         4185       4776822 I  5.049D-07 I
 I 136 g + gamma*_L -> f + fbar     I         1297        777770 I  1.603D-07 I
 I                                  I                            I            I
 ==============================================================================
 I                                  I                            I            I
 I   1 VMD * hadron                 I        13462      30300181 I  1.905D-06 I
 I   2 direct * hadron              I         9146       7179464 I  1.105D-06 I
 I   3 anomalous * hadron           I        25745      12575265 I  3.076D-06 I
 I   4 DIS * hadron                 I       451647      20168386 I  5.367D-05 I
 I                                  I                            I            I
 ==============================================================================

 ********* Total number of errors, excluding junctions =        0 *************
 ********* Total number of errors, including junctions =        0 *************
 ********* Total number of warnings =                           0 *************
 ********* Fraction of events that fail fragmentation cuts =  0.00672 *********

1************ PYSTAT: User-Defined Limits on Kinematical Variables ************

 ==============================================================================
 I                                                                            I
 I                 0.000D+00 <  m_hard (GeV/c^2)  <  4.314D+01                I
 I    0.000D+00 ( 1.000D+00) <  p_T_hard (GeV/c)  <  2.157D+01                I
 I                             m_finite (GeV/c^2) =  1.000D+00                I
 I                -1.000D+01 <    y*_subsystem    <  1.000D+01                I
 I                -4.000D+01 <      y*_large      <  4.000D+01                I
 I                -4.000D+01 <      y*_small      <  4.000D+01                I
 I                -4.000D+01 <     eta*_large     <  4.000D+01                I
 I                -4.000D+01 <     eta*_small     <  4.000D+01                I
 I                -1.000D+00 < cos(theta*)_large  <  1.000D+00                I
 I                -1.000D+00 < cos(theta*)_small  <  1.000D+00                I
 I                 0.000D+00 <        x_1         <  1.000D+00                I
 I                 0.000D+00 <        x_2         <  1.000D+00                I
 I                -1.000D+00 <        x_F         <  1.000D+00                I
 I                -1.000D+00 <  cos(theta_hard)   <  1.000D+00                I
 I                 2.000D+00 < m'_hard (GeV/c^2)  <  4.314D+01                I
 I                                                                            I
 ==============================================================================
 The charm mass used is:    1.5000000000000000     
 ===================================================
 Pythia total cross section normalisation:   5.9755744733851493E-002  microbarn
 Total Number of generated events      500000
 Total Number of trials      500000
 ===================================================

 ===== PDFSTA statistics for PDF under/over-flows ====

 ====== STRUCTM statistics for nucleon/pion PDFs =====

   total # of calls    42885207.000000000     
   X  below PDF min    0.0000000000000000       or    0.0000000000000000       %
   X  above PDF max    0.0000000000000000       or    0.0000000000000000       %
   Q2 below PDF min    0.0000000000000000       or    0.0000000000000000       %
   Q2 above PDF max    0.0000000000000000       or    0.0000000000000000       %

 ========= STRUCTP statistics for photon PDFs ========

   total # of calls    0.0000000000000000     

