1                                                                              
 ******************************************************************************
 ******************************************************************************
 **                                                                          **
 **                                                                          **
 **              *......*                  Welcome to the Lund Monte Carlo!  **
 **         *:::!!:::::::::::*                                               **
 **      *::::::!!::::::::::::::*          PPP  Y   Y TTTTT H   H III   A    **
 **    *::::::::!!::::::::::::::::*        P  P  Y Y    T   H   H  I   A A   **
 **   *:::::::::!!:::::::::::::::::*       PPP    Y     T   HHHHH  I  AAAAA  **
 **   *:::::::::!!:::::::::::::::::*       P      Y     T   H   H  I  A   A  **
 **    *::::::::!!::::::::::::::::*!       P      Y     T   H   H III A   A  **
 **      *::::::!!::::::::::::::* !!                                         **
 **      !! *:::!!:::::::::::*    !!       This is PYTHIA version 6.428      **
 **      !!     !* -><- *         !!       Last date of change:  5 Sep 2013  **
 **      !!     !!                !!                                         **
 **      !!     !!                !!       Now is  0 Jan 2000 at  0:00:00    **
 **      !!                       !!                                         **
 **      !!        lh             !!       Disclaimer: this program comes    **
 **      !!                       !!       without any guarantees. Beware    **
 **      !!                 hh    !!       of errors and use common sense    **
 **      !!    ll                 !!       when interpreting results.        **
 **      !!                       !!                                         **
 **      !!                                Copyright T. Sjostrand (2011)     **
 **                                                                          **
 ** An archive of program versions and documentation is found on the web:    **
 ** http://www.thep.lu.se/~torbjorn/Pythia.html                              **
 **                                                                          **
 ** When you cite this program, the official reference is to the 6.4 manual: **
 ** T. Sjostrand, S. Mrenna and P. Skands, JHEP05 (2006) 026                 **
 ** (LU TP 06-13, FERMILAB-PUB-06-052-CD-T) [hep-ph/0603175].                **
 **                                                                          **
 ** Also remember that the program, to a large extent, represents original   **
 ** physics research. Other publications of special relevance to your        **
 ** studies may therefore deserve separate mention.                          **
 **                                                                          **
 ** Main author: Torbjorn Sjostrand; Department of Theoretical Physics,      **
 **   Lund University, Solvegatan 14A, S-223 62 Lund, Sweden;                **
 **   phone: + 46 - 46 - 222 48 16; e-mail: torbjorn@thep.lu.se              **
 ** Author: Stephen Mrenna; Computing Division, GDS Group,                   **
 **   Fermi National Accelerator Laboratory, MS 234, Batavia, IL 60510, USA; **
 **   phone: + 1 - 630 - 840 - 2556; e-mail: mrenna@fnal.gov                 **
 ** Author: Peter Skands; CERN/PH-TH, CH-1211 Geneva, Switzerland            **
 **   phone: + 41 - 22 - 767 24 47; e-mail: peter.skands@cern.ch             **
 **                                                                          **
 **                                                                          **
 ******************************************************************************
 ******************************************************************************
     MSEL           changed from              1 to              2
     MSTP(14)       changed from             30 to             30
     MSTP(15)       changed from              0 to              0
     MSTP(16)       changed from              1 to              1
     MSTP(17)       changed from              4 to              4
     MSTP(18)       changed from              3 to              3
     MSTP(19)       changed from              4 to              1
     MSTP(20)       changed from              3 to              0
     MSTP(32)       changed from              8 to              8
     MSTP(38)       changed from              5 to              4
     MSTP(51)       changed from              7 to          10050
     MSTP(52)       changed from              1 to              2
     MSTP(53)       changed from              3 to              3
     MSTP(54)       changed from              1 to              1
     MSTP(55)       changed from              5 to              5
     MSTP(56)       changed from              1 to              1
     MSTP(57)       changed from              1 to              1
     MSTP(58)       changed from              5 to              5
     MSTP(59)       changed from              1 to              1
     MSTP(60)       changed from              7 to              7
     MSTP(61)       changed from              2 to              2
     MSTP(71)       changed from              1 to              1
     MSTP(81)       changed from              1 to              0
     MSTP(82)       changed from              4 to              1
     MSTP(91)       changed from              1 to              1
     MSTP(92)       changed from              3 to              3
     MSTP(93)       changed from              1 to              1
     MSTP(101)      changed from              3 to              3
     MSTP(102)      changed from              1 to              1
     MSTP(111)      changed from              1 to              1
     MSTP(121)      changed from              0 to              0
     PARP(13)       changed from        1.00000 to        1.00000
     PARP(18)       changed from        0.40000 to        0.40000
     PARP(81)       changed from        1.90000 to        1.90000
     PARP(89)       changed from     1800.00000 to     1800.00000
     PARP(90)       changed from        0.25000 to        0.16000
     PARP(91)       changed from        2.00000 to        0.40000
     PARP(93)       changed from        5.00000 to        5.00000
     PARP(99)       changed from        1.00000 to        0.40000
     PARP(100)      changed from        5.00000 to        5.00000
     PARP(102)      changed from        0.28000 to        0.28000
     PARP(103)      changed from        1.00000 to        1.00000
     PARP(104)      changed from        0.80000 to        0.80000
     PARP(111)      changed from        2.00000 to        2.00000
     PARP(161)      changed from        2.20000 to        3.00000
     PARP(162)      changed from       23.60000 to       24.60000
     PARP(163)      changed from       18.40000 to       18.80000
     PARP(164)      changed from       11.50000 to       11.50000
     PARP(165)      changed from        0.50000 to        0.47679
     PARP(166)      changed from        0.00000 to        0.67597
     PARJ(1)        changed from        0.10000 to        0.10000
     PARJ(2)        changed from        0.30000 to        0.30000
     PARJ(11)       changed from        0.50000 to        0.50000
     PARJ(12)       changed from        0.60000 to        0.60000
     PARJ(21)       changed from        0.36000 to        0.40000
     PARJ(32)       changed from        1.00000 to        1.00000
     PARJ(33)       changed from        0.80000 to        0.80000
     PARJ(41)       changed from        0.30000 to        0.30000
     PARJ(42)       changed from        0.58000 to        0.58000
     PARJ(45)       changed from        0.50000 to        0.50000
     MSTJ(1)        changed from              1 to              1
     MSTJ(12)       changed from              2 to              1
     MSTJ(45)       changed from              5 to              5
     MSTU(112)      changed from              5 to              5
     MSTU(113)      changed from              3 to              5
     MSTU(114)      changed from              5 to              5
     CKIN(1)        changed from        2.00000 to        1.00000
     CKIN(2)        changed from       -1.00000 to       -1.00000
     CKIN(3)        changed from        0.00000 to        0.00000
     CKIN(4)        changed from       -1.00000 to       -1.00000
     CKIN(5)        changed from        1.00000 to        1.00000
     CKIN(6)        changed from        1.00000 to        1.00000
     CKIN(7)        changed from      -10.00000 to      -10.00000
     CKIN(8)        changed from       10.00000 to       10.00000
     CKIN(9)        changed from      -40.00000 to      -40.00000
     CKIN(10)       changed from       40.00000 to       40.00000
     CKIN(11)       changed from      -40.00000 to      -40.00000
     CKIN(12)       changed from       40.00000 to       40.00000
     CKIN(13)       changed from      -40.00000 to      -40.00000
     CKIN(14)       changed from       40.00000 to       40.00000
     CKIN(15)       changed from      -40.00000 to      -40.00000
     CKIN(16)       changed from       40.00000 to       40.00000
     CKIN(17)       changed from       -1.00000 to       -1.00000
     CKIN(18)       changed from        1.00000 to        1.00000
     CKIN(19)       changed from       -1.00000 to       -1.00000
     CKIN(20)       changed from        1.00000 to        1.00000
     CKIN(21)       changed from        0.00000 to        0.00000
     CKIN(22)       changed from        1.00000 to        1.00000
     CKIN(23)       changed from        0.00000 to        0.00000
     CKIN(24)       changed from        1.00000 to        1.00000
     CKIN(25)       changed from       -1.00000 to       -1.00000
     CKIN(26)       changed from        1.00000 to        1.00000
     CKIN(27)       changed from       -1.00000 to       -1.00000
     CKIN(28)       changed from        1.00000 to        1.00000
     CKIN(31)       changed from        2.00000 to        2.00000
     CKIN(32)       changed from       -1.00000 to       -1.00000
     CKIN(35)       changed from        0.00000 to        0.00000
     CKIN(36)       changed from       -1.00000 to       -1.00000
     CKIN(37)       changed from        0.00000 to        0.00000
     CKIN(38)       changed from       -1.00000 to       -1.00000
     CKIN(39)       changed from        4.00000 to        4.00000
     CKIN(40)       changed from       -1.00000 to       -1.00000
     CKIN(65)       changed from        0.00000 to        0.00000
     CKIN(66)       changed from       -1.00000 to       -1.00000
     CKIN(67)       changed from        0.00000 to        0.00000
     CKIN(68)       changed from       -1.00000 to       -1.00000
     CKIN(77)       changed from        2.00000 to        2.00000
     CKIN(78)       changed from       -1.00000 to       -1.00000
 *********************************************
 NOW all parameters are read by PYTHIA
 *********************************************
 SEED =   1741709790
 RANLUX LUXURY LEVEL SET BY RLUXGO : 4     P= 389
 RANLUX INITIALIZED BY RLUXGO FROM SEEDS  1741709790           0           0
   5328.9753403062132        10.000000000000000       -5328.9753403062132       -10.0000000    
 *********************************************
 proton beam momentum:   250.000000     GeV
 lepton beam momentum:   10.0000000     GeV
 resulting sqrt(s):   100.00457712527508      GeV
 *********************************************
1****************** PYINIT: initialization of PYTHIA routines *****************
 ==== PYTHIA WILL USE LHAPDF ====
 *************************************
 *       LHAPDF Version 5.9.1        *
 *   Configured for the following:   *
 *             All PDFs              *
 *         FULL MEMORY option        *
 *    Maximum  3 concurrent set(s)   *
 *************************************

 >>>>>> PDF description: <<<<<<
 CTEQ6M                                                          
 Reference:                                                      
 J. Pumplin, D.R. Stump, J. Huston, H.L. Lai, P. Nadolsky,       
 W.K. Tung                                                       
 hep-ph/0201195                                                  
 This set has 41 member PDFs.                                    
     mem=0 --> central value (cteq6m)                            
     mem=1-40 --> 20 sets of +ve/-ve error values                
 >>>>>>                   <<<<<<

 ==============================================
 PDFset name /cvmfs/sft.cern.ch/lcg/external/lhapdfsets/5.9.1/share/PDFsets/cteq6mE.LHgrid   
 with         40 members
 ====  initialized. ===========================
 Strong coupling at Mz for PDF is:  0.11798

 ==============================================================================
 I                                                                            I
 I      PYTHIA will be initialized for gamma/e- on p+ user configuration      I
 I                                                                            I
 I                  px (GeV/c)   py (GeV/c)   pz (GeV/c)      E (GeV)         I
 I        gamma/e-       0.000        0.000      -10.000       10.000         I
 I        p+             0.000        0.000      250.000      250.002         I
 I                                                                            I
 I           corresponding to    100.005 GeV center-of-mass energy            I
 I                                                                            I
 ==============================================================================

 ******** PYMAXI: summary of differential cross-section maximum search ********

           ==========================================================
           I                                      I                 I
           I  ISUB  Subprocess name               I  Maximum value  I
           I                                      I                 I
           ==========================================================
           I                                      I                 I
           I   91   Elastic scattering            I    4.5802D-04   I
           I   92   Single diffractive (XB)       I    3.3396D-04   I
           I   93   Single diffractive (AX)       I    2.7193D-04   I
           I   94   Double  diffractive           I    2.7235D-04   I
           I   95   Low-pT scattering             I    1.9842D-03   I
           I   96   Semihard QCD 2 -> 2           I    1.9401D-02   I
           I                                      I                 I
           ==========================================================

 ******** PYMAXI: summary of differential cross-section maximum search ********

           ==========================================================
           I                                      I                 I
           I  ISUB  Subprocess name               I  Maximum value  I
           I                                      I                 I
           ==========================================================
           I                                      I                 I
           I  131   f + gamma*_T -> f + g         I    1.8340D-04   I
           I  132   f + gamma*_L -> f + g         I    9.6222D-06   I
           I  135   g + gamma*_T -> f + fbar      I    5.6762D-04   I
           I  136   g + gamma*_L -> f + fbar      I    9.2431D-05   I
           I                                      I                 I
           ==========================================================

 ******** PYMAXI: summary of differential cross-section maximum search ********

           ==========================================================
           I                                      I                 I
           I  ISUB  Subprocess name               I  Maximum value  I
           I                                      I                 I
           ==========================================================
           I                                      I                 I
           I   91   Elastic scattering            I    1.1937D-04   I
           I   92   Single diffractive (XB)       I    8.8669D-05   I
           I   93   Single diffractive (AX)       I    7.0104D-05   I
           I   94   Double  diffractive           I    7.1830D-05   I
           I   95   Low-pT scattering             I    5.5769D-04   I
           I   96   Semihard QCD 2 -> 2           I    1.4517D-02   I
           I                                      I                 I
           ==========================================================

 ******** PYMAXI: summary of differential cross-section maximum search ********

           ==========================================================
           I                                      I                 I
           I  ISUB  Subprocess name               I  Maximum value  I
           I                                      I                 I
           ==========================================================
           I                                      I                 I
           I   99   q + gamma* -> q               I    2.3955D-03   I
           I                                      I                 I
           ==========================================================

 ********************** PYINIT: initialization completed **********************
 the outputfile will be named: outfiles/ep_10x250_Q2_1_10_norad.out                                                                                                                                                                                                                            



                            Event listing (standard)

    I  particle/jet  K(I,1)   K(I,2) K(I,3)     K(I,4)      K(I,5)       P(I,1)       P(I,2)       P(I,3)       P(I,4)       P(I,5)

    1  !e-!              21        11    0           3           4      0.00000      0.00000    -10.00000     10.00000      0.00051
    2  !p+!              21      2212    0           5           0     -0.00000      0.00000    250.00000    250.00176      0.93827
 ==================================================================================================================================
    3  !e-!              21        11    1           0           0     -0.99562     -0.55569     -9.36141      9.43059      0.00051
    4  !gamma!           21        22    1           0           0      0.99562      0.55569     -0.63859      0.56941     -1.17627
    5  !p+!              21      2212    2           0           0     -0.00000     -0.00000    250.00000    250.00176      0.93827
    6  !g!               21        21    4           0           0      0.24337      0.02816     -0.16336      0.29446     -0.00000
    7  !sbar!            21        -3    5           0           0      0.06352      0.11966     22.64520     22.64560     -0.00000
    8  !g!               21        21    6           0           0      0.24337      0.02816     -0.16336      0.29446      0.00000
    9  !sbar!            21        -3    7           0           0      0.06352      0.11966     22.64520     22.64560      0.00000
   10  !g!               21        21    0           0           0     -0.58734      1.39887      2.73907      3.13118      0.00000
   11  !sbar!            21        -3    0           0           0      0.89422     -1.25104     19.74277     19.80888      0.50000
 ==================================================================================================================================
   12  (Sigma0)          11      3212    5          19          20     -0.24031     -0.29974     69.91895     69.93018      1.19255
   13  e-                 1        11    3           0           0     -0.99562     -0.55569     -9.36141      9.43059      0.00051
   14  (sbar)        A   12        -3   11          21          21      0.89422     -1.25104     19.74277     19.80888      0.50000
   15  (g)           I   12        21   10          21          21     -0.58734      1.39887      2.73907      3.13118      0.00000
   16  (u)           V   11         2    4          21          21      0.61819      0.26680      0.51188      0.90789      0.33000
   17  (ubar)        A   12        -2    4          27          27      0.12546      0.25592      0.10470      0.44844      0.33000
   18  (u)           V   11         2    5          27          27      0.18540      0.18488    156.34404    156.34461      0.33000
 ==================================================================================================================================
   19  (Lambda0)         11      3122   12          35          36     -0.28581     -0.31784     68.40503     68.41547      1.11568
   20  gamma              1        22   12           0           0      0.04550      0.01811      1.51392      1.51471      0.00000
   21  (string)          11        92   14          22          26      0.92507      0.41463     22.99372     23.84795      6.24387
   22  (K*0)             11       313   21          37          38      0.41608     -0.40628      6.67379      6.76403      0.93507
   23  (K*bar0)          11      -313   21          39          40      0.22461      0.38570     10.98943     11.03689      0.91987
   24  (K0)              11       311   21          41          41      0.06313     -0.47189      3.97966      4.03882      0.49767
   25  pi+                1       211   21           0           0      0.10686      0.41534      0.77641      0.89790      0.13957
   26  (rho0)            11       113   21          42          43      0.11439      0.49176      0.57442      1.11032      0.80494
   27  (string)          11        92   17          28          34      0.31086      0.44079    156.44874    156.79304     10.37102
   28  (omega)           11       223   27          44          45      0.08831      0.68774      7.87614      7.94540      0.78421
   29  (rho-)            11      -213   27          46          47      0.05198     -0.55252      4.44593      4.54207      0.74577
   30  (pi0)             11       111   27          48          49     -0.05353      0.00238      0.56985      0.58807      0.13498
   31  (K*bar0)          11      -313   27          50          51      0.01092     -0.06670      3.69773      3.80657      0.90123
   32  (K*+)             11       323   27          52          53      0.19164      0.16711     11.23401     11.27734      0.95426
   33  pi-                1      -211   27           0           0      0.29277     -0.20867     22.95816     22.96140      0.13957
   34  (rho+)            11       213   27          54          55     -0.27122      0.41145    105.66693    105.67220      0.93391
   35  p+                 1      2212   19           0           0     -0.14047     -0.25228     57.37321     57.38161      0.93827
   36  pi-                1      -211   19           0           0     -0.14534     -0.06557     11.03182     11.03386      0.13957
   37  (K0)              11       311   22          56          56      0.25798     -0.40113      2.76213      2.84684      0.49767
   38  (pi0)             11       111   22          57          58      0.15810     -0.00514      3.91166      3.91719      0.13498
   39  K-                 1      -321   23           0           0      0.44210      0.33521      7.15614      7.19456      0.49360
   40  pi+                1       211   23           0           0     -0.21749      0.05049      3.83329      3.84232      0.13957
   41  K_L0               1       130   24           0           0      0.06313     -0.47189      3.97966      4.03882      0.49767
   42  pi+                1       211   26           0           0      0.14261      0.01772      0.58178      0.61530      0.13957
   43  pi-                1      -211   26           0           0     -0.02822      0.47404     -0.00736      0.49502      0.13957
   44  gamma              1        22   28           0           0     -0.02851     -0.16075      1.85155      1.85874      0.00000
   45  (pi0)             11       111   28          59          60      0.11682      0.84849      6.02459      6.08666      0.13498
   46  pi-                1      -211   29           0           0     -0.09014     -0.48518      1.43261      1.52163      0.13957
   47  (pi0)             11       111   29          61          62      0.14211     -0.06734      3.01332      3.02044      0.13498
   48  gamma              1        22   30           0           0      0.00444     -0.04339      0.40598      0.40832      0.00000
   49  gamma              1        22   30           0           0     -0.05797      0.04577      0.16387      0.17975      0.00000
   50  K-                 1      -321   31           0           0     -0.19450     -0.23343      1.98399      2.06692      0.49360
   51  pi+                1       211   31           0           0      0.20542      0.16673      1.71374      1.73965      0.13957
   52  (K0)              11       311   32          63          63      0.40166      0.29559      8.01116      8.04208      0.49767
   53  pi+                1       211   32           0           0     -0.21002     -0.12848      3.22286      3.23526      0.13957
   54  pi+                1       211   34           0           0     -0.10446     -0.27653     39.46277     39.46413      0.13957
   55  (pi0)             11       111   34          64          65     -0.16677      0.68798     66.20415     66.20807      0.13498
   56  (K_S0)            11       310   37          66          67      0.25798     -0.40113      2.76213      2.84684      0.49767
   57  gamma              1        22   38           0           0      0.17526      0.00076      2.85891      2.86427      0.00000
   58  gamma              1        22   38           0           0     -0.01716     -0.00591      1.05276      1.05291      0.00000
   59  gamma              1        22   45           0           0     -0.02921      0.10659      0.83298      0.84028      0.00000
   60  gamma              1        22   45           0           0      0.14603      0.74190      5.19161      5.24638      0.00000
   61  gamma              1        22   47           0           0      0.03275     -0.08348      0.97239      0.97651      0.00000
   62  gamma              1        22   47           0           0      0.10937      0.01614      2.04093      2.04392      0.00000
   63  (K_S0)            11       310   52          68          69      0.40166      0.29559      8.01116      8.04208      0.49767
   64  gamma              1        22   55           0           0     -0.18342      0.51198     49.70820     49.71118      0.00000
   65  gamma              1        22   55           0           0      0.01665      0.17599     16.49595     16.49690      0.00000
   66  (pi0)             11       111   56          70          71     -0.03019     -0.05698      1.36513      1.37331      0.13498
   67  (pi0)             11       111   56          72          73      0.28817     -0.34416      1.39700      1.47353      0.13498
   68  pi-                1      -211   63           0           0      0.06356      0.03565      4.44655      4.44934      0.13957
   69  pi+                1       211   63           0           0      0.33810      0.25995      3.56460      3.59274      0.13957
   70  gamma              1        22   66           0           0     -0.02006      0.01395      0.04480      0.05103      0.00000
   71  gamma              1        22   66           0           0     -0.01013     -0.07092      1.32033      1.32228      0.00000
   72  gamma              1        22   67           0           0      0.26165     -0.35293      1.33741      1.40772      0.00000
   73  gamma              1        22   67           0           0      0.02653      0.00878      0.05959      0.06581      0.00000
 ==================================================================================================================================
                   sum charge:  0.00   sum momentum and inv. mass:     -0.00000     -0.00000    240.00000    260.00176    100.00458



                            Event listing (standard)

    I  particle/jet  K(I,1)   K(I,2) K(I,3)     K(I,4)      K(I,5)       P(I,1)       P(I,2)       P(I,3)       P(I,4)       P(I,5)

    1  !e-!              21        11    0           3           4      0.00000      0.00000    -10.00000     10.00000      0.00051
    2  !p+!              21      2212    0           5           0     -0.00000      0.00000    250.00000    250.00176      0.93827
 ==================================================================================================================================
    3  !e-!              21        11    1           0           0     -0.19722     -1.74263     -9.51318      9.67348      0.00051
    4  !gamma!           21        22    1           0           0      0.19722      1.74263     -0.48682      0.32652     -1.79054
    5  !p+!              21      2212    2           0           0     -0.00000     -0.00000    250.00000    250.00176      0.93827
    6  !gamma!           21        22    4           0           0      0.19264      1.70217      1.44960      2.24407     -0.00000
    7  !u!               21         2    5           0           0      0.26408     -0.59443     11.16518     11.18411     -0.00000
    8  !gamma!           21        22    6           0           0      0.19264      1.70217      1.44960      2.24407      0.00000
    9  !u!               21         2    7           0           0      0.26408     -0.59443     11.16518     11.18411      0.00000
   10  !g!               21        21    0           0           0     -0.44492     -1.53584      2.86697      3.28272      0.00000
   11  !u!               21         2    0           0           0      0.90164      2.64357      9.74781     10.14545      0.33000
 ==================================================================================================================================
   12  e-                 1        11    3           0           0     -0.19722     -1.74263     -9.51318      9.67348      0.00051
   13  (u)           A   12         2   11          16          16      0.90164      2.64357      9.74781     10.14545      0.33000
   14  (g)           I   12        21   10          16          16     -0.44492     -1.53584      2.86697      3.28272      0.00000
   15  (ud_0)        V   11      2101    5          16          16     -0.25950      0.63489    236.89840    236.90010      0.57933
 ==================================================================================================================================
   16  (string)          11        92   13          17          24      0.19722      1.74263    249.51318    250.32828     20.10825
   17  pi+                1       211   16           0           0      0.24606      0.71736      3.48320      3.56754      0.13957
   18  (rho-)            11      -213   16          25          26     -0.06944     -0.60438      1.55752      1.83700      0.76066
   19  (pi0)             11       111   16          27          28      0.02537      0.70573      1.45236      1.62058      0.13498
   20  (pi0)             11       111   16          29          31      0.53129      1.19932      7.88252      7.99206      0.13498
   21  (omega)           11       223   16          32          34      0.03396     -0.61836     11.01068     11.05672      0.79518
   22  (eta)             11       221   16          35          37     -0.00414     -0.27124      1.66151      1.77028      0.54745
   23  (eta')            11       331   16          38          39     -0.83985     -0.09518     57.02713     57.04144      0.95815
   24  p+                 1      2212   16           0           0      0.27397      0.70937    165.43825    165.44266      0.93827
   25  pi-                1      -211   18           0           0      0.01305     -0.09907     -0.02016      0.17283      0.13957
   26  (pi0)             11       111   18          40          41     -0.08249     -0.50531      1.57769      1.66417      0.13498
   27  gamma              1        22   19           0           0      0.04961      0.61590      1.33291      1.46916      0.00000
   28  gamma              1        22   19           0           0     -0.02425      0.08983      0.11945      0.15141      0.00000
   29  gamma              1        22   20           0           0      0.15515      0.51314      3.17159      3.21658      0.00000
   30  e+                 1       -11   20           0           0      0.25836      0.47602      3.26002      3.30471      0.00051
   31  e-                 1        11   20           0           0      0.11778      0.21016      1.45090      1.47077      0.00051
   32  pi-                1      -211   21           0           0      0.25151     -0.39826      4.36878      4.39632      0.13957
   33  pi+                1       211   21           0           0     -0.00374     -0.04951      3.64678      3.64979      0.13957
   34  (pi0)             11       111   21          42          43     -0.21381     -0.17060      2.99512      3.01061      0.13498
   35  (pi0)             11       111   22          44          45     -0.11808     -0.17252      0.90024      0.93400      0.13498
   36  (pi0)             11       111   22          46          47      0.12018     -0.01750      0.48955      0.52214      0.13498
   37  (pi0)             11       111   22          48          49     -0.00624     -0.08122      0.27171      0.31414      0.13498
   38  gamma              1        22   23           0           0     -0.27351      0.07538     11.14981     11.15342      0.00000
   39  (rho0)            11       113   23          50          51     -0.56635     -0.17055     45.87732     45.88802      0.79516
   40  gamma              1        22   26           0           0     -0.08659     -0.40772      1.40776      1.46817      0.00000
   41  gamma              1        22   26           0           0      0.00410     -0.09759      0.16993      0.19600      0.00000
   42  gamma              1        22   34           0           0     -0.18526     -0.19375      2.66757      2.68100      0.00000
   43  gamma              1        22   34           0           0     -0.02855      0.02315      0.32755      0.32961      0.00000
   44  gamma              1        22   35           0           0      0.01968     -0.07717      0.24167      0.25445      0.00000
   45  gamma              1        22   35           0           0     -0.13776     -0.09535      0.65858      0.67955      0.00000
   46  gamma              1        22   36           0           0      0.12661      0.00847      0.47505      0.49171      0.00000
   47  gamma              1        22   36           0           0     -0.00643     -0.02597      0.01450      0.03043      0.00000
   48  gamma              1        22   37           0           0     -0.02227     -0.01690     -0.00602      0.02860      0.00000
   49  gamma              1        22   37           0           0      0.01603     -0.06431      0.27774      0.28554      0.00000
   50  pi+                1       211   39           0           0     -0.03349      0.19991     22.30408     22.30544      0.13957
   51  pi-                1      -211   39           0           0     -0.53286     -0.37046     23.57323     23.58258      0.13957
 ==================================================================================================================================
                   sum charge:  0.00   sum momentum and inv. mass:      0.00000     -0.00000    240.00000    260.00176    100.00458



                            Event listing (standard)

    I  particle/jet  K(I,1)   K(I,2) K(I,3)     K(I,4)      K(I,5)       P(I,1)       P(I,2)       P(I,3)       P(I,4)       P(I,5)

    1  !e-!              21        11    0           3           4      0.00000      0.00000    -10.00000     10.00000      0.00051
    2  !p+!              21      2212    0           5           0     -0.00000      0.00000    250.00000    250.00176      0.93827
 ==================================================================================================================================
    3  !e-!              21        11    1           0           0     -0.19504      1.95930     -9.84880     10.04369      0.00051
    4  !gamma!           21        22    1           0           0      0.19504     -1.95930     -0.15120     -0.04369     -1.97430
    5  !p+!              21      2212    2           0           0     -0.00000      0.00000    250.00000    250.00176      0.93827
    6  !gamma!           21        22    4           0           0      0.19823     -1.99127      0.43327      0.54253     -1.97430
    7  !cbar!            21        -4    5           0           0     -0.00023      0.00228     17.79466     17.79466      0.00000
    8  !gamma!           21        22    6           0           0      0.19823     -1.99127      0.43327      0.54253     -1.97430
    9  !cbar!            21        -4    7           0           0     -0.00023      0.00228     17.79466     17.79466      0.00000
   10  !cbar!            21        -4    9           0           0      0.19800     -1.98899     18.22793     18.33720      0.00000
 ==================================================================================================================================
   11  (Sigma*_c+)       11      4214    5          16          17     -0.23940      0.00290    166.72463    166.74355      2.50000
   12  e-                 1        11    3           0           0     -0.19504      1.95930     -9.84880     10.04369      0.00051
   13  (u)           A   12         2    5          18          18      0.11046     -0.05563     52.13708     52.13828      0.33000
   14  (g)           I   12        21   10          18          18      0.12065     -0.68747     21.19249     21.20398      0.00000
   15  (cbar)        V   11        -4   10          18          18      0.20333     -1.21910      9.79460      9.87227      0.00000
 ==================================================================================================================================
   16  (Lambda_c+)       11      4122   11          21          22     -0.23577     -0.14450    156.90863    156.92551      2.28490
   17  (pi0)             11       111   11          23          24     -0.00363      0.14740      9.81600      9.81804      0.13498
   18  (string)          11        92   13          19          20      0.43444     -1.96220     83.12417     83.21452      3.31515
   19  (rho+)            11       213   18          25          26     -0.33402      0.03827     27.82986     27.84221      0.75790
   20  (D*-)             11      -413   18          27          28      0.76846     -2.00047     55.29430     55.37231      2.01000
   21  p+                 1      2212   16           0           0     -0.24012      0.09399     38.72813     38.74036      0.93827
   22  (phi)             11       333   16          29          30      0.00435     -0.23849    118.18050    118.18515      1.02167
   23  gamma              1        22   17           0           0      0.01639     -0.01798      2.59429      2.59440      0.00000
   24  gamma              1        22   17           0           0     -0.02002      0.16538      7.22171      7.22364      0.00000
   25  pi+                1       211   19           0           0     -0.41571      0.26899     21.53818     21.54433      0.13957
   26  (pi0)             11       111   19          31          32      0.08169     -0.23072      6.29168      6.29789      0.13498
   27  (D-)              11      -411   20          33          37      0.71675     -1.89876     52.43490     52.50744      1.86930
   28  (pi0)             11       111   20          38          39      0.05171     -0.10172      2.85941      2.86486      0.13498
   29  K-                 1      -321   22           0           0     -0.10061     -0.16201     52.16779     52.17047      0.49360
   30  K+                 1       321   22           0           0      0.10497     -0.07648     66.01271     66.01468      0.49360
   31  gamma              1        22   26           0           0      0.08745     -0.21149      6.19078      6.19501      0.00000
   32  gamma              1        22   26           0           0     -0.00577     -0.01922      0.10090      0.10288      0.00000
   33  K+                 1       321   27           0           0      0.08253     -0.17576     17.80031     17.80821      0.49360
   34  pi-                1      -211   27           0           0     -0.13324     -0.28925      5.97279      5.98291      0.13957
   35  pi-                1      -211   27           0           0      0.45789     -0.62083     12.48037     12.50497      0.13957
   36  (pi0)             11       111   27          40          41      0.22923     -0.29019      9.29846      9.30679      0.13498
   37  (pi0)             11       111   27          42          43      0.08034     -0.52271      6.88296      6.90457      0.13498
   38  gamma              1        22   28           0           0     -0.04448     -0.01564      0.86530      0.86658      0.00000
   39  gamma              1        22   28           0           0      0.09619     -0.08608      1.99411      1.99828      0.00000
   40  gamma              1        22   36           0           0      0.05798     -0.13241      2.35916      2.36359      0.00000
   41  gamma              1        22   36           0           0      0.17125     -0.15779      6.93930      6.94320      0.00000
   42  gamma              1        22   37           0           0      0.00026     -0.18143      1.66811      1.67795      0.00000
   43  gamma              1        22   37           0           0      0.08008     -0.34128      5.21485      5.22662      0.00000
 ==================================================================================================================================
                   sum charge:  0.00   sum momentum and inv. mass:     -0.00000      0.00000    240.00000    260.00176    100.00458



                            Event listing (standard)

    I  particle/jet  K(I,1)   K(I,2) K(I,3)     K(I,4)      K(I,5)       P(I,1)       P(I,2)       P(I,3)       P(I,4)       P(I,5)

    1  !e-!              21        11    0           3           4      0.00000      0.00000    -10.00000     10.00000      0.00051
    2  !p+!              21      2212    0           5           0     -0.00000      0.00000    250.00000    250.00176      0.93827
 ==================================================================================================================================
    3  !e-!              21        11    1           0           0     -2.42456     -1.15047     -8.88232      9.27888      0.00051
    4  !gamma!           21        22    1           0           0      2.42456      1.15047     -1.11768      0.72112     -2.81625
    5  !p+!              21      2212    2           0           0     -0.00000     -0.00000    250.00000    250.00176      0.93827
    6  !gamma!           21        22    4           0           0      2.42688      1.15157     -1.11463      0.72594     -2.81625
    7  !cbar!            21        -4    5           0           0     -0.00002     -0.00001      2.15455      2.15455      0.00000
    8  !gamma!           21        22    6           0           0      2.42688      1.15157     -1.11463      0.72594     -2.81625
    9  !cbar!            21        -4    7           0           0     -0.00002     -0.00001      2.15455      2.15455      0.00000
   10  !cbar!            21        -4    9           0           0      2.42686      1.15156      1.03992      2.88048      0.00000
 ==================================================================================================================================
   11  (Sigma*_c++)      11      4224    5          15          16     -0.15619     -0.23482    163.49435    163.51370      2.50000
   12  e-                 1        11    3           0           0     -2.42456     -1.15047     -8.88232      9.27888      0.00051
   13  (cbar)        A   12        -4   10          17          17      2.54131      1.43254      1.42707      3.24761      0.00000
   14  (d)           V   11         1    5          17          17      0.03944     -0.04725     83.96090     83.96157      0.33000
 ==================================================================================================================================
   15  (Lambda_c+)       11      4122   11          26          30     -0.18119     -0.13337    141.11104    141.12972      2.28490
   16  pi+                1       211   11           0           0      0.02500     -0.10145     22.38331     22.38399      0.13957
   17  (string)          11        92   13          18          25      2.58075      1.38528     85.38797     87.20918     17.48589
   18  (D*-)             11      -413   17          31          32      1.75354      0.87084      3.21830      4.26975      2.01000
   19  (rho0)            11       113   17          33          34      0.63934      0.30773      0.57756      1.12553      0.65559
   20  pi+                1       211   17           0           0     -0.12023      0.06845      1.77771      1.78854      0.13957
   21  K-                 1      -321   17           0           0      0.17430      0.01856      1.47628      1.56645      0.49360
   22  (K*0)             11       313   17          35          36      0.54288      0.09394      6.50544      6.59257      0.91525
   23  (rho0)            11       113   17          37          38     -0.42345     -0.22701     20.40465     20.41682      0.51584
   24  (rho+)            11       213   17          39          40      0.11951     -0.35220     39.60596     39.61067      0.48458
   25  pi-                1      -211   17           0           0     -0.10514      0.60496     11.82208     11.83884      0.13957
   26  pi+                1       211   15           0           0      0.00980      0.02819     11.75114     11.75200      0.13957
   27  pi-                1      -211   15           0           0      0.00595     -0.02529      6.71896      6.72046      0.13957
   28  (rho+)            11       213   15          41          42     -0.01787     -0.11778     63.50099     63.50693      0.86013
   29  pi-                1      -211   15           0           0     -0.05484     -0.05372      7.53960      7.54129      0.13957
   30  p+                 1      2212   15           0           0     -0.12423      0.03524     51.60034     51.60903      0.93827
   31  (D-)              11      -411   18          43          46      1.46494      0.79465      2.93487      3.85815      1.86930
   32  gamma              1        22   18           0           0      0.28859      0.07619      0.28342      0.41161      0.00000
   33  pi+                1       211   19           0           0     -0.01233     -0.03366      0.28923      0.32314      0.13957
   34  pi-                1      -211   19           0           0      0.65168      0.34139      0.28833      0.80240      0.13957
   35  K+                 1       321   22           0           0      0.69591      0.07349      4.99816      5.07099      0.49360
   36  pi-                1      -211   22           0           0     -0.15303      0.02045      1.50728      1.52159      0.13957
   37  pi-                1      -211   23           0           0     -0.03947     -0.13753      2.76484      2.77205      0.13957
   38  pi+                1       211   23           0           0     -0.38398     -0.08948     17.63981     17.64477      0.13957
   39  pi+                1       211   24           0           0      0.00391     -0.31805     34.03383     34.03560      0.13957
   40  (pi0)             11       111   24          47          48      0.11561     -0.03415      5.57212      5.57506      0.13498
   41  pi+                1       211   28           0           0     -0.17992      0.26023     14.91249     14.91650      0.13957
   42  (pi0)             11       111   28          49          50      0.16205     -0.37802     48.58850     48.59043      0.13498
   43  mu-                1        13   31           0           0      0.51049      0.16919      0.37340      0.66319      0.10566
   44  nu_mubar           1       -14   31           0           0      0.38541      0.29878      1.07389      1.17942      0.00000
   45  (K*+)             11       323   31          51          52      0.23177      0.26089      1.25366      1.57703      0.89083
   46  pi-                1      -211   31           0           0      0.33728      0.06580      0.23393      0.43851      0.13957
   47  gamma              1        22   40           0           0      0.03685      0.04650      1.17903      1.18052      0.00000
   48  gamma              1        22   40           0           0      0.07876     -0.08065      4.39310      4.39454      0.00000
   49  gamma              1        22   42           0           0      0.10308     -0.21002     19.88994     19.89132      0.00000
   50  gamma              1        22   42           0           0      0.05898     -0.16800     28.69856     28.69911      0.00000
   51  K+                 1       321   45           0           0     -0.13877      0.22083      0.68130      0.88081      0.49360
   52  (pi0)             11       111   45          53          54      0.37054      0.04006      0.57236      0.69622      0.13498
   53  gamma              1        22   52           0           0      0.17269     -0.04716      0.23299      0.29382      0.00000
   54  gamma              1        22   52           0           0      0.19785      0.08722      0.33937      0.40240      0.00000
 ==================================================================================================================================
                   sum charge:  0.00   sum momentum and inv. mass:     -0.00000     -0.00000    240.00000    260.00176    100.00458



                            Event listing (standard)

    I  particle/jet  K(I,1)   K(I,2) K(I,3)     K(I,4)      K(I,5)       P(I,1)       P(I,2)       P(I,3)       P(I,4)       P(I,5)

    1  !e-!              21        11    0           3           4      0.00000      0.00000    -10.00000     10.00000      0.00051
    2  !p+!              21      2212    0           5           0     -0.00000      0.00000    250.00000    250.00176      0.93827
 ==================================================================================================================================
    3  !e-!              21        11    1           0           0     -1.39503      1.71531     -9.81735     10.06324      0.00051
    4  !gamma!           21        22    1           0           0      1.39503     -1.71531     -0.18265     -0.06324     -2.21760
    5  !p+!              21      2212    2           0           0     -0.00000      0.00000    250.00000    250.00176      0.93827
    6  !gamma!           21        22    4           0           0      1.41552     -1.74051      0.41532      0.53649     -2.21760
    7  !u!               21         2    5           0           0     -0.00166      0.00205     20.24400     20.24400      0.00000
    8  !gamma!           21        22    6           0           0      1.41552     -1.74051      0.41532      0.53649     -2.21760
    9  !u!               21         2    7           0           0     -0.00166      0.00205     20.24400     20.24400      0.00000
   10  !u!               21         2    9           0           0      1.41386     -1.73846     20.65932     20.78049      0.00000
 ==================================================================================================================================
   11  e-                 1        11    3           0           0     -1.39503      1.71531     -9.81735     10.06324      0.00051
   12  (ud_0)        A   12      2101    5          15          15      0.07836      0.13194    218.53459    218.53541      0.57933
   13  (g)           I   12        21   10          15          15      0.08162      0.11703      0.28589      0.31952      0.00000
   14  (u)           V   11         2   10          15          15      1.23504     -1.96428     30.99687     31.08359      0.00000
 ==================================================================================================================================
   15  (string)          11        92   12          16          20      1.39503     -1.71531    249.81735    249.93852      7.46109
   16  p+                 1      2212   15           0           0      0.26064     -0.12349    202.52518    202.52755      0.93827
   17  pi-                1      -211   15           0           0     -0.03955      0.20560      1.60379      1.62341      0.13957
   18  (rho+)            11       213   15          21          22     -0.11181     -0.58129     13.57778     13.61277      0.77517
   19  (rho-)            11      -213   15          23          24      0.69853     -0.82619     20.88328     20.92450      0.74342
   20  pi+                1       211   15           0           0      0.58720     -0.38993     11.22732     11.25029      0.13957
   21  pi+                1       211   18           0           0      0.07233     -0.64963     11.82283     11.84170      0.13957
   22  (pi0)             11       111   18          25          26     -0.18414      0.06835      1.75496      1.77106      0.13498
   23  pi-                1      -211   19           0           0      0.67046     -0.82191     14.37460     14.41436      0.13957
   24  (pi0)             11       111   19          27          28      0.02807     -0.00428      6.50868      6.51014      0.13498
   25  gamma              1        22   22           0           0     -0.08867      0.06943      0.50207      0.51454      0.00000
   26  gamma              1        22   22           0           0     -0.09547     -0.00108      1.25289      1.25652      0.00000
   27  gamma              1        22   24           0           0     -0.01804     -0.01223      0.18378      0.18506      0.00000
   28  gamma              1        22   24           0           0      0.04612      0.00796      6.32490      6.32508      0.00000
 ==================================================================================================================================
                   sum charge:  0.00   sum momentum and inv. mass:     -0.00000      0.00000    240.00000    260.00176    100.00458



                            Event listing (standard)

    I  particle/jet  K(I,1)   K(I,2) K(I,3)     K(I,4)      K(I,5)       P(I,1)       P(I,2)       P(I,3)       P(I,4)       P(I,5)

    1  !e-!              21        11    0           3           4      0.00000      0.00000    -10.00000     10.00000      0.00051
    2  !p+!              21      2212    0           5           0     -0.00000      0.00000    250.00000    250.00176      0.93827
 ==================================================================================================================================
    3  !e-!              21        11    1           0           0     -0.46959     -1.19741     -9.55282      9.63901      0.00051
    4  !gamma!           21        22    1           0           0      0.46959      1.19741     -0.44718      0.36099     -1.31300
    5  !p+!              21      2212    2           0           0     -0.00000     -0.00000    250.00000    250.00176      0.93827
    6  !g!               21        21    4           0           0      0.20754      0.88681      0.95955      1.32297     -0.00000
    7  !g!               21        21    5           0           0      0.16184     -0.00043     74.50277     74.50295     -0.00000
    8  !g!               21        21    6           0           0      0.20754      0.88681      0.95955      1.32297      0.00000
    9  !g!               21        21    7           0           0      0.16184     -0.00043     74.50277     74.50295      0.00000
   10  !g!               21        21    0           0           0     -2.03790      1.93653     12.64603     12.95474      0.00000
   11  !g!               21        21    0           0           0      2.40728     -1.05016     62.81629     62.87117      0.00000
 ==================================================================================================================================
   12  e-                 1        11    3           0           0     -0.46959     -1.19741     -9.55282      9.63901      0.00051
   13  (d)           A   12         1    4          20          20      0.24726      0.54398      0.52076      0.85856      0.33000
   14  (g)           I   12        21   10          20          20      0.07434      0.58186      1.39607      1.51430      0.00000
   15  (g)           I   12        21   10          20          20     -1.98781      1.30039     14.49689     14.69021      0.00000
   16  (ud_0)        V   11      2101    5          20          20     -0.17461     -0.14649    155.11293    155.11418      0.57933
   17  (dbar)        A   12        -1    4          27          27      0.01281     -0.23843      0.74936      0.85291      0.33000
   18  (g)           I   12        21   11          27          27      2.28285     -0.99587     59.56936     59.62141      0.00000
   19  (u)           V   11         2    5          27          27      0.01475      0.15198     17.70744     17.71118      0.33000
 ==================================================================================================================================
   20  (string)          11        92   13          21          26     -1.84082      2.27974    171.52665    172.17725     14.66388
   21  pi-                1      -211   20           0           0      0.09804     -0.09934      0.14335      0.24395      0.13957
   22  p+                 1      2212   20           0           0     -0.15363      0.92851      2.79525      3.09508      0.93827
   23  (Deltabar0)       11     -2114   20          32          33     -0.95001      1.37306     11.62491     11.80187      1.16522
   24  pi-                1      -211   20           0           0      0.23844      0.22763      2.09605      2.12640      0.13957
   25  (eta)             11       221   20          34          36     -0.36501      0.24621      6.52930      6.56699      0.54745
   26  p+                 1      2212   20           0           0     -0.70864     -0.39633    148.33778    148.34297      0.93827
   27  (string)          11        92   17          28          31      2.31041     -1.08233     78.02616     78.18549      4.28712
   28  (eta)             11       221   27          37          39      0.28467     -0.43409      5.61568      5.66613      0.54745
   29  (rho0)            11       113   27          40          41      1.13162     -0.35612     21.23801     21.28400      0.74043
   30  (rho+)            11       213   27          42          43     -0.16489      0.41210     16.12851     16.15967      0.89937
   31  (omega)           11       223   27          44          46      1.05900     -0.70421     35.04396     35.07570      0.77952
   32  nbar0              1     -2112   23           0           0     -0.91342      1.04932      9.89211     10.03355      0.93957
   33  (pi0)             11       111   23          47          48     -0.03659      0.32374      1.73280      1.76832      0.13498
   34  pi+                1       211   25           0           0     -0.04596      0.08775      1.21454      1.22654      0.13957
   35  pi-                1      -211   25           0           0     -0.03327      0.14859      2.20204      2.21170      0.13957
   36  (pi0)             11       111   25          49          50     -0.28579      0.00987      3.11273      3.12875      0.13498
   37  (pi0)             11       111   28          51          52      0.07644     -0.06501      1.11542      1.12803      0.13498
   38  (pi0)             11       111   28          53          54      0.14394     -0.33438      3.86975      3.88918      0.13498
   39  (pi0)             11       111   28          55          56      0.06429     -0.03470      0.63051      0.64892      0.13498
   40  pi+                1       211   29           0           0      0.77765      0.08272     10.30505     10.33563      0.13957
   41  pi-                1      -211   29           0           0      0.35397     -0.43884     10.93296     10.94838      0.13957
   42  pi+                1       211   30           0           0     -0.15435      0.16820     14.78872     14.79114      0.13957
   43  (pi0)             11       111   30          57          58     -0.01053      0.24390      1.33979      1.36853      0.13498
   44  pi-                1      -211   31           0           0      0.31246     -0.04476      7.24552      7.25373      0.13957
   45  pi+                1       211   31           0           0      0.67672     -0.67856     25.52380     25.54217      0.13957
   46  (pi0)             11       111   31          59          60      0.06982      0.01911      2.27464      2.27979      0.13498
   47  gamma              1        22   33           0           0      0.03772      0.08448      0.30555      0.31925      0.00000
   48  gamma              1        22   33           0           0     -0.07431      0.23927      1.42725      1.44907      0.00000
   49  gamma              1        22   36           0           0     -0.04361     -0.00375      1.18673      1.18753      0.00000
   50  gamma              1        22   36           0           0     -0.24217      0.01362      1.92600      1.94121      0.00000
   51  gamma              1        22   37           0           0     -0.00031     -0.01767      0.79407      0.79427      0.00000
   52  gamma              1        22   37           0           0      0.07675     -0.04734      0.32135      0.33376      0.00000
   53  gamma              1        22   38           0           0      0.02772     -0.23079      2.36696      2.37835      0.00000
   54  gamma              1        22   38           0           0      0.11622     -0.10359      1.50279      1.51083      0.00000
   55  gamma              1        22   39           0           0      0.00062      0.00181      0.49342      0.49342      0.00000
   56  gamma              1        22   39           0           0      0.06367     -0.03651      0.13709      0.15550      0.00000
   57  gamma              1        22   43           0           0     -0.05297      0.21939      1.17993      1.20132      0.00000
   58  gamma              1        22   43           0           0      0.04243      0.02451      0.15987      0.16721      0.00000
   59  gamma              1        22   46           0           0     -0.00786      0.04059      1.57209      1.57263      0.00000
   60  gamma              1        22   46           0           0      0.07768     -0.02148      0.70256      0.70716      0.00000
 ==================================================================================================================================
                   sum charge:  0.00   sum momentum and inv. mass:     -0.00000     -0.00000    240.00000    260.00176    100.00458



                            Event listing (standard)

    I  particle/jet  K(I,1)   K(I,2) K(I,3)     K(I,4)      K(I,5)       P(I,1)       P(I,2)       P(I,3)       P(I,4)       P(I,5)

    1  !e-!              21        11    0           3           4      0.00000      0.00000    -10.00000     10.00000      0.00051
    2  !p+!              21      2212    0           5           0     -0.00000      0.00000    250.00000    250.00176      0.93827
 ==================================================================================================================================
    3  !e-!              21        11    1           0           0     -0.47993     -0.86689     -9.00292      9.05728      0.00051
    4  !gamma!           21        22    1           0           0      0.47993      0.86689     -0.99708      0.94272     -1.04274
    5  !p+!              21      2212    2           0           0     -0.00000     -0.00000    250.00000    250.00176      0.93827
    6  !gamma!           21        22    4           0           0      0.48037      0.86768     -0.99748      0.94408     -1.04274
    7  !s!               21         3    5           0           0     -0.00000     -0.00000      0.28001      0.28001      0.00000
    8  !gamma!           21        22    6           0           0      0.48037      0.86768     -0.99748      0.94408     -1.04274
    9  !s!               21         3    7           0           0     -0.00000     -0.00000      0.28001      0.28001      0.00000
   10  !s!               21         3    9           0           0      0.48037      0.86768     -0.71747      1.22409      0.00000
 ==================================================================================================================================
   11  (K*+)             11       323    5          15          16     -0.02470     -0.07326     24.90805     24.92430      0.89660
   12  e-                 1        11    3           0           0     -0.47993     -0.86689     -9.00292      9.05728      0.00051
   13  (s)           A   12         3   10          17          17      0.63347      0.95567     -0.62072      1.30380      0.00000
   14  (ud_0)        V   11      2101    5          17          17     -0.12883     -0.01552    224.71559    224.71638      0.57933
 ==================================================================================================================================
   15  (K0)              11       311   11          25          25      0.06928      0.09659     22.15000     22.15591      0.49767
   16  pi+                1       211   11           0           0     -0.09398     -0.16985      2.75805      2.76839      0.13957
   17  (string)          11        92   13          18          24      0.50463      0.94015    224.09487    226.02018     29.41888
   18  (K*bar0)          11      -313   17          26          27      1.03658      0.67309      0.09833      1.52827      0.89353
   19  pi-                1      -211   17           0           0     -0.33871      0.07126      0.07311      0.38030      0.13957
   20  (omega)           11       223   17          28          30     -0.37240      0.53247      4.78355      4.88995      0.77918
   21  (omega)           11       223   17          31          33      0.21817      0.09774      5.84035      5.89698      0.77947
   22  (K*+)             11       323   17          34          35      0.27291     -0.48795     89.84430     89.85050      0.89503
   23  (K*bar0)          11      -313   17          36          37     -0.41438      0.19049     35.93707     35.95080      0.88251
   24  n0                 1      2112   17           0           0      0.10246     -0.13696     87.51816     87.52337      0.93957
   25  K_L0               1       130   15           0           0      0.06928      0.09659     22.15000     22.15591      0.49767
   26  K-                 1      -321   18           0           0      0.45491      0.07399     -0.00530      0.67534      0.49360
   27  pi+                1       211   18           0           0      0.58167      0.59911      0.10362      0.85293      0.13957
   28  pi-                1      -211   20           0           0     -0.06084     -0.10601      1.27124      1.28471      0.13957
   29  pi+                1       211   20           0           0     -0.18537      0.33602      1.24117      1.30661      0.13957
   30  (pi0)             11       111   20          38          39     -0.12619      0.30246      2.27114      2.29863      0.13498
   31  pi-                1      -211   21           0           0      0.12447      0.07281      3.72704      3.73243      0.13957
   32  pi+                1       211   21           0           0     -0.04352      0.16569      0.81003      0.83963      0.13957
   33  (pi0)             11       111   21          40          41      0.13721     -0.14077      1.30328      1.32491      0.13498
   34  K+                 1       321   22           0           0      0.24725     -0.34877     84.64770     84.65022      0.49360
   35  (pi0)             11       111   22          42          43      0.02566     -0.13917      5.19660      5.20028      0.13498
   36  K-                 1      -321   23           0           0     -0.44629      0.14922     17.72050     17.73362      0.49360
   37  pi+                1       211   23           0           0      0.03191      0.04127     18.21657     18.21718      0.13957
   38  gamma              1        22   30           0           0     -0.07588      0.13821      1.51704      1.52521      0.00000
   39  gamma              1        22   30           0           0     -0.05031      0.16426      0.75410      0.77342      0.00000
   40  gamma              1        22   33           0           0     -0.02197     -0.00718      0.26730      0.26830      0.00000
   41  gamma              1        22   33           0           0      0.15919     -0.13359      1.03598      1.05661      0.00000
   42  gamma              1        22   35           0           0      0.00864     -0.16452      4.27698      4.28015      0.00000
   43  gamma              1        22   35           0           0      0.01703      0.02535      0.91962      0.92013      0.00000
 ==================================================================================================================================
                   sum charge:  0.00   sum momentum and inv. mass:     -0.00000     -0.00000    240.00000    260.00176    100.00458



                            Event listing (standard)

    I  particle/jet  K(I,1)   K(I,2) K(I,3)     K(I,4)      K(I,5)       P(I,1)       P(I,2)       P(I,3)       P(I,4)       P(I,5)

    1  !e-!              21        11    0           3           4      0.00000      0.00000    -10.00000     10.00000      0.00051
    2  !p+!              21      2212    0           5           0     -0.00000      0.00000    250.00000    250.00176      0.93827
 ==================================================================================================================================
    3  !e-!              21        11    1           0           0      0.54962      0.97352     -9.95591     10.01848      0.00051
    4  !gamma!           21        22    1           0           0     -0.54962     -0.97352     -0.04409     -0.01848     -1.11867
    5  !p+!              21      2212    2           0           0      0.00000      0.00000    250.00000    250.00176      0.93827
    6  !gamma!           21        22    4           0           0     -0.58667     -1.03915      3.14036      3.16772     -1.11867
    7  !u!               21         2    5           0           0      0.00339      0.00600     22.56747     22.56747      0.00000
    8  !gamma!           21        22    6           0           0     -0.58667     -1.03915      3.14036      3.16772     -1.11867
    9  !u!               21         2    7           0           0      0.00339      0.00600     22.56747     22.56747      0.00000
   10  !u!               21         2    9           0           0     -0.58328     -1.03315     25.70783     25.73520      0.00000
 ==================================================================================================================================
   11  e-                 1        11    3           0           0      0.54962      0.97352     -9.95591     10.01848      0.00051
   12  (ud_0)        A   12      2101    5          15          15      0.15367      0.21816    187.16465    187.16574      0.57933
   13  (g)           I   12        21   10          15          15     -0.66094     -0.42532     47.95951     47.96595      0.00000
   14  (u)           V   11         2   10          15          15     -0.04235     -0.76636     14.83175     14.85159      0.00000
 ==================================================================================================================================
   15  (string)          11        92   12          16          18     -0.54962     -0.97352    249.95591    249.98328      3.52633
   16  p+                 1      2212   15           0           0      0.11850      0.21675    153.37504    153.37811      0.93827
   17  pi-                1      -211   15           0           0      0.38787     -0.17321     13.09000     13.09763      0.13957
   18  (rho+)            11       213   15          19          20     -1.05598     -1.01705     83.49087     83.50754      0.79647
   19  pi+                1       211   18           0           0     -0.86685     -0.73978     75.22070     75.22946      0.13957
   20  (pi0)             11       111   18          21          22     -0.18913     -0.27727      8.27017      8.27808      0.13498
   21  gamma              1        22   20           0           0     -0.08113     -0.04443      3.28828      3.28958      0.00000
   22  gamma              1        22   20           0           0     -0.10800     -0.23284      4.98189      4.98850      0.00000
 ==================================================================================================================================
                   sum charge:  0.00   sum momentum and inv. mass:      0.00000      0.00000    240.00000    260.00176    100.00458



                            Event listing (standard)

    I  particle/jet  K(I,1)   K(I,2) K(I,3)     K(I,4)      K(I,5)       P(I,1)       P(I,2)       P(I,3)       P(I,4)       P(I,5)

    1  !e-!              21        11    0           3           4      0.00000      0.00000    -10.00000     10.00000      0.00051
    2  !p+!              21      2212    0           5           0     -0.00000      0.00000    250.00000    250.00176      0.93827
 ==================================================================================================================================
    3  !e-!              21        11    1           0           0     -1.56520     -0.69448     -9.90704     10.05393      0.00051
    4  !gamma!           21        22    1           0           0      1.56520      0.69448     -0.09296     -0.05393     -1.71402
    5  !p+!              21      2212    2           0           0     -0.00000     -0.00000    250.00000    250.00176      0.93827
    6  !gamma!           21        22    4           0           0      1.63443      0.72519      3.16042      3.20120     -1.71402
    7  !u!               21         2    5           0           0     -0.00997     -0.00443     35.54760     35.54760      0.00000
    8  !gamma!           21        22    6           0           0      1.63443      0.72519      3.16042      3.20120     -1.71402
    9  !u!               21         2    7           0           0     -0.00997     -0.00443     35.54760     35.54760      0.00000
   10  !u!               21         2    9           0           0      1.62445      0.72077     38.70802     38.74880      0.00000
 ==================================================================================================================================
   11  e-                 1        11    3           0           0     -1.56520     -0.69448     -9.90704     10.05393      0.00051
   12  (u)           A   12         2   10          14          14      1.25183      0.55354     23.87175     23.91095      0.00000
   13  (ud_1)        V   11      2103    5          14          14      0.31337      0.14093    226.03530    226.03687      0.77133
 ==================================================================================================================================
   14  (string)          11        92   12          15          17      1.56520      0.69448    249.90704    249.94783      4.17789
   15  pi+                1       211   14           0           0      0.79080      0.18685     11.84257     11.87124      0.13957
   16  (rho-)            11      -213   14          18          19      0.15896      0.22654     40.07497     40.08207      0.70173
   17  (Delta+)          11      2214   14          20          21      0.61544      0.28108    197.98950    197.99452      1.23724
   18  pi-                1      -211   16           0           0      0.33205      0.21248     34.80312     34.80563      0.13957
   19  (pi0)             11       111   16          22          23     -0.17309      0.01406      5.27185      5.27644      0.13498
   20  n0                 1      2112   17           0           0      0.50229      0.04281    130.24597    130.25034      0.93957
   21  pi+                1       211   17           0           0      0.11315      0.23827     67.74352     67.74418      0.13957
   22  gamma              1        22   19           0           0     -0.01996      0.03154      2.51803      2.51831      0.00000
   23  gamma              1        22   19           0           0     -0.15313     -0.01748      2.75382      2.75813      0.00000
 ==================================================================================================================================
                   sum charge:  0.00   sum momentum and inv. mass:     -0.00000     -0.00000    240.00000    260.00176    100.00458



                            Event listing (standard)

    I  particle/jet  K(I,1)   K(I,2) K(I,3)     K(I,4)      K(I,5)       P(I,1)       P(I,2)       P(I,3)       P(I,4)       P(I,5)

    1  !e-!              21        11    0           3           4      0.00000      0.00000    -10.00000     10.00000      0.00051
    2  !p+!              21      2212    0           5           0     -0.00000      0.00000    250.00000    250.00176      0.93827
 ==================================================================================================================================
    3  !e-!              21        11    1           0           0     -0.43201      1.23584     -9.35313      9.44430      0.00051
    4  !gamma!           21        22    1           0           0      0.43201     -1.23584     -0.64687      0.55570     -1.35040
    5  !p+!              21      2212    2           0           0     -0.00000      0.00000    250.00000    250.00176      0.93827
    6  !gamma!           21        22    4           0           0      0.43264     -1.23765     -0.64560      0.55873     -1.35040
    7  !dbar!            21        -1    5           0           0     -0.00000      0.00001      0.75708      0.75708      0.00000
    8  !gamma!           21        22    6           0           0      0.43264     -1.23765     -0.64560      0.55873     -1.35040
    9  !dbar!            21        -1    7           0           0     -0.00000      0.00001      0.75708      0.75708      0.00000
   10  !dbar!            21        -1    9           0           0      0.43264     -1.23764      0.11148      1.31581      0.00000
 ==================================================================================================================================
   11  n0                 1      2112    5           0           0     -0.37395      0.13470    152.14701    152.15043      0.93957
   12  e-                 1        11    3           0           0     -0.43201      1.23584     -9.35313      9.44430      0.00051
   13  (u)           A   12         2    5          16          16      0.23640      0.12121     96.12783     96.12877      0.33000
   14  (g)           I   12        21   10          16          16      0.05338     -0.19202     -0.27006      0.33564      0.00000
   15  (dbar)        V   11        -1   10          16          16      0.51619     -1.29973      1.34835      1.94262      0.00000
 ==================================================================================================================================
   16  (string)          11        92   13          17          24      0.80596     -1.37054     97.20612     98.40703     15.24421
   17  pi+                1       211   16           0           0      0.31761     -0.35264      7.11525      7.13242      0.13957
   18  (rho-)            11      -213   16          25          26      0.33995      0.66835     27.49902     27.52231      0.84789
   19  p+                 1      2212   16           0           0     -0.40859     -0.38526     49.26500     49.27713      0.93827
   20  pbar-              1     -2212   16           0           0      0.12971     -0.17080      6.01654      6.09303      0.93827
   21  (pi0)             11       111   16          27          28     -0.26031      0.33562      3.55707      3.58488      0.13498
   22  (rho+)            11       213   16          29          30      0.14748     -0.75082      1.30657      1.68586      0.74128
   23  (omega)           11       223   16          31          33      0.73084     -0.19256      1.79622      2.09547      0.77032
   24  (eta)             11       221   16          34          35     -0.19073     -0.52244      0.65046      1.01593      0.54745
   25  pi-                1      -211   18           0           0      0.48549      0.32428      9.52514      9.54404      0.13957
   26  (pi0)             11       111   18          36          37     -0.14554      0.34407     17.97388     17.97827      0.13498
   27  gamma              1        22   21           0           0     -0.13299      0.13968      2.14004      2.14871      0.00000
   28  gamma              1        22   21           0           0     -0.12732      0.19594      1.41703      1.43617      0.00000
   29  pi+                1       211   22           0           0      0.28850     -0.19014      0.18318      0.41523      0.13957
   30  (pi0)             11       111   22          38          39     -0.14102     -0.56067      1.12340      1.27062      0.13498
   31  pi+                1       211   23           0           0      0.20809     -0.18685      0.69600      0.76296      0.13957
   32  pi-                1      -211   23           0           0      0.43351     -0.18944      0.84791      0.98095      0.13957
   33  (pi0)             11       111   23          40          41      0.08924      0.18373      0.25231      0.35157      0.13498
   34  gamma              1        22   24           0           0     -0.30848     -0.37730      0.19737      0.52580      0.00000
   35  gamma              1        22   24           0           0      0.11776     -0.14514      0.45309      0.49013      0.00000
   36  gamma              1        22   26           0           0     -0.02465      0.01595      3.66121      3.66133      0.00000
   37  gamma              1        22   26           0           0     -0.12089      0.32812     14.31267     14.31694      0.00000
   38  gamma              1        22   30           0           0      0.00809     -0.00270      0.00132      0.00863      0.00000
   39  gamma              1        22   30           0           0     -0.14911     -0.55798      1.12207      1.26199      0.00000
   40  gamma              1        22   33           0           0     -0.03052      0.01322      0.05691      0.06592      0.00000
   41  gamma              1        22   33           0           0      0.11976      0.17051      0.19540      0.28565      0.00000
 ==================================================================================================================================
                   sum charge:  0.00   sum momentum and inv. mass:      0.00000     -0.00000    240.00000    260.00176    100.00458

 Advisory warning: maximum violated by  1.655D+00 in event     467
 XSEC(96,1) increased to  2.403D-02

 Advisory warning: maximum violated by  1.083D+00 in event     889
 XSEC(96,1) increased to  2.602D-02

 Advisory warning: maximum violated by  1.298D+00 in event    7183
 XSEC(96,1) increased to  3.378D-02

 Advisory warning: maximum violated by  1.016D+00 in event    9704
 XSEC(96,1) increased to  3.433D-02

 Advisory warning: maximum violated by  1.008D+00 in event   72211
 XSEC(96,1) increased to  3.461D-02
1********* PYSTAT:  Statistics on Number of Events and Cross-sections *********

 ==============================================================================
 I                                  I                            I            I
 I            Subprocess            I      Number of points      I    Sigma   I
 I                                  I                            I            I
 I----------------------------------I----------------------------I    (mb)    I
 I                                  I                            I            I
 I N:o Type                         I    Generated         Tried I            I
 I                                  I                            I            I
 ==============================================================================
 I                                  I                            I            I
 I   0 All included subprocesses    I       500000      11822341 I  7.092D-04 I
 I  11 f + f' -> f + f' (QCD)       I        12629             0 I  1.259D-05 I
 I  12 f + fbar -> f' + fbar'       I          249             0 I  2.215D-07 I
 I  13 f + fbar -> g + g            I          299             0 I  2.898D-07 I
 I  28 f + g -> f + g               I        32689             0 I  3.228D-05 I
 I  53 g + g -> f + fbar            I          378             0 I  3.169D-07 I
 I  68 g + g -> g + g               I        14717             0 I  1.208D-05 I
 I  91 Elastic scattering           I        27746        421782 I  3.775D-05 I
 I  92 Single diffractive (XB)      I        14368        309787 I  1.958D-05 I
 I  93 Single diffractive (AX)      I        11412        250922 I  1.566D-05 I
 I  94 Double  diffractive          I         7778        259675 I  1.037D-05 I
 I  95 Low-pT scattering            I        42428        121854 I  1.070D-04 I
 I  99 q + gamma* -> q              I       305541       1738318 I  4.205D-04 I
 I 131 f + gamma*_T -> f + g        I         9258        134338 I  1.273D-05 I
 I 132 f + gamma*_L -> f + g        I          470          6952 I  6.489D-07 I
 I 135 g + gamma*_T -> f + fbar     I        16555        413250 I  2.249D-05 I
 I 136 g + gamma*_L -> f + fbar     I         3483         66924 I  4.757D-06 I
 I                                  I                            I            I
 ==============================================================================
 I                                  I                            I            I
 I   1 VMD * hadron                 I        86428       5725256 I  1.362D-04 I
 I   2 direct * hadron              I        29766        621464 I  4.063D-05 I
 I   3 anomalous * hadron           I        78265       3737303 I  1.119D-04 I
 I   4 DIS * hadron                 I       305541       1738318 I  4.205D-04 I
 I                                  I                            I            I
 ==============================================================================

 ********* Total number of errors, excluding junctions =        0 *************
 ********* Total number of errors, including junctions =        0 *************
 ********* Total number of warnings =                           0 *************
 ********* Fraction of events that fail fragmentation cuts =  0.03185 *********

1************ PYSTAT: User-Defined Limits on Kinematical Variables ************

 ==============================================================================
 I                                                                            I
 I                 0.000D+00 <  m_hard (GeV/c^2)  <  1.082D+01                I
 I    0.000D+00 ( 1.000D+00) <  p_T_hard (GeV/c)  <  5.409D+00                I
 I                             m_finite (GeV/c^2) =  1.000D+00                I
 I                -1.000D+01 <    y*_subsystem    <  1.000D+01                I
 I                -4.000D+01 <      y*_large      <  4.000D+01                I
 I                -4.000D+01 <      y*_small      <  4.000D+01                I
 I                -4.000D+01 <     eta*_large     <  4.000D+01                I
 I                -4.000D+01 <     eta*_small     <  4.000D+01                I
 I                -1.000D+00 < cos(theta*)_large  <  1.000D+00                I
 I                -1.000D+00 < cos(theta*)_small  <  1.000D+00                I
 I                 0.000D+00 <        x_1         <  1.000D+00                I
 I                 0.000D+00 <        x_2         <  1.000D+00                I
 I                -1.000D+00 <        x_F         <  1.000D+00                I
 I                -1.000D+00 <  cos(theta_hard)   <  1.000D+00                I
 I                 2.000D+00 < m'_hard (GeV/c^2)  <  1.082D+01                I
 I                                                                            I
 ==============================================================================
 The charm mass used is:    1.5000000000000000     
 ===================================================
 Pythia total cross section normalisation:  0.70920119261409720       microbarn
 Total Number of generated events      500000
 Total Number of trials      500000
 ===================================================

 ===== PDFSTA statistics for PDF under/over-flows ====

 ====== STRUCTM statistics for nucleon/pion PDFs =====

   total # of calls    10870409.000000000     
   X  below PDF min    0.0000000000000000       or    0.0000000000000000       %
   X  above PDF max    0.0000000000000000       or    0.0000000000000000       %
   Q2 below PDF min    0.0000000000000000       or    0.0000000000000000       %
   Q2 above PDF max    0.0000000000000000       or    0.0000000000000000       %

 ========= STRUCTP statistics for photon PDFs ========

   total # of calls    0.0000000000000000     

