1                                                                              
 ******************************************************************************
 ******************************************************************************
 **                                                                          **
 **                                                                          **
 **              *......*                  Welcome to the Lund Monte Carlo!  **
 **         *:::!!:::::::::::*                                               **
 **      *::::::!!::::::::::::::*          PPP  Y   Y TTTTT H   H III   A    **
 **    *::::::::!!::::::::::::::::*        P  P  Y Y    T   H   H  I   A A   **
 **   *:::::::::!!:::::::::::::::::*       PPP    Y     T   HHHHH  I  AAAAA  **
 **   *:::::::::!!:::::::::::::::::*       P      Y     T   H   H  I  A   A  **
 **    *::::::::!!::::::::::::::::*!       P      Y     T   H   H III A   A  **
 **      *::::::!!::::::::::::::* !!                                         **
 **      !! *:::!!:::::::::::*    !!       This is PYTHIA version 6.428      **
 **      !!     !* -><- *         !!       Last date of change:  5 Sep 2013  **
 **      !!     !!                !!                                         **
 **      !!     !!                !!       Now is  0 Jan 2000 at  0:00:00    **
 **      !!                       !!                                         **
 **      !!        lh             !!       Disclaimer: this program comes    **
 **      !!                       !!       without any guarantees. Beware    **
 **      !!                 hh    !!       of errors and use common sense    **
 **      !!    ll                 !!       when interpreting results.        **
 **      !!                       !!                                         **
 **      !!                                Copyright T. Sjostrand (2011)     **
 **                                                                          **
 ** An archive of program versions and documentation is found on the web:    **
 ** http://www.thep.lu.se/~torbjorn/Pythia.html                              **
 **                                                                          **
 ** When you cite this program, the official reference is to the 6.4 manual: **
 ** T. Sjostrand, S. Mrenna and P. Skands, JHEP05 (2006) 026                 **
 ** (LU TP 06-13, FERMILAB-PUB-06-052-CD-T) [hep-ph/0603175].                **
 **                                                                          **
 ** Also remember that the program, to a large extent, represents original   **
 ** physics research. Other publications of special relevance to your        **
 ** studies may therefore deserve separate mention.                          **
 **                                                                          **
 ** Main author: Torbjorn Sjostrand; Department of Theoretical Physics,      **
 **   Lund University, Solvegatan 14A, S-223 62 Lund, Sweden;                **
 **   phone: + 46 - 46 - 222 48 16; e-mail: torbjorn@thep.lu.se              **
 ** Author: Stephen Mrenna; Computing Division, GDS Group,                   **
 **   Fermi National Accelerator Laboratory, MS 234, Batavia, IL 60510, USA; **
 **   phone: + 1 - 630 - 840 - 2556; e-mail: mrenna@fnal.gov                 **
 ** Author: Peter Skands; CERN/PH-TH, CH-1211 Geneva, Switzerland            **
 **   phone: + 41 - 22 - 767 24 47; e-mail: peter.skands@cern.ch             **
 **                                                                          **
 **                                                                          **
 ******************************************************************************
 ******************************************************************************
     MSEL           changed from              1 to              2
     MSTP(14)       changed from             30 to             30
     MSTP(15)       changed from              0 to              0
     MSTP(16)       changed from              1 to              1
     MSTP(17)       changed from              4 to              4
     MSTP(18)       changed from              3 to              3
     MSTP(19)       changed from              4 to              1
     MSTP(20)       changed from              3 to              0
     MSTP(32)       changed from              8 to              8
     MSTP(38)       changed from              5 to              4
     MSTP(51)       changed from              7 to          10050
     MSTP(52)       changed from              1 to              2
     MSTP(53)       changed from              3 to              3
     MSTP(54)       changed from              1 to              1
     MSTP(55)       changed from              5 to              5
     MSTP(56)       changed from              1 to              1
     MSTP(57)       changed from              1 to              1
     MSTP(58)       changed from              5 to              5
     MSTP(59)       changed from              1 to              1
     MSTP(60)       changed from              7 to              7
     MSTP(61)       changed from              2 to              2
     MSTP(71)       changed from              1 to              1
     MSTP(81)       changed from              1 to              0
     MSTP(82)       changed from              4 to              1
     MSTP(91)       changed from              1 to              1
     MSTP(92)       changed from              3 to              3
     MSTP(93)       changed from              1 to              1
     MSTP(101)      changed from              3 to              3
     MSTP(102)      changed from              1 to              1
     MSTP(111)      changed from              1 to              1
     MSTP(121)      changed from              0 to              0
     PARP(13)       changed from        1.00000 to        1.00000
     PARP(18)       changed from        0.40000 to        0.40000
     PARP(81)       changed from        1.90000 to        1.90000
     PARP(89)       changed from     1800.00000 to     1800.00000
     PARP(90)       changed from        0.25000 to        0.16000
     PARP(91)       changed from        2.00000 to        0.40000
     PARP(93)       changed from        5.00000 to        5.00000
     PARP(99)       changed from        1.00000 to        0.40000
     PARP(100)      changed from        5.00000 to        5.00000
     PARP(102)      changed from        0.28000 to        0.28000
     PARP(103)      changed from        1.00000 to        1.00000
     PARP(104)      changed from        0.80000 to        0.80000
     PARP(111)      changed from        2.00000 to        2.00000
     PARP(161)      changed from        2.20000 to        3.00000
     PARP(162)      changed from       23.60000 to       24.60000
     PARP(163)      changed from       18.40000 to       18.80000
     PARP(164)      changed from       11.50000 to       11.50000
     PARP(165)      changed from        0.50000 to        0.47679
     PARP(166)      changed from        0.00000 to        0.67597
     PARJ(1)        changed from        0.10000 to        0.10000
     PARJ(2)        changed from        0.30000 to        0.30000
     PARJ(11)       changed from        0.50000 to        0.50000
     PARJ(12)       changed from        0.60000 to        0.60000
     PARJ(21)       changed from        0.36000 to        0.40000
     PARJ(32)       changed from        1.00000 to        1.00000
     PARJ(33)       changed from        0.80000 to        0.80000
     PARJ(41)       changed from        0.30000 to        0.30000
     PARJ(42)       changed from        0.58000 to        0.58000
     PARJ(45)       changed from        0.50000 to        0.50000
     MSTJ(1)        changed from              1 to              1
     MSTJ(12)       changed from              2 to              1
     MSTJ(45)       changed from              5 to              5
     MSTU(112)      changed from              5 to              5
     MSTU(113)      changed from              3 to              5
     MSTU(114)      changed from              5 to              5
     CKIN(1)        changed from        2.00000 to        1.00000
     CKIN(2)        changed from       -1.00000 to       -1.00000
     CKIN(3)        changed from        0.00000 to        0.00000
     CKIN(4)        changed from       -1.00000 to       -1.00000
     CKIN(5)        changed from        1.00000 to        1.00000
     CKIN(6)        changed from        1.00000 to        1.00000
     CKIN(7)        changed from      -10.00000 to      -10.00000
     CKIN(8)        changed from       10.00000 to       10.00000
     CKIN(9)        changed from      -40.00000 to      -40.00000
     CKIN(10)       changed from       40.00000 to       40.00000
     CKIN(11)       changed from      -40.00000 to      -40.00000
     CKIN(12)       changed from       40.00000 to       40.00000
     CKIN(13)       changed from      -40.00000 to      -40.00000
     CKIN(14)       changed from       40.00000 to       40.00000
     CKIN(15)       changed from      -40.00000 to      -40.00000
     CKIN(16)       changed from       40.00000 to       40.00000
     CKIN(17)       changed from       -1.00000 to       -1.00000
     CKIN(18)       changed from        1.00000 to        1.00000
     CKIN(19)       changed from       -1.00000 to       -1.00000
     CKIN(20)       changed from        1.00000 to        1.00000
     CKIN(21)       changed from        0.00000 to        0.00000
     CKIN(22)       changed from        1.00000 to        1.00000
     CKIN(23)       changed from        0.00000 to        0.00000
     CKIN(24)       changed from        1.00000 to        1.00000
     CKIN(25)       changed from       -1.00000 to       -1.00000
     CKIN(26)       changed from        1.00000 to        1.00000
     CKIN(27)       changed from       -1.00000 to       -1.00000
     CKIN(28)       changed from        1.00000 to        1.00000
     CKIN(31)       changed from        2.00000 to        2.00000
     CKIN(32)       changed from       -1.00000 to       -1.00000
     CKIN(35)       changed from        0.00000 to        0.00000
     CKIN(36)       changed from       -1.00000 to       -1.00000
     CKIN(37)       changed from        0.00000 to        0.00000
     CKIN(38)       changed from       -1.00000 to       -1.00000
     CKIN(39)       changed from        4.00000 to        4.00000
     CKIN(40)       changed from       -1.00000 to       -1.00000
     CKIN(65)       changed from        0.00000 to        0.00000
     CKIN(66)       changed from       -1.00000 to       -1.00000
     CKIN(67)       changed from        0.00000 to        0.00000
     CKIN(68)       changed from       -1.00000 to       -1.00000
     CKIN(77)       changed from        2.00000 to        2.00000
     CKIN(78)       changed from       -1.00000 to       -1.00000
 *********************************************
 NOW all parameters are read by PYTHIA
 *********************************************
 SEED =    189146011
 RANLUX LUXURY LEVEL SET BY RLUXGO : 4     P= 389
 RANLUX INITIALIZED BY RLUXGO FROM SEEDS   189146011           0           0
   2771.0935550343875        10.000000000000000       -2771.0935550343875       -10.0000000    
 *********************************************
 proton beam momentum:   130.000000     GeV
 lepton beam momentum:   10.0000000     GeV
 resulting sqrt(s):   72.117599099066553      GeV
 *********************************************
1****************** PYINIT: initialization of PYTHIA routines *****************
 ==== PYTHIA WILL USE LHAPDF ====
 *************************************
 *       LHAPDF Version 5.9.1        *
 *   Configured for the following:   *
 *             All PDFs              *
 *         FULL MEMORY option        *
 *    Maximum  3 concurrent set(s)   *
 *************************************

 >>>>>> PDF description: <<<<<<
 CTEQ6M                                                          
 Reference:                                                      
 J. Pumplin, D.R. Stump, J. Huston, H.L. Lai, P. Nadolsky,       
 W.K. Tung                                                       
 hep-ph/0201195                                                  
 This set has 41 member PDFs.                                    
     mem=0 --> central value (cteq6m)                            
     mem=1-40 --> 20 sets of +ve/-ve error values                
 >>>>>>                   <<<<<<

 ==============================================
 PDFset name /cvmfs/sft.cern.ch/lcg/external/lhapdfsets/5.9.1/share/PDFsets/cteq6mE.LHgrid   
 with         40 members
 ====  initialized. ===========================
 Strong coupling at Mz for PDF is:  0.11798

 ==============================================================================
 I                                                                            I
 I      PYTHIA will be initialized for gamma/e- on p+ user configuration      I
 I                                                                            I
 I                  px (GeV/c)   py (GeV/c)   pz (GeV/c)      E (GeV)         I
 I        gamma/e-       0.000        0.000      -10.000       10.000         I
 I        p+             0.000        0.000      130.000      130.003         I
 I                                                                            I
 I           corresponding to     72.118 GeV center-of-mass energy            I
 I                                                                            I
 ==============================================================================

 ******** PYMAXI: summary of differential cross-section maximum search ********

           ==========================================================
           I                                      I                 I
           I  ISUB  Subprocess name               I  Maximum value  I
           I                                      I                 I
           ==========================================================
           I                                      I                 I
           I   91   Elastic scattering            I    4.1710D-04   I
           I   92   Single diffractive (XB)       I    3.1940D-04   I
           I   93   Single diffractive (AX)       I    2.6141D-04   I
           I   94   Double  diffractive           I    2.4494D-04   I
           I   95   Low-pT scattering             I    1.9207D-03   I
           I   96   Semihard QCD 2 -> 2           I    1.7479D-02   I
           I                                      I                 I
           ==========================================================

 ******** PYMAXI: summary of differential cross-section maximum search ********

           ==========================================================
           I                                      I                 I
           I  ISUB  Subprocess name               I  Maximum value  I
           I                                      I                 I
           ==========================================================
           I                                      I                 I
           I  131   f + gamma*_T -> f + g         I    1.9221D-04   I
           I  132   f + gamma*_L -> f + g         I    9.2718D-06   I
           I  135   g + gamma*_T -> f + fbar      I    5.4466D-04   I
           I  136   g + gamma*_L -> f + fbar      I    8.8198D-05   I
           I                                      I                 I
           ==========================================================

 ******** PYMAXI: summary of differential cross-section maximum search ********

           ==========================================================
           I                                      I                 I
           I  ISUB  Subprocess name               I  Maximum value  I
           I                                      I                 I
           ==========================================================
           I                                      I                 I
           I   91   Elastic scattering            I    1.0588D-04   I
           I   92   Single diffractive (XB)       I    8.2750D-05   I
           I   93   Single diffractive (AX)       I    6.5818D-05   I
           I   94   Double  diffractive           I    6.3002D-05   I
           I   95   Low-pT scattering             I    5.2345D-04   I
           I   96   Semihard QCD 2 -> 2           I    1.1588D-02   I
           I                                      I                 I
           ==========================================================

 ******** PYMAXI: summary of differential cross-section maximum search ********

           ==========================================================
           I                                      I                 I
           I  ISUB  Subprocess name               I  Maximum value  I
           I                                      I                 I
           ==========================================================
           I                                      I                 I
           I   99   q + gamma* -> q               I    1.9857D-03   I
           I                                      I                 I
           ==========================================================

 ********************** PYINIT: initialization completed **********************
 the outputfile will be named: outfiles/ep_10x130_Q2_10_100_norad.out                                                                                                                                                                                                                          



                            Event listing (standard)

    I  particle/jet  K(I,1)   K(I,2) K(I,3)     K(I,4)      K(I,5)       P(I,1)       P(I,2)       P(I,3)       P(I,4)       P(I,5)

    1  !e-!              21        11    0           3           4      0.00000      0.00000    -10.00000     10.00000      0.00051
    2  !p+!              21      2212    0           5           0     -0.00000      0.00000    130.00000    130.00339      0.93827
 ==================================================================================================================================
    3  !e-!              21        11    1           0           0     -1.96030      1.28319     -4.78936      5.33172      0.00051
    4  !gamma!           21        22    1           0           0      1.96030     -1.28319     -5.21064      4.66828     -3.29353
    5  !p+!              21      2212    2           0           0     -0.00000      0.00000    130.00000    130.00339      0.93827
    6  !gamma!           21        22    4           0           0      1.96097     -1.28363     -5.21205      4.67025     -3.29353
    7  !u!               21         2    5           0           0     -0.00000      0.00000      0.54882      0.54882      0.00000
    8  !gamma!           21        22    6           0           0      1.96097     -1.28363     -5.21205      4.67025     -3.29353
    9  !u!               21         2    7           0           0     -0.00000      0.00000      0.54882      0.54882      0.00000
   10  !u!               21         2    9           0           0      1.96096     -1.28362     -4.66323      5.21908      0.00000
 ==================================================================================================================================
   11  e-                 1        11    3           0           0     -1.96030      1.28319     -4.78936      5.33172      0.00051
   12  (ud_0)        A   12      2101    5          15          15     -0.10417      0.03428    129.31156    129.31290      0.57933
   13  (g)           I   12        21   10          15          15      1.31263      0.03690     -1.82412      2.24761      0.00000
   14  (u)           V   11         2   10          15          15      0.75184     -1.35437     -2.69808      3.11115      0.00000
 ==================================================================================================================================
   15  (string)          11        92   12          16          24      1.96030     -1.28319    124.78936    134.67166     50.58244
   16  n0                 1      2112   15           0           0     -0.13258     -0.40249    121.65005    121.65441      0.93957
   17  (pi0)             11       111   15          25          26     -0.18167      0.48559      2.68911      2.74196      0.13498
   18  pi+                1       211   15           0           0      0.44291     -0.25806      0.62300      0.81876      0.13957
   19  pi-                1      -211   15           0           0     -0.23161     -0.04026      1.87961      1.89939      0.13957
   20  (pi0)             11       111   15          27          28      0.63686      0.44416      0.01094      0.78817      0.13498
   21  (rho+)            11       213   15          29          30     -0.16814     -0.34837      1.24732      1.51635      0.77062
   22  (rho-)            11      -213   15          31          32      0.35452     -0.22498      0.16370      0.95444      0.84134
   23  (rho+)            11       213   15          33          34      0.78169     -0.62535     -0.67063      1.43681      0.78266
   24  (pi0)             11       111   15          35          36      0.45832     -0.31343     -2.80374      2.86138      0.13498
   25  gamma              1        22   17           0           0     -0.02513      0.21571      0.89859      0.92446      0.00000
   26  gamma              1        22   17           0           0     -0.15653      0.26989      1.79052      1.81750      0.00000
   27  gamma              1        22   20           0           0      0.25126      0.25600     -0.00641      0.35876      0.00000
   28  gamma              1        22   20           0           0      0.38560      0.18817      0.01735      0.42941      0.00000
   29  pi+                1       211   21           0           0     -0.07653      0.03037      1.04412      1.05662      0.13957
   30  (pi0)             11       111   21          37          38     -0.09161     -0.37875      0.20321      0.45973      0.13498
   31  pi-                1      -211   22           0           0     -0.14166      0.14623      0.20219      0.31907      0.13957
   32  (pi0)             11       111   22          39          40      0.49618     -0.37120     -0.03849      0.63536      0.13498
   33  pi+                1       211   23           0           0      0.46506     -0.75615     -0.42408      0.99366      0.13957
   34  (pi0)             11       111   23          41          42      0.31663      0.13080     -0.24656      0.44314      0.13498
   35  gamma              1        22   24           0           0      0.38347     -0.20954     -2.33074      2.37135      0.00000
   36  gamma              1        22   24           0           0      0.07485     -0.10389     -0.47301      0.49003      0.00000
   37  gamma              1        22   30           0           0     -0.05558     -0.32647      0.21543      0.39507      0.00000
   38  gamma              1        22   30           0           0     -0.03604     -0.05228     -0.01223      0.06466      0.00000
   39  gamma              1        22   32           0           0      0.37985     -0.22900      0.01569      0.44382      0.00000
   40  gamma              1        22   32           0           0      0.11633     -0.14220     -0.05418      0.19155      0.00000
   41  gamma              1        22   34           0           0     -0.00990     -0.00333      0.00295      0.01086      0.00000
   42  gamma              1        22   34           0           0      0.32654      0.13413     -0.24951      0.43229      0.00000
 ==================================================================================================================================
                   sum charge:  0.00   sum momentum and inv. mass:      0.00000     -0.00000    120.00000    140.00339     72.11760



                            Event listing (standard)

    I  particle/jet  K(I,1)   K(I,2) K(I,3)     K(I,4)      K(I,5)       P(I,1)       P(I,2)       P(I,3)       P(I,4)       P(I,5)

    1  !e-!              21        11    0           3           4      0.00000      0.00000    -10.00000     10.00000      0.00051
    2  !p+!              21      2212    0           5           0     -0.00000      0.00000    130.00000    130.00339      0.93827
 ==================================================================================================================================
    3  !e-!              21        11    1           0           0      3.16531     -4.37332     -8.52473     10.09040      0.00051
    4  !gamma!           21        22    1           0           0     -3.16531      4.37332     -1.47527     -0.09040     -5.59584
    5  !p+!              21      2212    2           0           0     -0.00000     -0.00000    130.00000    130.00339      0.93827
    6  !gamma!           21        22    4           0           0     -3.17304      4.38401     -1.42369     -0.03544     -5.59584
    7  !u!               21         2    5           0           0      0.00067     -0.00093     11.27353     11.27353      0.00000
    8  !gamma!           21        22    6           0           0     -3.17304      4.38401     -1.42369     -0.03544     -5.59584
    9  !u!               21         2    7           0           0      0.00067     -0.00093     11.27353     11.27353      0.00000
   10  !u!               21         2    9           0           0     -3.17237      4.38308      9.84984     11.23809      0.00000
 ==================================================================================================================================
   11  e-                 1        11    3           0           0      3.16531     -4.37332     -8.52473     10.09040      0.00051
   12  (ud_1)        A   12      2103    5          16          16     -0.25092     -0.09026    113.37309    113.37603      0.77133
   13  (g)           I   12        21   10          16          16      0.17009      0.36127      5.73276      5.74665      0.00000
   14  (g)           I   12        21   10          16          16     -1.15602      0.70859      2.64396      2.97136      0.00000
   15  (u)           V   11         2   10          16          16     -1.92846      3.39372      6.77492      7.81894      0.00000
 ==================================================================================================================================
   16  (string)          11        92   12          17          20     -3.16531      4.37332    128.52473    129.91298     18.15576
   17  (Delta+)          11      2214   16          21          22     -0.13308     -0.07621    111.60850    111.61574      1.26134
   18  pbar-              1     -2212   16           0           0     -0.40260      0.50013      5.45347      5.57072      0.93827
   19  p+                 1      2212   16           0           0     -0.42435      0.64483      4.41946      4.58344      0.93827
   20  (eta')            11       331   16          23          24     -2.20528      3.30457      7.04330      8.14310      0.95838
   21  n0                 1      2112   17           0           0     -0.21877     -0.12236    106.42094    106.42539      0.93957
   22  pi+                1       211   17           0           0      0.08569      0.04614      5.18756      5.19035      0.13957
   23  gamma              1        22   20           0           0     -0.53422      0.94559      1.85065      2.14579      0.00000
   24  (rho0)            11       113   20          25          26     -1.67106      2.35898      5.19265      5.99730      0.80423
   25  pi-                1      -211   24           0           0     -0.93449      1.20571      1.98632      2.50837      0.13957
   26  pi+                1       211   24           0           0     -0.73657      1.15328      3.20633      3.48893      0.13957
 ==================================================================================================================================
                   sum charge:  0.00   sum momentum and inv. mass:     -0.00000      0.00000    120.00000    140.00339     72.11760



                            Event listing (standard)

    I  particle/jet  K(I,1)   K(I,2) K(I,3)     K(I,4)      K(I,5)       P(I,1)       P(I,2)       P(I,3)       P(I,4)       P(I,5)

    1  !e-!              21        11    0           3           4      0.00000      0.00000    -10.00000     10.00000      0.00051
    2  !p+!              21      2212    0           5           0     -0.00000      0.00000    130.00000    130.00339      0.93827
 ==================================================================================================================================
    3  !e-!              21        11    1           0           0      0.71282     -2.99917     -9.15479      9.65988      0.00051
    4  !gamma!           21        22    1           0           0     -0.71282      2.99917     -0.84521      0.34012     -3.17834
    5  !p+!              21      2212    2           0           0     -0.00000     -0.00000    130.00000    130.00339      0.93827
    6  !gamma!           21        22    4           0           0     -0.71485      3.00773     -0.82332      0.36539     -3.17834
    7  !d!               21         1    5           0           0      0.00007     -0.00028      4.24830      4.24830      0.00000
    8  !gamma!           21        22    6           0           0     -0.71485      3.00773     -0.82332      0.36539     -3.17834
    9  !d!               21         1    7           0           0      0.00007     -0.00028      4.24830      4.24830      0.00000
   10  !d!               21         1    9           0           0     -0.71479      3.00745      3.42497      4.61369      0.00000
 ==================================================================================================================================
   11  e-                 1        11    3           0           0      0.71282     -2.99917     -9.15479      9.65988      0.00051
   12  (uu_1)        A   12      2203    5          20          20     -0.19472     -0.23788    120.95236    120.95521      0.77133
   13  (g)           I   12        21   10          20          20      0.23392      0.21559      1.72050      1.74966      0.00000
   14  (u)           V   11         2   10          20          20     -0.90625      2.27734      5.24961      5.80300      0.33000
   15  (d)           A   12         1   10          17          17      0.52985      0.13414      0.68158      0.87366      0.00000
   16  (ubar)        V   11        -2   10          17          17     -0.37562      0.60998      0.55073      0.96196      0.33000
   17  (cluster)         11        91   15          18          19      0.15423      0.74412      1.23231      1.83562      1.12846
   18  (pi0)             11       111   17          26          27      0.62144      0.51766      0.80209      1.14704      0.13498
   19  pi-                1      -211   17           0           0     -0.46720      0.22646      0.43023      0.68858      0.13957
 ==================================================================================================================================
   20  (string)          11        92   12          21          25     -0.86705      2.25505    127.92247    128.50788     12.01165
   21  (Delta+)          11      2214   20          28          29     -0.06132      0.36465     84.61779     84.62633      1.14406
   22  (eta')            11       331   20          30          32     -0.24681     -0.08826     33.91694     33.93147      0.95767
   23  (rho0)            11       113   20          33          34     -0.05786      0.05681      2.99817      3.08988      0.74281
   24  (eta)             11       221   20          35          37     -0.63720      2.04855      6.09639      6.48600      0.54745
   25  pi+                1       211   20           0           0      0.13614     -0.12670      0.29318      0.37420      0.13957
   26  gamma              1        22   18           0           0      0.41078      0.26042      0.44672      0.66039      0.00000
   27  gamma              1        22   18           0           0      0.21066      0.25724      0.35536      0.48665      0.00000
   28  p+                 1      2212   21           0           0     -0.14030      0.39008     77.43814     77.44493      0.93827
   29  (pi0)             11       111   21          38          39      0.07898     -0.02543      7.17966      7.18140      0.13498
   30  pi+                1       211   22           0           0     -0.18411     -0.07826      6.69201      6.69646      0.13957
   31  pi-                1      -211   22           0           0      0.06848      0.06889      5.35281      5.35551      0.13957
   32  (eta)             11       221   22          40          42     -0.13118     -0.07889     21.87212     21.87950      0.54745
   33  pi+                1       211   23           0           0      0.14639     -0.24837      1.81912      1.84711      0.13957
   34  pi-                1      -211   23           0           0     -0.20426      0.30518      1.17905      1.24278      0.13957
   35  pi-                1      -211   24           0           0     -0.19624      0.40519      1.48560      1.55859      0.13957
   36  pi+                1       211   24           0           0     -0.30030      1.25716      3.28781      3.53551      0.13957
   37  (pi0)             11       111   24          43          44     -0.14066      0.38620      1.32297      1.39191      0.13498
   38  gamma              1        22   29           0           0      0.00798      0.04971      1.60421      1.60500      0.00000
   39  gamma              1        22   29           0           0      0.07101     -0.07513      5.57544      5.57640      0.00000
   40  (pi0)             11       111   32          45          46     -0.00402     -0.17708      9.07105      9.07379      0.13498
   41  (pi0)             11       111   32          47          48      0.00927      0.02899      4.39713      4.39930      0.13498
   42  (pi0)             11       111   32          49          50     -0.13643      0.06920      8.40393      8.40641      0.13498
   43  gamma              1        22   37           0           0     -0.06638      0.31976      1.10473      1.15199      0.00000
   44  gamma              1        22   37           0           0     -0.07428      0.06645      0.21825      0.23992      0.00000
   45  gamma              1        22   40           0           0      0.06182     -0.12127      5.33301      5.33474      0.00000
   46  gamma              1        22   40           0           0     -0.06584     -0.05581      3.73805      3.73905      0.00000
   47  gamma              1        22   41           0           0      0.06416     -0.00736      2.91442      2.91513      0.00000
   48  gamma              1        22   41           0           0     -0.05489      0.03636      1.48271      1.48417      0.00000
   49  gamma              1        22   42           0           0     -0.13808      0.00587      5.12129      5.12316      0.00000
   50  gamma              1        22   42           0           0      0.00166      0.06333      3.28264      3.28325      0.00000
 ==================================================================================================================================
                   sum charge:  0.00   sum momentum and inv. mass:     -0.00000      0.00000    120.00000    140.00339     72.11760



                            Event listing (standard)

    I  particle/jet  K(I,1)   K(I,2) K(I,3)     K(I,4)      K(I,5)       P(I,1)       P(I,2)       P(I,3)       P(I,4)       P(I,5)

    1  !e-!              21        11    0           3           4      0.00000      0.00000    -10.00000     10.00000      0.00051
    2  !p+!              21      2212    0           5           0     -0.00000      0.00000    130.00000    130.00339      0.93827
 ==================================================================================================================================
    3  !e-!              21        11    1           0           0     -1.58856      2.65233     -8.84516      9.36991      0.00051
    4  !gamma!           21        22    1           0           0      1.58856     -2.65233     -1.15484      0.63009     -3.23960
    5  !p+!              21      2212    2           0           0     -0.00000     -0.00000    130.00000    130.00339      0.93827
    6  !gamma!           21        22    4           0           0      1.59157     -2.65736     -1.14589      0.64243     -3.23960
    7  !ubar!            21        -2    5           0           0     -0.00007      0.00011      2.93410      2.93410      0.00000
    8  !gamma!           21        22    6           0           0      1.59157     -2.65736     -1.14589      0.64243     -3.23960
    9  !ubar!            21        -2    7           0           0     -0.00007      0.00011      2.93410      2.93410      0.00000
   10  !ubar!            21        -2    9           0           0      1.59150     -2.65725      1.78820      3.57652      0.00000
 ==================================================================================================================================
   11  p+                 1      2212    5           0           0      0.04882     -0.47720     50.90502     50.91592      0.93827
   12  e-                 1        11    3           0           0     -1.58856      2.65233     -8.84516      9.36991      0.00051
   13  (u)           A   12         2    5          17          17      0.06842      0.01585     73.88774     73.88851      0.33000
   14  (g)           I   12        21   10          17          17      0.37830      0.47588      2.06990      2.15733      0.00000
   15  (g)           I   12        21   10          17          17      0.02742     -1.17996      1.19653      1.68070      0.00000
   16  (ubar)        V   11        -2   10          17          17      1.06561     -1.48691      0.78597      1.99102      0.00000
 ==================================================================================================================================
   17  (string)          11        92   13          18          25      1.53974     -2.17514     77.94014     79.71756     16.52637
   18  pi+                1       211   17           0           0      0.02014     -0.26009     46.27289     46.27384      0.13957
   19  (pi0)             11       111   17          26          27      0.56889      0.39173     19.22745     19.24033      0.13498
   20  pi-                1      -211   17           0           0     -0.15864      0.49715      3.92858      3.96554      0.13957
   21  (pi0)             11       111   17          28          29     -0.12534     -0.77695      2.73142      2.84574      0.13498
   22  (rho0)            11       113   17          30          31     -0.43612     -0.25632      2.83102      2.97267      0.75247
   23  pi+                1       211   17           0           0      0.78601     -0.39232      0.73389      1.15317      0.13957
   24  (rho0)            11       113   17          32          33      0.70150     -1.74789      1.82784      2.68364      0.56008
   25  pi-                1      -211   17           0           0      0.18329      0.36956      0.38706      0.58263      0.13957
   26  gamma              1        22   19           0           0      0.51828      0.38817     17.06476     17.07704      0.00000
   27  gamma              1        22   19           0           0      0.05061      0.00356      2.16269      2.16329      0.00000
   28  gamma              1        22   21           0           0     -0.05139     -0.47659      1.43577      1.51368      0.00000
   29  gamma              1        22   21           0           0     -0.07396     -0.30035      1.29565      1.33206      0.00000
   30  pi-                1      -211   22           0           0      0.05658     -0.07961      1.79961      1.80765      0.13957
   31  pi+                1       211   22           0           0     -0.49270     -0.17671      1.03141      1.16502      0.13957
   32  pi+                1       211   24           0           0      0.62491     -0.93898      1.14296      1.61184      0.13957
   33  pi-                1      -211   24           0           0      0.07659     -0.80892      0.68488      1.07180      0.13957
 ==================================================================================================================================
                   sum charge:  0.00   sum momentum and inv. mass:     -0.00000      0.00000    120.00000    140.00339     72.11760



                            Event listing (standard)

    I  particle/jet  K(I,1)   K(I,2) K(I,3)     K(I,4)      K(I,5)       P(I,1)       P(I,2)       P(I,3)       P(I,4)       P(I,5)

    1  !e-!              21        11    0           3           4      0.00000      0.00000    -10.00000     10.00000      0.00051
    2  !p+!              21      2212    0           5           0     -0.00000      0.00000    130.00000    130.00339      0.93827
 ==================================================================================================================================
    3  !e-!              21        11    1           0           0     -0.29333     -1.19281     -1.07191      1.63029      0.00051
    4  !gamma!           21        22    1           0           0      0.29333      1.19281     -8.92809      8.36971     -3.34180
    5  !p+!              21      2212    2           0           0     -0.00000      0.00000    130.00000    130.00339      0.93827
    6  !gamma!           21        22    4           0           0      0.29319      1.19223     -8.60108      8.68826     -0.00000
    7  !g!               21        21    5           0           0      0.44874      0.05962     44.30690     44.30921     -0.00000
    8  !gamma!           21        22    6           0           0      0.21851      0.88856     -6.41030      6.47528      0.00000
    9  !g!               21        21    7           0           0     -4.35084      2.72946      2.43733      5.68509      0.00000
   10  !d!               21         1    0           0           0     -4.61993      6.80026     -2.45810      8.58711      0.33000
   11  !dbar!            21        -1    0           0           0      0.48761     -3.18225     -1.51488      3.57326      0.33000
 ==================================================================================================================================
   12  e-                 1        11    3           0           0     -0.29333     -1.19281     -1.07191      1.63029      0.00051
   13  (dbar)        A   12        -1   11          25          25      0.47370     -3.09288     -1.47268      3.47391      0.33000
   14  (u)           V   11         2    5          25          25     -0.08981      0.30868     22.04307     22.04789      0.33000
   15  (d)           A   12         1   10          32          32     -3.71966      6.11393     -2.58074      7.61479      0.33000
   16  (g)           I   12        21   10          32          32     -0.88637      0.59697      0.08044      1.07168      0.00000
   17  (g)           I   12        21    7          32          32     -0.24455     -0.60667      2.35824      2.44727      0.00000
   18  (g)           I   12        21    7          32          32      1.17695      0.06667      8.20649      8.29073      0.00000
   19  (g)           I   12        21    7          32          32      0.42843     -0.40019     10.57046     10.58671      0.00000
   20  (g)           I   12        21    7          32          32      0.84602     -0.43613      4.21559      4.32170      0.00000
   21  (g)           I   12        21    7          32          32      2.65823      0.57747      6.19607      6.76690      0.00000
   22  (g)           I   12        21    7          32          32      0.11467     -0.52784      0.55254      0.77270      0.00000
   23  (g)           I   12        21    7          32          32     -0.10549     -1.03947      7.57940      7.65108      0.00000
   24  (ud_0)        V   11      2101    5          32          32     -0.35878     -0.36771     63.32301     63.32774      0.57933
 ==================================================================================================================================
   25  (string)          11        92   13          26          31      0.38389     -2.78421     20.57039     25.52179     14.84324
   26  (rho0)            11       113   25          50          51      0.07493     -0.95342     -0.78450      1.47839      0.80968
   27  pi+                1       211   25           0           0      0.14057     -0.19525      0.61639      0.67624      0.13957
   28  pi-                1      -211   25           0           0      0.13386     -1.95301     -0.39742      2.00239      0.13957
   29  (pi0)             11       111   25          52          53      0.50555      0.51934      2.60453      2.70686      0.13498
   30  nbar0              1     -2112   25           0           0     -0.03504     -0.36795     12.06401     12.10619      0.93957
   31  p+                 1      2212   25           0           0     -0.43597      0.16608      6.46738      6.55172      0.93827
   32  (string)          11        92   15          33          49     -0.09055      3.97702    100.50152    112.85131     51.17654
   33  (pi0)             11       111   32          54          55     -1.97301      2.77530     -0.50105      3.44446      0.13498
   34  pi-                1      -211   32           0           0     -1.38617      1.60145     -1.24429      2.46046      0.13957
   35  (K*+)             11       323   32          56          57      0.01239      1.07040     -0.24497      1.41868      0.89818
   36  (phi)             11       333   32          58          59     -1.19340      0.45615      0.54215      1.72468      1.02388
   37  (Kbar0)           11      -311   32          60          60      0.12183      0.51415      1.16709      1.37439      0.49767
   38  (rho0)            11       113   32          61          62      0.12055      0.09140      0.83448      1.14899      0.77520
   39  (rho-)            11      -213   32          63          64      0.10365      0.22218      1.89198      2.06826      0.79875
   40  pi+                1       211   32           0           0     -0.34825     -0.53985      2.80109      2.87720      0.13957
   41  (omega)           11       223   32          65          67      1.40806     -0.27925      9.45167      9.59545      0.82341
   42  pi-                1      -211   32           0           0      1.74864      0.35760      8.33884      8.52885      0.13957
   43  (pi0)             11       111   32          68          69      0.38304     -0.84941      1.62898      1.88149      0.13498
   44  (K*+)             11       323   32          70          71      0.79166     -0.32043      4.02093      4.21132      0.91542
   45  K-                 1      -321   32           0           0     -0.14152      0.03328      2.11452      2.17622      0.49360
   46  pi+                1       211   32           0           0      0.77318     -0.06887      3.83657      3.91679      0.13957
   47  (rho0)            11       113   32          72          73     -0.38357     -0.45812      4.06520      4.19463      0.84381
   48  (rho-)            11      -213   32          74          75      0.37744     -0.35761     24.04514     24.06020      0.67403
   49  p+                 1      2212   32           0           0     -0.50505     -0.27135     37.75321     37.76922      0.93827
   50  pi+                1       211   26           0           0     -0.30112     -0.24815     -0.41631      0.58741      0.13957
   51  pi-                1      -211   26           0           0      0.37604     -0.70527     -0.36819      0.89099      0.13957
   52  gamma              1        22   29           0           0      0.07682      0.06694      0.22397      0.24606      0.00000
   53  gamma              1        22   29           0           0      0.42872      0.45240      2.38056      2.46080      0.00000
   54  gamma              1        22   33           0           0     -0.45126      0.62284     -0.17002      0.78770      0.00000
   55  gamma              1        22   33           0           0     -1.52176      2.15246     -0.33103      2.65676      0.00000
   56  (K0)              11       311   35          76          76      0.10021      0.26483     -0.14247      0.59004      0.49767
   57  pi+                1       211   35           0           0     -0.08782      0.80557     -0.10249      0.82863      0.13957
   58  K+                 1       321   36           0           0     -0.56098      0.08118      0.25782      0.79461      0.49360
   59  K-                 1      -321   36           0           0     -0.63242      0.37497      0.28433      0.93008      0.49360
   60  (K_S0)            11       310   37          77          78      0.12183      0.51415      1.16709      1.37439      0.49767
   61  pi-                1      -211   38           0           0      0.14039      0.39860      0.54766      0.70569      0.13957
   62  pi+                1       211   38           0           0     -0.01984     -0.30720      0.28682      0.44330      0.13957
   63  pi-                1      -211   39           0           0     -0.14005      0.20203      1.71381      1.73697      0.13957
   64  (pi0)             11       111   39          79          80      0.24369      0.02015      0.17817      0.33129      0.13498
   65  pi-                1      -211   41           0           0      0.82839     -0.02770      4.93829      5.00931      0.13957
   66  pi+                1       211   41           0           0     -0.03494     -0.03356      0.81413      0.82743      0.13957
   67  (pi0)             11       111   41          81          82      0.61461     -0.21799      3.69925      3.75871      0.13498
   68  gamma              1        22   43           0           0      0.10643     -0.17631      0.26599      0.33640      0.00000
   69  gamma              1        22   43           0           0      0.27661     -0.67310      1.36299      1.54510      0.00000
   70  (K0)              11       311   44          83          83      0.24273      0.01780      2.36067      2.42481      0.49767
   71  pi+                1       211   44           0           0      0.54892     -0.33823      1.66025      1.78652      0.13957
   72  pi-                1      -211   47           0           0      0.20599     -0.32248      1.39890      1.45700      0.13957
   73  pi+                1       211   47           0           0     -0.58957     -0.13564      2.66630      2.73763      0.13957
   74  pi-                1      -211   48           0           0      0.07450      0.16518      5.57119      5.57588      0.13957
   75  (pi0)             11       111   48          84          85      0.30294     -0.52279     18.47395     18.48432      0.13498
   76  (K_S0)            11       310   56          86          87      0.10021      0.26483     -0.14247      0.59004      0.49767
   77  (pi0)             11       111   60          88          89      0.25509      0.22773      0.74003      0.82631      0.13498
   78  (pi0)             11       111   60          90          91     -0.13326      0.28642      0.42706      0.54808      0.13498
   79  gamma              1        22   64           0           0      0.05274     -0.01654      0.11373      0.12645      0.00000
   80  gamma              1        22   64           0           0      0.19095      0.03669      0.06444      0.20485      0.00000
   81  gamma              1        22   67           0           0      0.07555     -0.02651      0.25481      0.26709      0.00000
   82  gamma              1        22   67           0           0      0.53906     -0.19148      3.44444      3.49162      0.00000
   83  K_L0               1       130   70           0           0      0.24273      0.01780      2.36067      2.42481      0.49767
   84  gamma              1        22   75           0           0      0.25285     -0.30887     11.66584     11.67267      0.00000
   85  gamma              1        22   75           0           0      0.05009     -0.21392      6.80811      6.81165      0.00000
   86  (pi0)             11       111   76          92          93      0.16158      0.28842     -0.22167      0.42030      0.13498
   87  (pi0)             11       111   76          94          95     -0.06137     -0.02358      0.07920      0.16975      0.13498
   88  gamma              1        22   77           0           0      0.23247      0.15120      0.64586      0.70288      0.00000
   89  gamma              1        22   77           0           0      0.02262      0.07653      0.09417      0.12343      0.00000
   90  gamma              1        22   78           0           0     -0.13876      0.14701      0.28027      0.34557      0.00000
   91  gamma              1        22   78           0           0      0.00550      0.13941      0.14679      0.20251      0.00000
   92  gamma              1        22   86           0           0      0.15988      0.17044     -0.18067      0.29539      0.00000
   93  gamma              1        22   86           0           0      0.00170      0.11797     -0.04100      0.12491      0.00000
   94  gamma              1        22   87           0           0     -0.06397      0.04507      0.02471      0.08206      0.00000
   95  gamma              1        22   87           0           0      0.00261     -0.06865      0.05449      0.08769      0.00000
 ==================================================================================================================================
                   sum charge:  0.00   sum momentum and inv. mass:      0.00000     -0.00000    120.00000    140.00339     72.11760



                            Event listing (standard)

    I  particle/jet  K(I,1)   K(I,2) K(I,3)     K(I,4)      K(I,5)       P(I,1)       P(I,2)       P(I,3)       P(I,4)       P(I,5)

    1  !e-!              21        11    0           3           4      0.00000      0.00000    -10.00000     10.00000      0.00051
    2  !p+!              21      2212    0           5           0     -0.00000      0.00000    130.00000    130.00339      0.93827
 ==================================================================================================================================
    3  !e-!              21        11    1           0           0     -3.70080     -5.81385     -8.60007     11.02080      0.00051
    4  !gamma!           21        22    1           0           0      3.70080      5.81385     -1.39993     -1.02080     -6.95806
    5  !p+!              21      2212    2           0           0     -0.00000      0.00000    130.00000    130.00339      0.93827
    6  !gamma!           21        22    4           0           0      3.73343      5.86510     -0.29140      0.09110     -6.95806
    7  !u!               21         2    5           0           0     -0.01588     -0.02495     62.74923     62.74924      0.00000
    8  !gamma!           21        22    6           0           0      3.73343      5.86510     -0.29140      0.09110     -6.95806
    9  !u!               21         2    7           0           0     -0.01588     -0.02495     62.74923     62.74924      0.00000
   10  !u!               21         2    9           0           0      3.71755      5.84015     62.45783     62.84034      0.00000
 ==================================================================================================================================
   11  e-                 1        11    3           0           0     -3.70080     -5.81385     -8.60007     11.02080      0.00051
   12  (u)           A   12         2   10          14          14      3.91817      5.56653     61.21984     61.59713      0.00000
   13  (ud_1)        V   11      2103    5          14          14     -0.21736      0.24732     67.38023     67.38545      0.77133
 ==================================================================================================================================
   14  (string)          11        92   12          15          18      3.70080      5.81385    128.60007    128.98259      7.14370
   15  p+                 1      2212   14           0           0      1.94322      2.44591     36.36245     36.50844      0.93827
   16  nbar0              1     -2112   14           0           0      1.67258      2.97077     33.28412     33.47146      0.93957
   17  (rho0)            11       113   14          19          20      0.27683      0.53528     11.41621     11.44918      0.62509
   18  (Delta0)          11      2114   14          21          22     -0.19182     -0.13811     47.53729     47.55350      1.21883
   19  pi-                1      -211   17           0           0      0.30257      0.46596      5.28827      5.31920      0.13957
   20  pi+                1       211   17           0           0     -0.02575      0.06932      6.12794      6.12998      0.13957
   21  n0                 1      2112   18           0           0     -0.20665     -0.28356     43.20886     43.22050      0.93957
   22  (pi0)             11       111   18          23          24      0.01483      0.14545      4.32843      4.33301      0.13498
   23  gamma              1        22   22           0           0     -0.04604      0.11060      3.30508      3.30725      0.00000
   24  gamma              1        22   22           0           0      0.06087      0.03485      1.02335      1.02575      0.00000
 ==================================================================================================================================
                   sum charge:  0.00   sum momentum and inv. mass:      0.00000      0.00000    120.00000    140.00339     72.11760



                            Event listing (standard)

    I  particle/jet  K(I,1)   K(I,2) K(I,3)     K(I,4)      K(I,5)       P(I,1)       P(I,2)       P(I,3)       P(I,4)       P(I,5)

    1  !e-!              21        11    0           3           4      0.00000      0.00000    -10.00000     10.00000      0.00051
    2  !p+!              21      2212    0           5           0     -0.00000      0.00000    130.00000    130.00339      0.93827
 ==================================================================================================================================
    3  !e-!              21        11    1           0           0     -2.49312     -2.54434     -9.50543     10.15099      0.00051
    4  !gamma!           21        22    1           0           0      2.49312      2.54434     -0.49457     -0.15099     -3.59320
    5  !p+!              21      2212    2           0           0     -0.00000     -0.00000    130.00000    130.00339      0.93827
    6  !gamma!           21        22    4           0           0      2.51759      2.56931     -0.13245      0.21451     -3.59320
    7  !u!               21         2    5           0           0     -0.00350     -0.00357     18.55417     18.55417      0.00000
    8  !gamma!           21        22    6           0           0      2.51759      2.56931     -0.13245      0.21451     -3.59320
    9  !u!               21         2    7           0           0     -0.00350     -0.00357     18.55417     18.55417      0.00000
   10  !u!               21         2    9           0           0      2.51409      2.56573     18.42172     18.76868      0.00000
 ==================================================================================================================================
   11  e-                 1        11    3           0           0     -2.49312     -2.54434     -9.50543     10.15099      0.00051
   12  (u)           A   12         2   10          14          14      2.40598      2.08863     14.55789     14.90246      0.00000
   13  (ud_0)        V   11      2101    5          14          14      0.08714      0.45571    114.94754    114.94994      0.57933
 ==================================================================================================================================
   14  (string)          11        92   12          15          19      2.49312      2.54434    129.50543    129.85240      8.79197
   15  (Delta0)          11      2114   14          20          21      0.18963      0.51681     10.23829     10.31242      1.10463
   16  (Deltabar+)       11     -1114   14          22          23      1.17416      0.49372     15.10907     15.21008      1.20014
   17  (eta)             11       221   14          24          25      0.74064      1.10614      7.38925      7.52813      0.54745
   18  (omega)           11       223   14          26          28      0.31668     -0.61995     30.31706     30.33507      0.77933
   19  n0                 1      2112   14           0           0      0.07201      1.04761     66.45176     66.46669      0.93957
   20  p+                 1      2212   15           0           0      0.23900      0.47472      9.13955      9.20294      0.93827
   21  pi-                1      -211   15           0           0     -0.04936      0.04209      1.09875      1.10947      0.13957
   22  nbar0              1     -2112   16           0           0      0.71788      0.37431      9.77017      9.84858      0.93957
   23  pi+                1       211   16           0           0      0.45628      0.11941      5.33889      5.36150      0.13957
   24  gamma              1        22   17           0           0     -0.04754      0.32784      1.77845      1.80904      0.00000
   25  gamma              1        22   17           0           0      0.78817      0.77830      5.61080      5.71909      0.00000
   26  pi+                1       211   18           0           0     -0.00236      0.10820      5.97642      5.97903      0.13957
   27  pi-                1      -211   18           0           0      0.24903     -0.49777     14.09208     14.10376      0.13957
   28  (pi0)             11       111   18          29          30      0.07000     -0.23037     10.24856     10.25227      0.13498
   29  gamma              1        22   28           0           0     -0.03588     -0.02491      2.01082      2.01130      0.00000
   30  gamma              1        22   28           0           0      0.10589     -0.20546      8.23774      8.24098      0.00000
 ==================================================================================================================================
                   sum charge:  0.00   sum momentum and inv. mass:     -0.00000     -0.00000    120.00000    140.00339     72.11760



                            Event listing (standard)

    I  particle/jet  K(I,1)   K(I,2) K(I,3)     K(I,4)      K(I,5)       P(I,1)       P(I,2)       P(I,3)       P(I,4)       P(I,5)

    1  !e-!              21        11    0           3           4      0.00000      0.00000    -10.00000     10.00000      0.00051
    2  !p+!              21      2212    0           5           0     -0.00000      0.00000    130.00000    130.00339      0.93827
 ==================================================================================================================================
    3  !e-!              21        11    1           0           0      3.05415     -0.63977     -9.43364      9.93633      0.00051
    4  !gamma!           21        22    1           0           0     -3.05415      0.63977     -0.56636      0.06367     -3.17078
    5  !p+!              21      2212    2           0           0     -0.00000     -0.00000    130.00000    130.00339      0.93827
    6  !omega_di!        21   9900220    4           0           0     -2.47752      0.59846     13.85859     14.48193      3.34210
    7  !p_diffr+!        21   9902210    5           0           0     -0.57664      0.04132    115.57505    115.58512      1.41177
 ==================================================================================================================================
    8  (u)           A   12         2    6          13          13     -2.41110      0.59001      4.77194      5.38905      0.33000
    9  (ubar)        V   11        -2    6          13          13     -0.06642      0.00844      9.08664      9.09288      0.33000
   10  pi-                1      -211    7           0           0     -0.06445     -0.09948     14.86371     14.86483      0.13957
   11  (Delta++)         11      2224    7          17          18     -0.51219      0.14080    100.71135    100.72029      1.23233
   12  e-                 1        11    3           0           0      3.05415     -0.63977     -9.43364      9.93633      0.00051
 ==================================================================================================================================
   13  (string)          11        92    8          14          16     -2.47752      0.59846     13.85859     14.48193      3.34210
   14  (omega)           11       223   13          19          21     -0.64643     -0.01259      7.12797      7.19979      0.78165
   15  pi+                1       211   13           0           0     -1.50899      0.21580      1.98244      2.50463      0.13957
   16  pi-                1      -211   13           0           0     -0.32210      0.39525      4.74818      4.77751      0.13957
   17  p+                 1      2212   11           0           0     -0.30235      0.15861     91.58911     91.59455      0.93827
   18  pi+                1       211   11           0           0     -0.20984     -0.01781      9.12224      9.12574      0.13957
   19  pi-                1      -211   14           0           0     -0.07264      0.02830      0.41498      0.44471      0.13957
   20  pi+                1       211   14           0           0     -0.42238     -0.14318      3.10750      3.14244      0.13957
   21  (pi0)             11       111   14          22          23     -0.15142      0.10229      3.60549      3.61264      0.13498
   22  gamma              1        22   21           0           0     -0.03159     -0.02511      0.32582      0.32831      0.00000
   23  gamma              1        22   21           0           0     -0.11982      0.12740      3.27967      3.28433      0.00000
 ==================================================================================================================================
                   sum charge:  0.00   sum momentum and inv. mass:      0.00000     -0.00000    120.00000    140.00339     72.11760



                            Event listing (standard)

    I  particle/jet  K(I,1)   K(I,2) K(I,3)     K(I,4)      K(I,5)       P(I,1)       P(I,2)       P(I,3)       P(I,4)       P(I,5)

    1  !e-!              21        11    0           3           4      0.00000      0.00000    -10.00000     10.00000      0.00051
    2  !p+!              21      2212    0           5           0     -0.00000      0.00000    130.00000    130.00339      0.93827
 ==================================================================================================================================
    3  !e-!              21        11    1           0           0      1.40456      5.11166     -7.91760      9.52839      0.00051
    4  !gamma!           21        22    1           0           0     -1.40456     -5.11166     -2.08240      0.47161     -5.67590
    5  !p+!              21      2212    2           0           0     -0.00000      0.00000    130.00000    130.00339      0.93827
    6  !gamma!           21        22    4           0           0     -1.40642     -5.11844     -2.06846      0.48895     -5.67590
    7  !u!               21         2    5           0           0      0.00009      0.00033      6.29784      6.29784      0.00000
    8  !gamma!           21        22    6           0           0     -1.40642     -5.11844     -2.06846      0.48895     -5.67590
    9  !u!               21         2    7           0           0      0.00009      0.00033      6.29784      6.29784      0.00000
   10  !u!               21         2    9           0           0     -1.40633     -5.11811      4.22939      6.78679      0.00000
 ==================================================================================================================================
   11  e-                 1        11    3           0           0      1.40456      5.11166     -7.91760      9.52839      0.00051
   12  (ud_1)        A   12      2103    5          15          15     -0.11177     -0.05699    115.11225    115.11490      0.77133
   13  (g)           I   12        21   10          15          15     -2.87461     -3.19181     12.06458     12.80645      0.00000
   14  (u)           V   11         2   10          15          15      1.58182     -1.86286      0.74077      2.55365      0.00000
 ==================================================================================================================================
   15  (string)          11        92   12          16          25     -1.40456     -5.11166    127.91760    130.47500     25.15377
   16  (Delta0)          11      2114   15          26          27      0.21990      0.18334     90.86332     90.87177      1.20534
   17  pi+                1       211   15           0           0     -0.83137     -1.43782     10.36542     10.49857      0.13957
   18  pi-                1      -211   15           0           0     -0.14113      0.40883      2.58754      2.62715      0.13957
   19  pi+                1       211   15           0           0     -0.07943      0.15006      6.53509      6.53879      0.13957
   20  (rho-)            11      -213   15          28          29     -0.67081     -0.74303      4.10285      4.29773      0.79689
   21  (rho+)            11       213   15          30          31      0.12362     -0.68170      6.46374      6.52339      0.54280
   22  (K*-)             11      -323   15          32          33     -1.05590     -0.82819      3.71680      4.04660      0.87150
   23  (K0)              11       311   15          34          34     -0.45122     -0.56572      2.35967      2.51781      0.49767
   24  pi+                1       211   15           0           0      0.70372     -0.44347      0.77788      1.14737      0.13957
   25  (pi0)             11       111   15          35          36      0.77806     -1.15396      0.14526      1.40582      0.13498
   26  n0                 1      2112   16           0           0      0.16982      0.11490     89.77347     89.77862      0.93957
   27  gamma              1        22   16           0           0      0.05008      0.06844      1.08986      1.09315      0.00000
   28  pi-                1      -211   20           0           0     -0.80152     -0.47144      2.79973      2.95341      0.13957
   29  (pi0)             11       111   20          37          38      0.13071     -0.27160      1.30313      1.34432      0.13498
   30  pi+                1       211   21           0           0      0.11165     -0.69430      5.90253      5.94591      0.13957
   31  (pi0)             11       111   21          39          40      0.01197      0.01259      0.56121      0.57747      0.13498
   32  K-                 1      -321   22           0           0     -0.70584     -0.86425      2.72999      2.99026      0.49360
   33  (pi0)             11       111   22          41          42     -0.35006      0.03606      0.98681      1.05634      0.13498
   34  (K_S0)            11       310   23          43          44     -0.45122     -0.56572      2.35967      2.51781      0.49767
   35  gamma              1        22   25           0           0      0.24373     -0.25669      0.03549      0.35574      0.00000
   36  gamma              1        22   25           0           0      0.53433     -0.89728      0.10977      1.05008      0.00000
   37  gamma              1        22   29           0           0      0.01648      0.00834      0.18906      0.18996      0.00000
   38  gamma              1        22   29           0           0      0.11423     -0.27994      1.11407      1.15437      0.00000
   39  gamma              1        22   31           0           0     -0.03313     -0.03738      0.39511      0.39826      0.00000
   40  gamma              1        22   31           0           0      0.04510      0.04997      0.16610      0.17922      0.00000
   41  gamma              1        22   33           0           0     -0.03917     -0.03805      0.10414      0.11759      0.00000
   42  gamma              1        22   33           0           0     -0.31089      0.07411      0.88267      0.93875      0.00000
   43  pi-                1      -211   34           0           0     -0.11683      0.02520      0.44020      0.47701      0.13957
   44  pi+                1       211   34           0           0     -0.33439     -0.59092      1.91947      2.04079      0.13957
 ==================================================================================================================================
                   sum charge:  0.00   sum momentum and inv. mass:      0.00000      0.00000    120.00000    140.00339     72.11760



                            Event listing (standard)

    I  particle/jet  K(I,1)   K(I,2) K(I,3)     K(I,4)      K(I,5)       P(I,1)       P(I,2)       P(I,3)       P(I,4)       P(I,5)

    1  !e-!              21        11    0           3           4      0.00000      0.00000    -10.00000     10.00000      0.00051
    2  !p+!              21      2212    0           5           0     -0.00000      0.00000    130.00000    130.00339      0.93827
 ==================================================================================================================================
    3  !e-!              21        11    1           0           0      1.38761     -3.02251     -9.66765     10.22372      0.00051
    4  !gamma!           21        22    1           0           0     -1.38761      3.02251     -0.33235     -0.22372     -3.33488
    5  !p+!              21      2212    2           0           0      0.00000     -0.00000    130.00000    130.00339      0.93827
    6  !gamma!           21        22    4           0           0     -1.42935      3.11342      2.69022      2.80219     -3.33488
    7  !u!               21         2    5           0           0      0.01594     -0.03472     48.49047     48.49049      0.00000
    8  !gamma!           21        22    6           0           0     -1.42935      3.11342      2.69022      2.80219     -3.33488
    9  !u!               21         2    7           0           0      0.01594     -0.03472     48.49047     48.49049      0.00000
   10  !u!               21         2    9           0           0     -1.41341      3.07870     51.18069     51.29268      0.00000
 ==================================================================================================================================
   11  e-                 1        11    3           0           0      1.38761     -3.02251     -9.66765     10.22372      0.00051
   12  (u)           A   12         2   10          14          14     -1.55066      3.14067     56.93015     57.03780      0.00000
   13  (ud_1)        V   11      2103    5          14          14      0.16304     -0.11817     72.73750     72.74187      0.77133
 ==================================================================================================================================
   14  (string)          11        92   12          15          18     -1.38761      3.02251    129.66765    129.77967      4.24278
   15  pi+                1       211   14           0           0      0.14352      0.73265     15.95078     15.96885      0.13957
   16  (K*0)             11       313   14          19          20     -0.76107      1.07650     25.09493     25.14657      0.92547
   17  (K*-)             11      -323   14          21          22     -0.35907      0.19260     47.01210     47.02146      0.84508
   18  (Delta+)          11      2214   14          23          24     -0.41099      1.02075     41.60984     41.64278      1.23758
   19  (K0)              11       311   16          25          25     -0.24246      0.51080      8.48298      8.51636      0.49767
   20  (pi0)             11       111   16          26          27     -0.51860      0.56570     16.61195     16.63021      0.13498
   21  K-                 1      -321   17           0           0     -0.02979     -0.05362     22.04817     22.05378      0.49360
   22  (pi0)             11       111   17          28          29     -0.32928      0.24622     24.96393     24.96768      0.13498
   23  p+                 1      2212   18           0           0     -0.38854      1.02788     32.72437     32.75625      0.93827
   24  (pi0)             11       111   18          30          31     -0.02245     -0.00713      8.88548      8.88653      0.13498
   25  (K_S0)            11       310   19          32          33     -0.24246      0.51080      8.48298      8.51636      0.49767
   26  gamma              1        22   20           0           0     -0.08701      0.10881      2.06505      2.06975      0.00000
   27  gamma              1        22   20           0           0     -0.43160      0.45689     14.54689     14.56046      0.00000
   28  gamma              1        22   22           0           0     -0.18225      0.07798      8.97166      8.97385      0.00000
   29  gamma              1        22   22           0           0     -0.14703      0.16824     15.99227     15.99383      0.00000
   30  gamma              1        22   24           0           0     -0.03335     -0.04674      7.89036      7.89057      0.00000
   31  gamma              1        22   24           0           0      0.01089      0.03961      0.99511      0.99596      0.00000
   32  (pi0)             11       111   25          34          35     -0.23197      0.23550      6.49862      6.50842      0.13498
   33  (pi0)             11       111   25          36          37     -0.01049      0.27530      1.98436      2.00793      0.13498
   34  gamma              1        22   32           0           0     -0.01152      0.07735      2.08863      2.09010      0.00000
   35  gamma              1        22   32           0           0     -0.22046      0.15815      4.40999      4.41833      0.00000
   36  gamma              1        22   33           0           0      0.02616      0.21308      1.73803      1.75124      0.00000
   37  gamma              1        22   33           0           0     -0.03665      0.06222      0.24633      0.25669      0.00000
 ==================================================================================================================================
                   sum charge:  0.00   sum momentum and inv. mass:      0.00000     -0.00000    120.00000    140.00339     72.11760

 Advisory warning: maximum violated by  1.867D+00 in event      12
 XSEC(96,1) increased to  2.163D-02

 Advisory warning: maximum violated by  1.368D+00 in event     300
 XSEC(96,1) increased to  2.959D-02

 Advisory warning: maximum violated by  1.308D+00 in event    2900
 XSEC(96,1) increased to  3.870D-02

 Advisory warning: maximum violated by  1.108D+00 in event    6980
 XSEC(96,1) increased to  4.288D-02

 Advisory warning: maximum violated by  1.014D+00 in event   14973
 XSEC(96,1) increased to  4.348D-02
1********* PYSTAT:  Statistics on Number of Events and Cross-sections *********

 ==============================================================================
 I                                  I                            I            I
 I            Subprocess            I      Number of points      I    Sigma   I
 I                                  I                            I            I
 I----------------------------------I----------------------------I    (mb)    I
 I                                  I                            I            I
 I N:o Type                         I    Generated         Tried I            I
 I                                  I                            I            I
 ==============================================================================
 I                                  I                            I            I
 I   0 All included subprocesses    I       500000      77590838 I  4.718D-05 I
 I  11 f + f' -> f + f' (QCD)       I         2332             0 I  4.051D-07 I
 I  12 f + fbar -> f' + fbar'       I           34             0 I  7.277D-09 I
 I  13 f + fbar -> g + g            I           51             0 I  1.060D-08 I
 I  28 f + g -> f + g               I         5424             0 I  8.283D-07 I
 I  53 g + g -> f + fbar            I           67             0 I  8.828D-09 I
 I  68 g + g -> g + g               I         2818             0 I  3.507D-07 I
 I  91 Elastic scattering           I         6657       5653259 I  6.266D-07 I
 I  92 Single diffractive (XB)      I         3306       4344406 I  3.017D-07 I
 I  93 Single diffractive (AX)      I         2395       3536996 I  2.165D-07 I
 I  94 Double  diffractive          I         1947       3816633 I  1.564D-07 I
 I  95 Low-pT scattering            I        13336         77925 I  1.009D-06 I
 I  99 q + gamma* -> q              I       454812      21122397 I  4.262D-05 I
 I 131 f + gamma*_T -> f + g        I         2919       2043905 I  2.766D-07 I
 I 132 f + gamma*_L -> f + g        I          183         98520 I  1.819D-08 I
 I 135 g + gamma*_T -> f + fbar     I         2731       5789423 I  2.603D-07 I
 I 136 g + gamma*_L -> f + fbar     I          988        937967 I  8.951D-08 I
 I                                  I                            I            I
 ==============================================================================
 I                                  I                            I            I
 I   1 VMD * hadron                 I        13064      36458445 I  1.536D-06 I
 I   2 direct * hadron              I         6821       8869815 I  6.446D-07 I
 I   3 anomalous * hadron           I        25303      11140181 I  2.384D-06 I
 I   4 DIS * hadron                 I       454812      21122397 I  4.262D-05 I
 I                                  I                            I            I
 ==============================================================================

 ********* Total number of errors, excluding junctions =        0 *************
 ********* Total number of errors, including junctions =        0 *************
 ********* Total number of warnings =                           0 *************
 ********* Fraction of events that fail fragmentation cuts =  0.00802 *********

1************ PYSTAT: User-Defined Limits on Kinematical Variables ************

 ==============================================================================
 I                                                                            I
 I                 0.000D+00 <  m_hard (GeV/c^2)  <  1.219D+01                I
 I    0.000D+00 ( 1.000D+00) <  p_T_hard (GeV/c)  <  6.095D+00                I
 I                             m_finite (GeV/c^2) =  1.000D+00                I
 I                -1.000D+01 <    y*_subsystem    <  1.000D+01                I
 I                -4.000D+01 <      y*_large      <  4.000D+01                I
 I                -4.000D+01 <      y*_small      <  4.000D+01                I
 I                -4.000D+01 <     eta*_large     <  4.000D+01                I
 I                -4.000D+01 <     eta*_small     <  4.000D+01                I
 I                -1.000D+00 < cos(theta*)_large  <  1.000D+00                I
 I                -1.000D+00 < cos(theta*)_small  <  1.000D+00                I
 I                 0.000D+00 <        x_1         <  1.000D+00                I
 I                 0.000D+00 <        x_2         <  1.000D+00                I
 I                -1.000D+00 <        x_F         <  1.000D+00                I
 I                -1.000D+00 <  cos(theta_hard)   <  1.000D+00                I
 I                 2.000D+00 < m'_hard (GeV/c^2)  <  1.219D+01                I
 I                                                                            I
 ==============================================================================
 The charm mass used is:    1.5000000000000000     
 ===================================================
 Pythia total cross section normalisation:   4.7181966199120400E-002  microbarn
 Total Number of generated events      500000
 Total Number of trials      500000
 ===================================================

 ===== PDFSTA statistics for PDF under/over-flows ====

 ====== STRUCTM statistics for nucleon/pion PDFs =====

   total # of calls    40441629.000000000     
   X  below PDF min    0.0000000000000000       or    0.0000000000000000       %
   X  above PDF max    0.0000000000000000       or    0.0000000000000000       %
   Q2 below PDF min    0.0000000000000000       or    0.0000000000000000       %
   Q2 above PDF max    0.0000000000000000       or    0.0000000000000000       %

 ========= STRUCTP statistics for photon PDFs ========

   total # of calls    0.0000000000000000     

