1                                                                              
 ******************************************************************************
 ******************************************************************************
 **                                                                          **
 **                                                                          **
 **              *......*                  Welcome to the Lund Monte Carlo!  **
 **         *:::!!:::::::::::*                                               **
 **      *::::::!!::::::::::::::*          PPP  Y   Y TTTTT H   H III   A    **
 **    *::::::::!!::::::::::::::::*        P  P  Y Y    T   H   H  I   A A   **
 **   *:::::::::!!:::::::::::::::::*       PPP    Y     T   HHHHH  I  AAAAA  **
 **   *:::::::::!!:::::::::::::::::*       P      Y     T   H   H  I  A   A  **
 **    *::::::::!!::::::::::::::::*!       P      Y     T   H   H III A   A  **
 **      *::::::!!::::::::::::::* !!                                         **
 **      !! *:::!!:::::::::::*    !!       This is PYTHIA version 6.428      **
 **      !!     !* -><- *         !!       Last date of change:  5 Sep 2013  **
 **      !!     !!                !!                                         **
 **      !!     !!                !!       Now is  0 Jan 2000 at  0:00:00    **
 **      !!                       !!                                         **
 **      !!        lh             !!       Disclaimer: this program comes    **
 **      !!                       !!       without any guarantees. Beware    **
 **      !!                 hh    !!       of errors and use common sense    **
 **      !!    ll                 !!       when interpreting results.        **
 **      !!                       !!                                         **
 **      !!                                Copyright T. Sjostrand (2011)     **
 **                                                                          **
 ** An archive of program versions and documentation is found on the web:    **
 ** http://www.thep.lu.se/~torbjorn/Pythia.html                              **
 **                                                                          **
 ** When you cite this program, the official reference is to the 6.4 manual: **
 ** T. Sjostrand, S. Mrenna and P. Skands, JHEP05 (2006) 026                 **
 ** (LU TP 06-13, FERMILAB-PUB-06-052-CD-T) [hep-ph/0603175].                **
 **                                                                          **
 ** Also remember that the program, to a large extent, represents original   **
 ** physics research. Other publications of special relevance to your        **
 ** studies may therefore deserve separate mention.                          **
 **                                                                          **
 ** Main author: Torbjorn Sjostrand; Department of Theoretical Physics,      **
 **   Lund University, Solvegatan 14A, S-223 62 Lund, Sweden;                **
 **   phone: + 46 - 46 - 222 48 16; e-mail: torbjorn@thep.lu.se              **
 ** Author: Stephen Mrenna; Computing Division, GDS Group,                   **
 **   Fermi National Accelerator Laboratory, MS 234, Batavia, IL 60510, USA; **
 **   phone: + 1 - 630 - 840 - 2556; e-mail: mrenna@fnal.gov                 **
 ** Author: Peter Skands; CERN/PH-TH, CH-1211 Geneva, Switzerland            **
 **   phone: + 41 - 22 - 767 24 47; e-mail: peter.skands@cern.ch             **
 **                                                                          **
 **                                                                          **
 ******************************************************************************
 ******************************************************************************
     MSEL           changed from              1 to              2
     MSTP(14)       changed from             30 to             30
     MSTP(15)       changed from              0 to              0
     MSTP(16)       changed from              1 to              1
     MSTP(17)       changed from              4 to              4
     MSTP(18)       changed from              3 to              3
     MSTP(19)       changed from              4 to              1
     MSTP(20)       changed from              3 to              0
     MSTP(32)       changed from              8 to              8
     MSTP(38)       changed from              5 to              4
     MSTP(51)       changed from              7 to          10050
     MSTP(52)       changed from              1 to              2
     MSTP(53)       changed from              3 to              3
     MSTP(54)       changed from              1 to              1
     MSTP(55)       changed from              5 to              5
     MSTP(56)       changed from              1 to              1
     MSTP(57)       changed from              1 to              1
     MSTP(58)       changed from              5 to              5
     MSTP(59)       changed from              1 to              1
     MSTP(60)       changed from              7 to              7
     MSTP(61)       changed from              2 to              2
     MSTP(71)       changed from              1 to              1
     MSTP(81)       changed from              1 to              0
     MSTP(82)       changed from              4 to              1
     MSTP(91)       changed from              1 to              1
     MSTP(92)       changed from              3 to              3
     MSTP(93)       changed from              1 to              1
     MSTP(101)      changed from              3 to              3
     MSTP(102)      changed from              1 to              1
     MSTP(111)      changed from              1 to              1
     MSTP(121)      changed from              0 to              0
     PARP(13)       changed from        1.00000 to        1.00000
     PARP(18)       changed from        0.40000 to        0.40000
     PARP(81)       changed from        1.90000 to        1.90000
     PARP(89)       changed from     1800.00000 to     1800.00000
     PARP(90)       changed from        0.25000 to        0.16000
     PARP(91)       changed from        2.00000 to        0.40000
     PARP(93)       changed from        5.00000 to        5.00000
     PARP(99)       changed from        1.00000 to        0.40000
     PARP(100)      changed from        5.00000 to        5.00000
     PARP(102)      changed from        0.28000 to        0.28000
     PARP(103)      changed from        1.00000 to        1.00000
     PARP(104)      changed from        0.80000 to        0.80000
     PARP(111)      changed from        2.00000 to        2.00000
     PARP(161)      changed from        2.20000 to        3.00000
     PARP(162)      changed from       23.60000 to       24.60000
     PARP(163)      changed from       18.40000 to       18.80000
     PARP(164)      changed from       11.50000 to       11.50000
     PARP(165)      changed from        0.50000 to        0.47679
     PARP(166)      changed from        0.00000 to        0.67597
     PARJ(1)        changed from        0.10000 to        0.10000
     PARJ(2)        changed from        0.30000 to        0.30000
     PARJ(11)       changed from        0.50000 to        0.50000
     PARJ(12)       changed from        0.60000 to        0.60000
     PARJ(21)       changed from        0.36000 to        0.40000
     PARJ(32)       changed from        1.00000 to        1.00000
     PARJ(33)       changed from        0.80000 to        0.80000
     PARJ(41)       changed from        0.30000 to        0.30000
     PARJ(42)       changed from        0.58000 to        0.58000
     PARJ(45)       changed from        0.50000 to        0.50000
     MSTJ(1)        changed from              1 to              1
     MSTJ(12)       changed from              2 to              1
     MSTJ(45)       changed from              5 to              5
     MSTU(112)      changed from              5 to              5
     MSTU(113)      changed from              3 to              5
     MSTU(114)      changed from              5 to              5
     CKIN(1)        changed from        2.00000 to        1.00000
     CKIN(2)        changed from       -1.00000 to       -1.00000
     CKIN(3)        changed from        0.00000 to        0.00000
     CKIN(4)        changed from       -1.00000 to       -1.00000
     CKIN(5)        changed from        1.00000 to        1.00000
     CKIN(6)        changed from        1.00000 to        1.00000
     CKIN(7)        changed from      -10.00000 to      -10.00000
     CKIN(8)        changed from       10.00000 to       10.00000
     CKIN(9)        changed from      -40.00000 to      -40.00000
     CKIN(10)       changed from       40.00000 to       40.00000
     CKIN(11)       changed from      -40.00000 to      -40.00000
     CKIN(12)       changed from       40.00000 to       40.00000
     CKIN(13)       changed from      -40.00000 to      -40.00000
     CKIN(14)       changed from       40.00000 to       40.00000
     CKIN(15)       changed from      -40.00000 to      -40.00000
     CKIN(16)       changed from       40.00000 to       40.00000
     CKIN(17)       changed from       -1.00000 to       -1.00000
     CKIN(18)       changed from        1.00000 to        1.00000
     CKIN(19)       changed from       -1.00000 to       -1.00000
     CKIN(20)       changed from        1.00000 to        1.00000
     CKIN(21)       changed from        0.00000 to        0.00000
     CKIN(22)       changed from        1.00000 to        1.00000
     CKIN(23)       changed from        0.00000 to        0.00000
     CKIN(24)       changed from        1.00000 to        1.00000
     CKIN(25)       changed from       -1.00000 to       -1.00000
     CKIN(26)       changed from        1.00000 to        1.00000
     CKIN(27)       changed from       -1.00000 to       -1.00000
     CKIN(28)       changed from        1.00000 to        1.00000
     CKIN(31)       changed from        2.00000 to        2.00000
     CKIN(32)       changed from       -1.00000 to       -1.00000
     CKIN(35)       changed from        0.00000 to        0.00000
     CKIN(36)       changed from       -1.00000 to       -1.00000
     CKIN(37)       changed from        0.00000 to        0.00000
     CKIN(38)       changed from       -1.00000 to       -1.00000
     CKIN(39)       changed from        4.00000 to        4.00000
     CKIN(40)       changed from       -1.00000 to       -1.00000
     CKIN(65)       changed from        0.00000 to        0.00000
     CKIN(66)       changed from       -1.00000 to       -1.00000
     CKIN(67)       changed from        0.00000 to        0.00000
     CKIN(68)       changed from       -1.00000 to       -1.00000
     CKIN(77)       changed from        2.00000 to        2.00000
     CKIN(78)       changed from       -1.00000 to       -1.00000
 *********************************************
 NOW all parameters are read by PYTHIA
 *********************************************
 SEED =   1403058911
 RANLUX LUXURY LEVEL SET BY RLUXGO : 4     P= 389
 RANLUX INITIALIZED BY RLUXGO FROM SEEDS  1403058911           0           0
   2771.0935550343875        10.000000000000000       -2771.0935550343875       -10.0000000    
 *********************************************
 proton beam momentum:   130.000000     GeV
 lepton beam momentum:   10.0000000     GeV
 resulting sqrt(s):   72.117599099066553      GeV
 *********************************************
1****************** PYINIT: initialization of PYTHIA routines *****************
 ==== PYTHIA WILL USE LHAPDF ====
 *************************************
 *       LHAPDF Version 5.9.1        *
 *   Configured for the following:   *
 *             All PDFs              *
 *         FULL MEMORY option        *
 *    Maximum  3 concurrent set(s)   *
 *************************************

 >>>>>> PDF description: <<<<<<
 CTEQ6M                                                          
 Reference:                                                      
 J. Pumplin, D.R. Stump, J. Huston, H.L. Lai, P. Nadolsky,       
 W.K. Tung                                                       
 hep-ph/0201195                                                  
 This set has 41 member PDFs.                                    
     mem=0 --> central value (cteq6m)                            
     mem=1-40 --> 20 sets of +ve/-ve error values                
 >>>>>>                   <<<<<<

 ==============================================
 PDFset name /cvmfs/sft.cern.ch/lcg/external/lhapdfsets/5.9.1/share/PDFsets/cteq6mE.LHgrid   
 with         40 members
 ====  initialized. ===========================
 Strong coupling at Mz for PDF is:  0.11798

 ==============================================================================
 I                                                                            I
 I      PYTHIA will be initialized for gamma/e- on p+ user configuration      I
 I                                                                            I
 I                  px (GeV/c)   py (GeV/c)   pz (GeV/c)      E (GeV)         I
 I        gamma/e-       0.000        0.000      -10.000       10.000         I
 I        p+             0.000        0.000      130.000      130.003         I
 I                                                                            I
 I           corresponding to     72.118 GeV center-of-mass energy            I
 I                                                                            I
 ==============================================================================

 ******** PYMAXI: summary of differential cross-section maximum search ********

           ==========================================================
           I                                      I                 I
           I  ISUB  Subprocess name               I  Maximum value  I
           I                                      I                 I
           ==========================================================
           I                                      I                 I
           I   91   Elastic scattering            I    4.1710D-04   I
           I   92   Single diffractive (XB)       I    3.1940D-04   I
           I   93   Single diffractive (AX)       I    2.6141D-04   I
           I   94   Double  diffractive           I    2.4494D-04   I
           I   95   Low-pT scattering             I    1.9207D-03   I
           I   96   Semihard QCD 2 -> 2           I    1.7479D-02   I
           I                                      I                 I
           ==========================================================

 ******** PYMAXI: summary of differential cross-section maximum search ********

           ==========================================================
           I                                      I                 I
           I  ISUB  Subprocess name               I  Maximum value  I
           I                                      I                 I
           ==========================================================
           I                                      I                 I
           I  131   f + gamma*_T -> f + g         I    1.9221D-04   I
           I  132   f + gamma*_L -> f + g         I    9.2718D-06   I
           I  135   g + gamma*_T -> f + fbar      I    5.4466D-04   I
           I  136   g + gamma*_L -> f + fbar      I    8.8198D-05   I
           I                                      I                 I
           ==========================================================

 ******** PYMAXI: summary of differential cross-section maximum search ********

           ==========================================================
           I                                      I                 I
           I  ISUB  Subprocess name               I  Maximum value  I
           I                                      I                 I
           ==========================================================
           I                                      I                 I
           I   91   Elastic scattering            I    1.0588D-04   I
           I   92   Single diffractive (XB)       I    8.2750D-05   I
           I   93   Single diffractive (AX)       I    6.5818D-05   I
           I   94   Double  diffractive           I    6.3002D-05   I
           I   95   Low-pT scattering             I    5.2345D-04   I
           I   96   Semihard QCD 2 -> 2           I    1.1588D-02   I
           I                                      I                 I
           ==========================================================

 ******** PYMAXI: summary of differential cross-section maximum search ********

           ==========================================================
           I                                      I                 I
           I  ISUB  Subprocess name               I  Maximum value  I
           I                                      I                 I
           ==========================================================
           I                                      I                 I
           I   99   q + gamma* -> q               I    1.9857D-03   I
           I                                      I                 I
           ==========================================================

 ********************** PYINIT: initialization completed **********************
 the outputfile will be named: outfiles/ep_10x130_Q2_10_100_norad.out                                                                                                                                                                                                                          



                            Event listing (standard)

    I  particle/jet  K(I,1)   K(I,2) K(I,3)     K(I,4)      K(I,5)       P(I,1)       P(I,2)       P(I,3)       P(I,4)       P(I,5)

    1  !e-!              21        11    0           3           4      0.00000      0.00000    -10.00000     10.00000      0.00051
    2  !p+!              21      2212    0           5           0     -0.00000      0.00000    130.00000    130.00339      0.93827
 ==================================================================================================================================
    3  !e-!              21        11    1           0           0     -2.31368      3.33137     -9.52846     10.35580      0.00051
    4  !gamma!           21        22    1           0           0      2.31368     -3.33137     -0.47154     -0.35580     -4.06778
    5  !p+!              21      2212    2           0           0     -0.00000      0.00000    130.00000    130.00339      0.93827
    6  !gamma!           21        22    4           0           0      2.37830     -3.42441      3.45113      3.57021     -4.06778
    7  !u!               21         2    5           0           0     -0.03453      0.04971     67.36289     67.36292      0.00000
    8  !gamma!           21        22    6           0           0      2.37830     -3.42441      3.45113      3.57021     -4.06778
    9  !u!               21         2    7           0           0     -0.03453      0.04971     67.36289     67.36292      0.00000
   10  !u!               21         2    9           0           0      2.34377     -3.37470     70.81402     70.93312      0.00000
 ==================================================================================================================================
   11  e-                 1        11    3           0           0     -2.31368      3.33137     -9.52846     10.35580      0.00051
   12  (ud_0)        A   12      2101    5          15          15      0.60822     -0.12917     53.68712     53.69385      0.57933
   13  (g)           I   12        21   10          15          15      0.75194     -0.52749      7.92326      7.97633      0.00000
   14  (u)           V   11         2   10          15          15      0.95352     -2.67471     67.91807     67.97741      0.00000
 ==================================================================================================================================
   15  (string)          11        92   12          16          18      2.31368     -3.33137    129.52846    129.64758      3.79769
   16  p+                 1      2212   15           0           0      0.60647     -0.05655     27.11978     27.14284      0.93827
   17  pbar-              1     -2212   15           0           0      0.65435     -0.61358     20.77005     20.81057      0.93827
   18  p+                 1      2212   15           0           0      1.05286     -2.66123     81.63863     81.69417      0.93827
 ==================================================================================================================================
                   sum charge:  0.00   sum momentum and inv. mass:      0.00000     -0.00000    120.00000    140.00339     72.11760



                            Event listing (standard)

    I  particle/jet  K(I,1)   K(I,2) K(I,3)     K(I,4)      K(I,5)       P(I,1)       P(I,2)       P(I,3)       P(I,4)       P(I,5)

    1  !e-!              21        11    0           3           4      0.00000      0.00000    -10.00000     10.00000      0.00051
    2  !p+!              21      2212    0           5           0     -0.00000      0.00000    130.00000    130.00339      0.93827
 ==================================================================================================================================
    3  !e-!              21        11    1           0           0     -8.03389      4.34813     -7.42576     11.77249      0.00051
    4  !gamma!           21        22    1           0           0      8.03389     -4.34813     -2.57424     -1.77249     -9.32387
    5  !p+!              21      2212    2           0           0      0.00000     -0.00000    130.00000    130.00339      0.93827
    6  !gamma!           21        22    4           0           0      8.06764     -4.36640     -2.13043     -1.32530     -9.32387
    7  !u!               21         2    5           0           0     -0.01402      0.00759     53.80646     53.80646      0.00000
    8  !gamma!           21        22    6           0           0      8.06764     -4.36640     -2.13043     -1.32530     -9.32387
    9  !u!               21         2    7           0           0     -0.01402      0.00759     53.80646     53.80646      0.00000
   10  !u!               21         2    9           0           0      8.05362     -4.35881     51.67603     52.48116      0.00000
 ==================================================================================================================================
   11  e-                 1        11    3           0           0     -8.03389      4.34813     -7.42576     11.77249      0.00051
   12  (ud_0)        A   12      2101    5          16          16     -0.12483     -0.15074     65.84638     65.84922      0.57933
   13  (g)           I   12        21   10          16          16      1.50875     -2.55125     20.92245     21.13135      0.00000
   14  (g)           I   12        21   10          16          16      3.71402     -1.57029     22.99714     23.34798      0.00000
   15  (u)           V   11         2   10          16          16      2.93594     -0.07585     17.65980     17.90235      0.00000
 ==================================================================================================================================
   16  (string)          11        92   12          17          22      8.03389     -4.34813    127.42576    128.23090     11.06291
   17  n0                 1      2112   16           0           0     -0.16153      0.00622     33.21904     33.23272      0.93957
   18  pi+                1       211   16           0           0      0.35702      0.10053     22.08338     22.08694      0.13957
   19  (omega)           11       223   16          23          25      0.22448     -1.75027     16.64476     16.76064      0.87014
   20  (rho0)            11       113   16          26          27      1.50514     -1.09762     15.48685     15.61547      0.72803
   21  (rho0)            11       113   16          28          29      4.63832     -0.91135     29.83738     30.22033      0.80927
   22  (rho0)            11       113   16          30          31      1.47045     -0.69564     10.15435     10.31480      0.79882
   23  pi-                1      -211   19           0           0      0.13616     -0.22597      2.38334      2.40195      0.13957
   24  pi+                1       211   19           0           0      0.08237     -1.51699     13.42203     13.50845      0.13957
   25  (pi0)             11       111   19          32          33      0.00596     -0.00731      0.83940      0.85023      0.13498
   26  pi+                1       211   20           0           0      0.43384      0.00228      3.87748      3.90417      0.13957
   27  pi-                1      -211   20           0           0      1.07130     -1.09990     11.60937     11.71130      0.13957
   28  pi-                1      -211   21           0           0      0.82765     -0.19015      3.86787      3.96246      0.13957
   29  pi+                1       211   21           0           0      3.81067     -0.72120     25.96951     26.25788      0.13957
   30  pi-                1      -211   22           0           0     -0.00444     -0.18918      1.76637      1.78195      0.13957
   31  pi+                1       211   22           0           0      1.47489     -0.50646      8.38798      8.53285      0.13957
   32  gamma              1        22   25           0           0     -0.05194     -0.02261      0.62705      0.62960      0.00000
   33  gamma              1        22   25           0           0      0.05790      0.01530      0.21235      0.22063      0.00000
 ==================================================================================================================================
                   sum charge:  0.00   sum momentum and inv. mass:      0.00000     -0.00000    120.00000    140.00339     72.11760



                            Event listing (standard)

    I  particle/jet  K(I,1)   K(I,2) K(I,3)     K(I,4)      K(I,5)       P(I,1)       P(I,2)       P(I,3)       P(I,4)       P(I,5)

    1  !e-!              21        11    0           3           4      0.00000      0.00000    -10.00000     10.00000      0.00051
    2  !p+!              21      2212    0           5           0     -0.00000      0.00000    130.00000    130.00339      0.93827
 ==================================================================================================================================
    3  !e-!              21        11    1           0           0      2.55932      5.73876     -5.52191      8.36510      0.00051
    4  !gamma!           21        22    1           0           0     -2.55932     -5.73876     -4.47809      1.63490     -7.54081
    5  !p+!              21      2212    2           0           0     -0.00000     -0.00000    130.00000    130.00339      0.93827
    6  !gamma!           21        22    4           0           0     -2.56074     -5.74193     -4.47542      1.64095     -7.54081
    7  !c!               21         4    5           0           0      0.00005      0.00011      4.64837      4.64837      0.00000
    8  !gamma!           21        22    6           0           0     -2.56074     -5.74193     -4.47542      1.64095     -7.54081
    9  !c!               21         4    7           0           0      0.00005      0.00011      4.64837      4.64837      0.00000
   10  !c!               21         4    9           0           0     -2.56069     -5.74182      0.17295      6.28932      0.00000
 ==================================================================================================================================
   11  (D*bar0)          11      -423    5          18          19      0.22198      0.12471     75.55690     75.58397      2.00670
   12  e-                 1        11    3           0           0      2.55932      5.73876     -5.52191      8.36510      0.00051
   13  (ud_0)        A   12      2101    5          20          20     -0.01894      0.19007     42.33708     42.34147      0.57933
   14  (u)           V   11         2   10          20          20      2.16607      0.52525      0.33730      2.27825      0.33000
   15  (c)           A   12         4   10          25          25     -3.33511     -3.10998      3.65880      5.84651      0.00000
   16  (g)           I   12        21   10          25          25     -1.89697     -2.86701      3.30743      4.77046      0.00000
   17  (ubar)        V   11        -2   10          25          25      0.30364     -0.60179      0.32440      0.81761      0.33000
 ==================================================================================================================================
   18  (Dbar0)           11      -421   11          28          29      0.19635      0.19029     74.81728     74.84100      1.86450
   19  gamma              1        22   11           0           0      0.02563     -0.06558      0.73962      0.74297      0.00000
   20  (string)          11        92   13          21          24      2.14713      0.71532     42.67438     44.61972     12.83336
   21  p+                 1      2212   20           0           0     -0.16804     -0.03701     37.62399     37.63608      0.93827
   22  (rho-)            11      -213   20          30          31     -0.09574      0.15046      3.74743      3.82734      0.75730
   23  (eta)             11       221   20          32          34      1.53676      0.28287      0.61327      1.76563      0.54745
   24  (rho+)            11       213   20          35          36      0.87416      0.31900      0.68969      1.39068      0.76967
   25  (string)          11        92   15          26          27     -4.92844     -6.57878      7.29063     11.43459      3.16649
   26  (D*_s+)           11       433   25          37          38     -4.43606     -5.87253      6.39437      9.97574      2.11240
   27  (K*-)             11      -323   25          39          40     -0.49238     -0.70626      0.89627      1.45885      0.76402
   28  K+                 1       321   18           0           0     -0.55013      0.18110     15.32591     15.34479      0.49360
   29  pi-                1      -211   18           0           0      0.74648      0.00919     59.49136     59.49621      0.13957
   30  pi-                1      -211   22           0           0      0.00676     -0.27269      1.14473      1.18503      0.13957
   31  (pi0)             11       111   22          41          42     -0.10251      0.42314      2.60270      2.64231      0.13498
   32  pi-                1      -211   23           0           0      0.20464      0.12272      0.12205      0.30218      0.13957
   33  pi+                1       211   23           0           0      0.94853      0.10688      0.39347      1.04184      0.13957
   34  (pi0)             11       111   23          43          44      0.38358      0.05327      0.09775      0.42160      0.13498
   35  pi+                1       211   24           0           0      0.65039     -0.05647      0.15193      0.68466      0.13957
   36  (pi0)             11       111   24          45          46      0.22376      0.37547      0.53776      0.70602      0.13498
   37  (D_s+)            11       431   26          47          48     -4.27616     -5.46080      5.93375      9.33757      1.96850
   38  gamma              1        22   26           0           0     -0.15990     -0.41173      0.46061      0.63817      0.00000
   39  (Kbar0)           11      -311   27          49          49     -0.20323     -0.29341      0.60195      0.85872      0.49767
   40  pi-                1      -211   27           0           0     -0.28915     -0.41285      0.29432      0.60013      0.13957
   41  gamma              1        22   31           0           0      0.01299      0.23265      1.31247      1.33299      0.00000
   42  gamma              1        22   31           0           0     -0.11550      0.19049      1.29023      1.30932      0.00000
   43  gamma              1        22   34           0           0      0.16090     -0.02500     -0.00785      0.16302      0.00000
   44  gamma              1        22   34           0           0      0.22269      0.07827      0.10560      0.25858      0.00000
   45  gamma              1        22   36           0           0      0.10032      0.24791      0.40068      0.48174      0.00000
   46  gamma              1        22   36           0           0      0.12344      0.12756      0.13708      0.22428      0.00000
   47  K+                 1       321   37           0           0     -1.71743     -1.49395      1.31851      2.67648      0.49360
   48  (K*bar0)          11      -313   37          50          51     -2.55873     -3.96685      4.61524      6.66109      0.88695
   49  K_L0               1       130   39           0           0     -0.20323     -0.29341      0.60195      0.85872      0.49767
   50  K-                 1      -321   48           0           0     -1.89492     -2.74890      3.61277      4.94398      0.49360
   51  pi+                1       211   48           0           0     -0.66382     -1.21795      1.00247      1.71711      0.13957
 ==================================================================================================================================
                   sum charge:  0.00   sum momentum and inv. mass:      0.00000      0.00000    120.00000    140.00339     72.11760



                            Event listing (standard)

    I  particle/jet  K(I,1)   K(I,2) K(I,3)     K(I,4)      K(I,5)       P(I,1)       P(I,2)       P(I,3)       P(I,4)       P(I,5)

    1  !e-!              21        11    0           3           4      0.00000      0.00000    -10.00000     10.00000      0.00051
    2  !p+!              21      2212    0           5           0     -0.00000      0.00000    130.00000    130.00339      0.93827
 ==================================================================================================================================
    3  !e-!              21        11    1           0           0      5.86310      0.68469     -8.52264     10.36727      0.00051
    4  !gamma!           21        22    1           0           0     -5.86310     -0.68469     -1.47736     -0.36727     -6.07392
    5  !p+!              21      2212    2           0           0     -0.00000      0.00000    130.00000    130.00339      0.93827
    6  !gamma!           21        22    4           0           0     -5.88097     -0.68678     -1.38076     -0.26729     -6.07392
    7  !u!               21         2    5           0           0      0.00228      0.00027     16.55422     16.55422      0.00000
    8  !gamma!           21        22    6           0           0     -5.88097     -0.68678     -1.38076     -0.26729     -6.07392
    9  !u!               21         2    7           0           0      0.00228      0.00027     16.55422     16.55422      0.00000
   10  !u!               21         2    9           0           0     -5.87869     -0.68651     15.17346     16.28693      0.00000
 ==================================================================================================================================
   11  e-                 1        11    3           0           0      5.86310      0.68469     -8.52264     10.36727      0.00051
   12  (ud_0)        A   12      2101    5          17          17      0.18872      0.23564     88.42100     88.42341      0.57933
   13  (g)           I   12        21   10          17          17      0.15893     -1.40035      8.39964      8.51706      0.00000
   14  (g)           I   12        21   10          17          17     -1.40317      1.69395     12.38883     12.58259      0.00000
   15  (g)           I   12        21   10          17          17     -2.49454      0.11012      5.43295      5.97928      0.00000
   16  (u)           V   11         2   10          17          17     -2.31304     -1.32406     13.88021     14.13378      0.00000
 ==================================================================================================================================
   17  (string)          11        92   12          18          27     -5.86310     -0.68469    128.52264    129.63612     15.89366
   18  p+                 1      2212   17           0           0      0.31602     -0.41620     24.61028     24.63370      0.93827
   19  (K*-)             11      -323   17          28          29     -0.32692      0.21620     40.48289     40.49367      0.84821
   20  (K*+)             11       323   17          30          31      0.28366     -0.32097     12.40614     12.44521      0.88741
   21  (rho-)            11      -213   17          32          33     -0.09504      0.29428     11.80523     11.83156      0.72588
   22  (rho0)            11       113   17          34          35     -0.61314      0.72710      8.63903      8.71730      0.67374
   23  (K*bar0)          11      -313   17          36          37     -0.48038     -0.72978      6.86465      6.99541      1.02423
   24  (K*0)             11       313   17          38          39     -0.95941      0.48106      5.00236      5.19821      0.91972
   25  (Kbar0)           11      -311   17          40          40     -0.67276      0.10644      2.43019      2.57244      0.49767
   26  (K*0)             11       313   17          41          42     -1.72668     -0.74556      7.27255      7.56358      0.88340
   27  (rho+)            11       213   17          43          44     -1.58847     -0.29726      9.00933      9.18504      0.76500
   28  (Kbar0)           11      -311   19          45          45     -0.06078      0.12302     33.16947     33.17349      0.49767
   29  pi-                1      -211   19           0           0     -0.26614      0.09319      7.31342      7.32019      0.13957
   30  (K0)              11       311   20          46          46     -0.01817      0.02698      6.95959      6.97743      0.49767
   31  pi+                1       211   20           0           0      0.30183     -0.34796      5.44656      5.46778      0.13957
   32  pi-                1      -211   21           0           0     -0.21908      0.07953      1.63472      1.65714      0.13957
   33  (pi0)             11       111   21          47          48      0.12404      0.21475     10.17051     10.17443      0.13498
   34  pi-                1      -211   22           0           0      0.10002      0.16865      2.25860      2.27138      0.13957
   35  pi+                1       211   22           0           0     -0.71316      0.55845      6.38043      6.44591      0.13957
   36  K-                 1      -321   23           0           0     -0.28412     -0.13373      1.86502      1.95462      0.49360
   37  pi+                1       211   23           0           0     -0.19626     -0.59605      4.99963      5.04079      0.13957
   38  (K0)              11       311   24          49          49     -0.35528      0.02935      2.80605      2.87205      0.49767
   39  (pi0)             11       111   24          50          51     -0.60413      0.45171      2.19630      2.32615      0.13498
   40  (K_S0)            11       310   25          52          53     -0.67276      0.10644      2.43019      2.57244      0.49767
   41  K+                 1       321   26           0           0     -1.41562     -0.54960      4.76622      5.02658      0.49360
   42  pi-                1      -211   26           0           0     -0.31106     -0.19595      2.50633      2.53699      0.13957
   43  pi+                1       211   27           0           0     -1.07726     -0.21492      7.54845      7.62924      0.13957
   44  (pi0)             11       111   27          54          55     -0.51121     -0.08234      1.46088      1.55579      0.13498
   45  K_L0               1       130   28           0           0     -0.06078      0.12302     33.16947     33.17349      0.49767
   46  K_L0               1       130   30           0           0     -0.01817      0.02698      6.95959      6.97743      0.49767
   47  gamma              1        22   33           0           0      0.02810      0.02867      0.48578      0.48743      0.00000
   48  gamma              1        22   33           0           0      0.09593      0.18608      9.68473      9.68699      0.00000
   49  K_L0               1       130   38           0           0     -0.35528      0.02935      2.80605      2.87205      0.49767
   50  gamma              1        22   39           0           0     -0.30508      0.29949      1.33535      1.40211      0.00000
   51  gamma              1        22   39           0           0     -0.29905      0.15222      0.86095      0.92404      0.00000
   52  pi+                1       211   40           0           0     -0.25653      0.01618      1.62320      1.64934      0.13957
   53  pi-                1      -211   40           0           0     -0.41623      0.09026      0.80699      0.92310      0.13957
   54  gamma              1        22   44           0           0     -0.02112      0.02420      0.06398      0.07159      0.00000
   55  gamma              1        22   44           0           0     -0.49009     -0.10654      1.39690      1.48420      0.00000
 ==================================================================================================================================
                   sum charge:  0.00   sum momentum and inv. mass:      0.00000      0.00000    120.00000    140.00339     72.11760



                            Event listing (standard)

    I  particle/jet  K(I,1)   K(I,2) K(I,3)     K(I,4)      K(I,5)       P(I,1)       P(I,2)       P(I,3)       P(I,4)       P(I,5)

    1  !e-!              21        11    0           3           4      0.00000      0.00000    -10.00000     10.00000      0.00051
    2  !p+!              21      2212    0           5           0     -0.00000      0.00000    130.00000    130.00339      0.93827
 ==================================================================================================================================
    3  !e-!              21        11    1           0           0     -1.04869     -9.17883     -6.73937     11.43546      0.00051
    4  !gamma!           21        22    1           0           0      1.04869      9.17883     -3.26063     -1.43546     -9.69133
    5  !p+!              21      2212    2           0           0     -0.00000     -0.00000    130.00000    130.00339      0.93827
    6  !gamma!           21        22    4           0           0      1.05063      9.19584     -3.17140     -1.34285     -9.69133
    7  !u!               21         2    5           0           0     -0.00038     -0.00336     25.66495     25.66495      0.00000
    8  !gamma!           21        22    6           0           0      1.05063      9.19584     -3.17140     -1.34285     -9.69133
    9  !u!               21         2    7           0           0     -0.00038     -0.00336     25.66495     25.66495      0.00000
   10  !u!               21         2    9           0           0      1.05025      9.19248     22.49355     24.32210      0.00000
 ==================================================================================================================================
   11  e-                 1        11    3           0           0     -1.04869     -9.17883     -6.73937     11.43546      0.00051
   12  (ud_1)        A   12      2103    5          15          15     -0.55224      0.06452    102.84431    102.84870      0.77133
   13  (g)           I   12        21   10          15          15      1.89313      5.05446     14.85210     15.80241      0.00000
   14  (u)           V   11         2   10          15          15     -0.29220      4.05986      9.04297      9.91681      0.00000
 ==================================================================================================================================
   15  (string)          11        92   12          16          24      1.04869      9.17883    126.73937    128.56792     19.53181
   16  (Delta+)          11      2214   15          25          26     -0.46436      0.35501     44.65053     44.67142      1.23461
   17  (pi0)             11       111   15          27          28      0.22996     -0.68097     13.43437     13.45426      0.13498
   18  (rho-)            11      -213   15          29          30      0.31548      0.74916     10.45650     10.51420      0.74116
   19  (rho+)            11       213   15          31          32     -0.43191      0.30046     15.17959     15.20641      0.73352
   20  pbar-              1     -2212   15           0           0      0.49687     -0.02288     13.64165     13.68293      0.93827
   21  p+                 1      2212   15           0           0     -0.20635      0.64364      4.95484      5.08799      0.93827
   22  (rho0)            11       113   15          33          34      0.35276      2.15639      8.79713      9.10187      0.82472
   23  (Deltabar0)       11     -2114   15          35          36      0.05746      1.20835      3.94465      4.28803      1.16770
   24  n0                 1      2112   15           0           0      0.69878      4.46967     11.68010     12.56081      0.93957
   25  n0                 1      2112   16           0           0     -0.50670      0.10615     33.57009     33.58722      0.93957
   26  pi+                1       211   16           0           0      0.04234      0.24886     11.08045     11.08420      0.13957
   27  gamma              1        22   17           0           0      0.14739     -0.23252      5.11546      5.12286      0.00000
   28  gamma              1        22   17           0           0      0.08257     -0.44845      8.31891      8.33140      0.00000
   29  pi-                1      -211   18           0           0      0.01518      0.73496      8.15049      8.18477      0.13957
   30  (pi0)             11       111   18          37          38      0.30031      0.01419      2.30601      2.32944      0.13498
   31  pi+                1       211   19           0           0      0.00393      0.26487      2.39710      2.41573      0.13957
   32  (pi0)             11       111   19          39          40     -0.43583      0.03559     12.78249     12.79068      0.13498
   33  pi-                1      -211   22           0           0      0.34493      1.84021      6.09184      6.37458      0.13957
   34  pi+                1       211   22           0           0      0.00783      0.31618      2.70530      2.72729      0.13957
   35  nbar0              1     -2112   23           0           0     -0.11348      1.03603      3.32702      3.61083      0.93957
   36  (pi0)             11       111   23          41          42      0.17094      0.17232      0.61763      0.67720      0.13498
   37  gamma              1        22   30           0           0      0.06111      0.06039      0.61239      0.61838      0.00000
   38  gamma              1        22   30           0           0      0.23919     -0.04620      1.69362      1.71105      0.00000
   39  gamma              1        22   32           0           0     -0.21060      0.07508      7.29968      7.30310      0.00000
   40  gamma              1        22   32           0           0     -0.22524     -0.03949      5.48281      5.48758      0.00000
   41  gamma              1        22   36           0           0      0.16470      0.18826      0.60826      0.65769      0.00000
   42  gamma              1        22   36           0           0      0.00624     -0.01594      0.00937      0.01952      0.00000
 ==================================================================================================================================
                   sum charge:  0.00   sum momentum and inv. mass:      0.00000      0.00000    120.00000    140.00339     72.11760



                            Event listing (standard)

    I  particle/jet  K(I,1)   K(I,2) K(I,3)     K(I,4)      K(I,5)       P(I,1)       P(I,2)       P(I,3)       P(I,4)       P(I,5)

    1  !e-!              21        11    0           3           4      0.00000      0.00000    -10.00000     10.00000      0.00051
    2  !p+!              21      2212    0           5           0     -0.00000      0.00000    130.00000    130.00339      0.93827
 ==================================================================================================================================
    3  !e-!              21        11    1           0           0      1.64634     -2.14012     -5.28446      5.93432      0.00051
    4  !gamma!           21        22    1           0           0     -1.64634      2.14012     -4.71554      4.06568     -3.60515
    5  !p+!              21      2212    2           0           0     -0.00000      0.00000    130.00000    130.00339      0.93827
    6  !gamma!           21        22    4           0           0     -1.64698      2.14095     -4.71678      4.06782     -3.60515
    7  !cbar!            21        -4    5           0           0      0.00000     -0.00000      0.73976      0.73976      0.00000
    8  !gamma!           21        22    6           0           0     -1.64698      2.14095     -4.71678      4.06782     -3.60515
    9  !cbar!            21        -4    7           0           0      0.00000     -0.00000      0.73976      0.73976      0.00000
   10  !cbar!            21        -4    9           0           0     -1.64697      2.14094     -3.97702      4.80758      0.00000
 ==================================================================================================================================
   11  (Sigma_c+)        11      4212    5          17          18     -0.02741     -0.47924     96.83516     96.86743      2.45350
   12  e-                 1        11    3           0           0      1.64634     -2.14012     -5.28446      5.93432      0.00051
   13  (u)           A   12         2    5          19          19     -0.03749      0.10140     31.60526     31.60717      0.33000
   14  (g)           I   12        21   10          19          19      0.23520      0.16802      0.12277      0.31405      0.00000
   15  (g)           I   12        21   10          19          19      0.68325      1.02165     -0.54305      1.34369      0.00000
   16  (cbar)        V   11        -4   10          19          19     -2.49990      1.32829     -2.73569      3.93673      0.00000
 ==================================================================================================================================
   17  (Lambda_c+)       11      4122   11          25          27     -0.07490     -0.52869     89.92887     89.95948      2.28490
   18  (pi0)             11       111   11          28          29      0.04749      0.04945      6.90630      6.90795      0.13498
   19  (string)          11        92   13          20          24     -1.61893      2.61937     28.44930     37.20164     23.77220
   20  (rho+)            11       213   19          30          31      0.18924     -0.17960     30.74307     30.75219      0.70183
   21  (rho0)            11       113   19          32          33      0.10776      1.13340     -0.15759      1.33356      0.67627
   22  (rho-)            11      -213   19          34          35     -0.79079      0.15912     -0.18564      1.08487      0.70130
   23  (rho0)            11       113   19          36          37     -0.14390      0.25903      0.24696      0.65837      0.53353
   24  (D*bar0)          11      -423   19          38          39     -0.98123      1.24742     -2.19751      3.37265      2.00670
   25  (K*0)             11       313   17          40          41     -0.18239     -0.13141     34.88541     34.89749      0.89040
   26  pi+                1       211   17           0           0     -0.01264     -0.00818      1.87074      1.87600      0.13957
   27  (Lambda0)         11      3122   17          42          43      0.12013     -0.38910     53.17272     53.18599      1.11568
   28  gamma              1        22   18           0           0     -0.02103      0.04020      0.81178      0.81305      0.00000
   29  gamma              1        22   18           0           0      0.06852      0.00925      6.09451      6.09491      0.00000
   30  pi+                1       211   20           0           0      0.20467     -0.06635      3.84872      3.85725      0.13957
   31  (pi0)             11       111   20          44          46     -0.01542     -0.11325     26.89435     26.89493      0.13498
   32  pi+                1       211   21           0           0     -0.04849      0.47445      0.22257      0.54449      0.13957
   33  pi-                1      -211   21           0           0      0.15625      0.65895     -0.38016      0.78907      0.13957
   34  pi-                1      -211   22           0           0     -0.48459      0.40824     -0.07405      0.65303      0.13957
   35  (pi0)             11       111   22          47          48     -0.30620     -0.24911     -0.11159      0.43184      0.13498
   36  pi+                1       211   23           0           0     -0.04574      0.25623     -0.06533      0.30248      0.13957
   37  pi-                1      -211   23           0           0     -0.09816      0.00279      0.31230      0.35588      0.13957
   38  (Dbar0)           11      -421   24          49          52     -0.83159      1.01214     -1.98602      3.02269      1.86450
   39  gamma              1        22   24           0           0     -0.14965      0.23528     -0.21148      0.34996      0.00000
   40  (K0)              11       311   25          53          53     -0.07874     -0.36868     22.66637     22.67497      0.49767
   41  (pi0)             11       111   25          54          55     -0.10364      0.23727     12.21903     12.22252      0.13498
   42  p+                 1      2212   27           0           0      0.06381     -0.39611     42.77268     42.78485      0.93827
   43  pi-                1      -211   27           0           0      0.05632      0.00701     10.40004     10.40114      0.13957
   44  gamma              1        22   31           0           0      0.01856     -0.09289     24.92149     24.92167      0.00000
   45  e-                 1        11   31           0           0     -0.00197     -0.00050      0.08656      0.08659      0.00051
   46  e+                 1       -11   31           0           0     -0.03201     -0.01986      1.88630      1.88668      0.00051
   47  gamma              1        22   35           0           0     -0.25356     -0.22505     -0.04245      0.34167      0.00000
   48  gamma              1        22   35           0           0     -0.05264     -0.02407     -0.06914      0.09017      0.00000
   49  (K*0)             11       313   38          56          57     -0.46808      0.72757     -1.23477      1.84409      1.06187
   50  pi-                1      -211   38           0           0     -0.18115     -0.08972     -0.00672      0.24574      0.13957
   51  pi+                1       211   38           0           0     -0.06626      0.34954     -0.51497      0.64128      0.13957
   52  (pi0)             11       111   38          58          59     -0.11610      0.02475     -0.22957      0.29157      0.13498
   53  (K_S0)            11       310   40          60          61     -0.07874     -0.36868     22.66637     22.67497      0.49767
   54  gamma              1        22   41           0           0     -0.07806      0.25059     11.23570     11.23877      0.00000
   55  gamma              1        22   41           0           0     -0.02559     -0.01332      0.98333      0.98375      0.00000
   56  K+                 1       321   49           0           0     -0.31520      0.59080     -1.33787      1.57541      0.49360
   57  pi-                1      -211   49           0           0     -0.15288      0.13677      0.10310      0.26868      0.13957
   58  gamma              1        22   52           0           0     -0.10161     -0.04267     -0.15252      0.18817      0.00000
   59  gamma              1        22   52           0           0     -0.01449      0.06742     -0.07704      0.10340      0.00000
   60  pi+                1       211   53           0           0      0.09848     -0.04145      3.43860      3.44309      0.13957
   61  pi-                1      -211   53           0           0     -0.17722     -0.32723     19.22778     19.23188      0.13957
 ==================================================================================================================================
                   sum charge:  0.00   sum momentum and inv. mass:     -0.00000      0.00000    120.00000    140.00339     72.11760



                            Event listing (standard)

    I  particle/jet  K(I,1)   K(I,2) K(I,3)     K(I,4)      K(I,5)       P(I,1)       P(I,2)       P(I,3)       P(I,4)       P(I,5)

    1  !e-!              21        11    0           3           4      0.00000      0.00000    -10.00000     10.00000      0.00051
    2  !p+!              21      2212    0           5           0     -0.00000      0.00000    130.00000    130.00339      0.93827
 ==================================================================================================================================
    3  !e-!              21        11    1           0           0      2.33950     -0.38711     -5.20914      5.72348      0.00051
    4  !gamma!           21        22    1           0           0     -2.33950      0.38711     -4.79086      4.27652     -3.20731
    5  !p+!              21      2212    2           0           0     -0.00000      0.00000    130.00000    130.00339      0.93827
    6  !gamma!           21        22    4           0           0     -2.34037      0.38725     -4.79223      4.27854     -3.20731
    7  !cbar!            21        -4    5           0           0      0.00000     -0.00000      0.56703      0.56703      0.00000
    8  !gamma!           21        22    6           0           0     -2.34037      0.38725     -4.79223      4.27854     -3.20731
    9  !cbar!            21        -4    7           0           0      0.00000     -0.00000      0.56703      0.56703      0.00000
   10  !cbar!            21        -4    9           0           0     -2.34037      0.38725     -4.22519      4.84557      0.00000
 ==================================================================================================================================
   11  (Lambda_c+)       11      4122    5          16          17      0.34335     -0.21137    127.74930    127.77037      2.28490
   12  e-                 1        11    3           0           0      2.33950     -0.38711     -5.20914      5.72348      0.00051
   13  (u)           A   12         2    5          18          18     -0.21207      0.12542      1.53744      1.59164      0.33000
   14  (g)           I   12        21   10          18          18     -0.34904      0.14440     -1.57890      1.62346      0.00000
   15  (cbar)        V   11        -4   10          18          18     -2.12175      0.32865     -2.49869      3.29444      0.00000
 ==================================================================================================================================
   16  (Delta++)         11      2224   11          22          23      0.31923      0.58704     66.96775     66.98157      1.18495
   17  K-                 1      -321   11           0           0      0.02413     -0.79840     60.78155     60.78880      0.49360
   18  (string)          11        92   13          19          21     -2.68285      0.59847     -2.54016      6.50953      5.32595
   19  pi+                1       211   18           0           0      0.19723     -0.17390      1.14740      1.18539      0.13957
   20  pi-                1      -211   18           0           0     -0.88573      0.36144     -0.73618      1.21515      0.13957
   21  (D*bar0)          11      -423   18          24          25     -1.99435      0.41094     -2.95139      4.10899      2.00670
   22  p+                 1      2212   16           0           0      0.22687      0.40895     43.87687     43.88939      0.93827
   23  pi+                1       211   16           0           0      0.09236      0.17808     23.09089     23.09218      0.13957
   24  (Dbar0)           11      -421   21          26          27     -1.89176      0.37768     -2.72312      3.82271      1.86450
   25  (pi0)             11       111   21          28          29     -0.10259      0.03326     -0.22827      0.28628      0.13498
   26  (K*+)             11       323   24          30          31     -1.13251      0.29474     -1.04792      1.80421      0.88745
   27  (rho-)            11      -213   24          32          33     -0.75925      0.08294     -1.67519      2.01850      0.82750
   28  gamma              1        22   25           0           0     -0.11113      0.05472     -0.10964      0.16542      0.00000
   29  gamma              1        22   25           0           0      0.00854     -0.02147     -0.11863      0.12086      0.00000
   30  (K0)              11       311   26          34          34     -0.32748      0.13401     -0.61105      0.86387      0.49767
   31  pi+                1       211   26           0           0     -0.80503      0.16073     -0.43687      0.94034      0.13957
   32  pi-                1      -211   27           0           0     -0.88951      0.01755     -1.17581      1.48106      0.13957
   33  (pi0)             11       111   27          35          36      0.13026      0.06539     -0.49938      0.53744      0.13498
   34  K_L0               1       130   30           0           0     -0.32748      0.13401     -0.61105      0.86387      0.49767
   35  gamma              1        22   33           0           0      0.09874     -0.02543     -0.23678      0.25779      0.00000
   36  gamma              1        22   33           0           0      0.03152      0.09082     -0.26261      0.27965      0.00000
 ==================================================================================================================================
                   sum charge:  0.00   sum momentum and inv. mass:     -0.00000      0.00000    120.00000    140.00339     72.11760



                            Event listing (standard)

    I  particle/jet  K(I,1)   K(I,2) K(I,3)     K(I,4)      K(I,5)       P(I,1)       P(I,2)       P(I,3)       P(I,4)       P(I,5)

    1  !e-!              21        11    0           3           4      0.00000      0.00000    -10.00000     10.00000      0.00051
    2  !p+!              21      2212    0           5           0     -0.00000      0.00000    130.00000    130.00339      0.93827
 ==================================================================================================================================
    3  !e-!              21        11    1           0           0      0.51844      3.75555     -8.34327      9.16423      0.00051
    4  !gamma!           21        22    1           0           0     -0.51844     -3.75555     -1.65673      0.83577     -4.05206
    5  !p+!              21      2212    2           0           0     -0.00000      0.00000    130.00000    130.00339      0.93827
    6  !gamma!           21        22    4           0           0     -0.51914     -3.76065     -1.65004      0.84585     -4.05206
    7  !u!               21         2    5           0           0      0.00002      0.00013      3.28905      3.28905      0.00000
    8  !gamma!           21        22    6           0           0     -0.51914     -3.76065     -1.65004      0.84585     -4.05206
    9  !u!               21         2    7           0           0      0.00002      0.00013      3.28905      3.28905      0.00000
   10  !u!               21         2    9           0           0     -0.51912     -3.76052      1.63901      4.13489      0.00000
 ==================================================================================================================================
   11  e-                 1        11    3           0           0      0.51844      3.75555     -8.34327      9.16423      0.00051
   12  (ud_1)        A   12      2103    5          15          15     -0.15663     -0.10358    125.93072    125.93322      0.77133
   13  (g)           I   12        21   10          15          15      0.20323     -0.65222      1.61113      1.74999      0.00000
   14  (u)           V   11         2   10          15          15     -0.56504     -2.99975      0.80142      3.15595      0.00000
 ==================================================================================================================================
   15  (string)          11        92   12          16          25     -0.51844     -3.75555    128.34327    130.83916     25.14989
   16  (Delta+)          11      2214   15          26          27     -0.09161      0.06134     81.99933     82.00930      1.27411
   17  (eta)             11       221   15          28          30     -0.05372     -0.39641      6.11307      6.15056      0.54745
   18  (rho0)            11       113   15          31          32      0.05045     -0.23541     20.13150     20.14833      0.78748
   19  (eta)             11       221   15          33          35      0.11697     -0.34291      4.37739      4.42635      0.54745
   20  pi-                1      -211   15           0           0     -0.79315      0.27567      7.45010      7.49857      0.13957
   21  pi+                1       211   15           0           0      0.66678     -0.03032      2.89635      2.97555      0.13957
   22  (eta)             11       221   15          36          38     -0.24486      0.03011      1.49921      1.61500      0.54745
   23  pbar-              1     -2212   15           0           0      0.10321     -0.33933      2.07257      2.30254      0.93827
   24  p+                 1      2212   15           0           0     -0.12036     -1.44917      1.59266      2.35192      0.93827
   25  (pi0)             11       111   15          39          40     -0.15214     -1.32910      0.21107      1.36104      0.13498
   26  n0                 1      2112   16           0           0     -0.30434     -0.03231     69.55710     69.56412      0.93957
   27  pi+                1       211   16           0           0      0.21273      0.09364     12.44223     12.44519      0.13957
   28  pi-                1      -211   17           0           0      0.08104     -0.08318      0.91703      0.93483      0.13957
   29  pi+                1       211   17           0           0     -0.04324     -0.19590      2.37523      2.38778      0.13957
   30  (pi0)             11       111   17          41          42     -0.09152     -0.11733      2.82081      2.82795      0.13498
   31  pi-                1      -211   18           0           0      0.07678      0.09611      1.28642      1.29981      0.13957
   32  pi+                1       211   18           0           0     -0.02633     -0.33153     18.84508     18.84853      0.13957
   33  (pi0)             11       111   19          43          44     -0.03456     -0.15705      1.02133      1.04269      0.13498
   34  (pi0)             11       111   19          45          46      0.03717     -0.21028      1.99668      2.01260      0.13498
   35  (pi0)             11       111   19          47          48      0.11436      0.02441      1.35938      1.37106      0.13498
   36  gamma              1        22   22           0           0     -0.32178     -0.02692      1.07448      1.12195      0.00000
   37  e+                 1       -11   22           0           0     -0.06477      0.04004      0.04757      0.08979      0.00051
   38  e-                 1        11   22           0           0      0.14169      0.01698      0.37717      0.40326      0.00051
   39  gamma              1        22   25           0           0     -0.12022     -0.50909      0.05862      0.52636      0.00000
   40  gamma              1        22   25           0           0     -0.03192     -0.82001      0.15244      0.83467      0.00000
   41  gamma              1        22   30           0           0     -0.02287     -0.12145      1.38621      1.39170      0.00000
   42  gamma              1        22   30           0           0     -0.06865      0.00412      1.43460      1.43625      0.00000
   43  gamma              1        22   33           0           0     -0.02530     -0.17290      0.72396      0.74475      0.00000
   44  gamma              1        22   33           0           0     -0.00925      0.01585      0.29737      0.29793      0.00000
   45  gamma              1        22   34           0           0     -0.03224     -0.04064      0.20092      0.20751      0.00000
   46  gamma              1        22   34           0           0      0.06941     -0.16964      1.79576      1.80509      0.00000
   47  gamma              1        22   35           0           0      0.02890      0.05979      0.90090      0.90334      0.00000
   48  gamma              1        22   35           0           0      0.08546     -0.03538      0.45848      0.46772      0.00000
 ==================================================================================================================================
                   sum charge:  0.00   sum momentum and inv. mass:      0.00000      0.00000    120.00000    140.00339     72.11760



                            Event listing (standard)

    I  particle/jet  K(I,1)   K(I,2) K(I,3)     K(I,4)      K(I,5)       P(I,1)       P(I,2)       P(I,3)       P(I,4)       P(I,5)

    1  !e-!              21        11    0           3           4      0.00000      0.00000    -10.00000     10.00000      0.00051
    2  !p+!              21      2212    0           5           0     -0.00000      0.00000    130.00000    130.00339      0.93827
 ==================================================================================================================================
    3  !e-!              21        11    1           0           0     -2.00185     -2.46152     -9.18926      9.72158      0.00051
    4  !gamma!           21        22    1           0           0      2.00185      2.46152     -0.81074      0.27842     -3.26286
    5  !p+!              21      2212    2           0           0     -0.00000     -0.00000    130.00000    130.00339      0.93827
    6  !gamma!           21        22    4           0           0      2.00807      2.46917     -0.78293      0.30962     -3.26286
    7  !u!               21         2    5           0           0     -0.00023     -0.00029      4.87117      4.87117      0.00000
    8  !gamma!           21        22    6           0           0      2.00807      2.46917     -0.78293      0.30962     -3.26286
    9  !u!               21         2    7           0           0     -0.00023     -0.00029      4.87117      4.87117      0.00000
   10  !u!               21         2    9           0           0      2.00784      2.46889      4.08824      5.18079      0.00000
 ==================================================================================================================================
   11  e-                 1        11    3           0           0     -2.00185     -2.46152     -9.18926      9.72158      0.00051
   12  (ud_0)        A   12      2101    5          16          16     -0.13680     -0.04022    118.30215    118.30366      0.57933
   13  (g)           I   12        21   10          16          16      0.47160     -0.00261      4.08998      4.11708      0.00000
   14  (g)           I   12        21   10          16          16      1.14788      0.21018      4.19091      4.35035      0.00000
   15  (u)           V   11         2   10          16          16      0.51917      2.29418      2.60623      3.51073      0.00000
 ==================================================================================================================================
   16  (string)          11        92   12          17          23      2.00185      2.46152    129.18926    130.28181     16.53532
   17  p+                 1      2212   16           0           0     -0.23445     -0.55203     72.84835     72.85686      0.93827
   18  (rho0)            11       113   16          24          25      0.89029      1.18704     40.24083     40.27637      0.81237
   19  pbar-              1     -2212   16           0           0      0.78999     -0.17735      6.04493      6.17066      0.93827
   20  n0                 1      2112   16           0           0     -0.60972      0.55978      6.54651      6.66518      0.93957
   21  (rho+)            11       213   16          26          27      0.99730      1.17234      2.76419      3.27329      0.83948
   22  pi-                1      -211   16           0           0     -0.12508     -0.05054      0.46317      0.50220      0.13957
   23  pi+                1       211   16           0           0      0.29352      0.32228      0.28129      0.53724      0.13957
   24  pi-                1      -211   18           0           0      0.01580      0.32199     16.08871     16.09255      0.13957
   25  pi+                1       211   18           0           0      0.87449      0.86506     24.15211     24.18382      0.13957
   26  pi+                1       211   21           0           0      0.44766      1.07143      2.00216      2.31873      0.13957
   27  (pi0)             11       111   21          28          29      0.54965      0.10091      0.76203      0.95457      0.13498
   28  gamma              1        22   27           0           0      0.42206      0.08843      0.66993      0.79671      0.00000
   29  gamma              1        22   27           0           0      0.12759      0.01248      0.09210      0.15785      0.00000
 ==================================================================================================================================
                   sum charge:  0.00   sum momentum and inv. mass:     -0.00000      0.00000    120.00000    140.00339     72.11760



                            Event listing (standard)

    I  particle/jet  K(I,1)   K(I,2) K(I,3)     K(I,4)      K(I,5)       P(I,1)       P(I,2)       P(I,3)       P(I,4)       P(I,5)

    1  !e-!              21        11    0           3           4      0.00000      0.00000    -10.00000     10.00000      0.00051
    2  !p+!              21      2212    0           5           0     -0.00000      0.00000    130.00000    130.00339      0.93827
 ==================================================================================================================================
    3  !e-!              21        11    1           0           0      4.28388     -1.85487     -9.27471     10.38327      0.00051
    4  !gamma!           21        22    1           0           0     -4.28388      1.85487     -0.72529     -0.38327     -4.70864
    5  !p+!              21      2212    2           0           0     -0.00000     -0.00000    130.00000    130.00339      0.93827
    6  !gamma!           21        22    4           0           0     -4.32598      1.87310     -0.09846      0.24694     -4.70864
    7  !u!               21         2    5           0           0      0.01039     -0.00450     31.94068     31.94068      0.00000
    8  !gamma!           21        22    6           0           0     -4.32598      1.87310     -0.09846      0.24694     -4.70864
    9  !u!               21         2    7           0           0      0.01039     -0.00450     31.94068     31.94068      0.00000
   10  !u!               21         2    9           0           0     -4.31559      1.86860     31.84222     32.18762      0.00000
 ==================================================================================================================================
   11  e-                 1        11    3           0           0      4.28388     -1.85487     -9.27471     10.38327      0.00051
   12  (ud_1)        A   12      2103    5          15          15     -0.03748      0.16548     91.94457     91.94796      0.77133
   13  (g)           I   12        21   10          15          15     -0.18658     -0.37132      1.59891      1.65203      0.00000
   14  (u)           V   11         2   10          15          15     -4.05982      2.06070     35.73123     36.02012      0.00000
 ==================================================================================================================================
   15  (string)          11        92   12          16          21     -4.28388      1.85487    129.27471    129.62011      8.22386
   16  (Delta0)          11      2114   15          22          23      0.12807      0.07163     35.92128     35.94154      1.19778
   17  (pi0)             11       111   15          24          25      0.44906      0.26066     30.00166     30.00645      0.13498
   18  (rho+)            11       213   15          26          27     -0.98099      0.09851     21.12507     21.16250      0.78148
   19  pi-                1      -211   15           0           0     -1.01338      0.45895      9.89518      9.95850      0.13957
   20  (omega)           11       223   15          28          30     -0.71213     -0.31835     11.69497     11.74683      0.77927
   21  (rho+)            11       213   15          31          32     -2.15451      1.28346     20.63655     20.80429      0.81370
   22  n0                 1      2112   16           0           0      0.03879      0.07260     34.11310     34.12613      0.93957
   23  (pi0)             11       111   16          33          34      0.08928     -0.00097      1.80818      1.81541      0.13498
   24  gamma              1        22   17           0           0      0.35675      0.26446     24.92073     24.92468      0.00000
   25  gamma              1        22   17           0           0      0.09231     -0.00380      5.08093      5.08177      0.00000
   26  pi+                1       211   18           0           0     -0.23664      0.24636     11.75054     11.75634      0.13957
   27  (pi0)             11       111   18          35          36     -0.74436     -0.14785      9.37453      9.40616      0.13498
   28  pi-                1      -211   20           0           0     -0.29458     -0.12941      2.49545      2.51998      0.13957
   29  pi+                1       211   20           0           0      0.08174     -0.02671      2.56157      2.56681      0.13957
   30  (pi0)             11       111   20          37          38     -0.49930     -0.16223      6.63795      6.66004      0.13498
   31  pi+                1       211   21           0           0     -1.54160      1.28021     15.61194     15.74063      0.13957
   32  (pi0)             11       111   21          39          40     -0.61291      0.00325      5.02461      5.06366      0.13498
   33  gamma              1        22   23           0           0      0.04698     -0.01463      0.17954      0.18616      0.00000
   34  gamma              1        22   23           0           0      0.04229      0.01366      1.62864      1.62925      0.00000
   35  gamma              1        22   27           0           0     -0.29336     -0.06472      4.54239      4.55232      0.00000
   36  gamma              1        22   27           0           0     -0.45100     -0.08312      4.83213      4.85384      0.00000
   37  gamma              1        22   30           0           0     -0.16683     -0.00210      2.56135      2.56677      0.00000
   38  gamma              1        22   30           0           0     -0.33247     -0.16013      4.07660      4.09327      0.00000
   39  gamma              1        22   32           0           0     -0.25980      0.05015      2.51723      2.53110      0.00000
   40  gamma              1        22   32           0           0     -0.35311     -0.04690      2.50739      2.53256      0.00000
 ==================================================================================================================================
                   sum charge:  0.00   sum momentum and inv. mass:      0.00000     -0.00000    120.00000    140.00339     72.11760

 Advisory warning: maximum violated by  1.051D+00 in event     479
 XSEC(96,1) increased to  1.218D-02

 Advisory warning: maximum violated by  3.146D+00 in event     918
 XSEC(96,1) increased to  3.830D-02

 Advisory warning: maximum violated by  1.124D+00 in event   12140
 XSEC(96,1) increased to  4.306D-02

 Advisory warning: maximum violated by  1.082D+00 in event   15487
 XSEC(96,1) increased to  4.659D-02

 Advisory warning: maximum violated by  1.126D+00 in event   17248
 XSEC(96,1) increased to  5.246D-02
1********* PYSTAT:  Statistics on Number of Events and Cross-sections *********

 ==============================================================================
 I                                  I                            I            I
 I            Subprocess            I      Number of points      I    Sigma   I
 I                                  I                            I            I
 I----------------------------------I----------------------------I    (mb)    I
 I                                  I                            I            I
 I N:o Type                         I    Generated         Tried I            I
 I                                  I                            I            I
 ==============================================================================
 I                                  I                            I            I
 I   0 All included subprocesses    I       500000      77840750 I  4.718D-05 I
 I  11 f + f' -> f + f' (QCD)       I         2252             0 I  3.916D-07 I
 I  12 f + fbar -> f' + fbar'       I           37             0 I  6.344D-09 I
 I  13 f + fbar -> g + g            I           49             0 I  8.998D-09 I
 I  28 f + g -> f + g               I         5376             0 I  8.156D-07 I
 I  53 g + g -> f + fbar            I           87             0 I  1.111D-08 I
 I  68 g + g -> g + g               I         2707             0 I  3.431D-07 I
 I  91 Elastic scattering           I         6788       5665683 I  6.264D-07 I
 I  92 Single diffractive (XB)      I         3258       4351003 I  3.013D-07 I
 I  93 Single diffractive (AX)      I         2424       3542352 I  2.167D-07 I
 I  94 Double  diffractive          I         1887       3831117 I  1.557D-07 I
 I  95 Low-pT scattering            I        13549         77249 I  1.042D-06 I
 I  99 q + gamma* -> q              I       454724      21158487 I  4.262D-05 I
 I 131 f + gamma*_T -> f + g        I         2949       2045693 I  2.759D-07 I
 I 132 f + gamma*_L -> f + g        I          195         99437 I  1.819D-08 I
 I 135 g + gamma*_T -> f + fbar     I         2791       5803030 I  2.603D-07 I
 I 136 g + gamma*_L -> f + fbar     I          927        941707 I  8.889D-08 I
 I                                  I                            I            I
 ==============================================================================
 I                                  I                            I            I
 I   1 VMD * hadron                 I        12917      36479614 I  1.536D-06 I
 I   2 direct * hadron              I         6862       8889867 I  6.433D-07 I
 I   3 anomalous * hadron           I        25497      11312782 I  2.382D-06 I
 I   4 DIS * hadron                 I       454724      21158487 I  4.262D-05 I
 I                                  I                            I            I
 ==============================================================================

 ********* Total number of errors, excluding junctions =        0 *************
 ********* Total number of errors, including junctions =        0 *************
 ********* Total number of warnings =                           0 *************
 ********* Fraction of events that fail fragmentation cuts =  0.00800 *********

1************ PYSTAT: User-Defined Limits on Kinematical Variables ************

 ==============================================================================
 I                                                                            I
 I                 0.000D+00 <  m_hard (GeV/c^2)  <  1.868D+01                I
 I    0.000D+00 ( 1.000D+00) <  p_T_hard (GeV/c)  <  9.342D+00                I
 I                             m_finite (GeV/c^2) =  1.000D+00                I
 I                -1.000D+01 <    y*_subsystem    <  1.000D+01                I
 I                -4.000D+01 <      y*_large      <  4.000D+01                I
 I                -4.000D+01 <      y*_small      <  4.000D+01                I
 I                -4.000D+01 <     eta*_large     <  4.000D+01                I
 I                -4.000D+01 <     eta*_small     <  4.000D+01                I
 I                -1.000D+00 < cos(theta*)_large  <  1.000D+00                I
 I                -1.000D+00 < cos(theta*)_small  <  1.000D+00                I
 I                 0.000D+00 <        x_1         <  1.000D+00                I
 I                 0.000D+00 <        x_2         <  1.000D+00                I
 I                -1.000D+00 <        x_F         <  1.000D+00                I
 I                -1.000D+00 <  cos(theta_hard)   <  1.000D+00                I
 I                 2.000D+00 < m'_hard (GeV/c^2)  <  1.868D+01                I
 I                                                                            I
 ==============================================================================
 The charm mass used is:    1.5000000000000000     
 ===================================================
 Pythia total cross section normalisation:   4.7182549700960967E-002  microbarn
 Total Number of generated events      500000
 Total Number of trials      500000
 ===================================================

 ===== PDFSTA statistics for PDF under/over-flows ====

 ====== STRUCTM statistics for nucleon/pion PDFs =====

   total # of calls    40594064.000000000     
   X  below PDF min    0.0000000000000000       or    0.0000000000000000       %
   X  above PDF max    0.0000000000000000       or    0.0000000000000000       %
   Q2 below PDF min    0.0000000000000000       or    0.0000000000000000       %
   Q2 above PDF max    0.0000000000000000       or    0.0000000000000000       %

 ========= STRUCTP statistics for photon PDFs ========

   total # of calls    0.0000000000000000     

