1                                                                              
 ******************************************************************************
 ******************************************************************************
 **                                                                          **
 **                                                                          **
 **              *......*                  Welcome to the Lund Monte Carlo!  **
 **         *:::!!:::::::::::*                                               **
 **      *::::::!!::::::::::::::*          PPP  Y   Y TTTTT H   H III   A    **
 **    *::::::::!!::::::::::::::::*        P  P  Y Y    T   H   H  I   A A   **
 **   *:::::::::!!:::::::::::::::::*       PPP    Y     T   HHHHH  I  AAAAA  **
 **   *:::::::::!!:::::::::::::::::*       P      Y     T   H   H  I  A   A  **
 **    *::::::::!!::::::::::::::::*!       P      Y     T   H   H III A   A  **
 **      *::::::!!::::::::::::::* !!                                         **
 **      !! *:::!!:::::::::::*    !!       This is PYTHIA version 6.428      **
 **      !!     !* -><- *         !!       Last date of change:  5 Sep 2013  **
 **      !!     !!                !!                                         **
 **      !!     !!                !!       Now is  0 Jan 2000 at  0:00:00    **
 **      !!                       !!                                         **
 **      !!        lh             !!       Disclaimer: this program comes    **
 **      !!                       !!       without any guarantees. Beware    **
 **      !!                 hh    !!       of errors and use common sense    **
 **      !!    ll                 !!       when interpreting results.        **
 **      !!                       !!                                         **
 **      !!                                Copyright T. Sjostrand (2011)     **
 **                                                                          **
 ** An archive of program versions and documentation is found on the web:    **
 ** http://www.thep.lu.se/~torbjorn/Pythia.html                              **
 **                                                                          **
 ** When you cite this program, the official reference is to the 6.4 manual: **
 ** T. Sjostrand, S. Mrenna and P. Skands, JHEP05 (2006) 026                 **
 ** (LU TP 06-13, FERMILAB-PUB-06-052-CD-T) [hep-ph/0603175].                **
 **                                                                          **
 ** Also remember that the program, to a large extent, represents original   **
 ** physics research. Other publications of special relevance to your        **
 ** studies may therefore deserve separate mention.                          **
 **                                                                          **
 ** Main author: Torbjorn Sjostrand; Department of Theoretical Physics,      **
 **   Lund University, Solvegatan 14A, S-223 62 Lund, Sweden;                **
 **   phone: + 46 - 46 - 222 48 16; e-mail: torbjorn@thep.lu.se              **
 ** Author: Stephen Mrenna; Computing Division, GDS Group,                   **
 **   Fermi National Accelerator Laboratory, MS 234, Batavia, IL 60510, USA; **
 **   phone: + 1 - 630 - 840 - 2556; e-mail: mrenna@fnal.gov                 **
 ** Author: Peter Skands; CERN/PH-TH, CH-1211 Geneva, Switzerland            **
 **   phone: + 41 - 22 - 767 24 47; e-mail: peter.skands@cern.ch             **
 **                                                                          **
 **                                                                          **
 ******************************************************************************
 ******************************************************************************
     MSEL           changed from              1 to              2
     MSTP(14)       changed from             30 to             30
     MSTP(15)       changed from              0 to              0
     MSTP(16)       changed from              1 to              1
     MSTP(17)       changed from              4 to              4
     MSTP(18)       changed from              3 to              3
     MSTP(19)       changed from              4 to              1
     MSTP(20)       changed from              3 to              0
     MSTP(32)       changed from              8 to              8
     MSTP(38)       changed from              5 to              4
     MSTP(51)       changed from              7 to          10050
     MSTP(52)       changed from              1 to              2
     MSTP(53)       changed from              3 to              3
     MSTP(54)       changed from              1 to              1
     MSTP(55)       changed from              5 to              5
     MSTP(56)       changed from              1 to              1
     MSTP(57)       changed from              1 to              1
     MSTP(58)       changed from              5 to              5
     MSTP(59)       changed from              1 to              1
     MSTP(60)       changed from              7 to              7
     MSTP(61)       changed from              2 to              2
     MSTP(71)       changed from              1 to              1
     MSTP(81)       changed from              1 to              0
     MSTP(82)       changed from              4 to              1
     MSTP(91)       changed from              1 to              1
     MSTP(92)       changed from              3 to              3
     MSTP(93)       changed from              1 to              1
     MSTP(101)      changed from              3 to              3
     MSTP(102)      changed from              1 to              1
     MSTP(111)      changed from              1 to              1
     MSTP(121)      changed from              0 to              0
     PARP(13)       changed from        1.00000 to        1.00000
     PARP(18)       changed from        0.40000 to        0.40000
     PARP(81)       changed from        1.90000 to        1.90000
     PARP(89)       changed from     1800.00000 to     1800.00000
     PARP(90)       changed from        0.25000 to        0.16000
     PARP(91)       changed from        2.00000 to        0.40000
     PARP(93)       changed from        5.00000 to        5.00000
     PARP(99)       changed from        1.00000 to        0.40000
     PARP(100)      changed from        5.00000 to        5.00000
     PARP(102)      changed from        0.28000 to        0.28000
     PARP(103)      changed from        1.00000 to        1.00000
     PARP(104)      changed from        0.80000 to        0.80000
     PARP(111)      changed from        2.00000 to        2.00000
     PARP(161)      changed from        2.20000 to        3.00000
     PARP(162)      changed from       23.60000 to       24.60000
     PARP(163)      changed from       18.40000 to       18.80000
     PARP(164)      changed from       11.50000 to       11.50000
     PARP(165)      changed from        0.50000 to        0.47679
     PARP(166)      changed from        0.00000 to        0.67597
     PARJ(1)        changed from        0.10000 to        0.10000
     PARJ(2)        changed from        0.30000 to        0.30000
     PARJ(11)       changed from        0.50000 to        0.50000
     PARJ(12)       changed from        0.60000 to        0.60000
     PARJ(21)       changed from        0.36000 to        0.40000
     PARJ(32)       changed from        1.00000 to        1.00000
     PARJ(33)       changed from        0.80000 to        0.80000
     PARJ(41)       changed from        0.30000 to        0.30000
     PARJ(42)       changed from        0.58000 to        0.58000
     PARJ(45)       changed from        0.50000 to        0.50000
     MSTJ(1)        changed from              1 to              1
     MSTJ(12)       changed from              2 to              1
     MSTJ(45)       changed from              5 to              5
     MSTU(112)      changed from              5 to              5
     MSTU(113)      changed from              3 to              5
     MSTU(114)      changed from              5 to              5
     CKIN(1)        changed from        2.00000 to        1.00000
     CKIN(2)        changed from       -1.00000 to       -1.00000
     CKIN(3)        changed from        0.00000 to        0.00000
     CKIN(4)        changed from       -1.00000 to       -1.00000
     CKIN(5)        changed from        1.00000 to        1.00000
     CKIN(6)        changed from        1.00000 to        1.00000
     CKIN(7)        changed from      -10.00000 to      -10.00000
     CKIN(8)        changed from       10.00000 to       10.00000
     CKIN(9)        changed from      -40.00000 to      -40.00000
     CKIN(10)       changed from       40.00000 to       40.00000
     CKIN(11)       changed from      -40.00000 to      -40.00000
     CKIN(12)       changed from       40.00000 to       40.00000
     CKIN(13)       changed from      -40.00000 to      -40.00000
     CKIN(14)       changed from       40.00000 to       40.00000
     CKIN(15)       changed from      -40.00000 to      -40.00000
     CKIN(16)       changed from       40.00000 to       40.00000
     CKIN(17)       changed from       -1.00000 to       -1.00000
     CKIN(18)       changed from        1.00000 to        1.00000
     CKIN(19)       changed from       -1.00000 to       -1.00000
     CKIN(20)       changed from        1.00000 to        1.00000
     CKIN(21)       changed from        0.00000 to        0.00000
     CKIN(22)       changed from        1.00000 to        1.00000
     CKIN(23)       changed from        0.00000 to        0.00000
     CKIN(24)       changed from        1.00000 to        1.00000
     CKIN(25)       changed from       -1.00000 to       -1.00000
     CKIN(26)       changed from        1.00000 to        1.00000
     CKIN(27)       changed from       -1.00000 to       -1.00000
     CKIN(28)       changed from        1.00000 to        1.00000
     CKIN(31)       changed from        2.00000 to        2.00000
     CKIN(32)       changed from       -1.00000 to       -1.00000
     CKIN(35)       changed from        0.00000 to        0.00000
     CKIN(36)       changed from       -1.00000 to       -1.00000
     CKIN(37)       changed from        0.00000 to        0.00000
     CKIN(38)       changed from       -1.00000 to       -1.00000
     CKIN(39)       changed from        4.00000 to        4.00000
     CKIN(40)       changed from       -1.00000 to       -1.00000
     CKIN(65)       changed from        0.00000 to        0.00000
     CKIN(66)       changed from       -1.00000 to       -1.00000
     CKIN(67)       changed from        0.00000 to        0.00000
     CKIN(68)       changed from       -1.00000 to       -1.00000
     CKIN(77)       changed from        2.00000 to        2.00000
     CKIN(78)       changed from       -1.00000 to       -1.00000
 *********************************************
 NOW all parameters are read by PYTHIA
 *********************************************
 SEED =   1223278376
 RANLUX LUXURY LEVEL SET BY RLUXGO : 4     P= 389
 RANLUX INITIALIZED BY RLUXGO FROM SEEDS  1223278376           0           0
   5328.9753403062132        10.000000000000000       -5328.9753403062132       -10.0000000    
 *********************************************
 proton beam momentum:   250.000000     GeV
 lepton beam momentum:   10.0000000     GeV
 resulting sqrt(s):   100.00457712527508      GeV
 *********************************************
1****************** PYINIT: initialization of PYTHIA routines *****************
 ==== PYTHIA WILL USE LHAPDF ====
 *************************************
 *       LHAPDF Version 5.9.1        *
 *   Configured for the following:   *
 *             All PDFs              *
 *         FULL MEMORY option        *
 *    Maximum  3 concurrent set(s)   *
 *************************************

 >>>>>> PDF description: <<<<<<
 CTEQ6M                                                          
 Reference:                                                      
 J. Pumplin, D.R. Stump, J. Huston, H.L. Lai, P. Nadolsky,       
 W.K. Tung                                                       
 hep-ph/0201195                                                  
 This set has 41 member PDFs.                                    
     mem=0 --> central value (cteq6m)                            
     mem=1-40 --> 20 sets of +ve/-ve error values                
 >>>>>>                   <<<<<<

 ==============================================
 PDFset name /cvmfs/sft.cern.ch/lcg/external/lhapdfsets/5.9.1/share/PDFsets/cteq6mE.LHgrid   
 with         40 members
 ====  initialized. ===========================
 Strong coupling at Mz for PDF is:  0.11798

 ==============================================================================
 I                                                                            I
 I      PYTHIA will be initialized for gamma/e- on p+ user configuration      I
 I                                                                            I
 I                  px (GeV/c)   py (GeV/c)   pz (GeV/c)      E (GeV)         I
 I        gamma/e-       0.000        0.000      -10.000       10.000         I
 I        p+             0.000        0.000      250.000      250.002         I
 I                                                                            I
 I           corresponding to    100.005 GeV center-of-mass energy            I
 I                                                                            I
 ==============================================================================

 ******** PYMAXI: summary of differential cross-section maximum search ********

           ==========================================================
           I                                      I                 I
           I  ISUB  Subprocess name               I  Maximum value  I
           I                                      I                 I
           ==========================================================
           I                                      I                 I
           I   91   Elastic scattering            I    4.5802D-04   I
           I   92   Single diffractive (XB)       I    3.3396D-04   I
           I   93   Single diffractive (AX)       I    2.7193D-04   I
           I   94   Double  diffractive           I    2.7235D-04   I
           I   95   Low-pT scattering             I    1.9842D-03   I
           I   96   Semihard QCD 2 -> 2           I    1.9401D-02   I
           I                                      I                 I
           ==========================================================

 ******** PYMAXI: summary of differential cross-section maximum search ********

           ==========================================================
           I                                      I                 I
           I  ISUB  Subprocess name               I  Maximum value  I
           I                                      I                 I
           ==========================================================
           I                                      I                 I
           I  131   f + gamma*_T -> f + g         I    1.8340D-04   I
           I  132   f + gamma*_L -> f + g         I    9.6222D-06   I
           I  135   g + gamma*_T -> f + fbar      I    5.6762D-04   I
           I  136   g + gamma*_L -> f + fbar      I    9.2431D-05   I
           I                                      I                 I
           ==========================================================

 ******** PYMAXI: summary of differential cross-section maximum search ********

           ==========================================================
           I                                      I                 I
           I  ISUB  Subprocess name               I  Maximum value  I
           I                                      I                 I
           ==========================================================
           I                                      I                 I
           I   91   Elastic scattering            I    1.1937D-04   I
           I   92   Single diffractive (XB)       I    8.8669D-05   I
           I   93   Single diffractive (AX)       I    7.0104D-05   I
           I   94   Double  diffractive           I    7.1830D-05   I
           I   95   Low-pT scattering             I    5.5769D-04   I
           I   96   Semihard QCD 2 -> 2           I    1.4517D-02   I
           I                                      I                 I
           ==========================================================

 ******** PYMAXI: summary of differential cross-section maximum search ********

           ==========================================================
           I                                      I                 I
           I  ISUB  Subprocess name               I  Maximum value  I
           I                                      I                 I
           ==========================================================
           I                                      I                 I
           I   99   q + gamma* -> q               I    2.3955D-03   I
           I                                      I                 I
           ==========================================================

 ********************** PYINIT: initialization completed **********************
 the outputfile will be named: outfiles/ep_10x250_Q2_10_100_norad.out                                                                                                                                                                                                                          



                            Event listing (standard)

    I  particle/jet  K(I,1)   K(I,2) K(I,3)     K(I,4)      K(I,5)       P(I,1)       P(I,2)       P(I,3)       P(I,4)       P(I,5)

    1  !e-!              21        11    0           3           4      0.00000      0.00000    -10.00000     10.00000      0.00051
    2  !p+!              21      2212    0           5           0     -0.00000      0.00000    250.00000    250.00176      0.93827
 ==================================================================================================================================
    3  !e-!              21        11    1           0           0     -1.77762      1.70231     -3.30502      4.12079      0.00051
    4  !gamma!           21        22    1           0           0      1.77762     -1.70231     -6.69498      5.87921     -4.03924
    5  !p+!              21      2212    2           0           0     -0.00000      0.00000    250.00000    250.00176      0.93827
    6  !gamma!           21        22    4           0           0      1.77787     -1.70254     -6.69573      5.88021     -4.03924
    7  !u!               21         2    5           0           0     -0.00000      0.00000      0.64868      0.64868      0.00000
    8  !gamma!           21        22    6           0           0      1.77787     -1.70254     -6.69573      5.88021     -4.03924
    9  !u!               21         2    7           0           0     -0.00000      0.00000      0.64868      0.64868      0.00000
   10  !u!               21         2    9           0           0      1.77787     -1.70254     -6.04706      6.52889      0.00000
 ==================================================================================================================================
   11  e-                 1        11    3           0           0     -1.77762      1.70231     -3.30502      4.12079      0.00051
   12  (ud_0)        A   12      2101    5          16          16      0.08411     -0.27954    247.97987    247.98072      0.57933
   13  (g)           I   12        21   10          16          16      0.75531      1.95132     -0.56961      2.16855      0.00000
   14  (g)           I   12        21   10          16          16     -0.19160      0.05066     -0.85237      0.87511      0.00000
   15  (u)           V   11         2   10          16          16      1.12980     -3.42474     -3.25287      4.85659      0.00000
 ==================================================================================================================================
   16  (string)          11        92   12          17          26      1.77762     -1.70231    243.30502    255.88097     79.19392
   17  p+                 1      2212   16           0           0     -0.09700      0.52061    106.03155    106.03702      0.93827
   18  (eta')            11       331   16          27          29      0.48710     -0.56132    117.24305    117.24932      0.95792
   19  (Deltabar-)       11     -2214   16          30          31     -0.39765      0.22550     12.16291     12.23323      1.22743
   20  (Delta0)          11      2114   16          32          33     -0.06043     -0.45932     11.85691     11.93067      1.24097
   21  (rho+)            11       213   16          34          35      0.57914      1.05099      0.08112      1.42955      0.77270
   22  (pi0)             11       111   16          36          37     -0.30493     -0.01176     -0.42090      0.53712      0.13498
   23  (omega)           11       223   16          38          39      0.52201      0.55897     -0.38796      1.16091      0.78246
   24  pi-                1      -211   16           0           0      0.17400     -1.11380     -0.39270      1.20188      0.13957
   25  (rho+)            11       213   16          40          41      0.29961     -0.01062     -1.16479      1.37117      0.65841
   26  (omega)           11       223   16          42          44      0.57577     -1.90156     -1.70417      2.73009      0.77574
   27  pi+                1       211   18           0           0      0.21234     -0.01926     22.30546     22.30691      0.13957
   28  pi-                1      -211   18           0           0      0.02133     -0.05304      8.61609      8.61741      0.13957
   29  (eta)             11       221   18          45          47      0.25343     -0.48902     86.32151     86.32500      0.54745
   30  pbar-              1     -2212   19           0           0     -0.13682      0.31740      9.58811      9.64011      0.93827
   31  (pi0)             11       111   19          48          49     -0.26083     -0.09190      2.57480      2.59312      0.13498
   32  p+                 1      2212   20           0           0      0.09613     -0.52039      8.74338      8.80949      0.93827
   33  pi-                1      -211   20           0           0     -0.15656      0.06107      3.11353      3.12119      0.13957
   34  pi+                1       211   21           0           0     -0.14688      0.24796      0.10897      0.33825      0.13957
   35  (pi0)             11       111   21          50          51      0.72601      0.80303     -0.02785      1.09131      0.13498
   36  gamma              1        22   22           0           0     -0.10521      0.04107     -0.07963      0.13819      0.00000
   37  gamma              1        22   22           0           0     -0.19972     -0.05282     -0.34127      0.39893      0.00000
   38  gamma              1        22   23           0           0      0.44541     -0.01339      0.01171      0.44577      0.00000
   39  (pi0)             11       111   23          52          53      0.07660      0.57236     -0.39967      0.71514      0.13498
   40  pi+                1       211   25           0           0      0.19765     -0.26041     -0.33582      0.48901      0.13957
   41  (pi0)             11       111   25          54          55      0.10196      0.24979     -0.82897      0.88216      0.13498
   42  pi-                1      -211   26           0           0      0.34423     -1.26407     -1.09616      1.71389      0.13957
   43  pi+                1       211   26           0           0      0.09951     -0.53795     -0.29411      0.63661      0.13957
   44  (pi0)             11       111   26          56          57      0.13204     -0.09954     -0.31389      0.37959      0.13498
   45  pi+                1       211   29           0           0      0.06115      0.01200     13.87593     13.87677      0.13957
   46  pi-                1      -211   29           0           0      0.17430     -0.33824     44.52245     44.52430      0.13957
   47  (pi0)             11       111   29          58          59      0.01797     -0.16278     27.92313     27.92394      0.13498
   48  gamma              1        22   31           0           0     -0.01816     -0.03801      0.78682      0.78795      0.00000
   49  gamma              1        22   31           0           0     -0.24267     -0.05389      1.78798      1.80518      0.00000
   50  gamma              1        22   35           0           0      0.44020      0.57180     -0.04721      0.72316      0.00000
   51  gamma              1        22   35           0           0      0.28581      0.23123      0.01936      0.36814      0.00000
   52  gamma              1        22   39           0           0      0.05027      0.34253     -0.31720      0.46954      0.00000
   53  gamma              1        22   39           0           0      0.02632      0.22984     -0.08247      0.24560      0.00000
   54  gamma              1        22   41           0           0      0.01456      0.15483     -0.30292      0.34051      0.00000
   55  gamma              1        22   41           0           0      0.08740      0.09496     -0.52605      0.54165      0.00000
   56  gamma              1        22   44           0           0     -0.01593      0.01298     -0.06986      0.07282      0.00000
   57  gamma              1        22   44           0           0      0.14797     -0.11252     -0.24404      0.30677      0.00000
   58  gamma              1        22   47           0           0      0.02938     -0.08323      5.90341      5.90407      0.00000
   59  gamma              1        22   47           0           0     -0.01141     -0.07955     22.01972     22.01986      0.00000
 ==================================================================================================================================
                   sum charge:  0.00   sum momentum and inv. mass:     -0.00000      0.00000    240.00000    260.00176    100.00458



                            Event listing (standard)

    I  particle/jet  K(I,1)   K(I,2) K(I,3)     K(I,4)      K(I,5)       P(I,1)       P(I,2)       P(I,3)       P(I,4)       P(I,5)

    1  !e-!              21        11    0           3           4      0.00000      0.00000    -10.00000     10.00000      0.00051
    2  !p+!              21      2212    0           5           0     -0.00000      0.00000    250.00000    250.00176      0.93827
 ==================================================================================================================================
    3  !e-!              21        11    1           0           0     -4.41759     -0.02642     -9.24786     10.24884      0.00051
    4  !gamma!           21        22    1           0           0      4.41759      0.02642     -0.75214     -0.24884     -4.47432
    5  !p+!              21      2212    2           0           0     -0.00000     -0.00000    250.00000    250.00176      0.93827
    6  !g!               21        21    4           0           0      0.00000      0.00000      0.00000      0.00000      0.00000
    7  !g!               21        21    5           0           0      0.00000      0.00000      0.00000      0.00000      0.00000
    8  !g!               21        21    6           0           0      0.00000      0.00000      0.00000      0.00000      0.00000
    9  !g!               21        21    7           0           0      0.00000      0.00000      0.00000      0.00000      0.00000
   10  !g!               21        21    0           0           0      0.00000      0.00000      0.00000      0.00000      0.00000
   11  !g!               21        21    0           0           0      0.00000      0.00000      0.00000      0.00000      0.00000
 ==================================================================================================================================
   12  e-                 1        11    3           0           0     -4.41759     -0.02642     -9.24786     10.24884      0.00051
   13  (s)           A   12         3    4          20          20      3.99430      0.24203     16.55783     17.04185      0.50000
   14  (ud_1)        V   11      2103    5          20          20     -0.05231      0.07369    203.44647    203.44795      0.77133
   15  (sbar)        A   12        -3    4          17          17      0.38750     -0.21583     14.47808     14.49350      0.50000
   16  (u)           V   11         2    5          17          17      0.08811     -0.07348     14.76548     14.76961      0.33000
   17  (cluster)         11        91   15          18          19      0.47561     -0.28930     29.24356     29.26311      0.91327
   18  (K0)              11       311   17          27          27      0.55399     -0.42672     23.19635     23.21223      0.49767
   19  pi+                1       211   17           0           0     -0.07839      0.13742      6.04721      6.05088      0.13957
 ==================================================================================================================================
   20  (string)          11        92   13          21          26      3.94198      0.31572    220.00430    220.48981     14.07916
   21  K-                 1      -321   20           0           0      2.33643      0.02220     10.47426     10.74305      0.49360
   22  (K*+)             11       323   20          28          29      0.73102     -0.01893      7.16628      7.26534      0.94590
   23  (Kbar0)           11      -311   20          30          30      0.84560      0.27504      5.56318      5.65573      0.49767
   24  pi-                1      -211   20           0           0      0.03462     -0.43527     17.39073     17.39677      0.13957
   25  (rho+)            11       213   20          31          32     -0.11312      0.28860     23.48907     23.50299      0.74676
   26  (Delta0)          11      2114   20          33          34      0.10743      0.18409    155.92078    155.92593      1.24978
   27  (K_S0)            11       310   18          35          36      0.55399     -0.42672     23.19635     23.21223      0.49767
   28  (K0)              11       311   22          37          37      0.06449     -0.08889      3.23281      3.27274      0.49767
   29  pi+                1       211   22           0           0      0.66653      0.06996      3.93347      3.99260      0.13957
   30  K_L0               1       130   23           0           0      0.84560      0.27504      5.56318      5.65573      0.49767
   31  pi+                1       211   25           0           0     -0.32127     -0.04876     14.30346     14.30783      0.13957
   32  (pi0)             11       111   25          38          39      0.20815      0.33736      9.18561      9.19515      0.13498
   33  n0                 1      2112   26           0           0      0.01500      0.22101     94.60223     94.60716      0.93957
   34  (pi0)             11       111   26          40          41      0.09243     -0.03693     61.31855     61.31877      0.13498
   35  pi-                1      -211   27           0           0      0.11088     -0.26540     13.10336     13.10726      0.13957
   36  pi+                1       211   27           0           0      0.44311     -0.16132     10.09299     10.10497      0.13957
   37  K_L0               1       130   28           0           0      0.06449     -0.08889      3.23281      3.27274      0.49767
   38  gamma              1        22   32           0           0      0.06851      0.22704      5.83577      5.84059      0.00000
   39  gamma              1        22   32           0           0      0.13964      0.11032      3.34984      3.35457      0.00000
   40  gamma              1        22   34           0           0     -0.01294     -0.04182     33.61426     33.61429      0.00000
   41  gamma              1        22   34           0           0      0.10538      0.00489     27.70429     27.70449      0.00000
 ==================================================================================================================================
                   sum charge:  0.00   sum momentum and inv. mass:     -0.00000      0.00000    240.00000    260.00176    100.00458



                            Event listing (standard)

    I  particle/jet  K(I,1)   K(I,2) K(I,3)     K(I,4)      K(I,5)       P(I,1)       P(I,2)       P(I,3)       P(I,4)       P(I,5)

    1  !e-!              21        11    0           3           4      0.00000      0.00000    -10.00000     10.00000      0.00051
    2  !p+!              21      2212    0           5           0     -0.00000      0.00000    250.00000    250.00176      0.93827
 ==================================================================================================================================
    3  !e-!              21        11    1           0           0     -2.21576      0.33579     -4.48025      5.00949      0.00051
    4  !gamma!           21        22    1           0           0      2.21576     -0.33579     -5.51975      4.99051     -3.25343
    5  !p+!              21      2212    2           0           0     -0.00000      0.00000    250.00000    250.00176      0.93827
    6  !gamma!           21        22    4           0           0      2.21613     -0.33585     -5.52050      4.99151     -3.25343
    7  !ubar!            21        -2    5           0           0     -0.00000      0.00000      0.50346      0.50346      0.00000
    8  !gamma!           21        22    6           0           0      2.21613     -0.33585     -5.52050      4.99151     -3.25343
    9  !ubar!            21        -2    7           0           0     -0.00000      0.00000      0.50346      0.50346      0.00000
   10  !ubar!            21        -2    9           0           0      2.21613     -0.33585     -5.01704      5.49497      0.00000
 ==================================================================================================================================
   11  (Delta++)         11      2224    5          16          17     -0.94331     -0.18200    178.93267    178.93897      1.15407
   12  e-                 1        11    3           0           0     -2.21576      0.33579     -4.48025      5.00949      0.00051
   13  (d)           A   12         1    5          18          18      0.96945      0.09845     70.47910     70.48661      0.33000
   14  (g)           I   12        21   10          18          18      1.80425     -0.72438     -4.07995      4.51952      0.00000
   15  (ubar)        V   11        -2   10          18          18      0.38537      0.47213     -0.85156      1.04718      0.00000
 ==================================================================================================================================
   16  p+                 1      2212   11           0           0     -0.91676     -0.24029    151.44933    151.45521      0.93827
   17  pi+                1       211   11           0           0     -0.02655      0.05829     27.48333     27.48376      0.13957
   18  (string)          11        92   13          19          25      3.15907     -0.15380     65.54759     76.05330     38.43976
   19  (omega)           11       223   18          26          28      1.17670      0.22922     50.19881     50.21923      0.78350
   20  (rho-)            11      -213   18          29          30     -0.57071     -0.00274     18.41680     18.44432      0.82991
   21  (omega)           11       223   18          31          33      0.42017     -0.72662      0.42362      1.21804      0.77437
   22  (rho0)            11       113   18          34          35      0.19462      0.62444      0.18887      1.12644      0.89743
   23  K+                 1       321   18           0           0      0.91852     -0.26385     -0.79075      1.33500      0.49360
   24  (K*bar0)          11      -313   18          36          37      0.18415      0.41648     -0.45506      1.09665      0.88780
   25  pi-                1      -211   18           0           0      0.83564     -0.43073     -2.43470      2.61363      0.13957
   26  pi+                1       211   19           0           0      0.78286     -0.07473     29.73826     29.74898      0.13957
   27  pi-                1      -211   19           0           0      0.06684      0.05050      8.94487      8.94635      0.13957
   28  (pi0)             11       111   19          38          39      0.32700      0.25345     11.51568     11.52390      0.13498
   29  pi-                1      -211   20           0           0     -0.26540     -0.34942      5.75992      5.77830      0.13957
   30  (pi0)             11       111   20          40          41     -0.30531      0.34668     12.65688     12.66602      0.13498
   31  pi-                1      -211   21           0           0      0.06420     -0.36581      0.35095      0.52970      0.13957
   32  pi+                1       211   21           0           0      0.39452     -0.18024      0.04198      0.45757      0.13957
   33  (pi0)             11       111   21          42          43     -0.03855     -0.18057      0.03070      0.23077      0.13498
   34  pi-                1      -211   22           0           0     -0.32830      0.36469      0.08882      0.51783      0.13957
   35  pi+                1       211   22           0           0      0.52292      0.25975      0.10005      0.60861      0.13957
   36  K-                 1      -321   24           0           0     -0.17188      0.22777     -0.28687      0.63824      0.49360
   37  pi+                1       211   24           0           0      0.35602      0.18871     -0.16819      0.45840      0.13957
   38  gamma              1        22   28           0           0      0.12533      0.06086      2.47320      2.47712      0.00000
   39  gamma              1        22   28           0           0      0.20167      0.19259      9.04248      9.04678      0.00000
   40  gamma              1        22   30           0           0     -0.09706      0.08659      2.20153      2.20537      0.00000
   41  gamma              1        22   30           0           0     -0.20826      0.26008     10.45535     10.46066      0.00000
   42  gamma              1        22   33           0           0     -0.08008     -0.16392      0.01385      0.18296      0.00000
   43  gamma              1        22   33           0           0      0.04153     -0.01665      0.01685      0.04781      0.00000
 ==================================================================================================================================
                   sum charge:  0.00   sum momentum and inv. mass:      0.00000     -0.00000    240.00000    260.00176    100.00458



                            Event listing (standard)

    I  particle/jet  K(I,1)   K(I,2) K(I,3)     K(I,4)      K(I,5)       P(I,1)       P(I,2)       P(I,3)       P(I,4)       P(I,5)

    1  !e-!              21        11    0           3           4      0.00000      0.00000    -10.00000     10.00000      0.00051
    2  !p+!              21      2212    0           5           0     -0.00000      0.00000    250.00000    250.00176      0.93827
 ==================================================================================================================================
    3  !e-!              21        11    1           0           0      3.55533     -5.62474     -8.60653     10.87890      0.00051
    4  !gamma!           21        22    1           0           0     -3.55533      5.62474     -1.39347     -0.87890     -6.74146
    5  !p+!              21      2212    2           0           0     -0.00000     -0.00000    250.00000    250.00176      0.93827
    6  !gamma!           21        22    4           0           0     -3.56747      5.64395     -1.09708     -0.58075     -6.74146
    7  !u!               21         2    5           0           0      0.00214     -0.00338     43.95783     43.95783      0.00000
    8  !gamma!           21        22    6           0           0     -3.56747      5.64395     -1.09708     -0.58075     -6.74146
    9  !u!               21         2    7           0           0      0.00214     -0.00338     43.95783     43.95783      0.00000
   10  !u!               21         2    9           0           0     -3.56534      5.64057     42.86074     43.37708      0.00000
 ==================================================================================================================================
   11  e-                 1        11    3           0           0      3.55533     -5.62474     -8.60653     10.87890      0.00051
   12  (ud_0)        A   12      2101    5          15          15      0.25829      0.21151    200.11609    200.11721      0.57933
   13  (g)           I   12        21   10          15          15      0.09076      1.64577     12.62688     12.73401      0.00000
   14  (u)           V   11         2   10          15          15     -3.90438      3.76745     35.86355     36.27165      0.00000
 ==================================================================================================================================
   15  (string)          11        92   12          16          20     -3.55533      5.62474    248.60653    249.12287     14.58484
   16  p+                 1      2212   15           0           0      0.20649      0.19546    167.46280    167.46567      0.93827
   17  (rho0)            11       113   15          21          22     -0.16619      1.04712     37.43911     37.46166      0.75129
   18  (rho-)            11      -213   15          23          24     -0.65801      0.95408      5.21088      5.39111      0.75332
   19  pi+                1       211   15           0           0     -0.12323      0.45432     10.61193     10.62328      0.13957
   20  (pi0)             11       111   15          25          26     -2.81438      2.97376     27.88180     28.18115      0.13498
   21  pi-                1      -211   17           0           0      0.25525      0.49343     13.77651     13.78841      0.13957
   22  pi+                1       211   17           0           0     -0.42145      0.55369     23.66260     23.67325      0.13957
   23  pi-                1      -211   18           0           0     -0.16432      0.11871      2.43516      2.44756      0.13957
   24  (pi0)             11       111   18          27          28     -0.49370      0.83537      2.77573      2.94355      0.13498
   25  gamma              1        22   20           0           0     -1.49927      1.68129     15.38224     15.54632      0.00000
   26  gamma              1        22   20           0           0     -1.31511      1.29247     12.49956     12.63483      0.00000
   27  gamma              1        22   24           0           0     -0.17364      0.29408      0.79085      0.86144      0.00000
   28  gamma              1        22   24           0           0     -0.32006      0.54129      1.98487      2.08210      0.00000
 ==================================================================================================================================
                   sum charge:  0.00   sum momentum and inv. mass:      0.00000     -0.00000    240.00000    260.00176    100.00458



                            Event listing (standard)

    I  particle/jet  K(I,1)   K(I,2) K(I,3)     K(I,4)      K(I,5)       P(I,1)       P(I,2)       P(I,3)       P(I,4)       P(I,5)

    1  !e-!              21        11    0           3           4      0.00000      0.00000    -10.00000     10.00000      0.00051
    2  !p+!              21      2212    0           5           0     -0.00000      0.00000    250.00000    250.00176      0.93827
 ==================================================================================================================================
    3  !e-!              21        11    1           0           0      2.83107      2.20937     -9.42885     10.08957      0.00051
    4  !gamma!           21        22    1           0           0     -2.83107     -2.20937     -0.57115     -0.08957     -3.63517
    5  !p+!              21      2212    2           0           0     -0.00000      0.00000    250.00000    250.00176      0.93827
    6  !gamma!           21        22    4           0           0     -2.84141     -2.21744     -0.47316      0.01018     -3.63517
    7  !u!               21         2    5           0           0      0.00057      0.00044     13.66442     13.66442      0.00000
    8  !gamma!           21        22    6           0           0     -2.84141     -2.21744     -0.47316      0.01018     -3.63517
    9  !u!               21         2    7           0           0      0.00057      0.00044     13.66442     13.66442      0.00000
   10  !u!               21         2    9           0           0     -2.84085     -2.21700     13.19126     13.67460      0.00000
 ==================================================================================================================================
   11  e-                 1        11    3           0           0      2.83107      2.20937     -9.42885     10.08957      0.00051
   12  (ud_1)        A   12      2103    5          15          15      0.63361      0.02521    221.76976    221.77201      0.77133
   13  (g)           I   12        21   10          15          15     -0.02964     -1.23370      3.36697      3.58600      0.00000
   14  (u)           V   11         2   10          15          15     -3.43503     -1.00088     24.29211     24.55418      0.00000
 ==================================================================================================================================
   15  (string)          11        92   12          16          22     -2.83107     -2.20937    249.42885    249.91219     15.11484
   16  (Delta0)          11      2114   15          23          24     -0.00727      0.33043    135.91280    135.91893      1.24715
   17  pi+                1       211   15           0           0      0.74037     -0.54939     34.33323     34.34589      0.13957
   18  (pi0)             11       111   15          25          26     -0.22268     -0.04142     43.49070     43.49150      0.13498
   19  K-                 1      -321   15           0           0     -0.03124      0.27835      9.54349      9.56035      0.49360
   20  (K0)              11       311   15          27          27     -0.70637     -0.60525      5.43258      5.53407      0.49767
   21  (rho+)            11       213   15          28          29     -0.67786     -0.57897      3.12797      3.33700      0.74614
   22  (pi0)             11       111   15          30          31     -1.92602     -1.04312     17.58807     17.72445      0.13498
   23  n0                 1      2112   16           0           0      0.14596      0.45126    109.50197    109.50703      0.93957
   24  (pi0)             11       111   16          32          33     -0.15324     -0.12083     26.41083     26.41190      0.13498
   25  gamma              1        22   18           0           0      0.01371     -0.01679      1.97626      1.97638      0.00000
   26  gamma              1        22   18           0           0     -0.23639     -0.02463     41.51444     41.51512      0.00000
   27  (K_S0)            11       310   20          34          35     -0.70637     -0.60525      5.43258      5.53407      0.49767
   28  pi+                1       211   21           0           0     -0.68847     -0.69198      2.66821      2.84458      0.13957
   29  (pi0)             11       111   21          36          37      0.01060      0.11301      0.45975      0.49242      0.13498
   30  gamma              1        22   22           0           0     -1.89595     -1.01332     17.34580     17.47851      0.00000
   31  gamma              1        22   22           0           0     -0.03007     -0.02980      0.24227      0.24594      0.00000
   32  gamma              1        22   24           0           0     -0.02666     -0.01761     13.43497     13.43501      0.00000
   33  gamma              1        22   24           0           0     -0.12658     -0.10322     12.97586     12.97689      0.00000
   34  (pi0)             11       111   27          38          39     -0.39250     -0.09739      2.72597      2.75910      0.13498
   35  (pi0)             11       111   27          40          41     -0.31387     -0.50787      2.70662      2.77497      0.13498
   36  gamma              1        22   29           0           0      0.07063      0.06893      0.30714      0.32261      0.00000
   37  gamma              1        22   29           0           0     -0.06002      0.04408      0.15261      0.16981      0.00000
   38  gamma              1        22   34           0           0     -0.33610     -0.04095      2.38575      2.40965      0.00000
   39  gamma              1        22   34           0           0     -0.05640     -0.05644      0.34022      0.34945      0.00000
   40  gamma              1        22   35           0           0     -0.04948     -0.08359      0.71491      0.72148      0.00000
   41  gamma              1        22   35           0           0     -0.26439     -0.42428      1.99170      2.05348      0.00000
 ==================================================================================================================================
                   sum charge:  0.00   sum momentum and inv. mass:      0.00000      0.00000    240.00000    260.00176    100.00458



                            Event listing (standard)

    I  particle/jet  K(I,1)   K(I,2) K(I,3)     K(I,4)      K(I,5)       P(I,1)       P(I,2)       P(I,3)       P(I,4)       P(I,5)

    1  !e-!              21        11    0           3           4      0.00000      0.00000    -10.00000     10.00000      0.00051
    2  !p+!              21      2212    0           5           0     -0.00000      0.00000    250.00000    250.00176      0.93827
 ==================================================================================================================================
    3  !e-!              21        11    1           0           0      2.91054      1.81653     -9.57442     10.17057      0.00051
    4  !gamma!           21        22    1           0           0     -2.91054     -1.81653     -0.42558     -0.17057     -3.45298
    5  !p+!              21      2212    2           0           0      0.00000      0.00000    250.00000    250.00176      0.93827
    6  !gamma!           21        22    4           0           0     -2.93060     -1.82905     -0.10741      0.14935     -3.45298
    7  !u!               21         2    5           0           0      0.00186      0.00116     23.18812     23.18812      0.00000
    8  !gamma!           21        22    6           0           0     -2.93060     -1.82905     -0.10741      0.14935     -3.45298
    9  !u!               21         2    7           0           0      0.00186      0.00116     23.18812     23.18812      0.00000
   10  !u!               21         2    9           0           0     -2.92874     -1.82789     23.08071     23.33747      0.00000
 ==================================================================================================================================
   11  e-                 1        11    3           0           0      2.91054      1.81653     -9.57442     10.17057      0.00051
   12  (u)           A   12         2   10          14          14     -2.34766     -1.68506     16.22535     16.48069      0.00000
   13  (ud_0)        V   11      2101    5          14          14     -0.56288     -0.13147    233.34907    233.35050      0.57933
 ==================================================================================================================================
   14  (string)          11        92   12          15          20     -2.91054     -1.81653    249.57442    249.83119     10.79169
   15  (rho0)            11       113   14          21          22     -0.48473     -0.42496      4.58939      4.67840      0.63979
   16  (rho0)            11       113   14          23          24     -0.98697     -0.02239     13.35284     13.41772      0.87308
   17  (rho0)            11       113   14          25          26     -0.40764     -1.27359     16.82240     16.88459      0.55520
   18  (pi0)             11       111   14          27          28     -0.67789      0.26233      8.29579      8.32867      0.13498
   19  K+                 1       321   14           0           0     -0.09097      0.09258     40.02643     40.02968      0.49360
   20  (Lambda0)         11      3122   14          29          30     -0.26235     -0.45050    166.48758    166.49213      1.11568
   21  pi-                1      -211   15           0           0     -0.06006      0.10680      1.52397      1.53524      0.13957
   22  pi+                1       211   15           0           0     -0.42467     -0.53177      3.06542      3.14315      0.13957
   23  pi-                1      -211   16           0           0     -0.70084     -0.39999      8.88690      8.92455      0.13957
   24  pi+                1       211   16           0           0     -0.28613      0.37760      4.46594      4.49317      0.13957
   25  pi+                1       211   17           0           0     -0.42268     -0.57134      9.31629      9.34440      0.13957
   26  pi-                1      -211   17           0           0      0.01504     -0.70225      7.50611      7.54020      0.13957
   27  gamma              1        22   18           0           0     -0.33428      0.17905      3.73851      3.75770      0.00000
   28  gamma              1        22   18           0           0     -0.34360      0.08328      4.55728      4.57097      0.00000
   29  p+                 1      2212   20           0           0     -0.12056     -0.35119    135.94334    135.94709      0.93827
   30  pi-                1      -211   20           0           0     -0.14179     -0.09931     30.54423     30.54504      0.13957
 ==================================================================================================================================
                   sum charge:  0.00   sum momentum and inv. mass:      0.00000      0.00000    240.00000    260.00176    100.00458



                            Event listing (standard)

    I  particle/jet  K(I,1)   K(I,2) K(I,3)     K(I,4)      K(I,5)       P(I,1)       P(I,2)       P(I,3)       P(I,4)       P(I,5)

    1  !e-!              21        11    0           3           4      0.00000      0.00000    -10.00000     10.00000      0.00051
    2  !p+!              21      2212    0           5           0     -0.00000      0.00000    250.00000    250.00176      0.93827
 ==================================================================================================================================
    3  !e-!              21        11    1           0           0     -1.89599     -2.64978     -5.87335      6.71657      0.00051
    4  !gamma!           21        22    1           0           0      1.89599      2.64978     -4.12665      3.28343     -4.10664
    5  !p+!              21      2212    2           0           0     -0.00000     -0.00000    250.00000    250.00176      0.93827
    6  !gamma!           21        22    4           0           0      1.89644      2.65041     -4.12709      3.28475     -4.10664
    7  !u!               21         2    5           0           0     -0.00000     -0.00000      1.13767      1.13767      0.00000
    8  !gamma!           21        22    6           0           0      1.89644      2.65041     -4.12709      3.28475     -4.10664
    9  !u!               21         2    7           0           0     -0.00000     -0.00000      1.13767      1.13767      0.00000
   10  !u!               21         2    9           0           0      1.89644      2.65041     -2.98942      4.42242      0.00000
 ==================================================================================================================================
   11  e-                 1        11    3           0           0     -1.89599     -2.64978     -5.87335      6.71657      0.00051
   12  (ud_0)        A   12      2101    5          15          15      0.15866     -0.19769    247.90673    247.90754      0.57933
   13  (g)           I   12        21   10          15          15      0.07537      0.63749      1.05332      1.23352      0.00000
   14  (u)           V   11         2   10          15          15      1.66196      2.20999     -3.08670      4.14414      0.00000
 ==================================================================================================================================
   15  (string)          11        92   12          16          25      1.89599      2.64978    245.87335    253.28519     60.73770
   16  n0                 1      2112   15           0           0      0.17360     -0.19057    173.90050    173.90323      0.93957
   17  (rho0)            11       113   15          26          27      0.12108      0.34922     30.34948     30.36492      0.89490
   18  (rho+)            11       213   15          28          29     -0.26987      0.00477     14.29134     14.33787      1.12220
   19  pi-                1      -211   15           0           0      0.08049     -0.21798     23.77121     23.77275      0.13957
   20  (rho0)            11       113   15          30          31      0.27238     -0.15949      4.24578      4.32572      0.76523
   21  (rho+)            11       213   15          32          33     -0.15529      0.43533      0.81476      1.14801      0.66368
   22  K-                 1      -321   15           0           0     -0.07046      0.56068      0.70466      1.02933      0.49360
   23  (K0)              11       311   15          34          34      0.43541      0.12166     -0.72458      0.98847      0.49767
   24  (eta)             11       221   15          35          37      0.50791      0.88812      0.37158      1.21840      0.54745
   25  pi+                1       211   15           0           0      0.80074      0.85805     -1.85139      2.19648      0.13957
   26  pi+                1       211   17           0           0     -0.22289      0.08460     22.80907     22.81074      0.13957
   27  pi-                1      -211   17           0           0      0.34397      0.26462      7.54041      7.55418      0.13957
   28  pi+                1       211   18           0           0     -0.18680     -0.46259      3.82692      3.86183      0.13957
   29  (pi0)             11       111   18          38          39     -0.08307      0.46735     10.46441     10.47604      0.13498
   30  pi+                1       211   20           0           0     -0.22360      0.03965      1.69334      1.71420      0.13957
   31  pi-                1      -211   20           0           0      0.49599     -0.19914      2.55244      2.61153      0.13957
   32  pi+                1       211   21           0           0     -0.33724      0.44483      0.64768      0.86636      0.13957
   33  (pi0)             11       111   21          40          41      0.18195     -0.00950      0.16708      0.28166      0.13498
   34  K_L0               1       130   23           0           0      0.43541      0.12166     -0.72458      0.98847      0.49767
   35  pi+                1       211   24           0           0      0.31047      0.41983      0.23745      0.59034      0.13957
   36  pi-                1      -211   24           0           0      0.02856      0.13380      0.12038      0.22954      0.13957
   37  (pi0)             11       111   24          42          43      0.16889      0.33449      0.01376      0.39852      0.13498
   38  gamma              1        22   29           0           0     -0.00708      0.21497      3.46502      3.47169      0.00000
   39  gamma              1        22   29           0           0     -0.07599      0.25238      6.99939      7.00435      0.00000
   40  gamma              1        22   33           0           0      0.18553      0.01742      0.17254      0.25396      0.00000
   41  gamma              1        22   33           0           0     -0.00358     -0.02692     -0.00546      0.02770      0.00000
   42  gamma              1        22   37           0           0     -0.00352      0.02388      0.03513      0.04262      0.00000
   43  gamma              1        22   37           0           0      0.17241      0.31062     -0.02137      0.35590      0.00000
 ==================================================================================================================================
                   sum charge:  0.00   sum momentum and inv. mass:     -0.00000     -0.00000    240.00000    260.00176    100.00458



                            Event listing (standard)

    I  particle/jet  K(I,1)   K(I,2) K(I,3)     K(I,4)      K(I,5)       P(I,1)       P(I,2)       P(I,3)       P(I,4)       P(I,5)

    1  !e-!              21        11    0           3           4      0.00000      0.00000    -10.00000     10.00000      0.00051
    2  !p+!              21      2212    0           5           0     -0.00000      0.00000    250.00000    250.00176      0.93827
 ==================================================================================================================================
    3  !e-!              21        11    1           0           0      1.13638      3.48385     -4.67027      5.93633      0.00051
    4  !gamma!           21        22    1           0           0     -1.13638     -3.48385     -5.32973      4.06367     -5.03201
    5  !p+!              21      2212    2           0           0     -0.00000     -0.00000    250.00000    250.00176      0.93827
    6  !gamma!           21        22    4           0           0     -1.13659     -3.48450     -5.33022      4.06494     -5.03201
    7  !sbar!            21        -3    5           0           0      0.00000      0.00000      1.34756      1.34756      0.00000
    8  !gamma!           21        22    6           0           0     -1.13659     -3.48450     -5.33022      4.06494     -5.03201
    9  !sbar!            21        -3    7           0           0      0.00000      0.00000      1.34756      1.34756      0.00000
   10  !sbar!            21        -3    9           0           0     -1.13659     -3.48450     -3.98266      5.41250      0.00000
 ==================================================================================================================================
   11  (Lambda0)         11      3122    5          16          17      0.23350     -0.20759    126.12689    126.13222      1.11568
   12  e-                 1        11    3           0           0      1.13638      3.48385     -4.67027      5.93633      0.00051
   13  (u)           A   12         2    5          18          18      0.24453      0.20152    122.28369    122.28454      0.33000
   14  (g)           I   12        21   10          18          18     -1.67822     -2.07225     -1.67281      3.14785      0.00000
   15  (sbar)        V   11        -3   10          18          18      0.06382     -1.40552     -2.06750      2.50082      0.00000
 ==================================================================================================================================
   16  n0                 1      2112   11           0           0      0.10010     -0.21290    106.25550    106.25991      0.93957
   17  (pi0)             11       111   11          27          28      0.13340      0.00531     19.87140     19.87231      0.13498
   18  (string)          11        92   13          19          26     -1.36988     -3.27626    118.54338    127.93322     47.97671
   19  (rho0)            11       113   18          29          30      0.26683      0.17955     72.78931     72.79459      0.81560
   20  pi+                1       211   18           0           0     -0.00380     -0.14894      1.22756      1.24442      0.13957
   21  (rho0)            11       113   18          31          32      0.04692     -0.36533     36.18391     36.19653      0.88179
   22  pi-                1      -211   18           0           0     -0.42028      0.58075      9.84616      9.87321      0.13957
   23  (eta)             11       221   18          33          34      0.68330     -0.26504      1.54548      1.79592      0.54745
   24  (rho0)            11       113   18          35          36     -1.21919     -1.33876     -0.81913      2.14449      0.80570
   25  (pi0)             11       111   18          37          38      0.64313     -0.01688     -0.63681      0.91524      0.13498
   26  (K*+)             11       323   18          39          40     -1.36679     -1.90162     -1.59311      2.96882      0.88973
   27  gamma              1        22   17           0           0     -0.00779     -0.01325      0.30382      0.30420      0.00000
   28  gamma              1        22   17           0           0      0.14119      0.01856     19.56758     19.56810      0.00000
   29  pi+                1       211   19           0           0     -0.05792     -0.14989      6.43229      6.43582      0.13957
   30  pi-                1      -211   19           0           0      0.32475      0.32945     66.35702     66.35878      0.13957
   31  pi-                1      -211   21           0           0      0.25504     -0.55025     27.48341     27.49045      0.13957
   32  pi+                1       211   21           0           0     -0.20811      0.18492      8.70050      8.70607      0.13957
   33  gamma              1        22   23           0           0     -0.05815     -0.14249      0.17597      0.23377      0.00000
   34  gamma              1        22   23           0           0      0.74145     -0.12255      1.36951      1.56215      0.00000
   35  pi-                1      -211   24           0           0     -1.26694     -1.02661     -0.67404      1.76999      0.13957
   36  pi+                1       211   24           0           0      0.04775     -0.31215     -0.14509      0.37450      0.13957
   37  gamma              1        22   25           0           0      0.56677      0.02065     -0.58887      0.81757      0.00000
   38  gamma              1        22   25           0           0      0.07636     -0.03753     -0.04794      0.09766      0.00000
   39  (K0)              11       311   26          41          41     -1.40050     -1.73734     -1.47279      2.71966      0.49767
   40  pi+                1       211   26           0           0      0.03372     -0.16427     -0.12032      0.24916      0.13957
   41  (K_S0)            11       310   39          42          43     -1.40050     -1.73734     -1.47279      2.71966      0.49767
   42  pi-                1      -211   41           0           0     -1.11324     -1.54296     -1.29427      2.30535      0.13957
   43  pi+                1       211   41           0           0     -0.28726     -0.19439     -0.17852      0.41431      0.13957
 ==================================================================================================================================
                   sum charge:  0.00   sum momentum and inv. mass:      0.00000      0.00000    240.00000    260.00176    100.00458



                            Event listing (standard)

    I  particle/jet  K(I,1)   K(I,2) K(I,3)     K(I,4)      K(I,5)       P(I,1)       P(I,2)       P(I,3)       P(I,4)       P(I,5)

    1  !e-!              21        11    0           3           4      0.00000      0.00000    -10.00000     10.00000      0.00051
    2  !p+!              21      2212    0           5           0     -0.00000      0.00000    250.00000    250.00176      0.93827
 ==================================================================================================================================
    3  !e-!              21        11    1           0           0     -0.46428     -2.72846     -6.13184      6.72752      0.00051
    4  !gamma!           21        22    1           0           0      0.46428      2.72846     -3.86816      3.27248     -3.45161
    5  !p+!              21      2212    2           0           0     -0.00000     -0.00000    250.00000    250.00176      0.93827
    6  !gamma!           21        22    4           0           0      0.46440      2.72913     -3.86870      3.27370     -3.45161
    7  !ubar!            21        -2    5           0           0     -0.00000     -0.00000      0.83400      0.83400      0.00000
    8  !gamma!           21        22    6           0           0      0.46440      2.72913     -3.86870      3.27370     -3.45161
    9  !ubar!            21        -2    7           0           0     -0.00000     -0.00000      0.83400      0.83400      0.00000
   10  !ubar!            21        -2    9           0           0      0.46440      2.72913     -3.03470      4.10770      0.00000
 ==================================================================================================================================
   11  p+                 1      2212    5           0           0      0.05122      0.17626    150.82078    150.82381      0.93827
   12  e-                 1        11    3           0           0     -0.46428     -2.72846     -6.13184      6.72752      0.00051
   13  (u)           A   12         2    5          16          16      0.00984      0.22475     97.31091     97.31173      0.33000
   14  (g)           I   12        21   10          16          16     -1.57182      0.68736      0.23930      1.73215      0.00000
   15  (ubar)        V   11        -2   10          16          16      1.97505      1.64009     -2.23916      3.40655      0.00000
 ==================================================================================================================================
   16  (string)          11        92   13          17          25      0.41307      2.55220     95.31106    102.45043     37.48611
   17  (omega)           11       223   16          26          28      0.28133      0.01074     80.18792     80.19235      0.79442
   18  p+                 1      2212   16           0           0      0.22041      0.38901      8.16971      8.23556      0.93827
   19  nbar0              1     -2112   16           0           0     -0.89952     -0.16597      4.46978      4.65815      0.93957
   20  (rho0)            11       113   16          29          30     -0.73185      0.42485      0.82398      1.42212      0.79206
   21  (rho0)            11       113   16          31          32      0.80965      0.16073      0.96735      1.45297      0.70284
   22  (eta)             11       221   16          33          34     -0.47915      0.63589      2.71000      2.87711      0.54745
   23  pi-                1      -211   16           0           0      0.24784     -0.27877     -0.20563      0.44822      0.13957
   24  K+                 1       321   16           0           0      0.19802      0.91476     -1.53040      1.86058      0.49360
   25  (K*-)             11      -323   16          35          36      0.76633      0.46094     -0.28166      1.30337      0.90538
   26  pi+                1       211   17           0           0      0.01307     -0.15841     16.26227     16.26365      0.13957
   27  pi-                1      -211   17           0           0     -0.07197      0.19717     30.35431     30.35536      0.13957
   28  (pi0)             11       111   17          37          38      0.34023     -0.02802     33.57134     33.57335      0.13498
   29  pi-                1      -211   20           0           0     -0.85628      0.26538      0.70558      1.14933      0.13957
   30  pi+                1       211   20           0           0      0.12443      0.15947      0.11841      0.27279      0.13957
   31  pi-                1      -211   21           0           0      0.36489     -0.01412      0.85854      0.94335      0.13957
   32  pi+                1       211   21           0           0      0.44476      0.17486      0.10880      0.50961      0.13957
   33  gamma              1        22   22           0           0     -0.33797      0.40008      2.42602      2.48191      0.00000
   34  gamma              1        22   22           0           0     -0.14118      0.23581      0.28398      0.39520      0.00000
   35  (Kbar0)           11      -311   25          39          39      0.50845      0.05391     -0.35403      0.79652      0.49767
   36  pi-                1      -211   25           0           0      0.25788      0.40704      0.07237      0.50685      0.13957
   37  gamma              1        22   28           0           0     -0.01188      0.00559      0.98765      0.98774      0.00000
   38  gamma              1        22   28           0           0      0.35211     -0.03361     32.58369     32.58561      0.00000
   39  (K_S0)            11       310   35          40          41      0.50845      0.05391     -0.35403      0.79652      0.49767
   40  pi+                1       211   39           0           0      0.37938      0.15169     -0.06440      0.43654      0.13957
   41  pi-                1      -211   39           0           0      0.12907     -0.09778     -0.28963      0.35998      0.13957
 ==================================================================================================================================
                   sum charge:  0.00   sum momentum and inv. mass:      0.00000     -0.00000    240.00000    260.00176    100.00458



                            Event listing (standard)

    I  particle/jet  K(I,1)   K(I,2) K(I,3)     K(I,4)      K(I,5)       P(I,1)       P(I,2)       P(I,3)       P(I,4)       P(I,5)

    1  !e-!              21        11    0           3           4      0.00000      0.00000    -10.00000     10.00000      0.00051
    2  !p+!              21      2212    0           5           0     -0.00000      0.00000    250.00000    250.00176      0.93827
 ==================================================================================================================================
    3  !e-!              21        11    1           0           0     -0.74953      2.90466     -8.02445      8.56683      0.00051
    4  !gamma!           21        22    1           0           0      0.74953     -2.90466     -1.97555      1.43317     -3.29358
    5  !p+!              21      2212    2           0           0     -0.00000      0.00000    250.00000    250.00176      0.93827
    6  !gamma!           21        22    4           0           0      0.74991     -2.90616     -1.97493      1.43555     -3.29358
    7  !ubar!            21        -2    5           0           0     -0.00000      0.00001      1.59034      1.59034      0.00000
    8  !gamma!           21        22    6           0           0      0.74991     -2.90616     -1.97493      1.43555     -3.29358
    9  !ubar!            21        -2    7           0           0     -0.00000      0.00001      1.59034      1.59034      0.00000
   10  !ubar!            21        -2    9           0           0      0.74991     -2.90615     -0.38459      3.02589      0.00000
 ==================================================================================================================================
   11  (Delta++)         11      2224    5          15          16     -0.05916      0.17083    149.71350    149.71934      1.31059
   12  e-                 1        11    3           0           0     -0.74953      2.90466     -8.02445      8.56683      0.00051
   13  (ubar)        A   12        -2   10          17          17      0.67925     -2.75917     -0.51555      2.88794      0.00000
   14  (d)           V   11         1    5          17          17      0.12944     -0.31632     98.82650     98.82764      0.33000
 ==================================================================================================================================
   15  p+                 1      2212   11           0           0     -0.05794     -0.10924     88.82739     88.83243      0.93827
   16  pi+                1       211   11           0           0     -0.00122      0.28007     60.88611     60.88691      0.13957
   17  (string)          11        92   13          18          27      0.80869     -3.07549     98.31096    101.71559     25.90181
   18  pbar-              1     -2212   17           0           0      0.21776     -1.32545     -0.06763      1.63987      0.93827
   19  n0                 1      2112   17           0           0      0.66853     -0.31650      1.45070      1.88001      0.93957
   20  (pi0)             11       111   17          28          29     -0.05038     -0.18232      0.26147      0.34981      0.13498
   21  (eta)             11       221   17          30          31     -0.23814      0.27723      1.01692      1.21136      0.54745
   22  (Kbar0)           11      -311   17          32          32     -0.34107     -1.56278      1.45428      2.21838      0.49767
   23  (K*0)             11       313   17          33          34      0.40416      0.35140      3.29186      3.45408      0.89859
   24  (Kbar0)           11      -311   17          35          35     -0.21998      0.34130     25.78166     25.78966      0.49767
   25  (K*+)             11       323   17          36          37      0.59346     -0.33097     24.01256     24.03899      0.89905
   26  (K*-)             11      -323   17          38          39     -0.03955     -0.15609     26.51540     26.52903      0.83480
   27  (K0)              11       311   17          40          40     -0.18611     -0.17130     14.59375     14.60442      0.49767
   28  gamma              1        22   20           0           0      0.00973     -0.06898      0.01399      0.07105      0.00000
   29  gamma              1        22   20           0           0     -0.06011     -0.11335      0.24748      0.27876      0.00000
   30  gamma              1        22   21           0           0     -0.26441      0.28076      1.07792      1.14484      0.00000
   31  gamma              1        22   21           0           0      0.02628     -0.00353     -0.06101      0.06652      0.00000
   32  (K_S0)            11       310   22          41          42     -0.34107     -1.56278      1.45428      2.21838      0.49767
   33  K+                 1       321   23           0           0      0.43682      0.43476      1.97776      2.12955      0.49360
   34  pi-                1      -211   23           0           0     -0.03266     -0.08337      1.31411      1.32453      0.13957
   35  (K_S0)            11       310   24          43          44     -0.21998      0.34130     25.78166     25.78966      0.49767
   36  (K0)              11       311   25          45          45      0.37387     -0.16227     21.13186     21.14165      0.49767
   37  pi+                1       211   25           0           0      0.21959     -0.16870      2.88070      2.89734      0.13957
   38  (Kbar0)           11      -311   26          46          46      0.15130     -0.12575     22.62640     22.63273      0.49767
   39  pi-                1      -211   26           0           0     -0.19085     -0.03034      3.88900      3.89630      0.13957
   40  (K_S0)            11       310   27          47          48     -0.18611     -0.17130     14.59375     14.60442      0.49767
   41  (pi0)             11       111   32          49          50     -0.05417     -0.16253      0.32673      0.39284      0.13498
   42  (pi0)             11       111   32          51          52     -0.28690     -1.40025      1.12755      1.82554      0.13498
   43  (pi0)             11       111   35          53          54      0.03965      0.23421     17.51153     17.51366      0.13498
   44  (pi0)             11       111   35          55          56     -0.25964      0.10710      8.27013      8.27600      0.13498
   45  K_L0               1       130   36           0           0      0.37387     -0.16227     21.13186     21.14165      0.49767
   46  K_L0               1       130   38           0           0      0.15130     -0.12575     22.62640     22.63273      0.49767
   47  pi+                1       211   40           0           0     -0.02315     -0.07851     11.74029     11.74140      0.13957
   48  pi-                1      -211   40           0           0     -0.16295     -0.09278      2.85346      2.86302      0.13957
   49  gamma              1        22   41           0           0     -0.08577     -0.13822      0.30901      0.34921      0.00000
   50  gamma              1        22   41           0           0      0.03160     -0.02431      0.01772      0.04363      0.00000
   51  gamma              1        22   42           0           0     -0.26080     -1.19477      0.90383      1.52066      0.00000
   52  gamma              1        22   42           0           0     -0.02610     -0.20548      0.22372      0.30488      0.00000
   53  gamma              1        22   43           0           0      0.04406      0.18621      9.19152      9.19351      0.00000
   54  gamma              1        22   43           0           0     -0.00440      0.04800      8.32001      8.32015      0.00000
   55  gamma              1        22   44           0           0     -0.24614      0.11616      8.17191      8.17644      0.00000
   56  gamma              1        22   44           0           0     -0.01350     -0.00907      0.09822      0.09955      0.00000
 ==================================================================================================================================
                   sum charge:  0.00   sum momentum and inv. mass:     -0.00000      0.00000    240.00000    260.00176    100.00458

 Advisory warning: maximum violated by  1.052D+00 in event      68
 XSEC(96,1) increased to  1.527D-02

 Advisory warning: maximum violated by  2.333D+00 in event     239
 XSEC(96,1) increased to  3.562D-02

 Advisory warning: maximum violated by  1.288D+00 in event     367
 XSEC(96,1) increased to  4.587D-02

 Advisory warning: maximum violated by  1.630D+00 in event     536
 XSEC(96,1) increased to  7.479D-02

 Advisory warning: maximum violated by  1.181D+00 in event    2531
 XSEC(96,1) increased to  8.836D-02

 Advisory warning: maximum violated by  1.166D+00 in event   10517
 XSEC(96,1) increased to  1.030D-01
1********* PYSTAT:  Statistics on Number of Events and Cross-sections *********

 ==============================================================================
 I                                  I                            I            I
 I            Subprocess            I      Number of points      I    Sigma   I
 I                                  I                            I            I
 I----------------------------------I----------------------------I    (mb)    I
 I                                  I                            I            I
 I N:o Type                         I    Generated         Tried I            I
 I                                  I                            I            I
 ==============================================================================
 I                                  I                            I            I
 I   0 All included subprocesses    I       500000      69140459 I  5.974D-05 I
 I  11 f + f' -> f + f' (QCD)       I         2454             0 I  4.269D-07 I
 I  12 f + fbar -> f' + fbar'       I           49             0 I  8.411D-09 I
 I  13 f + fbar -> g + g            I           40             0 I  7.285D-09 I
 I  28 f + g -> f + g               I         6076             0 I  1.003D-06 I
 I  53 g + g -> f + fbar            I           79             0 I  1.182D-08 I
 I  68 g + g -> g + g               I         2922             0 I  4.395D-07 I
 I  91 Elastic scattering           I         7002       4933042 I  8.136D-07 I
 I  92 Single diffractive (XB)      I         3340       3612005 I  3.917D-07 I
 I  93 Single diffractive (AX)      I         2418       2918144 I  2.794D-07 I
 I  94 Double  diffractive          I         2175       3324597 I  2.204D-07 I
 I  95 Low-pT scattering            I        12435         54108 I  1.375D-06 I
 I  99 q + gamma* -> q              I       451755      20160789 I  5.366D-05 I
 I 131 f + gamma*_T -> f + g        I         3481       1543444 I  4.137D-07 I
 I 132 f + gamma*_L -> f + g        I          206         80560 I  2.543D-08 I
 I 135 g + gamma*_T -> f + fbar     I         4230       4777266 I  5.063D-07 I
 I 136 g + gamma*_L -> f + fbar     I         1338        776496 I  1.597D-07 I
 I                                  I                            I            I
 ==============================================================================
 I                                  I                            I            I
 I   1 VMD * hadron                 I        13251      30227147 I  1.903D-06 I
 I   2 direct * hadron              I         9255       7177766 I  1.105D-06 I
 I   3 anomalous * hadron           I        25739      11574757 I  3.074D-06 I
 I   4 DIS * hadron                 I       451755      20160789 I  5.366D-05 I
 I                                  I                            I            I
 ==============================================================================

 ********* Total number of errors, excluding junctions =        0 *************
 ********* Total number of errors, including junctions =        0 *************
 ********* Total number of warnings =                           0 *************
 ********* Fraction of events that fail fragmentation cuts =  0.00637 *********

1************ PYSTAT: User-Defined Limits on Kinematical Variables ************

 ==============================================================================
 I                                                                            I
 I                 0.000D+00 <  m_hard (GeV/c^2)  <  8.788D+00                I
 I    0.000D+00 ( 1.000D+00) <  p_T_hard (GeV/c)  <  4.394D+00                I
 I                             m_finite (GeV/c^2) =  1.000D+00                I
 I                -1.000D+01 <    y*_subsystem    <  1.000D+01                I
 I                -4.000D+01 <      y*_large      <  4.000D+01                I
 I                -4.000D+01 <      y*_small      <  4.000D+01                I
 I                -4.000D+01 <     eta*_large     <  4.000D+01                I
 I                -4.000D+01 <     eta*_small     <  4.000D+01                I
 I                -1.000D+00 < cos(theta*)_large  <  1.000D+00                I
 I                -1.000D+00 < cos(theta*)_small  <  1.000D+00                I
 I                 0.000D+00 <        x_1         <  1.000D+00                I
 I                 0.000D+00 <        x_2         <  1.000D+00                I
 I                -1.000D+00 <        x_F         <  1.000D+00                I
 I                -1.000D+00 <  cos(theta_hard)   <  1.000D+00                I
 I                 2.000D+00 < m'_hard (GeV/c^2)  <  8.788D+00                I
 I                                                                            I
 ==============================================================================
 The charm mass used is:    1.5000000000000000     
 ===================================================
 Pythia total cross section normalisation:   5.9744005126342981E-002  microbarn
 Total Number of generated events      500000
 Total Number of trials      500000
 ===================================================

 ===== PDFSTA statistics for PDF under/over-flows ====

 ====== STRUCTM statistics for nucleon/pion PDFs =====

   total # of calls    41967686.000000000     
   X  below PDF min    0.0000000000000000       or    0.0000000000000000       %
   X  above PDF max    0.0000000000000000       or    0.0000000000000000       %
   Q2 below PDF min    0.0000000000000000       or    0.0000000000000000       %
   Q2 above PDF max    0.0000000000000000       or    0.0000000000000000       %

 ========= STRUCTP statistics for photon PDFs ========

   total # of calls    0.0000000000000000     

