1                                                                              
 ******************************************************************************
 ******************************************************************************
 **                                                                          **
 **                                                                          **
 **              *......*                  Welcome to the Lund Monte Carlo!  **
 **         *:::!!:::::::::::*                                               **
 **      *::::::!!::::::::::::::*          PPP  Y   Y TTTTT H   H III   A    **
 **    *::::::::!!::::::::::::::::*        P  P  Y Y    T   H   H  I   A A   **
 **   *:::::::::!!:::::::::::::::::*       PPP    Y     T   HHHHH  I  AAAAA  **
 **   *:::::::::!!:::::::::::::::::*       P      Y     T   H   H  I  A   A  **
 **    *::::::::!!::::::::::::::::*!       P      Y     T   H   H III A   A  **
 **      *::::::!!::::::::::::::* !!                                         **
 **      !! *:::!!:::::::::::*    !!       This is PYTHIA version 6.428      **
 **      !!     !* -><- *         !!       Last date of change:  5 Sep 2013  **
 **      !!     !!                !!                                         **
 **      !!     !!                !!       Now is  0 Jan 2000 at  0:00:00    **
 **      !!                       !!                                         **
 **      !!        lh             !!       Disclaimer: this program comes    **
 **      !!                       !!       without any guarantees. Beware    **
 **      !!                 hh    !!       of errors and use common sense    **
 **      !!    ll                 !!       when interpreting results.        **
 **      !!                       !!                                         **
 **      !!                                Copyright T. Sjostrand (2011)     **
 **                                                                          **
 ** An archive of program versions and documentation is found on the web:    **
 ** http://www.thep.lu.se/~torbjorn/Pythia.html                              **
 **                                                                          **
 ** When you cite this program, the official reference is to the 6.4 manual: **
 ** T. Sjostrand, S. Mrenna and P. Skands, JHEP05 (2006) 026                 **
 ** (LU TP 06-13, FERMILAB-PUB-06-052-CD-T) [hep-ph/0603175].                **
 **                                                                          **
 ** Also remember that the program, to a large extent, represents original   **
 ** physics research. Other publications of special relevance to your        **
 ** studies may therefore deserve separate mention.                          **
 **                                                                          **
 ** Main author: Torbjorn Sjostrand; Department of Theoretical Physics,      **
 **   Lund University, Solvegatan 14A, S-223 62 Lund, Sweden;                **
 **   phone: + 46 - 46 - 222 48 16; e-mail: torbjorn@thep.lu.se              **
 ** Author: Stephen Mrenna; Computing Division, GDS Group,                   **
 **   Fermi National Accelerator Laboratory, MS 234, Batavia, IL 60510, USA; **
 **   phone: + 1 - 630 - 840 - 2556; e-mail: mrenna@fnal.gov                 **
 ** Author: Peter Skands; CERN/PH-TH, CH-1211 Geneva, Switzerland            **
 **   phone: + 41 - 22 - 767 24 47; e-mail: peter.skands@cern.ch             **
 **                                                                          **
 **                                                                          **
 ******************************************************************************
 ******************************************************************************
     MSEL           changed from              1 to              2
     MSTP(14)       changed from             30 to             30
     MSTP(15)       changed from              0 to              0
     MSTP(16)       changed from              1 to              1
     MSTP(17)       changed from              4 to              4
     MSTP(18)       changed from              3 to              3
     MSTP(19)       changed from              4 to              1
     MSTP(20)       changed from              3 to              0
     MSTP(32)       changed from              8 to              8
     MSTP(38)       changed from              5 to              4
     MSTP(51)       changed from              7 to          10050
     MSTP(52)       changed from              1 to              2
     MSTP(53)       changed from              3 to              3
     MSTP(54)       changed from              1 to              1
     MSTP(55)       changed from              5 to              5
     MSTP(56)       changed from              1 to              1
     MSTP(57)       changed from              1 to              1
     MSTP(58)       changed from              5 to              5
     MSTP(59)       changed from              1 to              1
     MSTP(60)       changed from              7 to              7
     MSTP(61)       changed from              2 to              2
     MSTP(71)       changed from              1 to              1
     MSTP(81)       changed from              1 to              0
     MSTP(82)       changed from              4 to              1
     MSTP(91)       changed from              1 to              1
     MSTP(92)       changed from              3 to              3
     MSTP(93)       changed from              1 to              1
     MSTP(101)      changed from              3 to              3
     MSTP(102)      changed from              1 to              1
     MSTP(111)      changed from              1 to              1
     MSTP(121)      changed from              0 to              0
     PARP(13)       changed from        1.00000 to        1.00000
     PARP(18)       changed from        0.40000 to        0.40000
     PARP(81)       changed from        1.90000 to        1.90000
     PARP(89)       changed from     1800.00000 to     1800.00000
     PARP(90)       changed from        0.25000 to        0.16000
     PARP(91)       changed from        2.00000 to        0.40000
     PARP(93)       changed from        5.00000 to        5.00000
     PARP(99)       changed from        1.00000 to        0.40000
     PARP(100)      changed from        5.00000 to        5.00000
     PARP(102)      changed from        0.28000 to        0.28000
     PARP(103)      changed from        1.00000 to        1.00000
     PARP(104)      changed from        0.80000 to        0.80000
     PARP(111)      changed from        2.00000 to        2.00000
     PARP(161)      changed from        2.20000 to        3.00000
     PARP(162)      changed from       23.60000 to       24.60000
     PARP(163)      changed from       18.40000 to       18.80000
     PARP(164)      changed from       11.50000 to       11.50000
     PARP(165)      changed from        0.50000 to        0.47679
     PARP(166)      changed from        0.00000 to        0.67597
     PARJ(1)        changed from        0.10000 to        0.10000
     PARJ(2)        changed from        0.30000 to        0.30000
     PARJ(11)       changed from        0.50000 to        0.50000
     PARJ(12)       changed from        0.60000 to        0.60000
     PARJ(21)       changed from        0.36000 to        0.40000
     PARJ(32)       changed from        1.00000 to        1.00000
     PARJ(33)       changed from        0.80000 to        0.80000
     PARJ(41)       changed from        0.30000 to        0.30000
     PARJ(42)       changed from        0.58000 to        0.58000
     PARJ(45)       changed from        0.50000 to        0.50000
     MSTJ(1)        changed from              1 to              1
     MSTJ(12)       changed from              2 to              1
     MSTJ(45)       changed from              5 to              5
     MSTU(112)      changed from              5 to              5
     MSTU(113)      changed from              3 to              5
     MSTU(114)      changed from              5 to              5
     CKIN(1)        changed from        2.00000 to        1.00000
     CKIN(2)        changed from       -1.00000 to       -1.00000
     CKIN(3)        changed from        0.00000 to        0.00000
     CKIN(4)        changed from       -1.00000 to       -1.00000
     CKIN(5)        changed from        1.00000 to        1.00000
     CKIN(6)        changed from        1.00000 to        1.00000
     CKIN(7)        changed from      -10.00000 to      -10.00000
     CKIN(8)        changed from       10.00000 to       10.00000
     CKIN(9)        changed from      -40.00000 to      -40.00000
     CKIN(10)       changed from       40.00000 to       40.00000
     CKIN(11)       changed from      -40.00000 to      -40.00000
     CKIN(12)       changed from       40.00000 to       40.00000
     CKIN(13)       changed from      -40.00000 to      -40.00000
     CKIN(14)       changed from       40.00000 to       40.00000
     CKIN(15)       changed from      -40.00000 to      -40.00000
     CKIN(16)       changed from       40.00000 to       40.00000
     CKIN(17)       changed from       -1.00000 to       -1.00000
     CKIN(18)       changed from        1.00000 to        1.00000
     CKIN(19)       changed from       -1.00000 to       -1.00000
     CKIN(20)       changed from        1.00000 to        1.00000
     CKIN(21)       changed from        0.00000 to        0.00000
     CKIN(22)       changed from        1.00000 to        1.00000
     CKIN(23)       changed from        0.00000 to        0.00000
     CKIN(24)       changed from        1.00000 to        1.00000
     CKIN(25)       changed from       -1.00000 to       -1.00000
     CKIN(26)       changed from        1.00000 to        1.00000
     CKIN(27)       changed from       -1.00000 to       -1.00000
     CKIN(28)       changed from        1.00000 to        1.00000
     CKIN(31)       changed from        2.00000 to        2.00000
     CKIN(32)       changed from       -1.00000 to       -1.00000
     CKIN(35)       changed from        0.00000 to        0.00000
     CKIN(36)       changed from       -1.00000 to       -1.00000
     CKIN(37)       changed from        0.00000 to        0.00000
     CKIN(38)       changed from       -1.00000 to       -1.00000
     CKIN(39)       changed from        4.00000 to        4.00000
     CKIN(40)       changed from       -1.00000 to       -1.00000
     CKIN(65)       changed from        0.00000 to        0.00000
     CKIN(66)       changed from       -1.00000 to       -1.00000
     CKIN(67)       changed from        0.00000 to        0.00000
     CKIN(68)       changed from       -1.00000 to       -1.00000
     CKIN(77)       changed from        2.00000 to        2.00000
     CKIN(78)       changed from       -1.00000 to       -1.00000
 *********************************************
 NOW all parameters are read by PYTHIA
 *********************************************
 SEED =    739597226
 RANLUX LUXURY LEVEL SET BY RLUXGO : 4     P= 389
 RANLUX INITIALIZED BY RLUXGO FROM SEEDS   739597226           0           0
   2771.0935550343875        10.000000000000000       -2771.0935550343875       -10.0000000    
 *********************************************
 proton beam momentum:   130.000000     GeV
 lepton beam momentum:   10.0000000     GeV
 resulting sqrt(s):   72.117599099066553      GeV
 *********************************************
1****************** PYINIT: initialization of PYTHIA routines *****************
 ==== PYTHIA WILL USE LHAPDF ====
 *************************************
 *       LHAPDF Version 5.9.1        *
 *   Configured for the following:   *
 *             All PDFs              *
 *         FULL MEMORY option        *
 *    Maximum  3 concurrent set(s)   *
 *************************************

 >>>>>> PDF description: <<<<<<
 CTEQ6M                                                          
 Reference:                                                      
 J. Pumplin, D.R. Stump, J. Huston, H.L. Lai, P. Nadolsky,       
 W.K. Tung                                                       
 hep-ph/0201195                                                  
 This set has 41 member PDFs.                                    
     mem=0 --> central value (cteq6m)                            
     mem=1-40 --> 20 sets of +ve/-ve error values                
 >>>>>>                   <<<<<<

 ==============================================
 PDFset name /cvmfs/sft.cern.ch/lcg/external/lhapdfsets/5.9.1/share/PDFsets/cteq6mE.LHgrid   
 with         40 members
 ====  initialized. ===========================
 Strong coupling at Mz for PDF is:  0.11798

 ==============================================================================
 I                                                                            I
 I      PYTHIA will be initialized for gamma/e- on p+ user configuration      I
 I                                                                            I
 I                  px (GeV/c)   py (GeV/c)   pz (GeV/c)      E (GeV)         I
 I        gamma/e-       0.000        0.000      -10.000       10.000         I
 I        p+             0.000        0.000      130.000      130.003         I
 I                                                                            I
 I           corresponding to     72.118 GeV center-of-mass energy            I
 I                                                                            I
 ==============================================================================

 ******** PYMAXI: summary of differential cross-section maximum search ********

           ==========================================================
           I                                      I                 I
           I  ISUB  Subprocess name               I  Maximum value  I
           I                                      I                 I
           ==========================================================
           I                                      I                 I
           I   91   Elastic scattering            I    4.1710D-04   I
           I   92   Single diffractive (XB)       I    3.1940D-04   I
           I   93   Single diffractive (AX)       I    2.6141D-04   I
           I   94   Double  diffractive           I    2.4494D-04   I
           I   95   Low-pT scattering             I    1.9207D-03   I
           I   96   Semihard QCD 2 -> 2           I    1.7479D-02   I
           I                                      I                 I
           ==========================================================

 ******** PYMAXI: summary of differential cross-section maximum search ********

           ==========================================================
           I                                      I                 I
           I  ISUB  Subprocess name               I  Maximum value  I
           I                                      I                 I
           ==========================================================
           I                                      I                 I
           I  131   f + gamma*_T -> f + g         I    1.9221D-04   I
           I  132   f + gamma*_L -> f + g         I    9.2718D-06   I
           I  135   g + gamma*_T -> f + fbar      I    5.4466D-04   I
           I  136   g + gamma*_L -> f + fbar      I    8.8198D-05   I
           I                                      I                 I
           ==========================================================

 ******** PYMAXI: summary of differential cross-section maximum search ********

           ==========================================================
           I                                      I                 I
           I  ISUB  Subprocess name               I  Maximum value  I
           I                                      I                 I
           ==========================================================
           I                                      I                 I
           I   91   Elastic scattering            I    1.0588D-04   I
           I   92   Single diffractive (XB)       I    8.2750D-05   I
           I   93   Single diffractive (AX)       I    6.5818D-05   I
           I   94   Double  diffractive           I    6.3002D-05   I
           I   95   Low-pT scattering             I    5.2345D-04   I
           I   96   Semihard QCD 2 -> 2           I    1.1588D-02   I
           I                                      I                 I
           ==========================================================

 ******** PYMAXI: summary of differential cross-section maximum search ********

           ==========================================================
           I                                      I                 I
           I  ISUB  Subprocess name               I  Maximum value  I
           I                                      I                 I
           ==========================================================
           I                                      I                 I
           I   99   q + gamma* -> q               I    1.9857D-03   I
           I                                      I                 I
           ==========================================================

 ********************** PYINIT: initialization completed **********************
 the outputfile will be named: outfiles/ep_10x130_Q2_1_10_norad.out                                                                                                                                                                                                                            



                            Event listing (standard)

    I  particle/jet  K(I,1)   K(I,2) K(I,3)     K(I,4)      K(I,5)       P(I,1)       P(I,2)       P(I,3)       P(I,4)       P(I,5)

    1  !e-!              21        11    0           3           4      0.00000      0.00000    -10.00000     10.00000      0.00051
    2  !p+!              21      2212    0           5           0     -0.00000      0.00000    130.00000    130.00339      0.93827
 ==================================================================================================================================
    3  !e-!              21        11    1           0           0     -0.78965      0.84460     -9.77559      9.84373      0.00051
    4  !gamma!           21        22    1           0           0      0.78965     -0.84460     -0.22441      0.15627     -1.16741
    5  !p+!              21      2212    2           0           0     -0.00000     -0.00000    130.00000    130.00339      0.93827
    6  !rho_diff0!       21   9900110    4           0           0      0.76882     -0.71379     53.87806     54.25621      6.30796
    7  !p+!              21      2212    5           0           0      0.02083     -0.13081     75.89753     75.90345      0.93827
 ==================================================================================================================================
    8  (d)           A   12         1    6          13          13      0.66933     -0.55287      1.13360      1.46548      0.33000
    9  (g)           I   12        21    6          13          13      0.00617     -0.08209     51.42765     51.42772      0.00000
   10  (dbar)        V   11        -1    6          13          13      0.09332     -0.07882      1.31680      1.36301      0.33000
   11  p+                 1      2212    7           0           0      0.02083     -0.13081     75.89753     75.90345      0.93827
   12  e-                 1        11    3           0           0     -0.78965      0.84460     -9.77559      9.84373      0.00051
 ==================================================================================================================================
   13  (string)          11        92    8          14          19      0.76882     -0.71379     53.87806     54.25621      6.30796
   14  (pi0)             11       111   13          20          21     -0.19158     -0.12224      3.77036      3.77962      0.13498
   15  (pi0)             11       111   13          22          23      0.63448     -0.28483     10.17843     10.20306      0.13498
   16  (rho0)            11       113   13          24          25      0.00330     -0.07135      1.70797      1.88596      0.79660
   17  (K0)              11       311   13          26          26     -0.01821     -0.31553      3.34558      3.39713      0.49767
   18  (K*bar0)          11      -313   13          27          28      0.47669      0.72876     32.32709     32.35362      0.97875
   19  (pi0)             11       111   13          29          30     -0.13586     -0.64861      2.54862      2.63682      0.13498
   20  gamma              1        22   14           0           0     -0.08623     -0.12666      2.60087      2.60538      0.00000
   21  gamma              1        22   14           0           0     -0.10536      0.00442      1.16949      1.17424      0.00000
   22  gamma              1        22   15           0           0      0.01881     -0.03347      0.33613      0.33832      0.00000
   23  gamma              1        22   15           0           0      0.61567     -0.25136      9.84230      9.86474      0.00000
   24  pi-                1      -211   16           0           0      0.07279      0.33164      0.74850      0.83367      0.13957
   25  pi+                1       211   16           0           0     -0.06948     -0.40299      0.95948      1.05229      0.13957
   26  (K_S0)            11       310   17          31          32     -0.01821     -0.31553      3.34558      3.39713      0.49767
   27  K-                 1      -321   18           0           0      0.13438      0.66872     27.12838     27.14144      0.49360
   28  pi+                1       211   18           0           0      0.34231      0.06004      5.19871      5.21218      0.13957
   29  gamma              1        22   19           0           0     -0.04069     -0.25268      1.24698      1.27298      0.00000
   30  gamma              1        22   19           0           0     -0.09517     -0.39593      1.30163      1.36384      0.00000
   31  (pi0)             11       111   26          33          34      0.12466     -0.34492      2.21104      2.24531      0.13498
   32  (pi0)             11       111   26          35          36     -0.14287      0.02940      1.13454      1.15182      0.13498
   33  gamma              1        22   31           0           0      0.00172     -0.00287      0.29968      0.29969      0.00000
   34  gamma              1        22   31           0           0      0.12294     -0.34206      1.91137      1.94562      0.00000
   35  gamma              1        22   32           0           0      0.01273      0.01446      0.41699      0.41743      0.00000
   36  gamma              1        22   32           0           0     -0.15560      0.01494      0.71756      0.73439      0.00000
 ==================================================================================================================================
                   sum charge:  0.00   sum momentum and inv. mass:      0.00000     -0.00000    120.00000    140.00339     72.11760



                            Event listing (standard)

    I  particle/jet  K(I,1)   K(I,2) K(I,3)     K(I,4)      K(I,5)       P(I,1)       P(I,2)       P(I,3)       P(I,4)       P(I,5)

    1  !e-!              21        11    0           3           4      0.00000      0.00000    -10.00000     10.00000      0.00051
    2  !p+!              21      2212    0           5           0     -0.00000      0.00000    130.00000    130.00339      0.93827
 ==================================================================================================================================
    3  !e-!              21        11    1           0           0     -1.15255      0.26232     -9.92560      9.99573      0.00051
    4  !gamma!           21        22    1           0           0      1.15255     -0.26232     -0.07440      0.00427     -1.18435
    5  !p+!              21      2212    2           0           0      0.00000     -0.00000    130.00000    130.00339      0.93827
    6  !gamma!           21        22    4           0           0      1.20173     -0.27351      0.66749      0.74954     -1.18435
    7  !u!               21         2    5           0           0     -0.00323      0.00074      8.49863      8.49863      0.00000
    8  !gamma!           21        22    6           0           0      1.20173     -0.27351      0.66749      0.74954     -1.18435
    9  !u!               21         2    7           0           0     -0.00323      0.00074      8.49863      8.49863      0.00000
   10  !u!               21         2    9           0           0      1.19849     -0.27277      9.16612      9.24817      0.00000
 ==================================================================================================================================
   11  e-                 1        11    3           0           0     -1.15255      0.26232     -9.92560      9.99573      0.00051
   12  (u)           A   12         2   10          14          14      1.12600      0.29768      8.50484      8.58422      0.00000
   13  (ud_0)        V   11      2101    5          14          14      0.02655     -0.55999    121.42076    121.42343      0.57933
 ==================================================================================================================================
   14  (string)          11        92   12          15          18      1.15255     -0.26232    129.92560    130.00765      4.46445
   15  pi+                1       211   14           0           0     -0.00115      0.23468     14.83589     14.83841      0.13957
   16  n0                 1      2112   14           0           0      0.47072      0.08935      9.68182      9.73910      0.93957
   17  nbar0              1     -2112   14           0           0      0.51281     -0.33461     43.81687     43.83122      0.93957
   18  n0                 1      2112   14           0           0      0.17017     -0.25174     61.59101     61.59893      0.93957
 ==================================================================================================================================
                   sum charge:  0.00   sum momentum and inv. mass:      0.00000     -0.00000    120.00000    140.00339     72.11760



                            Event listing (standard)

    I  particle/jet  K(I,1)   K(I,2) K(I,3)     K(I,4)      K(I,5)       P(I,1)       P(I,2)       P(I,3)       P(I,4)       P(I,5)

    1  !e-!              21        11    0           3           4      0.00000      0.00000    -10.00000     10.00000      0.00051
    2  !p+!              21      2212    0           5           0     -0.00000      0.00000    130.00000    130.00339      0.93827
 ==================================================================================================================================
    3  !e-!              21        11    1           0           0      1.00721      0.14858     -9.95544     10.00736      0.00051
    4  !gamma!           21        22    1           0           0     -1.00721     -0.14858     -0.04456     -0.00736     -1.01906
    5  !p+!              21      2212    2           0           0     -0.00000      0.00000    130.00000    130.00339      0.93827
    6  !gamma!           21        22    4           0           0     -1.09636     -0.16173      2.31853      2.35909     -1.01906
    7  !u!               21         2    5           0           0      0.00877      0.00129     12.56183     12.56184      0.00000
    8  !gamma!           21        22    6           0           0     -1.09636     -0.16173      2.31853      2.35909     -1.01906
    9  !u!               21         2    7           0           0      0.00877      0.00129     12.56183     12.56184      0.00000
   10  !u!               21         2    9           0           0     -1.08759     -0.16043     14.88037     14.92092      0.00000
 ==================================================================================================================================
   11  e-                 1        11    3           0           0      1.00721      0.14858     -9.95544     10.00736      0.00051
   12  (u)           A   12         2   10          14          14     -0.74461     -0.44436      9.73639      9.77492      0.00000
   13  (ud_0)        V   11      2101    5          14          14     -0.26259      0.29578    120.21905    120.22110      0.57933
 ==================================================================================================================================
   14  (string)          11        92   12          15          17     -1.00721     -0.14858    129.95544    129.99602      3.08434
   15  (omega)           11       223   14          18          20     -0.37040      0.37540     18.41170     18.43557      0.77548
   16  K+                 1       321   14           0           0     -0.32900     -0.49393     42.52192     42.52893      0.49360
   17  (Lambda0)         11      3122   14          21          22     -0.30781     -0.03004     69.02181     69.03152      1.11568
   18  pi+                1       211   15           0           0     -0.26961      0.40066      7.37109      7.38821      0.13957
   19  pi-                1      -211   15           0           0     -0.16634     -0.03785      7.98170      7.98474      0.13957
   20  (pi0)             11       111   15          23          24      0.06555      0.01258      3.05892      3.06262      0.13498
   21  p+                 1      2212   17           0           0     -0.17976     -0.00652     53.42352     53.43206      0.93827
   22  pi-                1      -211   17           0           0     -0.12805     -0.02352     15.59829     15.59946      0.13957
   23  gamma              1        22   20           0           0     -0.03010     -0.00856      0.24380      0.24580      0.00000
   24  gamma              1        22   20           0           0      0.09565      0.02114      2.81512      2.81682      0.00000
 ==================================================================================================================================
                   sum charge:  0.00   sum momentum and inv. mass:      0.00000      0.00000    120.00000    140.00339     72.11760



                            Event listing (standard)

    I  particle/jet  K(I,1)   K(I,2) K(I,3)     K(I,4)      K(I,5)       P(I,1)       P(I,2)       P(I,3)       P(I,4)       P(I,5)

    1  !e-!              21        11    0           3           4      0.00000      0.00000    -10.00000     10.00000      0.00051
    2  !p+!              21      2212    0           5           0     -0.00000      0.00000    130.00000    130.00339      0.93827
 ==================================================================================================================================
    3  !e-!              21        11    1           0           0     -1.26942      0.12833     -8.62775      8.72158      0.00051
    4  !gamma!           21        22    1           0           0      1.26942     -0.12833     -1.37225      1.27842     -1.36989
    5  !p+!              21      2212    2           0           0     -0.00000      0.00000    130.00000    130.00339      0.93827
    6  !gamma!           21        22    4           0           0      1.26608     -0.12799     -1.01560      1.62812     -0.00000
    7  !g!               21        21    5           0           0      0.19465     -0.01237      6.08591      6.08904     -0.00000
    8  !gamma!           21        22    6           0           0      1.26608     -0.12799     -1.01560      1.62812      0.00000
    9  !g!               21        21    7           0           0      0.19465     -0.01237      6.08591      6.08904      0.00000
   10  !sbar!            21        -3    0           0           0     -0.58875     -0.90191     -0.80079      1.43224      0.50000
   11  !s!               21         3    0           0           0      2.04949      0.76155      5.87110      6.28492      0.50000
 ==================================================================================================================================
   12  e-                 1        11    3           0           0     -1.26942      0.12833     -8.62775      8.72158      0.00051
   13  (s)           A   12         3   11          18          18      1.90971      0.70884      5.47169      5.85994      0.50000
   14  (uu_1)        V   11      2203    5          18          18     -0.00347     -0.03749    106.99887    107.00166      0.77133
   15  (sbar)        A   12        -3   10          24          24     -0.13985     -0.84551     -0.85400      1.30910      0.50000
   16  (g)           I   12        21   10          24          24     -0.30912     -0.00370      0.45262      0.54812      0.00000
   17  (d)           V   11         1    5          24          24     -0.18785      0.04952     16.55856     16.56299      0.33000
 ==================================================================================================================================
   18  (string)          11        92   13          19          23      1.90624      0.67136    112.47056    112.86160      9.16666
   19  K-                 1      -321   18           0           0      0.24403     -0.43297      4.26372      4.32088      0.49360
   20  (eta')            11       331   18          29          31      0.51983      0.98896      8.04971      8.18309      0.95752
   21  (omega)           11       223   18          32          34      1.10307     -0.19199      4.79549      4.98578      0.77954
   22  pi+                1       211   18           0           0      0.22636      0.11672      8.97215      8.97685      0.13957
   23  p+                 1      2212   18           0           0     -0.18704      0.19064     86.38949     86.39500      0.93827
   24  (string)          11        92   15          25          28     -0.63683     -0.79968     16.15718     18.42021      8.78661
   25  (K*0)             11       313   24          35          36     -0.31365     -1.10445      0.29540      1.50441      0.92617
   26  (K*bar0)          11      -313   24          37          38      0.15297      0.10302      0.02153      0.93380      0.91516
   27  (K*0)             11       313   24          39          40      0.22296      0.62463      6.35987      6.46551      0.95656
   28  (pi0)             11       111   24          41          42     -0.69910     -0.42289      9.48039      9.51649      0.13498
   29  pi+                1       211   20           0           0      0.09590      0.21302      0.90300      0.94311      0.13957
   30  pi-                1      -211   20           0           0      0.02848      0.20014      2.26178      2.27508      0.13957
   31  (eta)             11       221   20          43          44      0.39544      0.57580      4.88493      4.96489      0.54745
   32  pi+                1       211   21           0           0      0.46289     -0.27986      2.31516      2.38160      0.13957
   33  pi-                1      -211   21           0           0      0.10285      0.11108      1.05258      1.07253      0.13957
   34  (pi0)             11       111   21          45          46      0.53733     -0.02322      1.42775      1.53165      0.13498
   35  (K0)              11       311   25          47          47     -0.40442     -0.68682      0.43433      1.03518      0.49767
   36  (pi0)             11       111   25          48          49      0.09077     -0.41762     -0.13893      0.46922      0.13498
   37  K-                 1      -321   26           0           0      0.14364     -0.21183      0.13298      0.57169      0.49360
   38  pi+                1       211   26           0           0      0.00932      0.31486     -0.11146      0.36211      0.13957
   39  (K0)              11       311   27          50          50      0.09438      0.52496      2.61973      2.71940      0.49767
   40  (pi0)             11       111   27          51          52      0.12858      0.09967      3.74014      3.74611      0.13498
   41  gamma              1        22   28           0           0     -0.59097     -0.34899      7.30830      7.34046      0.00000
   42  gamma              1        22   28           0           0     -0.10813     -0.07390      2.17209      2.17603      0.00000
   43  gamma              1        22   31           0           0      0.17704      0.14733      0.46541      0.51928      0.00000
   44  gamma              1        22   31           0           0      0.21841      0.42847      4.41952      4.44561      0.00000
   45  gamma              1        22   34           0           0      0.10542     -0.05946      0.32023      0.34234      0.00000
   46  gamma              1        22   34           0           0      0.43190      0.03625      1.10752      1.18930      0.00000
   47  K_L0               1       130   35           0           0     -0.40442     -0.68682      0.43433      1.03518      0.49767
   48  gamma              1        22   36           0           0     -0.03458     -0.12804     -0.04192      0.13910      0.00000
   49  gamma              1        22   36           0           0      0.12536     -0.28959     -0.09701      0.33013      0.00000
   50  (K_S0)            11       310   39          53          54      0.09438      0.52496      2.61973      2.71940      0.49767
   51  gamma              1        22   40           0           0      0.05113      0.11927      2.54035      2.54367      0.00000
   52  gamma              1        22   40           0           0      0.07745     -0.01960      1.19978      1.20244      0.00000
   53  (pi0)             11       111   50          55          56      0.04352      0.43526      1.11795      1.20805      0.13498
   54  (pi0)             11       111   50          57          58      0.05086      0.08970      1.50178      1.51136      0.13498
   55  gamma              1        22   53           0           0     -0.01605      0.00748      0.11063      0.11204      0.00000
   56  gamma              1        22   53           0           0      0.05957      0.42778      1.00732      1.09601      0.00000
   57  gamma              1        22   54           0           0     -0.01043      0.01368      1.00087      1.00101      0.00000
   58  gamma              1        22   54           0           0      0.06128      0.07601      0.50091      0.51034      0.00000
 ==================================================================================================================================
                   sum charge:  0.00   sum momentum and inv. mass:     -0.00000     -0.00000    120.00000    140.00339     72.11760



                            Event listing (standard)

    I  particle/jet  K(I,1)   K(I,2) K(I,3)     K(I,4)      K(I,5)       P(I,1)       P(I,2)       P(I,3)       P(I,4)       P(I,5)

    1  !e-!              21        11    0           3           4      0.00000      0.00000    -10.00000     10.00000      0.00051
    2  !p+!              21      2212    0           5           0     -0.00000      0.00000    130.00000    130.00339      0.93827
 ==================================================================================================================================
    3  !e-!              21        11    1           0           0      0.13810     -1.37282     -8.81765      8.92494      0.00051
    4  !gamma!           21        22    1           0           0     -0.13810      1.37282     -1.18235      1.07506     -1.46489
    5  !p+!              21      2212    2           0           0     -0.00000      0.00000    130.00000    130.00339      0.93827
    6  !rho_diff0!       21   9900110    4           0           0     -0.50531      1.17938      4.04388      6.30045      4.65795
    7  !p+!              21      2212    5           0           0      0.36721      0.19343    124.77377    124.77799      0.93827
 ==================================================================================================================================
    8  (u)           A   12         2    6          12          12     -0.51680      1.16613     -0.73601      1.50915      0.33000
    9  (ubar)        V   11        -2    6          12          12      0.01149      0.01326      4.77989      4.79130      0.33000
   10  p+                 1      2212    7           0           0      0.36721      0.19343    124.77377    124.77799      0.93827
   11  e-                 1        11    3           0           0      0.13810     -1.37282     -8.81765      8.92494      0.00051
 ==================================================================================================================================
   12  (string)          11        92    8          13          16     -0.50531      1.17938      4.04388      6.30045      4.65795
   13  pi+                1       211   12           0           0      0.06216      0.15641     -0.30013      0.37133      0.13957
   14  (pi0)             11       111   12          17          18      0.12395     -0.19487      0.94790      0.98493      0.13498
   15  (K*0)             11       313   12          19          20     -0.80757      1.01655      0.05515      1.55900      0.86134
   16  K-                 1      -321   12           0           0      0.11615      0.20129      3.34095      3.38520      0.49360
   17  gamma              1        22   14           0           0      0.09009     -0.20120      0.68059      0.71540      0.00000
   18  gamma              1        22   14           0           0      0.03386      0.00633      0.26731      0.26952      0.00000
   19  K+                 1       321   15           0           0     -0.70152      1.00252      0.19576      1.33385      0.49360
   20  pi-                1      -211   15           0           0     -0.10605      0.01403     -0.14061      0.22516      0.13957
 ==================================================================================================================================
                   sum charge:  0.00   sum momentum and inv. mass:      0.00000      0.00000    120.00000    140.00339     72.11760



                            Event listing (standard)

    I  particle/jet  K(I,1)   K(I,2) K(I,3)     K(I,4)      K(I,5)       P(I,1)       P(I,2)       P(I,3)       P(I,4)       P(I,5)

    1  !e-!              21        11    0           3           4      0.00000      0.00000    -10.00000     10.00000      0.00051
    2  !p+!              21      2212    0           5           0     -0.00000      0.00000    130.00000    130.00339      0.93827
 ==================================================================================================================================
    3  !e-!              21        11    1           0           0      0.70379      0.57130     -7.86081      7.91291      0.00051
    4  !gamma!           21        22    1           0           0     -0.70379     -0.57130     -2.13919      2.08709     -1.02072
    5  !p+!              21      2212    2           0           0     -0.00000      0.00000    130.00000    130.00339      0.93827
    6  !gamma!           21        22    4           0           0     -0.69300     -0.56254     -1.98502      2.17647     -0.00000
    7  !g!               21        21    5           0           0      0.24259      0.45771      3.03535      3.07924     -0.00000
    8  !gamma!           21        22    6           0           0     -0.56177     -0.45601     -1.60911      1.76431      0.00000
    9  !g!               21        21    7           0           0      0.20013     -0.92944      0.86706      1.28674      0.00000
   10  !u!               21         2    0           0           0      1.01715     -0.30485     -0.59823      1.26266      0.33000
   11  !ubar!            21        -2    0           0           0     -1.37878     -1.08061     -0.14383      1.78839      0.33000
 ==================================================================================================================================
   12  e-                 1        11    3           0           0      0.70379      0.57130     -7.86081      7.91291      0.00051
   13  (u)           A   12         2   10          19          19      0.81654     -0.25522     -0.48695      1.03822      0.33000
   14  (uu_1)        V   11      2203    5          19          19     -0.37299     -0.47332    123.80200    123.80587      0.77133
   15  (ubar)        A   12        -2   11          26          26     -0.46045     -0.09890     -0.46422      0.73905      0.33000
   16  (g)           I   12        21   11          26          26     -0.71773     -1.03133      0.20911      1.27378      0.00000
   17  (g)           I   12        21    7          26          26     -0.08878      1.28062      1.79239      2.20467      0.00000
   18  (d)           V   11         1    5          26          26      0.11962      0.00685      3.00848      3.02889      0.33000
 ==================================================================================================================================
   19  (string)          11        92   13          20          25      0.44355     -0.72854    123.31505    124.84410     19.46071
   20  pi+                1       211   19           0           0      0.84894      0.26616      0.28666      0.94509      0.13957
   21  (Sigma0)          11      3212   19          32          33     -0.52856     -0.18204      1.31175      1.85887      1.19255
   22  (Sigmabar-)       11     -3222   19          34          35      0.74322     -0.54738      4.49264      4.73818      1.18937
   23  (K*+)             11       323   19          36          37      0.09500      0.30123      8.47121      8.52217      0.87538
   24  (K*-)             11      -323   19          38          39     -0.26216     -0.21443     53.61176     53.62153      0.96580
   25  (Delta++)         11      2224   19          40          41     -0.45288     -0.35209     55.14103     55.15826      1.25344
   26  (string)          11        92   15          27          31     -1.14734      0.15724      4.54576      7.24638      5.52313
   27  pi-                1      -211   26           0           0     -0.39857     -0.63375     -0.38390      0.85285      0.13957
   28  pi+                1       211   26           0           0     -0.69252      0.72510      1.01953      1.43676      0.13957
   29  (rho0)            11       113   26          42          43      0.52774     -0.12470      0.78429      1.18249      0.69936
   30  (eta)             11       221   26          44          45     -0.78229     -0.46124      0.94107      1.41776      0.54745
   31  (rho-)            11      -213   26          46          47      0.19829      0.65183      2.18477      2.35653      0.56196
   32  (Lambda0)         11      3122   21          48          49     -0.46974     -0.16325      1.31777      1.79682      1.11568
   33  gamma              1        22   21           0           0     -0.05882     -0.01879     -0.00602      0.06205      0.00000
   34  pbar-              1     -2212   22           0           0      0.70698     -0.49474      4.34520      4.52832      0.93827
   35  (pi0)             11       111   22          50          51      0.03624     -0.05264      0.14743      0.20986      0.13498
   36  (K0)              11       311   23          52          52     -0.17958      0.18074      4.02006      4.05875      0.49767
   37  pi+                1       211   23           0           0      0.27458      0.12049      4.45115      4.46342      0.13957
   38  (Kbar0)           11      -311   24          53          53     -0.34886      0.04100     22.37096     22.37925      0.49767
   39  pi-                1      -211   24           0           0      0.08670     -0.25544     31.24080     31.24228      0.13957
   40  p+                 1      2212   25           0           0     -0.17954     -0.19977     32.54544     32.56007      0.93827
   41  pi+                1       211   25           0           0     -0.27334     -0.15231     22.59559     22.59819      0.13957
   42  pi+                1       211   29           0           0      0.37038      0.08089      0.06999      0.41001      0.13957
   43  pi-                1      -211   29           0           0      0.15736     -0.20560      0.71430      0.77248      0.13957
   44  gamma              1        22   30           0           0     -0.17143     -0.05624     -0.04803      0.18670      0.00000
   45  gamma              1        22   30           0           0     -0.61086     -0.40500      0.98910      1.23105      0.00000
   46  pi-                1      -211   31           0           0      0.03798      0.05085      0.11656      0.19260      0.13957
   47  (pi0)             11       111   31          54          55      0.16031      0.60098      2.06821      2.16393      0.13498
   48  n0                 1      2112   32           0           0     -0.45410     -0.05041      1.13524      1.54282      0.93957
   49  (pi0)             11       111   32          56          57     -0.01564     -0.11284      0.18254      0.25400      0.13498
   50  gamma              1        22   35           0           0     -0.02312      0.01476     -0.00951      0.02903      0.00000
   51  gamma              1        22   35           0           0      0.05936     -0.06740      0.15694      0.18083      0.00000
   52  (K_S0)            11       310   36          58          59     -0.17958      0.18074      4.02006      4.05875      0.49767
   53  (K_S0)            11       310   38          60          61     -0.34886      0.04100     22.37096     22.37925      0.49767
   54  gamma              1        22   47           0           0     -0.00860      0.11669      0.27613      0.29990      0.00000
   55  gamma              1        22   47           0           0      0.16890      0.48429      1.79207      1.86403      0.00000
   56  gamma              1        22   49           0           0     -0.07191     -0.09163      0.11922      0.16668      0.00000
   57  gamma              1        22   49           0           0      0.05627     -0.02120      0.06331      0.08732      0.00000
   58  pi+                1       211   52           0           0     -0.20749      0.27311      2.21544      2.24617      0.13957
   59  pi-                1      -211   52           0           0      0.02791     -0.09237      1.80462      1.81258      0.13957
   60  pi-                1      -211   53           0           0     -0.36391     -0.08315     17.78440     17.78887      0.13957
   61  pi+                1       211   53           0           0      0.01505      0.12416      4.58656      4.59038      0.13957
 ==================================================================================================================================
                   sum charge:  0.00   sum momentum and inv. mass:     -0.00000     -0.00000    120.00000    140.00339     72.11760



                            Event listing (standard)

    I  particle/jet  K(I,1)   K(I,2) K(I,3)     K(I,4)      K(I,5)       P(I,1)       P(I,2)       P(I,3)       P(I,4)       P(I,5)

    1  !e-!              21        11    0           3           4      0.00000      0.00000    -10.00000     10.00000      0.00051
    2  !p+!              21      2212    0           5           0     -0.00000      0.00000    130.00000    130.00339      0.93827
 ==================================================================================================================================
    3  !e-!              21        11    1           0           0      0.70976      0.37698     -4.84301      4.90923      0.00051
    4  !gamma!           21        22    1           0           0     -0.70976     -0.37698     -5.15699      5.09077     -1.15089
    5  !p+!              21      2212    2           0           0     -0.00000      0.00000    130.00000    130.00339      0.93827
    6  !g!               21        21    4           0           0      0.03861     -0.46623     -2.29711      2.34427     -0.00000
    7  !g!               21        21    5           0           0      0.36182      0.17797      3.30706      3.33155     -0.00000
    8  !g!               21        21    6           0           0      0.03861     -0.46623     -2.29711      2.34427      0.00000
    9  !g!               21        21    7           0           0      0.36182      0.17797      3.30706      3.33155      0.00000
   10  !g!               21        21    0           0           0      0.36156     -2.60426     -0.78668      2.74440      0.00000
   11  !g!               21        21    0           0           0      0.03887      2.31600      1.79662      2.93142      0.00000
 ==================================================================================================================================
   12  e-                 1        11    3           0           0      0.70976      0.37698     -4.84301      4.90923      0.00051
   13  (u)           A   12         2   10          23          23      0.26032     -2.04781      0.39327      2.12717      0.33000
   14  (g)           I   12        21   11          23          23      0.03351      1.99617      1.54852      2.52661      0.00000
   15  (ud_0)        V   11      2101    5          23          23     -0.22168      0.14534     90.39255     90.39480      0.57933
   16  (ubar)        A   12        -2   10          20          20      0.10660     -0.23663     -0.93184      1.02205      0.33000
   17  (u)           V   11         2    4          20          20     -0.97914     -0.05639     -1.92947      2.18944      0.33000
   18  (ubar)        A   12        -2    4          33          33      0.23261      0.14662     -0.66728      0.79358      0.33000
   19  (u)           V   11         2    5          33          33     -0.14198     -0.32429     36.03726     36.04051      0.33000
   20  (cluster)         11        91   16          21          22     -0.87253     -0.29302     -2.86131      3.21149      1.13110
   21  pi-                1      -211   20           0           0     -0.01610      0.34124     -0.54802      0.66069      0.13957
   22  pi+                1       211   20           0           0     -0.85644     -0.63426     -2.31329      2.55080      0.13957
 ==================================================================================================================================
   23  (string)          11        92   13          24          32      0.07215      0.09371     92.33434     95.04857     22.55187
   24  pi+                1       211   23           0           0     -0.05766      0.27330     -0.16439      0.35287      0.13957
   25  (rho0)            11       113   23          40          41     -0.15605     -1.16442      0.91740      1.61258      0.61526
   26  (K*0)             11       313   23          42          43      0.41589     -0.14938     -0.06970      1.04119      0.94018
   27  K-                 1      -321   23           0           0     -0.30909      0.51452      2.68608      2.79623      0.49360
   28  (K*+)             11       323   23          44          45      0.27573      0.36940      2.72920      2.91944      0.92852
   29  (eta')            11       331   23          46          48      0.32069      0.22758     17.85363     17.88366      0.95845
   30  (K*-)             11      -323   23          49          50     -0.03659      0.04646     10.23444     10.27521      0.91255
   31  pi+                1       211   23           0           0     -0.30074      0.31877     25.95305     25.95712      0.13957
   32  n0                 1      2112   23           0           0     -0.08003     -0.34251     32.19463     32.21026      0.93957
   33  (string)          11        92   18          34          39      0.09063     -0.17768     35.36998     36.83409     10.27984
   34  (eta')            11       331   33          51          53      0.08596     -0.11281      0.12281      0.97596      0.95776
   35  (rho0)            11       113   33          54          55      0.01521     -0.08682      1.36680      1.57011      0.76768
   36  (Sigmabar-)       11     -3222   33          56          57     -0.15684      0.37514      2.80283      3.07177      1.18937
   37  (Sigma+)          11      3222   33          58          59      0.66216     -0.04730     23.35956     23.39924      1.18937
   38  (pi0)             11       111   33          60          61     -0.07133     -0.28959      0.59695      0.68082      0.13498
   39  (pi0)             11       111   33          62          63     -0.44454     -0.01628      7.12102      7.13618      0.13498
   40  pi+                1       211   25           0           0      0.13248     -0.40071      0.54818      0.70576      0.13957
   41  pi-                1      -211   25           0           0     -0.28853     -0.76372      0.36922      0.90682      0.13957
   42  (K0)              11       311   26          64          64      0.14149     -0.03651     -0.33793      0.61905      0.49767
   43  (pi0)             11       111   26          65          66      0.27441     -0.11287      0.26823      0.42214      0.13498
   44  (K0)              11       311   28          67          67     -0.03226      0.22976      2.25298      2.31893      0.49767
   45  pi+                1       211   28           0           0      0.30799      0.13964      0.47622      0.60052      0.13957
   46  (pi0)             11       111   29          68          69      0.05089      0.06182      2.52615      2.53102      0.13498
   47  (pi0)             11       111   29          70          71      0.26969      0.08632      4.39973      4.41089      0.13498
   48  (eta)             11       221   29          72          73      0.00011      0.07944     10.92776     10.94175      0.54745
   49  K-                 1      -321   30           0           0      0.20109     -0.00794      4.10831      4.14275      0.49360
   50  (pi0)             11       111   30          74          75     -0.23768      0.05441      6.12613      6.13247      0.13498
   51  pi-                1      -211   34           0           0      0.10968     -0.12673      0.12685      0.25231      0.13957
   52  pi+                1       211   34           0           0     -0.05272     -0.00416      0.07903      0.16889      0.13957
   53  (eta)             11       221   34          76          77      0.02900      0.01807     -0.08306      0.55477      0.54745
   54  pi+                1       211   35           0           0     -0.25802      0.13335      0.30712      0.44516      0.13957
   55  pi-                1      -211   35           0           0      0.27324     -0.22017      1.05968      1.12496      0.13957
   56  nbar0              1     -2112   36           0           0      0.05916      0.28854      2.24507      2.45151      0.93957
   57  pi-                1      -211   36           0           0     -0.21599      0.08660      0.55776      0.62026      0.13957
   58  n0                 1      2112   37           0           0      0.64968      0.07825     21.41799     21.44857      0.93957
   59  pi+                1       211   37           0           0      0.01247     -0.12555      1.94157      1.95066      0.13957
   60  gamma              1        22   38           0           0     -0.07643     -0.29438      0.60039      0.67303      0.00000
   61  gamma              1        22   38           0           0      0.00510      0.00479     -0.00344      0.00779      0.00000
   62  gamma              1        22   39           0           0     -0.23033      0.04974      4.17312      4.17977      0.00000
   63  gamma              1        22   39           0           0     -0.21421     -0.06602      2.94790      2.95641      0.00000
   64  K_L0               1       130   42           0           0      0.14149     -0.03651     -0.33793      0.61905      0.49767
   65  gamma              1        22   43           0           0      0.18428     -0.00598      0.13056      0.22592      0.00000
   66  gamma              1        22   43           0           0      0.09012     -0.10690      0.13767      0.19622      0.00000
   67  K_L0               1       130   44           0           0     -0.03226      0.22976      2.25298      2.31893      0.49767
   68  gamma              1        22   46           0           0     -0.04463      0.03442      0.76827      0.77034      0.00000
   69  gamma              1        22   46           0           0      0.09551      0.02740      1.75787      1.76068      0.00000
   70  gamma              1        22   47           0           0      0.01046      0.03323      1.10893      1.10947      0.00000
   71  gamma              1        22   47           0           0      0.25923      0.05309      3.29080      3.30142      0.00000
   72  gamma              1        22   48           0           0     -0.24288      0.12954      3.94811      3.95770      0.00000
   73  gamma              1        22   48           0           0      0.24299     -0.05010      6.97965      6.98406      0.00000
   74  gamma              1        22   50           0           0     -0.16648      0.04069      2.62669      2.63227      0.00000
   75  gamma              1        22   50           0           0     -0.07120      0.01371      3.49944      3.50020      0.00000
   76  gamma              1        22   53           0           0      0.08188     -0.10945     -0.28156      0.31299      0.00000
   77  gamma              1        22   53           0           0     -0.05288      0.12753      0.19849      0.24178      0.00000
 ==================================================================================================================================
                   sum charge:  0.00   sum momentum and inv. mass:      0.00000      0.00000    120.00000    140.00339     72.11760



                            Event listing (standard)

    I  particle/jet  K(I,1)   K(I,2) K(I,3)     K(I,4)      K(I,5)       P(I,1)       P(I,2)       P(I,3)       P(I,4)       P(I,5)

    1  !e-!              21        11    0           3           4      0.00000      0.00000    -10.00000     10.00000      0.00051
    2  !p+!              21      2212    0           5           0     -0.00000      0.00000    130.00000    130.00339      0.93827
 ==================================================================================================================================
    3  !e-!              21        11    1           0           0      1.86905      0.96961     -6.89557      7.20988      0.00051
    4  !gamma!           21        22    1           0           0     -1.86905     -0.96961     -3.10443      2.79012     -2.50723
    5  !p+!              21      2212    2           0           0     -0.00000     -0.00000    130.00000    130.00339      0.93827
    6  !g!               21        21    4           0           0      0.00000      0.00000      0.00000      0.00000      0.00000
    7  !g!               21        21    5           0           0      0.00000      0.00000      0.00000      0.00000      0.00000
    8  !g!               21        21    6           0           0      0.00000      0.00000      0.00000      0.00000      0.00000
    9  !g!               21        21    7           0           0      0.00000      0.00000      0.00000      0.00000      0.00000
   10  !g!               21        21    0           0           0      0.00000      0.00000      0.00000      0.00000      0.00000
   11  !g!               21        21    0           0           0      0.00000      0.00000      0.00000      0.00000      0.00000
 ==================================================================================================================================
   12  e-                 1        11    3           0           0      1.86905      0.96961     -6.89557      7.20988      0.00051
   13  (ubar)        A   12        -2    4          17          17     -1.79096     -1.39674     -2.42792      3.34098      0.33000
   14  (d)           V   11         1    5          17          17      0.08592     -0.13470      8.85751      8.86509      0.33000
   15  (u)           A   12         2    4          23          23     -0.07592      0.42826      1.19457      1.31342      0.33000
   16  (uu_1)        V   11      2203    5          23          23     -0.08810      0.13358    119.27142    119.27402      0.77133
 ==================================================================================================================================
   17  (string)          11        92   13          18          22     -1.70504     -1.53144      6.42958     12.20607     10.11910
   18  (rho0)            11       113   17          28          29     -1.02864     -0.98201     -0.93299      1.84372      0.71162
   19  (K*-)             11      -323   17          30          31      0.16374     -0.42097     -0.72604      1.37634      1.07850
   20  (phi)             11       333   17          32          33     -0.39222     -0.39213      0.47309      1.25367      1.01994
   21  K+                 1       321   17           0           0     -0.03735      0.53259      2.91949      3.00867      0.49360
   22  pi-                1      -211   17           0           0     -0.41058     -0.26891      4.69602      4.72366      0.13957
   23  (string)          11        92   15          24          27     -0.16401      0.56184    120.46599    120.58744      5.37896
   24  (rho+)            11       213   23          34          35     -0.26285     -0.15471     16.22482     16.24585      0.76812
   25  pi-                1      -211   23           0           0      0.12601      0.63339      2.79325      2.87033      0.13957
   26  (rho+)            11       213   23          36          37      0.17609     -0.20719     25.27993     25.29208      0.73523
   27  (Delta+)          11      2214   23          38          39     -0.20326      0.29035     76.16799     76.17917      1.25636
   28  pi-                1      -211   18           0           0     -1.08516     -0.80827     -0.80306      1.57964      0.13957
   29  pi+                1       211   18           0           0      0.05652     -0.17373     -0.12993      0.26408      0.13957
   30  (Kbar0)           11      -311   19          40          40     -0.12792     -0.00760     -0.04404      0.51579      0.49767
   31  pi-                1      -211   19           0           0      0.29166     -0.41338     -0.68200      0.86055      0.13957
   32  K+                 1       321   20           0           0     -0.25024     -0.08612      0.27423      0.62360      0.49360
   33  K-                 1      -321   20           0           0     -0.14197     -0.30601      0.19886      0.63007      0.49360
   34  pi+                1       211   24           0           0     -0.01248     -0.20157     14.03451     14.03666      0.13957
   35  (pi0)             11       111   24          41          42     -0.25037      0.04686      2.19030      2.20919      0.13498
   36  pi+                1       211   26           0           0     -0.15800     -0.25695     18.00064     18.00371      0.13957
   37  (pi0)             11       111   26          43          44      0.33410      0.04976      7.27929      7.28837      0.13498
   38  p+                 1      2212   27           0           0     -0.31385      0.23118     48.85465     48.86522      0.93827
   39  (pi0)             11       111   27          45          46      0.11059      0.05917     27.31333     27.31396      0.13498
   40  K_L0               1       130   30           0           0     -0.12792     -0.00760     -0.04404      0.51579      0.49767
   41  gamma              1        22   35           0           0     -0.21044     -0.01328      1.42895      1.44443      0.00000
   42  gamma              1        22   35           0           0     -0.03992      0.06014      0.76135      0.76477      0.00000
   43  gamma              1        22   37           0           0      0.09677      0.02015      1.09270      1.09716      0.00000
   44  gamma              1        22   37           0           0      0.23733      0.02960      6.18659      6.19121      0.00000
   45  gamma              1        22   39           0           0     -0.02258     -0.00812      8.35163      8.35167      0.00000
   46  gamma              1        22   39           0           0      0.13317      0.06729     18.96170     18.96229      0.00000
 ==================================================================================================================================
                   sum charge:  0.00   sum momentum and inv. mass:      0.00000      0.00000    120.00000    140.00339     72.11760



                            Event listing (standard)

    I  particle/jet  K(I,1)   K(I,2) K(I,3)     K(I,4)      K(I,5)       P(I,1)       P(I,2)       P(I,3)       P(I,4)       P(I,5)

    1  !e-!              21        11    0           3           4      0.00000      0.00000    -10.00000     10.00000      0.00051
    2  !p+!              21      2212    0           5           0     -0.00000      0.00000    130.00000    130.00339      0.93827
 ==================================================================================================================================
    3  !e-!              21        11    1           0           0      0.16648      1.09716     -9.89895      9.96096      0.00051
    4  !gamma!           21        22    1           0           0     -0.16648     -1.09716     -0.10105      0.03904     -1.11363
    5  !p+!              21      2212    2           0           0     -0.00000      0.00000    130.00000    130.00339      0.93827
    6  !g!               21        21    4           0           0      0.00000      0.00000      0.00000      0.00000      0.00000
    7  !g!               21        21    5           0           0      0.00000      0.00000      0.00000      0.00000      0.00000
    8  !g!               21        21    6           0           0      0.00000      0.00000      0.00000      0.00000      0.00000
    9  !g!               21        21    7           0           0      0.00000      0.00000      0.00000      0.00000      0.00000
   10  !g!               21        21    0           0           0      0.00000      0.00000      0.00000      0.00000      0.00000
   11  !g!               21        21    0           0           0      0.00000      0.00000      0.00000      0.00000      0.00000
 ==================================================================================================================================
   12  e-                 1        11    3           0           0      0.16648      1.09716     -9.89895      9.96096      0.00051
   13  (u)           A   12         2    4          20          20      0.09379     -0.67949      2.84125      2.94145      0.33000
   14  (ud_1)        V   11      2103    5          20          20     -0.02706      0.13846     92.54914     92.55246      0.77133
   15  (ubar)        A   12        -2    4          17          17     -0.25747     -0.39922      4.41400      4.45174      0.33000
   16  (u)           V   11         2    5          17          17      0.02426     -0.15691     30.09455     30.09678      0.33000
   17  (cluster)         11        91   15          18          19     -0.23322     -0.55613     34.50855     34.54852      1.54798
   18  pi-                1      -211   17           0           0     -0.28627     -0.49331      7.37609      7.39943      0.13957
   19  (rho+)            11       213   17          24          25      0.05306     -0.06282     27.13246     27.14909      0.94657
 ==================================================================================================================================
   20  (string)          11        92   13          21          23      0.06674     -0.54103     95.39039     95.49391      4.41166
   21  (rho0)            11       113   20          26          27     -0.44735     -0.04669     12.11848     12.15141      0.77259
   22  (rho+)            11       213   20          28          29      0.44380     -0.65186      6.31574      6.37735      0.40022
   23  (Delta0)          11      2114   20          30          31      0.07029      0.15751     76.95618     76.96515      1.16269
   24  pi+                1       211   19           0           0     -0.21321     -0.10386      2.55359      2.56837      0.13957
   25  (pi0)             11       111   19          32          33      0.26626      0.04103     24.57887     24.58072      0.13498
   26  pi+                1       211   21           0           0      0.07161     -0.02611      0.61058      0.63095      0.13957
   27  pi-                1      -211   21           0           0     -0.51896     -0.02057     11.50790     11.52046      0.13957
   28  pi+                1       211   22           0           0      0.04381     -0.24047      2.59353      2.60876      0.13957
   29  (pi0)             11       111   22          34          35      0.39999     -0.41139      3.72221      3.76859      0.13498
   30  p+                 1      2212   23           0           0      0.14321      0.26237     63.06036     63.06805      0.93827
   31  pi-                1      -211   23           0           0     -0.07293     -0.10486     13.89581     13.89710      0.13957
   32  gamma              1        22   25           0           0     -0.00156     -0.02311      1.18780      1.18803      0.00000
   33  gamma              1        22   25           0           0      0.26782      0.06415     23.39107     23.39269      0.00000
   34  gamma              1        22   29           0           0      0.40295     -0.36894      3.40771      3.45122      0.00000
   35  gamma              1        22   29           0           0     -0.00296     -0.04245      0.31450      0.31737      0.00000
 ==================================================================================================================================
                   sum charge:  0.00   sum momentum and inv. mass:      0.00000      0.00000    120.00000    140.00339     72.11760



                            Event listing (standard)

    I  particle/jet  K(I,1)   K(I,2) K(I,3)     K(I,4)      K(I,5)       P(I,1)       P(I,2)       P(I,3)       P(I,4)       P(I,5)

    1  !e-!              21        11    0           3           4      0.00000      0.00000    -10.00000     10.00000      0.00051
    2  !p+!              21      2212    0           5           0     -0.00000      0.00000    130.00000    130.00339      0.93827
 ==================================================================================================================================
    3  !e-!              21        11    1           0           0      0.22035      2.13025     -9.75218      9.98457      0.00051
    4  !gamma!           21        22    1           0           0     -0.22035     -2.13025     -0.24782      0.01543     -2.15585
    5  !p+!              21      2212    2           0           0     -0.00000      0.00000    130.00000    130.00339      0.93827
    6  !gamma!           21        22    4           0           0     -0.22318     -2.15758     -0.02594      0.24069     -2.15585
    7  !u!               21         2    5           0           0      0.00019      0.00183      8.70060      8.70060      0.00000
    8  !gamma!           21        22    6           0           0     -0.22318     -2.15758     -0.02594      0.24069     -2.15585
    9  !u!               21         2    7           0           0      0.00019      0.00183      8.70060      8.70060      0.00000
   10  !u!               21         2    9           0           0     -0.22299     -2.15574      8.67466      8.94129      0.00000
 ==================================================================================================================================
   11  e-                 1        11    3           0           0      0.22035      2.13025     -9.75218      9.98457      0.00051
   12  (ud_0)        A   12      2101    5          16          16     -0.05971      0.28625    111.12839    111.13029      0.57933
   13  (g)           I   12        21   10          16          16     -0.16541      0.02548      4.12149      4.12488      0.00000
   14  (g)           I   12        21   10          16          16     -0.60992     -1.59875      8.35809      8.53145      0.00000
   15  (u)           V   11         2   10          16          16      0.61469     -0.84323      6.14421      6.23220      0.00000
 ==================================================================================================================================
   16  (string)          11        92   12          17          21     -0.22035     -2.13025    129.75218    130.01882      8.04221
   17  n0                 1      2112   16           0           0      0.05360      0.06988     71.64058     71.64679      0.93957
   18  (K*bar0)          11      -313   16          22          23     -0.49495      0.38601     23.92261     23.94804      0.90730
   19  (phi)             11       333   16          24          25     -0.53764     -1.13160     15.72306     15.80612      1.02426
   20  K+                 1       321   16           0           0      0.76038     -0.35773      9.75121      9.79979      0.49360
   21  (omega)           11       223   16          26          28     -0.00175     -1.09681      8.71472      8.81807      0.78046
   22  K-                 1      -321   18           0           0     -0.34875     -0.00752     17.36775     17.37826      0.49360
   23  pi+                1       211   18           0           0     -0.14620      0.39353      6.55486      6.56978      0.13957
   24  (rho+)            11       213   19          29          30     -0.25422     -1.07658     12.05626     12.12532      0.66809
   25  pi-                1      -211   19           0           0     -0.28341     -0.05502      3.66681      3.68080      0.13957
   26  pi+                1       211   21           0           0     -0.18868     -0.46623      3.22664      3.26859      0.13957
   27  pi-                1      -211   21           0           0      0.16515     -0.59769      5.03841      5.07834      0.13957
   28  (pi0)             11       111   21          31          32      0.02178     -0.03289      0.44966      0.47114      0.13498
   29  pi+                1       211   24           0           0     -0.39204     -0.36779      4.83326      4.86507      0.13957
   30  (pi0)             11       111   24          33          34      0.13782     -0.70879      7.22299      7.26025      0.13498
   31  gamma              1        22   28           0           0      0.02931     -0.08391      0.29559      0.30867      0.00000
   32  gamma              1        22   28           0           0     -0.00753      0.05102      0.15407      0.16247      0.00000
   33  gamma              1        22   30           0           0      0.09945     -0.33323      4.04251      4.05744      0.00000
   34  gamma              1        22   30           0           0      0.03837     -0.37556      3.18049      3.20281      0.00000
 ==================================================================================================================================
                   sum charge:  0.00   sum momentum and inv. mass:     -0.00000     -0.00000    120.00000    140.00339     72.11760

 Advisory warning: maximum violated by  1.371D+00 in event    1114
 XSEC(96,1) increased to  1.589D-02

 Advisory warning: maximum violated by  1.061D+00 in event    4584
 XSEC(96,1) increased to  1.686D-02

 Advisory warning: maximum violated by  1.414D+00 in event   10150
 XSEC(96,1) increased to  2.385D-02

 Advisory warning: maximum violated by  1.066D+00 in event   57088
 XSEC(96,1) increased to  2.542D-02

 Advisory warning: maximum violated by  1.000D+00 in event   62446
 XSEC(96,1) increased to  2.543D-02
1********* PYSTAT:  Statistics on Number of Events and Cross-sections *********

 ==============================================================================
 I                                  I                            I            I
 I            Subprocess            I      Number of points      I    Sigma   I
 I                                  I                            I            I
 I----------------------------------I----------------------------I    (mb)    I
 I                                  I                            I            I
 I N:o Type                         I    Generated         Tried I            I
 I                                  I                            I            I
 ==============================================================================
 I                                  I                            I            I
 I   0 All included subprocesses    I       500000      11364322 I  6.392D-04 I
 I  11 f + f' -> f + f' (QCD)       I        11806             0 I  9.705D-06 I
 I  12 f + fbar -> f' + fbar'       I          255             0 I  2.018D-07 I
 I  13 f + fbar -> g + g            I          317             0 I  2.481D-07 I
 I  28 f + g -> f + g               I        28554             0 I  2.310D-05 I
 I  53 g + g -> f + fbar            I          347             0 I  2.389D-07 I
 I  68 g + g -> g + g               I        12523             0 I  8.380D-06 I
 I  91 Elastic scattering           I        28107        445581 I  3.292D-05 I
 I  92 Single diffractive (XB)      I        13887        341691 I  1.625D-05 I
 I  93 Single diffractive (AX)      I        11277        278339 I  1.305D-05 I
 I  94 Double  diffractive          I         7103        273601 I  7.851D-06 I
 I  95 Low-pT scattering            I        44138        127569 I  1.067D-04 I
 I  99 q + gamma* -> q              I       316820       1611176 I  3.898D-04 I
 I 131 f + gamma*_T -> f + g        I         8129        156042 I  1.026D-05 I
 I 132 f + gamma*_L -> f + g        I          488          7681 I  5.709D-07 I
 I 135 g + gamma*_T -> f + fbar     I        13273        442201 I  1.639D-05 I
 I 136 g + gamma*_L -> f + fbar     I         2976         71592 I  3.649D-06 I
 I                                  I                            I            I
 ==============================================================================
 I                                  I                            I            I
 I   1 VMD * hadron                 I        84600       6063983 I  1.235D-04 I
 I   2 direct * hadron              I        24866        677516 I  3.086D-05 I
 I   3 anomalous * hadron           I        73714       3011647 I  9.514D-05 I
 I   4 DIS * hadron                 I       316820       1611176 I  3.898D-04 I
 I                                  I                            I            I
 ==============================================================================

 ********* Total number of errors, excluding junctions =        0 *************
 ********* Total number of errors, including junctions =        0 *************
 ********* Total number of warnings =                           0 *************
 ********* Fraction of events that fail fragmentation cuts =  0.04437 *********

1************ PYSTAT: User-Defined Limits on Kinematical Variables ************

 ==============================================================================
 I                                                                            I
 I                 0.000D+00 <  m_hard (GeV/c^2)  <  1.914D+01                I
 I    0.000D+00 ( 1.000D+00) <  p_T_hard (GeV/c)  <  9.572D+00                I
 I                             m_finite (GeV/c^2) =  1.000D+00                I
 I                -1.000D+01 <    y*_subsystem    <  1.000D+01                I
 I                -4.000D+01 <      y*_large      <  4.000D+01                I
 I                -4.000D+01 <      y*_small      <  4.000D+01                I
 I                -4.000D+01 <     eta*_large     <  4.000D+01                I
 I                -4.000D+01 <     eta*_small     <  4.000D+01                I
 I                -1.000D+00 < cos(theta*)_large  <  1.000D+00                I
 I                -1.000D+00 < cos(theta*)_small  <  1.000D+00                I
 I                 0.000D+00 <        x_1         <  1.000D+00                I
 I                 0.000D+00 <        x_2         <  1.000D+00                I
 I                -1.000D+00 <        x_F         <  1.000D+00                I
 I                -1.000D+00 <  cos(theta_hard)   <  1.000D+00                I
 I                 2.000D+00 < m'_hard (GeV/c^2)  <  1.914D+01                I
 I                                                                            I
 ==============================================================================
 The charm mass used is:    1.5000000000000000     
 ===================================================
 Pythia total cross section normalisation:  0.63924774607566603       microbarn
 Total Number of generated events      500000
 Total Number of trials      500000
 ===================================================

 ===== PDFSTA statistics for PDF under/over-flows ====

 ====== STRUCTM statistics for nucleon/pion PDFs =====

   total # of calls    9710027.0000000000     
   X  below PDF min    0.0000000000000000       or    0.0000000000000000       %
   X  above PDF max    0.0000000000000000       or    0.0000000000000000       %
   Q2 below PDF min    0.0000000000000000       or    0.0000000000000000       %
   Q2 above PDF max    0.0000000000000000       or    0.0000000000000000       %

 ========= STRUCTP statistics for photon PDFs ========

   total # of calls    0.0000000000000000     

