1                                                                              
 ******************************************************************************
 ******************************************************************************
 **                                                                          **
 **                                                                          **
 **              *......*                  Welcome to the Lund Monte Carlo!  **
 **         *:::!!:::::::::::*                                               **
 **      *::::::!!::::::::::::::*          PPP  Y   Y TTTTT H   H III   A    **
 **    *::::::::!!::::::::::::::::*        P  P  Y Y    T   H   H  I   A A   **
 **   *:::::::::!!:::::::::::::::::*       PPP    Y     T   HHHHH  I  AAAAA  **
 **   *:::::::::!!:::::::::::::::::*       P      Y     T   H   H  I  A   A  **
 **    *::::::::!!::::::::::::::::*!       P      Y     T   H   H III A   A  **
 **      *::::::!!::::::::::::::* !!                                         **
 **      !! *:::!!:::::::::::*    !!       This is PYTHIA version 6.428      **
 **      !!     !* -><- *         !!       Last date of change:  5 Sep 2013  **
 **      !!     !!                !!                                         **
 **      !!     !!                !!       Now is  0 Jan 2000 at  0:00:00    **
 **      !!                       !!                                         **
 **      !!        lh             !!       Disclaimer: this program comes    **
 **      !!                       !!       without any guarantees. Beware    **
 **      !!                 hh    !!       of errors and use common sense    **
 **      !!    ll                 !!       when interpreting results.        **
 **      !!                       !!                                         **
 **      !!                                Copyright T. Sjostrand (2011)     **
 **                                                                          **
 ** An archive of program versions and documentation is found on the web:    **
 ** http://www.thep.lu.se/~torbjorn/Pythia.html                              **
 **                                                                          **
 ** When you cite this program, the official reference is to the 6.4 manual: **
 ** T. Sjostrand, S. Mrenna and P. Skands, JHEP05 (2006) 026                 **
 ** (LU TP 06-13, FERMILAB-PUB-06-052-CD-T) [hep-ph/0603175].                **
 **                                                                          **
 ** Also remember that the program, to a large extent, represents original   **
 ** physics research. Other publications of special relevance to your        **
 ** studies may therefore deserve separate mention.                          **
 **                                                                          **
 ** Main author: Torbjorn Sjostrand; Department of Theoretical Physics,      **
 **   Lund University, Solvegatan 14A, S-223 62 Lund, Sweden;                **
 **   phone: + 46 - 46 - 222 48 16; e-mail: torbjorn@thep.lu.se              **
 ** Author: Stephen Mrenna; Computing Division, GDS Group,                   **
 **   Fermi National Accelerator Laboratory, MS 234, Batavia, IL 60510, USA; **
 **   phone: + 1 - 630 - 840 - 2556; e-mail: mrenna@fnal.gov                 **
 ** Author: Peter Skands; CERN/PH-TH, CH-1211 Geneva, Switzerland            **
 **   phone: + 41 - 22 - 767 24 47; e-mail: peter.skands@cern.ch             **
 **                                                                          **
 **                                                                          **
 ******************************************************************************
 ******************************************************************************
     MSEL           changed from              1 to              2
     MSTP(14)       changed from             30 to             30
     MSTP(15)       changed from              0 to              0
     MSTP(16)       changed from              1 to              1
     MSTP(17)       changed from              4 to              4
     MSTP(18)       changed from              3 to              3
     MSTP(19)       changed from              4 to              1
     MSTP(20)       changed from              3 to              0
     MSTP(32)       changed from              8 to              8
     MSTP(38)       changed from              5 to              4
     MSTP(51)       changed from              7 to          10050
     MSTP(52)       changed from              1 to              2
     MSTP(53)       changed from              3 to              3
     MSTP(54)       changed from              1 to              1
     MSTP(55)       changed from              5 to              5
     MSTP(56)       changed from              1 to              1
     MSTP(57)       changed from              1 to              1
     MSTP(58)       changed from              5 to              5
     MSTP(59)       changed from              1 to              1
     MSTP(60)       changed from              7 to              7
     MSTP(61)       changed from              2 to              2
     MSTP(71)       changed from              1 to              1
     MSTP(81)       changed from              1 to              0
     MSTP(82)       changed from              4 to              1
     MSTP(91)       changed from              1 to              1
     MSTP(92)       changed from              3 to              3
     MSTP(93)       changed from              1 to              1
     MSTP(101)      changed from              3 to              3
     MSTP(102)      changed from              1 to              1
     MSTP(111)      changed from              1 to              1
     MSTP(121)      changed from              0 to              0
     PARP(13)       changed from        1.00000 to        1.00000
     PARP(18)       changed from        0.40000 to        0.40000
     PARP(81)       changed from        1.90000 to        1.90000
     PARP(89)       changed from     1800.00000 to     1800.00000
     PARP(90)       changed from        0.25000 to        0.16000
     PARP(91)       changed from        2.00000 to        0.40000
     PARP(93)       changed from        5.00000 to        5.00000
     PARP(99)       changed from        1.00000 to        0.40000
     PARP(100)      changed from        5.00000 to        5.00000
     PARP(102)      changed from        0.28000 to        0.28000
     PARP(103)      changed from        1.00000 to        1.00000
     PARP(104)      changed from        0.80000 to        0.80000
     PARP(111)      changed from        2.00000 to        2.00000
     PARP(161)      changed from        2.20000 to        3.00000
     PARP(162)      changed from       23.60000 to       24.60000
     PARP(163)      changed from       18.40000 to       18.80000
     PARP(164)      changed from       11.50000 to       11.50000
     PARP(165)      changed from        0.50000 to        0.47679
     PARP(166)      changed from        0.00000 to        0.67597
     PARJ(1)        changed from        0.10000 to        0.10000
     PARJ(2)        changed from        0.30000 to        0.30000
     PARJ(11)       changed from        0.50000 to        0.50000
     PARJ(12)       changed from        0.60000 to        0.60000
     PARJ(21)       changed from        0.36000 to        0.40000
     PARJ(32)       changed from        1.00000 to        1.00000
     PARJ(33)       changed from        0.80000 to        0.80000
     PARJ(41)       changed from        0.30000 to        0.30000
     PARJ(42)       changed from        0.58000 to        0.58000
     PARJ(45)       changed from        0.50000 to        0.50000
     MSTJ(1)        changed from              1 to              1
     MSTJ(12)       changed from              2 to              1
     MSTJ(45)       changed from              5 to              5
     MSTU(112)      changed from              5 to              5
     MSTU(113)      changed from              3 to              5
     MSTU(114)      changed from              5 to              5
     CKIN(1)        changed from        2.00000 to        1.00000
     CKIN(2)        changed from       -1.00000 to       -1.00000
     CKIN(3)        changed from        0.00000 to        0.00000
     CKIN(4)        changed from       -1.00000 to       -1.00000
     CKIN(5)        changed from        1.00000 to        1.00000
     CKIN(6)        changed from        1.00000 to        1.00000
     CKIN(7)        changed from      -10.00000 to      -10.00000
     CKIN(8)        changed from       10.00000 to       10.00000
     CKIN(9)        changed from      -40.00000 to      -40.00000
     CKIN(10)       changed from       40.00000 to       40.00000
     CKIN(11)       changed from      -40.00000 to      -40.00000
     CKIN(12)       changed from       40.00000 to       40.00000
     CKIN(13)       changed from      -40.00000 to      -40.00000
     CKIN(14)       changed from       40.00000 to       40.00000
     CKIN(15)       changed from      -40.00000 to      -40.00000
     CKIN(16)       changed from       40.00000 to       40.00000
     CKIN(17)       changed from       -1.00000 to       -1.00000
     CKIN(18)       changed from        1.00000 to        1.00000
     CKIN(19)       changed from       -1.00000 to       -1.00000
     CKIN(20)       changed from        1.00000 to        1.00000
     CKIN(21)       changed from        0.00000 to        0.00000
     CKIN(22)       changed from        1.00000 to        1.00000
     CKIN(23)       changed from        0.00000 to        0.00000
     CKIN(24)       changed from        1.00000 to        1.00000
     CKIN(25)       changed from       -1.00000 to       -1.00000
     CKIN(26)       changed from        1.00000 to        1.00000
     CKIN(27)       changed from       -1.00000 to       -1.00000
     CKIN(28)       changed from        1.00000 to        1.00000
     CKIN(31)       changed from        2.00000 to        2.00000
     CKIN(32)       changed from       -1.00000 to       -1.00000
     CKIN(35)       changed from        0.00000 to        0.00000
     CKIN(36)       changed from       -1.00000 to       -1.00000
     CKIN(37)       changed from        0.00000 to        0.00000
     CKIN(38)       changed from       -1.00000 to       -1.00000
     CKIN(39)       changed from        4.00000 to        4.00000
     CKIN(40)       changed from       -1.00000 to       -1.00000
     CKIN(65)       changed from        0.00000 to        0.00000
     CKIN(66)       changed from       -1.00000 to       -1.00000
     CKIN(67)       changed from        0.00000 to        0.00000
     CKIN(68)       changed from       -1.00000 to       -1.00000
     CKIN(77)       changed from        2.00000 to        2.00000
     CKIN(78)       changed from       -1.00000 to       -1.00000
 *********************************************
 NOW all parameters are read by PYTHIA
 *********************************************
 SEED =    754995074
 RANLUX LUXURY LEVEL SET BY RLUXGO : 4     P= 389
 RANLUX INITIALIZED BY RLUXGO FROM SEEDS   754995074           0           0
   2771.0935550343875        10.000000000000000       -2771.0935550343875       -10.0000000    
 *********************************************
 proton beam momentum:   130.000000     GeV
 lepton beam momentum:   10.0000000     GeV
 resulting sqrt(s):   72.117599099066553      GeV
 *********************************************
1****************** PYINIT: initialization of PYTHIA routines *****************
 ==== PYTHIA WILL USE LHAPDF ====
 *************************************
 *       LHAPDF Version 5.9.1        *
 *   Configured for the following:   *
 *             All PDFs              *
 *         FULL MEMORY option        *
 *    Maximum  3 concurrent set(s)   *
 *************************************

 >>>>>> PDF description: <<<<<<
 CTEQ6M                                                          
 Reference:                                                      
 J. Pumplin, D.R. Stump, J. Huston, H.L. Lai, P. Nadolsky,       
 W.K. Tung                                                       
 hep-ph/0201195                                                  
 This set has 41 member PDFs.                                    
     mem=0 --> central value (cteq6m)                            
     mem=1-40 --> 20 sets of +ve/-ve error values                
 >>>>>>                   <<<<<<

 ==============================================
 PDFset name /cvmfs/sft.cern.ch/lcg/external/lhapdfsets/5.9.1/share/PDFsets/cteq6mE.LHgrid   
 with         40 members
 ====  initialized. ===========================
 Strong coupling at Mz for PDF is:  0.11798

 ==============================================================================
 I                                                                            I
 I      PYTHIA will be initialized for gamma/e- on p+ user configuration      I
 I                                                                            I
 I                  px (GeV/c)   py (GeV/c)   pz (GeV/c)      E (GeV)         I
 I        gamma/e-       0.000        0.000      -10.000       10.000         I
 I        p+             0.000        0.000      130.000      130.003         I
 I                                                                            I
 I           corresponding to     72.118 GeV center-of-mass energy            I
 I                                                                            I
 ==============================================================================

 ******** PYMAXI: summary of differential cross-section maximum search ********

           ==========================================================
           I                                      I                 I
           I  ISUB  Subprocess name               I  Maximum value  I
           I                                      I                 I
           ==========================================================
           I                                      I                 I
           I   91   Elastic scattering            I    4.1710D-04   I
           I   92   Single diffractive (XB)       I    3.1940D-04   I
           I   93   Single diffractive (AX)       I    2.6141D-04   I
           I   94   Double  diffractive           I    2.4494D-04   I
           I   95   Low-pT scattering             I    1.9207D-03   I
           I   96   Semihard QCD 2 -> 2           I    1.7479D-02   I
           I                                      I                 I
           ==========================================================

 ******** PYMAXI: summary of differential cross-section maximum search ********

           ==========================================================
           I                                      I                 I
           I  ISUB  Subprocess name               I  Maximum value  I
           I                                      I                 I
           ==========================================================
           I                                      I                 I
           I  131   f + gamma*_T -> f + g         I    1.9221D-04   I
           I  132   f + gamma*_L -> f + g         I    9.2718D-06   I
           I  135   g + gamma*_T -> f + fbar      I    5.4466D-04   I
           I  136   g + gamma*_L -> f + fbar      I    8.8198D-05   I
           I                                      I                 I
           ==========================================================

 ******** PYMAXI: summary of differential cross-section maximum search ********

           ==========================================================
           I                                      I                 I
           I  ISUB  Subprocess name               I  Maximum value  I
           I                                      I                 I
           ==========================================================
           I                                      I                 I
           I   91   Elastic scattering            I    1.0588D-04   I
           I   92   Single diffractive (XB)       I    8.2750D-05   I
           I   93   Single diffractive (AX)       I    6.5818D-05   I
           I   94   Double  diffractive           I    6.3002D-05   I
           I   95   Low-pT scattering             I    5.2345D-04   I
           I   96   Semihard QCD 2 -> 2           I    1.1588D-02   I
           I                                      I                 I
           ==========================================================

 ******** PYMAXI: summary of differential cross-section maximum search ********

           ==========================================================
           I                                      I                 I
           I  ISUB  Subprocess name               I  Maximum value  I
           I                                      I                 I
           ==========================================================
           I                                      I                 I
           I   99   q + gamma* -> q               I    1.9857D-03   I
           I                                      I                 I
           ==========================================================

 ********************** PYINIT: initialization completed **********************
 the outputfile will be named: outfiles/ep_10x130_Q2_100_1000_norad.out                                                                                                                                                                                                                        



                            Event listing (standard)

    I  particle/jet  K(I,1)   K(I,2) K(I,3)     K(I,4)      K(I,5)       P(I,1)       P(I,2)       P(I,3)       P(I,4)       P(I,5)

    1  !e-!              21        11    0           3           4      0.00000      0.00000    -10.00000     10.00000      0.00051
    2  !p+!              21      2212    0           5           0     -0.00000      0.00000    130.00000    130.00339      0.93827
 ==================================================================================================================================
    3  !e-!              21        11    1           0           0     -7.93796      6.71891     -4.17434     11.20625      0.00051
    4  !gamma!           21        22    1           0           0      7.93796     -6.71891     -5.82566     -1.20625    -11.85910
    5  !p+!              21      2212    2           0           0     -0.00000     -0.00000    130.00000    130.00339      0.93827
    6  !gamma!           21        22    4           0           0      7.94377     -6.72384     -5.80763     -1.18483    -11.85910
    7  !d!               21         1    5           0           0     -0.00068      0.00058     15.20938     15.20938      0.00000
    8  !gamma!           21        22    6           0           0      7.94377     -6.72384     -5.80763     -1.18483    -11.85910
    9  !d!               21         1    7           0           0     -0.00068      0.00058     15.20938     15.20938      0.00000
   10  !d!               21         1    9           0           0      7.94309     -6.72326      9.40175     14.02455      0.00000
 ==================================================================================================================================
   11  e-                 1        11    3           0           0     -7.93796      6.71891     -4.17434     11.20625      0.00051
   12  (uu_1)        A   12      2203    5          17          17      0.19157     -0.03272    113.53004    113.53282      0.77133
   13  (g)           I   12        21   10          17          17      0.29533     -0.20033      1.86870      1.90247      0.00000
   14  (g)           I   12        21   10          17          17      0.06317     -0.45777      0.34119      0.57442      0.00000
   15  (g)           I   12        21   10          17          17      3.71454     -3.62944      4.05911      6.59143      0.00000
   16  (d)           V   11         1   10          17          17      3.67334     -2.39865      4.37530      6.19599      0.00000
 ==================================================================================================================================
   17  (string)          11        92   12          18          24      7.93796     -6.71891    124.17434    128.79713     32.57729
   18  (Delta++)         11      2224   17          25          26      0.07531     -0.60837    105.51696    105.52573      1.21504
   19  K-                 1      -321   17           0           0      0.49600     -0.29300      1.69304      1.85523      0.49360
   20  K+                 1       321   17           0           0      0.50979      0.51661      7.83758      7.88658      0.49360
   21  pi-                1      -211   17           0           0     -0.19139     -0.01059      0.58639      0.63252      0.13957
   22  (omega)           11       223   17          27          29      3.60223     -3.92882      4.80178      7.21693      0.78443
   23  pi+                1       211   17           0           0      0.76387     -0.83393      0.71512      1.34529      0.13957
   24  pi-                1      -211   17           0           0      2.68215     -1.56082      3.02348      4.33486      0.13957
   25  p+                 1      2212   18           0           0     -0.08444     -0.61325     80.04943     80.05732      0.93827
   26  pi+                1       211   18           0           0      0.15975      0.00489     25.46753     25.46841      0.13957
   27  pi+                1       211   22           0           0      0.88576     -0.69173      1.07614      1.56225      0.13957
   28  pi-                1      -211   22           0           0      0.58280     -0.92079      1.05800      1.52524      0.13957
   29  (pi0)             11       111   22          30          31      2.13368     -2.31629      2.66763      4.12944      0.13498
   30  gamma              1        22   29           0           0      1.94822     -2.10652      2.47835      3.79147      0.00000
   31  gamma              1        22   29           0           0      0.18545     -0.20977      0.18928      0.33797      0.00000
 ==================================================================================================================================
                   sum charge:  0.00   sum momentum and inv. mass:     -0.00000      0.00000    120.00000    140.00339     72.11760



                            Event listing (standard)

    I  particle/jet  K(I,1)   K(I,2) K(I,3)     K(I,4)      K(I,5)       P(I,1)       P(I,2)       P(I,3)       P(I,4)       P(I,5)

    1  !e-!              21        11    0           3           4      0.00000      0.00000    -10.00000     10.00000      0.00051
    2  !p+!              21      2212    0           5           0     -0.00000      0.00000    130.00000    130.00339      0.93827
 ==================================================================================================================================
    3  !e-!              21        11    1           0           0     -0.56672     10.06091     -7.00704     12.27362      0.00051
    4  !gamma!           21        22    1           0           0      0.56672    -10.06091     -2.99296     -2.27362    -10.26312
    5  !p+!              21      2212    2           0           0     -0.00000      0.00000    130.00000    130.00339      0.93827
    6  !gamma!           21        22    4           0           0      0.56937    -10.10790     -2.32461     -1.60190    -10.26312
    7  !u!               21         2    5           0           0     -0.00148      0.02634     72.50253     72.50254      0.00000
    8  !gamma!           21        22    6           0           0      0.56937    -10.10790     -2.32461     -1.60190    -10.26312
    9  !u!               21         2    7           0           0     -0.00148      0.02634     72.50253     72.50254      0.00000
   10  !u!               21         2    9           0           0      0.56789    -10.08156     70.17792     70.90064      0.00000
 ==================================================================================================================================
   11  e-                 1        11    3           0           0     -0.56672     10.06091     -7.00704     12.27362      0.00051
   12  (ud_0)        A   12      2101    5          15          15      0.23031      0.01028     55.70578     55.70927      0.57933
   13  (g)           I   12        21   10          15          15      0.57774     -4.37348     34.24660     34.52957      0.00000
   14  (u)           V   11         2   10          15          15     -0.24133     -5.69771     37.05466     37.49093      0.00000
 ==================================================================================================================================
   15  (string)          11        92   12          16          21      0.56672    -10.06091    127.00704    127.72976      9.08633
   16  p+                 1      2212   15           0           0      0.71819     -0.16513     15.71902     15.76423      0.93827
   17  pi-                1      -211   15           0           0     -0.45139     -1.15277     23.94035     23.97274      0.13957
   18  (pi0)             11       111   15          22          23      0.17930     -0.07862     14.64075     14.64268      0.13498
   19  (omega)           11       223   15          24          26     -0.03283     -0.85004     18.87863     18.91406      0.78435
   20  (rho+)            11       213   15          27          28     -0.06329     -2.83737     17.20257     17.46531      1.02672
   21  (omega)           11       223   15          29          31      0.21673     -4.97699     36.62572     36.97074      0.75798
   22  gamma              1        22   18           0           0      0.00177     -0.01598      5.34940      5.34942      0.00000
   23  gamma              1        22   18           0           0      0.17753     -0.06264      9.29135      9.29326      0.00000
   24  pi+                1       211   19           0           0      0.12656     -0.40762     10.27968     10.28949      0.13957
   25  pi-                1      -211   19           0           0     -0.07364     -0.00802      1.09293      1.10429      0.13957
   26  (pi0)             11       111   19          32          33     -0.08575     -0.43440      7.50602      7.52028      0.13498
   27  pi+                1       211   20           0           0     -0.30175     -0.24948      2.40935      2.44494      0.13957
   28  (pi0)             11       111   20          34          35      0.23846     -2.58789     14.79322     15.02038      0.13498
   29  pi-                1      -211   21           0           0     -0.09737     -1.53190     11.24673     11.35185      0.13957
   30  pi+                1       211   21           0           0      0.10639     -0.70039      6.46011      6.50033      0.13957
   31  (pi0)             11       111   21          36          37      0.20771     -2.74470     18.91889     19.11855      0.13498
   32  gamma              1        22   26           0           0     -0.10936     -0.38686      6.98607      6.99763      0.00000
   33  gamma              1        22   26           0           0      0.02361     -0.04754      0.51995      0.52265      0.00000
   34  gamma              1        22   28           0           0      0.09511     -0.66025      3.52434      3.58691      0.00000
   35  gamma              1        22   28           0           0      0.14335     -1.92764     11.26888     11.43346      0.00000
   36  gamma              1        22   31           0           0      0.13027     -1.91992     12.80013     12.94398      0.00000
   37  gamma              1        22   31           0           0      0.07744     -0.82478      6.11875      6.17458      0.00000
 ==================================================================================================================================
                   sum charge:  0.00   sum momentum and inv. mass:     -0.00000      0.00000    120.00000    140.00339     72.11760



                            Event listing (standard)

    I  particle/jet  K(I,1)   K(I,2) K(I,3)     K(I,4)      K(I,5)       P(I,1)       P(I,2)       P(I,3)       P(I,4)       P(I,5)

    1  !e-!              21        11    0           3           4      0.00000      0.00000    -10.00000     10.00000      0.00051
    2  !p+!              21      2212    0           5           0     -0.00000      0.00000    130.00000    130.00339      0.93827
 ==================================================================================================================================
    3  !e-!              21        11    1           0           0      3.53286    -10.21612     -3.47758     11.35534      0.00051
    4  !gamma!           21        22    1           0           0     -3.53286     10.21612     -6.52242     -1.35534    -12.55210
    5  !p+!              21      2212    2           0           0     -0.00000      0.00000    130.00000    130.00339      0.93827
    6  !gamma!           21        22    4           0           0     -3.53517     10.22281     -6.50673     -1.33625    -12.55210
    7  !u!               21         2    5           0           0      0.00027     -0.00078     15.23431     15.23431      0.00000
    8  !gamma!           21        22    6           0           0     -3.53517     10.22281     -6.50673     -1.33625    -12.55210
    9  !u!               21         2    7           0           0      0.00027     -0.00078     15.23431     15.23431      0.00000
   10  !u!               21         2    9           0           0     -3.53490     10.22202      8.72759     13.89806      0.00000
 ==================================================================================================================================
   11  e-                 1        11    3           0           0      3.53286    -10.21612     -3.47758     11.35534      0.00051
   12  (ud_0)        A   12      2101    5          16          16      0.39825     -0.11416    105.77383    105.77623      0.57933
   13  (g)           I   12        21   10          16          16     -1.27955      2.45081     11.68061     12.00335      0.00000
   14  (g)           I   12        21   10          16          16     -0.25252      1.60411      3.18542      3.57545      0.00000
   15  (u)           V   11         2   10          16          16     -2.39904      6.27536      2.83771      7.29302      0.00000
 ==================================================================================================================================
   16  (string)          11        92   12          17          29     -3.53286     10.21612    123.47758    128.64805     34.44936
   17  p+                 1      2212   16           0           0      0.16180     -0.33465     28.44556     28.46346      0.93827
   18  pi-                1      -211   16           0           0      0.03082     -0.10158      7.76159      7.76357      0.13957
   19  pi+                1       211   16           0           0     -0.18107      0.92260     19.16185     19.18541      0.13957
   20  pi-                1      -211   16           0           0      0.27157     -0.46679     12.69340     12.70565      0.13957
   21  (rho+)            11       213   16          30          31     -0.03854      0.31267     24.34283     24.35872      0.82125
   22  pi-                1      -211   16           0           0     -0.63391     -0.14081      4.57869      4.62661      0.13957
   23  (pi0)             11       111   16          32          33      0.22390      1.04031     12.17664     12.22380      0.13498
   24  nbar0              1     -2112   16           0           0     -0.22275      0.35940      2.57547      2.77392      0.93957
   25  n0                 1      2112   16           0           0     -0.45274      1.20459      3.34387      3.70409      0.93957
   26  (K*bar0)          11      -313   16          34          35     -0.16304      1.29413      4.13529      4.43631      0.93750
   27  (K0)              11       311   16          36          36     -0.51500      0.35202      0.92858      1.22437      0.49767
   28  (rho0)            11       113   16          37          38     -0.82648      2.53696      1.00810      2.93308      0.68370
   29  (rho+)            11       213   16          39          40     -1.18743      3.23725      2.32571      4.24907      0.86940
   30  pi+                1       211   21           0           0     -0.35680     -0.03611      9.59973      9.60744      0.13957
   31  (pi0)             11       111   21          41          42      0.31826      0.34878     14.74310     14.75128      0.13498
   32  gamma              1        22   23           0           0      0.13432      0.32434      4.04218      4.05739      0.00000
   33  gamma              1        22   23           0           0      0.08958      0.71597      8.13447      8.16641      0.00000
   34  K-                 1      -321   26           0           0     -0.21216      1.34571      3.76741      4.03645      0.49360
   35  pi+                1       211   26           0           0      0.04912     -0.05158      0.36788      0.39986      0.13957
   36  K_L0               1       130   27           0           0     -0.51500      0.35202      0.92858      1.22437      0.49767
   37  pi-                1      -211   28           0           0     -0.55943      2.29735      0.89167      2.53088      0.13957
   38  pi+                1       211   28           0           0     -0.26705      0.23961      0.11643      0.40220      0.13957
   39  pi+                1       211   29           0           0     -0.86778      2.51205      2.16144      3.42852      0.13957
   40  (pi0)             11       111   29          43          44     -0.31965      0.72520      0.16427      0.82054      0.13498
   41  gamma              1        22   31           0           0      0.16705      0.09525      4.96869      4.97241      0.00000
   42  gamma              1        22   31           0           0      0.15121      0.25353      9.77441      9.77887      0.00000
   43  gamma              1        22   40           0           0     -0.20246      0.59139      0.14458      0.64159      0.00000
   44  gamma              1        22   40           0           0     -0.11718      0.13381      0.01969      0.17895      0.00000
 ==================================================================================================================================
                   sum charge:  0.00   sum momentum and inv. mass:      0.00000     -0.00000    120.00000    140.00339     72.11760



                            Event listing (standard)

    I  particle/jet  K(I,1)   K(I,2) K(I,3)     K(I,4)      K(I,5)       P(I,1)       P(I,2)       P(I,3)       P(I,4)       P(I,5)

    1  !e-!              21        11    0           3           4      0.00000      0.00000    -10.00000     10.00000      0.00051
    2  !p+!              21      2212    0           5           0     -0.00000      0.00000    130.00000    130.00339      0.93827
 ==================================================================================================================================
    3  !e-!              21        11    1           0           0      1.93620     -7.70026      0.72191      7.97271      0.00051
    4  !gamma!           21        22    1           0           0     -1.93620      7.70026    -10.72191      2.02729    -13.18683
    5  !p+!              21      2212    2           0           0     -0.00000      0.00000    130.00000    130.00339      0.93827
    6  !gamma!           21        22    4           0           0     -1.93672      7.70231    -10.72114      2.03145    -13.18683
    7  !u!               21         2    5           0           0      0.00003     -0.00011      6.81786      6.81786      0.00000
    8  !gamma!           21        22    6           0           0     -1.93672      7.70231    -10.72114      2.03145    -13.18683
    9  !u!               21         2    7           0           0      0.00003     -0.00011      6.81786      6.81786      0.00000
   10  !u!               21         2    9           0           0     -1.93669      7.70220     -3.90328      8.84931      0.00000
 ==================================================================================================================================
   11  e-                 1        11    3           0           0      1.93620     -7.70026      0.72191      7.97271      0.00051
   12  (ud_0)        A   12      2101    5          15          15      0.17131      0.17652    123.13677    123.13838      0.57933
   13  (g)           I   12        21   10          15          15      0.15174      2.25172     -1.36861      2.63939      0.00000
   14  (u)           V   11         2   10          15          15     -2.25925      5.27202     -2.49007      6.25291      0.00000
 ==================================================================================================================================
   15  (string)          11        92   12          16          24     -1.93620      7.70026    119.27809    132.03068     56.05172
   16  p+                 1      2212   15           0           0      0.17556     -0.28864     99.29545     99.30045      0.93827
   17  pbar-              1     -2212   15           0           0      0.27157      1.24447     13.24424     13.33839      0.93827
   18  p+                 1      2212   15           0           0     -0.53068     -0.66458      8.17408      8.27159      0.93827
   19  (omega)           11       223   15          25          26      0.09045      0.10439      1.69699      1.87584      0.78736
   20  pi-                1      -211   15           0           0      0.58051      0.69966      0.11286      0.92668      0.13957
   21  (eta)             11       221   15          27          29     -0.53915      0.38958     -0.07665      0.86489      0.54745
   22  (rho0)            11       113   15          30          31     -0.60639      2.06492     -0.76070      2.38807      0.70188
   23  (pi0)             11       111   15          32          33     -0.07371      0.39062     -0.01758      0.42017      0.13498
   24  pi+                1       211   15           0           0     -1.30437      3.75983     -2.39060      4.64459      0.13957
   25  pi+                1       211   19           0           0     -0.11269     -0.13485      0.10600      0.24819      0.13957
   26  pi-                1      -211   19           0           0      0.20315      0.23924      1.59099      1.62765      0.13957
   27  (pi0)             11       111   21          34          35     -0.23733      0.01630     -0.08420      0.28619      0.13498
   28  (pi0)             11       111   21          36          37     -0.22190      0.15933     -0.04569      0.30811      0.13498
   29  (pi0)             11       111   21          38          39     -0.07991      0.21396      0.05324      0.27059      0.13498
   30  pi+                1       211   22           0           0     -0.12744      0.09198      0.01379      0.21065      0.13957
   31  pi-                1      -211   22           0           0     -0.47894      1.97293     -0.77449      2.17742      0.13957
   32  gamma              1        22   23           0           0     -0.08302      0.29935      0.03791      0.31295      0.00000
   33  gamma              1        22   23           0           0      0.00931      0.09127     -0.05549      0.10722      0.00000
   34  gamma              1        22   27           0           0     -0.08691      0.06347     -0.06893      0.12780      0.00000
   35  gamma              1        22   27           0           0     -0.15042     -0.04717     -0.01527      0.15838      0.00000
   36  gamma              1        22   28           0           0     -0.07397     -0.01446     -0.00006      0.07537      0.00000
   37  gamma              1        22   28           0           0     -0.14793      0.17379     -0.04563      0.23274      0.00000
   38  gamma              1        22   29           0           0     -0.04435     -0.00155     -0.00464      0.04462      0.00000
   39  gamma              1        22   29           0           0     -0.03555      0.21551      0.05788      0.22596      0.00000
 ==================================================================================================================================
                   sum charge:  0.00   sum momentum and inv. mass:      0.00000     -0.00000    120.00000    140.00339     72.11760



                            Event listing (standard)

    I  particle/jet  K(I,1)   K(I,2) K(I,3)     K(I,4)      K(I,5)       P(I,1)       P(I,2)       P(I,3)       P(I,4)       P(I,5)

    1  !e-!              21        11    0           3           4      0.00000      0.00000    -10.00000     10.00000      0.00051
    2  !p+!              21      2212    0           5           0     -0.00000      0.00000    130.00000    130.00339      0.93827
 ==================================================================================================================================
    3  !e-!              21        11    1           0           0      6.75198     11.80285     19.08608     23.43449      0.00051
    4  !gamma!           21        22    1           0           0     -6.75198    -11.80285    -29.08608    -13.43449    -29.16181
    5  !p+!              21      2212    2           0           0     -0.00000      0.00000    130.00000    130.00339      0.93827
    6  !gamma!           21        22    4           0           0     -6.75344    -11.80541    -29.08062    -13.42564    -29.16181
    7  !u!               21         2    5           0           0      0.00031      0.00053     27.16051     27.16051      0.00000
    8  !gamma!           21        22    6           0           0     -6.75344    -11.80541    -29.08062    -13.42564    -29.16181
    9  !u!               21         2    7           0           0      0.00031      0.00053     27.16051     27.16051      0.00000
   10  !u!               21         2    9           0           0     -6.75314    -11.80487     -1.92011     13.73487      0.00000
 ==================================================================================================================================
   11  e-                 1        11    3           0           0      6.75198     11.80285     19.08608     23.43449      0.00051
   12  (ud_0)        A   12      2101    5          19          19     -0.60486     -0.09540     89.22825     89.23224      0.57933
   13  (g)           I   12        21   10          19          19     -0.26451      0.19643     -0.00627      0.32953      0.00000
   14  (g)           I   12        21   10          19          19     -0.55264      0.36119      2.15830      2.25701      0.00000
   15  (g)           I   12        21   10          19          19     -5.44977     -1.87296     11.43536     12.80529      0.00000
   16  (g)           I   12        21   10          19          19      0.17979      0.21893      0.63504      0.69536      0.00000
   17  (g)           I   12        21   10          19          19     -0.88761     -1.50269      0.04613      1.74587      0.00000
   18  (u)           V   11         2   10          19          19      0.82762     -9.10835     -2.58289      9.50360      0.00000
 ==================================================================================================================================
   19  (string)          11        92   12          20          33     -6.75198    -11.80285    100.91392    116.56890     56.74322
   20  p+                 1      2212   19           0           0     -0.83722     -0.13029     53.83235     53.84719      0.93827
   21  (K*-)             11      -323   19          34          35      0.28022     -0.01193     22.73553     22.74824      0.70673
   22  K+                 1       321   19           0           0     -0.18345     -0.21221      0.67121      0.87912      0.49360
   23  pi-                1      -211   19           0           0     -0.38013      0.31338      5.67031      5.69338      0.13957
   24  pi+                1       211   19           0           0     -0.87939      0.71046      5.26739      5.38916      0.13957
   25  pi-                1      -211   19           0           0     -0.07002     -0.52951      1.32030      1.43107      0.13957
   26  (K*bar0)          11      -313   19          36          37     -1.72862     -1.22875      5.69782      6.14061      0.86260
   27  K+                 1       321   19           0           0     -0.27662      0.30084      1.95751      2.05974      0.49360
   28  pi-                1      -211   19           0           0      0.02019      0.06981      0.20409      0.25771      0.13957
   29  pi+                1       211   19           0           0     -2.67191     -0.50005      5.26435      5.92638      0.13957
   30  (rho-)            11      -213   19          38          39     -0.08602     -0.04177      0.58267      0.98015      0.78234
   31  (pi0)             11       111   19          40          41     -0.09641     -0.43421      0.00902      0.46490      0.13498
   32  (rho0)            11       113   19          42          43     -0.34748     -0.84479     -0.40679      1.24645      0.74415
   33  (rho+)            11       213   19          44          45      0.50485     -9.26385     -1.89185      9.50479      0.82955
   34  (Kbar0)           11      -311   21          46          46      0.15410      0.09760     14.07780     14.08777      0.49767
   35  pi-                1      -211   21           0           0      0.12612     -0.10953      8.65773      8.66047      0.13957
   36  K-                 1      -321   26           0           0     -1.62426     -0.91005      4.82062      5.19118      0.49360
   37  pi+                1       211   26           0           0     -0.10436     -0.31870      0.87720      0.94943      0.13957
   38  pi-                1      -211   30           0           0      0.30396      0.08676      0.33853      0.48374      0.13957
   39  (pi0)             11       111   30          47          48     -0.38998     -0.12852      0.24414      0.49641      0.13498
   40  gamma              1        22   31           0           0     -0.06230     -0.07725     -0.03129      0.10405      0.00000
   41  gamma              1        22   31           0           0     -0.03411     -0.35696      0.04031      0.36085      0.00000
   42  pi-                1      -211   32           0           0     -0.37446     -0.24986     -0.42481      0.63451      0.13957
   43  pi+                1       211   32           0           0      0.02699     -0.59493      0.01803      0.61195      0.13957
   44  pi+                1       211   33           0           0      0.08909     -0.66750     -0.30479      0.75225      0.13957
   45  (pi0)             11       111   33          49          50      0.41577     -8.59634     -1.58706      8.75254      0.13498
   46  K_L0               1       130   34           0           0      0.15410      0.09760     14.07780     14.08777      0.49767
   47  gamma              1        22   39           0           0     -0.38308     -0.14866      0.23344      0.47259      0.00000
   48  gamma              1        22   39           0           0     -0.00690      0.02013      0.01069      0.02382      0.00000
   49  gamma              1        22   45           0           0      0.29231     -6.82549     -1.21956      6.93975      0.00000
   50  gamma              1        22   45           0           0      0.12346     -1.77085     -0.36751      1.81279      0.00000
 ==================================================================================================================================
                   sum charge:  0.00   sum momentum and inv. mass:     -0.00000     -0.00000    120.00000    140.00339     72.11760



                            Event listing (standard)

    I  particle/jet  K(I,1)   K(I,2) K(I,3)     K(I,4)      K(I,5)       P(I,1)       P(I,2)       P(I,3)       P(I,4)       P(I,5)

    1  !e-!              21        11    0           3           4      0.00000      0.00000    -10.00000     10.00000      0.00051
    2  !p+!              21      2212    0           5           0     -0.00000      0.00000    130.00000    130.00339      0.93827
 ==================================================================================================================================
    3  !e-!              21        11    1           0           0    -10.59339     -1.99471     -6.38103     12.52662      0.00051
    4  !gamma!           21        22    1           0           0     10.59339      1.99471     -3.61897     -2.52662    -11.08656
    5  !p+!              21      2212    2           0           0     -0.00000     -0.00000    130.00000    130.00339      0.93827
    6  !gamma!           21        22    4           0           0     10.62609      2.00086     -3.28325     -2.18752    -11.08656
    7  !u!               21         2    5           0           0     -0.01411     -0.00266     55.94526     55.94526      0.00000
    8  !gamma!           21        22    6           0           0     10.62609      2.00086     -3.28325     -2.18752    -11.08656
    9  !u!               21         2    7           0           0     -0.01411     -0.00266     55.94526     55.94526      0.00000
   10  !u!               21         2    9           0           0     10.61198      1.99821     52.66201     53.75774      0.00000
 ==================================================================================================================================
   11  e-                 1        11    3           0           0    -10.59339     -1.99471     -6.38103     12.52662      0.00051
   12  (u)           A   12         2   10          14          14     10.94952      2.20142     56.66126     57.75151      0.00000
   13  (ud_1)        V   11      2103    5          14          14     -0.35613     -0.20671     69.71977     69.72525      0.77133
 ==================================================================================================================================
   14  (string)          11        92   12          15          20     10.59339      1.99471    126.38103    127.47676     12.72638
   15  p+                 1      2212   14           0           0      6.18201      1.38801     30.75060     31.41057      0.93827
   16  nbar0              1     -2112   14           0           0      2.41973      0.43036     16.42123     16.63069      0.93957
   17  (K*0)             11       313   14          21          22      0.98335      0.23484     11.18167     11.27974      1.08659
   18  (K*bar0)          11      -313   14          23          24      1.15619     -0.19715     21.11632     21.16707      0.87776
   19  (rho-)            11      -213   14          25          26     -0.41876      0.27182     10.21745     10.27348      0.94806
   20  (Delta+)          11      2214   14          27          28      0.27087     -0.13317     36.69376     36.71521      1.21803
   21  K+                 1       321   17           0           0      0.76260     -0.02021     10.04226     10.08328      0.49360
   22  pi-                1      -211   17           0           0      0.22074      0.25504      1.13942      1.19646      0.13957
   23  K-                 1      -321   18           0           0      1.17766     -0.27135     18.84294     18.88811      0.49360
   24  pi+                1       211   18           0           0     -0.02147      0.07420      2.27338      2.27897      0.13957
   25  pi-                1      -211   19           0           0     -0.07145      0.57140      5.85512      5.88502      0.13957
   26  (pi0)             11       111   19          29          30     -0.34731     -0.29958      4.36234      4.38846      0.13498
   27  n0                 1      2112   20           0           0      0.10555     -0.26837     26.39567     26.41396      0.93957
   28  pi+                1       211   20           0           0      0.16532      0.13521     10.29809     10.30125      0.13957
   29  gamma              1        22   26           0           0     -0.12347     -0.19245      1.93034      1.94383      0.00000
   30  gamma              1        22   26           0           0     -0.22384     -0.10714      2.43200      2.44463      0.00000
 ==================================================================================================================================
                   sum charge:  0.00   sum momentum and inv. mass:     -0.00000     -0.00000    120.00000    140.00339     72.11760



                            Event listing (standard)

    I  particle/jet  K(I,1)   K(I,2) K(I,3)     K(I,4)      K(I,5)       P(I,1)       P(I,2)       P(I,3)       P(I,4)       P(I,5)

    1  !e-!              21        11    0           3           4      0.00000      0.00000    -10.00000     10.00000      0.00051
    2  !p+!              21      2212    0           5           0     -0.00000      0.00000    130.00000    130.00339      0.93827
 ==================================================================================================================================
    3  !e-!              21        11    1           0           0    -15.96224     -0.21915     -0.35386     15.96766      0.00051
    4  !gamma!           21        22    1           0           0     15.96224      0.21915     -9.64614     -5.96766    -17.67133
    5  !p+!              21      2212    2           0           0     -0.00000     -0.00000    130.00000    130.00339      0.93827
    6  !gamma!           21        22    4           0           0     15.97692      0.21935     -9.57697     -5.89510    -17.67133
    7  !d!               21         1    5           0           0     -0.00479     -0.00007     42.38657     42.38657      0.00000
    8  !gamma!           21        22    6           0           0     15.97692      0.21935     -9.57697     -5.89510    -17.67133
    9  !d!               21         1    7           0           0     -0.00479     -0.00007     42.38657     42.38657      0.00000
   10  !d!               21         1    9           0           0     15.97213      0.21928     32.80960     36.49146      0.00000
 ==================================================================================================================================
   11  e-                 1        11    3           0           0    -15.96224     -0.21915     -0.35386     15.96766      0.00051
   12  (uu_1)        A   12      2203    5          16          16      0.10259     -0.07584     85.96545     85.96900      0.77133
   13  (g)           I   12        21   10          16          16      0.80826      0.59353      3.91475      4.04114      0.00000
   14  (g)           I   12        21   10          16          16      4.19751      0.27331      9.92222     10.77702      0.00000
   15  (d)           V   11         1   10          16          16     10.85387     -0.57184     20.55145     23.24856      0.00000
 ==================================================================================================================================
   16  (string)          11        92   12          17          25     15.96224      0.21915    120.35386    124.03573     25.39622
   17  (Delta++)         11      2224   16          26          27      0.44541      0.00774     33.85289     33.87598      1.16857
   18  pi-                1      -211   16           0           0     -0.07288     -0.21351     26.63542     26.63674      0.13957
   19  nbar0              1     -2112   16           0           0      0.06959      0.55053      9.65724      9.71869      0.93957
   20  n0                 1      2112   16           0           0      0.68247     -0.37372     12.89769     12.95526      0.93957
   21  (rho+)            11       213   16          28          29      1.24594      0.06509      4.87199      5.06183      0.57384
   22  (omega)           11       223   16          30          32      0.34594      0.21069      2.72214      2.85976      0.77725
   23  pi-                1      -211   16           0           0     -0.23680      0.09998      2.17268      2.19228      0.13957
   24  pi+                1       211   16           0           0      7.93376      0.55211     16.15776     18.00950      0.13957
   25  (rho-)            11      -213   16          33          34      5.54879     -0.67976     11.38606     12.72568      1.02443
   26  p+                 1      2212   17           0           0      0.53612     -0.02462     29.09952     29.11959      0.93827
   27  pi+                1       211   17           0           0     -0.09070      0.03236      4.75337      4.75640      0.13957
   28  pi+                1       211   21           0           0      0.63925      0.10983      3.38759      3.45195      0.13957
   29  (pi0)             11       111   21          35          36      0.60669     -0.04474      1.48439      1.60988      0.13498
   30  pi-                1      -211   22           0           0      0.24499     -0.09281      1.06746      1.10796      0.13957
   31  pi+                1       211   22           0           0     -0.11236      0.01187      0.38490      0.42473      0.13957
   32  (pi0)             11       111   22          37          38      0.21331      0.29164      1.26978      1.32707      0.13498
   33  pi-                1      -211   25           0           0      1.29688      0.15078      3.29084      3.54313      0.13957
   34  (pi0)             11       111   25          39          40      4.25191     -0.83054      8.09522      9.18255      0.13498
   35  gamma              1        22   29           0           0      0.43999     -0.02645      1.21576      1.29320      0.00000
   36  gamma              1        22   29           0           0      0.16670     -0.01829      0.26863      0.31668      0.00000
   37  gamma              1        22   32           0           0      0.21241      0.27102      1.25578      1.30213      0.00000
   38  gamma              1        22   32           0           0      0.00090      0.02062      0.01400      0.02494      0.00000
   39  gamma              1        22   34           0           0      1.19221     -0.21641      2.14198      2.46095      0.00000
   40  gamma              1        22   34           0           0      3.05969     -0.61413      5.95324      6.72160      0.00000
 ==================================================================================================================================
                   sum charge:  0.00   sum momentum and inv. mass:     -0.00000     -0.00000    120.00000    140.00339     72.11760



                            Event listing (standard)

    I  particle/jet  K(I,1)   K(I,2) K(I,3)     K(I,4)      K(I,5)       P(I,1)       P(I,2)       P(I,3)       P(I,4)       P(I,5)

    1  !e-!              21        11    0           3           4      0.00000      0.00000    -10.00000     10.00000      0.00051
    2  !p+!              21      2212    0           5           0     -0.00000      0.00000    130.00000    130.00339      0.93827
 ==================================================================================================================================
    3  !e-!              21        11    1           0           0      4.32902      4.31301     -0.89665      6.17628      0.00051
    4  !gamma!           21        22    1           0           0     -4.32902     -4.31301     -9.10335      3.82372    -10.27583
    5  !p+!              21      2212    2           0           0     -0.00000      0.00000    130.00000    130.00339      0.93827
    6  !gamma!           21        22    4           0           0     -4.33016     -4.31414     -9.10360      3.82686    -10.27583
    7  !u!               21         2    5           0           0      0.00004      0.00004      4.08308      4.08308      0.00000
    8  !gamma!           21        22    6           0           0     -4.33016     -4.31414     -9.10360      3.82686    -10.27583
    9  !u!               21         2    7           0           0      0.00004      0.00004      4.08308      4.08308      0.00000
   10  !u!               21         2    9           0           0     -4.33012     -4.31410     -5.02052      7.90993      0.00000
 ==================================================================================================================================
   11  e-                 1        11    3           0           0      4.32902      4.31301     -0.89665      6.17628      0.00051
   12  (ud_0)        A   12      2101    5          16          16     -0.41198      0.34544    125.03088    125.03338      0.57933
   13  (g)           I   12        21   10          16          16     -0.18912     -0.24880      0.81868      0.87630      0.00000
   14  (g)           I   12        21   10          16          16     -1.25737     -1.67977     -0.53298      2.16488      0.00000
   15  (u)           V   11         2   10          16          16     -2.47055     -2.72987     -4.41994      5.75254      0.00000
 ==================================================================================================================================
   16  (string)          11        92   12          17          25     -4.32902     -4.31301    120.89665    133.82710     57.06445
   17  n0                 1      2112   16           0           0     -0.52834      0.39349     95.00960     95.01652      0.93957
   18  (omega)           11       223   16          26          28     -0.12602     -0.21654     14.25781     14.28162      0.78530
   19  nbar0              1     -2112   16           0           0      0.46588      0.21969      6.29634      6.38686      0.93957
   20  (Lambda0)         11      3122   16          29          30     -0.18117     -0.09493      6.33761      6.43831      1.11568
   21  (Lambdabar0)      11     -3122   16          31          32     -0.41342      0.03599      2.20220      2.50333      1.11568
   22  n0                 1      2112   16           0           0     -0.35351     -0.44886      1.09405      1.55119      0.93957
   23  (rho+)            11       213   16          33          34     -0.32201     -0.66222     -0.35184      1.15330      0.81492
   24  (rho-)            11      -213   16          35          36     -1.64080     -1.86896     -0.78326      2.70846      0.73282
   25  pi+                1       211   16           0           0     -1.22964     -1.67067     -3.16586      3.78752      0.13957
   26  pi+                1       211   18           0           0      0.12615      0.12782      3.93033      3.93691      0.13957
   27  pi-                1      -211   18           0           0     -0.16305     -0.19176      8.31572      8.32069      0.13957
   28  (pi0)             11       111   18          37          38     -0.08912     -0.15261      2.01176      2.02401      0.13498
   29  p+                 1      2212   20           0           0     -0.23278     -0.14444      5.46003      5.54683      0.93827
   30  pi-                1      -211   20           0           0      0.05161      0.04951      0.87758      0.89148      0.13957
   31  pbar-              1     -2212   21           0           0     -0.40033     -0.05564      1.85015      2.11347      0.93827
   32  pi+                1       211   21           0           0     -0.01309      0.09163      0.35206      0.38986      0.13957
   33  pi+                1       211   23           0           0     -0.28820     -0.55381      0.11883      0.65066      0.13957
   34  (pi0)             11       111   23          39          40     -0.03381     -0.10841     -0.47067      0.50264      0.13498
   35  pi-                1      -211   24           0           0     -0.77603     -1.06802     -0.08148      1.33004      0.13957
   36  (pi0)             11       111   24          41          42     -0.86477     -0.80095     -0.70178      1.37843      0.13498
   37  gamma              1        22   28           0           0      0.01248     -0.09042      1.21172      1.21515      0.00000
   38  gamma              1        22   28           0           0     -0.10160     -0.06219      0.80004      0.80886      0.00000
   39  gamma              1        22   34           0           0      0.02914     -0.07967     -0.37554      0.38500      0.00000
   40  gamma              1        22   34           0           0     -0.06295     -0.02873     -0.09513      0.11764      0.00000
   41  gamma              1        22   36           0           0     -0.64425     -0.63055     -0.59426      1.07972      0.00000
   42  gamma              1        22   36           0           0     -0.22052     -0.17040     -0.10752      0.29871      0.00000
 ==================================================================================================================================
                   sum charge:  0.00   sum momentum and inv. mass:      0.00000     -0.00000    120.00000    140.00339     72.11760



                            Event listing (standard)

    I  particle/jet  K(I,1)   K(I,2) K(I,3)     K(I,4)      K(I,5)       P(I,1)       P(I,2)       P(I,3)       P(I,4)       P(I,5)

    1  !e-!              21        11    0           3           4      0.00000      0.00000    -10.00000     10.00000      0.00051
    2  !p+!              21      2212    0           5           0     -0.00000      0.00000    130.00000    130.00339      0.93827
 ==================================================================================================================================
    3  !e-!              21        11    1           0           0     -7.94251     -4.95489     -6.08449     11.16491      0.00051
    4  !gamma!           21        22    1           0           0      7.94251      4.95489     -3.91551     -1.16491    -10.08011
    5  !p+!              21      2212    2           0           0     -0.00000      0.00000    130.00000    130.00339      0.93827
    6  !gamma!           21        22    4           0           0      7.95228      4.96098     -3.87491     -1.12092    -10.08011
    7  !u!               21         2    5           0           0     -0.00139     -0.00087     18.44198     18.44198      0.00000
    8  !gamma!           21        22    6           0           0      7.95228      4.96098     -3.87491     -1.12092    -10.08011
    9  !u!               21         2    7           0           0     -0.00139     -0.00087     18.44198     18.44198      0.00000
   10  !u!               21         2    9           0           0      7.95089      4.96012     14.56707     17.32106      0.00000
 ==================================================================================================================================
   11  e-                 1        11    3           0           0     -7.94251     -4.95489     -6.08449     11.16491      0.00051
   12  (ud_1)        A   12      2103    5          16          16      0.21173      0.14454    110.12369    110.12669      0.77133
   13  (g)           I   12        21   10          16          16      0.64342      1.73134      3.14556      3.64775      0.00000
   14  (g)           I   12        21   10          16          16      1.20516      0.96836      1.59824      2.22363      0.00000
   15  (u)           V   11         2   10          16          16      5.88219      2.11065     11.21699     12.84040      0.00000
 ==================================================================================================================================
   16  (string)          11        92   12          17          27      7.94251      4.95489    126.08449    128.83847     24.78750
   17  (Delta+)          11      2214   16          28          29     -0.07626      0.05854     31.79881     31.81950      1.14326
   18  (rho0)            11       113   16          30          31      0.44590      0.02166     15.30363     15.32976      0.77543
   19  (rho-)            11      -213   16          32          33     -0.09698      0.32969     38.25509     38.26417      0.75957
   20  (Deltabar+)       11     -1114   16          34          35      0.09692     -0.08948      9.78861      9.86741      1.23753
   21  n0                 1      2112   16           0           0     -0.18000      0.58853      9.92561      9.98895      0.93957
   22  (eta)             11       221   16          36          38      0.58912      0.09488      2.03740      2.19243      0.54745
   23  (rho0)            11       113   16          39          40      1.92166      0.96376      4.24578      4.80786      0.68352
   24  (eta')            11       331   16          41          43      0.07798      0.25195      2.95305      3.11567      0.95779
   25  (rho-)            11      -213   16          44          45      0.33506      0.28799      1.39738      1.66015      0.77988
   26  (rho+)            11       213   16          46          47      2.45489      1.13111      5.54052      6.19665      0.62870
   27  (rho0)            11       113   16          48          49      2.37422      1.31625      4.83862      5.59592      0.72979
   28  p+                 1      2212   17           0           0      0.01714     -0.04738     27.87241     27.88824      0.93827
   29  (pi0)             11       111   17          50          51     -0.09339      0.10593      3.92640      3.93126      0.13498
   30  pi-                1      -211   18           0           0      0.44901      0.06038      4.45221      4.47737      0.13957
   31  pi+                1       211   18           0           0     -0.00311     -0.03872     10.85142     10.85239      0.13957
   32  pi-                1      -211   19           0           0     -0.07239     -0.10473     25.89740     25.89809      0.13957
   33  (pi0)             11       111   19          52          53     -0.02459      0.43441     12.35768     12.36608      0.13498
   34  nbar0              1     -2112   20           0           0      0.15428      0.13127      8.24192      8.29777      0.93957
   35  pi+                1       211   20           0           0     -0.05737     -0.22075      1.54669      1.56963      0.13957
   36  (pi0)             11       111   22          54          55      0.06636      0.06295      0.36574      0.40044      0.13498
   37  (pi0)             11       111   22          56          57      0.05293     -0.02283      0.50449      0.52541      0.13498
   38  (pi0)             11       111   22          58          59      0.46983      0.05476      1.16716      1.26658      0.13498
   39  pi+                1       211   23           0           0      0.30575      0.43149      0.94831      1.09473      0.13957
   40  pi-                1      -211   23           0           0      1.61592      0.53227      3.29747      3.71312      0.13957
   41  pi+                1       211   24           0           0      0.05584      0.01865      0.82542      0.83920      0.13957
   42  pi-                1      -211   24           0           0      0.14158      0.11789      0.48973      0.54153      0.13957
   43  (eta)             11       221   24          60          61     -0.11945      0.11541      1.63790      1.73494      0.54745
   44  pi-                1      -211   25           0           0      0.42961      0.23246      0.39694      0.64471      0.13957
   45  (pi0)             11       111   25          62          63     -0.09455      0.05553      1.00044      1.01544      0.13498
   46  pi+                1       211   26           0           0      0.26538      0.06854      0.37559      0.48546      0.13957
   47  (pi0)             11       111   26          64          65      2.18951      1.06257      5.16493      5.71119      0.13498
   48  pi+                1       211   27           0           0      1.83799      0.70996      3.66552      4.16387      0.13957
   49  pi-                1      -211   27           0           0      0.53623      0.60629      1.17310      1.43205      0.13957
   50  gamma              1        22   29           0           0     -0.05615      0.12555      3.51908      3.52177      0.00000
   51  gamma              1        22   29           0           0     -0.03725     -0.01963      0.40732      0.40949      0.00000
   52  gamma              1        22   33           0           0      0.04890      0.16223      3.85615      3.85987      0.00000
   53  gamma              1        22   33           0           0     -0.07350      0.27219      8.50154      8.50621      0.00000
   54  gamma              1        22   36           0           0     -0.03081      0.04538      0.20123      0.20857      0.00000
   55  gamma              1        22   36           0           0      0.09717      0.01757      0.16451      0.19187      0.00000
   56  gamma              1        22   37           0           0     -0.03997      0.01775      0.11801      0.12586      0.00000
   57  gamma              1        22   37           0           0      0.09290     -0.04058      0.38648      0.39956      0.00000
   58  gamma              1        22   38           0           0      0.10013     -0.00341      0.13111      0.16501      0.00000
   59  gamma              1        22   38           0           0      0.36970      0.05817      1.03605      1.10157      0.00000
   60  gamma              1        22   43           0           0     -0.33758      0.04249      1.04463      1.09864      0.00000
   61  gamma              1        22   43           0           0      0.21813      0.07292      0.59327      0.63630      0.00000
   62  gamma              1        22   45           0           0     -0.11544      0.00870      0.54726      0.55938      0.00000
   63  gamma              1        22   45           0           0      0.02089      0.04683      0.45317      0.45607      0.00000
   64  gamma              1        22   47           0           0      1.90758      0.97184      4.50182      4.98495      0.00000
   65  gamma              1        22   47           0           0      0.28193      0.09073      0.66310      0.72624      0.00000
 ==================================================================================================================================
                   sum charge:  0.00   sum momentum and inv. mass:     -0.00000     -0.00000    120.00000    140.00339     72.11760



                            Event listing (standard)

    I  particle/jet  K(I,1)   K(I,2) K(I,3)     K(I,4)      K(I,5)       P(I,1)       P(I,2)       P(I,3)       P(I,4)       P(I,5)

    1  !e-!              21        11    0           3           4      0.00000      0.00000    -10.00000     10.00000      0.00051
    2  !p+!              21      2212    0           5           0     -0.00000      0.00000    130.00000    130.00339      0.93827
 ==================================================================================================================================
    3  !e-!              21        11    1           0           0      8.52423     -5.46404     -5.60163     11.57137      0.00051
    4  !gamma!           21        22    1           0           0     -8.52423      5.46404     -4.39837     -1.57137    -10.92679
    5  !p+!              21      2212    2           0           0     -0.00000     -0.00000    130.00000    130.00339      0.93827
    6  !gamma!           21        22    4           0           0     -8.53444      5.47058     -4.35311     -1.52272    -10.92679
    7  !u!               21         2    5           0           0      0.00166     -0.00106     21.08451     21.08451      0.00000
    8  !gamma!           21        22    6           0           0     -8.53444      5.47058     -4.35311     -1.52272    -10.92679
    9  !u!               21         2    7           0           0      0.00166     -0.00106     21.08451     21.08451      0.00000
   10  !u!               21         2    9           0           0     -8.53278      5.46952     16.73140     19.56179      0.00000
 ==================================================================================================================================
   11  e-                 1        11    3           0           0      8.52423     -5.46404     -5.60163     11.57137      0.00051
   12  (ud_0)        A   12      2101    5          16          16     -0.24810      0.10219    103.89173    103.89369      0.57933
   13  (g)           I   12        21   10          16          16     -0.90465      0.65678      1.94866      2.24656      0.00000
   14  (g)           I   12        21   10          16          16     -1.74478      3.18318     12.29503     12.81970      0.00000
   15  (u)           V   11         2   10          16          16     -5.62670      1.52188      7.46621      9.47208      0.00000
 ==================================================================================================================================
   16  (string)          11        92   12          17          26     -8.52423      5.46404    125.60163    128.43202     24.82935
   17  p+                 1      2212   16           0           0     -0.72020      0.48676     44.96516     44.98335      0.93827
   18  pi-                1      -211   16           0           0      0.65815     -0.40829     27.21491     27.22629      0.13957
   19  pi+                1       211   16           0           0     -0.36101     -0.08828     20.05561     20.05954      0.13957
   20  (rho-)            11      -213   16          27          28      0.06676      0.24945      8.60981      8.65476      0.84224
   21  (pi0)             11       111   16          29          30      0.21206      0.19633      2.34981      2.37136      0.13498
   22  (omega)           11       223   16          31          33     -1.45601      1.98933      7.68761      8.11114      0.78349
   23  (eta)             11       221   16          34          35     -0.54111      0.19716      1.76640      1.93689      0.54745
   24  (omega)           11       223   16          36          38     -1.46815      1.55307      5.14509      5.62727      0.79163
   25  (rho0)            11       113   16          39          40     -2.03831      1.00894      3.76680      4.49188      0.90308
   26  pi+                1       211   16           0           0     -2.87641      0.27959      4.04043      4.96956      0.13957
   27  pi-                1      -211   20           0           0      0.37016      0.35063      5.64472      5.66942      0.13957
   28  (pi0)             11       111   20          41          42     -0.30340     -0.10118      2.96509      2.98534      0.13498
   29  gamma              1        22   21           0           0      0.00824      0.05499      0.21057      0.21778      0.00000
   30  gamma              1        22   21           0           0      0.20382      0.14134      2.13925      2.15358      0.00000
   31  pi+                1       211   22           0           0     -0.19567      0.47749      1.83509      1.91136      0.13957
   32  pi-                1      -211   22           0           0     -0.67663      1.14079      3.57222      3.81306      0.13957
   33  (pi0)             11       111   22          43          44     -0.58371      0.37104      2.28030      2.38671      0.13498
   34  gamma              1        22   23           0           0     -0.07634      0.18513      1.13642      1.15393      0.00000
   35  gamma              1        22   23           0           0     -0.46477      0.01203      0.62998      0.78296      0.00000
   36  pi-                1      -211   24           0           0     -0.49358      0.53801      1.30743      1.50397      0.13957
   37  pi+                1       211   24           0           0     -0.55123      0.33900      1.28503      1.44553      0.13957
   38  (pi0)             11       111   24          45          46     -0.42333      0.67605      2.55264      2.67777      0.13498
   39  pi-                1      -211   25           0           0     -1.58387      1.10939      3.23540      3.77183      0.13957
   40  pi+                1       211   25           0           0     -0.45445     -0.10046      0.53140      0.72005      0.13957
   41  gamma              1        22   28           0           0     -0.10677     -0.10361      1.42633      1.43407      0.00000
   42  gamma              1        22   28           0           0     -0.19663      0.00242      1.53875      1.55127      0.00000
   43  gamma              1        22   33           0           0     -0.56485      0.32170      2.05808      2.15829      0.00000
   44  gamma              1        22   33           0           0     -0.01886      0.04935      0.22223      0.22842      0.00000
   45  gamma              1        22   38           0           0     -0.19165      0.26109      1.24512      1.28656      0.00000
   46  gamma              1        22   38           0           0     -0.23168      0.41496      1.30752      1.39121      0.00000
 ==================================================================================================================================
                   sum charge:  0.00   sum momentum and inv. mass:      0.00000     -0.00000    120.00000    140.00339     72.11760

 Advisory warning: maximum violated by  2.416D+00 in event     186
 XSEC(96,1) increased to  2.800D-02

 Advisory warning: maximum violated by  1.838D+00 in event    2363
 XSEC(96,1) increased to  5.147D-02
1********* PYSTAT:  Statistics on Number of Events and Cross-sections *********

 ==============================================================================
 I                                  I                            I            I
 I            Subprocess            I      Number of points      I    Sigma   I
 I                                  I                            I            I
 I----------------------------------I----------------------------I    (mb)    I
 I                                  I                            I            I
 I N:o Type                         I    Generated         Tried I            I
 I                                  I                            I            I
 ==============================================================================
 I                                  I                            I            I
 I   0 All included subprocesses    I       500000   -1990268801 I  1.515D-06 I
 I  11 f + f' -> f + f' (QCD)       I          256             0 I  4.281D-09 I
 I  12 f + fbar -> f' + fbar'       I            3             0 I  1.090D-11 I
 I  13 f + fbar -> g + g            I            3             0 I  1.090D-11 I
 I  28 f + g -> f + g               I          721             0 I  6.579D-09 I
 I  53 g + g -> f + fbar            I           16             0 I  5.814D-11 I
 I  68 g + g -> g + g               I          360             0 I  1.308D-09 I
 I  91 Elastic scattering           I         1404     172916894 I  4.199D-09 I
 I  92 Single diffractive (XB)      I          597     133018245 I  1.805D-09 I
 I  93 Single diffractive (AX)      I          435     108230311 I  1.299D-09 I
 I  94 Double  diffractive          I          483     154613828 I  9.507D-10 I
 I  95 Low-pT scattering            I         2539       1318107 I  7.084D-10 I
 I  99 q + gamma* -> q              I       492448     654461020 I  1.491D-06 I
 I 131 f + gamma*_T -> f + g        I          474      63363711 I  1.503D-09 I
 I 132 f + gamma*_L -> f + g        I           50       3055060 I  1.314D-10 I
 I 135 g + gamma*_T -> f + fbar     I          146     179441881 I  3.754D-10 I
 I 136 g + gamma*_L -> f + fbar     I           65      29063150 I  1.878D-10 I
 I                                  I                            I            I
 ==============================================================================
 I                                  I                            I            I
 I   1 VMD * hadron                 I         1652    1086738832 I  5.723D-09 I
 I   2 direct * hadron              I          735     274923802 I  2.198D-09 I
 I   3 anomalous * hadron           I         5165     288574841 I  1.549D-08 I
 I   4 DIS * hadron                 I       492448     654461020 I  1.491D-06 I
 I                                  I                            I            I
 ==============================================================================

 ********* Total number of errors, excluding junctions =        0 *************
 ********* Total number of errors, including junctions =        0 *************
 ********* Total number of warnings =                           0 *************
 ********* Fraction of events that fail fragmentation cuts =  0.00050 *********

1************ PYSTAT: User-Defined Limits on Kinematical Variables ************

 ==============================================================================
 I                                                                            I
 I                 0.000D+00 <  m_hard (GeV/c^2)  <  2.850D+01                I
 I    0.000D+00 ( 1.000D+00) <  p_T_hard (GeV/c)  <  1.425D+01                I
 I                             m_finite (GeV/c^2) =  1.000D+00                I
 I                -1.000D+01 <    y*_subsystem    <  1.000D+01                I
 I                -4.000D+01 <      y*_large      <  4.000D+01                I
 I                -4.000D+01 <      y*_small      <  4.000D+01                I
 I                -4.000D+01 <     eta*_large     <  4.000D+01                I
 I                -4.000D+01 <     eta*_small     <  4.000D+01                I
 I                -1.000D+00 < cos(theta*)_large  <  1.000D+00                I
 I                -1.000D+00 < cos(theta*)_small  <  1.000D+00                I
 I                 0.000D+00 <        x_1         <  1.000D+00                I
 I                 0.000D+00 <        x_2         <  1.000D+00                I
 I                -1.000D+00 <        x_F         <  1.000D+00                I
 I                -1.000D+00 <  cos(theta_hard)   <  1.000D+00                I
 I                 2.000D+00 < m'_hard (GeV/c^2)  <  2.850D+01                I
 I                                                                            I
 ==============================================================================
 The charm mass used is:    1.5000000000000000     
 ===================================================
 Pythia total cross section normalisation:   1.5146369969920481E-003  microbarn
 Total Number of generated events      500000
 Total Number of trials      500000
 ===================================================

 ===== PDFSTA statistics for PDF under/over-flows ====

 ====== STRUCTM statistics for nucleon/pion PDFs =====

   total # of calls    623049839.00000000     
   X  below PDF min    0.0000000000000000       or    0.0000000000000000       %
   X  above PDF max    0.0000000000000000       or    0.0000000000000000       %
   Q2 below PDF min    0.0000000000000000       or    0.0000000000000000       %
   Q2 above PDF max    0.0000000000000000       or    0.0000000000000000       %

 ========= STRUCTP statistics for photon PDFs ========

   total # of calls    0.0000000000000000     

