1                                                                              
 ******************************************************************************
 ******************************************************************************
 **                                                                          **
 **                                                                          **
 **              *......*                  Welcome to the Lund Monte Carlo!  **
 **         *:::!!:::::::::::*                                               **
 **      *::::::!!::::::::::::::*          PPP  Y   Y TTTTT H   H III   A    **
 **    *::::::::!!::::::::::::::::*        P  P  Y Y    T   H   H  I   A A   **
 **   *:::::::::!!:::::::::::::::::*       PPP    Y     T   HHHHH  I  AAAAA  **
 **   *:::::::::!!:::::::::::::::::*       P      Y     T   H   H  I  A   A  **
 **    *::::::::!!::::::::::::::::*!       P      Y     T   H   H III A   A  **
 **      *::::::!!::::::::::::::* !!                                         **
 **      !! *:::!!:::::::::::*    !!       This is PYTHIA version 6.428      **
 **      !!     !* -><- *         !!       Last date of change:  5 Sep 2013  **
 **      !!     !!                !!                                         **
 **      !!     !!                !!       Now is  0 Jan 2000 at  0:00:00    **
 **      !!                       !!                                         **
 **      !!        lh             !!       Disclaimer: this program comes    **
 **      !!                       !!       without any guarantees. Beware    **
 **      !!                 hh    !!       of errors and use common sense    **
 **      !!    ll                 !!       when interpreting results.        **
 **      !!                       !!                                         **
 **      !!                                Copyright T. Sjostrand (2011)     **
 **                                                                          **
 ** An archive of program versions and documentation is found on the web:    **
 ** http://www.thep.lu.se/~torbjorn/Pythia.html                              **
 **                                                                          **
 ** When you cite this program, the official reference is to the 6.4 manual: **
 ** T. Sjostrand, S. Mrenna and P. Skands, JHEP05 (2006) 026                 **
 ** (LU TP 06-13, FERMILAB-PUB-06-052-CD-T) [hep-ph/0603175].                **
 **                                                                          **
 ** Also remember that the program, to a large extent, represents original   **
 ** physics research. Other publications of special relevance to your        **
 ** studies may therefore deserve separate mention.                          **
 **                                                                          **
 ** Main author: Torbjorn Sjostrand; Department of Theoretical Physics,      **
 **   Lund University, Solvegatan 14A, S-223 62 Lund, Sweden;                **
 **   phone: + 46 - 46 - 222 48 16; e-mail: torbjorn@thep.lu.se              **
 ** Author: Stephen Mrenna; Computing Division, GDS Group,                   **
 **   Fermi National Accelerator Laboratory, MS 234, Batavia, IL 60510, USA; **
 **   phone: + 1 - 630 - 840 - 2556; e-mail: mrenna@fnal.gov                 **
 ** Author: Peter Skands; CERN/PH-TH, CH-1211 Geneva, Switzerland            **
 **   phone: + 41 - 22 - 767 24 47; e-mail: peter.skands@cern.ch             **
 **                                                                          **
 **                                                                          **
 ******************************************************************************
 ******************************************************************************
     MSEL           changed from              1 to              2
     MSTP(14)       changed from             30 to             30
     MSTP(15)       changed from              0 to              0
     MSTP(16)       changed from              1 to              1
     MSTP(17)       changed from              4 to              4
     MSTP(18)       changed from              3 to              3
     MSTP(19)       changed from              4 to              1
     MSTP(20)       changed from              3 to              0
     MSTP(32)       changed from              8 to              8
     MSTP(38)       changed from              5 to              4
     MSTP(51)       changed from              7 to          10050
     MSTP(52)       changed from              1 to              2
     MSTP(53)       changed from              3 to              3
     MSTP(54)       changed from              1 to              1
     MSTP(55)       changed from              5 to              5
     MSTP(56)       changed from              1 to              1
     MSTP(57)       changed from              1 to              1
     MSTP(58)       changed from              5 to              5
     MSTP(59)       changed from              1 to              1
     MSTP(60)       changed from              7 to              7
     MSTP(61)       changed from              2 to              2
     MSTP(71)       changed from              1 to              1
     MSTP(81)       changed from              1 to              0
     MSTP(82)       changed from              4 to              1
     MSTP(91)       changed from              1 to              1
     MSTP(92)       changed from              3 to              3
     MSTP(93)       changed from              1 to              1
     MSTP(101)      changed from              3 to              3
     MSTP(102)      changed from              1 to              1
     MSTP(111)      changed from              1 to              1
     MSTP(121)      changed from              0 to              0
     PARP(13)       changed from        1.00000 to        1.00000
     PARP(18)       changed from        0.40000 to        0.40000
     PARP(81)       changed from        1.90000 to        1.90000
     PARP(89)       changed from     1800.00000 to     1800.00000
     PARP(90)       changed from        0.25000 to        0.16000
     PARP(91)       changed from        2.00000 to        0.40000
     PARP(93)       changed from        5.00000 to        5.00000
     PARP(99)       changed from        1.00000 to        0.40000
     PARP(100)      changed from        5.00000 to        5.00000
     PARP(102)      changed from        0.28000 to        0.28000
     PARP(103)      changed from        1.00000 to        1.00000
     PARP(104)      changed from        0.80000 to        0.80000
     PARP(111)      changed from        2.00000 to        2.00000
     PARP(161)      changed from        2.20000 to        3.00000
     PARP(162)      changed from       23.60000 to       24.60000
     PARP(163)      changed from       18.40000 to       18.80000
     PARP(164)      changed from       11.50000 to       11.50000
     PARP(165)      changed from        0.50000 to        0.47679
     PARP(166)      changed from        0.00000 to        0.67597
     PARJ(1)        changed from        0.10000 to        0.10000
     PARJ(2)        changed from        0.30000 to        0.30000
     PARJ(11)       changed from        0.50000 to        0.50000
     PARJ(12)       changed from        0.60000 to        0.60000
     PARJ(21)       changed from        0.36000 to        0.40000
     PARJ(32)       changed from        1.00000 to        1.00000
     PARJ(33)       changed from        0.80000 to        0.80000
     PARJ(41)       changed from        0.30000 to        0.30000
     PARJ(42)       changed from        0.58000 to        0.58000
     PARJ(45)       changed from        0.50000 to        0.50000
     MSTJ(1)        changed from              1 to              1
     MSTJ(12)       changed from              2 to              1
     MSTJ(45)       changed from              5 to              5
     MSTU(112)      changed from              5 to              5
     MSTU(113)      changed from              3 to              5
     MSTU(114)      changed from              5 to              5
     CKIN(1)        changed from        2.00000 to        1.00000
     CKIN(2)        changed from       -1.00000 to       -1.00000
     CKIN(3)        changed from        0.00000 to        0.00000
     CKIN(4)        changed from       -1.00000 to       -1.00000
     CKIN(5)        changed from        1.00000 to        1.00000
     CKIN(6)        changed from        1.00000 to        1.00000
     CKIN(7)        changed from      -10.00000 to      -10.00000
     CKIN(8)        changed from       10.00000 to       10.00000
     CKIN(9)        changed from      -40.00000 to      -40.00000
     CKIN(10)       changed from       40.00000 to       40.00000
     CKIN(11)       changed from      -40.00000 to      -40.00000
     CKIN(12)       changed from       40.00000 to       40.00000
     CKIN(13)       changed from      -40.00000 to      -40.00000
     CKIN(14)       changed from       40.00000 to       40.00000
     CKIN(15)       changed from      -40.00000 to      -40.00000
     CKIN(16)       changed from       40.00000 to       40.00000
     CKIN(17)       changed from       -1.00000 to       -1.00000
     CKIN(18)       changed from        1.00000 to        1.00000
     CKIN(19)       changed from       -1.00000 to       -1.00000
     CKIN(20)       changed from        1.00000 to        1.00000
     CKIN(21)       changed from        0.00000 to        0.00000
     CKIN(22)       changed from        1.00000 to        1.00000
     CKIN(23)       changed from        0.00000 to        0.00000
     CKIN(24)       changed from        1.00000 to        1.00000
     CKIN(25)       changed from       -1.00000 to       -1.00000
     CKIN(26)       changed from        1.00000 to        1.00000
     CKIN(27)       changed from       -1.00000 to       -1.00000
     CKIN(28)       changed from        1.00000 to        1.00000
     CKIN(31)       changed from        2.00000 to        2.00000
     CKIN(32)       changed from       -1.00000 to       -1.00000
     CKIN(35)       changed from        0.00000 to        0.00000
     CKIN(36)       changed from       -1.00000 to       -1.00000
     CKIN(37)       changed from        0.00000 to        0.00000
     CKIN(38)       changed from       -1.00000 to       -1.00000
     CKIN(39)       changed from        4.00000 to        4.00000
     CKIN(40)       changed from       -1.00000 to       -1.00000
     CKIN(65)       changed from        0.00000 to        0.00000
     CKIN(66)       changed from       -1.00000 to       -1.00000
     CKIN(67)       changed from        0.00000 to        0.00000
     CKIN(68)       changed from       -1.00000 to       -1.00000
     CKIN(77)       changed from        2.00000 to        2.00000
     CKIN(78)       changed from       -1.00000 to       -1.00000
 *********************************************
 NOW all parameters are read by PYTHIA
 *********************************************
 SEED =   1468142396
 RANLUX LUXURY LEVEL SET BY RLUXGO : 4     P= 389
 RANLUX INITIALIZED BY RLUXGO FROM SEEDS  1468142396           0           0
   2771.0935550343875        10.000000000000000       -2771.0935550343875       -10.0000000    
 *********************************************
 proton beam momentum:   130.000000     GeV
 lepton beam momentum:   10.0000000     GeV
 resulting sqrt(s):   72.117599099066553      GeV
 *********************************************
1****************** PYINIT: initialization of PYTHIA routines *****************
 ==== PYTHIA WILL USE LHAPDF ====
 *************************************
 *       LHAPDF Version 5.9.1        *
 *   Configured for the following:   *
 *             All PDFs              *
 *         FULL MEMORY option        *
 *    Maximum  3 concurrent set(s)   *
 *************************************

 >>>>>> PDF description: <<<<<<
 CTEQ6M                                                          
 Reference:                                                      
 J. Pumplin, D.R. Stump, J. Huston, H.L. Lai, P. Nadolsky,       
 W.K. Tung                                                       
 hep-ph/0201195                                                  
 This set has 41 member PDFs.                                    
     mem=0 --> central value (cteq6m)                            
     mem=1-40 --> 20 sets of +ve/-ve error values                
 >>>>>>                   <<<<<<

 ==============================================
 PDFset name /cvmfs/sft.cern.ch/lcg/external/lhapdfsets/5.9.1/share/PDFsets/cteq6mE.LHgrid   
 with         40 members
 ====  initialized. ===========================
 Strong coupling at Mz for PDF is:  0.11798

 ==============================================================================
 I                                                                            I
 I      PYTHIA will be initialized for gamma/e- on p+ user configuration      I
 I                                                                            I
 I                  px (GeV/c)   py (GeV/c)   pz (GeV/c)      E (GeV)         I
 I        gamma/e-       0.000        0.000      -10.000       10.000         I
 I        p+             0.000        0.000      130.000      130.003         I
 I                                                                            I
 I           corresponding to     72.118 GeV center-of-mass energy            I
 I                                                                            I
 ==============================================================================

 ******** PYMAXI: summary of differential cross-section maximum search ********

           ==========================================================
           I                                      I                 I
           I  ISUB  Subprocess name               I  Maximum value  I
           I                                      I                 I
           ==========================================================
           I                                      I                 I
           I   91   Elastic scattering            I    4.1710D-04   I
           I   92   Single diffractive (XB)       I    3.1940D-04   I
           I   93   Single diffractive (AX)       I    2.6141D-04   I
           I   94   Double  diffractive           I    2.4494D-04   I
           I   95   Low-pT scattering             I    1.9207D-03   I
           I   96   Semihard QCD 2 -> 2           I    1.7479D-02   I
           I                                      I                 I
           ==========================================================

 ******** PYMAXI: summary of differential cross-section maximum search ********

           ==========================================================
           I                                      I                 I
           I  ISUB  Subprocess name               I  Maximum value  I
           I                                      I                 I
           ==========================================================
           I                                      I                 I
           I  131   f + gamma*_T -> f + g         I    1.9221D-04   I
           I  132   f + gamma*_L -> f + g         I    9.2718D-06   I
           I  135   g + gamma*_T -> f + fbar      I    5.4466D-04   I
           I  136   g + gamma*_L -> f + fbar      I    8.8198D-05   I
           I                                      I                 I
           ==========================================================

 ******** PYMAXI: summary of differential cross-section maximum search ********

           ==========================================================
           I                                      I                 I
           I  ISUB  Subprocess name               I  Maximum value  I
           I                                      I                 I
           ==========================================================
           I                                      I                 I
           I   91   Elastic scattering            I    1.0588D-04   I
           I   92   Single diffractive (XB)       I    8.2750D-05   I
           I   93   Single diffractive (AX)       I    6.5818D-05   I
           I   94   Double  diffractive           I    6.3002D-05   I
           I   95   Low-pT scattering             I    5.2345D-04   I
           I   96   Semihard QCD 2 -> 2           I    1.1588D-02   I
           I                                      I                 I
           ==========================================================

 ******** PYMAXI: summary of differential cross-section maximum search ********

           ==========================================================
           I                                      I                 I
           I  ISUB  Subprocess name               I  Maximum value  I
           I                                      I                 I
           ==========================================================
           I                                      I                 I
           I   99   q + gamma* -> q               I    1.9857D-03   I
           I                                      I                 I
           ==========================================================

 ********************** PYINIT: initialization completed **********************
 the outputfile will be named: outfiles/ep_10x130_Q2_100_1000_norad.out                                                                                                                                                                                                                        



                            Event listing (standard)

    I  particle/jet  K(I,1)   K(I,2) K(I,3)     K(I,4)      K(I,5)       P(I,1)       P(I,2)       P(I,3)       P(I,4)       P(I,5)

    1  !e-!              21        11    0           3           4      0.00000      0.00000    -10.00000     10.00000      0.00051
    2  !p+!              21      2212    0           5           0     -0.00000      0.00000    130.00000    130.00339      0.93827
 ==================================================================================================================================
    3  !e-!              21        11    1           0           0      9.92532     -3.89540     -6.05008     12.25926      0.00051
    4  !gamma!           21        22    1           0           0     -9.92532      3.89540     -3.94992     -2.25926    -11.14377
    5  !p+!              21      2212    2           0           0     -0.00000      0.00000    130.00000    130.00339      0.93827
    6  !gamma!           21        22    4           0           0     -9.94516      3.90319     -3.81109     -2.11705    -11.14377
    7  !u!               21         2    5           0           0      0.00560     -0.00220     36.61521     36.61521      0.00000
    8  !gamma!           21        22    6           0           0     -9.94516      3.90319     -3.81109     -2.11705    -11.14377
    9  !u!               21         2    7           0           0      0.00560     -0.00220     36.61521     36.61521      0.00000
   10  !u!               21         2    9           0           0     -9.93956      3.90099     32.80412     34.49816      0.00000
 ==================================================================================================================================
   11  e-                 1        11    3           0           0      9.92532     -3.89540     -6.05008     12.25926      0.00051
   12  (ud_1)        A   12      2103    5          15          15     -0.25565     -0.18326     90.69619     90.70001      0.77133
   13  (g)           I   12        21   10          15          15     -1.03162     -0.02773      1.23213      1.60722      0.00000
   14  (u)           V   11         2   10          15          15     -8.63805      4.10639     34.12177     35.43690      0.00000
 ==================================================================================================================================
   15  (string)          11        92   12          16          22     -9.92532      3.89540    126.05008    127.74412     17.78347
   16  (Delta+)          11      2214   15          23          24     -0.02380     -0.13745     75.32161     75.33194      1.23943
   17  K-                 1      -321   15           0           0      0.15958     -0.22660      8.15864      8.17825      0.49360
   18  (K0)              11       311   15          25          25     -1.67033      0.79172      6.21474      6.50289      0.49767
   19  pi+                1       211   15           0           0     -0.15545     -0.18172      0.52205      0.59093      0.13957
   20  (rho0)            11       113   15          26          27     -4.09967      2.39515     20.58431     21.13682      0.71219
   21  (rho0)            11       113   15          28          29     -1.15044      0.05578      3.35133      3.65013      0.87488
   22  (rho0)            11       113   15          30          31     -2.98521      1.19852     11.89740     12.35317      0.83942
   23  p+                 1      2212   16           0           0      0.03341     -0.14794     72.69759     72.70380      0.93827
   24  (pi0)             11       111   16          32          33     -0.05721      0.01049      2.62402      2.62813      0.13498
   25  K_L0               1       130   18           0           0     -1.67033      0.79172      6.21474      6.50289      0.49767
   26  pi-                1      -211   20           0           0     -3.44187      2.19438     16.92537     17.41119      0.13957
   27  pi+                1       211   20           0           0     -0.65780      0.20077      3.65894      3.72563      0.13957
   28  pi-                1      -211   21           0           0     -0.49831     -0.15953      2.44618      2.50540      0.13957
   29  pi+                1       211   21           0           0     -0.65213      0.21531      0.90515      1.14473      0.13957
   30  pi-                1      -211   22           0           0     -2.20968      0.68815      9.49137      9.77046      0.13957
   31  pi+                1       211   22           0           0     -0.77553      0.51036      2.40603      2.58271      0.13957
   32  gamma              1        22   24           0           0      0.00966      0.04289      0.33067      0.33358      0.00000
   33  gamma              1        22   24           0           0     -0.06688     -0.03240      2.29335      2.29456      0.00000
 ==================================================================================================================================
                   sum charge:  0.00   sum momentum and inv. mass:      0.00000     -0.00000    120.00000    140.00339     72.11760



                            Event listing (standard)

    I  particle/jet  K(I,1)   K(I,2) K(I,3)     K(I,4)      K(I,5)       P(I,1)       P(I,2)       P(I,3)       P(I,4)       P(I,5)

    1  !e-!              21        11    0           3           4      0.00000      0.00000    -10.00000     10.00000      0.00051
    2  !p+!              21      2212    0           5           0     -0.00000      0.00000    130.00000    130.00339      0.93827
 ==================================================================================================================================
    3  !e-!              21        11    1           0           0     -3.04539     -8.47502     -4.30040      9.97967      0.00051
    4  !gamma!           21        22    1           0           0      3.04539      8.47502     -5.69960      0.02033    -10.65765
    5  !p+!              21      2212    2           0           0     -0.00000      0.00000    130.00000    130.00339      0.93827
    6  !gamma!           21        22    4           0           0      3.04720      8.48004     -5.69122      0.03209    -10.65765
    7  !d!               21         1    5           0           0     -0.00014     -0.00038      9.92241      9.92241      0.00000
    8  !gamma!           21        22    6           0           0      3.04720      8.48004     -5.69122      0.03209    -10.65765
    9  !d!               21         1    7           0           0     -0.00014     -0.00038      9.92241      9.92241      0.00000
   10  !d!               21         1    9           0           0      3.04706      8.47966      4.23118      9.95450      0.00000
 ==================================================================================================================================
   11  e-                 1        11    3           0           0     -3.04539     -8.47502     -4.30040      9.97967      0.00051
   12  (d)           A   12         1   10          14          14      2.40178      8.30490      3.67483      9.39384      0.00000
   13  (uu_1)        V   11      2203    5          14          14      0.64361      0.17012    120.62557    120.62987      0.77133
 ==================================================================================================================================
   14  (string)          11        92   12          15          21      3.04539      8.47502    124.30040    130.02371     37.07393
   15  pi-                1      -211   14           0           0      1.70413      5.28210      2.39954      6.04830      0.13957
   16  K+                 1       321   14           0           0     -0.03958      1.45123      0.23036      1.55059      0.49360
   17  (K*-)             11      -323   14          22          23      0.77168      1.14627      2.24871      2.78539      0.89012
   18  pi+                1       211   14           0           0     -0.02504      0.01942      2.60604      2.60997      0.13957
   19  (rho0)            11       113   14          24          25     -0.09884      0.08499      1.77436      1.92552      0.73641
   20  pi-                1      -211   14           0           0      0.34960      0.27622      1.94189      1.99723      0.13957
   21  (Delta++)         11      2224   14          26          27      0.38343      0.21481    113.09950    113.10671      1.19901
   22  K-                 1      -321   17           0           0      0.13360      0.33579      0.86792      1.06185      0.49360
   23  gamma              1        22   17           0           0      0.63808      0.81048      1.38079      1.72354      0.00000
   24  pi-                1      -211   19           0           0      0.13554      0.31852      0.70843      0.80073      0.13957
   25  pi+                1       211   19           0           0     -0.23437     -0.23353      1.06593      1.12479      0.13957
   26  p+                 1      2212   21           0           0      0.44787      0.27935    104.83656    104.84209      0.93827
   27  pi+                1       211   21           0           0     -0.06444     -0.06454      8.26294      8.26462      0.13957
 ==================================================================================================================================
                   sum charge:  0.00   sum momentum and inv. mass:     -0.00000     -0.00000    120.00000    140.00339     72.11760



                            Event listing (standard)

    I  particle/jet  K(I,1)   K(I,2) K(I,3)     K(I,4)      K(I,5)       P(I,1)       P(I,2)       P(I,3)       P(I,4)       P(I,5)

    1  !e-!              21        11    0           3           4      0.00000      0.00000    -10.00000     10.00000      0.00051
    2  !p+!              21      2212    0           5           0     -0.00000      0.00000    130.00000    130.00339      0.93827
 ==================================================================================================================================
    3  !e-!              21        11    1           0           0     -2.23147     -8.05575     -4.13884      9.32762      0.00051
    4  !gamma!           21        22    1           0           0      2.23147      8.05575     -5.86116      0.67238    -10.18703
    5  !p+!              21      2212    2           0           0     -0.00000     -0.00000    130.00000    130.00339      0.93827
    6  !gamma!           21        22    4           0           0      2.23263      8.05992     -5.85597      0.68096    -10.18703
    7  !d!               21         1    5           0           0     -0.00007     -0.00025      7.93731      7.93731      0.00000
    8  !gamma!           21        22    6           0           0      2.23263      8.05992     -5.85597      0.68096    -10.18703
    9  !d!               21         1    7           0           0     -0.00007     -0.00025      7.93731      7.93731      0.00000
   10  !d!               21         1    9           0           0      2.23256      8.05967      2.08135      8.61827      0.00000
 ==================================================================================================================================
   11  e-                 1        11    3           0           0     -2.23147     -8.05575     -4.13884      9.32762      0.00051
   12  (uu_1)        A   12      2203    5          16          16      0.10041      0.01569    112.49707    112.49976      0.77133
   13  (g)           I   12        21   10          16          16     -1.13432      1.93239      3.38114      4.05622      0.00000
   14  (g)           I   12        21   10          16          16     -2.66528      0.69850      4.45076      5.23458      0.00000
   15  (d)           V   11         1   10          16          16      5.93065      5.40916      3.80988      8.88520      0.00000
 ==================================================================================================================================
   16  (string)          11        92   12          17          26      2.23147      8.05575    124.13884    130.67576     39.94782
   17  (Delta++)         11      2224   16          27          28      0.11609      0.15686     72.08139     72.09189      1.21512
   18  (Deltabar--)      11     -2224   16          29          30      0.05536      0.02876     16.35017     16.39936      1.26775
   19  (Delta++)         11      2224   16          31          32      0.28455     -0.13916     21.03498     21.07567      1.27004
   20  (rho0)            11       113   16          33          34     -1.52363      1.22383      5.89788      6.25615      0.73163
   21  (rho0)            11       113   16          35          36     -1.32611      0.78681      1.88905      2.54467      0.72748
   22  (omega)           11       223   16          37          39     -0.17776      0.01769      1.99699      2.14741      0.76907
   23  pi-                1      -211   16           0           0     -0.01077      0.89471      0.73175      1.16428      0.13957
   24  (K*bar0)          11      -313   16          40          41      1.95501      1.91935      1.81733      3.41027      0.90626
   25  (K*+)             11       323   16          42          43      0.32040      0.29748      0.97735      1.40334      0.90719
   26  (rho-)            11      -213   16          44          45      2.53834      2.86939      1.36197      4.18272      0.98162
   27  p+                 1      2212   17           0           0     -0.04174     -0.02319     59.79432     59.80170      0.93827
   28  pi+                1       211   17           0           0      0.15783      0.18006     12.28707     12.29019      0.13957
   29  pbar-              1     -2212   18           0           0      0.25560      0.15097     13.65107     13.68649      0.93827
   30  pi-                1      -211   18           0           0     -0.20024     -0.12221      2.69910      2.71287      0.13957
   31  p+                 1      2212   19           0           0      0.18396     -0.16314     12.03920     12.07821      0.93827
   32  pi+                1       211   19           0           0      0.10059      0.02399      8.99578      8.99746      0.13957
   33  pi+                1       211   20           0           0     -0.29073      0.57188      2.39228      2.48073      0.13957
   34  pi-                1      -211   20           0           0     -1.23290      0.65196      3.50560      3.77542      0.13957
   35  pi-                1      -211   21           0           0     -0.82542      0.17202      1.26234      1.52443      0.13957
   36  pi+                1       211   21           0           0     -0.50068      0.61479      0.62671      1.02024      0.13957
   37  pi+                1       211   22           0           0      0.04688      0.10609      0.79000      0.81058      0.13957
   38  pi-                1      -211   22           0           0     -0.35323     -0.06144      0.76230      0.85389      0.13957
   39  (pi0)             11       111   22          46          47      0.12859     -0.02696      0.44468      0.48293      0.13498
   40  K-                 1      -321   24           0           0      0.79624      0.70596      0.51197      1.27989      0.49360
   41  pi+                1       211   24           0           0      1.15877      1.21339      1.30536      2.13038      0.13957
   42  (K0)              11       311   25          48          48      0.19999      0.16381      1.02713      1.17026      0.49767
   43  pi+                1       211   25           0           0      0.12040      0.13367     -0.04979      0.23307      0.13957
   44  pi-                1      -211   26           0           0      1.58358      1.29921      0.35712      2.08391      0.13957
   45  (pi0)             11       111   26          49          50      0.95475      1.57018      1.00485      2.09880      0.13498
   46  gamma              1        22   39           0           0     -0.00596      0.02922      0.16348      0.16617      0.00000
   47  gamma              1        22   39           0           0      0.13455     -0.05618      0.28121      0.31676      0.00000
   48  K_L0               1       130   42           0           0      0.19999      0.16381      1.02713      1.17026      0.49767
   49  gamma              1        22   45           0           0      0.69801      1.17891      0.81225      1.59273      0.00000
   50  gamma              1        22   45           0           0      0.25675      0.39127      0.19260      0.50607      0.00000
 ==================================================================================================================================
                   sum charge:  0.00   sum momentum and inv. mass:      0.00000      0.00000    120.00000    140.00339     72.11760



                            Event listing (standard)

    I  particle/jet  K(I,1)   K(I,2) K(I,3)     K(I,4)      K(I,5)       P(I,1)       P(I,2)       P(I,3)       P(I,4)       P(I,5)

    1  !e-!              21        11    0           3           4      0.00000      0.00000    -10.00000     10.00000      0.00051
    2  !p+!              21      2212    0           5           0     -0.00000      0.00000    130.00000    130.00339      0.93827
 ==================================================================================================================================
    3  !e-!              21        11    1           0           0     13.93823     -4.44516      7.52190     16.45031      0.00051
    4  !gamma!           21        22    1           0           0    -13.93823      4.44516    -17.52190     -6.45031    -21.89622
    5  !p+!              21      2212    2           0           0     -0.00000     -0.00000    130.00000    130.00339      0.93827
    6  !gamma!           21        22    4           0           0    -13.94249      4.44652    -17.51402     -6.43904    -21.89622
    7  !u!               21         2    5           0           0      0.00071     -0.00023     21.64439     21.64439      0.00000
    8  !gamma!           21        22    6           0           0    -13.94249      4.44652    -17.51402     -6.43904    -21.89622
    9  !u!               21         2    7           0           0      0.00071     -0.00023     21.64439     21.64439      0.00000
   10  !u!               21         2    9           0           0    -13.94178      4.44629      4.13037     15.20535      0.00000
 ==================================================================================================================================
   11  e-                 1        11    3           0           0     13.93823     -4.44516      7.52190     16.45031      0.00051
   12  (ud_1)        A   12      2103    5          16          16      0.44562     -0.40747    106.88515    106.88964      0.77133
   13  (g)           I   12        21   10          16          16     -2.21754      0.29512      0.52277      2.29736      0.00000
   14  (g)           I   12        21   10          16          16     -7.99216      1.69973      4.34904      9.25623      0.00000
   15  (u)           V   11         2   10          16          16     -4.17415      2.85778      0.72114      5.10984      0.00000
 ==================================================================================================================================
   16  (string)          11        92   12          17          26    -13.93823      4.44516    112.47810    123.55308     48.98987
   17  (Delta0)          11      2114   16          27          28      0.25712     -0.22911     65.61150     65.62342      1.20250
   18  (rho+)            11       213   16          29          30      0.14229     -0.02611     21.65739     21.68517      1.08769
   19  (rho-)            11      -213   16          31          32      0.33013      0.08012     14.03346     14.05866      0.76974
   20  (rho0)            11       113   16          33          34     -0.56583     -0.22951      3.87006      3.95698      0.55448
   21  (Kbar0)           11      -311   16          35          35     -0.65466      0.12946      1.73642      1.92566      0.49767
   22  (K0)              11       311   16          36          36     -0.56848     -0.02275     -0.05212      0.75768      0.49767
   23  (pi0)             11       111   16          37          38     -4.16086      1.06764      2.95350      5.21479      0.13498
   24  (rho+)            11       213   16          39          40     -2.59655      0.81292      0.66788      2.97535      1.00186
   25  (rho0)            11       113   16          41          42     -4.66735      1.59876      1.47542      5.21036      0.79423
   26  (omega)           11       223   16          43          45     -1.45404      1.26373      0.52459      2.14503      0.78401
   27  n0                 1      2112   17           0           0      0.26573     -0.27666     62.85814     62.86633      0.93957
   28  (pi0)             11       111   17          46          47     -0.00861      0.04755      2.75335      2.75708      0.13498
   29  pi+                1       211   18           0           0      0.26783      0.47517     11.28932     11.30335      0.13957
   30  (pi0)             11       111   18          48          49     -0.12554     -0.50128     10.36806     10.38181      0.13498
   31  pi-                1      -211   19           0           0     -0.01310     -0.12304     10.27404     10.27573      0.13957
   32  (pi0)             11       111   19          50          51      0.34322      0.20316      3.75942      3.78293      0.13498
   33  pi-                1      -211   20           0           0     -0.29210     -0.22271      3.14522      3.16967      0.13957
   34  pi+                1       211   20           0           0     -0.27373     -0.00680      0.72484      0.78731      0.13957
   35  (K_S0)            11       310   21          52          53     -0.65466      0.12946      1.73642      1.92566      0.49767
   36  K_L0               1       130   22           0           0     -0.56848     -0.02275     -0.05212      0.75768      0.49767
   37  gamma              1        22   23           0           0     -0.27237      0.10011      0.22037      0.36437      0.00000
   38  gamma              1        22   23           0           0     -3.88850      0.96753      2.73313      4.85042      0.00000
   39  pi+                1       211   24           0           0     -0.72424      0.09393     -0.22355      0.77640      0.13957
   40  (pi0)             11       111   24          54          55     -1.87231      0.71899      0.89143      2.19894      0.13498
   41  pi+                1       211   25           0           0     -1.20643      0.68625      0.62673      1.52927      0.13957
   42  pi-                1      -211   25           0           0     -3.46091      0.91252      0.84869      3.68108      0.13957
   43  pi-                1      -211   26           0           0     -0.29891      0.29707     -0.06995      0.44942      0.13957
   44  pi+                1       211   26           0           0     -0.32631      0.27038      0.37512      0.58290      0.13957
   45  (pi0)             11       111   26          56          57     -0.82882      0.69627      0.21943      1.11271      0.13498
   46  gamma              1        22   28           0           0      0.02784      0.08017      2.17886      2.18051      0.00000
   47  gamma              1        22   28           0           0     -0.03644     -0.03262      0.57449      0.57657      0.00000
   48  gamma              1        22   30           0           0     -0.14042     -0.29556      6.11346      6.12221      0.00000
   49  gamma              1        22   30           0           0      0.01489     -0.20572      4.25460      4.25960      0.00000
   50  gamma              1        22   32           0           0      0.21376      0.15970      1.92120      1.93964      0.00000
   51  gamma              1        22   32           0           0      0.12946      0.04346      1.83822      1.84328      0.00000
   52  pi+                1       211   35           0           0     -0.38794      0.19297      0.62990      0.77716      0.13957
   53  pi-                1      -211   35           0           0     -0.26672     -0.06351      1.10652      1.14850      0.13957
   54  gamma              1        22   40           0           0     -0.08960      0.00508      0.04348      0.09972      0.00000
   55  gamma              1        22   40           0           0     -1.78271      0.71391      0.84795      2.09922      0.00000
   56  gamma              1        22   45           0           0     -0.10653      0.15157      0.05472      0.19318      0.00000
   57  gamma              1        22   45           0           0     -0.72229      0.54470      0.16471      0.91953      0.00000
 ==================================================================================================================================
                   sum charge:  0.00   sum momentum and inv. mass:     -0.00000      0.00000    120.00000    140.00339     72.11760



                            Event listing (standard)

    I  particle/jet  K(I,1)   K(I,2) K(I,3)     K(I,4)      K(I,5)       P(I,1)       P(I,2)       P(I,3)       P(I,4)       P(I,5)

    1  !e-!              21        11    0           3           4      0.00000      0.00000    -10.00000     10.00000      0.00051
    2  !p+!              21      2212    0           5           0     -0.00000      0.00000    130.00000    130.00339      0.93827
 ==================================================================================================================================
    3  !e-!              21        11    1           0           0      6.45536      4.29041     -2.87028      8.26545      0.00051
    4  !gamma!           21        22    1           0           0     -6.45536     -4.29041     -7.12972      1.73455    -10.38766
    5  !p+!              21      2212    2           0           0     -0.00000      0.00000    130.00000    130.00339      0.93827
    6  !gamma!           21        22    4           0           0     -6.45782     -4.29205     -7.12780      1.73986    -10.38766
    7  !u!               21         2    5           0           0      0.00012      0.00008      6.08399      6.08399      0.00000
    8  !gamma!           21        22    6           0           0     -6.45782     -4.29205     -7.12780      1.73986    -10.38766
    9  !u!               21         2    7           0           0      0.00012      0.00008      6.08399      6.08399      0.00000
   10  !u!               21         2    9           0           0     -6.45771     -4.29197     -1.04381      7.82384      0.00000
 ==================================================================================================================================
   11  e-                 1        11    3           0           0      6.45536      4.29041     -2.87028      8.26545      0.00051
   12  (ud_0)        A   12      2101    5          17          17      0.06970     -0.15661    121.00565    121.00716      0.57933
   13  (g)           I   12        21   10          17          17     -0.25514     -0.27067      2.92302      2.94659      0.00000
   14  (g)           I   12        21   10          17          17     -0.45445     -0.69696      0.22767      0.86262      0.00000
   15  (g)           I   12        21   10          17          17     -3.52282     -2.74099     -0.97951      4.56976      0.00000
   16  (u)           V   11         2   10          17          17     -2.29264     -0.42518     -0.30655      2.35180      0.00000
 ==================================================================================================================================
   17  (string)          11        92   12          18          24     -6.45536     -4.29041    122.87028    131.73793     46.87962
   18  p+                 1      2212   17           0           0     -0.30490     -0.36184    114.11295    114.11779      0.93827
   19  (eta')            11       331   17          25          27      0.27742     -0.11620      6.30529      6.38475      0.95806
   20  (rho-)            11      -213   17          28          29     -0.37265      0.30366      1.71407      2.11375      1.13966
   21  (pi0)             11       111   17          30          31     -0.33406     -0.92678      1.75777      2.01953      0.13498
   22  pi+                1       211   17           0           0     -0.29488     -0.10473     -0.22602      0.41048      0.13957
   23  (K*-)             11      -323   17          32          33     -1.26034     -1.28181      0.02855      1.99401      0.86241
   24  (K*+)             11       323   17          34          35     -4.16595     -1.80271     -0.82234      4.69763      0.88689
   25  (pi0)             11       111   19          36          37      0.08880     -0.16112      2.29154      2.30288      0.13498
   26  (pi0)             11       111   19          38          39      0.03558     -0.00224      0.40641      0.42972      0.13498
   27  (eta)             11       221   19          40          42      0.15304      0.04715      3.60734      3.65216      0.54745
   28  pi-                1      -211   20           0           0     -0.53241      0.46807      1.70021      1.84736      0.13957
   29  (pi0)             11       111   20          43          44      0.15976     -0.16440      0.01386      0.26639      0.13498
   30  gamma              1        22   21           0           0     -0.12658     -0.34162      0.78650      0.86678      0.00000
   31  gamma              1        22   21           0           0     -0.20748     -0.58516      0.97127      1.15275      0.00000
   32  (Kbar0)           11      -311   23          45          45     -0.81270     -1.04731      0.22577      1.43388      0.49767
   33  pi-                1      -211   23           0           0     -0.44764     -0.23450     -0.19722      0.56013      0.13957
   34  (K0)              11       311   24          46          46     -2.79242     -0.91903     -0.43343      3.01293      0.49767
   35  pi+                1       211   24           0           0     -1.37353     -0.88368     -0.38890      1.68470      0.13957
   36  gamma              1        22   25           0           0      0.00797      0.02444      0.24010      0.24147      0.00000
   37  gamma              1        22   25           0           0      0.08083     -0.18555      2.05145      2.06141      0.00000
   38  gamma              1        22   26           0           0     -0.03822     -0.01876      0.05142      0.06676      0.00000
   39  gamma              1        22   26           0           0      0.07381      0.01653      0.35499      0.36296      0.00000
   40  (pi0)             11       111   27          47          48      0.14660      0.01574      1.34920      1.36393      0.13498
   41  (pi0)             11       111   27          49          50     -0.05345     -0.04023      0.49374      0.51621      0.13498
   42  (pi0)             11       111   27          51          52      0.05989      0.07164      1.76439      1.77201      0.13498
   43  gamma              1        22   29           0           0     -0.00909     -0.06302     -0.01961      0.06662      0.00000
   44  gamma              1        22   29           0           0      0.16884     -0.10139      0.03347      0.19977      0.00000
   45  K_L0               1       130   32           0           0     -0.81270     -1.04731      0.22577      1.43388      0.49767
   46  (K_S0)            11       310   34          53          54     -2.79242     -0.91903     -0.43343      3.01293      0.49767
   47  gamma              1        22   40           0           0      0.05866      0.07017      0.48375      0.49232      0.00000
   48  gamma              1        22   40           0           0      0.08794     -0.05443      0.86546      0.87161      0.00000
   49  gamma              1        22   41           0           0      0.02828     -0.04843      0.30883      0.31388      0.00000
   50  gamma              1        22   41           0           0     -0.08172      0.00820      0.18491      0.20233      0.00000
   51  gamma              1        22   42           0           0      0.09650      0.01882      0.94458      0.94968      0.00000
   52  gamma              1        22   42           0           0     -0.03661      0.05282      0.81981      0.82233      0.00000
   53  pi-                1      -211   46           0           0     -2.15867     -0.73302     -0.48838      2.33563      0.13957
   54  pi+                1       211   46           0           0     -0.63375     -0.18601      0.05495      0.67730      0.13957
 ==================================================================================================================================
                   sum charge:  0.00   sum momentum and inv. mass:     -0.00000     -0.00000    120.00000    140.00339     72.11760



                            Event listing (standard)

    I  particle/jet  K(I,1)   K(I,2) K(I,3)     K(I,4)      K(I,5)       P(I,1)       P(I,2)       P(I,3)       P(I,4)       P(I,5)

    1  !e-!              21        11    0           3           4      0.00000      0.00000    -10.00000     10.00000      0.00051
    2  !p+!              21      2212    0           5           0     -0.00000      0.00000    130.00000    130.00339      0.93827
 ==================================================================================================================================
    3  !e-!              21        11    1           0           0      5.23742     11.77115     -3.63311     13.38619      0.00051
    4  !gamma!           21        22    1           0           0     -5.23742    -11.77115     -6.36689     -3.38619    -13.96645
    5  !p+!              21      2212    2           0           0     -0.00000      0.00000    130.00000    130.00339      0.93827
    6  !gamma!           21        22    4           0           0     -5.24337    -11.78451     -6.29988     -3.31579    -13.96645
    7  !ubar!            21        -2    5           0           0      0.00149      0.00336     32.66771     32.66771      0.00000
    8  !gamma!           21        22    6           0           0     -5.24337    -11.78451     -6.29988     -3.31579    -13.96645
    9  !ubar!            21        -2    7           0           0      0.00149      0.00336     32.66771     32.66771      0.00000
   10  !ubar!            21        -2    9           0           0     -5.24187    -11.78115     26.36783     29.35192      0.00000
 ==================================================================================================================================
   11  p+                 1      2212    5           0           0     -0.07207     -0.92540     75.51617     75.52770      0.93827
   12  e-                 1        11    3           0           0      5.23742     11.77115     -3.63311     13.38619      0.00051
   13  (ubar)        A   12        -2   10          15          15     -5.23010    -11.30961     24.69465     27.66021      0.00000
   14  (u)           V   11         2    5          15          15      0.06475      0.46385     23.42228     23.42929      0.33000
 ==================================================================================================================================
   15  (string)          11        92   13          16          20     -5.16535    -10.84575     48.11694     51.08950     12.27134
   16  pi-                1      -211   15           0           0     -4.15370     -7.44063     17.59916     19.55419      0.13957
   17  nbar0              1     -2112   15           0           0     -0.25766     -1.53828      3.57640      4.01324      0.93957
   18  p+                 1      2212   15           0           0     -0.40454     -2.26490      5.99260      6.48730      0.93827
   19  (omega)           11       223   15          21          23      0.02954     -0.08221      5.84119      5.89459      0.78681
   20  (omega)           11       223   15          24          26     -0.37899      0.48028     15.10760     15.14019      0.78195
   21  pi+                1       211   19           0           0      0.22541      0.12909      2.83899      2.85426      0.13957
   22  pi-                1      -211   19           0           0     -0.03691     -0.10468      0.57912      0.60595      0.13957
   23  (pi0)             11       111   19          27          28     -0.15896     -0.10663      2.42308      2.43437      0.13498
   24  pi+                1       211   20           0           0     -0.00141      0.34866      5.58211      5.59473      0.13957
   25  pi-                1      -211   20           0           0     -0.41041      0.14488      6.08533      6.10247      0.13957
   26  (pi0)             11       111   20          29          30      0.03283     -0.01325      3.44016      3.44299      0.13498
   27  gamma              1        22   23           0           0     -0.01614     -0.02118      0.06253      0.06796      0.00000
   28  gamma              1        22   23           0           0     -0.14282     -0.08545      2.36055      2.36641      0.00000
   29  gamma              1        22   26           0           0     -0.00308      0.03400      2.76881      2.76902      0.00000
   30  gamma              1        22   26           0           0      0.03591     -0.04726      0.67135      0.67397      0.00000
 ==================================================================================================================================
                   sum charge:  0.00   sum momentum and inv. mass:     -0.00000     -0.00000    120.00000    140.00339     72.11760



                            Event listing (standard)

    I  particle/jet  K(I,1)   K(I,2) K(I,3)     K(I,4)      K(I,5)       P(I,1)       P(I,2)       P(I,3)       P(I,4)       P(I,5)

    1  !e-!              21        11    0           3           4      0.00000      0.00000    -10.00000     10.00000      0.00051
    2  !p+!              21      2212    0           5           0     -0.00000      0.00000    130.00000    130.00339      0.93827
 ==================================================================================================================================
    3  !e-!              21        11    1           0           0      9.31518     11.14770     -2.81293     14.79717      0.00051
    4  !gamma!           21        22    1           0           0     -9.31518    -11.14770     -7.18707     -4.79717    -15.48176
    5  !p+!              21      2212    2           0           0     -0.00000      0.00000    130.00000    130.00339      0.93827
    6  !gamma!           21        22    4           0           0     -9.32836    -11.16347     -7.05547     -4.66218    -15.48176
    7  !u!               21         2    5           0           0      0.00508      0.00607     50.02635     50.02635      0.00000
    8  !gamma!           21        22    6           0           0     -9.32836    -11.16347     -7.05547     -4.66218    -15.48176
    9  !u!               21         2    7           0           0      0.00508      0.00607     50.02635     50.02635      0.00000
   10  !u!               21         2    9           0           0     -9.32328    -11.15739     42.97088     45.36417      0.00000
 ==================================================================================================================================
   11  e-                 1        11    3           0           0      9.31518     11.14770     -2.81293     14.79717      0.00051
   12  (u)           A   12         2   10          14          14     -9.68621    -11.50621     46.14337     48.53273      0.00000
   13  (ud_0)        V   11      2101    5          14          14      0.37103      0.35851     76.66956     76.67348      0.57933
 ==================================================================================================================================
   14  (string)          11        92   12          15          22     -9.31518    -11.14770    122.81293    125.20621     19.55855
   15  (rho0)            11       113   14          23          24     -0.98338     -1.10769      4.26480      4.58694      0.81084
   16  (rho+)            11       213   14          25          26     -6.54437     -7.43798     33.65326     35.08535      0.53629
   17  (omega)           11       223   14          27          29     -0.51375     -1.09532      3.40215      3.69500      0.78407
   18  pi-                1      -211   14           0           0     -0.44619     -0.82753      4.30324      4.40696      0.13957
   19  (rho+)            11       213   14          30          31     -0.04993     -0.03312     10.93520     10.97581      0.94140
   20  (rho-)            11      -213   14          32          33     -0.67253     -0.60095      4.78457      4.95058      0.89593
   21  K+                 1       321   14           0           0     -0.54576     -0.39236     20.83141     20.84809      0.49360
   22  (Lambda0)         11      3122   14          34          35      0.44074      0.34725     40.63831     40.65749      1.11568
   23  pi+                1       211   15           0           0     -1.07552     -0.85471      3.36032      3.63297      0.13957
   24  pi-                1      -211   15           0           0      0.09213     -0.25298      0.90448      0.95397      0.13957
   25  pi+                1       211   16           0           0     -5.41219     -6.33261     28.53040     29.72199      0.13957
   26  (pi0)             11       111   16          36          37     -1.13219     -1.10537      5.12286      5.36335      0.13498
   27  pi-                1      -211   17           0           0     -0.28998     -0.57935      2.24425      2.34006      0.13957
   28  pi+                1       211   17           0           0     -0.03780     -0.31011      0.86218      0.92759      0.13957
   29  (pi0)             11       111   17          38          39     -0.18596     -0.20585      0.29572      0.42735      0.13498
   30  pi+                1       211   19           0           0     -0.37336      0.09182      8.71945      8.72904      0.13957
   31  (pi0)             11       111   19          40          41      0.32343     -0.12495      2.21575      2.24677      0.13498
   32  pi-                1      -211   20           0           0      0.08451     -0.45363      1.59099      1.66242      0.13957
   33  (pi0)             11       111   20          42          43     -0.75703     -0.14732      3.19358      3.28816      0.13498
   34  p+                 1      2212   22           0           0      0.33600      0.30791     31.05149     31.06901      0.93827
   35  pi-                1      -211   22           0           0      0.10474      0.03933      9.58681      9.58848      0.13957
   36  gamma              1        22   26           0           0     -0.44987     -0.52903      2.17762      2.28566      0.00000
   37  gamma              1        22   26           0           0     -0.68232     -0.57634      2.94524      3.07769      0.00000
   38  gamma              1        22   29           0           0     -0.02133     -0.11069      0.07212      0.13383      0.00000
   39  gamma              1        22   29           0           0     -0.16463     -0.09516      0.22360      0.29352      0.00000
   40  gamma              1        22   31           0           0      0.13466      0.01569      0.72824      0.74075      0.00000
   41  gamma              1        22   31           0           0      0.18877     -0.14063      1.48751      1.50602      0.00000
   42  gamma              1        22   33           0           0     -0.35735     -0.12040      1.73976      1.78016      0.00000
   43  gamma              1        22   33           0           0     -0.39968     -0.02692      1.45382      1.50800      0.00000
 ==================================================================================================================================
                   sum charge:  0.00   sum momentum and inv. mass:      0.00000      0.00000    120.00000    140.00339     72.11760



                            Event listing (standard)

    I  particle/jet  K(I,1)   K(I,2) K(I,3)     K(I,4)      K(I,5)       P(I,1)       P(I,2)       P(I,3)       P(I,4)       P(I,5)

    1  !e-!              21        11    0           3           4      0.00000      0.00000    -10.00000     10.00000      0.00051
    2  !p+!              21      2212    0           5           0     -0.00000      0.00000    130.00000    130.00339      0.93827
 ==================================================================================================================================
    3  !e-!              21        11    1           0           0     -6.13003     -9.32021     -4.46700     12.01656      0.00051
    4  !gamma!           21        22    1           0           0      6.13003      9.32021     -5.53300     -2.01656    -12.28785
    5  !p+!              21      2212    2           0           0     -0.00000     -0.00000    130.00000    130.00339      0.93827
    6  !gamma!           21        22    4           0           0      6.13593      9.32918     -5.49702     -1.97719    -12.28785
    7  !u!               21         2    5           0           0     -0.00097     -0.00148     21.44303     21.44303      0.00000
    8  !gamma!           21        22    6           0           0      6.13593      9.32918     -5.49702     -1.97719    -12.28785
    9  !u!               21         2    7           0           0     -0.00097     -0.00148     21.44303     21.44303      0.00000
   10  !u!               21         2    9           0           0      6.13495      9.32770     15.94601     19.46584      0.00000
 ==================================================================================================================================
   11  e-                 1        11    3           0           0     -6.13003     -9.32021     -4.46700     12.01656      0.00051
   12  (ud_0)        A   12      2101    5          16          16      0.17239      0.19891     98.68721     98.68927      0.57933
   13  (g)           I   12        21   10          16          16      0.11856     -1.30411      3.53809      3.77264      0.00000
   14  (g)           I   12        21   10          16          16     -0.47171      0.61060      2.23063      2.36031      0.00000
   15  (u)           V   11         2   10          16          16      6.31078      9.81481     20.01106     23.16461      0.00000
 ==================================================================================================================================
   16  (string)          11        92   12          17          27      6.13003      9.32021    124.46700    127.98683     27.64328
   17  p+                 1      2212   16           0           0     -0.10710      0.21874     20.41320     20.43621      0.93827
   18  (omega)           11       223   16          28          30      0.31638     -0.21186     51.16429     51.17169      0.78236
   19  pi-                1      -211   16           0           0     -0.14102      0.10811      1.15008      1.17207      0.13957
   20  (rho+)            11       213   16          31          32     -0.02116      0.06183     17.18377     17.20096      0.76610
   21  (omega)           11       223   16          33          34      0.04150     -0.51906      8.92394      8.97226      0.77050
   22  pi-                1      -211   16           0           0     -0.17414     -0.54620      2.97455      3.03251      0.13957
   23  (omega)           11       223   16          35          37      0.61752      1.48238      3.42617      3.86296      0.77782
   24  (K*bar0)          11      -313   16          38          39      1.20257      1.68054      3.74624      4.36914      0.88583
   25  (K*0)             11       313   16          40          41      1.18289      1.23403      3.52735      4.02099      0.89674
   26  (rho0)            11       113   16          42          43      3.18261      5.66688     11.25151     13.01344      0.71461
   27  pi+                1       211   16           0           0      0.02998      0.14482      0.70590      0.73460      0.13957
   28  pi+                1       211   18           0           0      0.09697     -0.10047      6.85052      6.85337      0.13957
   29  pi-                1      -211   18           0           0      0.09489      0.20666     20.01396     20.01574      0.13957
   30  (pi0)             11       111   18          44          45      0.12452     -0.31805     24.29981     24.30259      0.13498
   31  pi+                1       211   20           0           0     -0.11111     -0.26839      4.35039      4.36231      0.13957
   32  (pi0)             11       111   20          46          47      0.08995      0.33022     12.83338     12.83865      0.13498
   33  gamma              1        22   21           0           0     -0.14329     -0.33971      1.57512      1.61769      0.00000
   34  (pi0)             11       111   21          48          49      0.18479     -0.17935      7.34882      7.35457      0.13498
   35  pi+                1       211   23           0           0      0.19277      0.81064      1.98987      2.16180      0.13957
   36  pi-                1      -211   23           0           0     -0.00536      0.11994      0.43368      0.47114      0.13957
   37  (pi0)             11       111   23          50          52      0.43012      0.55181      1.00262      1.23002      0.13498
   38  K-                 1      -321   24           0           0      1.22727      1.37267      3.09494      3.63493      0.49360
   39  pi+                1       211   24           0           0     -0.02471      0.30787      0.65130      0.73421      0.13957
   40  K+                 1       321   25           0           0      0.56044      0.58439      2.33927      2.52417      0.49360
   41  pi-                1      -211   25           0           0      0.62244      0.64964      1.18808      1.49682      0.13957
   42  pi-                1      -211   26           0           0      2.92699      4.95015      9.64065     11.22644      0.13957
   43  pi+                1       211   26           0           0      0.25562      0.71673      1.61085      1.78700      0.13957
   44  gamma              1        22   30           0           0      0.04908     -0.26943     16.70169     16.70394      0.00000
   45  gamma              1        22   30           0           0      0.07544     -0.04862      7.59812      7.59865      0.00000
   46  gamma              1        22   32           0           0      0.09823      0.31261     12.64988     12.65412      0.00000
   47  gamma              1        22   32           0           0     -0.00828      0.01761      0.18350      0.18453      0.00000
   48  gamma              1        22   34           0           0     -0.00159     -0.07863      1.85839      1.86005      0.00000
   49  gamma              1        22   34           0           0      0.18638     -0.10072      5.49043      5.49451      0.00000
   50  gamma              1        22   37           0           0      0.26907      0.31628      0.70032      0.81418      0.00000
   51  e+                 1       -11   37           0           0      0.11138      0.15851      0.21219      0.28733      0.00051
   52  e-                 1        11   37           0           0      0.04967      0.07701      0.09010      0.12851      0.00051
 ==================================================================================================================================
                   sum charge:  0.00   sum momentum and inv. mass:      0.00000      0.00000    120.00000    140.00339     72.11760



                            Event listing (standard)

    I  particle/jet  K(I,1)   K(I,2) K(I,3)     K(I,4)      K(I,5)       P(I,1)       P(I,2)       P(I,3)       P(I,4)       P(I,5)

    1  !e-!              21        11    0           3           4      0.00000      0.00000    -10.00000     10.00000      0.00051
    2  !p+!              21      2212    0           5           0     -0.00000      0.00000    130.00000    130.00339      0.93827
 ==================================================================================================================================
    3  !e-!              21        11    1           0           0      4.31130      9.35215     -6.35893     12.10314      0.00051
    4  !gamma!           21        22    1           0           0     -4.31130     -9.35215     -3.64107     -2.10314    -10.71841
    5  !p+!              21      2212    2           0           0     -0.00000      0.00000    130.00000    130.00339      0.93827
    6  !gamma!           21        22    4           0           0     -4.32078     -9.37270     -3.48509     -1.94378    -10.71841
    7  !u!               21         2    5           0           0      0.00272      0.00589     37.22492     37.22492      0.00000
    8  !gamma!           21        22    6           0           0     -4.32078     -9.37270     -3.48509     -1.94378    -10.71841
    9  !u!               21         2    7           0           0      0.00272      0.00589     37.22492     37.22492      0.00000
   10  !u!               21         2    9           0           0     -4.31806     -9.36681     33.73983     35.28114      0.00000
 ==================================================================================================================================
   11  e-                 1        11    3           0           0      4.31130      9.35215     -6.35893     12.10314      0.00051
   12  (ud_1)        A   12      2103    5          17          17     -0.11560      0.04745     89.89573     89.89912      0.77133
   13  (g)           I   12        21   10          17          17      0.10765     -0.11799      1.79098      1.79809      0.00000
   14  (g)           I   12        21   10          17          17     -0.80503     -1.66620      8.36862      8.57077      0.00000
   15  (g)           I   12        21   10          17          17     -0.41977     -2.14808      7.07957      7.41018      0.00000
   16  (u)           V   11         2   10          17          17     -3.07855     -5.46733     19.22403     20.22208      0.00000
 ==================================================================================================================================
   17  (string)          11        92   12          18          23     -4.31130     -9.35215    126.35893    127.90024     16.90689
   18  (Delta+)          11      2214   17          24          25     -0.31306     -0.53506     48.87479     48.89510      1.26545
   19  (rho-)            11      -213   17          26          27      0.53947      0.42110     34.07616     34.08839      0.60420
   20  (K*bar0)          11      -313   17          28          29     -1.62184     -2.77795     13.58465     13.98897      0.89498
   21  (K*+)             11       323   17          30          31      0.04228     -0.13288      4.86210      4.95186      0.92810
   22  (eta')            11       331   17          32          34     -1.55219     -3.20598     13.22478     13.72953      0.95793
   23  (rho0)            11       113   17          35          36     -1.40596     -3.12138     11.73644     12.24641      0.71455
   24  p+                 1      2212   18           0           0     -0.15391     -0.49513     30.05817     30.07728      0.93827
   25  (pi0)             11       111   18          37          38     -0.15915     -0.03993     18.81662     18.81782      0.13498
   26  pi-                1      -211   19           0           0     -0.06982      0.19051      8.40600      8.40960      0.13957
   27  (pi0)             11       111   19          39          40      0.60928      0.23059     25.67016     25.67878      0.13498
   28  K-                 1      -321   20           0           0     -1.24193     -1.79495     10.14023     10.38422      0.49360
   29  pi+                1       211   20           0           0     -0.37991     -0.98300      3.44442      3.60474      0.13957
   30  (K0)              11       311   21          41          41      0.27071      0.10356      2.73566      2.79562      0.49767
   31  pi+                1       211   21           0           0     -0.22843     -0.23644      2.12645      2.15623      0.13957
   32  pi+                1       211   22           0           0     -0.60173     -1.02485      4.21902      4.38543      0.13957
   33  pi-                1      -211   22           0           0     -0.11928     -0.18324      0.89985      0.93649      0.13957
   34  (eta)             11       221   22          42          43     -0.83118     -1.99789      8.10590      8.40760      0.54745
   35  pi-                1      -211   23           0           0     -0.24804     -0.40826      2.50985      2.55872      0.13957
   36  pi+                1       211   23           0           0     -1.15791     -2.71313      9.22659      9.68769      0.13957
   37  gamma              1        22   25           0           0     -0.05280      0.04961      7.33685      7.33721      0.00000
   38  gamma              1        22   25           0           0     -0.10635     -0.08954     11.47976     11.48061      0.00000
   39  gamma              1        22   27           0           0      0.25719      0.03434      8.94108      8.94485      0.00000
   40  gamma              1        22   27           0           0      0.35209      0.19625     16.72908     16.73394      0.00000
   41  K_L0               1       130   30           0           0      0.27071      0.10356      2.73566      2.79562      0.49767
   42  gamma              1        22   34           0           0     -0.57734     -0.70540      3.54374      3.65910      0.00000
   43  gamma              1        22   34           0           0     -0.25384     -1.29249      4.56216      4.74850      0.00000
 ==================================================================================================================================
                   sum charge:  0.00   sum momentum and inv. mass:      0.00000      0.00000    120.00000    140.00339     72.11760



                            Event listing (standard)

    I  particle/jet  K(I,1)   K(I,2) K(I,3)     K(I,4)      K(I,5)       P(I,1)       P(I,2)       P(I,3)       P(I,4)       P(I,5)

    1  !e-!              21        11    0           3           4      0.00000      0.00000    -10.00000     10.00000      0.00051
    2  !p+!              21      2212    0           5           0     -0.00000      0.00000    130.00000    130.00339      0.93827
 ==================================================================================================================================
    3  !e-!              21        11    1           0           0      9.15281     -0.35415     -4.46569     10.19028      0.00051
    4  !gamma!           21        22    1           0           0     -9.15281      0.35415     -5.53431     -0.19028    -10.70008
    5  !p+!              21      2212    2           0           0     -0.00000      0.00000    130.00000    130.00339      0.93827
    6  !gamma!           21        22    4           0           0     -9.15861      0.35437     -5.52424     -0.17683    -10.70008
    7  !u!               21         2    5           0           0      0.00048     -0.00002     10.70453     10.70453      0.00000
    8  !gamma!           21        22    6           0           0     -9.15861      0.35437     -5.52424     -0.17683    -10.70008
    9  !u!               21         2    7           0           0      0.00048     -0.00002     10.70453     10.70453      0.00000
   10  !u!               21         2    9           0           0     -9.15814      0.35435      5.18029     10.52770      0.00000
 ==================================================================================================================================
   11  e-                 1        11    3           0           0      9.15281     -0.35415     -4.46569     10.19028      0.00051
   12  (ud_1)        A   12      2103    5          16          16     -0.00397     -0.05422    118.51480    118.51732      0.77133
   13  (g)           I   12        21   10          16          16     -0.16005      0.19929      0.48219      0.54575      0.00000
   14  (g)           I   12        21   10          16          16     -2.46840      0.70329      2.44827      3.54706      0.00000
   15  (u)           V   11         2   10          16          16     -6.52039     -0.49421      3.02043      7.20297      0.00000
 ==================================================================================================================================
   16  (string)          11        92   12          17          23     -9.15281      0.35415    124.46569    129.81310     35.71881
   17  (Delta+)          11      2214   16          24          25     -0.23406     -0.00765     48.74228     48.76025      1.30285
   18  (rho-)            11      -213   16          26          27      0.31758      0.22223     55.56460     55.57093      0.74420
   19  (rho0)            11       113   16          28          29     -0.43694     -0.20597     13.96689     13.98781      0.59302
   20  nbar0              1     -2112   16           0           0     -3.12600      1.22633      3.02832      4.61836      0.93957
   21  p+                 1      2212   16           0           0     -1.56477     -0.39506      1.27432      2.26027      0.93827
   22  pi-                1      -211   16           0           0     -1.82423     -0.58295      0.88247      2.11326      0.13957
   23  pi+                1       211   16           0           0     -2.28440      0.09722      1.00682      2.50222      0.13957
   24  p+                 1      2212   17           0           0     -0.42374     -0.02559     32.54808     32.56437      0.93827
   25  (pi0)             11       111   17          30          31      0.18968      0.01793     16.19420     16.19588      0.13498
   26  pi-                1      -211   18           0           0      0.18913      0.32962     14.18426     14.19004      0.13957
   27  (pi0)             11       111   18          32          33      0.12844     -0.10740     41.38033     41.38089      0.13498
   28  pi-                1      -211   19           0           0     -0.32032     -0.29371     12.34044     12.34888      0.13957
   29  pi+                1       211   19           0           0     -0.11662      0.08775      1.62645      1.63894      0.13957
   30  gamma              1        22   25           0           0      0.12018     -0.00642     13.85819     13.85871      0.00000
   31  gamma              1        22   25           0           0      0.06951      0.02435      2.33600      2.33716      0.00000
   32  gamma              1        22   27           0           0      0.13286     -0.10544     25.77552     25.77608      0.00000
   33  gamma              1        22   27           0           0     -0.00442     -0.00195     15.60481     15.60481      0.00000
 ==================================================================================================================================
                   sum charge:  0.00   sum momentum and inv. mass:      0.00000     -0.00000    120.00000    140.00339     72.11760

 Advisory warning: maximum violated by  2.869D+00 in event    4115
 XSEC(96,1) increased to  3.324D-02
1********* PYSTAT:  Statistics on Number of Events and Cross-sections *********

 ==============================================================================
 I                                  I                            I            I
 I            Subprocess            I      Number of points      I    Sigma   I
 I                                  I                            I            I
 I----------------------------------I----------------------------I    (mb)    I
 I                                  I                            I            I
 I N:o Type                         I    Generated         Tried I            I
 I                                  I                            I            I
 ==============================================================================
 I                                  I                            I            I
 I   0 All included subprocesses    I       500000   -1990442356 I  1.515D-06 I
 I  11 f + f' -> f + f' (QCD)       I          251             0 I  4.820D-09 I
 I  12 f + fbar -> f' + fbar'       I            3             0 I  1.085D-11 I
 I  13 f + fbar -> g + g            I            4             0 I  5.733D-10 I
 I  28 f + g -> f + g               I          699             0 I  4.764D-09 I
 I  53 g + g -> f + fbar            I            9             0 I  3.256D-11 I
 I  68 g + g -> g + g               I          387             0 I  1.400D-09 I
 I  91 Elastic scattering           I         1353     172977200 I  4.197D-09 I
 I  92 Single diffractive (XB)      I          603     133010222 I  1.804D-09 I
 I  93 Single diffractive (AX)      I          413     108253690 I  1.298D-09 I
 I  94 Double  diffractive          I          468     154739043 I  9.493D-10 I
 I  95 Low-pT scattering            I         2635       1378840 I  1.354D-09 I
 I  99 q + gamma* -> q              I       492410     654432705 I  1.491D-06 I
 I 131 f + gamma*_T -> f + g        I          526      63338426 I  1.505D-09 I
 I 132 f + gamma*_L -> f + g        I           49       3061076 I  1.314D-10 I
 I 135 g + gamma*_T -> f + fbar     I          115     179496490 I  3.755D-10 I
 I 136 g + gamma*_L -> f + fbar     I           75      29062453 I  1.879D-10 I
 I                                  I                            I            I
 ==============================================================================
 I                                  I                            I            I
 I   1 VMD * hadron                 I         1658    1086818084 I  5.724D-09 I
 I   2 direct * hadron              I          765     274958445 I  2.199D-09 I
 I   3 anomalous * hadron           I         5167     288315706 I  1.548D-08 I
 I   4 DIS * hadron                 I       492410     654432705 I  1.491D-06 I
 I                                  I                            I            I
 ==============================================================================

 ********* Total number of errors, excluding junctions =        0 *************
 ********* Total number of errors, including junctions =        0 *************
 ********* Total number of warnings =                           0 *************
 ********* Fraction of events that fail fragmentation cuts =  0.00049 *********

1************ PYSTAT: User-Defined Limits on Kinematical Variables ************

 ==============================================================================
 I                                                                            I
 I                 0.000D+00 <  m_hard (GeV/c^2)  <  4.893D+01                I
 I    0.000D+00 ( 1.000D+00) <  p_T_hard (GeV/c)  <  2.446D+01                I
 I                             m_finite (GeV/c^2) =  1.000D+00                I
 I                -1.000D+01 <    y*_subsystem    <  1.000D+01                I
 I                -4.000D+01 <      y*_large      <  4.000D+01                I
 I                -4.000D+01 <      y*_small      <  4.000D+01                I
 I                -4.000D+01 <     eta*_large     <  4.000D+01                I
 I                -4.000D+01 <     eta*_small     <  4.000D+01                I
 I                -1.000D+00 < cos(theta*)_large  <  1.000D+00                I
 I                -1.000D+00 < cos(theta*)_small  <  1.000D+00                I
 I                 0.000D+00 <        x_1         <  1.000D+00                I
 I                 0.000D+00 <        x_2         <  1.000D+00                I
 I                -1.000D+00 <        x_F         <  1.000D+00                I
 I                -1.000D+00 <  cos(theta_hard)   <  1.000D+00                I
 I                 2.000D+00 < m'_hard (GeV/c^2)  <  4.893D+01                I
 I                                                                            I
 ==============================================================================
 The charm mass used is:    1.5000000000000000     
 ===================================================
 Pythia total cross section normalisation:   1.5146056474735323E-003  microbarn
 Total Number of generated events      500000
 Total Number of trials      500000
 ===================================================

 ===== PDFSTA statistics for PDF under/over-flows ====

 ====== STRUCTM statistics for nucleon/pion PDFs =====

   total # of calls    622905390.00000000     
   X  below PDF min    0.0000000000000000       or    0.0000000000000000       %
   X  above PDF max    0.0000000000000000       or    0.0000000000000000       %
   Q2 below PDF min    0.0000000000000000       or    0.0000000000000000       %
   Q2 above PDF max    0.0000000000000000       or    0.0000000000000000       %

 ========= STRUCTP statistics for photon PDFs ========

   total # of calls    0.0000000000000000     

