1                                                                              
 ******************************************************************************
 ******************************************************************************
 **                                                                          **
 **                                                                          **
 **              *......*                  Welcome to the Lund Monte Carlo!  **
 **         *:::!!:::::::::::*                                               **
 **      *::::::!!::::::::::::::*          PPP  Y   Y TTTTT H   H III   A    **
 **    *::::::::!!::::::::::::::::*        P  P  Y Y    T   H   H  I   A A   **
 **   *:::::::::!!:::::::::::::::::*       PPP    Y     T   HHHHH  I  AAAAA  **
 **   *:::::::::!!:::::::::::::::::*       P      Y     T   H   H  I  A   A  **
 **    *::::::::!!::::::::::::::::*!       P      Y     T   H   H III A   A  **
 **      *::::::!!::::::::::::::* !!                                         **
 **      !! *:::!!:::::::::::*    !!       This is PYTHIA version 6.428      **
 **      !!     !* -><- *         !!       Last date of change:  5 Sep 2013  **
 **      !!     !!                !!                                         **
 **      !!     !!                !!       Now is  0 Jan 2000 at  0:00:00    **
 **      !!                       !!                                         **
 **      !!        lh             !!       Disclaimer: this program comes    **
 **      !!                       !!       without any guarantees. Beware    **
 **      !!                 hh    !!       of errors and use common sense    **
 **      !!    ll                 !!       when interpreting results.        **
 **      !!                       !!                                         **
 **      !!                                Copyright T. Sjostrand (2011)     **
 **                                                                          **
 ** An archive of program versions and documentation is found on the web:    **
 ** http://www.thep.lu.se/~torbjorn/Pythia.html                              **
 **                                                                          **
 ** When you cite this program, the official reference is to the 6.4 manual: **
 ** T. Sjostrand, S. Mrenna and P. Skands, JHEP05 (2006) 026                 **
 ** (LU TP 06-13, FERMILAB-PUB-06-052-CD-T) [hep-ph/0603175].                **
 **                                                                          **
 ** Also remember that the program, to a large extent, represents original   **
 ** physics research. Other publications of special relevance to your        **
 ** studies may therefore deserve separate mention.                          **
 **                                                                          **
 ** Main author: Torbjorn Sjostrand; Department of Theoretical Physics,      **
 **   Lund University, Solvegatan 14A, S-223 62 Lund, Sweden;                **
 **   phone: + 46 - 46 - 222 48 16; e-mail: torbjorn@thep.lu.se              **
 ** Author: Stephen Mrenna; Computing Division, GDS Group,                   **
 **   Fermi National Accelerator Laboratory, MS 234, Batavia, IL 60510, USA; **
 **   phone: + 1 - 630 - 840 - 2556; e-mail: mrenna@fnal.gov                 **
 ** Author: Peter Skands; CERN/PH-TH, CH-1211 Geneva, Switzerland            **
 **   phone: + 41 - 22 - 767 24 47; e-mail: peter.skands@cern.ch             **
 **                                                                          **
 **                                                                          **
 ******************************************************************************
 ******************************************************************************
     MSEL           changed from              1 to              2
     MSTP(14)       changed from             30 to             30
     MSTP(15)       changed from              0 to              0
     MSTP(16)       changed from              1 to              1
     MSTP(17)       changed from              4 to              4
     MSTP(18)       changed from              3 to              3
     MSTP(19)       changed from              4 to              1
     MSTP(20)       changed from              3 to              0
     MSTP(32)       changed from              8 to              8
     MSTP(38)       changed from              5 to              4
     MSTP(51)       changed from              7 to          10050
     MSTP(52)       changed from              1 to              2
     MSTP(53)       changed from              3 to              3
     MSTP(54)       changed from              1 to              1
     MSTP(55)       changed from              5 to              5
     MSTP(56)       changed from              1 to              1
     MSTP(57)       changed from              1 to              1
     MSTP(58)       changed from              5 to              5
     MSTP(59)       changed from              1 to              1
     MSTP(60)       changed from              7 to              7
     MSTP(61)       changed from              2 to              2
     MSTP(71)       changed from              1 to              1
     MSTP(81)       changed from              1 to              0
     MSTP(82)       changed from              4 to              1
     MSTP(91)       changed from              1 to              1
     MSTP(92)       changed from              3 to              3
     MSTP(93)       changed from              1 to              1
     MSTP(101)      changed from              3 to              3
     MSTP(102)      changed from              1 to              1
     MSTP(111)      changed from              1 to              1
     MSTP(121)      changed from              0 to              0
     PARP(13)       changed from        1.00000 to        1.00000
     PARP(18)       changed from        0.40000 to        0.40000
     PARP(81)       changed from        1.90000 to        1.90000
     PARP(89)       changed from     1800.00000 to     1800.00000
     PARP(90)       changed from        0.25000 to        0.16000
     PARP(91)       changed from        2.00000 to        0.40000
     PARP(93)       changed from        5.00000 to        5.00000
     PARP(99)       changed from        1.00000 to        0.40000
     PARP(100)      changed from        5.00000 to        5.00000
     PARP(102)      changed from        0.28000 to        0.28000
     PARP(103)      changed from        1.00000 to        1.00000
     PARP(104)      changed from        0.80000 to        0.80000
     PARP(111)      changed from        2.00000 to        2.00000
     PARP(161)      changed from        2.20000 to        3.00000
     PARP(162)      changed from       23.60000 to       24.60000
     PARP(163)      changed from       18.40000 to       18.80000
     PARP(164)      changed from       11.50000 to       11.50000
     PARP(165)      changed from        0.50000 to        0.47679
     PARP(166)      changed from        0.00000 to        0.67597
     PARJ(1)        changed from        0.10000 to        0.10000
     PARJ(2)        changed from        0.30000 to        0.30000
     PARJ(11)       changed from        0.50000 to        0.50000
     PARJ(12)       changed from        0.60000 to        0.60000
     PARJ(21)       changed from        0.36000 to        0.40000
     PARJ(32)       changed from        1.00000 to        1.00000
     PARJ(33)       changed from        0.80000 to        0.80000
     PARJ(41)       changed from        0.30000 to        0.30000
     PARJ(42)       changed from        0.58000 to        0.58000
     PARJ(45)       changed from        0.50000 to        0.50000
     MSTJ(1)        changed from              1 to              1
     MSTJ(12)       changed from              2 to              1
     MSTJ(45)       changed from              5 to              5
     MSTU(112)      changed from              5 to              5
     MSTU(113)      changed from              3 to              5
     MSTU(114)      changed from              5 to              5
     CKIN(1)        changed from        2.00000 to        1.00000
     CKIN(2)        changed from       -1.00000 to       -1.00000
     CKIN(3)        changed from        0.00000 to        0.00000
     CKIN(4)        changed from       -1.00000 to       -1.00000
     CKIN(5)        changed from        1.00000 to        1.00000
     CKIN(6)        changed from        1.00000 to        1.00000
     CKIN(7)        changed from      -10.00000 to      -10.00000
     CKIN(8)        changed from       10.00000 to       10.00000
     CKIN(9)        changed from      -40.00000 to      -40.00000
     CKIN(10)       changed from       40.00000 to       40.00000
     CKIN(11)       changed from      -40.00000 to      -40.00000
     CKIN(12)       changed from       40.00000 to       40.00000
     CKIN(13)       changed from      -40.00000 to      -40.00000
     CKIN(14)       changed from       40.00000 to       40.00000
     CKIN(15)       changed from      -40.00000 to      -40.00000
     CKIN(16)       changed from       40.00000 to       40.00000
     CKIN(17)       changed from       -1.00000 to       -1.00000
     CKIN(18)       changed from        1.00000 to        1.00000
     CKIN(19)       changed from       -1.00000 to       -1.00000
     CKIN(20)       changed from        1.00000 to        1.00000
     CKIN(21)       changed from        0.00000 to        0.00000
     CKIN(22)       changed from        1.00000 to        1.00000
     CKIN(23)       changed from        0.00000 to        0.00000
     CKIN(24)       changed from        1.00000 to        1.00000
     CKIN(25)       changed from       -1.00000 to       -1.00000
     CKIN(26)       changed from        1.00000 to        1.00000
     CKIN(27)       changed from       -1.00000 to       -1.00000
     CKIN(28)       changed from        1.00000 to        1.00000
     CKIN(31)       changed from        2.00000 to        2.00000
     CKIN(32)       changed from       -1.00000 to       -1.00000
     CKIN(35)       changed from        0.00000 to        0.00000
     CKIN(36)       changed from       -1.00000 to       -1.00000
     CKIN(37)       changed from        0.00000 to        0.00000
     CKIN(38)       changed from       -1.00000 to       -1.00000
     CKIN(39)       changed from        4.00000 to        4.00000
     CKIN(40)       changed from       -1.00000 to       -1.00000
     CKIN(65)       changed from        0.00000 to        0.00000
     CKIN(66)       changed from       -1.00000 to       -1.00000
     CKIN(67)       changed from        0.00000 to        0.00000
     CKIN(68)       changed from       -1.00000 to       -1.00000
     CKIN(77)       changed from        2.00000 to        2.00000
     CKIN(78)       changed from       -1.00000 to       -1.00000
 *********************************************
 NOW all parameters are read by PYTHIA
 *********************************************
 SEED =    690169355
 RANLUX LUXURY LEVEL SET BY RLUXGO : 4     P= 389
 RANLUX INITIALIZED BY RLUXGO FROM SEEDS   690169355           0           0
   5328.9753403062132        10.000000000000000       -5328.9753403062132       -10.0000000    
 *********************************************
 proton beam momentum:   250.000000     GeV
 lepton beam momentum:   10.0000000     GeV
 resulting sqrt(s):   100.00457712527508      GeV
 *********************************************
1****************** PYINIT: initialization of PYTHIA routines *****************
 ==== PYTHIA WILL USE LHAPDF ====
 *************************************
 *       LHAPDF Version 5.9.1        *
 *   Configured for the following:   *
 *             All PDFs              *
 *         FULL MEMORY option        *
 *    Maximum  3 concurrent set(s)   *
 *************************************

 >>>>>> PDF description: <<<<<<
 CTEQ6M                                                          
 Reference:                                                      
 J. Pumplin, D.R. Stump, J. Huston, H.L. Lai, P. Nadolsky,       
 W.K. Tung                                                       
 hep-ph/0201195                                                  
 This set has 41 member PDFs.                                    
     mem=0 --> central value (cteq6m)                            
     mem=1-40 --> 20 sets of +ve/-ve error values                
 >>>>>>                   <<<<<<

 ==============================================
 PDFset name /cvmfs/sft.cern.ch/lcg/external/lhapdfsets/5.9.1/share/PDFsets/cteq6mE.LHgrid   
 with         40 members
 ====  initialized. ===========================
 Strong coupling at Mz for PDF is:  0.11798

 ==============================================================================
 I                                                                            I
 I      PYTHIA will be initialized for gamma/e- on p+ user configuration      I
 I                                                                            I
 I                  px (GeV/c)   py (GeV/c)   pz (GeV/c)      E (GeV)         I
 I        gamma/e-       0.000        0.000      -10.000       10.000         I
 I        p+             0.000        0.000      250.000      250.002         I
 I                                                                            I
 I           corresponding to    100.005 GeV center-of-mass energy            I
 I                                                                            I
 ==============================================================================

 ******** PYMAXI: summary of differential cross-section maximum search ********

           ==========================================================
           I                                      I                 I
           I  ISUB  Subprocess name               I  Maximum value  I
           I                                      I                 I
           ==========================================================
           I                                      I                 I
           I   91   Elastic scattering            I    4.5802D-04   I
           I   92   Single diffractive (XB)       I    3.3396D-04   I
           I   93   Single diffractive (AX)       I    2.7193D-04   I
           I   94   Double  diffractive           I    2.7235D-04   I
           I   95   Low-pT scattering             I    1.9842D-03   I
           I   96   Semihard QCD 2 -> 2           I    1.9401D-02   I
           I                                      I                 I
           ==========================================================

 ******** PYMAXI: summary of differential cross-section maximum search ********

           ==========================================================
           I                                      I                 I
           I  ISUB  Subprocess name               I  Maximum value  I
           I                                      I                 I
           ==========================================================
           I                                      I                 I
           I  131   f + gamma*_T -> f + g         I    1.8340D-04   I
           I  132   f + gamma*_L -> f + g         I    9.6222D-06   I
           I  135   g + gamma*_T -> f + fbar      I    5.6762D-04   I
           I  136   g + gamma*_L -> f + fbar      I    9.2431D-05   I
           I                                      I                 I
           ==========================================================

 ******** PYMAXI: summary of differential cross-section maximum search ********

           ==========================================================
           I                                      I                 I
           I  ISUB  Subprocess name               I  Maximum value  I
           I                                      I                 I
           ==========================================================
           I                                      I                 I
           I   91   Elastic scattering            I    1.1937D-04   I
           I   92   Single diffractive (XB)       I    8.8669D-05   I
           I   93   Single diffractive (AX)       I    7.0104D-05   I
           I   94   Double  diffractive           I    7.1830D-05   I
           I   95   Low-pT scattering             I    5.5769D-04   I
           I   96   Semihard QCD 2 -> 2           I    1.4517D-02   I
           I                                      I                 I
           ==========================================================

 ******** PYMAXI: summary of differential cross-section maximum search ********

           ==========================================================
           I                                      I                 I
           I  ISUB  Subprocess name               I  Maximum value  I
           I                                      I                 I
           ==========================================================
           I                                      I                 I
           I   99   q + gamma* -> q               I    2.3955D-03   I
           I                                      I                 I
           ==========================================================

 ********************** PYINIT: initialization completed **********************
 the outputfile will be named: outfiles/ep_10x250_Q2_1_10_norad.out                                                                                                                                                                                                                            



                            Event listing (standard)

    I  particle/jet  K(I,1)   K(I,2) K(I,3)     K(I,4)      K(I,5)       P(I,1)       P(I,2)       P(I,3)       P(I,4)       P(I,5)

    1  !e-!              21        11    0           3           4      0.00000      0.00000    -10.00000     10.00000      0.00051
    2  !p+!              21      2212    0           5           0     -0.00000      0.00000    250.00000    250.00176      0.93827
 ==================================================================================================================================
    3  !e-!              21        11    1           0           0     -1.25546      0.38431     -7.79290      7.90273      0.00051
    4  !gamma!           21        22    1           0           0      1.25546     -0.38431     -2.20710      2.09727     -1.48210
    5  !p+!              21      2212    2           0           0     -0.00000      0.00000    250.00000    250.00176      0.93827
    6  !gamma!           21        22    4           0           0      1.25597     -0.38447     -2.20779      2.09834     -1.48210
    7  !ubar!            21        -2    5           0           0     -0.00000      0.00000      0.25506      0.25506      0.00000
    8  !gamma!           21        22    6           0           0      1.25597     -0.38447     -2.20779      2.09834     -1.48210
    9  !ubar!            21        -2    7           0           0     -0.00000      0.00000      0.25506      0.25506      0.00000
   10  !ubar!            21        -2    9           0           0      1.25597     -0.38447     -1.95274      2.35339      0.00000
 ==================================================================================================================================
   11  (Delta++)         11      2224    5          16          17      0.04517      0.87222    193.20649    193.21261      1.26617
   12  e-                 1        11    3           0           0     -1.25546      0.38431     -7.79290      7.90273      0.00051
   13  (d)           A   12         1    5          18          18      0.42506     -0.32594     55.92799     55.93153      0.33000
   14  (g)           I   12        21   10          18          18     -0.09917      0.72679     -0.21496      0.76437      0.00000
   15  (ubar)        V   11        -2   10          18          18      0.88439     -1.65738     -1.12662      2.19051      0.00000
 ==================================================================================================================================
   16  p+                 1      2212   11           0           0      0.13720      0.94747    177.27498    177.28005      0.93827
   17  pi+                1       211   11           0           0     -0.09203     -0.07526     15.93151     15.93256      0.13957
   18  (string)          11        92   13          19          26      1.21029     -1.25653     54.58641     58.88642     22.02023
   19  (rho-)            11      -213   18          27          28      0.57914     -0.39992     29.24308     29.25806      0.61753
   20  pi+                1       211   18           0           0     -0.08652      0.32015     12.96577     12.97076      0.13957
   21  n0                 1      2112   18           0           0      0.41306     -0.04954      7.10250      7.17645      0.93957
   22  nbar0              1     -2112   18           0           0     -0.50754     -0.08254      2.15289      2.40461      0.93957
   23  pi-                1      -211   18           0           0      0.24027      0.18620      1.95914      1.98749      0.13957
   24  (rho+)            11       213   18          29          30     -0.39907     -0.39299      1.83100      2.06969      0.78570
   25  (omega)           11       223   18          31          32      0.59274      0.45288      0.28551      1.12675      0.79473
   26  (rho-)            11      -213   18          33          34      0.37821     -1.29078     -0.95348      1.89262      0.92938
   27  pi-                1      -211   19           0           0      0.66015     -0.27511     21.35551     21.36794      0.13957
   28  (pi0)             11       111   19          35          36     -0.08101     -0.12481      7.88756      7.89012      0.13498
   29  pi+                1       211   24           0           0      0.12469     -0.11988      1.09031      1.11273      0.13957
   30  (pi0)             11       111   24          37          38     -0.52376     -0.27311      0.74069      0.95695      0.13498
   31  gamma              1        22   25           0           0     -0.06772     -0.16298      0.05774      0.18569      0.00000
   32  (pi0)             11       111   25          39          40      0.66046      0.61586      0.22778      0.94106      0.13498
   33  pi-                1      -211   26           0           0      0.25218     -0.02977      0.01770      0.29030      0.13957
   34  (pi0)             11       111   26          41          42      0.12602     -1.26100     -0.97118      1.60232      0.13498
   35  gamma              1        22   28           0           0     -0.03338     -0.09120      6.98628      6.98696      0.00000
   36  gamma              1        22   28           0           0     -0.04763     -0.03361      0.90128      0.90316      0.00000
   37  gamma              1        22   30           0           0     -0.04226     -0.06837      0.12925      0.15221      0.00000
   38  gamma              1        22   30           0           0     -0.48150     -0.20474      0.61144      0.80475      0.00000
   39  gamma              1        22   32           0           0      0.59831      0.59299      0.23471      0.87448      0.00000
   40  gamma              1        22   32           0           0      0.06215      0.02287     -0.00694      0.06658      0.00000
   41  gamma              1        22   34           0           0      0.14710     -0.98328     -0.79224      1.27127      0.00000
   42  gamma              1        22   34           0           0     -0.02108     -0.27772     -0.17894      0.33105      0.00000
 ==================================================================================================================================
                   sum charge:  0.00   sum momentum and inv. mass:      0.00000     -0.00000    240.00000    260.00176    100.00458



                            Event listing (standard)

    I  particle/jet  K(I,1)   K(I,2) K(I,3)     K(I,4)      K(I,5)       P(I,1)       P(I,2)       P(I,3)       P(I,4)       P(I,5)

    1  !e-!              21        11    0           3           4      0.00000      0.00000    -10.00000     10.00000      0.00051
    2  !p+!              21      2212    0           5           0     -0.00000      0.00000    250.00000    250.00176      0.93827
 ==================================================================================================================================
    3  !e-!              21        11    1           0           0     -0.08364     -1.76476     -9.40612      9.57060      0.00051
    4  !gamma!           21        22    1           0           0      0.08364      1.76476     -0.59388      0.42940     -1.81375
    5  !p+!              21      2212    2           0           0     -0.00000     -0.00000    250.00000    250.00176      0.93827
    6  !gamma!           21        22    4           0           0      0.08379      1.76780     -0.58938      0.43566     -1.81375
    7  !c!               21         4    5           0           0     -0.00000     -0.00002      1.60464      1.60464      0.00000
    8  !gamma!           21        22    6           0           0      0.08379      1.76780     -0.58938      0.43566     -1.81375
    9  !c!               21         4    7           0           0     -0.00000     -0.00002      1.60464      1.60464      0.00000
   10  !c!               21         4    9           0           0      0.08379      1.76778      1.01526      2.04030      0.00000
 ==================================================================================================================================
   11  (D*-)             11      -413    5          17          18      0.33944     -0.09321    176.30942    176.32122      2.01000
   12  e-                 1        11    3           0           0     -0.08364     -1.76476     -9.40612      9.57060      0.00051
   13  (uu_1)        A   12      2203    5          19          19     -0.26746     -0.08272     67.14232     67.14734      0.77133
   14  (g)           I   12        21   10          19          19     -0.14172      1.07698      4.75707      4.87951      0.00000
   15  (g)           I   12        21   10          19          19      0.50406      0.75571      1.39621      1.66571      0.00000
   16  (c)           V   11         4   10          19          19     -0.35068      0.10800     -0.19890      0.41738      0.00000
 ==================================================================================================================================
   17  (D-)              11      -411   11          26          27      0.30049     -0.11357    161.93051    161.94162      1.86930
   18  (pi0)             11       111   11          28          29      0.03895      0.02036     14.37890     14.37960      0.13498
   19  (string)          11        92   13          20          25     -0.25580      1.85797     73.09670     74.10993     12.06800
   20  (Delta++)         11      2224   19          30          31      0.20574      0.30133     32.83987     32.86125      1.12746
   21  K-                 1      -321   19           0           0     -0.53789     -0.25306     15.30723     15.32671      0.49360
   22  (eta)             11       221   19          32          33      0.04448      0.79724     12.26119     12.29935      0.54745
   23  (phi)             11       333   19          34          35      0.55560     -0.26457      8.10864      8.19566      1.01986
   24  (K0)              11       311   19          36          36     -0.04474      0.22057      0.54009      0.76813      0.49767
   25  (D*+)             11       413   19          37          38     -0.47898      1.05646      4.03968      4.65882      2.01000
   26  (K0)              11       311   17          39          39      0.13425     -0.27379     43.88004     43.88393      0.49767
   27  (a_1-)            11    -20213   17          40          41      0.16624      0.16022    118.05047    118.05770      1.28563
   28  gamma              1        22   18           0           0     -0.04613      0.01420      3.07350      3.07387      0.00000
   29  gamma              1        22   18           0           0      0.08508      0.00616     11.30541     11.30573      0.00000
   30  p+                 1      2212   20           0           0      0.26395      0.27643     30.14426     30.16128      0.93827
   31  pi+                1       211   20           0           0     -0.05821      0.02490      2.69561      2.69996      0.13957
   32  gamma              1        22   22           0           0     -0.02378      0.80436     12.05925     12.08607      0.00000
   33  gamma              1        22   22           0           0      0.06826     -0.00711      0.20194      0.21329      0.00000
   34  K_L0               1       130   23           0           0      0.19509     -0.15331      4.36618      4.40145      0.49767
   35  (K_S0)            11       310   23          42          43      0.36051     -0.11127      3.74246      3.79421      0.49767
   36  (K_S0)            11       310   24          44          45     -0.04474      0.22057      0.54009      0.76813      0.49767
   37  (D+)              11       411   25          46          48     -0.43536      1.02179      3.80320      4.38089      1.86930
   38  (pi0)             11       111   25          49          50     -0.04362      0.03467      0.23648      0.27794      0.13498
   39  K_L0               1       130   26           0           0      0.13425     -0.27379     43.88004     43.88393      0.49767
   40  (rho-)            11      -213   27          51          52      0.33401      0.05806    102.65488    102.66026      0.99496
   41  (pi0)             11       111   27          53          54     -0.16777      0.10216     15.39559     15.39744      0.13498
   42  pi-                1      -211   35           0           0      0.03574      0.09648      1.83540      1.84357      0.13957
   43  pi+                1       211   35           0           0      0.32477     -0.20774      1.90707      1.95064      0.13957
   44  pi-                1      -211   36           0           0      0.11721      0.16614      0.08236      0.26000      0.13957
   45  pi+                1       211   36           0           0     -0.16196      0.05443      0.45773      0.50813      0.13957
   46  mu+                1       -13   37           0           0     -0.39649     -0.04986      1.37274      1.43362      0.10566
   47  nu_mu              1        14   37           0           0      0.35691      0.17374      1.34246      1.39992      0.00000
   48  (Kbar0)           11      -311   37          55          55     -0.39579      0.89791      1.08800      1.54735      0.49767
   49  gamma              1        22   38           0           0      0.04529      0.01758      0.12632      0.13534      0.00000
   50  gamma              1        22   38           0           0     -0.08891      0.01709      0.11016      0.14259      0.00000
   51  pi-                1      -211   40           0           0      0.51281      0.13278     95.33314     95.33471      0.13957
   52  (pi0)             11       111   40          56          57     -0.17879     -0.07473      7.32174      7.32555      0.13498
   53  gamma              1        22   41           0           0     -0.17714      0.05275     10.94423     10.94579      0.00000
   54  gamma              1        22   41           0           0      0.00937      0.04941      4.45136      4.45164      0.00000
   55  (K_S0)            11       310   48          58          59     -0.39579      0.89791      1.08800      1.54735      0.49767
   56  gamma              1        22   52           0           0      0.01813     -0.02859      0.99762      0.99819      0.00000
   57  gamma              1        22   52           0           0     -0.19692     -0.04613      6.32413      6.32736      0.00000
   58  pi-                1      -211   55           0           0     -0.45943      0.63968      0.79802      1.12986      0.13957
   59  pi+                1       211   55           0           0      0.06365      0.25823      0.28999      0.41750      0.13957
 ==================================================================================================================================
                   sum charge:  0.00   sum momentum and inv. mass:     -0.00000     -0.00000    240.00000    260.00176    100.00458



                            Event listing (standard)

    I  particle/jet  K(I,1)   K(I,2) K(I,3)     K(I,4)      K(I,5)       P(I,1)       P(I,2)       P(I,3)       P(I,4)       P(I,5)

    1  !e-!              21        11    0           3           4      0.00000      0.00000    -10.00000     10.00000      0.00051
    2  !p+!              21      2212    0           5           0     -0.00000      0.00000    250.00000    250.00176      0.93827
 ==================================================================================================================================
    3  !e-!              21        11    1           0           0      0.44501     -1.02695     -8.07055      8.14779      0.00051
    4  !gamma!           21        22    1           0           0     -0.44501      1.02695     -1.92945      1.85221     -1.24288
    5  !p+!              21      2212    2           0           0     -0.00000     -0.00000    250.00000    250.00176      0.93827
    6  !gamma!           21        22    4           0           0     -0.44522      1.02742     -1.93016      1.85326     -1.24288
    7  !u!               21         2    5           0           0      0.00000     -0.00000      0.20415      0.20415      0.00000
    8  !gamma!           21        22    6           0           0     -0.44522      1.02742     -1.93016      1.85326     -1.24288
    9  !u!               21         2    7           0           0      0.00000     -0.00000      0.20415      0.20415      0.00000
   10  !u!               21         2    9           0           0     -0.44522      1.02742     -1.72601      2.05741      0.00000
 ==================================================================================================================================
   11  e-                 1        11    3           0           0      0.44501     -1.02695     -8.07055      8.14779      0.00051
   12  (u)           A   12         2   10          14          14     -0.45255      0.85613     -1.76739      2.01530      0.00000
   13  (ud_0)        V   11      2101    5          14          14      0.00753      0.17082    249.83794    249.83867      0.57933
 ==================================================================================================================================
   14  (string)          11        92   12          15          21     -0.44501      1.02695    248.07055    251.85397     43.47610
   15  (rho+)            11       213   14          22          23      0.18609      0.98880     -0.69269      1.46077      0.80105
   16  pi-                1      -211   14           0           0     -0.37890      0.05150     -0.41531      0.58153      0.13957
   17  pi+                1       211   14           0           0     -0.18466     -0.12865      1.73571      1.75580      0.13957
   18  (rho-)            11      -213   14          24          25      0.01197     -0.50674      0.30228      0.90114      0.68099
   19  (omega)           11       223   14          26          28     -0.25399      0.26639     35.77690     35.78708      0.77003
   20  pi+                1       211   14           0           0      0.14669      0.28338     48.49065     48.49190      0.13957
   21  n0                 1      2112   14           0           0      0.02780      0.07227    162.87302    162.87575      0.93957
   22  pi+                1       211   15           0           0     -0.05114      0.41097      0.09421      0.44706      0.13957
   23  (pi0)             11       111   15          29          30      0.23723      0.57784     -0.78690      1.01371      0.13498
   24  pi-                1      -211   18           0           0      0.17898     -0.46084      0.40933      0.65684      0.13957
   25  (pi0)             11       111   18          31          32     -0.16702     -0.04590     -0.10705      0.24430      0.13498
   26  pi+                1       211   19           0           0      0.13357     -0.01940      4.77156      4.77551      0.13957
   27  pi-                1      -211   19           0           0     -0.21755      0.08315      8.65565      8.65991      0.13957
   28  (pi0)             11       111   19          33          34     -0.17001      0.20265     22.34970     22.35167      0.13498
   29  gamma              1        22   23           0           0      0.20774      0.57258     -0.75086      0.96685      0.00000
   30  gamma              1        22   23           0           0      0.02949      0.00526     -0.03604      0.04687      0.00000
   31  gamma              1        22   25           0           0     -0.12708      0.03189     -0.07620      0.15157      0.00000
   32  gamma              1        22   25           0           0     -0.03994     -0.07779     -0.03085      0.09273      0.00000
   33  gamma              1        22   28           0           0     -0.00326      0.00804      0.07519      0.07569      0.00000
   34  gamma              1        22   28           0           0     -0.16675      0.19461     22.27451     22.27598      0.00000
 ==================================================================================================================================
                   sum charge:  0.00   sum momentum and inv. mass:     -0.00000      0.00000    240.00000    260.00176    100.00458



                            Event listing (standard)

    I  particle/jet  K(I,1)   K(I,2) K(I,3)     K(I,4)      K(I,5)       P(I,1)       P(I,2)       P(I,3)       P(I,4)       P(I,5)

    1  !e-!              21        11    0           3           4      0.00000      0.00000    -10.00000     10.00000      0.00051
    2  !p+!              21      2212    0           5           0     -0.00000      0.00000    250.00000    250.00176      0.93827
 ==================================================================================================================================
    3  !e-!              21        11    1           0           0      1.81805     -1.77021     -9.82201     10.14450      0.00051
    4  !gamma!           21        22    1           0           0     -1.81805      1.77021     -0.17799     -0.14450     -2.53963
    5  !p+!              21      2212    2           0           0      0.00000     -0.00000    250.00000    250.00176      0.93827
    6  !gamma!           21        22    4           0           0     -1.90827      1.85805      9.12562      9.16085     -2.53963
    7  !u!               21         2    5           0           0      0.03301     -0.03214     88.06852     88.06853      0.00000
    8  !gamma!           21        22    6           0           0     -1.90827      1.85805      9.12562      9.16085     -2.53963
    9  !u!               21         2    7           0           0      0.03301     -0.03214     88.06852     88.06853      0.00000
   10  !u!               21         2    9           0           0     -1.87526      1.82591     97.19415     97.22938      0.00000
 ==================================================================================================================================
   11  e-                 1        11    3           0           0      1.81805     -1.77021     -9.82201     10.14450      0.00051
   12  (u)           A   12         2   10          14          14     -1.58851      1.11829     58.11911     58.15157      0.00000
   13  (ud_1)        V   11      2103    5          14          14     -0.22953      0.65191    191.70290    191.70570      0.77133
 ==================================================================================================================================
   14  (string)          11        92   12          15          17     -1.81805      1.77021    249.82201    249.85727      3.34332
   15  (rho0)            11       113   14          18          19     -1.23109      0.64087     69.95807     69.97616      0.77773
   16  pi+                1       211   14           0           0      0.35050     -0.02748     61.68494     61.68610      0.13957
   17  (Delta0)          11      2114   14          20          21     -0.93745      1.15682    118.17901    118.19501      1.25172
   18  pi+                1       211   15           0           0     -0.95518      0.14029     49.58386     49.59345      0.13957
   19  pi-                1      -211   15           0           0     -0.27591      0.50058     20.37421     20.38270      0.13957
   20  n0                 1      2112   17           0           0     -0.88632      0.99093    112.45895    112.47073      0.93957
   21  (pi0)             11       111   17          22          23     -0.05113      0.16589      5.72006      5.72428      0.13498
   22  gamma              1        22   21           0           0      0.01886     -0.00922      0.22154      0.22253      0.00000
   23  gamma              1        22   21           0           0     -0.06999      0.17512      5.49851      5.50175      0.00000
 ==================================================================================================================================
                   sum charge:  0.00   sum momentum and inv. mass:      0.00000     -0.00000    240.00000    260.00176    100.00458



                            Event listing (standard)

    I  particle/jet  K(I,1)   K(I,2) K(I,3)     K(I,4)      K(I,5)       P(I,1)       P(I,2)       P(I,3)       P(I,4)       P(I,5)

    1  !e-!              21        11    0           3           4      0.00000      0.00000    -10.00000     10.00000      0.00051
    2  !p+!              21      2212    0           5           0     -0.00000      0.00000    250.00000    250.00176      0.93827
 ==================================================================================================================================
    3  !e-!              21        11    1           0           0     -1.35444      0.05234     -9.87627      9.96885      0.00051
    4  !gamma!           21        22    1           0           0      1.35444     -0.05234     -0.12373      0.03115     -1.36073
    5  !p+!              21      2212    2           0           0     -0.00000      0.00000    250.00000    250.00176      0.93827
    6  !s!               21         3    4           0           0      0.98762      0.01327      3.69010      3.82000     -0.00000
    7  !g!               21        21    5           0           0      0.30435      0.02817     76.98997     76.99058     -0.00000
    8  !s!               21         3    6           0           0      0.98762      0.01327      3.69010      3.82000      0.00000
    9  !g!               21        21    7           0           0      0.30435      0.02817     76.98997     76.99058      0.00000
   10  !s!               21         3    0           0           0      1.52650      0.64457     11.68656     11.81404      0.50000
   11  !g!               21        21    0           0           0     -0.23453     -0.60314     68.99351     68.99655      0.00000
 ==================================================================================================================================
   12  e-                 1        11    3           0           0     -1.35444      0.05234     -9.87627      9.96885      0.00051
   13  (s)           A   12         3   10          19          19      1.38026      0.58150     10.75252     10.86784      0.50000
   14  (uu_1)        V   11      2203    5          19          19     -0.02178      0.07707     79.05897     79.06277      0.77133
   15  (sbar)        A   12        -3    4          23          23      0.33312     -0.06430      8.59427      8.61549      0.50000
   16  (g)           I   12        21   11          23          23     -0.59904     -0.15846     16.90088     16.91224      0.00000
   17  (g)           I   12        21   11          23          23      0.51075     -0.38160     53.02667     53.03051      0.00000
   18  (d)           V   11         1    5          23          23     -0.24887     -0.10654     81.54296     81.54407      0.33000
 ==================================================================================================================================
   19  (string)          11        92   13          20          22      1.35848      0.65857     89.81149     89.93061      4.37404
   20  (Sigma*-)         11      3114   19          27          28      1.04130      0.39230     22.44777     22.51745      1.37649
   21  nbar0              1     -2112   19           0           0      0.70437      0.04468     39.82734     39.84467      0.93957
   22  (Delta++)         11      2224   19          29          30     -0.38718      0.22159     27.53637     27.56849      1.25329
   23  (string)          11        92   15          24          26     -0.00404     -0.71091    160.06478    160.10230      3.39223
   24  (K0)              11       311   23          31          31      0.27353     -0.45645     10.21824     10.24419      0.49767
   25  (Kbar0)           11      -311   23          32          32     -0.55126     -0.15438     97.98579     97.98872      0.49767
   26  (K*0)             11       313   23          33          34      0.27369     -0.10008     51.86075     51.86939      0.90081
   27  (Lambda0)         11      3122   20          35          36      0.61567      0.34109     16.77849     16.83026      1.11568
   28  pi-                1      -211   20           0           0      0.42563      0.05121      5.66928      5.68718      0.13957
   29  p+                 1      2212   22           0           0     -0.37401      0.40036     20.89275     20.92098      0.93827
   30  pi+                1       211   22           0           0     -0.01318     -0.17877      6.64363      6.64751      0.13957
   31  (K_S0)            11       310   24          37          38      0.27353     -0.45645     10.21824     10.24419      0.49767
   32  (K_S0)            11       310   25          39          40     -0.55126     -0.15438     97.98579     97.98872      0.49767
   33  K+                 1       321   26           0           0      0.28750      0.08317     21.44947     21.45723      0.49360
   34  pi-                1      -211   26           0           0     -0.01381     -0.18324     30.41128     30.41216      0.13957
   35  p+                 1      2212   27           0           0      0.46194      0.31512     14.94833     14.98819      0.93827
   36  pi-                1      -211   27           0           0      0.15373      0.02597      1.83016      1.84208      0.13957
   37  pi+                1       211   31           0           0      0.24846     -0.43946      9.31567      9.33038      0.13957
   38  pi-                1      -211   31           0           0      0.02507     -0.01699      0.90257      0.91380      0.13957
   39  pi-                1      -211   32           0           0     -0.26640     -0.22265     70.98905     70.99003      0.13957
   40  pi+                1       211   32           0           0     -0.28486      0.06826     26.99674     26.99869      0.13957
 ==================================================================================================================================
                   sum charge:  0.00   sum momentum and inv. mass:     -0.00000      0.00000    240.00000    260.00176    100.00458



                            Event listing (standard)

    I  particle/jet  K(I,1)   K(I,2) K(I,3)     K(I,4)      K(I,5)       P(I,1)       P(I,2)       P(I,3)       P(I,4)       P(I,5)

    1  !e-!              21        11    0           3           4      0.00000      0.00000    -10.00000     10.00000      0.00051
    2  !p+!              21      2212    0           5           0     -0.00000      0.00000    250.00000    250.00176      0.93827
 ==================================================================================================================================
    3  !e-!              21        11    1           0           0      1.13533      0.38951     -9.91100      9.98342      0.00051
    4  !gamma!           21        22    1           0           0     -1.13533     -0.38951     -0.08900      0.01658     -1.20347
    5  !p+!              21      2212    2           0           0      0.00000      0.00000    250.00000    250.00176      0.93827
    6  !u!               21         2    4           0           0     -1.25254     -0.43704     11.27644     11.35421     -0.00000
    7  !ubar!            21        -2    5           0           0      0.26662      0.05599     36.18571     36.18674     -0.00000
    8  !u!               21         2    6           0           0     -1.25254     -0.43704     11.27644     11.35421      0.00000
    9  !ubar!            21        -2    7           0           0      0.26662      0.05599     36.18571     36.18674      0.00000
   10  !u!               21         2    0           0           0     -1.57761     -0.88940     36.33304     36.37965      0.33000
   11  !ubar!            21        -2    0           0           0      0.59169      0.50835     11.12911     11.16130      0.33000
 ==================================================================================================================================
   12  p+                 1      2212    5           0           0     -0.30219     -0.16405     35.83404     35.84797      0.93827
   13  e-                 1        11    3           0           0      1.13533      0.38951     -9.91100      9.98342      0.00051
   14  (u)           A   12         2   10          18          18     -1.57761     -0.88940     36.33304     36.37965      0.33000
   15  (ubar)        V   11        -2   11          18          18      0.59169      0.50835     11.12911     11.16130      0.33000
   16  (ubar)        A   12        -2    4          21          21      0.26467      0.09812      6.61961      6.63384      0.33000
   17  (u)           V   11         2    5          21          21     -0.11188      0.05747    159.99520    159.99559      0.33000
 ==================================================================================================================================
   18  (string)          11        92   14          19          20     -0.98592     -0.38105     47.46215     47.54094      2.52351
   19  p+                 1      2212   18           0           0     -1.18287     -0.36597     37.65412     37.68615      0.93827
   20  pbar-              1     -2212   18           0           0      0.19694     -0.01508      9.80804      9.85479      0.93827
   21  (string)          11        92   16          22          23      0.15279      0.15559    166.61480    166.62942      2.19634
   22  (rho0)            11       113   21          24          25      0.37231     -0.06305     29.85194     29.86614      0.83991
   23  (pi0)             11       111   21          26          27     -0.21953      0.21863    136.76287    136.76328      0.13498
   24  pi+                1       211   22           0           0     -0.20481     -0.17727      7.89823      7.90410      0.13957
   25  pi-                1      -211   22           0           0      0.57712      0.11422     21.95371     21.96203      0.13957
   26  gamma              1        22   23           0           0     -0.00705      0.08368     41.53600     41.53609      0.00000
   27  gamma              1        22   23           0           0     -0.21247      0.13495     95.22686     95.22719      0.00000
 ==================================================================================================================================
                   sum charge:  0.00   sum momentum and inv. mass:      0.00000      0.00000    240.00000    260.00176    100.00458



                            Event listing (standard)

    I  particle/jet  K(I,1)   K(I,2) K(I,3)     K(I,4)      K(I,5)       P(I,1)       P(I,2)       P(I,3)       P(I,4)       P(I,5)

    1  !e-!              21        11    0           3           4      0.00000      0.00000    -10.00000     10.00000      0.00051
    2  !p+!              21      2212    0           5           0     -0.00000      0.00000    250.00000    250.00176      0.93827
 ==================================================================================================================================
    3  !e-!              21        11    1           0           0     -2.04893     -0.01725     -9.59017      9.80662      0.00051
    4  !gamma!           21        22    1           0           0      2.04893      0.01725     -0.40983      0.19338     -2.08062
    5  !p+!              21      2212    2           0           0     -0.00000     -0.00000    250.00000    250.00176      0.93827
    6  !gamma!           21        22    4           0           0      2.05491      0.01730     -0.39011      0.21486     -2.08062
    7  !u!               21         2    5           0           0     -0.00009     -0.00000      3.57753      3.57753      0.00000
    8  !gamma!           21        22    6           0           0      2.05491      0.01730     -0.39011      0.21486     -2.08062
    9  !u!               21         2    7           0           0     -0.00009     -0.00000      3.57753      3.57753      0.00000
   10  !u!               21         2    9           0           0      2.05483      0.01730      3.18742      3.79239      0.00000
 ==================================================================================================================================
   11  e-                 1        11    3           0           0     -2.04893     -0.01725     -9.59017      9.80662      0.00051
   12  (u)           A   12         2   10          14          14      1.56913      0.23438      1.78273      2.38647      0.00000
   13  (ud_0)        V   11      2101    5          14          14      0.47980     -0.21712    247.80744    247.80868      0.57933
 ==================================================================================================================================
   14  (string)          11        92   12          15          18      2.04893      0.01725    249.59017    250.19514     17.26728
   15  K+                 1       321   14           0           0      0.58361     -0.03481      0.69568      1.03413      0.49360
   16  (Xi0)             11      3322   14          19          20      0.82436      0.02629      5.24625      5.47105      1.31490
   17  (Sigmabar0)       11     -3212   14          21          22      0.07555      0.06352     18.31280     18.35186      1.19255
   18  n0                 1      2112   14           0           0      0.56541     -0.03774    225.33543    225.33811      0.93957
   19  (Lambda0)         11      3122   16          23          24      0.65203     -0.06471      4.71503      4.88933      1.11568
   20  (pi0)             11       111   16          25          26      0.17232      0.09100      0.53123      0.58172      0.13498
   21  (Lambdabar0)      11     -3122   17          27          28      0.06398      0.08400     18.25617     18.29053      1.11568
   22  gamma              1        22   17           0           0      0.01157     -0.02048      0.05664      0.06133      0.00000
   23  p+                 1      2212   19           0           0      0.48887      0.01563      4.04807      4.18407      0.93827
   24  pi-                1      -211   19           0           0      0.16317     -0.08035      0.66696      0.70526      0.13957
   25  gamma              1        22   20           0           0      0.06562      0.05613      0.08345      0.12008      0.00000
   26  gamma              1        22   20           0           0      0.10671      0.03487      0.44778      0.46164      0.00000
   27  nbar0              1     -2112   21           0           0      0.13899      0.12730     15.99902     16.02770      0.93957
   28  (pi0)             11       111   21          29          30     -0.07502     -0.04330      2.25714      2.26283      0.13498
   29  gamma              1        22   28           0           0     -0.06833      0.03285      1.47991      1.48185      0.00000
   30  gamma              1        22   28           0           0     -0.00668     -0.07615      0.77723      0.78098      0.00000
 ==================================================================================================================================
                   sum charge:  0.00   sum momentum and inv. mass:     -0.00000     -0.00000    240.00000    260.00176    100.00458



                            Event listing (standard)

    I  particle/jet  K(I,1)   K(I,2) K(I,3)     K(I,4)      K(I,5)       P(I,1)       P(I,2)       P(I,3)       P(I,4)       P(I,5)

    1  !e-!              21        11    0           3           4      0.00000      0.00000    -10.00000     10.00000      0.00051
    2  !p+!              21      2212    0           5           0     -0.00000      0.00000    250.00000    250.00176      0.93827
 ==================================================================================================================================
    3  !e-!              21        11    1           0           0      1.36129     -0.06796     -9.47690      9.57441      0.00051
    4  !gamma!           21        22    1           0           0     -1.36129      0.06796     -0.52310      0.42559     -1.39651
    5  !p+!              21      2212    2           0           0     -0.00000     -0.00000    250.00000    250.00176      0.93827
    6  !gamma!           21        22    4           0           0     -1.36381      0.06808     -0.52026      0.43019     -1.39651
    7  !d!               21         1    5           0           0      0.00001     -0.00000      1.02593      1.02593      0.00000
    8  !gamma!           21        22    6           0           0     -1.36381      0.06808     -0.52026      0.43019     -1.39651
    9  !d!               21         1    7           0           0      0.00001     -0.00000      1.02593      1.02593      0.00000
   10  !d!               21         1    9           0           0     -1.36380      0.06808      0.50567      1.45612      0.00000
 ==================================================================================================================================
   11  e-                 1        11    3           0           0      1.36129     -0.06796     -9.47690      9.57441      0.00051
   12  (uu_1)        A   12      2203    5          15          15      0.09438     -0.06697    247.56884    247.57007      0.77133
   13  (g)           I   12        21   10          15          15     -0.87860      0.63235      1.78206      2.08508      0.00000
   14  (d)           V   11         1   10          15          15     -0.57706     -0.49742      0.12600      0.77221      0.00000
 ==================================================================================================================================
   15  (string)          11        92   12          16          24     -1.36129      0.06796    249.47690    250.42735     21.75498
   16  (Delta++)         11      2224   15          25          26      0.18587      0.18807    163.26906    163.27364      1.19449
   17  (pi0)             11       111   15          27          28     -0.11422     -0.44327     19.21370     19.21962      0.13498
   18  pi-                1      -211   15           0           0     -0.05612      0.58434     34.72143     34.72667      0.13957
   19  (omega)           11       223   15          29          31     -0.09095     -0.10270     21.20194     21.21682      0.78254
   20  pi+                1       211   15           0           0     -0.05858      0.10982      0.21800      0.28722      0.13957
   21  pbar-              1     -2212   15           0           0     -0.20646     -0.18012      2.21676      2.42270      0.93827
   22  (Lambda0)         11      3122   15          32          33     -0.32115     -0.36540      2.46363      2.74789      1.11568
   23  K+                 1       321   15           0           0      0.07712     -0.03188      5.27390      5.29760      0.49360
   24  pi-                1      -211   15           0           0     -0.77679      0.30910      0.89849      1.23520      0.13957
   25  p+                 1      2212   16           0           0      0.04360      0.01662    138.57242    138.57561      0.93827
   26  pi+                1       211   16           0           0      0.14227      0.17145     24.69663     24.69803      0.13957
   27  gamma              1        22   17           0           0     -0.05117     -0.29248      9.76730      9.77181      0.00000
   28  gamma              1        22   17           0           0     -0.06306     -0.15079      9.44640      9.44781      0.00000
   29  pi+                1       211   19           0           0     -0.01023     -0.00625     12.88877     12.88953      0.13957
   30  pi-                1      -211   19           0           0     -0.17093     -0.14336      6.72637      6.73152      0.13957
   31  (pi0)             11       111   19          34          35      0.09021      0.04691      1.58679      1.59577      0.13498
   32  n0                 1      2112   22           0           0     -0.23347     -0.30809      2.28505      2.50073      0.93957
   33  (pi0)             11       111   22          36          37     -0.08769     -0.05731      0.17858      0.24715      0.13498
   34  gamma              1        22   31           0           0      0.05837     -0.04158      0.53519      0.53997      0.00000
   35  gamma              1        22   31           0           0      0.03185      0.08849      1.05160      1.05580      0.00000
   36  gamma              1        22   33           0           0     -0.00975     -0.04498      0.15945      0.16596      0.00000
   37  gamma              1        22   33           0           0     -0.07794     -0.01232      0.01913      0.08119      0.00000
 ==================================================================================================================================
                   sum charge:  0.00   sum momentum and inv. mass:      0.00000     -0.00000    240.00000    260.00176    100.00458



                            Event listing (standard)

    I  particle/jet  K(I,1)   K(I,2) K(I,3)     K(I,4)      K(I,5)       P(I,1)       P(I,2)       P(I,3)       P(I,4)       P(I,5)

    1  !e-!              21        11    0           3           4      0.00000      0.00000    -10.00000     10.00000      0.00051
    2  !p+!              21      2212    0           5           0     -0.00000      0.00000    250.00000    250.00176      0.93827
 ==================================================================================================================================
    3  !e-!              21        11    1           0           0      0.62782      0.57907     -5.61971      5.68425      0.00051
    4  !gamma!           21        22    1           0           0     -0.62782     -0.57907     -4.38029      4.31575     -1.13608
    5  !p+!              21      2212    2           0           0     -0.00000      0.00000    250.00000    250.00176      0.93827
    6  !gamma!           21        22    4           0           0     -0.62795     -0.57919     -4.38114      4.31666     -1.13608
    7  !sbar!            21        -3    5           0           0      0.00000      0.00000      0.07420      0.07420      0.00000
    8  !gamma!           21        22    6           0           0     -0.62795     -0.57919     -4.38114      4.31666     -1.13608
    9  !sbar!            21        -3    7           0           0      0.00000      0.00000      0.07420      0.07420      0.00000
   10  !sbar!            21        -3    9           0           0     -0.62795     -0.57919     -4.30695      4.39085      0.00000
 ==================================================================================================================================
   11  (Lambda0)         11      3122    5          16          17     -0.02365      0.51271    157.85650    157.86127      1.11568
   12  e-                 1        11    3           0           0      0.62782      0.57907     -5.61971      5.68425      0.00051
   13  (u)           A   12         2    5          18          18     -0.04289     -0.19631     91.90286     91.90368      0.33000
   14  (g)           I   12        21   10          18          18     -0.48959      0.16955     -0.37522      0.63972      0.00000
   15  (sbar)        V   11        -3   10          18          18     -0.07169     -1.06503     -3.76443      3.91284      0.00000
 ==================================================================================================================================
   16  p+                 1      2212   11           0           0      0.03628      0.40480    142.02130    142.02498      0.93827
   17  pi-                1      -211   11           0           0     -0.05993      0.10791     15.83520     15.83629      0.13957
   18  (string)          11        92   13          19          26     -0.60417     -1.09179     87.76322     96.45624     39.99833
   19  (pi0)             11       111   18          27          28      0.61511      0.18502     40.45091     40.45624      0.13498
   20  (rho+)            11       213   18          29          30     -0.18203     -0.56433     26.32485     26.35169      1.03067
   21  (rho0)            11       113   18          31          32     -0.58093      0.71537     19.45387     19.48536      0.61396
   22  pi-                1      -211   18           0           0     -0.04115     -0.74417      3.90943      3.98228      0.13957
   23  (pi0)             11       111   18          33          34     -0.14005      0.48740      0.66613      0.84801      0.13498
   24  (rho0)            11       113   18          35          36      0.22336     -0.66954      0.81307      1.32941      0.77979
   25  pi+                1       211   18           0           0     -0.17825      0.06609     -1.25476      1.27673      0.13957
   26  (K0)              11       311   18          37          37     -0.32023     -0.56763     -2.60029      2.72652      0.49767
   27  gamma              1        22   19           0           0      0.58191      0.17670     39.54950     39.55418      0.00000
   28  gamma              1        22   19           0           0      0.03319      0.00832      0.90141      0.90206      0.00000
   29  pi+                1       211   20           0           0     -0.40085     -0.09926      4.66465      4.68497      0.13957
   30  (pi0)             11       111   20          38          39      0.21882     -0.46507     21.66021     21.66673      0.13498
   31  pi-                1      -211   21           0           0     -0.32882      0.57050      8.45107      8.47784      0.13957
   32  pi+                1       211   21           0           0     -0.25210      0.14487     11.00279     11.00752      0.13957
   33  gamma              1        22   23           0           0     -0.13103      0.48791      0.66919      0.83848      0.00000
   34  gamma              1        22   23           0           0     -0.00901     -0.00051     -0.00306      0.00953      0.00000
   35  pi-                1      -211   24           0           0     -0.03414     -0.11833     -0.10917      0.21579      0.13957
   36  pi+                1       211   24           0           0      0.25749     -0.55121      0.92225      1.11362      0.13957
   37  (K_S0)            11       310   26          40          41     -0.32023     -0.56763     -2.60029      2.72652      0.49767
   38  gamma              1        22   30           0           0      0.23736     -0.42364     20.03444     20.04033      0.00000
   39  gamma              1        22   30           0           0     -0.01854     -0.04143      1.62576      1.62640      0.00000
   40  pi+                1       211   37           0           0     -0.09394     -0.20624     -1.69922      1.71994      0.13957
   41  pi-                1      -211   37           0           0     -0.22629     -0.36139     -0.90106      1.00658      0.13957
 ==================================================================================================================================
                   sum charge:  0.00   sum momentum and inv. mass:     -0.00000      0.00000    240.00000    260.00176    100.00458



                            Event listing (standard)

    I  particle/jet  K(I,1)   K(I,2) K(I,3)     K(I,4)      K(I,5)       P(I,1)       P(I,2)       P(I,3)       P(I,4)       P(I,5)

    1  !e-!              21        11    0           3           4      0.00000      0.00000    -10.00000     10.00000      0.00051
    2  !p+!              21      2212    0           5           0     -0.00000      0.00000    250.00000    250.00176      0.93827
 ==================================================================================================================================
    3  !e-!              21        11    1           0           0     -0.72488     -0.74491     -9.57680      9.63303      0.00051
    4  !gamma!           21        22    1           0           0      0.72488      0.74491     -0.42320      0.36697     -1.06055
    5  !p+!              21      2212    2           0           0     -0.00000     -0.00000    250.00000    250.00176      0.93827
    6  !gamma!           21        22    4           0           0      0.72649      0.74657     -0.42098      0.37095     -1.06055
    7  !sbar!            21        -3    5           0           0     -0.00000     -0.00000      0.71013      0.71013      0.00000
    8  !gamma!           21        22    6           0           0      0.72649      0.74657     -0.42098      0.37095     -1.06055
    9  !sbar!            21        -3    7           0           0     -0.00000     -0.00000      0.71013      0.71013      0.00000
   10  !sbar!            21        -3    9           0           0      0.72649      0.74656      0.28915      1.08108      0.00000
 ==================================================================================================================================
   11  (Sigma*+)         11      3224    5          15          16     -0.67944     -0.42498    243.91471    243.91984      1.36469
   12  e-                 1        11    3           0           0     -0.72488     -0.74491     -9.57680      9.63303      0.00051
   13  (sbar)        A   12        -3   10          17          17      1.20052      0.54679      0.82386      1.55531      0.00000
   14  (d)           V   11         1    5          17          17      0.20380      0.62310      4.83823      4.89358      0.33000
 ==================================================================================================================================
   15  (Lambda0)         11      3122   11          20          21     -0.66095     -0.53579    214.63668    214.64127      1.11568
   16  pi+                1       211   11           0           0     -0.01849      0.11081     29.27802     29.27857      0.13957
   17  (string)          11        92   13          18          19      1.40432      1.16989      5.66209      6.44889      2.48760
   18  (Lambdabar0)      11     -3122   17          22          23      1.30244      0.61967      2.43874      3.04509      1.11568
   19  n0                 1      2112   17           0           0      0.10188      0.55021      3.22334      3.40380      0.93957
   20  n0                 1      2112   15           0           0     -0.60829     -0.37400    173.58228    173.58629      0.93957
   21  (pi0)             11       111   15          24          25     -0.05266     -0.16178     41.05441     41.05498      0.13498
   22  pbar-              1     -2212   18           0           0      1.21254      0.60960      2.12869      2.69324      0.93827
   23  pi+                1       211   18           0           0      0.08990      0.01007      0.31005      0.35185      0.13957
   24  gamma              1        22   21           0           0     -0.06968     -0.01843     12.12074     12.12096      0.00000
   25  gamma              1        22   21           0           0      0.01702     -0.14335     28.93367     28.93403      0.00000
 ==================================================================================================================================
                   sum charge:  0.00   sum momentum and inv. mass:     -0.00000     -0.00000    240.00000    260.00176    100.00458

 Advisory warning: maximum violated by  1.359D+00 in event     413
 XSEC(96,1) increased to  1.973D-02

 Advisory warning: maximum violated by  1.758D+00 in event    7293
 XSEC(96,1) increased to  3.468D-02

 Advisory warning: maximum violated by  1.001D+00 in event   29412
 XSEC(96,1) increased to  1.941D-02

 Advisory warning: maximum violated by  1.196D+00 in event   46351
 XSEC(96,1) increased to  4.148D-02
1********* PYSTAT:  Statistics on Number of Events and Cross-sections *********

 ==============================================================================
 I                                  I                            I            I
 I            Subprocess            I      Number of points      I    Sigma   I
 I                                  I                            I            I
 I----------------------------------I----------------------------I    (mb)    I
 I                                  I                            I            I
 I N:o Type                         I    Generated         Tried I            I
 I                                  I                            I            I
 ==============================================================================
 I                                  I                            I            I
 I   0 All included subprocesses    I       500000      12033355 I  7.090D-04 I
 I  11 f + f' -> f + f' (QCD)       I        12499             0 I  1.254D-05 I
 I  12 f + fbar -> f' + fbar'       I          261             0 I  2.577D-07 I
 I  13 f + fbar -> g + g            I          328             0 I  3.129D-07 I
 I  28 f + g -> f + g               I        32742             0 I  3.252D-05 I
 I  53 g + g -> f + fbar            I          388             0 I  3.259D-07 I
 I  68 g + g -> g + g               I        14686             0 I  1.210D-05 I
 I  91 Elastic scattering           I        27792        423391 I  3.771D-05 I
 I  92 Single diffractive (XB)      I        14584        310460 I  1.963D-05 I
 I  93 Single diffractive (AX)      I        11402        250454 I  1.566D-05 I
 I  94 Double  diffractive          I         7770        259641 I  1.037D-05 I
 I  95 Low-pT scattering            I        42149        121646 I  1.069D-04 I
 I  99 q + gamma* -> q              I       306074       1740931 I  4.204D-04 I
 I 131 f + gamma*_T -> f + g        I         9140        133233 I  1.253D-05 I
 I 132 f + gamma*_L -> f + g        I          486          7030 I  6.511D-07 I
 I 135 g + gamma*_T -> f + fbar     I        16142        413180 I  2.243D-05 I
 I 136 g + gamma*_L -> f + fbar     I         3557         67198 I  4.750D-06 I
 I                                  I                            I            I
 ==============================================================================
 I                                  I                            I            I
 I   1 VMD * hadron                 I        86396       5725169 I  1.364D-04 I
 I   2 direct * hadron              I        29325        620641 I  4.036D-05 I
 I   3 anomalous * hadron           I        78205       3946614 I  1.119D-04 I
 I   4 DIS * hadron                 I       306074       1740931 I  4.204D-04 I
 I                                  I                            I            I
 ==============================================================================

 ********* Total number of errors, excluding junctions =        0 *************
 ********* Total number of errors, including junctions =        0 *************
 ********* Total number of warnings =                           0 *************
 ********* Fraction of events that fail fragmentation cuts =  0.03210 *********

1************ PYSTAT: User-Defined Limits on Kinematical Variables ************

 ==============================================================================
 I                                                                            I
 I                 0.000D+00 <  m_hard (GeV/c^2)  <  9.204D+01                I
 I    0.000D+00 ( 1.000D+00) <  p_T_hard (GeV/c)  <  4.602D+01                I
 I                             m_finite (GeV/c^2) =  1.000D+00                I
 I                -1.000D+01 <    y*_subsystem    <  1.000D+01                I
 I                -4.000D+01 <      y*_large      <  4.000D+01                I
 I                -4.000D+01 <      y*_small      <  4.000D+01                I
 I                -4.000D+01 <     eta*_large     <  4.000D+01                I
 I                -4.000D+01 <     eta*_small     <  4.000D+01                I
 I                -1.000D+00 < cos(theta*)_large  <  1.000D+00                I
 I                -1.000D+00 < cos(theta*)_small  <  1.000D+00                I
 I                 0.000D+00 <        x_1         <  1.000D+00                I
 I                 0.000D+00 <        x_2         <  1.000D+00                I
 I                -1.000D+00 <        x_F         <  1.000D+00                I
 I                -1.000D+00 <  cos(theta_hard)   <  1.000D+00                I
 I                 2.000D+00 < m'_hard (GeV/c^2)  <  9.204D+01                I
 I                                                                            I
 ==============================================================================
 The charm mass used is:    1.5000000000000000     
 ===================================================
 Pythia total cross section normalisation:  0.70900836618146335       microbarn
 Total Number of generated events      500000
 Total Number of trials      500000
 ===================================================

 ===== PDFSTA statistics for PDF under/over-flows ====

 ====== STRUCTM statistics for nucleon/pion PDFs =====

   total # of calls    11067099.000000000     
   X  below PDF min    0.0000000000000000       or    0.0000000000000000       %
   X  above PDF max    0.0000000000000000       or    0.0000000000000000       %
   Q2 below PDF min    0.0000000000000000       or    0.0000000000000000       %
   Q2 above PDF max    0.0000000000000000       or    0.0000000000000000       %

 ========= STRUCTP statistics for photon PDFs ========

   total # of calls    0.0000000000000000     

