1                                                                              
 ******************************************************************************
 ******************************************************************************
 **                                                                          **
 **                                                                          **
 **              *......*                  Welcome to the Lund Monte Carlo!  **
 **         *:::!!:::::::::::*                                               **
 **      *::::::!!::::::::::::::*          PPP  Y   Y TTTTT H   H III   A    **
 **    *::::::::!!::::::::::::::::*        P  P  Y Y    T   H   H  I   A A   **
 **   *:::::::::!!:::::::::::::::::*       PPP    Y     T   HHHHH  I  AAAAA  **
 **   *:::::::::!!:::::::::::::::::*       P      Y     T   H   H  I  A   A  **
 **    *::::::::!!::::::::::::::::*!       P      Y     T   H   H III A   A  **
 **      *::::::!!::::::::::::::* !!                                         **
 **      !! *:::!!:::::::::::*    !!       This is PYTHIA version 6.428      **
 **      !!     !* -><- *         !!       Last date of change:  5 Sep 2013  **
 **      !!     !!                !!                                         **
 **      !!     !!                !!       Now is  0 Jan 2000 at  0:00:00    **
 **      !!                       !!                                         **
 **      !!        lh             !!       Disclaimer: this program comes    **
 **      !!                       !!       without any guarantees. Beware    **
 **      !!                 hh    !!       of errors and use common sense    **
 **      !!    ll                 !!       when interpreting results.        **
 **      !!                       !!                                         **
 **      !!                                Copyright T. Sjostrand (2011)     **
 **                                                                          **
 ** An archive of program versions and documentation is found on the web:    **
 ** http://www.thep.lu.se/~torbjorn/Pythia.html                              **
 **                                                                          **
 ** When you cite this program, the official reference is to the 6.4 manual: **
 ** T. Sjostrand, S. Mrenna and P. Skands, JHEP05 (2006) 026                 **
 ** (LU TP 06-13, FERMILAB-PUB-06-052-CD-T) [hep-ph/0603175].                **
 **                                                                          **
 ** Also remember that the program, to a large extent, represents original   **
 ** physics research. Other publications of special relevance to your        **
 ** studies may therefore deserve separate mention.                          **
 **                                                                          **
 ** Main author: Torbjorn Sjostrand; Department of Theoretical Physics,      **
 **   Lund University, Solvegatan 14A, S-223 62 Lund, Sweden;                **
 **   phone: + 46 - 46 - 222 48 16; e-mail: torbjorn@thep.lu.se              **
 ** Author: Stephen Mrenna; Computing Division, GDS Group,                   **
 **   Fermi National Accelerator Laboratory, MS 234, Batavia, IL 60510, USA; **
 **   phone: + 1 - 630 - 840 - 2556; e-mail: mrenna@fnal.gov                 **
 ** Author: Peter Skands; CERN/PH-TH, CH-1211 Geneva, Switzerland            **
 **   phone: + 41 - 22 - 767 24 47; e-mail: peter.skands@cern.ch             **
 **                                                                          **
 **                                                                          **
 ******************************************************************************
 ******************************************************************************
     MSEL           changed from              1 to              2
     MSTP(14)       changed from             30 to             30
     MSTP(15)       changed from              0 to              0
     MSTP(16)       changed from              1 to              1
     MSTP(17)       changed from              4 to              4
     MSTP(18)       changed from              3 to              3
     MSTP(19)       changed from              4 to              1
     MSTP(20)       changed from              3 to              0
     MSTP(32)       changed from              8 to              8
     MSTP(38)       changed from              5 to              4
     MSTP(51)       changed from              7 to          10050
     MSTP(52)       changed from              1 to              2
     MSTP(53)       changed from              3 to              3
     MSTP(54)       changed from              1 to              1
     MSTP(55)       changed from              5 to              5
     MSTP(56)       changed from              1 to              1
     MSTP(57)       changed from              1 to              1
     MSTP(58)       changed from              5 to              5
     MSTP(59)       changed from              1 to              1
     MSTP(60)       changed from              7 to              7
     MSTP(61)       changed from              2 to              2
     MSTP(71)       changed from              1 to              1
     MSTP(81)       changed from              1 to              0
     MSTP(82)       changed from              4 to              1
     MSTP(91)       changed from              1 to              1
     MSTP(92)       changed from              3 to              3
     MSTP(93)       changed from              1 to              1
     MSTP(101)      changed from              3 to              3
     MSTP(102)      changed from              1 to              1
     MSTP(111)      changed from              1 to              1
     MSTP(121)      changed from              0 to              0
     PARP(13)       changed from        1.00000 to        1.00000
     PARP(18)       changed from        0.40000 to        0.40000
     PARP(81)       changed from        1.90000 to        1.90000
     PARP(89)       changed from     1800.00000 to     1800.00000
     PARP(90)       changed from        0.25000 to        0.16000
     PARP(91)       changed from        2.00000 to        0.40000
     PARP(93)       changed from        5.00000 to        5.00000
     PARP(99)       changed from        1.00000 to        0.40000
     PARP(100)      changed from        5.00000 to        5.00000
     PARP(102)      changed from        0.28000 to        0.28000
     PARP(103)      changed from        1.00000 to        1.00000
     PARP(104)      changed from        0.80000 to        0.80000
     PARP(111)      changed from        2.00000 to        2.00000
     PARP(161)      changed from        2.20000 to        3.00000
     PARP(162)      changed from       23.60000 to       24.60000
     PARP(163)      changed from       18.40000 to       18.80000
     PARP(164)      changed from       11.50000 to       11.50000
     PARP(165)      changed from        0.50000 to        0.47679
     PARP(166)      changed from        0.00000 to        0.67597
     PARJ(1)        changed from        0.10000 to        0.10000
     PARJ(2)        changed from        0.30000 to        0.30000
     PARJ(11)       changed from        0.50000 to        0.50000
     PARJ(12)       changed from        0.60000 to        0.60000
     PARJ(21)       changed from        0.36000 to        0.40000
     PARJ(32)       changed from        1.00000 to        1.00000
     PARJ(33)       changed from        0.80000 to        0.80000
     PARJ(41)       changed from        0.30000 to        0.30000
     PARJ(42)       changed from        0.58000 to        0.58000
     PARJ(45)       changed from        0.50000 to        0.50000
     MSTJ(1)        changed from              1 to              1
     MSTJ(12)       changed from              2 to              1
     MSTJ(45)       changed from              5 to              5
     MSTU(112)      changed from              5 to              5
     MSTU(113)      changed from              3 to              5
     MSTU(114)      changed from              5 to              5
     CKIN(1)        changed from        2.00000 to        1.00000
     CKIN(2)        changed from       -1.00000 to       -1.00000
     CKIN(3)        changed from        0.00000 to        0.00000
     CKIN(4)        changed from       -1.00000 to       -1.00000
     CKIN(5)        changed from        1.00000 to        1.00000
     CKIN(6)        changed from        1.00000 to        1.00000
     CKIN(7)        changed from      -10.00000 to      -10.00000
     CKIN(8)        changed from       10.00000 to       10.00000
     CKIN(9)        changed from      -40.00000 to      -40.00000
     CKIN(10)       changed from       40.00000 to       40.00000
     CKIN(11)       changed from      -40.00000 to      -40.00000
     CKIN(12)       changed from       40.00000 to       40.00000
     CKIN(13)       changed from      -40.00000 to      -40.00000
     CKIN(14)       changed from       40.00000 to       40.00000
     CKIN(15)       changed from      -40.00000 to      -40.00000
     CKIN(16)       changed from       40.00000 to       40.00000
     CKIN(17)       changed from       -1.00000 to       -1.00000
     CKIN(18)       changed from        1.00000 to        1.00000
     CKIN(19)       changed from       -1.00000 to       -1.00000
     CKIN(20)       changed from        1.00000 to        1.00000
     CKIN(21)       changed from        0.00000 to        0.00000
     CKIN(22)       changed from        1.00000 to        1.00000
     CKIN(23)       changed from        0.00000 to        0.00000
     CKIN(24)       changed from        1.00000 to        1.00000
     CKIN(25)       changed from       -1.00000 to       -1.00000
     CKIN(26)       changed from        1.00000 to        1.00000
     CKIN(27)       changed from       -1.00000 to       -1.00000
     CKIN(28)       changed from        1.00000 to        1.00000
     CKIN(31)       changed from        2.00000 to        2.00000
     CKIN(32)       changed from       -1.00000 to       -1.00000
     CKIN(35)       changed from        0.00000 to        0.00000
     CKIN(36)       changed from       -1.00000 to       -1.00000
     CKIN(37)       changed from        0.00000 to        0.00000
     CKIN(38)       changed from       -1.00000 to       -1.00000
     CKIN(39)       changed from        4.00000 to        4.00000
     CKIN(40)       changed from       -1.00000 to       -1.00000
     CKIN(65)       changed from        0.00000 to        0.00000
     CKIN(66)       changed from       -1.00000 to       -1.00000
     CKIN(67)       changed from        0.00000 to        0.00000
     CKIN(68)       changed from       -1.00000 to       -1.00000
     CKIN(77)       changed from        2.00000 to        2.00000
     CKIN(78)       changed from       -1.00000 to       -1.00000
 *********************************************
 NOW all parameters are read by PYTHIA
 *********************************************
 SEED =    491779902
 RANLUX LUXURY LEVEL SET BY RLUXGO : 4     P= 389
 RANLUX INITIALIZED BY RLUXGO FROM SEEDS   491779902           0           0
   5328.9753403062132        10.000000000000000       -5328.9753403062132       -10.0000000    
 *********************************************
 proton beam momentum:   250.000000     GeV
 lepton beam momentum:   10.0000000     GeV
 resulting sqrt(s):   100.00457712527508      GeV
 *********************************************
1****************** PYINIT: initialization of PYTHIA routines *****************
 ==== PYTHIA WILL USE LHAPDF ====
 *************************************
 *       LHAPDF Version 5.9.1        *
 *   Configured for the following:   *
 *             All PDFs              *
 *         FULL MEMORY option        *
 *    Maximum  3 concurrent set(s)   *
 *************************************

 >>>>>> PDF description: <<<<<<
 CTEQ6M                                                          
 Reference:                                                      
 J. Pumplin, D.R. Stump, J. Huston, H.L. Lai, P. Nadolsky,       
 W.K. Tung                                                       
 hep-ph/0201195                                                  
 This set has 41 member PDFs.                                    
     mem=0 --> central value (cteq6m)                            
     mem=1-40 --> 20 sets of +ve/-ve error values                
 >>>>>>                   <<<<<<

 ==============================================
 PDFset name /cvmfs/sft.cern.ch/lcg/external/lhapdfsets/5.9.1/share/PDFsets/cteq6mE.LHgrid   
 with         40 members
 ====  initialized. ===========================
 Strong coupling at Mz for PDF is:  0.11798

 ==============================================================================
 I                                                                            I
 I      PYTHIA will be initialized for gamma/e- on p+ user configuration      I
 I                                                                            I
 I                  px (GeV/c)   py (GeV/c)   pz (GeV/c)      E (GeV)         I
 I        gamma/e-       0.000        0.000      -10.000       10.000         I
 I        p+             0.000        0.000      250.000      250.002         I
 I                                                                            I
 I           corresponding to    100.005 GeV center-of-mass energy            I
 I                                                                            I
 ==============================================================================

 ******** PYMAXI: summary of differential cross-section maximum search ********

           ==========================================================
           I                                      I                 I
           I  ISUB  Subprocess name               I  Maximum value  I
           I                                      I                 I
           ==========================================================
           I                                      I                 I
           I   91   Elastic scattering            I    4.5802D-04   I
           I   92   Single diffractive (XB)       I    3.3396D-04   I
           I   93   Single diffractive (AX)       I    2.7193D-04   I
           I   94   Double  diffractive           I    2.7235D-04   I
           I   95   Low-pT scattering             I    1.9842D-03   I
           I   96   Semihard QCD 2 -> 2           I    1.9401D-02   I
           I                                      I                 I
           ==========================================================

 ******** PYMAXI: summary of differential cross-section maximum search ********

           ==========================================================
           I                                      I                 I
           I  ISUB  Subprocess name               I  Maximum value  I
           I                                      I                 I
           ==========================================================
           I                                      I                 I
           I  131   f + gamma*_T -> f + g         I    1.8340D-04   I
           I  132   f + gamma*_L -> f + g         I    9.6222D-06   I
           I  135   g + gamma*_T -> f + fbar      I    5.6762D-04   I
           I  136   g + gamma*_L -> f + fbar      I    9.2431D-05   I
           I                                      I                 I
           ==========================================================

 ******** PYMAXI: summary of differential cross-section maximum search ********

           ==========================================================
           I                                      I                 I
           I  ISUB  Subprocess name               I  Maximum value  I
           I                                      I                 I
           ==========================================================
           I                                      I                 I
           I   91   Elastic scattering            I    1.1937D-04   I
           I   92   Single diffractive (XB)       I    8.8669D-05   I
           I   93   Single diffractive (AX)       I    7.0104D-05   I
           I   94   Double  diffractive           I    7.1830D-05   I
           I   95   Low-pT scattering             I    5.5769D-04   I
           I   96   Semihard QCD 2 -> 2           I    1.4517D-02   I
           I                                      I                 I
           ==========================================================

 ******** PYMAXI: summary of differential cross-section maximum search ********

           ==========================================================
           I                                      I                 I
           I  ISUB  Subprocess name               I  Maximum value  I
           I                                      I                 I
           ==========================================================
           I                                      I                 I
           I   99   q + gamma* -> q               I    2.3955D-03   I
           I                                      I                 I
           ==========================================================

 ********************** PYINIT: initialization completed **********************
 the outputfile will be named: outfiles/ep_10x250_Q2_10_100_norad.out                                                                                                                                                                                                                          



                            Event listing (standard)

    I  particle/jet  K(I,1)   K(I,2) K(I,3)     K(I,4)      K(I,5)       P(I,1)       P(I,2)       P(I,3)       P(I,4)       P(I,5)

    1  !e-!              21        11    0           3           4      0.00000      0.00000    -10.00000     10.00000      0.00051
    2  !p+!              21      2212    0           5           0     -0.00000      0.00000    250.00000    250.00176      0.93827
 ==================================================================================================================================
    3  !e-!              21        11    1           0           0     -4.57779      3.24722     -9.15765     10.74072      0.00051
    4  !gamma!           21        22    1           0           0      4.57779     -3.24722     -0.84235     -0.74072     -5.62685
    5  !p+!              21      2212    2           0           0     -0.00000      0.00000    250.00000    250.00176      0.93827
    6  !gamma!           21        22    4           0           0      4.65463     -3.30173      4.32831      4.43169     -5.62685
    7  !u!               21         2    5           0           0     -0.04707      0.03339    149.95353    149.95354      0.00000
    8  !gamma!           21        22    6           0           0      4.65463     -3.30173      4.32831      4.43169     -5.62685
    9  !u!               21         2    7           0           0     -0.04707      0.03339    149.95353    149.95354      0.00000
   10  !u!               21         2    9           0           0      4.60756     -3.26834    154.28184    154.38523      0.00000
 ==================================================================================================================================
   11  e-                 1        11    3           0           0     -4.57779      3.24722     -9.15765     10.74072      0.00051
   12  (u)           A   12         2   10          14          14      4.56385     -3.45302    161.71976    161.82099      0.00000
   13  (ud_0)        V   11      2101    5          14          14      0.01394      0.20580     87.43789     87.44005      0.57933
 ==================================================================================================================================
   14  (string)          11        92   12          15          17      4.57779     -3.24722    249.15765    249.26104      4.47574
   15  (rho0)            11       113   14          18          19      3.95499     -3.01754    153.40851    153.49134      0.82111
   16  pi+                1       211   14           0           0      0.86934      0.05720     30.71076     30.72344      0.13957
   17  n0                 1      2112   14           0           0     -0.24655     -0.28687     65.03838     65.04627      0.93957
   18  pi+                1       211   15           0           0      0.91041     -0.91695     31.89392     31.92039      0.13957
   19  pi-                1      -211   15           0           0      3.04458     -2.10059    121.51458    121.57095      0.13957
 ==================================================================================================================================
                   sum charge:  0.00   sum momentum and inv. mass:     -0.00000      0.00000    240.00000    260.00176    100.00458



                            Event listing (standard)

    I  particle/jet  K(I,1)   K(I,2) K(I,3)     K(I,4)      K(I,5)       P(I,1)       P(I,2)       P(I,3)       P(I,4)       P(I,5)

    1  !e-!              21        11    0           3           4      0.00000      0.00000    -10.00000     10.00000      0.00051
    2  !p+!              21      2212    0           5           0     -0.00000      0.00000    250.00000    250.00176      0.93827
 ==================================================================================================================================
    3  !e-!              21        11    1           0           0      1.69580     -4.06156     -9.40663     10.38540      0.00051
    4  !gamma!           21        22    1           0           0     -1.69580      4.06156     -0.59337     -0.38540     -4.42443
    5  !p+!              21      2212    2           0           0      0.00000     -0.00000    250.00000    250.00176      0.93827
    6  !gamma!           21        22    4           0           0     -1.71009      4.09578      0.19143      0.40115     -4.42443
    7  !u!               21         2    5           0           0      0.00267     -0.00639     46.52254     46.52254      0.00000
    8  !gamma!           21        22    6           0           0     -1.71009      4.09578      0.19143      0.40115     -4.42443
    9  !u!               21         2    7           0           0      0.00267     -0.00639     46.52254     46.52254      0.00000
   10  !u!               21         2    9           0           0     -1.70743      4.08939     46.71397     46.92370      0.00000
 ==================================================================================================================================
   11  e-                 1        11    3           0           0      1.69580     -4.06156     -9.40663     10.38540      0.00051
   12  (u)           A   12         2   10          14          14     -1.81452      4.17050     49.42378     49.63261      0.00000
   13  (ud_0)        V   11      2101    5          14          14      0.11872     -0.10894    199.98284    199.98375      0.57933
 ==================================================================================================================================
   14  (string)          11        92   12          15          21     -1.69580      4.06156    249.40663    249.61636      9.23516
   15  pi+                1       211   14           0           0      0.04667      0.19076      6.70517      6.70950      0.13957
   16  (rho-)            11      -213   14          22          23     -1.03129      2.26163     33.22309     33.32531      0.78999
   17  pi+                1       211   14           0           0     -0.02363     -0.15323     10.63706     10.63911      0.13957
   18  pi-                1      -211   14           0           0     -0.88181      1.30126     15.17703     15.25885      0.13957
   19  (pi0)             11       111   14          24          25      0.58581      0.75106     89.80517     89.81032      0.13498
   20  (pi0)             11       111   14          26          27     -0.20888     -0.57675     39.70079     39.70576      0.13498
   21  p+                 1      2212   14           0           0     -0.18267      0.28684     54.15832     54.16751      0.93827
   22  pi-                1      -211   16           0           0     -0.94919      1.21700     19.11192     19.17465      0.13957
   23  (pi0)             11       111   16          28          29     -0.08210      1.04463     14.11116     14.15066      0.13498
   24  gamma              1        22   19           0           0      0.37312      0.41044     47.16140     47.16466      0.00000
   25  gamma              1        22   19           0           0      0.21269      0.34063     42.64377     42.64566      0.00000
   26  gamma              1        22   20           0           0     -0.10680     -0.28363     15.36518     15.36817      0.00000
   27  gamma              1        22   20           0           0     -0.10208     -0.29312     24.33562     24.33760      0.00000
   28  gamma              1        22   23           0           0     -0.08805      0.97126     13.47639     13.51163      0.00000
   29  gamma              1        22   23           0           0      0.00596      0.07337      0.63478      0.63903      0.00000
 ==================================================================================================================================
                   sum charge:  0.00   sum momentum and inv. mass:      0.00000     -0.00000    240.00000    260.00176    100.00458



                            Event listing (standard)

    I  particle/jet  K(I,1)   K(I,2) K(I,3)     K(I,4)      K(I,5)       P(I,1)       P(I,2)       P(I,3)       P(I,4)       P(I,5)

    1  !e-!              21        11    0           3           4      0.00000      0.00000    -10.00000     10.00000      0.00051
    2  !p+!              21      2212    0           5           0     -0.00000      0.00000    250.00000    250.00176      0.93827
 ==================================================================================================================================
    3  !e-!              21        11    1           0           0      3.16397     -0.77047     -9.00599      9.57665      0.00051
    4  !gamma!           21        22    1           0           0     -3.16397      0.77047     -0.99401      0.42335     -3.37834
    5  !p+!              21      2212    2           0           0     -0.00000     -0.00000    250.00000    250.00176      0.93827
    6  !gamma!           21        22    4           0           0     -3.16790      0.77143     -0.98525      0.43388     -3.37834
    7  !u!               21         2    5           0           0      0.00006     -0.00002      4.02105      4.02105      0.00000
    8  !gamma!           21        22    6           0           0     -3.16790      0.77143     -0.98525      0.43388     -3.37834
    9  !u!               21         2    7           0           0      0.00006     -0.00002      4.02105      4.02105      0.00000
   10  !u!               21         2    9           0           0     -3.16784      0.77142      3.03580      4.45493      0.00000
 ==================================================================================================================================
   11  e-                 1        11    3           0           0      3.16397     -0.77047     -9.00599      9.57665      0.00051
   12  (ud_0)        A   12      2101    5          17          17     -0.45079     -0.13844    233.37439    233.37559      0.57933
   13  (g)           I   12        21   10          17          17      0.10757      0.20893      4.30126      4.30767      0.00000
   14  (g)           I   12        21   10          17          17     -0.11153      0.46878      6.92097      6.93773      0.00000
   15  (g)           I   12        21   10          17          17     -0.59895      0.75758      3.14158      3.28666      0.00000
   16  (u)           V   11         2   10          17          17     -2.11027     -0.52638      1.26779      2.51746      0.00000
 ==================================================================================================================================
   17  (string)          11        92   12          18          27     -3.16397      0.77047    249.00599    250.42511     26.42256
   18  p+                 1      2212   17           0           0     -0.03978      0.35422     55.27028     55.27939      0.93827
   19  (rho-)            11      -213   17          28          29     -0.49877      0.64491     32.70606     32.72623      0.80911
   20  (pi0)             11       111   17          30          31     -0.10660     -0.83111     77.74415     77.74879      0.13498
   21  pi+                1       211   17           0           0      0.32455     -0.17296     31.72543     31.72787      0.13957
   22  K-                 1      -321   17           0           0     -0.66873      0.63651     37.49326     37.50787      0.49360
   23  (K*+)             11       323   17          32          33     -0.11135      0.04755      4.66809      4.74906      0.86474
   24  pbar-              1     -2212   17           0           0     -0.01330     -0.59223      1.38388      1.77381      0.93827
   25  n0                 1      2112   17           0           0     -0.37519      0.62706      4.39628      4.55457      0.93957
   26  (Kbar0)           11      -311   17          34          34     -1.33162      0.33643      2.15890      2.60671      0.49767
   27  (K*+)             11       323   17          35          36     -0.34318     -0.27990      1.45964      1.75083      0.85949
   28  pi-                1      -211   19           0           0     -0.06271     -0.10147      2.20899      2.21661      0.13957
   29  (pi0)             11       111   19          37          38     -0.43606      0.74637     30.49707     30.50962      0.13498
   30  gamma              1        22   20           0           0     -0.08764     -0.52404     43.33130     43.33456      0.00000
   31  gamma              1        22   20           0           0     -0.01896     -0.30707     34.41286     34.41423      0.00000
   32  (K0)              11       311   23          39          39      0.05877      0.23856      2.46078      2.52259      0.49767
   33  pi+                1       211   23           0           0     -0.17012     -0.19101      2.20731      2.22646      0.13957
   34  K_L0               1       130   26           0           0     -1.33162      0.33643      2.15890      2.60671      0.49767
   35  K+                 1       321   27           0           0     -0.29460     -0.03170      0.54666      0.79390      0.49360
   36  (pi0)             11       111   27          40          41     -0.04858     -0.24819      0.91299      0.95693      0.13498
   37  gamma              1        22   29           0           0     -0.38261      0.71449     27.70007     27.71192      0.00000
   38  gamma              1        22   29           0           0     -0.05345      0.03189      2.79700      2.79769      0.00000
   39  K_L0               1       130   32           0           0      0.05877      0.23856      2.46078      2.52259      0.49767
   40  gamma              1        22   36           0           0     -0.07076     -0.24899      0.87918      0.91649      0.00000
   41  gamma              1        22   36           0           0      0.02218      0.00080      0.03380      0.04044      0.00000
 ==================================================================================================================================
                   sum charge:  0.00   sum momentum and inv. mass:      0.00000     -0.00000    240.00000    260.00176    100.00458



                            Event listing (standard)

    I  particle/jet  K(I,1)   K(I,2) K(I,3)     K(I,4)      K(I,5)       P(I,1)       P(I,2)       P(I,3)       P(I,4)       P(I,5)

    1  !e-!              21        11    0           3           4      0.00000      0.00000    -10.00000     10.00000      0.00051
    2  !p+!              21      2212    0           5           0     -0.00000      0.00000    250.00000    250.00176      0.93827
 ==================================================================================================================================
    3  !e-!              21        11    1           0           0     -1.19153      1.89783     -2.73852      3.53850      0.00051
    4  !gamma!           21        22    1           0           0      1.19153     -1.89783     -7.26148      6.46150     -3.99996
    5  !p+!              21      2212    2           0           0     -0.00000      0.00000    250.00000    250.00176      0.93827
    6  !gamma!           21        22    4           0           0      1.19168     -1.89808     -7.26227      6.46248     -3.99996
    7  !cbar!            21        -4    5           0           0     -0.00000      0.00000      0.58288      0.58288      0.00000
    8  !gamma!           21        22    6           0           0      1.19168     -1.89808     -7.26227      6.46248     -3.99996
    9  !cbar!            21        -4    7           0           0     -0.00000      0.00000      0.58288      0.58288      0.00000
   10  !cbar!            21        -4    9           0           0      1.19168     -1.89808     -6.67939      7.04536      0.00000
 ==================================================================================================================================
   11  (Sigma*_c+)       11      4214    5          16          17     -0.35423      0.32103    244.63619    244.64943      2.50000
   12  e-                 1        11    3           0           0     -1.19153      1.89783     -2.73852      3.53850      0.00051
   13  (u)           A   12         2    5          18          18      0.59615     -0.25600      4.54283      4.60077      0.33000
   14  (g)           I   12        21   10          18          18      0.23197     -0.12084      0.17090      0.31244      0.00000
   15  (cbar)        V   11        -4   10          18          18      0.71764     -1.84203     -6.61140      6.90063      0.00000
 ==================================================================================================================================
   16  (Lambda_c+)       11      4122   11          23          25     -0.33281      0.15984    214.12302    214.13553      2.28490
   17  (pi0)             11       111   11          26          27     -0.02142      0.16119     30.51316     30.51389      0.13498
   18  (string)          11        92   13          19          22      1.54576     -2.21886     -1.89767     11.81384     11.34252
   19  pi+                1       211   18           0           0      0.71602     -0.30277      2.23221      2.36782      0.13957
   20  pi-                1      -211   18           0           0     -0.45010     -0.05883     -0.03713      0.47635      0.13957
   21  pi+                1       211   18           0           0      0.33890     -0.19078      2.12280      2.16264      0.13957
   22  (D*-)             11      -413   18          28          29      0.94094     -1.66649     -6.21554      6.80703      2.01000
   23  pi+                1       211   16           0           0     -0.27593     -0.00464     93.35138     93.35189      0.13957
   24  n0                 1      2112   16           0           0      0.18478     -0.18362     88.54931     88.55468      0.93957
   25  (Kbar0)           11      -311   16          30          30     -0.24166      0.34810     32.22233     32.22896      0.49767
   26  gamma              1        22   17           0           0     -0.06017      0.09232     23.99057     23.99082      0.00000
   27  gamma              1        22   17           0           0      0.03875      0.06888      6.52260      6.52308      0.00000
   28  (Dbar0)           11      -421   22          31          32      0.87792     -1.58877     -5.77452      6.33375      1.86450
   29  pi-                1      -211   22           0           0      0.06302     -0.07772     -0.44102      0.47328      0.13957
   30  (K_S0)            11       310   25          33          34     -0.24166      0.34810     32.22233     32.22896      0.49767
   31  K+                 1       321   28           0           0      0.20232     -0.81705     -1.71909      1.97672      0.49360
   32  (a_1-)            11    -20213   28          35          36      0.67560     -0.77172     -4.05542      4.35702      1.21869
   33  pi-                1      -211   30           0           0     -0.23243      0.00967     17.35328     17.35540      0.13957
   34  pi+                1       211   30           0           0     -0.00923      0.33843     14.86905     14.87356      0.13957
   35  (rho-)            11      -213   32          37          38      0.29944     -0.28140     -1.11950      1.35373      0.64067
   36  (pi0)             11       111   32          39          40      0.37616     -0.49032     -2.93593      3.00330      0.13498
   37  pi-                1      -211   35           0           0      0.33041     -0.07289     -0.23610      0.43555      0.13957
   38  (pi0)             11       111   35          41          42     -0.03097     -0.20851     -0.88340      0.91818      0.13498
   39  gamma              1        22   36           0           0      0.16046     -0.18998     -0.88363      0.91796      0.00000
   40  gamma              1        22   36           0           0      0.21570     -0.30034     -2.05229      2.08534      0.00000
   41  gamma              1        22   38           0           0     -0.00871     -0.21827     -0.84462      0.87241      0.00000
   42  gamma              1        22   38           0           0     -0.02226      0.00976     -0.03878      0.04577      0.00000
 ==================================================================================================================================
                   sum charge:  0.00   sum momentum and inv. mass:      0.00000     -0.00000    240.00000    260.00176    100.00458



                            Event listing (standard)

    I  particle/jet  K(I,1)   K(I,2) K(I,3)     K(I,4)      K(I,5)       P(I,1)       P(I,2)       P(I,3)       P(I,4)       P(I,5)

    1  !e-!              21        11    0           3           4      0.00000      0.00000    -10.00000     10.00000      0.00051
    2  !p+!              21      2212    0           5           0     -0.00000      0.00000    250.00000    250.00176      0.93827
 ==================================================================================================================================
    3  !e-!              21        11    1           0           0      1.47189     -0.72507     -2.08170      2.65060      0.00051
    4  !gamma!           21        22    1           0           0     -1.47189      0.72507     -7.91830      7.34940     -3.37312
    5  !p+!              21      2212    2           0           0     -0.00000      0.00000    250.00000    250.00176      0.93827
    6  !gamma!           21        22    4           0           0     -1.47206      0.72515     -7.91912      7.35033     -3.37312
    7  !ubar!            21        -2    5           0           0      0.00000     -0.00000      0.37257      0.37257      0.00000
    8  !gamma!           21        22    6           0           0     -1.47206      0.72515     -7.91912      7.35033     -3.37312
    9  !ubar!            21        -2    7           0           0      0.00000     -0.00000      0.37257      0.37257      0.00000
   10  !ubar!            21        -2    9           0           0     -1.47206      0.72515     -7.54655      7.72291      0.00000
 ==================================================================================================================================
   11  p+                 1      2212    5           0           0     -0.09318     -0.12852    174.16569    174.16829      0.93827
   12  e-                 1        11    3           0           0      1.47189     -0.72507     -2.08170      2.65060      0.00051
   13  (u)           A   12         2    5          19          19      0.43821      0.26330     74.69322     74.69570      0.33000
   14  (g)           I   12        21   10          19          19      0.15166     -0.11064      0.09667      0.21116      0.00000
   15  (g)           I   12        21   10          19          19     -0.07708     -0.69939     -1.69229      1.83274      0.00000
   16  (g)           I   12        21   10          19          19     -0.87491     -0.69742     -0.84880      1.40439      0.00000
   17  (g)           I   12        21   10          19          19     -0.15304      0.41325     -1.93183      1.98146      0.00000
   18  (ubar)        V   11        -2   10          19          19     -0.86355      1.68449     -2.40095      3.05742      0.00000
 ==================================================================================================================================
   19  (string)          11        92   13          20          29     -1.37871      0.85359     67.91601     83.18287     48.00183
   20  (pi0)             11       111   19          30          31     -0.00345      0.10638      7.94679      7.94865      0.13498
   21  (eta')            11       331   19          32          33      1.00136      0.16887     30.07259     30.10498      0.95816
   22  pi+                1       211   19           0           0     -0.69279     -0.07074     24.26064     24.27103      0.13957
   23  (omega)           11       223   19          34          36      0.37729      0.11061     11.10642     11.13881      0.75232
   24  (rho-)            11      -213   19          37          38      0.10814     -0.22282     -0.39695      0.90558      0.77535
   25  (K*+)             11       323   19          39          40     -0.15923     -0.23877      0.86578      1.25678      0.86461
   26  (Kbar0)           11      -311   19          41          41     -0.65456     -0.46411     -0.58086      1.10857      0.49767
   27  pi-                1      -211   19           0           0     -0.08819     -0.66301     -0.46266      0.82516      0.13957
   28  pi+                1       211   19           0           0     -0.44965      1.26877     -2.11553      2.51136      0.13957
   29  (rho-)            11      -213   19          42          43     -0.81763      0.85840     -2.78021      3.11195      0.74114
   30  gamma              1        22   20           0           0     -0.00991      0.13151      4.98245      4.98420      0.00000
   31  gamma              1        22   20           0           0      0.00646     -0.02514      2.96433      2.96445      0.00000
   32  gamma              1        22   21           0           0      0.04813      0.11549      0.97385      0.98185      0.00000
   33  (rho0)            11       113   21          44          45      0.95323      0.05338     29.09875     29.12313      0.71302
   34  pi+                1       211   23           0           0      0.30327      0.13857      6.46461      6.47471      0.13957
   35  pi-                1      -211   23           0           0      0.01738      0.16081      1.92754      1.93934      0.13957
   36  (pi0)             11       111   23          46          47      0.05665     -0.18877      2.71427      2.72476      0.13498
   37  pi-                1      -211   24           0           0      0.26877     -0.11079     -0.53931      0.62837      0.13957
   38  (pi0)             11       111   24          48          49     -0.16064     -0.11203      0.14237      0.27721      0.13498
   39  (K0)              11       311   25          50          50      0.02899      0.08599      0.54570      0.74411      0.49767
   40  pi+                1       211   25           0           0     -0.18822     -0.32477      0.32008      0.51267      0.13957
   41  K_L0               1       130   26           0           0     -0.65456     -0.46411     -0.58086      1.10857      0.49767
   42  pi-                1      -211   29           0           0     -0.71795      0.95461     -2.33322      2.62490      0.13957
   43  (pi0)             11       111   29          51          52     -0.09968     -0.09621     -0.44699      0.48705      0.13498
   44  pi+                1       211   33           0           0      0.36463      0.24110     18.35429     18.36003      0.13957
   45  pi-                1      -211   33           0           0      0.58860     -0.18772     10.74446     10.76311      0.13957
   46  gamma              1        22   36           0           0      0.01996     -0.17513      2.54186      2.54796      0.00000
   47  gamma              1        22   36           0           0      0.03669     -0.01365      0.17241      0.17680      0.00000
   48  gamma              1        22   38           0           0     -0.00772      0.02887      0.01945      0.03566      0.00000
   49  gamma              1        22   38           0           0     -0.15292     -0.14090      0.12292      0.24155      0.00000
   50  (K_S0)            11       310   39          53          54      0.02899      0.08599      0.54570      0.74411      0.49767
   51  gamma              1        22   43           0           0     -0.11412     -0.02643     -0.32873      0.34897      0.00000
   52  gamma              1        22   43           0           0      0.01443     -0.06978     -0.11827      0.13808      0.00000
   53  (pi0)             11       111   50          55          56     -0.00327     -0.14873      0.36612      0.41761      0.13498
   54  (pi0)             11       111   50          57          58      0.03226      0.23472      0.17958      0.32651      0.13498
   55  gamma              1        22   53           0           0     -0.01678     -0.16830      0.35045      0.38913      0.00000
   56  gamma              1        22   53           0           0      0.01351      0.01957      0.01567      0.02848      0.00000
   57  gamma              1        22   54           0           0     -0.00967      0.15337      0.17774      0.23496      0.00000
   58  gamma              1        22   54           0           0      0.04193      0.08136      0.00184      0.09155      0.00000
 ==================================================================================================================================
                   sum charge:  0.00   sum momentum and inv. mass:      0.00000      0.00000    240.00000    260.00176    100.00458



                            Event listing (standard)

    I  particle/jet  K(I,1)   K(I,2) K(I,3)     K(I,4)      K(I,5)       P(I,1)       P(I,2)       P(I,3)       P(I,4)       P(I,5)

    1  !e-!              21        11    0           3           4      0.00000      0.00000    -10.00000     10.00000      0.00051
    2  !p+!              21      2212    0           5           0     -0.00000      0.00000    250.00000    250.00176      0.93827
 ==================================================================================================================================
    3  !e-!              21        11    1           0           0      1.12026     -2.99728     -9.61427     10.13276      0.00051
    4  !gamma!           21        22    1           0           0     -1.12026      2.99728     -0.38573     -0.13276     -3.22022
    5  !p+!              21      2212    2           0           0      0.00000     -0.00000    250.00000    250.00176      0.93827
    6  !gamma!           21        22    4           0           0     -1.12804      3.01811     -0.10457      0.15016     -3.22022
    7  !u!               21         2    5           0           0      0.00063     -0.00170     20.33156     20.33156      0.00000
    8  !gamma!           21        22    6           0           0     -1.12804      3.01811     -0.10457      0.15016     -3.22022
    9  !u!               21         2    7           0           0      0.00063     -0.00170     20.33156     20.33156      0.00000
   10  !u!               21         2    9           0           0     -1.12741      3.01641     20.22699     20.48172      0.00000
 ==================================================================================================================================
   11  e-                 1        11    3           0           0      1.12026     -2.99728     -9.61427     10.13276      0.00051
   12  (u)           A   12         2   10          14          14     -1.11723      2.95768     19.55031     19.80431      0.00000
   13  (ud_0)        V   11      2101    5          14          14     -0.00303      0.03960    230.06396    230.06469      0.57933
 ==================================================================================================================================
   14  (string)          11        92   12          15          19     -1.12026      2.99728    249.61427    249.86900     10.81647
   15  (omega)           11       223   14          20          22     -0.23705      1.17715     10.66728     10.76304      0.78123
   16  pi+                1       211   14           0           0     -0.42707      0.91997      4.98807      5.09206      0.13957
   17  (rho0)            11       113   14          23          24      0.01996      0.94998     23.72051     23.76344      1.06570
   18  (rho-)            11      -213   14          25          26     -0.39600     -0.52345     67.16442     67.17258      0.81642
   19  p+                 1      2212   14           0           0     -0.08010      0.47363    143.07399    143.07788      0.93827
   20  pi-                1      -211   15           0           0     -0.21937      0.67261      7.66886      7.70268      0.13957
   21  pi+                1       211   15           0           0     -0.10178      0.18671      1.10877      1.13757      0.13957
   22  (pi0)             11       111   15          27          28      0.08410      0.31782      1.88966      1.92279      0.13498
   23  pi-                1      -211   17           0           0     -0.08011      0.26151      1.47520      1.50682      0.13957
   24  pi+                1       211   17           0           0      0.10006      0.68846     22.24531     22.25662      0.13957
   25  pi-                1      -211   18           0           0     -0.43308     -0.40115     63.90109     63.90397      0.13957
   26  (pi0)             11       111   18          29          30      0.03708     -0.12230      3.26333      3.26862      0.13498
   27  gamma              1        22   22           0           0      0.02484      0.03915      0.61183      0.61359      0.00000
   28  gamma              1        22   22           0           0      0.05926      0.27866      1.27783      1.30920      0.00000
   29  gamma              1        22   26           0           0      0.05865     -0.02951      0.59910      0.60269      0.00000
   30  gamma              1        22   26           0           0     -0.02157     -0.09279      2.66422      2.66593      0.00000
 ==================================================================================================================================
                   sum charge:  0.00   sum momentum and inv. mass:      0.00000     -0.00000    240.00000    260.00176    100.00458



                            Event listing (standard)

    I  particle/jet  K(I,1)   K(I,2) K(I,3)     K(I,4)      K(I,5)       P(I,1)       P(I,2)       P(I,3)       P(I,4)       P(I,5)

    1  !e-!              21        11    0           3           4      0.00000      0.00000    -10.00000     10.00000      0.00051
    2  !p+!              21      2212    0           5           0     -0.00000      0.00000    250.00000    250.00176      0.93827
 ==================================================================================================================================
    3  !e-!              21        11    1           0           0     -1.38146      2.75810     -8.72927      9.25827      0.00051
    4  !gamma!           21        22    1           0           0      1.38146     -2.75810     -1.27073      0.74173     -3.25271
    5  !p+!              21      2212    2           0           0     -0.00000      0.00000    250.00000    250.00176      0.93827
    6  !J/psi_di!        21   9900440    4           0           0      1.35988     -2.94503     31.81089     33.81435     10.99796
    7  !p_diffr+!        21   9902210    5           0           0      0.02157      0.18693    216.91838    216.92914      2.15275
 ==================================================================================================================================
    8  (cbar)        A   12        -4    6          14          14      1.33218     -2.91630      2.20470      4.17015      1.50000
    9  (c)           V   11         4    6          14          14      0.02770     -0.02873     29.60619     29.64419      1.50000
   10  (ud_0)        A   12      2101    7          20          20      0.01445      0.19541    210.30789    210.30878      0.57933
   11  (g)           I   12        21    7          20          20      0.00111     -0.00243      0.00136      0.00299      0.00000
   12  (u)           V   11         2    7          20          20      0.00602     -0.00605      6.60913      6.61737      0.33000
   13  e-                 1        11    3           0           0     -1.38146      2.75810     -8.72927      9.25827      0.00051
 ==================================================================================================================================
   14  (string)          11        92    8          15          19      1.35988     -2.94503     31.81089     33.81435     10.99796
   15  (D*-)             11      -413   14          23          24      1.06426     -2.21250      2.86418      4.27451      2.01000
   16  (rho+)            11       213   14          25          26     -0.12801     -0.04130      0.93826      1.24790      0.81168
   17  pi-                1      -211   14           0           0      0.38457     -0.41716      1.25943      1.38836      0.13957
   18  (omega)           11       223   14          27          29     -0.04482     -0.16900      5.72761      5.78587      0.80007
   19  (D*+)             11       413   14          30          31      0.08388     -0.10507     21.02141     21.11771      2.01000
   20  (string)          11        92   10          21          22      0.02157      0.18693    216.91838    216.92914      2.15275
   21  n0                 1      2112   20           0           0      0.16076      0.41908    170.78187    170.78504      0.93957
   22  (rho+)            11       213   20          32          33     -0.13918     -0.23214     46.13651     46.14410      0.79188
   23  (Dbar0)           11      -421   15          34          35      0.96101     -2.01054      2.59116      3.89311      1.86450
   24  pi-                1      -211   15           0           0      0.10325     -0.20197      0.27302      0.38140      0.13957
   25  pi+                1       211   16           0           0      0.04347      0.25926      0.07326      0.30652      0.13957
   26  (pi0)             11       111   16          36          37     -0.17148     -0.30057      0.86500      0.94138      0.13498
   27  pi-                1      -211   18           0           0      0.02897     -0.09623      3.48210      3.48635      0.13957
   28  pi+                1       211   18           0           0     -0.16623      0.09899      0.80490      0.83951      0.13957
   29  (pi0)             11       111   18          38          39      0.09244     -0.17176      1.44062      1.46002      0.13498
   30  (D0)              11       421   19          40          43      0.09519     -0.09746     19.13845     19.22954      1.86450
   31  pi+                1       211   19           0           0     -0.01131     -0.00761      1.88296      1.88817      0.13957
   32  pi+                1       211   22           0           0     -0.24420     -0.25706     43.61870     43.62036      0.13957
   33  (pi0)             11       111   22          44          45      0.10502      0.02492      2.51781      2.52373      0.13498
   34  K+                 1       321   23           0           0     -0.14879     -0.33769      0.48156      0.78212      0.49360
   35  (a_1-)            11    -20213   23          46          47      1.10980     -1.67284      2.10961      3.11099      1.09441
   36  gamma              1        22   26           0           0     -0.16445     -0.17266      0.48658      0.54187      0.00000
   37  gamma              1        22   26           0           0     -0.00703     -0.12791      0.37842      0.39951      0.00000
   38  gamma              1        22   29           0           0      0.01116      0.01944      0.06411      0.06792      0.00000
   39  gamma              1        22   29           0           0      0.08128     -0.19121      1.37651      1.39210      0.00000
   40  (Kbar0)           11      -311   30          48          48     -0.21604      0.29002     12.35442     12.36972      0.49767
   41  pi+                1       211   30           0           0     -0.03491     -0.49075      3.74053      3.77533      0.13957
   42  pi-                1      -211   30           0           0      0.19686      0.02465      0.97463      1.00436      0.13957
   43  (pi0)             11       111   30          49          50      0.14928      0.07862      2.06887      2.08012      0.13498
   44  gamma              1        22   33           0           0      0.12879     -0.00397      2.19218      2.19596      0.00000
   45  gamma              1        22   33           0           0     -0.02376      0.02889      0.32563      0.32777      0.00000
   46  (rho0)            11       113   35          51          52      0.62825     -0.84448      1.33256      1.86947      0.78190
   47  pi-                1      -211   35           0           0      0.48154     -0.82837      0.77705      1.24151      0.13957
   48  K_L0               1       130   40           0           0     -0.21604      0.29002     12.35442     12.36972      0.49767
   49  gamma              1        22   43           0           0     -0.00367     -0.01108      0.01710      0.02070      0.00000
   50  gamma              1        22   43           0           0      0.15295      0.08970      2.05177      2.05942      0.00000
   51  pi-                1      -211   46           0           0      0.75674     -0.53342      1.06103      1.41508      0.13957
   52  pi+                1       211   46           0           0     -0.12848     -0.31106      0.27153      0.45439      0.13957
 ==================================================================================================================================
                   sum charge:  0.00   sum momentum and inv. mass:      0.00000      0.00000    240.00000    260.00176    100.00458



                            Event listing (standard)

    I  particle/jet  K(I,1)   K(I,2) K(I,3)     K(I,4)      K(I,5)       P(I,1)       P(I,2)       P(I,3)       P(I,4)       P(I,5)

    1  !e-!              21        11    0           3           4      0.00000      0.00000    -10.00000     10.00000      0.00051
    2  !p+!              21      2212    0           5           0     -0.00000      0.00000    250.00000    250.00176      0.93827
 ==================================================================================================================================
    3  !e-!              21        11    1           0           0     -0.63008     -3.52316     -9.62050     10.26468      0.00051
    4  !gamma!           21        22    1           0           0      0.63008      3.52316     -0.37950     -0.26468     -3.58937
    5  !p+!              21      2212    2           0           0     -0.00000     -0.00000    250.00000    250.00176      0.93827
    6  !gamma!           21        22    4           0           0      0.63964      3.57663      1.30503      1.42161     -3.58937
    7  !u!               21         2    5           0           0     -0.00211     -0.01182     54.88448     54.88448      0.00000
    8  !gamma!           21        22    6           0           0      0.63964      3.57663      1.30503      1.42161     -3.58937
    9  !u!               21         2    7           0           0     -0.00211     -0.01182     54.88448     54.88448      0.00000
   10  !u!               21         2    9           0           0      0.63753      3.56481     56.18951     56.30609      0.00000
 ==================================================================================================================================
   11  e-                 1        11    3           0           0     -0.63008     -3.52316     -9.62050     10.26468      0.00051
   12  (u)           A   12         2   10          14          14      0.67325      3.45245     53.40702     53.52272      0.00000
   13  (ud_0)        V   11      2101    5          14          14     -0.04317      0.07071    196.21348    196.21436      0.57933
 ==================================================================================================================================
   14  (string)          11        92   12          15          20      0.63008      3.52316    249.62050    249.73708      6.73840
   15  (rho+)            11       213   14          21          22      0.15680      1.47897     32.17599     32.21998      0.78816
   16  (rho-)            11      -213   14          23          24      0.23127      0.92133     29.89033     29.91302      0.67435
   17  (pi0)             11       111   14          25          26     -0.00153     -0.47426     28.05047     28.05480      0.13498
   18  (eta')            11       331   14          27          29      0.54474      1.19961     51.80668     51.83228      0.95770
   19  (pi0)             11       111   14          30          31      0.33179     -0.14938      6.17749      6.18966      0.13498
   20  p+                 1      2212   14           0           0     -0.63299      0.54689    101.51955    101.52733      0.93827
   21  pi+                1       211   15           0           0     -0.07770      0.80206     10.52432     10.55605      0.13957
   22  (pi0)             11       111   15          32          33      0.23450      0.67691     21.65167     21.66394      0.13498
   23  pi-                1      -211   16           0           0      0.40203      0.37485     16.59071     16.60040      0.13957
   24  (pi0)             11       111   16          34          35     -0.17077      0.54648     13.29962     13.31262      0.13498
   25  gamma              1        22   17           0           0     -0.03826     -0.14189     11.63579     11.63672      0.00000
   26  gamma              1        22   17           0           0      0.03674     -0.33237     16.41467     16.41808      0.00000
   27  pi+                1       211   18           0           0      0.11674      0.07059      5.62076      5.62414      0.13957
   28  pi-                1      -211   18           0           0      0.03269      0.03634      4.98636      4.98855      0.13957
   29  (eta)             11       221   18          36          38      0.39531      1.09268     41.19957     41.21959      0.54745
   30  gamma              1        22   19           0           0      0.18308     -0.07648      4.40254      4.40701      0.00000
   31  gamma              1        22   19           0           0      0.14871     -0.07290      1.77494      1.78265      0.00000
   32  gamma              1        22   22           0           0      0.17199      0.54934     18.69134     18.70020      0.00000
   33  gamma              1        22   22           0           0      0.06251      0.12757      2.96033      2.96374      0.00000
   34  gamma              1        22   24           0           0     -0.10027      0.19123      6.21662      6.22037      0.00000
   35  gamma              1        22   24           0           0     -0.07050      0.35525      7.08300      7.09226      0.00000
   36  (pi0)             11       111   29          39          40      0.08039      0.18496      7.31922      7.32324      0.13498
   37  (pi0)             11       111   29          41          42      0.19734      0.24682     13.97320     13.97742      0.13498
   38  (pi0)             11       111   29          43          44      0.11758      0.66089     19.90715     19.91892      0.13498
   39  gamma              1        22   36           0           0      0.06264      0.06172      4.92627      4.92706      0.00000
   40  gamma              1        22   36           0           0      0.01774      0.12324      2.39294      2.39618      0.00000
   41  gamma              1        22   37           0           0      0.06544      0.18343      8.80219      8.80434      0.00000
   42  gamma              1        22   37           0           0      0.13191      0.06339      5.17101      5.17308      0.00000
   43  gamma              1        22   38           0           0      0.09266      0.58207     18.46508     18.47448      0.00000
   44  gamma              1        22   38           0           0      0.02492      0.07882      1.44207      1.44444      0.00000
 ==================================================================================================================================
                   sum charge:  0.00   sum momentum and inv. mass:     -0.00000     -0.00000    240.00000    260.00176    100.00458



                            Event listing (standard)

    I  particle/jet  K(I,1)   K(I,2) K(I,3)     K(I,4)      K(I,5)       P(I,1)       P(I,2)       P(I,3)       P(I,4)       P(I,5)

    1  !e-!              21        11    0           3           4      0.00000      0.00000    -10.00000     10.00000      0.00051
    2  !p+!              21      2212    0           5           0     -0.00000      0.00000    250.00000    250.00176      0.93827
 ==================================================================================================================================
    3  !e-!              21        11    1           0           0     -3.09410      1.08748     -6.70876      7.46750      0.00051
    4  !gamma!           21        22    1           0           0      3.09410     -1.08748     -3.29124      2.53250     -3.89548
    5  !p+!              21      2212    2           0           0     -0.00000      0.00000    250.00000    250.00176      0.93827
    6  !gamma!           21        22    4           0           0      3.09504     -1.08781     -3.29145      2.53406     -3.89548
    7  !s!               21         3    5           0           0     -0.00000      0.00000      1.30244      1.30244      0.00000
    8  !gamma!           21        22    6           0           0      3.09504     -1.08781     -3.29145      2.53406     -3.89548
    9  !s!               21         3    7           0           0     -0.00000      0.00000      1.30244      1.30244      0.00000
   10  !s!               21         3    9           0           0      3.09503     -1.08781     -1.98901      3.83650      0.00000
 ==================================================================================================================================
   11  (K*+)             11       323    5          18          19     -0.71348     -0.70260    120.40533    120.41307      0.92754
   12  e-                 1        11    3           0           0     -3.09410      1.08748     -6.70876      7.46750      0.00051
   13  (ud_0)        A   12      2101    5          20          20     -0.05647     -0.21591    126.74978    126.75130      0.57933
   14  (g)           I   12        21   10          20          20      0.15369      0.02327      0.37178      0.40297      0.00000
   15  (g)           I   12        21   10          20          20     -0.14065     -0.64599      0.07704      0.66560      0.00000
   16  (g)           I   12        21   10          20          20      1.01053     -0.41164      0.24887      1.11918      0.00000
   17  (s)           V   11         3   10          20          20      2.84048      0.86539     -1.14404      3.18215      0.00000
 ==================================================================================================================================
   18  (K0)              11       311   11          30          30     -0.29296     -0.18188     76.68901     76.69140      0.49767
   19  pi+                1       211   11           0           0     -0.42052     -0.52072     43.71632     43.72167      0.13957
   20  (string)          11        92   13          21          29      3.80758     -0.38488    126.30343    132.12120     38.58508
   21  n0                 1      2112   20           0           0      0.02888     -0.66849    102.17259    102.17910      0.93957
   22  (rho+)            11       213   20          31          32     -0.38278      0.24743     18.43000     18.45053      0.74140
   23  (K*-)             11      -323   20          33          34      0.40936     -0.22249      2.31321      2.51897      0.88157
   24  (phi)             11       333   20          35          36      0.14809     -0.48666      1.70176      2.04552      1.01460
   25  (K*+)             11       323   20          37          38      0.44910      0.73037      1.65061      2.06388      0.89440
   26  (omega)           11       223   20          39          41      0.55997     -0.43210      0.55818      1.19405      0.78353
   27  pi-                1      -211   20           0           0     -0.08285     -0.46621     -0.14056      0.51328      0.13957
   28  (eta)             11       221   20          42          43      0.45324      0.13383     -0.07088      0.72668      0.54745
   29  (Kbar0)           11      -311   20          44          44      2.22457      0.77944     -0.31149      2.42919      0.49767
   30  (K_S0)            11       310   18          45          46     -0.29296     -0.18188     76.68901     76.69140      0.49767
   31  pi+                1       211   22           0           0     -0.52013      0.01661     13.99124     14.00161      0.13957
   32  (pi0)             11       111   22          47          48      0.13734      0.23082      4.43876      4.44892      0.13498
   33  (Kbar0)           11      -311   23          49          49      0.12944     -0.15314      2.00073      2.07143      0.49767
   34  pi-                1      -211   23           0           0      0.27992     -0.06935      0.31248      0.44754      0.13957
   35  K_L0               1       130   24           0           0      0.01960     -0.19402      0.68005      0.86497      0.49767
   36  (K_S0)            11       310   24          50          51      0.12849     -0.29264      1.02171      1.18056      0.49767
   37  (K0)              11       311   25          52          52      0.07305      0.55460      1.31079      1.50956      0.49767
   38  pi+                1       211   25           0           0      0.37605      0.17577      0.33982      0.55432      0.13957
   39  pi-                1      -211   26           0           0      0.12223      0.11574      0.18858      0.28875      0.13957
   40  pi+                1       211   26           0           0      0.42924     -0.43281      0.19195      0.65414      0.13957
   41  (pi0)             11       111   26          53          54      0.00850     -0.11503      0.17765      0.25116      0.13498
   42  gamma              1        22   28           0           0      0.48168     -0.06344      0.05806      0.48930      0.00000
   43  gamma              1        22   28           0           0     -0.02844      0.19727     -0.12894      0.23738      0.00000
   44  K_L0               1       130   29           0           0      2.22457      0.77944     -0.31149      2.42919      0.49767
   45  pi-                1      -211   30           0           0     -0.06079     -0.27486     35.25229     35.25369      0.13957
   46  pi+                1       211   30           0           0     -0.23217      0.09298     41.43672     41.43771      0.13957
   47  gamma              1        22   32           0           0      0.16119      0.22178      4.14757      4.15663      0.00000
   48  gamma              1        22   32           0           0     -0.02385      0.00905      0.29118      0.29230      0.00000
   49  K_L0               1       130   33           0           0      0.12944     -0.15314      2.00073      2.07143      0.49767
   50  pi+                1       211   36           0           0      0.00854     -0.26335      0.92240      0.96940      0.13957
   51  pi-                1      -211   36           0           0      0.11995     -0.02929      0.09931      0.21116      0.13957
   52  K_L0               1       130   37           0           0      0.07305      0.55460      1.31079      1.50956      0.49767
   53  gamma              1        22   41           0           0      0.03301     -0.03895     -0.00549      0.05134      0.00000
   54  gamma              1        22   41           0           0     -0.02451     -0.07608      0.18313      0.19982      0.00000
 ==================================================================================================================================
                   sum charge:  0.00   sum momentum and inv. mass:     -0.00000      0.00000    240.00000    260.00176    100.00458



                            Event listing (standard)

    I  particle/jet  K(I,1)   K(I,2) K(I,3)     K(I,4)      K(I,5)       P(I,1)       P(I,2)       P(I,3)       P(I,4)       P(I,5)

    1  !e-!              21        11    0           3           4      0.00000      0.00000    -10.00000     10.00000      0.00051
    2  !p+!              21      2212    0           5           0     -0.00000      0.00000    250.00000    250.00176      0.93827
 ==================================================================================================================================
    3  !e-!              21        11    1           0           0     -4.50875      0.14762     -8.97415     10.04420      0.00051
    4  !gamma!           21        22    1           0           0      4.50875     -0.14762     -1.02585     -0.04420     -4.62612
    5  !p+!              21      2212    2           0           0     -0.00000      0.00000    250.00000    250.00176      0.93827
    6  !gamma!           21        22    4           0           0      4.51683     -0.14789     -0.98863     -0.00522     -4.62612
    7  !ubar!            21        -2    5           0           0     -0.00035      0.00001     10.87945     10.87945      0.00000
    8  !gamma!           21        22    6           0           0      4.51683     -0.14789     -0.98863     -0.00522     -4.62612
    9  !ubar!            21        -2    7           0           0     -0.00035      0.00001     10.87945     10.87945      0.00000
   10  !ubar!            21        -2    9           0           0      4.51648     -0.14788      9.89083     10.87423      0.00000
 ==================================================================================================================================
   11  (Delta+)          11      2214    5          17          18     -0.11141     -0.08633    169.32741    169.33203      1.24403
   12  e-                 1        11    3           0           0     -4.50875      0.14762     -8.97415     10.04420      0.00051
   13  (u)           A   12         2    5          19          19     -0.09487      0.12907     47.93510     47.93650      0.33000
   14  (sbar)        V   11        -3   10          19          19      1.45365     -1.23317     12.31942     12.47606      0.50000
   15  (ubar)        A   12        -2   10          24          24      3.87516      2.04961     13.97757     14.64890      0.00000
   16  (s)           V   11         3   10          24          24     -0.61377     -1.00679      5.41466      5.56407      0.50000
 ==================================================================================================================================
   17  n0                 1      2112   11           0           0     -0.20440     -0.04016    105.44576    105.45015      0.93957
   18  pi+                1       211   11           0           0      0.09298     -0.04618     63.88165     63.88189      0.13957
   19  (string)          11        92   13          20          23      1.35877     -1.10410     60.25452     60.41256      4.00057
   20  (rho+)            11       213   19          30          31      0.29408      0.09751     17.34650     17.36508      0.74083
   21  (pi0)             11       111   19          32          33     -0.39280     -0.19117     24.17598     24.18030      0.13498
   22  pi-                1      -211   19           0           0      0.40352     -0.51194      9.17397      9.19816      0.13957
   23  (K*+)             11       323   19          34          35      1.05397     -0.49850      9.55807      9.66901      0.87970
   24  (string)          11        92   15          25          29      3.26139      1.04281     19.39223     20.21297      4.55867
   25  pi-                1      -211   24           0           0      0.68759      0.38049      2.68126      2.79753      0.13957
   26  (eta)             11       221   24          36          37      0.19543      0.25870      1.36041      1.50185      0.54745
   27  (rho+)            11       213   24          38          39      1.19545      0.10325      4.70541      4.95034      0.96186
   28  (rho0)            11       113   24          40          41      0.25531     -0.49632      6.34617      6.41196      0.72659
   29  (K*-)             11      -323   24          42          43      0.92761      0.79670      4.29898      4.55129      0.85898
   30  pi+                1       211   20           0           0      0.46009     -0.06211      7.93774      7.95253      0.13957
   31  (pi0)             11       111   20          44          45     -0.16601      0.15963      9.40876      9.41255      0.13498
   32  gamma              1        22   21           0           0     -0.05234     -0.08394      6.05626      6.05707      0.00000
   33  gamma              1        22   21           0           0     -0.34046     -0.10723     18.11972     18.12323      0.00000
   34  (K0)              11       311   23          46          46      0.62178     -0.27917      3.99687      4.08499      0.49767
   35  pi+                1       211   23           0           0      0.43219     -0.21933      5.56120      5.58402      0.13957
   36  gamma              1        22   26           0           0      0.16274      0.41260      0.74863      0.87016      0.00000
   37  gamma              1        22   26           0           0      0.03269     -0.15390      0.61178      0.63169      0.00000
   38  pi+                1       211   27           0           0      0.15691      0.00847      2.48112      2.49000      0.13957
   39  (pi0)             11       111   27          47          48      1.03853      0.09478      2.22430      2.46033      0.13498
   40  pi-                1      -211   28           0           0      0.40530     -0.55428      5.06159      5.10986      0.13957
   41  pi+                1       211   28           0           0     -0.14999      0.05796      1.28458      1.30211      0.13957
   42  (Kbar0)           11      -311   29          49          49      0.43693      0.16705      1.88509      2.00501      0.49767
   43  pi-                1      -211   29           0           0      0.49068      0.62965      2.41389      2.54628      0.13957
   44  gamma              1        22   31           0           0     -0.12150      0.17014      6.34202      6.34547      0.00000
   45  gamma              1        22   31           0           0     -0.04452     -0.01051      3.06674      3.06709      0.00000
   46  (K_S0)            11       310   34          50          51      0.62178     -0.27917      3.99687      4.08499      0.49767
   47  gamma              1        22   39           0           0      0.59554      0.01018      1.38215      1.50503      0.00000
   48  gamma              1        22   39           0           0      0.44300      0.08460      0.84214      0.95531      0.00000
   49  K_L0               1       130   42           0           0      0.43693      0.16705      1.88509      2.00501      0.49767
   50  pi-                1      -211   46           0           0      0.28428      0.00071      2.47239      2.49259      0.13957
   51  pi+                1       211   46           0           0      0.33749     -0.27987      1.52448      1.59240      0.13957
 ==================================================================================================================================
                   sum charge:  0.00   sum momentum and inv. mass:     -0.00000      0.00000    240.00000    260.00176    100.00458

 Advisory warning: maximum violated by  1.034D+00 in event     314
 XSEC(96,1) increased to  1.501D-02

 Advisory warning: maximum violated by  2.071D+00 in event     388
 XSEC(96,1) increased to  3.110D-02

 Advisory warning: maximum violated by  1.418D+00 in event     669
 XSEC(96,1) increased to  4.409D-02

 Advisory warning: maximum violated by  1.579D+00 in event     764
 XSEC(96,1) increased to  6.961D-02

 Advisory warning: maximum violated by  1.349D+00 in event    5830
 XSEC(96,1) increased to  9.390D-02

 Advisory warning: maximum violated by  1.193D+00 in event    6302
 XSEC(96,1) increased to  1.120D-01
1********* PYSTAT:  Statistics on Number of Events and Cross-sections *********

 ==============================================================================
 I                                  I                            I            I
 I            Subprocess            I      Number of points      I    Sigma   I
 I                                  I                            I            I
 I----------------------------------I----------------------------I    (mb)    I
 I                                  I                            I            I
 I N:o Type                         I    Generated         Tried I            I
 I                                  I                            I            I
 ==============================================================================
 I                                  I                            I            I
 I   0 All included subprocesses    I       500000      69358808 I  5.978D-05 I
 I  11 f + f' -> f + f' (QCD)       I         2385             0 I  3.993D-07 I
 I  12 f + fbar -> f' + fbar'       I           43             0 I  8.447D-09 I
 I  13 f + fbar -> g + g            I           53             0 I  9.332D-09 I
 I  28 f + g -> f + g               I         6179             0 I  9.958D-07 I
 I  53 g + g -> f + fbar            I           87             0 I  1.245D-08 I
 I  68 g + g -> g + g               I         2877             0 I  4.161D-07 I
 I  91 Elastic scattering           I         7032       4925424 I  8.140D-07 I
 I  92 Single diffractive (XB)      I         3315       3605330 I  3.920D-07 I
 I  93 Single diffractive (AX)      I         2396       2917225 I  2.795D-07 I
 I  94 Double  diffractive          I         2186       3317184 I  2.197D-07 I
 I  95 Low-pT scattering            I        12572         54321 I  1.432D-06 I
 I  99 q + gamma* -> q              I       451401      20128257 I  5.369D-05 I
 I 131 f + gamma*_T -> f + g        I         3472       1540786 I  4.149D-07 I
 I 132 f + gamma*_L -> f + g        I          207         81370 I  2.650D-08 I
 I 135 g + gamma*_T -> f + fbar     I         4368       4771739 I  5.049D-07 I
 I 136 g + gamma*_L -> f + fbar     I         1427        776573 I  1.598D-07 I
 I                                  I                            I            I
 ==============================================================================
 I                                  I                            I            I
 I   1 VMD * hadron                 I        13368      30234303 I  1.904D-06 I
 I   2 direct * hadron              I         9474       7170468 I  1.106D-06 I
 I   3 anomalous * hadron           I        25757      11825780 I  3.074D-06 I
 I   4 DIS * hadron                 I       451401      20128257 I  5.369D-05 I
 I                                  I                            I            I
 ==============================================================================

 ********* Total number of errors, excluding junctions =        0 *************
 ********* Total number of errors, including junctions =        0 *************
 ********* Total number of warnings =                           0 *************
 ********* Fraction of events that fail fragmentation cuts =  0.00660 *********

1************ PYSTAT: User-Defined Limits on Kinematical Variables ************

 ==============================================================================
 I                                                                            I
 I                 0.000D+00 <  m_hard (GeV/c^2)  <  3.683D+01                I
 I    0.000D+00 ( 1.000D+00) <  p_T_hard (GeV/c)  <  1.841D+01                I
 I                             m_finite (GeV/c^2) =  1.000D+00                I
 I                -1.000D+01 <    y*_subsystem    <  1.000D+01                I
 I                -4.000D+01 <      y*_large      <  4.000D+01                I
 I                -4.000D+01 <      y*_small      <  4.000D+01                I
 I                -4.000D+01 <     eta*_large     <  4.000D+01                I
 I                -4.000D+01 <     eta*_small     <  4.000D+01                I
 I                -1.000D+00 < cos(theta*)_large  <  1.000D+00                I
 I                -1.000D+00 < cos(theta*)_small  <  1.000D+00                I
 I                 0.000D+00 <        x_1         <  1.000D+00                I
 I                 0.000D+00 <        x_2         <  1.000D+00                I
 I                -1.000D+00 <        x_F         <  1.000D+00                I
 I                -1.000D+00 <  cos(theta_hard)   <  1.000D+00                I
 I                 2.000D+00 < m'_hard (GeV/c^2)  <  3.683D+01                I
 I                                                                            I
 ==============================================================================
 The charm mass used is:    1.5000000000000000     
 ===================================================
 Pythia total cross section normalisation:   5.9778832518922513E-002  microbarn
 Total Number of generated events      500000
 Total Number of trials      500000
 ===================================================

 ===== PDFSTA statistics for PDF under/over-flows ====

 ====== STRUCTM statistics for nucleon/pion PDFs =====

   total # of calls    42205306.000000000     
   X  below PDF min    0.0000000000000000       or    0.0000000000000000       %
   X  above PDF max    0.0000000000000000       or    0.0000000000000000       %
   Q2 below PDF min    0.0000000000000000       or    0.0000000000000000       %
   Q2 above PDF max    0.0000000000000000       or    0.0000000000000000       %

 ========= STRUCTP statistics for photon PDFs ========

   total # of calls    0.0000000000000000     

