1                                                                              
 ******************************************************************************
 ******************************************************************************
 **                                                                          **
 **                                                                          **
 **              *......*                  Welcome to the Lund Monte Carlo!  **
 **         *:::!!:::::::::::*                                               **
 **      *::::::!!::::::::::::::*          PPP  Y   Y TTTTT H   H III   A    **
 **    *::::::::!!::::::::::::::::*        P  P  Y Y    T   H   H  I   A A   **
 **   *:::::::::!!:::::::::::::::::*       PPP    Y     T   HHHHH  I  AAAAA  **
 **   *:::::::::!!:::::::::::::::::*       P      Y     T   H   H  I  A   A  **
 **    *::::::::!!::::::::::::::::*!       P      Y     T   H   H III A   A  **
 **      *::::::!!::::::::::::::* !!                                         **
 **      !! *:::!!:::::::::::*    !!       This is PYTHIA version 6.428      **
 **      !!     !* -><- *         !!       Last date of change:  5 Sep 2013  **
 **      !!     !!                !!                                         **
 **      !!     !!                !!       Now is  0 Jan 2000 at  0:00:00    **
 **      !!                       !!                                         **
 **      !!        lh             !!       Disclaimer: this program comes    **
 **      !!                       !!       without any guarantees. Beware    **
 **      !!                 hh    !!       of errors and use common sense    **
 **      !!    ll                 !!       when interpreting results.        **
 **      !!                       !!                                         **
 **      !!                                Copyright T. Sjostrand (2011)     **
 **                                                                          **
 ** An archive of program versions and documentation is found on the web:    **
 ** http://www.thep.lu.se/~torbjorn/Pythia.html                              **
 **                                                                          **
 ** When you cite this program, the official reference is to the 6.4 manual: **
 ** T. Sjostrand, S. Mrenna and P. Skands, JHEP05 (2006) 026                 **
 ** (LU TP 06-13, FERMILAB-PUB-06-052-CD-T) [hep-ph/0603175].                **
 **                                                                          **
 ** Also remember that the program, to a large extent, represents original   **
 ** physics research. Other publications of special relevance to your        **
 ** studies may therefore deserve separate mention.                          **
 **                                                                          **
 ** Main author: Torbjorn Sjostrand; Department of Theoretical Physics,      **
 **   Lund University, Solvegatan 14A, S-223 62 Lund, Sweden;                **
 **   phone: + 46 - 46 - 222 48 16; e-mail: torbjorn@thep.lu.se              **
 ** Author: Stephen Mrenna; Computing Division, GDS Group,                   **
 **   Fermi National Accelerator Laboratory, MS 234, Batavia, IL 60510, USA; **
 **   phone: + 1 - 630 - 840 - 2556; e-mail: mrenna@fnal.gov                 **
 ** Author: Peter Skands; CERN/PH-TH, CH-1211 Geneva, Switzerland            **
 **   phone: + 41 - 22 - 767 24 47; e-mail: peter.skands@cern.ch             **
 **                                                                          **
 **                                                                          **
 ******************************************************************************
 ******************************************************************************
     MSEL           changed from              1 to              2
     MSTP(14)       changed from             30 to             30
     MSTP(15)       changed from              0 to              0
     MSTP(16)       changed from              1 to              1
     MSTP(17)       changed from              4 to              4
     MSTP(18)       changed from              3 to              3
     MSTP(19)       changed from              4 to              1
     MSTP(20)       changed from              3 to              0
     MSTP(32)       changed from              8 to              8
     MSTP(38)       changed from              5 to              4
     MSTP(51)       changed from              7 to          10050
     MSTP(52)       changed from              1 to              2
     MSTP(53)       changed from              3 to              3
     MSTP(54)       changed from              1 to              1
     MSTP(55)       changed from              5 to              5
     MSTP(56)       changed from              1 to              1
     MSTP(57)       changed from              1 to              1
     MSTP(58)       changed from              5 to              5
     MSTP(59)       changed from              1 to              1
     MSTP(60)       changed from              7 to              7
     MSTP(61)       changed from              2 to              2
     MSTP(71)       changed from              1 to              1
     MSTP(81)       changed from              1 to              0
     MSTP(82)       changed from              4 to              1
     MSTP(91)       changed from              1 to              1
     MSTP(92)       changed from              3 to              3
     MSTP(93)       changed from              1 to              1
     MSTP(101)      changed from              3 to              3
     MSTP(102)      changed from              1 to              1
     MSTP(111)      changed from              1 to              1
     MSTP(121)      changed from              0 to              0
     PARP(13)       changed from        1.00000 to        1.00000
     PARP(18)       changed from        0.40000 to        0.40000
     PARP(81)       changed from        1.90000 to        1.90000
     PARP(89)       changed from     1800.00000 to     1800.00000
     PARP(90)       changed from        0.25000 to        0.16000
     PARP(91)       changed from        2.00000 to        0.40000
     PARP(93)       changed from        5.00000 to        5.00000
     PARP(99)       changed from        1.00000 to        0.40000
     PARP(100)      changed from        5.00000 to        5.00000
     PARP(102)      changed from        0.28000 to        0.28000
     PARP(103)      changed from        1.00000 to        1.00000
     PARP(104)      changed from        0.80000 to        0.80000
     PARP(111)      changed from        2.00000 to        2.00000
     PARP(161)      changed from        2.20000 to        3.00000
     PARP(162)      changed from       23.60000 to       24.60000
     PARP(163)      changed from       18.40000 to       18.80000
     PARP(164)      changed from       11.50000 to       11.50000
     PARP(165)      changed from        0.50000 to        0.47679
     PARP(166)      changed from        0.00000 to        0.67597
     PARJ(1)        changed from        0.10000 to        0.10000
     PARJ(2)        changed from        0.30000 to        0.30000
     PARJ(11)       changed from        0.50000 to        0.50000
     PARJ(12)       changed from        0.60000 to        0.60000
     PARJ(21)       changed from        0.36000 to        0.40000
     PARJ(32)       changed from        1.00000 to        1.00000
     PARJ(33)       changed from        0.80000 to        0.80000
     PARJ(41)       changed from        0.30000 to        0.30000
     PARJ(42)       changed from        0.58000 to        0.58000
     PARJ(45)       changed from        0.50000 to        0.50000
     MSTJ(1)        changed from              1 to              1
     MSTJ(12)       changed from              2 to              1
     MSTJ(45)       changed from              5 to              5
     MSTU(112)      changed from              5 to              5
     MSTU(113)      changed from              3 to              5
     MSTU(114)      changed from              5 to              5
     CKIN(1)        changed from        2.00000 to        1.00000
     CKIN(2)        changed from       -1.00000 to       -1.00000
     CKIN(3)        changed from        0.00000 to        0.00000
     CKIN(4)        changed from       -1.00000 to       -1.00000
     CKIN(5)        changed from        1.00000 to        1.00000
     CKIN(6)        changed from        1.00000 to        1.00000
     CKIN(7)        changed from      -10.00000 to      -10.00000
     CKIN(8)        changed from       10.00000 to       10.00000
     CKIN(9)        changed from      -40.00000 to      -40.00000
     CKIN(10)       changed from       40.00000 to       40.00000
     CKIN(11)       changed from      -40.00000 to      -40.00000
     CKIN(12)       changed from       40.00000 to       40.00000
     CKIN(13)       changed from      -40.00000 to      -40.00000
     CKIN(14)       changed from       40.00000 to       40.00000
     CKIN(15)       changed from      -40.00000 to      -40.00000
     CKIN(16)       changed from       40.00000 to       40.00000
     CKIN(17)       changed from       -1.00000 to       -1.00000
     CKIN(18)       changed from        1.00000 to        1.00000
     CKIN(19)       changed from       -1.00000 to       -1.00000
     CKIN(20)       changed from        1.00000 to        1.00000
     CKIN(21)       changed from        0.00000 to        0.00000
     CKIN(22)       changed from        1.00000 to        1.00000
     CKIN(23)       changed from        0.00000 to        0.00000
     CKIN(24)       changed from        1.00000 to        1.00000
     CKIN(25)       changed from       -1.00000 to       -1.00000
     CKIN(26)       changed from        1.00000 to        1.00000
     CKIN(27)       changed from       -1.00000 to       -1.00000
     CKIN(28)       changed from        1.00000 to        1.00000
     CKIN(31)       changed from        2.00000 to        2.00000
     CKIN(32)       changed from       -1.00000 to       -1.00000
     CKIN(35)       changed from        0.00000 to        0.00000
     CKIN(36)       changed from       -1.00000 to       -1.00000
     CKIN(37)       changed from        0.00000 to        0.00000
     CKIN(38)       changed from       -1.00000 to       -1.00000
     CKIN(39)       changed from        4.00000 to        4.00000
     CKIN(40)       changed from       -1.00000 to       -1.00000
     CKIN(65)       changed from        0.00000 to        0.00000
     CKIN(66)       changed from       -1.00000 to       -1.00000
     CKIN(67)       changed from        0.00000 to        0.00000
     CKIN(68)       changed from       -1.00000 to       -1.00000
     CKIN(77)       changed from        2.00000 to        2.00000
     CKIN(78)       changed from       -1.00000 to       -1.00000
 *********************************************
 NOW all parameters are read by PYTHIA
 *********************************************
 SEED =   1183893992
 RANLUX LUXURY LEVEL SET BY RLUXGO : 4     P= 389
 RANLUX INITIALIZED BY RLUXGO FROM SEEDS  1183893992           0           0
   2771.0935550343875        10.000000000000000       -2771.0935550343875       -10.0000000    
 *********************************************
 proton beam momentum:   130.000000     GeV
 lepton beam momentum:   10.0000000     GeV
 resulting sqrt(s):   72.117599099066553      GeV
 *********************************************
1****************** PYINIT: initialization of PYTHIA routines *****************
 ==== PYTHIA WILL USE LHAPDF ====
 *************************************
 *       LHAPDF Version 5.9.1        *
 *   Configured for the following:   *
 *             All PDFs              *
 *         FULL MEMORY option        *
 *    Maximum  3 concurrent set(s)   *
 *************************************

 >>>>>> PDF description: <<<<<<
 CTEQ6M                                                          
 Reference:                                                      
 J. Pumplin, D.R. Stump, J. Huston, H.L. Lai, P. Nadolsky,       
 W.K. Tung                                                       
 hep-ph/0201195                                                  
 This set has 41 member PDFs.                                    
     mem=0 --> central value (cteq6m)                            
     mem=1-40 --> 20 sets of +ve/-ve error values                
 >>>>>>                   <<<<<<

 ==============================================
 PDFset name /cvmfs/sft.cern.ch/lcg/external/lhapdfsets/5.9.1/share/PDFsets/cteq6mE.LHgrid   
 with         40 members
 ====  initialized. ===========================
 Strong coupling at Mz for PDF is:  0.11798

 ==============================================================================
 I                                                                            I
 I      PYTHIA will be initialized for gamma/e- on p+ user configuration      I
 I                                                                            I
 I                  px (GeV/c)   py (GeV/c)   pz (GeV/c)      E (GeV)         I
 I        gamma/e-       0.000        0.000      -10.000       10.000         I
 I        p+             0.000        0.000      130.000      130.003         I
 I                                                                            I
 I           corresponding to     72.118 GeV center-of-mass energy            I
 I                                                                            I
 ==============================================================================

 ******** PYMAXI: summary of differential cross-section maximum search ********

           ==========================================================
           I                                      I                 I
           I  ISUB  Subprocess name               I  Maximum value  I
           I                                      I                 I
           ==========================================================
           I                                      I                 I
           I   91   Elastic scattering            I    4.1710D-04   I
           I   92   Single diffractive (XB)       I    3.1940D-04   I
           I   93   Single diffractive (AX)       I    2.6141D-04   I
           I   94   Double  diffractive           I    2.4494D-04   I
           I   95   Low-pT scattering             I    1.9207D-03   I
           I   96   Semihard QCD 2 -> 2           I    1.7479D-02   I
           I                                      I                 I
           ==========================================================

 ******** PYMAXI: summary of differential cross-section maximum search ********

           ==========================================================
           I                                      I                 I
           I  ISUB  Subprocess name               I  Maximum value  I
           I                                      I                 I
           ==========================================================
           I                                      I                 I
           I  131   f + gamma*_T -> f + g         I    1.9221D-04   I
           I  132   f + gamma*_L -> f + g         I    9.2718D-06   I
           I  135   g + gamma*_T -> f + fbar      I    5.4466D-04   I
           I  136   g + gamma*_L -> f + fbar      I    8.8198D-05   I
           I                                      I                 I
           ==========================================================

 ******** PYMAXI: summary of differential cross-section maximum search ********

           ==========================================================
           I                                      I                 I
           I  ISUB  Subprocess name               I  Maximum value  I
           I                                      I                 I
           ==========================================================
           I                                      I                 I
           I   91   Elastic scattering            I    1.0588D-04   I
           I   92   Single diffractive (XB)       I    8.2750D-05   I
           I   93   Single diffractive (AX)       I    6.5818D-05   I
           I   94   Double  diffractive           I    6.3002D-05   I
           I   95   Low-pT scattering             I    5.2345D-04   I
           I   96   Semihard QCD 2 -> 2           I    1.1588D-02   I
           I                                      I                 I
           ==========================================================

 ******** PYMAXI: summary of differential cross-section maximum search ********

           ==========================================================
           I                                      I                 I
           I  ISUB  Subprocess name               I  Maximum value  I
           I                                      I                 I
           ==========================================================
           I                                      I                 I
           I   99   q + gamma* -> q               I    1.9857D-03   I
           I                                      I                 I
           ==========================================================

 ********************** PYINIT: initialization completed **********************
 the outputfile will be named: outfiles/ep_10x130_Q2_10_100_norad.out                                                                                                                                                                                                                          



                            Event listing (standard)

    I  particle/jet  K(I,1)   K(I,2) K(I,3)     K(I,4)      K(I,5)       P(I,1)       P(I,2)       P(I,3)       P(I,4)       P(I,5)

    1  !e-!              21        11    0           3           4      0.00000      0.00000    -10.00000     10.00000      0.00051
    2  !p+!              21      2212    0           5           0     -0.00000      0.00000    130.00000    130.00339      0.93827
 ==================================================================================================================================
    3  !e-!              21        11    1           0           0     -0.91809      4.05565     -9.48356     10.35515      0.00051
    4  !gamma!           21        22    1           0           0      0.91809     -4.05565     -0.51644     -0.35515     -4.17514
    5  !p+!              21      2212    2           0           0     -0.00000      0.00000    130.00000    130.00339      0.93827
    6  !gamma!           21        22    4           0           0      0.93688     -4.13865      1.66209      1.82673     -4.17514
    7  !u!               21         2    5           0           0     -0.00765      0.03380     52.04644     52.04645      0.00000
    8  !gamma!           21        22    6           0           0      0.93688     -4.13865      1.66209      1.82673     -4.17514
    9  !u!               21         2    7           0           0     -0.00765      0.03380     52.04644     52.04645      0.00000
   10  !u!               21         2    9           0           0      0.92923     -4.10486     53.70852     53.87317      0.00000
 ==================================================================================================================================
   11  e-                 1        11    3           0           0     -0.91809      4.05565     -9.48356     10.35515      0.00051
   12  (u)           A   12         2   10          14          14      0.89386     -3.77917     46.87215     47.03275      0.00000
   13  (ud_1)        V   11      2103    5          14          14      0.02423     -0.27649     82.61142     82.61549      0.77133
 ==================================================================================================================================
   14  (string)          11        92   12          15          18      0.91809     -4.05565    129.48356    129.64823      5.03777
   15  (eta')            11       331   14          19          20      0.29710     -2.45934     32.82206     32.92934      0.95770
   16  pi+                1       211   14           0           0      0.61186     -0.82301     21.14765     21.17296      0.13957
   17  (rho0)            11       113   14          21          22     -0.06998     -0.46950     19.64798     19.66551      0.68127
   18  (Delta0)          11      2114   14          23          24      0.07912     -0.30381     55.86588     55.88041      1.23534
   19  gamma              1        22   15           0           0      0.10420     -0.23344      4.95976      4.96634      0.00000
   20  (rho0)            11       113   15          25          26      0.19291     -2.22589     27.86230     27.96300      0.79345
   21  pi+                1       211   17           0           0      0.16244      0.07071      5.08106      5.08606      0.13957
   22  pi-                1      -211   17           0           0     -0.23243     -0.54020     14.56692     14.57945      0.13957
   23  n0                 1      2112   18           0           0      0.27960     -0.17384     41.72493     41.73681      0.93957
   24  (pi0)             11       111   18          27          28     -0.20049     -0.12996     14.14095     14.14361      0.13498
   25  pi+                1       211   20           0           0      0.47636     -1.32347     17.07338     17.13179      0.13957
   26  pi-                1      -211   20           0           0     -0.28345     -0.90242     10.78893     10.83121      0.13957
   27  gamma              1        22   24           0           0     -0.02495     -0.01905      5.77697      5.77706      0.00000
   28  gamma              1        22   24           0           0     -0.17554     -0.11092      8.36397      8.36655      0.00000
 ==================================================================================================================================
                   sum charge:  0.00   sum momentum and inv. mass:      0.00000     -0.00000    120.00000    140.00339     72.11760



                            Event listing (standard)

    I  particle/jet  K(I,1)   K(I,2) K(I,3)     K(I,4)      K(I,5)       P(I,1)       P(I,2)       P(I,3)       P(I,4)       P(I,5)

    1  !e-!              21        11    0           3           4      0.00000      0.00000    -10.00000     10.00000      0.00051
    2  !p+!              21      2212    0           5           0     -0.00000      0.00000    130.00000    130.00339      0.93827
 ==================================================================================================================================
    3  !e-!              21        11    1           0           0     -3.38011      0.36834     -6.19092      7.06316      0.00051
    4  !gamma!           21        22    1           0           0      3.38011     -0.36834     -3.80908      2.93684     -4.17671
    5  !p+!              21      2212    2           0           0     -0.00000      0.00000    130.00000    130.00339      0.93827
    6  !gamma!           21        22    4           0           0      3.38180     -0.36852     -3.80970      2.93961     -4.17671
    7  !dbar!            21        -1    5           0           0     -0.00002      0.00000      1.29234      1.29234      0.00000
    8  !gamma!           21        22    6           0           0      3.38180     -0.36852     -3.80970      2.93961     -4.17671
    9  !dbar!            21        -1    7           0           0     -0.00002      0.00000      1.29234      1.29234      0.00000
   10  !dbar!            21        -1    9           0           0      3.38179     -0.36852     -2.51736      4.23195      0.00000
 ==================================================================================================================================
   11  p+                 1      2212    5           0           0     -0.00092      0.09123     74.69005     74.69600      0.93827
   12  e-                 1        11    3           0           0     -3.38011      0.36834     -6.19092      7.06316      0.00051
   13  (d)           A   12         1    5          16          16      0.28409      0.19971     53.52061     53.52276      0.33000
   14  (g)           I   12        21   10          16          16     -0.37486      0.47693     -0.39186      0.72217      0.00000
   15  (dbar)        V   11        -1   10          16          16      3.47180     -1.13621     -1.62789      3.99930      0.00000
 ==================================================================================================================================
   16  (string)          11        92   13          17          23      3.38103     -0.45957     51.50086     58.24423     26.98904
   17  (omega)           11       223   16          24          26     -0.00954      0.25124     33.55272     33.56276      0.78122
   18  (pi0)             11       111   16          27          28      0.04541      0.00305     12.96891     12.96969      0.13498
   19  (eta)             11       221   16          29          30     -0.45095     -0.23946      5.18416      5.23793      0.54745
   20  (rho-)            11      -213   16          31          32      0.75042      0.49041      1.01213      1.58175      0.82091
   21  (pi0)             11       111   16          33          34      0.05751     -0.08275     -0.44499      0.47581      0.13498
   22  pi+                1       211   16           0           0      0.44631     -0.63166      0.95659      1.23803      0.13957
   23  (omega)           11       223   16          35          37      2.54187     -0.25041     -1.72865      3.17826      0.76765
   24  pi-                1      -211   17           0           0      0.04159     -0.01319      2.21816      2.22297      0.13957
   25  pi+                1       211   17           0           0     -0.09960      0.29318     12.38591     12.39056      0.13957
   26  (pi0)             11       111   17          38          39      0.04847     -0.02874     18.94866     18.94922      0.13498
   27  gamma              1        22   18           0           0      0.07253     -0.01966      3.96020      3.96091      0.00000
   28  gamma              1        22   18           0           0     -0.02711      0.02271      9.00871      9.00878      0.00000
   29  gamma              1        22   19           0           0     -0.23320      0.11292      3.22860      3.23898      0.00000
   30  gamma              1        22   19           0           0     -0.21775     -0.35238      1.95556      1.99895      0.00000
   31  pi-                1      -211   20           0           0     -0.06833      0.33700      0.33164      0.49770      0.13957
   32  (pi0)             11       111   20          40          41      0.81875      0.15341      0.68049      1.08405      0.13498
   33  gamma              1        22   21           0           0      0.08797     -0.04049     -0.16762      0.19359      0.00000
   34  gamma              1        22   21           0           0     -0.03046     -0.04226     -0.27737      0.28222      0.00000
   35  pi-                1      -211   23           0           0      0.68456     -0.15183     -0.63376      0.95541      0.13957
   36  pi+                1       211   23           0           0      0.12504      0.01219     -0.15984      0.24660      0.13957
   37  (pi0)             11       111   23          42          43      1.73227     -0.11076     -0.93506      1.97625      0.13498
   38  gamma              1        22   26           0           0      0.01722     -0.04626     17.65382     17.65389      0.00000
   39  gamma              1        22   26           0           0      0.03125      0.01752      1.29483      1.29533      0.00000
   40  gamma              1        22   32           0           0      0.29035      0.00357      0.18465      0.34411      0.00000
   41  gamma              1        22   32           0           0      0.52840      0.14984      0.49585      0.73995      0.00000
   42  gamma              1        22   37           0           0      0.19348      0.02449     -0.08124      0.21127      0.00000
   43  gamma              1        22   37           0           0      1.53879     -0.13525     -0.85382      1.76499      0.00000
 ==================================================================================================================================
                   sum charge:  0.00   sum momentum and inv. mass:      0.00000      0.00000    120.00000    140.00339     72.11760



                            Event listing (standard)

    I  particle/jet  K(I,1)   K(I,2) K(I,3)     K(I,4)      K(I,5)       P(I,1)       P(I,2)       P(I,3)       P(I,4)       P(I,5)

    1  !e-!              21        11    0           3           4      0.00000      0.00000    -10.00000     10.00000      0.00051
    2  !p+!              21      2212    0           5           0     -0.00000      0.00000    130.00000    130.00339      0.93827
 ==================================================================================================================================
    3  !e-!              21        11    1           0           0     -3.44653     -2.19100     -9.39148     10.24104      0.00051
    4  !gamma!           21        22    1           0           0      3.44653      2.19100     -0.60852     -0.24104     -4.12204
    5  !p+!              21      2212    2           0           0     -0.00000      0.00000    130.00000    130.00339      0.93827
    6  !gamma!           21        22    4           0           0      3.47813      2.21109     -0.19207      0.17879     -4.12204
    7  !u!               21         2    5           0           0     -0.00557     -0.00354     22.83455     22.83455      0.00000
    8  !gamma!           21        22    6           0           0      3.47813      2.21109     -0.19207      0.17879     -4.12204
    9  !u!               21         2    7           0           0     -0.00557     -0.00354     22.83455     22.83455      0.00000
   10  !u!               21         2    9           0           0      3.47256      2.20755     22.64249     23.01335      0.00000
 ==================================================================================================================================
   11  e-                 1        11    3           0           0     -3.44653     -2.19100     -9.39148     10.24104      0.00051
   12  (u)           A   12         2   10          14          14      3.50073      1.82740     20.96398     21.33267      0.00000
   13  (ud_0)        V   11      2101    5          14          14     -0.05421      0.36360    108.42750    108.42967      0.57933
 ==================================================================================================================================
   14  (string)          11        92   12          15          19      3.44653      2.19100    129.39148    129.76235      8.91246
   15  (rho0)            11       113   14          20          21      2.83078      1.55238     16.69354     17.01383      0.61066
   16  (eta)             11       221   14          22          24      0.47422      0.34956     29.30726     29.31829      0.54745
   17  (rho+)            11       213   14          25          26     -0.23676     -0.09139     28.10327     28.11289      0.69015
   18  (omega)           11       223   14          27          29      0.23878      0.17505     22.22790     22.24354      0.77977
   19  n0                 1      2112   14           0           0      0.13951      0.20540     33.05951     33.07379      0.93957
   20  pi+                1       211   15           0           0      0.44915      0.25030      1.92979      2.00199      0.13957
   21  pi-                1      -211   15           0           0      2.38163      1.30208     14.76375     15.01184      0.13957
   22  (pi0)             11       111   16          30          31      0.14110      0.11217     12.05950     12.06160      0.13498
   23  (pi0)             11       111   16          32          33      0.15159     -0.02711      7.16170      7.16463      0.13498
   24  (pi0)             11       111   16          34          35      0.18153      0.26449     10.08606     10.09206      0.13498
   25  pi+                1       211   17           0           0      0.13712     -0.22088     15.15196     15.15484      0.13957
   26  (pi0)             11       111   17          36          37     -0.37388      0.12948     12.95131     12.95805      0.13498
   27  pi-                1      -211   18           0           0      0.09270     -0.21365      8.09703      8.10158      0.13957
   28  pi+                1       211   18           0           0     -0.02013      0.24747      5.60180      5.60903      0.13957
   29  (pi0)             11       111   18          38          39      0.16622      0.14124      8.52907      8.53293      0.13498
   30  gamma              1        22   22           0           0      0.13572      0.03509      9.16121      9.16228      0.00000
   31  gamma              1        22   22           0           0      0.00537      0.07708      2.89828      2.89931      0.00000
   32  gamma              1        22   23           0           0      0.04401      0.05178      3.07315      3.07391      0.00000
   33  gamma              1        22   23           0           0      0.10758     -0.07889      4.08855      4.09072      0.00000
   34  gamma              1        22   24           0           0      0.10502      0.04785      2.78843      2.79082      0.00000
   35  gamma              1        22   24           0           0      0.07651      0.21664      7.29763      7.30124      0.00000
   36  gamma              1        22   26           0           0     -0.17183      0.06919      8.16813      8.17023      0.00000
   37  gamma              1        22   26           0           0     -0.20206      0.06030      4.78317      4.78782      0.00000
   38  gamma              1        22   29           0           0      0.10447      0.10166      3.16518      3.16853      0.00000
   39  gamma              1        22   29           0           0      0.06174      0.03958      5.36390      5.36440      0.00000
 ==================================================================================================================================
                   sum charge:  0.00   sum momentum and inv. mass:      0.00000      0.00000    120.00000    140.00339     72.11760



                            Event listing (standard)

    I  particle/jet  K(I,1)   K(I,2) K(I,3)     K(I,4)      K(I,5)       P(I,1)       P(I,2)       P(I,3)       P(I,4)       P(I,5)

    1  !e-!              21        11    0           3           4      0.00000      0.00000    -10.00000     10.00000      0.00051
    2  !p+!              21      2212    0           5           0     -0.00000      0.00000    130.00000    130.00339      0.93827
 ==================================================================================================================================
    3  !e-!              21        11    1           0           0      4.15802     -1.28866     -9.31611     10.28298      0.00051
    4  !gamma!           21        22    1           0           0     -4.15802      1.28866     -0.68389     -0.28298     -4.39743
    5  !p+!              21      2212    2           0           0     -0.00000      0.00000    130.00000    130.00339      0.93827
    6  !gamma!           21        22    4           0           0     -4.19297      1.29950     -0.28585      0.11844     -4.39743
    7  !u!               21         2    5           0           0      0.00643     -0.00199     23.84233     23.84233      0.00000
    8  !gamma!           21        22    6           0           0     -4.19297      1.29950     -0.28585      0.11844     -4.39743
    9  !u!               21         2    7           0           0      0.00643     -0.00199     23.84233     23.84233      0.00000
   10  !u!               21         2    9           0           0     -4.18654      1.29750     23.55648     23.96077      0.00000
 ==================================================================================================================================
   11  e-                 1        11    3           0           0      4.15802     -1.28866     -9.31611     10.28298      0.00051
   12  (ud_0)        A   12      2101    5          16          16      0.14340     -0.14168     96.04513     96.04709      0.57933
   13  (g)           I   12        21   10          16          16     -0.15923      0.58684      5.27124      5.30619      0.00000
   14  (g)           I   12        21   10          16          16     -0.52609      0.73312      4.38696      4.47880      0.00000
   15  (u)           V   11         2   10          16          16     -3.61610      0.11039     23.61279     23.88833      0.00000
 ==================================================================================================================================
   16  (string)          11        92   12          17          23     -4.15802      1.28866    129.31611    129.72040      9.26157
   17  p+                 1      2212   16           0           0     -0.40190     -0.32477     52.54868     52.55960      0.93827
   18  (eta')            11       331   16          24          26      0.59403      0.88003     23.53238     23.57578      0.95790
   19  (rho-)            11      -213   16          27          28     -0.52448     -0.26846     11.99365     12.03457      0.79752
   20  (rho+)            11       213   16          29          30     -0.37126      0.06423     12.62725     12.66245      0.86494
   21  K-                 1      -321   16           0           0     -1.30222      0.26710      9.02878      9.13945      0.49360
   22  (K*0)             11       313   16          31          32     -1.71197      0.35593     16.12889     16.24719      0.87901
   23  pi+                1       211   16           0           0     -0.44023      0.31461      3.45648      3.50136      0.13957
   24  pi-                1      -211   18           0           0      0.19756      0.25579      8.30171      8.30917      0.13957
   25  pi+                1       211   18           0           0      0.21872      0.24028      5.54697      5.55823      0.13957
   26  (eta)             11       221   18          33          35      0.17775      0.38397      9.68369      9.70838      0.54745
   27  pi-                1      -211   19           0           0      0.17460     -0.02008      3.65892      3.66580      0.13957
   28  (pi0)             11       111   19          36          37     -0.69907     -0.24838      8.33472      8.36877      0.13498
   29  pi+                1       211   20           0           0     -0.11061     -0.37332      5.06244      5.07931      0.13957
   30  (pi0)             11       111   20          38          39     -0.26065      0.43755      7.56481      7.58314      0.13498
   31  (K0)              11       311   22          40          40     -0.85277      0.33233     10.48553     10.53715      0.49767
   32  (pi0)             11       111   22          41          42     -0.85920      0.02359      5.64337      5.71004      0.13498
   33  (pi0)             11       111   26          43          44      0.00698      0.17543      2.11264      2.12422      0.13498
   34  (pi0)             11       111   26          45          46     -0.02691      0.13950      3.12883      3.13496      0.13498
   35  (pi0)             11       111   26          47          48      0.19768      0.06904      4.44222      4.44920      0.13498
   36  gamma              1        22   28           0           0     -0.23864     -0.05173      3.38039      3.38919      0.00000
   37  gamma              1        22   28           0           0     -0.46044     -0.19665      4.95434      4.97957      0.00000
   38  gamma              1        22   30           0           0     -0.08009      0.14435      3.44874      3.45269      0.00000
   39  gamma              1        22   30           0           0     -0.18056      0.29320      4.11607      4.13045      0.00000
   40  K_L0               1       130   31           0           0     -0.85277      0.33233     10.48553     10.53715      0.49767
   41  gamma              1        22   32           0           0     -0.61797      0.03022      3.64209      3.69427      0.00000
   42  gamma              1        22   32           0           0     -0.24122     -0.00663      2.00128      2.01578      0.00000
   43  gamma              1        22   33           0           0      0.03820      0.18381      1.87810      1.88746      0.00000
   44  gamma              1        22   33           0           0     -0.03121     -0.00837      0.23454      0.23676      0.00000
   45  gamma              1        22   34           0           0     -0.07062      0.12578      1.99647      2.00168      0.00000
   46  gamma              1        22   34           0           0      0.04371      0.01371      1.13236      1.13328      0.00000
   47  gamma              1        22   35           0           0      0.19214      0.02174      3.02063      3.02681      0.00000
   48  gamma              1        22   35           0           0      0.00554      0.04730      1.42159      1.42239      0.00000
 ==================================================================================================================================
                   sum charge:  0.00   sum momentum and inv. mass:      0.00000     -0.00000    120.00000    140.00339     72.11760



                            Event listing (standard)

    I  particle/jet  K(I,1)   K(I,2) K(I,3)     K(I,4)      K(I,5)       P(I,1)       P(I,2)       P(I,3)       P(I,4)       P(I,5)

    1  !e-!              21        11    0           3           4      0.00000      0.00000    -10.00000     10.00000      0.00051
    2  !p+!              21      2212    0           5           0     -0.00000      0.00000    130.00000    130.00339      0.93827
 ==================================================================================================================================
    3  !e-!              21        11    1           0           0      3.31731      0.54044     -8.31659      8.97008      0.00051
    4  !gamma!           21        22    1           0           0     -3.31731     -0.54044     -1.68341      1.02992     -3.61521
    5  !p+!              21      2212    2           0           0     -0.00000      0.00000    130.00000    130.00339      0.93827
    6  !gamma!           21        22    4           0           0     -3.32145     -0.54111     -1.67950      1.03721     -3.61521
    7  !u!               21         2    5           0           0      0.00008      0.00001      2.40534      2.40534      0.00000
    8  !gamma!           21        22    6           0           0     -3.32145     -0.54111     -1.67950      1.03721     -3.61521
    9  !u!               21         2    7           0           0      0.00008      0.00001      2.40534      2.40534      0.00000
   10  !u!               21         2    9           0           0     -3.32138     -0.54110      0.72584      3.44255      0.00000
 ==================================================================================================================================
   11  e-                 1        11    3           0           0      3.31731      0.54044     -8.31659      8.97008      0.00051
   12  (ud_1)        A   12      2103    5          15          15     -0.35553     -0.18093    127.65527    127.65822      0.77133
   13  (g)           I   12        21   10          15          15     -0.73326     -0.68226      0.49490      1.11717      0.00000
   14  (u)           V   11         2   10          15          15     -2.22852      0.32275      0.16642      2.25791      0.00000
 ==================================================================================================================================
   15  (string)          11        92   12          16          22     -3.31731     -0.54044    128.31659    131.03331     26.33027
   16  (Delta+)          11      2214   15          23          24     -0.06536     -0.03534     79.92348     79.93278      1.21720
   17  pi-                1      -211   15           0           0     -0.22656     -0.17566     26.94355     26.94544      0.13957
   18  (pi0)             11       111   15          25          26     -0.63421     -0.44361      2.80364      2.91164      0.13498
   19  (omega)           11       223   15          27          29     -0.54794      0.68573     13.94612     13.99584      0.78661
   20  nbar0              1     -2112   15           0           0      0.59330     -0.69060      2.10839      2.48134      0.93957
   21  n0                 1      2112   15           0           0      0.09130      0.54561      1.75497      2.06610      0.93957
   22  pi+                1       211   15           0           0     -2.52782     -0.42658      0.83644      2.70018      0.13957
   23  n0                 1      2112   16           0           0      0.02016      0.17114     61.47624     61.48366      0.93957
   24  pi+                1       211   16           0           0     -0.08552     -0.20649     18.44723     18.44912      0.13957
   25  gamma              1        22   18           0           0     -0.38526     -0.23011      1.39862      1.46885      0.00000
   26  gamma              1        22   18           0           0     -0.24895     -0.21350      1.40502      1.44279      0.00000
   27  pi+                1       211   19           0           0     -0.18023      0.44254      8.00918      8.02463      0.13957
   28  pi-                1      -211   19           0           0     -0.32618      0.30842      3.87673      3.90512      0.13957
   29  (pi0)             11       111   19          30          31     -0.04154     -0.06522      2.06021      2.06608      0.13498
   30  gamma              1        22   29           0           0      0.01719     -0.07861      0.71436      0.71888      0.00000
   31  gamma              1        22   29           0           0     -0.05873      0.01338      1.34585      1.34720      0.00000
 ==================================================================================================================================
                   sum charge:  0.00   sum momentum and inv. mass:     -0.00000     -0.00000    120.00000    140.00339     72.11760



                            Event listing (standard)

    I  particle/jet  K(I,1)   K(I,2) K(I,3)     K(I,4)      K(I,5)       P(I,1)       P(I,2)       P(I,3)       P(I,4)       P(I,5)

    1  !e-!              21        11    0           3           4      0.00000      0.00000    -10.00000     10.00000      0.00051
    2  !p+!              21      2212    0           5           0     -0.00000      0.00000    130.00000    130.00339      0.93827
 ==================================================================================================================================
    3  !e-!              21        11    1           0           0      4.87415     -0.56321     -6.82742      8.40763      0.00051
    4  !gamma!           21        22    1           0           0     -4.87415      0.56321     -3.17258      1.59237     -5.62176
    5  !p+!              21      2212    2           0           0     -0.00000     -0.00000    130.00000    130.00339      0.93827
    6  !gamma!           21        22    4           0           0     -4.87762      0.56361     -3.17012      1.59821     -5.62176
    7  !u!               21         2    5           0           0      0.00009     -0.00001      3.31388      3.31388      0.00000
    8  !gamma!           21        22    6           0           0     -4.87762      0.56361     -3.17012      1.59821     -5.62176
    9  !u!               21         2    7           0           0      0.00009     -0.00001      3.31388      3.31388      0.00000
   10  !u!               21         2    9           0           0     -4.87753      0.56360      0.14376      4.91209      0.00000
 ==================================================================================================================================
   11  e-                 1        11    3           0           0      4.87415     -0.56321     -6.82742      8.40763      0.00051
   12  (ud_0)        A   12      2101    5          19          19     -0.29856     -0.52256    121.70076    121.70363      0.57933
   13  (g)           I   12        21   10          19          19      0.19827      0.12428      1.27441      1.29571      0.00000
   14  (g)           I   12        21   10          19          19     -0.72668      1.10841      1.99558      2.39562      0.00000
   15  (g)           I   12        21   10          19          19     -0.25929      1.15919     -0.14845      1.19708      0.00000
   16  (g)           I   12        21   10          19          19     -1.14838     -0.38321      0.55889      1.33341      0.00000
   17  (g)           I   12        21   10          19          19      0.17494     -0.42067     -0.02258      0.45616      0.00000
   18  (u)           V   11         2   10          19          19     -2.81445     -0.50223      1.46882      3.21415      0.00000
 ==================================================================================================================================
   19  (string)          11        92   12          20          29     -4.87415      0.56321    126.82742    131.59575     34.75876
   20  p+                 1      2212   19           0           0     -0.26708     -0.24107     82.25063     82.25677      0.93827
   21  (rho-)            11      -213   19          30          31      0.21939      0.52007     22.41176     22.43106      0.73935
   22  pi+                1       211   19           0           0     -0.18986     -0.74600      7.22661      7.26883      0.13957
   23  (rho-)            11      -213   19          32          33      0.01414      0.32569      5.82802      5.90854      0.91582
   24  (Deltabar+)       11     -1114   19          34          35     -0.24997     -0.13533      4.10502      4.28502      1.19557
   25  (Sigma*-)         11      3114   19          36          37      0.04055      1.22307      1.78827      2.57017      1.38215
   26  (K*+)             11       323   19          38          39     -0.82458      0.04603      1.17426      1.69845      0.90763
   27  pbar-              1     -2212   19           0           0     -1.20728      0.27885      1.49145      2.15408      0.93827
   28  n0                 1      2112   19           0           0     -0.95174     -0.14055      0.54848      1.45230      0.93957
   29  pi+                1       211   19           0           0     -1.45773     -0.56756      0.00293      1.57054      0.13957
   30  pi-                1      -211   21           0           0      0.04111      0.40458     20.26994     20.27450      0.13957
   31  (pi0)             11       111   21          40          41      0.17828      0.11549      2.14183      2.15656      0.13498
   32  pi-                1      -211   23           0           0     -0.25390      0.52386      4.10168      4.14514      0.13957
   33  (pi0)             11       111   23          42          43      0.26804     -0.19817      1.72634      1.76340      0.13498
   34  nbar0              1     -2112   24           0           0     -0.36885     -0.20989      3.44816      3.59899      0.93957
   35  pi+                1       211   24           0           0      0.11888      0.07457      0.65686      0.68603      0.13957
   36  (Lambda0)         11      3122   25          44          45      0.14144      0.87896      1.59212      2.13826      1.11568
   37  pi-                1      -211   25           0           0     -0.10089      0.34411      0.19615      0.43191      0.13957
   38  K+                 1       321   26           0           0     -0.31968      0.05766      0.97282      1.13822      0.49360
   39  (pi0)             11       111   26          46          47     -0.50490     -0.01163      0.20144      0.56023      0.13498
   40  gamma              1        22   31           0           0      0.15675      0.14395      1.93616      1.94782      0.00000
   41  gamma              1        22   31           0           0      0.02152     -0.02847      0.20566      0.20874      0.00000
   42  gamma              1        22   33           0           0      0.18635     -0.18087      1.49645      1.51881      0.00000
   43  gamma              1        22   33           0           0      0.08169     -0.01730      0.22989      0.24459      0.00000
   44  n0                 1      2112   36           0           0      0.16117      0.84945      1.34569      1.85505      0.93957
   45  (pi0)             11       111   36          48          49     -0.01974      0.02951      0.24643      0.28321      0.13498
   46  gamma              1        22   39           0           0     -0.16419     -0.03776      0.12577      0.21024      0.00000
   47  gamma              1        22   39           0           0     -0.34071      0.02612      0.07567      0.34999      0.00000
   48  gamma              1        22   45           0           0     -0.07683      0.00394      0.13115      0.15205      0.00000
   49  gamma              1        22   45           0           0      0.05710      0.02556      0.11528      0.13116      0.00000
 ==================================================================================================================================
                   sum charge:  0.00   sum momentum and inv. mass:     -0.00000      0.00000    120.00000    140.00339     72.11760



                            Event listing (standard)

    I  particle/jet  K(I,1)   K(I,2) K(I,3)     K(I,4)      K(I,5)       P(I,1)       P(I,2)       P(I,3)       P(I,4)       P(I,5)

    1  !e-!              21        11    0           3           4      0.00000      0.00000    -10.00000     10.00000      0.00051
    2  !p+!              21      2212    0           5           0     -0.00000      0.00000    130.00000    130.00339      0.93827
 ==================================================================================================================================
    3  !e-!              21        11    1           0           0     -1.33199     -3.01814     -9.51060     10.06652      0.00051
    4  !gamma!           21        22    1           0           0      1.33199      3.01814     -0.48940     -0.06652     -3.33443
    5  !p+!              21      2212    2           0           0     -0.00000      0.00000    130.00000    130.00339      0.93827
    6  !gamma!           21        22    4           0           0      1.34263      3.04225     -0.28413      0.14213     -3.33443
    7  !ubar!            21        -2    5           0           0     -0.00107     -0.00242     13.02117     13.02117      0.00000
    8  !gamma!           21        22    6           0           0      1.34263      3.04225     -0.28413      0.14213     -3.33443
    9  !ubar!            21        -2    7           0           0     -0.00107     -0.00242     13.02117     13.02117      0.00000
   10  !ubar!            21        -2    9           0           0      1.34156      3.03983     12.73704     13.16330      0.00000
 ==================================================================================================================================
   11  p+                 1      2212    5           0           0     -0.05621     -0.17165     70.33966     70.34614      0.93827
   12  e-                 1        11    3           0           0     -1.33199     -3.01814     -9.51060     10.06652      0.00051
   13  (ubar)        A   12        -2   10          15          15      1.79378      3.14302     15.50898     15.92560      0.00000
   14  (u)           V   11         2    5          15          15     -0.40558      0.04676     43.66196     43.66512      0.33000
 ==================================================================================================================================
   15  (string)          11        92   13          16          22      1.38820      3.18979     59.17094     59.59072      6.14421
   16  (eta)             11       221   15          23          25      0.34741      0.74914      5.30618      5.39788      0.54745
   17  (omega)           11       223   15          26          28      0.88789      0.74725      8.81211      8.92264      0.78329
   18  pi-                1      -211   15           0           0     -0.62381      0.45124      7.39577      7.43705      0.13957
   19  (rho+)            11       213   15          29          30      0.56640      0.07840      6.35229      6.42075      0.73991
   20  pi-                1      -211   15           0           0      0.17098      1.06439      7.34051      7.42057      0.13957
   21  pi+                1       211   15           0           0     -0.27443      0.02831      6.36342      6.37093      0.13957
   22  (omega)           11       223   15          31          33      0.31375      0.07105     17.60067     17.62091      0.78072
   23  pi-                1      -211   16           0           0      0.02195      0.17603      1.70562      1.72049      0.13957
   24  pi+                1       211   16           0           0      0.27918      0.48339      2.61872      2.68120      0.13957
   25  (pi0)             11       111   16          34          35      0.04628      0.08973      0.98183      0.99620      0.13498
   26  pi-                1      -211   17           0           0     -0.01620      0.22405      1.22702      1.25520      0.13957
   27  pi+                1       211   17           0           0      0.65332      0.32295      4.25599      4.32019      0.13957
   28  (pi0)             11       111   17          36          37      0.25077      0.20025      3.32911      3.34726      0.13498
   29  pi+                1       211   19           0           0      0.46020      0.13630      6.03244      6.05311      0.13957
   30  (pi0)             11       111   19          38          39      0.10621     -0.05790      0.31985      0.36764      0.13498
   31  pi-                1      -211   22           0           0      0.00520      0.00531      5.57651      5.57827      0.13957
   32  pi+                1       211   22           0           0      0.27795     -0.18316      8.17834      8.18630      0.13957
   33  (pi0)             11       111   22          40          41      0.03061      0.24891      3.84582      3.85635      0.13498
   34  gamma              1        22   25           0           0      0.06293      0.08767      0.96921      0.97520      0.00000
   35  gamma              1        22   25           0           0     -0.01665      0.00206      0.01262      0.02100      0.00000
   36  gamma              1        22   28           0           0      0.00121     -0.01712      0.15468      0.15563      0.00000
   37  gamma              1        22   28           0           0      0.24956      0.21737      3.17443      3.19163      0.00000
   38  gamma              1        22   30           0           0      0.03334      0.04402      0.08309      0.09977      0.00000
   39  gamma              1        22   30           0           0      0.07287     -0.10193      0.23675      0.26787      0.00000
   40  gamma              1        22   33           0           0     -0.00201      0.00508      0.97368      0.97370      0.00000
   41  gamma              1        22   33           0           0      0.03263      0.24383      2.87214      2.88265      0.00000
 ==================================================================================================================================
                   sum charge:  0.00   sum momentum and inv. mass:     -0.00000     -0.00000    120.00000    140.00339     72.11760



                            Event listing (standard)

    I  particle/jet  K(I,1)   K(I,2) K(I,3)     K(I,4)      K(I,5)       P(I,1)       P(I,2)       P(I,3)       P(I,4)       P(I,5)

    1  !e-!              21        11    0           3           4      0.00000      0.00000    -10.00000     10.00000      0.00051
    2  !p+!              21      2212    0           5           0     -0.00000      0.00000    130.00000    130.00339      0.93827
 ==================================================================================================================================
    3  !e-!              21        11    1           0           0      1.77441      2.66171     -8.79573      9.35938      0.00051
    4  !gamma!           21        22    1           0           0     -1.77441     -2.66171     -1.20427      0.64062     -3.35755
    5  !p+!              21      2212    2           0           0     -0.00000      0.00000    130.00000    130.00339      0.93827
    6  !gamma!           21        22    4           0           0     -1.77767     -2.66660     -1.19528      0.65299     -3.35755
    7  !u!               21         2    5           0           0      0.00008      0.00011      3.04940      3.04940      0.00000
    8  !gamma!           21        22    6           0           0     -1.77767     -2.66660     -1.19528      0.65299     -3.35755
    9  !u!               21         2    7           0           0      0.00008      0.00011      3.04940      3.04940      0.00000
   10  !u!               21         2    9           0           0     -1.77759     -2.66648      1.85412      3.70240      0.00000
 ==================================================================================================================================
   11  e-                 1        11    3           0           0      1.77441      2.66171     -8.79573      9.35938      0.00051
   12  (ud_0)        A   12      2101    5          16          16      0.03162     -0.30219    125.78955    125.79125      0.57933
   13  (g)           I   12        21   10          16          16     -0.00933      0.21121      0.44017      0.48831      0.00000
   14  (g)           I   12        21   10          16          16     -1.16218     -1.02005      0.34849      1.58512      0.00000
   15  (u)           V   11         2   10          16          16     -0.63453     -1.55068      2.21751      2.77931      0.00000
 ==================================================================================================================================
   16  (string)          11        92   12          17          23     -1.77441     -2.66171    128.79573    130.64400     21.66293
   17  n0                 1      2112   16           0           0      0.19148     -0.28198     91.92510     91.93053      0.93957
   18  (omega)           11       223   16          24          26     -0.71528      0.23781     26.69385     26.71733      0.82800
   19  (Deltabar+)       11     -1114   16          27          28     -0.14430     -0.50853      2.30499      2.63931      1.17199
   20  (Sigma*-)         11      3114   16          29          30      0.15852     -0.07718      5.42067      5.59849      1.38864
   21  K+                 1       321   16           0           0     -0.79378     -0.62991      0.50695      1.23592      0.49360
   22  (pi0)             11       111   16          31          32     -0.14407     -1.10503      1.55885      1.92096      0.13498
   23  (pi0)             11       111   16          33          34     -0.32699     -0.29690      0.38532      0.60147      0.13498
   24  pi+                1       211   18           0           0     -0.21992     -0.15601      9.00414      9.00926      0.13957
   25  pi-                1      -211   18           0           0     -0.25340      0.26288      5.22979      5.24438      0.13957
   26  (pi0)             11       111   18          35          36     -0.24196      0.13093     12.45992     12.46369      0.13498
   27  nbar0              1     -2112   19           0           0      0.01556     -0.30622      1.86281      2.10876      0.93957
   28  pi+                1       211   19           0           0     -0.15986     -0.20231      0.44218      0.53055      0.13957
   29  (Sigma0)          11      3212   20          37          38      0.07918     -0.15411      4.38237      4.54503      1.19255
   30  pi-                1      -211   20           0           0      0.07934      0.07692      1.03830      1.05345      0.13957
   31  gamma              1        22   22           0           0     -0.08632     -0.27882      0.46325      0.54753      0.00000
   32  gamma              1        22   22           0           0     -0.05775     -0.82621      1.09560      1.37343      0.00000
   33  gamma              1        22   23           0           0     -0.00757     -0.06262      0.03228      0.07086      0.00000
   34  gamma              1        22   23           0           0     -0.31942     -0.23428      0.35304      0.53061      0.00000
   35  gamma              1        22   26           0           0     -0.12218      0.13991      7.93483      7.93701      0.00000
   36  gamma              1        22   26           0           0     -0.11978     -0.00898      4.52509      4.52669      0.00000
   37  (Lambda0)         11      3122   29          39          40      0.13703     -0.18531      4.12932      4.28359      1.11568
   38  gamma              1        22   29           0           0     -0.05785      0.03120      0.25305      0.26144      0.00000
   39  p+                 1      2212   37           0           0      0.15061     -0.06728      3.57485      3.69961      0.93827
   40  pi-                1      -211   37           0           0     -0.01358     -0.11803      0.55447      0.58398      0.13957
 ==================================================================================================================================
                   sum charge:  0.00   sum momentum and inv. mass:     -0.00000     -0.00000    120.00000    140.00339     72.11760



                            Event listing (standard)

    I  particle/jet  K(I,1)   K(I,2) K(I,3)     K(I,4)      K(I,5)       P(I,1)       P(I,2)       P(I,3)       P(I,4)       P(I,5)

    1  !e-!              21        11    0           3           4      0.00000      0.00000    -10.00000     10.00000      0.00051
    2  !p+!              21      2212    0           5           0     -0.00000      0.00000    130.00000    130.00339      0.93827
 ==================================================================================================================================
    3  !e-!              21        11    1           0           0      3.54555      1.38507     -8.74684      9.53921      0.00051
    4  !gamma!           21        22    1           0           0     -3.54555     -1.38507     -1.25316      0.46079     -3.98089
    5  !p+!              21      2212    2           0           0     -0.00000     -0.00000    130.00000    130.00339      0.93827
    6  !gamma!           21        22    4           0           0     -3.55255     -1.38781     -1.23739      0.47994     -3.98089
    7  !ubar!            21        -2    5           0           0      0.00025      0.00010      4.61337      4.61337      0.00000
    8  !gamma!           21        22    6           0           0     -3.55255     -1.38781     -1.23739      0.47994     -3.98089
    9  !ubar!            21        -2    7           0           0      0.00025      0.00010      4.61337      4.61337      0.00000
   10  !ubar!            21        -2    9           0           0     -3.55231     -1.38771      3.37598      5.09331      0.00000
 ==================================================================================================================================
   11  p+                 1      2212    5           0           0     -0.09777     -0.28157     37.55974     37.57264      0.93827
   12  e-                 1        11    3           0           0      3.54555      1.38507     -8.74684      9.53921      0.00051
   13  (u)           A   12         2    5          17          17      0.10557      0.20257     85.07181     85.07275      0.33000
   14  (g)           I   12        21   10          17          17     -0.16899      0.19243      1.42305      1.44591      0.00000
   15  (g)           I   12        21   10          17          17     -2.06670     -0.07238      3.58232      4.13637      0.00000
   16  (ubar)        V   11        -2   10          17          17     -1.31766     -1.42612      1.10992      2.23650      0.00000
 ==================================================================================================================================
   17  (string)          11        92   13          18          24     -3.44778     -1.10350     91.18709     92.89153     17.33913
   18  (omega)           11       223   17          25          27     -0.28625      0.04831     74.23178     74.23651      0.78673
   19  (rho+)            11       213   17          28          29     -0.07525      0.44670      4.21028      4.27834      0.61037
   20  (pi0)             11       111   17          30          31      0.07145     -0.24956      4.85431      4.86312      0.13498
   21  (omega)           11       223   17          32          34     -1.24813     -0.61089      2.99014      3.38914      0.78377
   22  pi-                1      -211   17           0           0     -0.56982      0.16571      2.65777      2.72679      0.13957
   23  (pi0)             11       111   17          35          37     -0.00965      0.44234      0.56118      0.72726      0.13498
   24  (rho0)            11       113   17          38          39     -1.33013     -1.34611      1.68164      2.67037      0.84955
   25  pi-                1      -211   18           0           0      0.10026      0.11692     11.06162     11.06357      0.13957
   26  pi+                1       211   18           0           0     -0.30282     -0.15998     30.02875     30.03102      0.13957
   27  (pi0)             11       111   18          40          41     -0.08369      0.09136     33.14142     33.14192      0.13498
   28  pi+                1       211   19           0           0     -0.07551      0.31747      0.97366      1.03633      0.13957
   29  (pi0)             11       111   19          42          43      0.00027      0.12923      3.23662      3.24201      0.13498
   30  gamma              1        22   20           0           0      0.04021     -0.15462      3.96379      3.96701      0.00000
   31  gamma              1        22   20           0           0      0.03124     -0.09494      0.89052      0.89611      0.00000
   32  pi+                1       211   21           0           0     -0.01828      0.01331      0.29597      0.32801      0.13957
   33  pi-                1      -211   21           0           0     -0.35502     -0.14260      1.12300      1.19457      0.13957
   34  (pi0)             11       111   21          44          45     -0.87483     -0.48161      1.57116      1.86656      0.13498
   35  gamma              1        22   23           0           0      0.05845      0.17575      0.26087      0.31993      0.00000
   36  e-                 1        11   23           0           0     -0.06384      0.24712      0.27768      0.37717      0.00051
   37  e+                 1       -11   23           0           0     -0.00427      0.01946      0.02263      0.03016      0.00051
   38  pi+                1       211   24           0           0     -0.96913     -0.70881      1.45390      1.89074      0.13957
   39  pi-                1      -211   24           0           0     -0.36100     -0.63730      0.22774      0.77963      0.13957
   40  gamma              1        22   27           0           0     -0.01087      0.02750      1.21576      1.21612      0.00000
   41  gamma              1        22   27           0           0     -0.07282      0.06386     31.92566     31.92580      0.00000
   42  gamma              1        22   29           0           0      0.05323      0.00993      0.73862      0.74060      0.00000
   43  gamma              1        22   29           0           0     -0.05296      0.11930      2.49800      2.50141      0.00000
   44  gamma              1        22   34           0           0     -0.12804     -0.04290      0.29257      0.32223      0.00000
   45  gamma              1        22   34           0           0     -0.74678     -0.43870      1.27860      1.54433      0.00000
 ==================================================================================================================================
                   sum charge:  0.00   sum momentum and inv. mass:     -0.00000      0.00000    120.00000    140.00339     72.11760



                            Event listing (standard)

    I  particle/jet  K(I,1)   K(I,2) K(I,3)     K(I,4)      K(I,5)       P(I,1)       P(I,2)       P(I,3)       P(I,4)       P(I,5)

    1  !e-!              21        11    0           3           4      0.00000      0.00000    -10.00000     10.00000      0.00051
    2  !p+!              21      2212    0           5           0     -0.00000      0.00000    130.00000    130.00339      0.93827
 ==================================================================================================================================
    3  !e-!              21        11    1           0           0      4.42079      3.44912     -2.62607      6.19161      0.00051
    4  !gamma!           21        22    1           0           0     -4.42079     -3.44912     -7.37393      3.80839     -8.44457
    5  !p+!              21      2212    2           0           0     -0.00000      0.00000    130.00000    130.00339      0.93827
    6  !gamma!           21        22    4           0           0     -4.42213     -3.45017     -7.37423      3.81147     -8.44457
    7  !u!               21         2    5           0           0      0.00003      0.00003      3.18757      3.18757      0.00000
    8  !gamma!           21        22    6           0           0     -4.42213     -3.45017     -7.37423      3.81147     -8.44457
    9  !u!               21         2    7           0           0      0.00003      0.00003      3.18757      3.18757      0.00000
   10  !u!               21         2    9           0           0     -4.42209     -3.45014     -4.18667      6.99904      0.00000
 ==================================================================================================================================
   11  e-                 1        11    3           0           0      4.42079      3.44912     -2.62607      6.19161      0.00051
   12  (ud_0)        A   12      2101    5          16          16     -0.49499      0.49129    123.06345    123.06679      0.57933
   13  (g)           I   12        21   10          16          16      0.81469     -1.53696      3.24241      3.67956      0.00000
   14  (g)           I   12        21   10          16          16     -0.14106      0.46422     -0.77925      0.91795      0.00000
   15  (u)           V   11         2   10          16          16     -4.59943     -2.86767     -2.90054      6.14747      0.00000
 ==================================================================================================================================
   16  (string)          11        92   12          17          26     -4.42079     -3.44912    122.62607    133.81178     53.26348
   17  p+                 1      2212   16           0           0     -0.52628      0.48509     91.98234     91.98991      0.93827
   18  (omega)           11       223   16          27          29     -0.39403     -0.37526     13.66088     13.69394      0.77998
   19  (eta)             11       221   16          30          32      0.39101      0.60249      6.02963      6.09689      0.54745
   20  (eta)             11       221   16          33          35      0.39112     -0.93212     11.44101     11.49862      0.54745
   21  pbar-              1     -2212   16           0           0     -0.25925      0.04349      2.04251      2.26302      0.93827
   22  p+                 1      2212   16           0           0      0.37433     -0.60504      0.37281      1.23512      0.93827
   23  (rho0)            11       113   16          36          37     -1.23131     -0.14793     -0.88019      1.68873      0.73421
   24  (K*-)             11      -323   16          38          39     -0.19280     -1.27219     -0.45365      1.62904      0.89012
   25  (K0)              11       311   16          40          40     -2.28795     -0.91024     -0.83416      2.64703      0.49767
   26  pi+                1       211   16           0           0     -0.68563     -0.33740     -0.73510      1.06948      0.13957
   27  pi-                1      -211   18           0           0     -0.08007     -0.39892      5.74363      5.75971      0.13957
   28  pi+                1       211   18           0           0     -0.11958      0.05763      1.47227      1.48481      0.13957
   29  (pi0)             11       111   18          41          42     -0.19438     -0.03397      6.44498      6.44942      0.13498
   30  (pi0)             11       111   19          43          44      0.16327      0.18383      2.28716      2.30429      0.13498
   31  (pi0)             11       111   19          45          46     -0.01065      0.04065      1.12095      1.12983      0.13498
   32  (pi0)             11       111   19          47          48      0.23839      0.37800      2.62152      2.66277      0.13498
   33  pi+                1       211   20           0           0      0.10557     -0.46251      3.85809      3.88965      0.13957
   34  pi-                1      -211   20           0           0      0.12450     -0.31862      4.26613      4.28210      0.13957
   35  (pi0)             11       111   20          49          50      0.16105     -0.15099      3.31679      3.32686      0.13498
   36  pi-                1      -211   23           0           0     -0.30968      0.12009      0.02619      0.36123      0.13957
   37  pi+                1       211   23           0           0     -0.92163     -0.26802     -0.90638      1.32750      0.13957
   38  (Kbar0)           11      -311   24          51          51     -0.01198     -0.51365     -0.43388      0.83660      0.49767
   39  pi-                1      -211   24           0           0     -0.18082     -0.75854     -0.01978      0.79244      0.13957
   40  K_L0               1       130   25           0           0     -2.28795     -0.91024     -0.83416      2.64703      0.49767
   41  gamma              1        22   29           0           0     -0.03496     -0.05648      1.09670      1.09871      0.00000
   42  gamma              1        22   29           0           0     -0.15942      0.02251      5.34828      5.35070      0.00000
   43  gamma              1        22   30           0           0     -0.00076      0.06815      0.91450      0.91704      0.00000
   44  gamma              1        22   30           0           0      0.16404      0.11569      1.37266      1.38725      0.00000
   45  gamma              1        22   31           0           0      0.05016      0.05157      0.78139      0.78469      0.00000
   46  gamma              1        22   31           0           0     -0.06081     -0.01092      0.33956      0.34514      0.00000
   47  gamma              1        22   32           0           0      0.25011      0.32012      2.21006      2.24708      0.00000
   48  gamma              1        22   32           0           0     -0.01171      0.05788      0.41147      0.41568      0.00000
   49  gamma              1        22   35           0           0      0.02622     -0.11566      1.65415      1.65840      0.00000
   50  gamma              1        22   35           0           0      0.13484     -0.03534      1.66263      1.66847      0.00000
   51  K_L0               1       130   38           0           0     -0.01198     -0.51365     -0.43388      0.83660      0.49767
 ==================================================================================================================================
                   sum charge:  0.00   sum momentum and inv. mass:      0.00000     -0.00000    120.00000    140.00339     72.11760

 Advisory warning: maximum violated by  1.803D+00 in event     132
 XSEC(96,1) increased to  2.089D-02

 Advisory warning: maximum violated by  1.181D+00 in event     280
 XSEC(96,1) increased to  2.467D-02

 Advisory warning: maximum violated by  1.145D+00 in event    1447
 XSEC(96,1) increased to  2.826D-02

 Advisory warning: maximum violated by  1.084D+00 in event    2662
 XSEC(96,1) increased to  3.064D-02

 Advisory warning: maximum violated by  1.007D+00 in event    5284
 XSEC(96,1) increased to  3.086D-02

 Advisory warning: maximum violated by  1.370D+00 in event    6340
 XSEC(96,1) increased to  4.227D-02
1********* PYSTAT:  Statistics on Number of Events and Cross-sections *********

 ==============================================================================
 I                                  I                            I            I
 I            Subprocess            I      Number of points      I    Sigma   I
 I                                  I                            I            I
 I----------------------------------I----------------------------I    (mb)    I
 I                                  I                            I            I
 I N:o Type                         I    Generated         Tried I            I
 I                                  I                            I            I
 ==============================================================================
 I                                  I                            I            I
 I   0 All included subprocesses    I       500000      77606367 I  4.718D-05 I
 I  11 f + f' -> f + f' (QCD)       I         2249             0 I  3.998D-07 I
 I  12 f + fbar -> f' + fbar'       I           44             0 I  1.008D-08 I
 I  13 f + fbar -> g + g            I           38             0 I  5.685D-09 I
 I  28 f + g -> f + g               I         5419             0 I  8.474D-07 I
 I  53 g + g -> f + fbar            I           66             0 I  8.143D-09 I
 I  68 g + g -> g + g               I         2716             0 I  3.457D-07 I
 I  91 Elastic scattering           I         6933       5664080 I  6.263D-07 I
 I  92 Single diffractive (XB)      I         3258       4358735 I  3.011D-07 I
 I  93 Single diffractive (AX)      I         2412       3543961 I  2.164D-07 I
 I  94 Double  diffractive          I         1959       3826780 I  1.562D-07 I
 I  95 Low-pT scattering            I        13484         81096 I  1.002D-06 I
 I  99 q + gamma* -> q              I       454761      21159523 I  4.262D-05 I
 I 131 f + gamma*_T -> f + g        I         2906       2046835 I  2.757D-07 I
 I 132 f + gamma*_L -> f + g        I          202         99470 I  1.835D-08 I
 I 135 g + gamma*_T -> f + fbar     I         2618       5794306 I  2.600D-07 I
 I 136 g + gamma*_L -> f + fbar     I          935        941116 I  8.878D-08 I
 I                                  I                            I            I
 ==============================================================================
 I                                  I                            I            I
 I   1 VMD * hadron                 I        12881      36507456 I  1.537D-06 I
 I   2 direct * hadron              I         6661       8881727 I  6.428D-07 I
 I   3 anomalous * hadron           I        25697      11057661 I  2.381D-06 I
 I   4 DIS * hadron                 I       454761      21159523 I  4.262D-05 I
 I                                  I                            I            I
 ==============================================================================

 ********* Total number of errors, excluding junctions =        0 *************
 ********* Total number of errors, including junctions =        0 *************
 ********* Total number of warnings =                           0 *************
 ********* Fraction of events that fail fragmentation cuts =  0.00796 *********

1************ PYSTAT: User-Defined Limits on Kinematical Variables ************

 ==============================================================================
 I                                                                            I
 I                 0.000D+00 <  m_hard (GeV/c^2)  <  3.300D+01                I
 I    0.000D+00 ( 1.000D+00) <  p_T_hard (GeV/c)  <  1.650D+01                I
 I                             m_finite (GeV/c^2) =  1.000D+00                I
 I                -1.000D+01 <    y*_subsystem    <  1.000D+01                I
 I                -4.000D+01 <      y*_large      <  4.000D+01                I
 I                -4.000D+01 <      y*_small      <  4.000D+01                I
 I                -4.000D+01 <     eta*_large     <  4.000D+01                I
 I                -4.000D+01 <     eta*_small     <  4.000D+01                I
 I                -1.000D+00 < cos(theta*)_large  <  1.000D+00                I
 I                -1.000D+00 < cos(theta*)_small  <  1.000D+00                I
 I                 0.000D+00 <        x_1         <  1.000D+00                I
 I                 0.000D+00 <        x_2         <  1.000D+00                I
 I                -1.000D+00 <        x_F         <  1.000D+00                I
 I                -1.000D+00 <  cos(theta_hard)   <  1.000D+00                I
 I                 2.000D+00 < m'_hard (GeV/c^2)  <  3.300D+01                I
 I                                                                            I
 ==============================================================================
 The charm mass used is:    1.5000000000000000     
 ===================================================
 Pythia total cross section normalisation:   4.7183042193651541E-002  microbarn
 Total Number of generated events      500000
 Total Number of trials      500000
 ===================================================

 ===== PDFSTA statistics for PDF under/over-flows ====

 ====== STRUCTM statistics for nucleon/pion PDFs =====

   total # of calls    40427708.000000000     
   X  below PDF min    0.0000000000000000       or    0.0000000000000000       %
   X  above PDF max    0.0000000000000000       or    0.0000000000000000       %
   Q2 below PDF min    0.0000000000000000       or    0.0000000000000000       %
   Q2 above PDF max    0.0000000000000000       or    0.0000000000000000       %

 ========= STRUCTP statistics for photon PDFs ========

   total # of calls    0.0000000000000000     

