1                                                                              
 ******************************************************************************
 ******************************************************************************
 **                                                                          **
 **                                                                          **
 **              *......*                  Welcome to the Lund Monte Carlo!  **
 **         *:::!!:::::::::::*                                               **
 **      *::::::!!::::::::::::::*          PPP  Y   Y TTTTT H   H III   A    **
 **    *::::::::!!::::::::::::::::*        P  P  Y Y    T   H   H  I   A A   **
 **   *:::::::::!!:::::::::::::::::*       PPP    Y     T   HHHHH  I  AAAAA  **
 **   *:::::::::!!:::::::::::::::::*       P      Y     T   H   H  I  A   A  **
 **    *::::::::!!::::::::::::::::*!       P      Y     T   H   H III A   A  **
 **      *::::::!!::::::::::::::* !!                                         **
 **      !! *:::!!:::::::::::*    !!       This is PYTHIA version 6.428      **
 **      !!     !* -><- *         !!       Last date of change:  5 Sep 2013  **
 **      !!     !!                !!                                         **
 **      !!     !!                !!       Now is  0 Jan 2000 at  0:00:00    **
 **      !!                       !!                                         **
 **      !!        lh             !!       Disclaimer: this program comes    **
 **      !!                       !!       without any guarantees. Beware    **
 **      !!                 hh    !!       of errors and use common sense    **
 **      !!    ll                 !!       when interpreting results.        **
 **      !!                       !!                                         **
 **      !!                                Copyright T. Sjostrand (2011)     **
 **                                                                          **
 ** An archive of program versions and documentation is found on the web:    **
 ** http://www.thep.lu.se/~torbjorn/Pythia.html                              **
 **                                                                          **
 ** When you cite this program, the official reference is to the 6.4 manual: **
 ** T. Sjostrand, S. Mrenna and P. Skands, JHEP05 (2006) 026                 **
 ** (LU TP 06-13, FERMILAB-PUB-06-052-CD-T) [hep-ph/0603175].                **
 **                                                                          **
 ** Also remember that the program, to a large extent, represents original   **
 ** physics research. Other publications of special relevance to your        **
 ** studies may therefore deserve separate mention.                          **
 **                                                                          **
 ** Main author: Torbjorn Sjostrand; Department of Theoretical Physics,      **
 **   Lund University, Solvegatan 14A, S-223 62 Lund, Sweden;                **
 **   phone: + 46 - 46 - 222 48 16; e-mail: torbjorn@thep.lu.se              **
 ** Author: Stephen Mrenna; Computing Division, GDS Group,                   **
 **   Fermi National Accelerator Laboratory, MS 234, Batavia, IL 60510, USA; **
 **   phone: + 1 - 630 - 840 - 2556; e-mail: mrenna@fnal.gov                 **
 ** Author: Peter Skands; CERN/PH-TH, CH-1211 Geneva, Switzerland            **
 **   phone: + 41 - 22 - 767 24 47; e-mail: peter.skands@cern.ch             **
 **                                                                          **
 **                                                                          **
 ******************************************************************************
 ******************************************************************************
     MSEL           changed from              1 to              2
     MSTP(14)       changed from             30 to             30
     MSTP(15)       changed from              0 to              0
     MSTP(16)       changed from              1 to              1
     MSTP(17)       changed from              4 to              4
     MSTP(18)       changed from              3 to              3
     MSTP(19)       changed from              4 to              1
     MSTP(20)       changed from              3 to              0
     MSTP(32)       changed from              8 to              8
     MSTP(38)       changed from              5 to              4
     MSTP(51)       changed from              7 to          10050
     MSTP(52)       changed from              1 to              2
     MSTP(53)       changed from              3 to              3
     MSTP(54)       changed from              1 to              1
     MSTP(55)       changed from              5 to              5
     MSTP(56)       changed from              1 to              1
     MSTP(57)       changed from              1 to              1
     MSTP(58)       changed from              5 to              5
     MSTP(59)       changed from              1 to              1
     MSTP(60)       changed from              7 to              7
     MSTP(61)       changed from              2 to              2
     MSTP(71)       changed from              1 to              1
     MSTP(81)       changed from              1 to              0
     MSTP(82)       changed from              4 to              1
     MSTP(91)       changed from              1 to              1
     MSTP(92)       changed from              3 to              3
     MSTP(93)       changed from              1 to              1
     MSTP(101)      changed from              3 to              3
     MSTP(102)      changed from              1 to              1
     MSTP(111)      changed from              1 to              1
     MSTP(121)      changed from              0 to              0
     PARP(13)       changed from        1.00000 to        1.00000
     PARP(18)       changed from        0.40000 to        0.40000
     PARP(81)       changed from        1.90000 to        1.90000
     PARP(89)       changed from     1800.00000 to     1800.00000
     PARP(90)       changed from        0.25000 to        0.16000
     PARP(91)       changed from        2.00000 to        0.40000
     PARP(93)       changed from        5.00000 to        5.00000
     PARP(99)       changed from        1.00000 to        0.40000
     PARP(100)      changed from        5.00000 to        5.00000
     PARP(102)      changed from        0.28000 to        0.28000
     PARP(103)      changed from        1.00000 to        1.00000
     PARP(104)      changed from        0.80000 to        0.80000
     PARP(111)      changed from        2.00000 to        2.00000
     PARP(161)      changed from        2.20000 to        3.00000
     PARP(162)      changed from       23.60000 to       24.60000
     PARP(163)      changed from       18.40000 to       18.80000
     PARP(164)      changed from       11.50000 to       11.50000
     PARP(165)      changed from        0.50000 to        0.47679
     PARP(166)      changed from        0.00000 to        0.67597
     PARJ(1)        changed from        0.10000 to        0.10000
     PARJ(2)        changed from        0.30000 to        0.30000
     PARJ(11)       changed from        0.50000 to        0.50000
     PARJ(12)       changed from        0.60000 to        0.60000
     PARJ(21)       changed from        0.36000 to        0.40000
     PARJ(32)       changed from        1.00000 to        1.00000
     PARJ(33)       changed from        0.80000 to        0.80000
     PARJ(41)       changed from        0.30000 to        0.30000
     PARJ(42)       changed from        0.58000 to        0.58000
     PARJ(45)       changed from        0.50000 to        0.50000
     MSTJ(1)        changed from              1 to              1
     MSTJ(12)       changed from              2 to              1
     MSTJ(45)       changed from              5 to              5
     MSTU(112)      changed from              5 to              5
     MSTU(113)      changed from              3 to              5
     MSTU(114)      changed from              5 to              5
     CKIN(1)        changed from        2.00000 to        1.00000
     CKIN(2)        changed from       -1.00000 to       -1.00000
     CKIN(3)        changed from        0.00000 to        0.00000
     CKIN(4)        changed from       -1.00000 to       -1.00000
     CKIN(5)        changed from        1.00000 to        1.00000
     CKIN(6)        changed from        1.00000 to        1.00000
     CKIN(7)        changed from      -10.00000 to      -10.00000
     CKIN(8)        changed from       10.00000 to       10.00000
     CKIN(9)        changed from      -40.00000 to      -40.00000
     CKIN(10)       changed from       40.00000 to       40.00000
     CKIN(11)       changed from      -40.00000 to      -40.00000
     CKIN(12)       changed from       40.00000 to       40.00000
     CKIN(13)       changed from      -40.00000 to      -40.00000
     CKIN(14)       changed from       40.00000 to       40.00000
     CKIN(15)       changed from      -40.00000 to      -40.00000
     CKIN(16)       changed from       40.00000 to       40.00000
     CKIN(17)       changed from       -1.00000 to       -1.00000
     CKIN(18)       changed from        1.00000 to        1.00000
     CKIN(19)       changed from       -1.00000 to       -1.00000
     CKIN(20)       changed from        1.00000 to        1.00000
     CKIN(21)       changed from        0.00000 to        0.00000
     CKIN(22)       changed from        1.00000 to        1.00000
     CKIN(23)       changed from        0.00000 to        0.00000
     CKIN(24)       changed from        1.00000 to        1.00000
     CKIN(25)       changed from       -1.00000 to       -1.00000
     CKIN(26)       changed from        1.00000 to        1.00000
     CKIN(27)       changed from       -1.00000 to       -1.00000
     CKIN(28)       changed from        1.00000 to        1.00000
     CKIN(31)       changed from        2.00000 to        2.00000
     CKIN(32)       changed from       -1.00000 to       -1.00000
     CKIN(35)       changed from        0.00000 to        0.00000
     CKIN(36)       changed from       -1.00000 to       -1.00000
     CKIN(37)       changed from        0.00000 to        0.00000
     CKIN(38)       changed from       -1.00000 to       -1.00000
     CKIN(39)       changed from        4.00000 to        4.00000
     CKIN(40)       changed from       -1.00000 to       -1.00000
     CKIN(65)       changed from        0.00000 to        0.00000
     CKIN(66)       changed from       -1.00000 to       -1.00000
     CKIN(67)       changed from        0.00000 to        0.00000
     CKIN(68)       changed from       -1.00000 to       -1.00000
     CKIN(77)       changed from        2.00000 to        2.00000
     CKIN(78)       changed from       -1.00000 to       -1.00000
 *********************************************
 NOW all parameters are read by PYTHIA
 *********************************************
 SEED =    676405230
 RANLUX LUXURY LEVEL SET BY RLUXGO : 4     P= 389
 RANLUX INITIALIZED BY RLUXGO FROM SEEDS   676405230           0           0
   2771.0935550343875        10.000000000000000       -2771.0935550343875       -10.0000000    
 *********************************************
 proton beam momentum:   130.000000     GeV
 lepton beam momentum:   10.0000000     GeV
 resulting sqrt(s):   72.117599099066553      GeV
 *********************************************
1****************** PYINIT: initialization of PYTHIA routines *****************
 ==== PYTHIA WILL USE LHAPDF ====
 *************************************
 *       LHAPDF Version 5.9.1        *
 *   Configured for the following:   *
 *             All PDFs              *
 *         FULL MEMORY option        *
 *    Maximum  3 concurrent set(s)   *
 *************************************

 >>>>>> PDF description: <<<<<<
 CTEQ6M                                                          
 Reference:                                                      
 J. Pumplin, D.R. Stump, J. Huston, H.L. Lai, P. Nadolsky,       
 W.K. Tung                                                       
 hep-ph/0201195                                                  
 This set has 41 member PDFs.                                    
     mem=0 --> central value (cteq6m)                            
     mem=1-40 --> 20 sets of +ve/-ve error values                
 >>>>>>                   <<<<<<

 ==============================================
 PDFset name /cvmfs/sft.cern.ch/lcg/external/lhapdfsets/5.9.1/share/PDFsets/cteq6mE.LHgrid   
 with         40 members
 ====  initialized. ===========================
 Strong coupling at Mz for PDF is:  0.11798

 ==============================================================================
 I                                                                            I
 I      PYTHIA will be initialized for gamma/e- on p+ user configuration      I
 I                                                                            I
 I                  px (GeV/c)   py (GeV/c)   pz (GeV/c)      E (GeV)         I
 I        gamma/e-       0.000        0.000      -10.000       10.000         I
 I        p+             0.000        0.000      130.000      130.003         I
 I                                                                            I
 I           corresponding to     72.118 GeV center-of-mass energy            I
 I                                                                            I
 ==============================================================================

 ******** PYMAXI: summary of differential cross-section maximum search ********

           ==========================================================
           I                                      I                 I
           I  ISUB  Subprocess name               I  Maximum value  I
           I                                      I                 I
           ==========================================================
           I                                      I                 I
           I   91   Elastic scattering            I    4.1710D-04   I
           I   92   Single diffractive (XB)       I    3.1940D-04   I
           I   93   Single diffractive (AX)       I    2.6141D-04   I
           I   94   Double  diffractive           I    2.4494D-04   I
           I   95   Low-pT scattering             I    1.9207D-03   I
           I   96   Semihard QCD 2 -> 2           I    1.7479D-02   I
           I                                      I                 I
           ==========================================================

 ******** PYMAXI: summary of differential cross-section maximum search ********

           ==========================================================
           I                                      I                 I
           I  ISUB  Subprocess name               I  Maximum value  I
           I                                      I                 I
           ==========================================================
           I                                      I                 I
           I  131   f + gamma*_T -> f + g         I    1.9221D-04   I
           I  132   f + gamma*_L -> f + g         I    9.2718D-06   I
           I  135   g + gamma*_T -> f + fbar      I    5.4466D-04   I
           I  136   g + gamma*_L -> f + fbar      I    8.8198D-05   I
           I                                      I                 I
           ==========================================================

 ******** PYMAXI: summary of differential cross-section maximum search ********

           ==========================================================
           I                                      I                 I
           I  ISUB  Subprocess name               I  Maximum value  I
           I                                      I                 I
           ==========================================================
           I                                      I                 I
           I   91   Elastic scattering            I    1.0588D-04   I
           I   92   Single diffractive (XB)       I    8.2750D-05   I
           I   93   Single diffractive (AX)       I    6.5818D-05   I
           I   94   Double  diffractive           I    6.3002D-05   I
           I   95   Low-pT scattering             I    5.2345D-04   I
           I   96   Semihard QCD 2 -> 2           I    1.1588D-02   I
           I                                      I                 I
           ==========================================================

 ******** PYMAXI: summary of differential cross-section maximum search ********

           ==========================================================
           I                                      I                 I
           I  ISUB  Subprocess name               I  Maximum value  I
           I                                      I                 I
           ==========================================================
           I                                      I                 I
           I   99   q + gamma* -> q               I    1.9857D-03   I
           I                                      I                 I
           ==========================================================

 ********************** PYINIT: initialization completed **********************
 the outputfile will be named: outfiles/ep_10x130_Q2_100_1000_norad.out                                                                                                                                                                                                                        



                            Event listing (standard)

    I  particle/jet  K(I,1)   K(I,2) K(I,3)     K(I,4)      K(I,5)       P(I,1)       P(I,2)       P(I,3)       P(I,4)       P(I,5)

    1  !e-!              21        11    0           3           4      0.00000      0.00000    -10.00000     10.00000      0.00051
    2  !p+!              21      2212    0           5           0     -0.00000      0.00000    130.00000    130.00339      0.93827
 ==================================================================================================================================
    3  !e-!              21        11    1           0           0     -2.72413      9.53963     -6.98792     12.13493      0.00051
    4  !gamma!           21        22    1           0           0      2.72413     -9.53963     -3.01208     -2.13493    -10.14594
    5  !p+!              21      2212    2           0           0     -0.00000      0.00000    130.00000    130.00339      0.93827
    6  !gamma!           21        22    4           0           0      2.73459     -9.57627     -2.57380     -1.69326    -10.14594
    7  !u!               21         2    5           0           0     -0.00470      0.01647     58.25928     58.25929      0.00000
    8  !gamma!           21        22    6           0           0      2.73459     -9.57627     -2.57380     -1.69326    -10.14594
    9  !u!               21         2    7           0           0     -0.00470      0.01647     58.25928     58.25929      0.00000
   10  !u!               21         2    9           0           0      2.72988     -9.55979     55.68549     56.56603      0.00000
 ==================================================================================================================================
   11  e-                 1        11    3           0           0     -2.72413      9.53963     -6.98792     12.13493      0.00051
   12  (ud_0)        A   12      2101    5          15          15     -0.01840      0.34089     60.04354     60.04730      0.57933
   13  (g)           I   12        21   10          15          15      0.10670      0.04330      7.19562      7.19654      0.00000
   14  (u)           V   11         2   10          15          15      2.63582     -9.92382     59.74876     60.62462      0.00000
 ==================================================================================================================================
   15  (string)          11        92   12          16          19      2.72413     -9.53963    126.98792    127.86846     11.22437
   16  (Lambda0)         11      3122   15          20          21      0.12273     -0.77869     51.62417     51.64224      1.11568
   17  (phi)             11       333   15          22          23      0.53802      0.77707     11.50030     11.58404      1.01969
   18  (K*0)             11       313   15          24          25      0.03965     -1.88964     13.01090     13.17172      0.79898
   19  (rho+)            11       213   15          26          27      2.02373     -7.64837     50.85255     51.47046      0.79595
   20  n0                 1      2112   16           0           0      0.00427     -0.68564     44.53302     44.54820      0.93957
   21  (pi0)             11       111   16          28          29      0.11845     -0.09305      7.09115      7.09404      0.13498
   22  (rho-)            11      -213   17          30          31      0.35220      0.34840      4.29943      4.36668      0.58083
   23  pi+                1       211   17           0           0      0.18582      0.42867      7.20087      7.21736      0.13957
   24  K+                 1       321   18           0           0     -0.11160     -0.84343      6.54350      6.61701      0.49360
   25  pi-                1      -211   18           0           0      0.15125     -1.04621      6.46740      6.55471      0.13957
   26  pi+                1       211   19           0           0      1.38704     -5.36347     37.68882     38.09406      0.13957
   27  (pi0)             11       111   19          32          33      0.63669     -2.28490     13.16373     13.37641      0.13498
   28  gamma              1        22   21           0           0      0.02572     -0.06744      1.24387      1.24596      0.00000
   29  gamma              1        22   21           0           0      0.09273     -0.02561      5.84728      5.84808      0.00000
   30  pi-                1      -211   22           0           0     -0.07464      0.25114      2.01695      2.03868      0.13957
   31  (pi0)             11       111   22          34          35      0.42684      0.09726      2.28247      2.32799      0.13498
   32  gamma              1        22   27           0           0      0.25499     -0.95782      5.13466      5.22945      0.00000
   33  gamma              1        22   27           0           0      0.38169     -1.32709      8.02907      8.14695      0.00000
   34  gamma              1        22   31           0           0      0.32206      0.01085      1.58797      1.62034      0.00000
   35  gamma              1        22   31           0           0      0.10478      0.08641      0.69450      0.70765      0.00000
 ==================================================================================================================================
                   sum charge:  0.00   sum momentum and inv. mass:      0.00000     -0.00000    120.00000    140.00339     72.11760



                            Event listing (standard)

    I  particle/jet  K(I,1)   K(I,2) K(I,3)     K(I,4)      K(I,5)       P(I,1)       P(I,2)       P(I,3)       P(I,4)       P(I,5)

    1  !e-!              21        11    0           3           4      0.00000      0.00000    -10.00000     10.00000      0.00051
    2  !p+!              21      2212    0           5           0     -0.00000      0.00000    130.00000    130.00339      0.93827
 ==================================================================================================================================
    3  !e-!              21        11    1           0           0      9.33150      1.14303     -5.48978     10.88674      0.00051
    4  !gamma!           21        22    1           0           0     -9.33150     -1.14303     -4.51022     -0.88674    -10.38938
    5  !p+!              21      2212    2           0           0      0.00000      0.00000    130.00000    130.00339      0.93827
    6  !gamma!           21        22    4           0           0     -9.34022     -1.14410     -4.48662     -0.85975    -10.38938
    7  !u!               21         2    5           0           0      0.00100      0.00012     14.87790     14.87790      0.00000
    8  !gamma!           21        22    6           0           0     -9.34022     -1.14410     -4.48662     -0.85975    -10.38938
    9  !u!               21         2    7           0           0      0.00100      0.00012     14.87790     14.87790      0.00000
   10  !u!               21         2    9           0           0     -9.33922     -1.14398     10.39127     14.01814      0.00000
 ==================================================================================================================================
   11  e-                 1        11    3           0           0      9.33150      1.14303     -5.48978     10.88674      0.00051
   12  (ud_0)        A   12      2101    5          17          17      0.01350     -0.00962    109.48925    109.49078      0.57933
   13  (g)           I   12        21   10          17          17     -3.56757      0.82207      8.23599      9.01304      0.00000
   14  (g)           I   12        21   10          17          17     -1.03909      0.77596      1.87114      2.27662      0.00000
   15  (g)           I   12        21   10          17          17     -0.88189     -0.05788      2.17922      2.35161      0.00000
   16  (u)           V   11         2   10          17          17     -3.85645     -2.67357      3.71418      5.98459      0.00000
 ==================================================================================================================================
   17  (string)          11        92   12          18          25     -9.33150     -1.14303    125.48978    129.11665     28.89707
   18  n0                 1      2112   17           0           0      0.26879     -0.17313     69.77866     69.78572      0.93957
   19  (Kbar0)           11      -311   17          26          26     -0.45448      0.61010     32.26082     32.27362      0.49767
   20  (K*+)             11       323   17          27          28     -0.26335     -0.17387      6.37370      6.44242      0.88386
   21  pbar-              1     -2212   17           0           0     -2.00637      0.48846      4.78159      5.29226      0.93827
   22  p+                 1      2212   17           0           0     -1.36422     -0.43969      5.16107      5.43796      0.93827
   23  pi-                1      -211   17           0           0     -1.51672      0.83768      2.49346      3.03957      0.13957
   24  nbar0              1     -2112   17           0           0     -1.21559     -0.63472      1.53178      2.26046      0.93957
   25  p+                 1      2212   17           0           0     -2.77957     -1.65786      3.10871      4.58464      0.93827
   26  (K_S0)            11       310   19          29          30     -0.45448      0.61010     32.26082     32.27362      0.49767
   27  (K0)              11       311   20          31          31      0.07536     -0.20008      2.97205      3.02101      0.49767
   28  pi+                1       211   20           0           0     -0.33872      0.02621      3.40165      3.42142      0.13957
   29  pi+                1       211   26           0           0     -0.24657      0.56558     25.89925     25.90697      0.13957
   30  pi-                1      -211   26           0           0     -0.20791      0.04452      6.36157      6.36665      0.13957
   31  K_L0               1       130   27           0           0      0.07536     -0.20008      2.97205      3.02101      0.49767
 ==================================================================================================================================
                   sum charge:  0.00   sum momentum and inv. mass:      0.00000      0.00000    120.00000    140.00339     72.11760



                            Event listing (standard)

    I  particle/jet  K(I,1)   K(I,2) K(I,3)     K(I,4)      K(I,5)       P(I,1)       P(I,2)       P(I,3)       P(I,4)       P(I,5)

    1  !e-!              21        11    0           3           4      0.00000      0.00000    -10.00000     10.00000      0.00051
    2  !p+!              21      2212    0           5           0     -0.00000      0.00000    130.00000    130.00339      0.93827
 ==================================================================================================================================
    3  !e-!              21        11    1           0           0    -11.50731      8.52558     -0.98887     14.35554      0.00051
    4  !gamma!           21        22    1           0           0     11.50731     -8.52558     -9.01113     -4.35554    -16.35033
    5  !p+!              21      2212    2           0           0     -0.00000      0.00000    130.00000    130.00339      0.93827
    6  !gamma!           21        22    4           0           0     11.51568     -8.53177     -8.97595     -4.31697    -16.35033
    7  !u!               21         2    5           0           0     -0.00185      0.00137     28.68307     28.68307      0.00000
    8  !gamma!           21        22    6           0           0     11.51568     -8.53177     -8.97595     -4.31697    -16.35033
    9  !u!               21         2    7           0           0     -0.00185      0.00137     28.68307     28.68307      0.00000
   10  !u!               21         2    9           0           0     11.51383     -8.53041     19.70712     24.36610      0.00000
 ==================================================================================================================================
   11  e-                 1        11    3           0           0    -11.50731      8.52558     -0.98887     14.35554      0.00051
   12  (ud_1)        A   12      2103    5          15          15     -0.05200      0.52199     99.98978     99.99413      0.77133
   13  (g)           I   12        21   10          15          15      6.26371     -4.27213     11.54223     13.80971      0.00000
   14  (u)           V   11         2   10          15          15      5.29560     -4.77544      9.45686     11.84401      0.00000
 ==================================================================================================================================
   15  (string)          11        92   12          16          22     11.50731     -8.52558    120.98887    125.64785     30.72411
   16  (Delta0)          11      2114   15          23          24     -0.02427      0.31052     93.60229     93.61266      1.35790
   17  (rho+)            11       213   15          25          26      0.59135     -0.25730      3.29531      3.48268      0.92418
   18  (omega)           11       223   15          27          29      0.23535     -0.08857      2.37167      2.51174      0.78790
   19  (rho-)            11      -213   15          30          31      2.35199     -1.07928      4.42117      5.14335      0.45897
   20  (rho+)            11       213   15          32          33      0.78566     -1.07922      3.13934      3.51342      0.84064
   21  pbar-              1     -2212   15           0           0      2.60261     -2.53315      4.84256      6.12545      0.93827
   22  p+                 1      2212   15           0           0      4.96463     -3.79857      9.31652     11.25853      0.93827
   23  n0                 1      2112   16           0           0     -0.08718      0.29592     48.31274     48.32286      0.93957
   24  (pi0)             11       111   16          34          35      0.06291      0.01459     45.28956     45.28980      0.13498
   25  pi+                1       211   17           0           0      0.41590     -0.52420      2.77111      2.85417      0.13957
   26  (pi0)             11       111   17          36          37      0.17546      0.26690      0.52420      0.62851      0.13498
   27  pi-                1      -211   18           0           0     -0.09567     -0.10142      0.27065      0.33492      0.13957
   28  pi+                1       211   18           0           0      0.22921     -0.08969      1.76017      1.78277      0.13957
   29  (pi0)             11       111   18          38          39      0.10180      0.10255      0.34085      0.39405      0.13498
   30  pi-                1      -211   19           0           0      0.53752     -0.34507      0.89962      1.11211      0.13957
   31  (pi0)             11       111   19          40          41      1.81447     -0.73421      3.52155      4.03124      0.13498
   32  pi+                1       211   20           0           0      0.25370     -0.19456      1.70947      1.74470      0.13957
   33  (pi0)             11       111   20          42          43      0.53196     -0.88467      1.42987      1.76872      0.13498
   34  gamma              1        22   24           0           0      0.04224     -0.02078     41.48297     41.48300      0.00000
   35  gamma              1        22   24           0           0      0.02067      0.03537      3.80658      3.80680      0.00000
   36  gamma              1        22   26           0           0      0.15507      0.27762      0.45144      0.55219      0.00000
   37  gamma              1        22   26           0           0      0.02038     -0.01072      0.07276      0.07632      0.00000
   38  gamma              1        22   29           0           0      0.01276     -0.02942      0.02617      0.04139      0.00000
   39  gamma              1        22   29           0           0      0.08904      0.13197      0.31468      0.35266      0.00000
   40  gamma              1        22   31           0           0      1.00628     -0.45994      1.89366      2.19319      0.00000
   41  gamma              1        22   31           0           0      0.80819     -0.27427      1.62789      1.83805      0.00000
   42  gamma              1        22   33           0           0      0.41626     -0.76254      1.25202      1.52390      0.00000
   43  gamma              1        22   33           0           0      0.11570     -0.12212      0.17785      0.24481      0.00000
 ==================================================================================================================================
                   sum charge:  0.00   sum momentum and inv. mass:      0.00000      0.00000    120.00000    140.00339     72.11760



                            Event listing (standard)

    I  particle/jet  K(I,1)   K(I,2) K(I,3)     K(I,4)      K(I,5)       P(I,1)       P(I,2)       P(I,3)       P(I,4)       P(I,5)

    1  !e-!              21        11    0           3           4      0.00000      0.00000    -10.00000     10.00000      0.00051
    2  !p+!              21      2212    0           5           0     -0.00000      0.00000    130.00000    130.00339      0.93827
 ==================================================================================================================================
    3  !e-!              21        11    1           0           0     -1.16336    -16.45954      1.47706     16.56658      0.00051
    4  !gamma!           21        22    1           0           0      1.16336     16.45954    -11.47706     -6.56658    -18.99665
    5  !p+!              21      2212    2           0           0     -0.00000     -0.00000    130.00000    130.00339      0.93827
    6  !gamma!           21        22    4           0           0      1.16416     16.47088    -11.43434     -6.52047    -18.99665
    7  !u!               21         2    5           0           0     -0.00023     -0.00320     36.70906     36.70906      0.00000
    8  !gamma!           21        22    6           0           0      1.16416     16.47088    -11.43434     -6.52047    -18.99665
    9  !u!               21         2    7           0           0     -0.00023     -0.00320     36.70906     36.70906      0.00000
   10  !u!               21         2    9           0           0      1.16394     16.46768     25.27472     30.18858      0.00000
 ==================================================================================================================================
   11  e-                 1        11    3           0           0     -1.16336    -16.45954      1.47706     16.56658      0.00051
   12  (ud_0)        A   12      2101    5          17          17      0.15808      0.03187     81.19060     81.19283      0.57933
   13  (g)           I   12        21   10          17          17     -2.66309      7.17310     11.57332     13.87397      0.00000
   14  (g)           I   12        21   10          17          17     -0.40565      4.19503     12.97306     13.64050      0.00000
   15  (g)           I   12        21   10          17          17     -0.20073      1.87433      4.47409      4.85498      0.00000
   16  (u)           V   11         2   10          17          17      4.27475      3.18521      8.31187      9.87453      0.00000
 ==================================================================================================================================
   17  (string)          11        92   12          18          27      1.16336     16.45954    118.52294    123.43681     30.27685
   18  n0                 1      2112   17           0           0     -0.07035      0.44747     78.85905     78.86595      0.93957
   19  (Kbar0)           11      -311   17          28          28     -0.33831      0.25002      0.33713      0.73368      0.49767
   20  (K*0)             11       313   17          29          30     -0.94797      2.15391      5.92864      6.43667      0.86256
   21  pi+                1       211   17           0           0     -0.73739      1.32350      3.07577      3.43151      0.13957
   22  (omega)           11       223   17          31          33      0.15560      3.50881      8.88692      9.58767      0.78120
   23  (rho0)            11       113   17          34          35     -0.75063      2.10260      4.10321      4.74759      0.84783
   24  pi-                1      -211   17           0           0      0.34207      0.23604      0.59244      0.73701      0.13957
   25  (Kbar0)           11      -311   17          36          36     -0.50086      2.73728      8.30037      8.76854      0.49767
   26  (K*0)             11       313   17          37          38      2.70302      2.66535      6.14272      7.28637      0.97348
   27  pi+                1       211   17           0           0      1.30818      1.03457      2.29669      2.84182      0.13957
   28  (K_S0)            11       310   19          39          40     -0.33831      0.25002      0.33713      0.73368      0.49767
   29  (K0)              11       311   20          41          41     -0.25916      0.82589      2.58473      2.77088      0.49767
   30  (pi0)             11       111   20          42          43     -0.68881      1.32801      3.34391      3.66579      0.13498
   31  pi-                1      -211   22           0           0      0.11527      1.77593      4.33034      4.68386      0.13957
   32  pi+                1       211   22           0           0     -0.17211      0.42910      1.12408      1.22344      0.13957
   33  (pi0)             11       111   22          44          45      0.21244      1.30378      3.43249      3.68037      0.13498
   34  pi+                1       211   23           0           0     -0.58608      1.73664      3.81341      4.23332      0.13957
   35  pi-                1      -211   23           0           0     -0.16455      0.36596      0.28981      0.51427      0.13957
   36  K_L0               1       130   25           0           0     -0.50086      2.73728      8.30037      8.76854      0.49767
   37  (K0)              11       311   26          46          46      1.08672      0.88084      1.96869      2.46582      0.49767
   38  (pi0)             11       111   26          47          48      1.61630      1.78451      4.17404      4.82055      0.13498
   39  pi+                1       211   28           0           0      0.02798     -0.05734      0.07498      0.17080      0.13957
   40  pi-                1      -211   28           0           0     -0.36629      0.30736      0.26215      0.56289      0.13957
   41  (K_S0)            11       310   29          49          50     -0.25916      0.82589      2.58473      2.77088      0.49767
   42  gamma              1        22   30           0           0     -0.39216      0.82273      1.89081      2.09901      0.00000
   43  gamma              1        22   30           0           0     -0.29665      0.50529      1.45310      1.56678      0.00000
   44  gamma              1        22   33           0           0      0.21065      1.10261      3.00777      3.21042      0.00000
   45  gamma              1        22   33           0           0      0.00179      0.20116      0.42471      0.46995      0.00000
   46  (K_S0)            11       310   37          51          52      1.08672      0.88084      1.96869      2.46582      0.49767
   47  gamma              1        22   38           0           0      0.85960      0.95827      2.09725      2.46082      0.00000
   48  gamma              1        22   38           0           0      0.75670      0.82624      2.07679      2.35973      0.00000
   49  pi-                1      -211   41           0           0      0.06352      0.29541      0.59395      0.68085      0.13957
   50  pi+                1       211   41           0           0     -0.32267      0.53048      1.99078      2.09003      0.13957
   51  pi+                1       211   46           0           0      0.23340      0.04640      0.46874      0.54390      0.13957
   52  pi-                1      -211   46           0           0      0.85333      0.83444      1.49995      1.92192      0.13957
 ==================================================================================================================================
                   sum charge:  0.00   sum momentum and inv. mass:      0.00000     -0.00000    120.00000    140.00339     72.11760



                            Event listing (standard)

    I  particle/jet  K(I,1)   K(I,2) K(I,3)     K(I,4)      K(I,5)       P(I,1)       P(I,2)       P(I,3)       P(I,4)       P(I,5)

    1  !e-!              21        11    0           3           4      0.00000      0.00000    -10.00000     10.00000      0.00051
    2  !p+!              21      2212    0           5           0     -0.00000      0.00000    130.00000    130.00339      0.93827
 ==================================================================================================================================
    3  !e-!              21        11    1           0           0      4.66018      9.03177     -6.89288     12.28015      0.00051
    4  !gamma!           21        22    1           0           0     -4.66018     -9.03177     -3.10712     -2.28015    -10.38005
    5  !p+!              21      2212    2           0           0     -0.00000     -0.00000    130.00000    130.00339      0.93827
    6  !gamma!           21        22    4           0           0     -4.67915     -9.06853     -2.59058     -1.76023    -10.38005
    7  !u!               21         2    5           0           0      0.00947      0.01835     64.62536     64.62536      0.00000
    8  !gamma!           21        22    6           0           0     -4.67915     -9.06853     -2.59058     -1.76023    -10.38005
    9  !u!               21         2    7           0           0      0.00947      0.01835     64.62536     64.62536      0.00000
   10  !u!               21         2    9           0           0     -4.66968     -9.05019     62.03478     62.86514      0.00000
 ==================================================================================================================================
   11  e-                 1        11    3           0           0      4.66018      9.03177     -6.89288     12.28015      0.00051
   12  (u)           A   12         2   10          14          14     -5.01315     -8.91886     62.89971     63.72638      0.00000
   13  (ud_0)        V   11      2101    5          14          14      0.35296     -0.11292     63.99317     63.99686      0.57933
 ==================================================================================================================================
   14  (string)          11        92   12          15          18     -4.66018     -9.03177    126.89288    127.72324     10.39872
   15  pi+                1       211   14           0           0     -3.43136     -6.21907     42.57228     43.16098      0.13957
   16  (eta)             11       221   14          19          21     -1.64249     -2.25638     18.75692     18.97131      0.54745
   17  (rho-)            11      -213   14          22          23     -0.05043     -0.43786     25.00416     25.01776      0.69708
   18  p+                 1      2212   14           0           0      0.46409     -0.11847     40.55951     40.57319      0.93827
   19  gamma              1        22   16           0           0     -1.05105     -1.39063     12.12238     12.24707      0.00000
   20  pi+                1       211   16           0           0     -0.40201     -0.58595      4.09733      4.16084      0.13957
   21  pi-                1      -211   16           0           0     -0.18942     -0.27981      2.53720      2.56341      0.13957
   22  pi-                1      -211   17           0           0     -0.29254     -0.09390     15.07402     15.07780      0.13957
   23  (pi0)             11       111   17          24          25      0.24211     -0.34396      9.93014      9.93996      0.13498
   24  gamma              1        22   23           0           0      0.07152     -0.02462      2.28778      2.28903      0.00000
   25  gamma              1        22   23           0           0      0.17059     -0.31934      7.64236      7.65093      0.00000
 ==================================================================================================================================
                   sum charge:  0.00   sum momentum and inv. mass:     -0.00000     -0.00000    120.00000    140.00339     72.11760



                            Event listing (standard)

    I  particle/jet  K(I,1)   K(I,2) K(I,3)     K(I,4)      K(I,5)       P(I,1)       P(I,2)       P(I,3)       P(I,4)       P(I,5)

    1  !e-!              21        11    0           3           4      0.00000      0.00000    -10.00000     10.00000      0.00051
    2  !p+!              21      2212    0           5           0     -0.00000      0.00000    130.00000    130.00339      0.93827
 ==================================================================================================================================
    3  !e-!              21        11    1           0           0      3.82086    -20.64524     20.14685     29.09846      0.00051
    4  !gamma!           21        22    1           0           0     -3.82086     20.64524    -30.14685    -19.09846    -31.38322
    5  !p+!              21      2212    2           0           0     -0.00000     -0.00000    130.00000    130.00339      0.93827
    6  !gamma!           21        22    4           0           0     -3.82203     20.65156    -30.12878    -19.07700    -31.38322
    7  !u!               21         2    5           0           0      0.00040     -0.00217     44.55454     44.55454      0.00000
    8  !gamma!           21        22    6           0           0     -3.82203     20.65156    -30.12878    -19.07700    -31.38322
    9  !u!               21         2    7           0           0      0.00040     -0.00217     44.55454     44.55454      0.00000
   10  !u!               21         2    9           0           0     -3.82163     20.64939     14.42576     25.47754      0.00000
 ==================================================================================================================================
   11  e-                 1        11    3           0           0      3.82086    -20.64524     20.14685     29.09846      0.00051
   12  (ud_0)        A   12      2101    5          16          16      0.10029      0.23699     85.26810     85.27046      0.57933
   13  (g)           I   12        21   10          16          16     -0.41018      0.78996      1.15661      1.45946      0.00000
   14  (g)           I   12        21   10          16          16     -0.14049      1.69623      2.11371      2.71380      0.00000
   15  (u)           V   11         2   10          16          16     -3.37049     17.92206     11.31473     21.46121      0.00000
 ==================================================================================================================================
   16  (string)          11        92   12          17          26     -3.82086     20.64524     99.85315    110.90492     43.45603
   17  p+                 1      2212   16           0           0      0.21610     -0.21285     44.34914     44.36010      0.93827
   18  (pi0)             11       111   16          27          28     -0.18399      0.68771     16.66013     16.67588      0.13498
   19  (omega)           11       223   16          29          31      0.08178     -0.05815      3.32581      3.41789      0.78163
   20  (rho-)            11      -213   16          32          33     -0.32914     -0.12137      9.90862      9.94605      0.78737
   21  pi+                1       211   16           0           0     -0.10287      0.09733      8.30655      8.30893      0.13957
   22  pi-                1      -211   16           0           0     -0.21208      1.12950      3.85182      4.02203      0.13957
   23  (pi0)             11       111   16          34          35      0.37632      1.09204      0.37338      1.22140      0.13498
   24  (omega)           11       223   16          36          38     -0.65441      1.75231      2.29394      3.06082      0.77950
   25  (rho0)            11       113   16          39          40     -0.89431      3.08276      2.74506      4.28247      0.70781
   26  (rho+)            11       213   16          41          42     -2.11825     13.19595      8.03870     15.60935      0.64114
   27  gamma              1        22   18           0           0     -0.11737      0.43954      9.07227      9.08367      0.00000
   28  gamma              1        22   18           0           0     -0.06662      0.24817      7.58786      7.59221      0.00000
   29  pi+                1       211   19           0           0      0.33766     -0.06278      1.88190      1.91807      0.13957
   30  pi-                1      -211   19           0           0     -0.19879     -0.05106      0.84004      0.87594      0.13957
   31  (pi0)             11       111   19          43          44     -0.05709      0.05570      0.60387      0.62389      0.13498
   32  pi-                1      -211   20           0           0     -0.49901     -0.03520      4.10415      4.13688      0.13957
   33  (pi0)             11       111   20          45          46      0.16987     -0.08616      5.80448      5.80917      0.13498
   34  gamma              1        22   23           0           0      0.14160      0.48220      0.09669      0.51178      0.00000
   35  gamma              1        22   23           0           0      0.23472      0.60984      0.27668      0.70962      0.00000
   36  pi+                1       211   24           0           0     -0.37332      0.39593      0.80982      0.98561      0.13957
   37  pi-                1      -211   24           0           0     -0.33162      1.02850      1.06082      1.52072      0.13957
   38  (pi0)             11       111   24          47          48      0.05053      0.32788      0.42330      0.55449      0.13498
   39  pi+                1       211   25           0           0     -0.55419      2.52351      1.93060      3.22830      0.13957
   40  pi-                1      -211   25           0           0     -0.34013      0.55925      0.81446      1.05417      0.13957
   41  pi+                1       211   26           0           0     -0.29675      3.26292      1.87610      3.77809      0.13957
   42  (pi0)             11       111   26          49          50     -1.82151      9.93303      6.16260     11.83126      0.13498
   43  gamma              1        22   31           0           0     -0.04432     -0.01183      0.48037      0.48255      0.00000
   44  gamma              1        22   31           0           0     -0.01277      0.06753      0.12350      0.14134      0.00000
   45  gamma              1        22   33           0           0      0.14366     -0.02336      4.88942      4.89158      0.00000
   46  gamma              1        22   33           0           0      0.02621     -0.06280      0.91506      0.91759      0.00000
   47  gamma              1        22   38           0           0      0.01641      0.31594      0.40517      0.51405      0.00000
   48  gamma              1        22   38           0           0      0.03412      0.01194      0.01814      0.04044      0.00000
   49  gamma              1        22   42           0           0     -0.43960      2.69193      1.63199      3.17855      0.00000
   50  gamma              1        22   42           0           0     -1.38191      7.24110      4.53060      8.65272      0.00000
 ==================================================================================================================================
                   sum charge:  0.00   sum momentum and inv. mass:      0.00000     -0.00000    120.00000    140.00339     72.11760



                            Event listing (standard)

    I  particle/jet  K(I,1)   K(I,2) K(I,3)     K(I,4)      K(I,5)       P(I,1)       P(I,2)       P(I,3)       P(I,4)       P(I,5)

    1  !e-!              21        11    0           3           4      0.00000      0.00000    -10.00000     10.00000      0.00051
    2  !p+!              21      2212    0           5           0     -0.00000      0.00000    130.00000    130.00339      0.93827
 ==================================================================================================================================
    3  !e-!              21        11    1           0           0     -5.45295    -12.03543     -2.27967     13.40833      0.00051
    4  !gamma!           21        22    1           0           0      5.45295     12.03543     -7.72033     -3.40833    -14.91889
    5  !p+!              21      2212    2           0           0     -0.00000     -0.00000    130.00000    130.00339      0.93827
    6  !gamma!           21        22    4           0           0      5.45723     12.04488     -7.68589     -3.37051    -14.91889
    7  !dbar!            21        -1    5           0           0     -0.00085     -0.00187     25.78204     25.78204      0.00000
    8  !gamma!           21        22    6           0           0      5.45723     12.04488     -7.68589     -3.37051    -14.91889
    9  !dbar!            21        -1    7           0           0     -0.00085     -0.00187     25.78204     25.78204      0.00000
   10  !dbar!            21        -1    9           0           0      5.45639     12.04301     18.09615     22.41153      0.00000
 ==================================================================================================================================
   11  (Delta+)          11      2214    5          16          17      0.08855     -0.02714     98.52076     98.52824      1.21064
   12  e-                 1        11    3           0           0     -5.45295    -12.03543     -2.27967     13.40833      0.00051
   13  (d)           A   12         1    5          18          18     -0.08566     -0.15315      4.71749      4.73227      0.33000
   14  (g)           I   12        21   10          18          18      0.93195      0.86938      1.73356      2.15165      0.00000
   15  (dbar)        V   11        -1   10          18          18      4.51812     11.34634     17.30786     21.18290      0.00000
 ==================================================================================================================================
   16  p+                 1      2212   11           0           0      0.26379     -0.00718     72.83260     72.83913      0.93827
   17  (pi0)             11       111   11          24          25     -0.17525     -0.01996     25.68815     25.68911      0.13498
   18  (string)          11        92   13          19          23      5.36441     12.06258     23.75892     28.06682      6.99840
   19  (pi0)             11       111   18          26          27      0.67183      0.92555      1.84661      2.17628      0.13498
   20  (eta)             11       221   18          28          29      0.57344      0.66309      1.68742      1.97879      0.54745
   21  (rho-)            11      -213   18          30          31      0.07883     -0.07714      4.25206      4.30183      0.64307
   22  (K*+)             11       323   18          32          33      3.00909      7.70585     11.43480     14.13269      0.73724
   23  (Kbar0)           11      -311   18          34          34      1.03122      2.84523      4.53803      5.47723      0.49767
   24  gamma              1        22   17           0           0     -0.15352     -0.01917     25.20118     25.20166      0.00000
   25  gamma              1        22   17           0           0     -0.02173     -0.00079      0.48697      0.48746      0.00000
   26  gamma              1        22   19           0           0      0.19971      0.38084      0.72829      0.84578      0.00000
   27  gamma              1        22   19           0           0      0.47213      0.54471      1.11831      1.33050      0.00000
   28  gamma              1        22   20           0           0      0.33327      0.15927      0.27624      0.46125      0.00000
   29  gamma              1        22   20           0           0      0.24016      0.50382      1.41118      1.51755      0.00000
   30  pi-                1      -211   21           0           0      0.20659      0.14934      3.08085      3.09453      0.13957
   31  (pi0)             11       111   21          35          36     -0.12776     -0.22649      1.17121      1.20730      0.13498
   32  (K0)              11       311   22          37          37      1.49827      4.01549      5.86142      7.27825      0.49767
   33  pi+                1       211   22           0           0      1.51082      3.69037      5.57338      6.85444      0.13957
   34  K_L0               1       130   23           0           0      1.03122      2.84523      4.53803      5.47723      0.49767
   35  gamma              1        22   31           0           0     -0.12412     -0.10335      0.80132      0.81743      0.00000
   36  gamma              1        22   31           0           0     -0.00364     -0.12313      0.36989      0.38987      0.00000
   37  (K_S0)            11       310   32          38          39      1.49827      4.01549      5.86142      7.27825      0.49767
   38  pi-                1      -211   37           0           0      0.75950      2.59400      3.64978      4.54379      0.13957
   39  pi+                1       211   37           0           0      0.73877      1.42149      2.21164      2.73446      0.13957
 ==================================================================================================================================
                   sum charge:  0.00   sum momentum and inv. mass:     -0.00000     -0.00000    120.00000    140.00339     72.11760



                            Event listing (standard)

    I  particle/jet  K(I,1)   K(I,2) K(I,3)     K(I,4)      K(I,5)       P(I,1)       P(I,2)       P(I,3)       P(I,4)       P(I,5)

    1  !e-!              21        11    0           3           4      0.00000      0.00000    -10.00000     10.00000      0.00051
    2  !p+!              21      2212    0           5           0     -0.00000      0.00000    130.00000    130.00339      0.93827
 ==================================================================================================================================
    3  !e-!              21        11    1           0           0      5.52706      8.03639     -5.94739     11.42381      0.00051
    4  !gamma!           21        22    1           0           0     -5.52706     -8.03639     -4.05261     -1.42381    -10.46558
    5  !p+!              21      2212    2           0           0     -0.00000      0.00000    130.00000    130.00339      0.93827
    6  !gamma!           21        22    4           0           0     -5.53418     -8.04673     -4.00423     -1.37204    -10.46558
    7  !u!               21         2    5           0           0      0.00114      0.00166     20.79814     20.79814      0.00000
    8  !gamma!           21        22    6           0           0     -5.53418     -8.04673     -4.00423     -1.37204    -10.46558
    9  !u!               21         2    7           0           0      0.00114      0.00166     20.79814     20.79814      0.00000
   10  !u!               21         2    9           0           0     -5.53304     -8.04507     16.79392     19.42610      0.00000
 ==================================================================================================================================
   11  e-                 1        11    3           0           0      5.52706      8.03639     -5.94739     11.42381      0.00051
   12  (ud_0)        A   12      2101    5          17          17      0.24808     -0.13077    100.34128    100.34335      0.57933
   13  (g)           I   12        21   10          17          17      0.48621     -0.58844      1.36807      1.56661      0.00000
   14  (g)           I   12        21   10          17          17     -0.12583      0.67432      1.00444      1.21632      0.00000
   15  (g)           I   12        21   10          17          17     -0.54590     -0.10930      2.73788      2.79391      0.00000
   16  (u)           V   11         2   10          17          17     -5.58963     -7.88221     20.49572     22.65938      0.00000
 ==================================================================================================================================
   17  (string)          11        92   12          18          25     -5.52706     -8.03639    125.94739    128.57958     23.97561
   18  p+                 1      2212   17           0           0     -0.05842      0.20959     73.52152     73.52783      0.93827
   19  K-                 1      -321   17           0           0      0.58131     -0.02653     12.42402     12.44743      0.49360
   20  (K*+)             11       323   17          26          27      0.24355     -0.46115      7.15793      7.23098      0.88265
   21  (pi0)             11       111   17          28          29      0.05792     -0.27805      9.28210      9.28743      0.13498
   22  pbar-              1     -2212   17           0           0     -0.59321     -0.49261      2.67535      2.93809      0.93827
   23  p+                 1      2212   17           0           0     -0.82254     -0.61312      3.64873      3.90462      0.93827
   24  (rho-)            11      -213   17          30          31     -1.92388     -2.85393      4.86742      6.01421      0.79542
   25  (rho+)            11       213   17          32          33     -3.01180     -3.52060     12.37033     13.22900      0.71825
   26  (K0)              11       311   20          34          34      0.08884     -0.39616      6.61067      6.64180      0.49767
   27  pi+                1       211   20           0           0      0.15470     -0.06499      0.54726      0.58918      0.13957
   28  gamma              1        22   21           0           0     -0.01834      0.00069      1.23743      1.23756      0.00000
   29  gamma              1        22   21           0           0      0.07626     -0.27874      8.04468      8.04987      0.00000
   30  pi-                1      -211   24           0           0     -1.22417     -1.93201      2.60537      3.46968      0.13957
   31  (pi0)             11       111   24          35          36     -0.69971     -0.92191      2.26205      2.54452      0.13498
   32  pi+                1       211   25           0           0     -0.20242     -0.52046      1.46018      1.56954      0.13957
   33  (pi0)             11       111   25          37          38     -2.80938     -3.00014     10.91015     11.65946      0.13498
   34  K_L0               1       130   26           0           0      0.08884     -0.39616      6.61067      6.64180      0.49767
   35  gamma              1        22   31           0           0     -0.41528     -0.45002      1.11830      1.27498      0.00000
   36  gamma              1        22   31           0           0     -0.28443     -0.47190      1.14374      1.26954      0.00000
   37  gamma              1        22   33           0           0     -0.48081     -0.54100      2.06008      2.18352      0.00000
   38  gamma              1        22   33           0           0     -2.32856     -2.45914      8.85007      9.47594      0.00000
 ==================================================================================================================================
                   sum charge:  0.00   sum momentum and inv. mass:      0.00000      0.00000    120.00000    140.00339     72.11760



                            Event listing (standard)

    I  particle/jet  K(I,1)   K(I,2) K(I,3)     K(I,4)      K(I,5)       P(I,1)       P(I,2)       P(I,3)       P(I,4)       P(I,5)

    1  !e-!              21        11    0           3           4      0.00000      0.00000    -10.00000     10.00000      0.00051
    2  !p+!              21      2212    0           5           0     -0.00000      0.00000    130.00000    130.00339      0.93827
 ==================================================================================================================================
    3  !e-!              21        11    1           0           0     -4.22636     11.58580     -3.96359     12.95388      0.00051
    4  !gamma!           21        22    1           0           0      4.22636    -11.58580     -6.03641     -2.95388    -13.40917
    5  !p+!              21      2212    2           0           0     -0.00000      0.00000    130.00000    130.00339      0.93827
    6  !gamma!           21        22    4           0           0      4.23100    -11.59852     -5.97904     -2.89313    -13.40917
    7  !u!               21         2    5           0           0     -0.00104      0.00285     29.12115     29.12115      0.00000
    8  !gamma!           21        22    6           0           0      4.23100    -11.59852     -5.97904     -2.89313    -13.40917
    9  !u!               21         2    7           0           0     -0.00104      0.00285     29.12115     29.12115      0.00000
   10  !u!               21         2    9           0           0      4.22996    -11.59567     23.14210     26.22802      0.00000
 ==================================================================================================================================
   11  e-                 1        11    3           0           0     -4.22636     11.58580     -3.96359     12.95388      0.00051
   12  (u)           A   12         2   10          14          14      4.79482    -11.61468     24.06862     27.15123      0.00000
   13  (ud_0)        V   11      2101    5          14          14     -0.56846      0.02888     99.89497     99.89827      0.57933
 ==================================================================================================================================
   14  (string)          11        92   12          15          18      4.22636    -11.58580    123.96359    127.04951     24.95021
   15  p+                 1      2212   14           0           0      4.20383     -9.11968     20.09612     22.48500      0.93827
   16  nbar0              1     -2112   14           0           0      0.52557     -2.53402      5.82961      6.44706      0.93957
   17  (rho-)            11      -213   14          19          20      0.03525      0.35477      4.81765      4.89052      0.76179
   18  p+                 1      2212   14           0           0     -0.53830     -0.28687     93.22021     93.22693      0.93827
   19  pi-                1      -211   17           0           0     -0.19303     -0.08181      0.75546      0.79634      0.13957
   20  (pi0)             11       111   17          21          22      0.22829      0.43658      4.06219      4.09419      0.13498
   21  gamma              1        22   20           0           0      0.18861      0.43118      3.76931      3.79858      0.00000
   22  gamma              1        22   20           0           0      0.03967      0.00540      0.29289      0.29561      0.00000
 ==================================================================================================================================
                   sum charge:  0.00   sum momentum and inv. mass:      0.00000     -0.00000    120.00000    140.00339     72.11760



                            Event listing (standard)

    I  particle/jet  K(I,1)   K(I,2) K(I,3)     K(I,4)      K(I,5)       P(I,1)       P(I,2)       P(I,3)       P(I,4)       P(I,5)

    1  !e-!              21        11    0           3           4      0.00000      0.00000    -10.00000     10.00000      0.00051
    2  !p+!              21      2212    0           5           0     -0.00000      0.00000    130.00000    130.00339      0.93827
 ==================================================================================================================================
    3  !e-!              21        11    1           0           0     -0.73935     10.24605     -5.83233     11.81288      0.00051
    4  !gamma!           21        22    1           0           0      0.73935    -10.24605     -4.16767     -1.81288    -10.93668
    5  !p+!              21      2212    2           0           0     -0.00000      0.00000    130.00000    130.00339      0.93827
    6  !gamma!           21        22    4           0           0      0.74041    -10.26077     -4.10073     -1.74256    -10.93668
    7  !u!               21         2    5           0           0     -0.00021      0.00287     25.34840     25.34840      0.00000
    8  !gamma!           21        22    6           0           0      0.74041    -10.26077     -4.10073     -1.74256    -10.93668
    9  !u!               21         2    7           0           0     -0.00021      0.00287     25.34840     25.34840      0.00000
   10  !u!               21         2    9           0           0      0.74020    -10.25790     21.24767     23.60584      0.00000
 ==================================================================================================================================
   11  e-                 1        11    3           0           0     -0.73935     10.24605     -5.83233     11.81288      0.00051
   12  (ud_0)        A   12      2101    5          16          16      0.24806      0.11845    101.30220    101.30423      0.57933
   13  (g)           I   12        21   10          16          16      0.15069     -1.23282      2.28359      2.59949      0.00000
   14  (g)           I   12        21   10          16          16     -1.49306     -4.88944     12.22666     13.25244      0.00000
   15  (u)           V   11         2   10          16          16      1.83366     -4.24224     10.01987     11.03434      0.00000
 ==================================================================================================================================
   16  (string)          11        92   12          17          24      0.73935    -10.24605    125.83233    128.19050     22.21490
   17  p+                 1      2212   16           0           0      0.32840      0.32888     81.57284     81.57956      0.93827
   18  (rho-)            11      -213   16          25          26     -0.29502     -0.10549      8.12341      8.16945      0.80745
   19  (rho+)            11       213   16          27          28     -0.47216     -1.08967      6.21768      6.37753      0.77655
   20  (pi0)             11       111   16          29          30      0.82540     -0.29674      3.04930      3.17581      0.13498
   21  (rho0)            11       113   16          31          32     -0.89370     -1.07056      8.13629      8.28561      0.71223
   22  K-                 1      -321   16           0           0      0.46724     -1.52666      2.98923      3.42464      0.49360
   23  (K*+)             11       323   16          33          34     -0.31482     -2.89302      7.02957      7.66099      0.89849
   24  (rho0)            11       113   16          35          36      1.09402     -3.59278      8.71401      9.51691      0.72987
   25  pi-                1      -211   18           0           0      0.03332      0.18342      0.84032      0.87199      0.13957
   26  (pi0)             11       111   18          37          38     -0.32835     -0.28891      7.28309      7.29745      0.13498
   27  pi+                1       211   19           0           0     -0.30774     -0.15109      2.88593      2.90957      0.13957
   28  (pi0)             11       111   19          39          40     -0.16442     -0.93857      3.33174      3.46795      0.13498
   29  gamma              1        22   20           0           0      0.27695     -0.03472      1.00984      1.04771      0.00000
   30  gamma              1        22   20           0           0      0.54844     -0.26202      2.03946      2.12811      0.00000
   31  pi-                1      -211   21           0           0     -0.43317     -0.66470      2.84013      2.95217      0.13957
   32  pi+                1       211   21           0           0     -0.46053     -0.40586      5.29616      5.33344      0.13957
   33  K+                 1       321   23           0           0     -0.11377     -1.02784      2.25807      2.53218      0.49360
   34  (pi0)             11       111   23          41          42     -0.20106     -1.86518      4.77150      5.12881      0.13498
   35  pi+                1       211   24           0           0      0.00892     -0.12123      0.46984      0.50498      0.13957
   36  pi-                1      -211   24           0           0      1.08510     -3.47155      8.24418      9.01194      0.13957
   37  gamma              1        22   26           0           0     -0.01025     -0.05143      0.49463      0.49740      0.00000
   38  gamma              1        22   26           0           0     -0.31809     -0.23749      6.78846      6.80006      0.00000
   39  gamma              1        22   28           0           0     -0.08907     -0.20369      0.85008      0.87867      0.00000
   40  gamma              1        22   28           0           0     -0.07535     -0.73488      2.48167      2.58929      0.00000
   41  gamma              1        22   34           0           0     -0.20111     -1.39311      3.49169      3.76472      0.00000
   42  gamma              1        22   34           0           0      0.00005     -0.47206      1.27980      1.36409      0.00000
 ==================================================================================================================================
                   sum charge:  0.00   sum momentum and inv. mass:     -0.00000      0.00000    120.00000    140.00339     72.11760

 Advisory warning: maximum violated by  2.325D+00 in event    1459
 XSEC(96,1) increased to  2.694D-02
1********* PYSTAT:  Statistics on Number of Events and Cross-sections *********

 ==============================================================================
 I                                  I                            I            I
 I            Subprocess            I      Number of points      I    Sigma   I
 I                                  I                            I            I
 I----------------------------------I----------------------------I    (mb)    I
 I                                  I                            I            I
 I N:o Type                         I    Generated         Tried I            I
 I                                  I                            I            I
 ==============================================================================
 I                                  I                            I            I
 I   0 All included subprocesses    I       500000   -1983236159 I  1.515D-06 I
 I  11 f + f' -> f + f' (QCD)       I          242             0 I  5.704D-09 I
 I  12 f + fbar -> f' + fbar'       I            1             0 I  3.676D-12 I
 I  13 f + fbar -> g + g            I            4             0 I  1.470D-11 I
 I  28 f + g -> f + g               I          708             0 I  4.408D-09 I
 I  53 g + g -> f + fbar            I            6             0 I  3.230D-10 I
 I  68 g + g -> g + g               I          383             0 I  1.709D-09 I
 I  91 Elastic scattering           I         1399     173496792 I  4.197D-09 I
 I  92 Single diffractive (XB)      I          603     133426530 I  1.803D-09 I
 I  93 Single diffractive (AX)      I          433     108563133 I  1.300D-09 I
 I  94 Double  diffractive          I          479     155206195 I  9.506D-10 I
 I  95 Low-pT scattering            I         2632       1380597 I  7.948D-10 I
 I  99 q + gamma* -> q              I       492368     656456285 I  1.491D-06 I
 I 131 f + gamma*_T -> f + g        I          511      63540820 I  1.500D-09 I
 I 132 f + gamma*_L -> f + g        I           49       3066456 I  1.315D-10 I
 I 135 g + gamma*_T -> f + fbar     I          121     180065152 I  3.753D-10 I
 I 136 g + gamma*_L -> f + fbar     I           61      29169504 I  1.880D-10 I
 I                                  I                            I            I
 ==============================================================================
 I                                  I                            I            I
 I   1 VMD * hadron                 I         1630    1090202031 I  5.724D-09 I
 I   2 direct * hadron              I          742     275841932 I  2.194D-09 I
 I   3 anomalous * hadron           I         5260     289230889 I  1.548D-08 I
 I   4 DIS * hadron                 I       492368     656456285 I  1.491D-06 I
 I                                  I                            I            I
 ==============================================================================

 ********* Total number of errors, excluding junctions =        0 *************
 ********* Total number of errors, including junctions =        0 *************
 ********* Total number of warnings =                           0 *************
 ********* Fraction of events that fail fragmentation cuts =  0.00047 *********

1************ PYSTAT: User-Defined Limits on Kinematical Variables ************

 ==============================================================================
 I                                                                            I
 I                 0.000D+00 <  m_hard (GeV/c^2)  <  6.610D+01                I
 I    0.000D+00 ( 1.000D+00) <  p_T_hard (GeV/c)  <  3.305D+01                I
 I                             m_finite (GeV/c^2) =  1.000D+00                I
 I                -1.000D+01 <    y*_subsystem    <  1.000D+01                I
 I                -4.000D+01 <      y*_large      <  4.000D+01                I
 I                -4.000D+01 <      y*_small      <  4.000D+01                I
 I                -4.000D+01 <     eta*_large     <  4.000D+01                I
 I                -4.000D+01 <     eta*_small     <  4.000D+01                I
 I                -1.000D+00 < cos(theta*)_large  <  1.000D+00                I
 I                -1.000D+00 < cos(theta*)_small  <  1.000D+00                I
 I                 0.000D+00 <        x_1         <  1.000D+00                I
 I                 0.000D+00 <        x_2         <  1.000D+00                I
 I                -1.000D+00 <        x_F         <  1.000D+00                I
 I                -1.000D+00 <  cos(theta_hard)   <  1.000D+00                I
 I                 2.000D+00 < m'_hard (GeV/c^2)  <  6.610D+01                I
 I                                                                            I
 ==============================================================================
 The charm mass used is:    1.5000000000000000     
 ===================================================
 Pythia total cross section normalisation:   1.5146865841539861E-003  microbarn
 Total Number of generated events      500000
 Total Number of trials      500000
 ===================================================

 ===== PDFSTA statistics for PDF under/over-flows ====

 ====== STRUCTM statistics for nucleon/pion PDFs =====

   total # of calls    624874805.00000000     
   X  below PDF min    0.0000000000000000       or    0.0000000000000000       %
   X  above PDF max    0.0000000000000000       or    0.0000000000000000       %
   Q2 below PDF min    0.0000000000000000       or    0.0000000000000000       %
   Q2 above PDF max    0.0000000000000000       or    0.0000000000000000       %

 ========= STRUCTP statistics for photon PDFs ========

   total # of calls    0.0000000000000000     

