1                                                                              
 ******************************************************************************
 ******************************************************************************
 **                                                                          **
 **                                                                          **
 **              *......*                  Welcome to the Lund Monte Carlo!  **
 **         *:::!!:::::::::::*                                               **
 **      *::::::!!::::::::::::::*          PPP  Y   Y TTTTT H   H III   A    **
 **    *::::::::!!::::::::::::::::*        P  P  Y Y    T   H   H  I   A A   **
 **   *:::::::::!!:::::::::::::::::*       PPP    Y     T   HHHHH  I  AAAAA  **
 **   *:::::::::!!:::::::::::::::::*       P      Y     T   H   H  I  A   A  **
 **    *::::::::!!::::::::::::::::*!       P      Y     T   H   H III A   A  **
 **      *::::::!!::::::::::::::* !!                                         **
 **      !! *:::!!:::::::::::*    !!       This is PYTHIA version 6.428      **
 **      !!     !* -><- *         !!       Last date of change:  5 Sep 2013  **
 **      !!     !!                !!                                         **
 **      !!     !!                !!       Now is  0 Jan 2000 at  0:00:00    **
 **      !!                       !!                                         **
 **      !!        lh             !!       Disclaimer: this program comes    **
 **      !!                       !!       without any guarantees. Beware    **
 **      !!                 hh    !!       of errors and use common sense    **
 **      !!    ll                 !!       when interpreting results.        **
 **      !!                       !!                                         **
 **      !!                                Copyright T. Sjostrand (2011)     **
 **                                                                          **
 ** An archive of program versions and documentation is found on the web:    **
 ** http://www.thep.lu.se/~torbjorn/Pythia.html                              **
 **                                                                          **
 ** When you cite this program, the official reference is to the 6.4 manual: **
 ** T. Sjostrand, S. Mrenna and P. Skands, JHEP05 (2006) 026                 **
 ** (LU TP 06-13, FERMILAB-PUB-06-052-CD-T) [hep-ph/0603175].                **
 **                                                                          **
 ** Also remember that the program, to a large extent, represents original   **
 ** physics research. Other publications of special relevance to your        **
 ** studies may therefore deserve separate mention.                          **
 **                                                                          **
 ** Main author: Torbjorn Sjostrand; Department of Theoretical Physics,      **
 **   Lund University, Solvegatan 14A, S-223 62 Lund, Sweden;                **
 **   phone: + 46 - 46 - 222 48 16; e-mail: torbjorn@thep.lu.se              **
 ** Author: Stephen Mrenna; Computing Division, GDS Group,                   **
 **   Fermi National Accelerator Laboratory, MS 234, Batavia, IL 60510, USA; **
 **   phone: + 1 - 630 - 840 - 2556; e-mail: mrenna@fnal.gov                 **
 ** Author: Peter Skands; CERN/PH-TH, CH-1211 Geneva, Switzerland            **
 **   phone: + 41 - 22 - 767 24 47; e-mail: peter.skands@cern.ch             **
 **                                                                          **
 **                                                                          **
 ******************************************************************************
 ******************************************************************************
     MSEL           changed from              1 to              2
     MSTP(14)       changed from             30 to             30
     MSTP(15)       changed from              0 to              0
     MSTP(16)       changed from              1 to              1
     MSTP(17)       changed from              4 to              4
     MSTP(18)       changed from              3 to              3
     MSTP(19)       changed from              4 to              1
     MSTP(20)       changed from              3 to              0
     MSTP(32)       changed from              8 to              8
     MSTP(38)       changed from              5 to              4
     MSTP(51)       changed from              7 to          10050
     MSTP(52)       changed from              1 to              2
     MSTP(53)       changed from              3 to              3
     MSTP(54)       changed from              1 to              1
     MSTP(55)       changed from              5 to              5
     MSTP(56)       changed from              1 to              1
     MSTP(57)       changed from              1 to              1
     MSTP(58)       changed from              5 to              5
     MSTP(59)       changed from              1 to              1
     MSTP(60)       changed from              7 to              7
     MSTP(61)       changed from              2 to              2
     MSTP(71)       changed from              1 to              1
     MSTP(81)       changed from              1 to              0
     MSTP(82)       changed from              4 to              1
     MSTP(91)       changed from              1 to              1
     MSTP(92)       changed from              3 to              3
     MSTP(93)       changed from              1 to              1
     MSTP(101)      changed from              3 to              3
     MSTP(102)      changed from              1 to              1
     MSTP(111)      changed from              1 to              1
     MSTP(121)      changed from              0 to              0
     PARP(13)       changed from        1.00000 to        1.00000
     PARP(18)       changed from        0.40000 to        0.40000
     PARP(81)       changed from        1.90000 to        1.90000
     PARP(89)       changed from     1800.00000 to     1800.00000
     PARP(90)       changed from        0.25000 to        0.16000
     PARP(91)       changed from        2.00000 to        0.40000
     PARP(93)       changed from        5.00000 to        5.00000
     PARP(99)       changed from        1.00000 to        0.40000
     PARP(100)      changed from        5.00000 to        5.00000
     PARP(102)      changed from        0.28000 to        0.28000
     PARP(103)      changed from        1.00000 to        1.00000
     PARP(104)      changed from        0.80000 to        0.80000
     PARP(111)      changed from        2.00000 to        2.00000
     PARP(161)      changed from        2.20000 to        3.00000
     PARP(162)      changed from       23.60000 to       24.60000
     PARP(163)      changed from       18.40000 to       18.80000
     PARP(164)      changed from       11.50000 to       11.50000
     PARP(165)      changed from        0.50000 to        0.47679
     PARP(166)      changed from        0.00000 to        0.67597
     PARJ(1)        changed from        0.10000 to        0.10000
     PARJ(2)        changed from        0.30000 to        0.30000
     PARJ(11)       changed from        0.50000 to        0.50000
     PARJ(12)       changed from        0.60000 to        0.60000
     PARJ(21)       changed from        0.36000 to        0.40000
     PARJ(32)       changed from        1.00000 to        1.00000
     PARJ(33)       changed from        0.80000 to        0.80000
     PARJ(41)       changed from        0.30000 to        0.30000
     PARJ(42)       changed from        0.58000 to        0.58000
     PARJ(45)       changed from        0.50000 to        0.50000
     MSTJ(1)        changed from              1 to              1
     MSTJ(12)       changed from              2 to              1
     MSTJ(45)       changed from              5 to              5
     MSTU(112)      changed from              5 to              5
     MSTU(113)      changed from              3 to              5
     MSTU(114)      changed from              5 to              5
     CKIN(1)        changed from        2.00000 to        1.00000
     CKIN(2)        changed from       -1.00000 to       -1.00000
     CKIN(3)        changed from        0.00000 to        0.00000
     CKIN(4)        changed from       -1.00000 to       -1.00000
     CKIN(5)        changed from        1.00000 to        1.00000
     CKIN(6)        changed from        1.00000 to        1.00000
     CKIN(7)        changed from      -10.00000 to      -10.00000
     CKIN(8)        changed from       10.00000 to       10.00000
     CKIN(9)        changed from      -40.00000 to      -40.00000
     CKIN(10)       changed from       40.00000 to       40.00000
     CKIN(11)       changed from      -40.00000 to      -40.00000
     CKIN(12)       changed from       40.00000 to       40.00000
     CKIN(13)       changed from      -40.00000 to      -40.00000
     CKIN(14)       changed from       40.00000 to       40.00000
     CKIN(15)       changed from      -40.00000 to      -40.00000
     CKIN(16)       changed from       40.00000 to       40.00000
     CKIN(17)       changed from       -1.00000 to       -1.00000
     CKIN(18)       changed from        1.00000 to        1.00000
     CKIN(19)       changed from       -1.00000 to       -1.00000
     CKIN(20)       changed from        1.00000 to        1.00000
     CKIN(21)       changed from        0.00000 to        0.00000
     CKIN(22)       changed from        1.00000 to        1.00000
     CKIN(23)       changed from        0.00000 to        0.00000
     CKIN(24)       changed from        1.00000 to        1.00000
     CKIN(25)       changed from       -1.00000 to       -1.00000
     CKIN(26)       changed from        1.00000 to        1.00000
     CKIN(27)       changed from       -1.00000 to       -1.00000
     CKIN(28)       changed from        1.00000 to        1.00000
     CKIN(31)       changed from        2.00000 to        2.00000
     CKIN(32)       changed from       -1.00000 to       -1.00000
     CKIN(35)       changed from        0.00000 to        0.00000
     CKIN(36)       changed from       -1.00000 to       -1.00000
     CKIN(37)       changed from        0.00000 to        0.00000
     CKIN(38)       changed from       -1.00000 to       -1.00000
     CKIN(39)       changed from        4.00000 to        4.00000
     CKIN(40)       changed from       -1.00000 to       -1.00000
     CKIN(65)       changed from        0.00000 to        0.00000
     CKIN(66)       changed from       -1.00000 to       -1.00000
     CKIN(67)       changed from        0.00000 to        0.00000
     CKIN(68)       changed from       -1.00000 to       -1.00000
     CKIN(77)       changed from        2.00000 to        2.00000
     CKIN(78)       changed from       -1.00000 to       -1.00000
 *********************************************
 NOW all parameters are read by PYTHIA
 *********************************************
 SEED =    737067155
 RANLUX LUXURY LEVEL SET BY RLUXGO : 4     P= 389
 RANLUX INITIALIZED BY RLUXGO FROM SEEDS   737067155           0           0
   5328.9753403062132        10.000000000000000       -5328.9753403062132       -10.0000000    
 *********************************************
 proton beam momentum:   250.000000     GeV
 lepton beam momentum:   10.0000000     GeV
 resulting sqrt(s):   100.00457712527508      GeV
 *********************************************
1****************** PYINIT: initialization of PYTHIA routines *****************
 ==== PYTHIA WILL USE LHAPDF ====
 *************************************
 *       LHAPDF Version 5.9.1        *
 *   Configured for the following:   *
 *             All PDFs              *
 *         FULL MEMORY option        *
 *    Maximum  3 concurrent set(s)   *
 *************************************

 >>>>>> PDF description: <<<<<<
 CTEQ6M                                                          
 Reference:                                                      
 J. Pumplin, D.R. Stump, J. Huston, H.L. Lai, P. Nadolsky,       
 W.K. Tung                                                       
 hep-ph/0201195                                                  
 This set has 41 member PDFs.                                    
     mem=0 --> central value (cteq6m)                            
     mem=1-40 --> 20 sets of +ve/-ve error values                
 >>>>>>                   <<<<<<

 ==============================================
 PDFset name /cvmfs/sft.cern.ch/lcg/external/lhapdfsets/5.9.1/share/PDFsets/cteq6mE.LHgrid   
 with         40 members
 ====  initialized. ===========================
 Strong coupling at Mz for PDF is:  0.11798

 ==============================================================================
 I                                                                            I
 I      PYTHIA will be initialized for gamma/e- on p+ user configuration      I
 I                                                                            I
 I                  px (GeV/c)   py (GeV/c)   pz (GeV/c)      E (GeV)         I
 I        gamma/e-       0.000        0.000      -10.000       10.000         I
 I        p+             0.000        0.000      250.000      250.002         I
 I                                                                            I
 I           corresponding to    100.005 GeV center-of-mass energy            I
 I                                                                            I
 ==============================================================================

 ******** PYMAXI: summary of differential cross-section maximum search ********

           ==========================================================
           I                                      I                 I
           I  ISUB  Subprocess name               I  Maximum value  I
           I                                      I                 I
           ==========================================================
           I                                      I                 I
           I   91   Elastic scattering            I    4.5802D-04   I
           I   92   Single diffractive (XB)       I    3.3396D-04   I
           I   93   Single diffractive (AX)       I    2.7193D-04   I
           I   94   Double  diffractive           I    2.7235D-04   I
           I   95   Low-pT scattering             I    1.9842D-03   I
           I   96   Semihard QCD 2 -> 2           I    1.9401D-02   I
           I                                      I                 I
           ==========================================================

 ******** PYMAXI: summary of differential cross-section maximum search ********

           ==========================================================
           I                                      I                 I
           I  ISUB  Subprocess name               I  Maximum value  I
           I                                      I                 I
           ==========================================================
           I                                      I                 I
           I  131   f + gamma*_T -> f + g         I    1.8340D-04   I
           I  132   f + gamma*_L -> f + g         I    9.6222D-06   I
           I  135   g + gamma*_T -> f + fbar      I    5.6762D-04   I
           I  136   g + gamma*_L -> f + fbar      I    9.2431D-05   I
           I                                      I                 I
           ==========================================================

 ******** PYMAXI: summary of differential cross-section maximum search ********

           ==========================================================
           I                                      I                 I
           I  ISUB  Subprocess name               I  Maximum value  I
           I                                      I                 I
           ==========================================================
           I                                      I                 I
           I   91   Elastic scattering            I    1.1937D-04   I
           I   92   Single diffractive (XB)       I    8.8669D-05   I
           I   93   Single diffractive (AX)       I    7.0104D-05   I
           I   94   Double  diffractive           I    7.1830D-05   I
           I   95   Low-pT scattering             I    5.5769D-04   I
           I   96   Semihard QCD 2 -> 2           I    1.4517D-02   I
           I                                      I                 I
           ==========================================================

 ******** PYMAXI: summary of differential cross-section maximum search ********

           ==========================================================
           I                                      I                 I
           I  ISUB  Subprocess name               I  Maximum value  I
           I                                      I                 I
           ==========================================================
           I                                      I                 I
           I   99   q + gamma* -> q               I    2.3955D-03   I
           I                                      I                 I
           ==========================================================

 ********************** PYINIT: initialization completed **********************
 the outputfile will be named: outfiles/ep_10x250_Q2_1_10_norad.out                                                                                                                                                                                                                            



                            Event listing (standard)

    I  particle/jet  K(I,1)   K(I,2) K(I,3)     K(I,4)      K(I,5)       P(I,1)       P(I,2)       P(I,3)       P(I,4)       P(I,5)

    1  !e-!              21        11    0           3           4      0.00000      0.00000    -10.00000     10.00000      0.00051
    2  !p+!              21      2212    0           5           0     -0.00000      0.00000    250.00000    250.00176      0.93827
 ==================================================================================================================================
    3  !e-!              21        11    1           0           0     -1.97470      1.20838     -9.85402     10.12232      0.00051
    4  !gamma!           21        22    1           0           0      1.97470     -1.20838     -0.14598     -0.12232     -2.31645
    5  !p+!              21      2212    2           0           0     -0.00000      0.00000    250.00000    250.00176      0.93827
    6  !gamma!           21        22    4           0           0      2.10859     -1.29032     14.67775     14.70311     -2.31645
    7  !u!               21         2    5           0           0     -0.05655      0.03460     99.31597     99.31599      0.00000
    8  !gamma!           21        22    6           0           0      2.10859     -1.29032     14.67775     14.70311     -2.31645
    9  !u!               21         2    7           0           0     -0.05655      0.03460     99.31597     99.31599      0.00000
   10  !u!               21         2    9           0           0      2.05205     -1.25572    113.99372    114.01910      0.00000
 ==================================================================================================================================
   11  e-                 1        11    3           0           0     -1.97470      1.20838     -9.85402     10.12232      0.00051
   12  (ud_0)        A   12      2101    5          15          15      0.47777      0.07971    116.69531    116.69776      0.57933
   13  (g)           I   12        21   10          15          15      1.41167     -1.25143     77.71842     77.74131      0.00000
   14  (u)           V   11         2   10          15          15      0.08525     -0.03667     55.44029     55.44037      0.00000
 ==================================================================================================================================
   15  (string)          11        92   12          16          18      1.97470     -1.20838    249.85402    249.87944      2.70932
   16  p+                 1      2212   15           0           0      0.31470     -0.35221     96.32754     96.33327      0.93827
   17  (pi0)             11       111   15          19          20      0.26723      0.36058     56.66677     56.66870      0.13498
   18  (pi0)             11       111   15          21          22      1.39277     -1.21675     96.85972     96.87746      0.13498
   19  gamma              1        22   17           0           0      0.06350      0.17416     18.09444     18.09539      0.00000
   20  gamma              1        22   17           0           0      0.20374      0.18642     38.57232     38.57331      0.00000
   21  gamma              1        22   18           0           0      0.19613     -0.23701     15.65207     15.65509      0.00000
   22  gamma              1        22   18           0           0      1.19663     -0.97974     81.20764     81.22237      0.00000
 ==================================================================================================================================
                   sum charge:  0.00   sum momentum and inv. mass:     -0.00000      0.00000    240.00000    260.00176    100.00458



                            Event listing (standard)

    I  particle/jet  K(I,1)   K(I,2) K(I,3)     K(I,4)      K(I,5)       P(I,1)       P(I,2)       P(I,3)       P(I,4)       P(I,5)

    1  !e-!              21        11    0           3           4      0.00000      0.00000    -10.00000     10.00000      0.00051
    2  !p+!              21      2212    0           5           0     -0.00000      0.00000    250.00000    250.00176      0.93827
 ==================================================================================================================================
    3  !e-!              21        11    1           0           0      0.04770      1.97130     -9.64109      9.84067      0.00051
    4  !gamma!           21        22    1           0           0     -0.04770     -1.97130     -0.35891      0.15933     -1.99794
    5  !p+!              21      2212    2           0           0     -0.00000      0.00000    250.00000    250.00176      0.93827
    6  !g!               21        21    4           0           0      0.00000      0.00000      0.00000      0.00000      0.00000
    7  !g!               21        21    5           0           0      0.00000      0.00000      0.00000      0.00000      0.00000
    8  !g!               21        21    6           0           0      0.00000      0.00000      0.00000      0.00000      0.00000
    9  !g!               21        21    7           0           0      0.00000      0.00000      0.00000      0.00000      0.00000
   10  !g!               21        21    0           0           0      0.00000      0.00000      0.00000      0.00000      0.00000
   11  !g!               21        21    0           0           0      0.00000      0.00000      0.00000      0.00000      0.00000
 ==================================================================================================================================
   12  e-                 1        11    3           0           0      0.04770      1.97130     -9.64109      9.84067      0.00051
   13  (d)           A   12         1    4          17          17     -0.00163     -1.72736      3.58611      3.99411      0.33000
   14  (ud_1)        V   11      2103    5          17          17     -0.01377     -0.24760    226.82224    226.82368      0.77133
   15  (dbar)        A   12        -1    4          23          23     -0.04569     -0.22828      0.71507      0.82123      0.33000
   16  (u)           V   11         2    5          23          23      0.01339      0.23194     18.51767     18.52206      0.33000
 ==================================================================================================================================
   17  (string)          11        92   13          18          22     -0.01540     -1.97496    230.40835    230.81779     13.59941
   18  (rho-)            11      -213   17          26          27     -0.01532     -1.65704      5.90958      6.23945      1.12320
   19  K+                 1       321   17           0           0      0.15147      0.15192      4.72198      4.75256      0.49360
   20  K-                 1      -321   17           0           0     -0.07322     -0.25750     10.86275     10.87725      0.49360
   21  (rho0)            11       113   17          28          29     -0.39376      0.18916     15.77917     15.80878      0.86277
   22  (Delta+)          11      2214   17          30          31      0.31543     -0.40150    193.13487    193.13976      1.27552
   23  (string)          11        92   15          24          25     -0.03230      0.00366     19.23274     19.34330      2.06494
   24  pi+                1       211   23           0           0      0.32004      0.08515      0.64703      0.74014      0.13957
   25  (rho0)            11       113   23          32          33     -0.35234     -0.08150     18.58570     18.60315      0.71992
   26  pi-                1      -211   18           0           0      0.38614     -0.22741      2.02139      2.07516      0.13957
   27  (pi0)             11       111   18          34          35     -0.40146     -1.42964      3.88819      4.16428      0.13498
   28  pi+                1       211   21           0           0     -0.37373      0.42685     13.54251     13.55511      0.13957
   29  pi-                1      -211   21           0           0     -0.02003     -0.23769      2.23666      2.25367      0.13957
   30  n0                 1      2112   22           0           0      0.26311     -0.13934    112.32682    112.33115      0.93957
   31  pi+                1       211   22           0           0      0.05232     -0.26216     80.80804     80.80861      0.13957
   32  pi-                1      -211   25           0           0      0.08670     -0.15671     11.42440     11.42666      0.13957
   33  pi+                1       211   25           0           0     -0.43904      0.07521      7.16130      7.17650      0.13957
   34  gamma              1        22   27           0           0     -0.27889     -1.01954      2.59113      2.79843      0.00000
   35  gamma              1        22   27           0           0     -0.12257     -0.41009      1.29706      1.36585      0.00000
 ==================================================================================================================================
                   sum charge:  0.00   sum momentum and inv. mass:      0.00000      0.00000    240.00000    260.00176    100.00458



                            Event listing (standard)

    I  particle/jet  K(I,1)   K(I,2) K(I,3)     K(I,4)      K(I,5)       P(I,1)       P(I,2)       P(I,3)       P(I,4)       P(I,5)

    1  !e-!              21        11    0           3           4      0.00000      0.00000    -10.00000     10.00000      0.00051
    2  !p+!              21      2212    0           5           0     -0.00000      0.00000    250.00000    250.00176      0.93827
 ==================================================================================================================================
    3  !e-!              21        11    1           0           0      0.26615      1.20130     -9.94935     10.02515      0.00051
    4  !gamma!           21        22    1           0           0     -0.26615     -1.20130     -0.05065     -0.02515     -1.23122
    5  !p+!              21      2212    2           0           0      0.00000      0.00000    250.00000    250.00176      0.93827
    6  !gamma!           21        22    4           0           0     -0.28410     -1.28230      3.82320      3.85045     -1.23122
    7  !u!               21         2    5           0           0      0.00200      0.00901     27.37093     27.37093      0.00000
    8  !gamma!           21        22    6           0           0     -0.28410     -1.28230      3.82320      3.85045     -1.23122
    9  !u!               21         2    7           0           0      0.00200      0.00901     27.37093     27.37093      0.00000
   10  !u!               21         2    9           0           0     -0.28210     -1.27329     31.19413     31.22138      0.00000
 ==================================================================================================================================
   11  e-                 1        11    3           0           0      0.26615      1.20130     -9.94935     10.02515      0.00051
   12  (ud_0)        A   12      2101    5          15          15      0.35475      0.10136    185.35470    185.35597      0.57933
   13  (g)           I   12        21   10          15          15     -0.61773     -0.74654     55.80633     55.81474      0.00000
   14  (u)           V   11         2   10          15          15     -0.00318     -0.55612      8.78832      8.80590      0.00000
 ==================================================================================================================================
   15  (string)          11        92   12          16          18     -0.26615     -1.20130    249.94935    249.97661      3.48073
   16  n0                 1      2112   15           0           0      0.20506      0.20352     93.22527     93.23045      0.93957
   17  (rho+)            11       213   15          19          20     -0.41382     -1.00372    131.50979    131.51752      0.92424
   18  (rho0)            11       113   15          21          22     -0.05740     -0.40110     25.21429     25.22864      0.74818
   19  pi+                1       211   17           0           0      0.18293     -0.02634     36.44780     36.44854      0.13957
   20  (pi0)             11       111   17          23          24     -0.59675     -0.97738     95.06199     95.06898      0.13498
   21  pi-                1      -211   18           0           0     -0.20115      0.10770      5.19092      5.19781      0.13957
   22  pi+                1       211   18           0           0      0.14375     -0.50881     20.02337     20.03083      0.13957
   23  gamma              1        22   20           0           0     -0.41867     -0.77880     70.48683     70.49237      0.00000
   24  gamma              1        22   20           0           0     -0.17808     -0.19858     24.57516     24.57661      0.00000
 ==================================================================================================================================
                   sum charge:  0.00   sum momentum and inv. mass:      0.00000      0.00000    240.00000    260.00176    100.00458



                            Event listing (standard)

    I  particle/jet  K(I,1)   K(I,2) K(I,3)     K(I,4)      K(I,5)       P(I,1)       P(I,2)       P(I,3)       P(I,4)       P(I,5)

    1  !e-!              21        11    0           3           4      0.00000      0.00000    -10.00000     10.00000      0.00051
    2  !p+!              21      2212    0           5           0     -0.00000      0.00000    250.00000    250.00176      0.93827
 ==================================================================================================================================
    3  !e-!              21        11    1           0           0     -0.20970     -0.86633     -6.75542      6.81397      0.00051
    4  !gamma!           21        22    1           0           0      0.20970      0.86633     -3.24458      3.18603     -1.08214
    5  !p+!              21      2212    2           0           0     -0.00000     -0.00000    250.00000    250.00176      0.93827
    6  !u!               21         2    4           0           0     -0.09244      0.29473     -2.32323      2.34367     -0.00000
    7  !d!               21         1    5           0           0     -0.20440      0.37808     29.06467     29.06785     -0.00000
    8  !u!               21         2    6           0           0     -0.09244      0.29473     -2.32323      2.34367      0.00000
    9  !d!               21         1    7           0           0     -0.20440      0.37808     29.06467     29.06785      0.00000
   10  !u!               21         2    0           0           0      1.37491     -0.88498     -1.98479      2.59266      0.33000
   11  !d!               21         1    0           0           0     -1.67175      1.55779     28.72624     28.81887      0.33000
 ==================================================================================================================================
   12  e-                 1        11    3           0           0     -0.20970     -0.86633     -6.75542      6.81397      0.00051
   13  (d)           A   12         1   11          18          18     -1.66414      1.55070     28.59544     28.68766      0.33000
   14  (ubar)        V   11        -2    4          18          18      0.30204      0.57117     -0.73077      1.02975      0.33000
   15  (u)           A   12         2   10          23          23      1.13435     -0.71635     -0.72588      1.56067      0.33000
   16  (g)           I   12        21   10          23          23      0.23295     -0.16154     -1.12812      1.16319      0.00000
   17  (uu_1)        V   11      2203    5          23          23      0.20450     -0.37765    220.74475    220.74651      0.77133
 ==================================================================================================================================
   18  (string)          11        92   13          19          22     -1.36209      2.12187     27.86467     29.71742     10.01636
   19  (K*0)             11       313   18          33          34     -1.18960      0.88301     19.77844     19.85445      0.90425
   20  (Kbar0)           11      -311   18          35          35     -0.84494      0.51415      3.62247      3.78791      0.49767
   21  (rho0)            11       113   18          36          37      0.48903      0.18005      5.13063      5.18372      0.52531
   22  pi-                1      -211   18           0           0      0.18342      0.54466     -0.66687      0.89134      0.13957
   23  (string)          11        92   15          24          32      1.57180     -1.25554    218.89075    223.47037     44.96442
   24  (rho+)            11       213   23          38          39      0.89232     -0.50263     -1.05961      1.64335      0.72731
   25  (rho0)            11       113   23          40          41      0.03211     -0.55916      0.52891      1.09284      0.77515
   26  (rho-)            11      -213   23          42          43      0.81063     -0.14765      0.90865      1.61002      1.04288
   27  (rho+)            11       213   23          44          45     -0.44039      0.74081      1.76253      2.11328      0.78530
   28  pi-                1      -211   23           0           0      0.13541     -0.42702      1.03584      1.13716      0.13957
   29  (rho+)            11       213   23          46          47     -0.01086     -0.02697      6.30111      6.35799      0.84808
   30  pi-                1      -211   23           0           0      0.36493     -0.15162      1.65214      1.70447      0.13957
   31  pi+                1       211   23           0           0      0.10030     -0.32485      1.44172      1.48782      0.13957
   32  (Delta+)          11      2214   23          48          49     -0.31266      0.14356    206.31946    206.32344      1.23445
   33  K+                 1       321   19           0           0     -0.28601      0.33709      8.54277      8.56843      0.49360
   34  pi-                1      -211   19           0           0     -0.90359      0.54592     11.23566     11.28601      0.13957
   35  (K_S0)            11       310   20          50          51     -0.84494      0.51415      3.62247      3.78791      0.49767
   36  pi+                1       211   21           0           0      0.22723     -0.12387      1.51909      1.54729      0.13957
   37  pi-                1      -211   21           0           0      0.26180      0.30392      3.61154      3.63643      0.13957
   38  pi+                1       211   24           0           0      0.66253     -0.16040     -0.27768      0.74917      0.13957
   39  (pi0)             11       111   24          52          53      0.22979     -0.34223     -0.78193      0.89418      0.13498
   40  pi+                1       211   25           0           0      0.14244     -0.23135     -0.13295      0.33312      0.13957
   41  pi-                1      -211   25           0           0     -0.11033     -0.32781      0.66186      0.75972      0.13957
   42  pi-                1      -211   26           0           0      0.18483     -0.48036      0.13080      0.54908      0.13957
   43  (pi0)             11       111   26          54          55      0.62580      0.33270      0.77784      1.06093      0.13498
   44  pi+                1       211   27           0           0     -0.64034      0.49399      1.25451      1.49911      0.13957
   45  (pi0)             11       111   27          56          57      0.19995      0.24682      0.50802      0.61417      0.13498
   46  pi+                1       211   29           0           0      0.26649     -0.27882      2.22614      2.26361      0.13957
   47  (pi0)             11       111   29          58          59     -0.27735      0.25185      4.07497      4.09438      0.13498
   48  p+                 1      2212   32           0           0     -0.15305      0.19648    190.94535    190.94782      0.93827
   49  (pi0)             11       111   32          60          61     -0.15961     -0.05292     15.37412     15.37563      0.13498
   50  pi-                1      -211   35           0           0     -0.51422      0.37899      2.86731      2.94092      0.13957
   51  pi+                1       211   35           0           0     -0.33072      0.13516      0.75516      0.84699      0.13957
   52  gamma              1        22   39           0           0      0.07901     -0.14995     -0.19468      0.25812      0.00000
   53  gamma              1        22   39           0           0      0.15078     -0.19228     -0.58725      0.63606      0.00000
   54  gamma              1        22   43           0           0      0.01731     -0.00029      0.06109      0.06349      0.00000
   55  gamma              1        22   43           0           0      0.60849      0.33299      0.71676      0.99744      0.00000
   56  gamma              1        22   45           0           0      0.05659      0.13687      0.13816      0.20254      0.00000
   57  gamma              1        22   45           0           0      0.14336      0.10995      0.36986      0.41162      0.00000
   58  gamma              1        22   47           0           0      0.00970      0.00779      0.38988      0.39008      0.00000
   59  gamma              1        22   47           0           0     -0.28706      0.24406      3.68508      3.70429      0.00000
   60  gamma              1        22   49           0           0      0.00749     -0.04784      3.56313      3.56346      0.00000
   61  gamma              1        22   49           0           0     -0.16710     -0.00509     11.81099     11.81217      0.00000
 ==================================================================================================================================
                   sum charge:  0.00   sum momentum and inv. mass:     -0.00000      0.00000    240.00000    260.00176    100.00458



                            Event listing (standard)

    I  particle/jet  K(I,1)   K(I,2) K(I,3)     K(I,4)      K(I,5)       P(I,1)       P(I,2)       P(I,3)       P(I,4)       P(I,5)

    1  !e-!              21        11    0           3           4      0.00000      0.00000    -10.00000     10.00000      0.00051
    2  !p+!              21      2212    0           5           0     -0.00000      0.00000    250.00000    250.00176      0.93827
 ==================================================================================================================================
    3  !e-!              21        11    1           0           0      0.69235     -0.55390     -6.17218      6.23554      0.00051
    4  !gamma!           21        22    1           0           0     -0.69235      0.55390     -3.82782      3.76446     -1.12570
    5  !p+!              21      2212    2           0           0     -0.00000      0.00000    250.00000    250.00176      0.93827
    6  !gamma!           21        22    4           0           0     -0.69251      0.55403     -3.82867      3.76537     -1.12570
    7  !d!               21         1    5           0           0      0.00000     -0.00000      0.08343      0.08343      0.00000
    8  !gamma!           21        22    6           0           0     -0.69251      0.55403     -3.82867      3.76537     -1.12570
    9  !d!               21         1    7           0           0      0.00000     -0.00000      0.08343      0.08343      0.00000
   10  !d!               21         1    9           0           0     -0.69251      0.55403     -3.74524      3.84881      0.00000
 ==================================================================================================================================
   11  e-                 1        11    3           0           0      0.69235     -0.55390     -6.17218      6.23554      0.00051
   12  (d)           A   12         1   10          14          14     -0.35624      0.65647     -3.75957      3.83304      0.00000
   13  (uu_1)        V   11      2203    5          14          14     -0.33611     -0.10257    249.93174    249.93318      0.77133
 ==================================================================================================================================
   14  (string)          11        92   12          15          24     -0.69235      0.55390    246.17218    253.76622     61.60980
   15  (rho-)            11      -213   14          25          26     -0.22672      0.18331     -1.18411      1.54783      0.95323
   16  (rho+)            11       213   14          27          28      0.11814      0.15845     -0.02350      0.42323      0.37351
   17  pi-                1      -211   14           0           0     -0.40059      0.49578     -0.63115      0.90780      0.13957
   18  (omega)           11       223   14          29          31     -0.02052     -0.33481     -0.65996      1.07532      0.77990
   19  K+                 1       321   14           0           0     -0.37559      0.24463     -0.22410      0.70340      0.49360
   20  K-                 1      -321   14           0           0      0.46145     -0.19640      1.85643      1.98532      0.49360
   21  (omega)           11       223   14          32          34      0.01585      0.33608      7.61000      7.65729      0.78028
   22  (pi0)             11       111   14          35          36      0.27046     -0.24845      3.65973      3.68059      0.13498
   23  (pi0)             11       111   14          37          38     -0.52040     -0.13809     11.70291     11.71607      0.13498
   24  (Delta++)         11      2224   14          39          40     -0.01443      0.05340    224.06594    224.06938      1.24099
   25  pi-                1      -211   15           0           0      0.32360     -0.09507     -0.45730      0.58511      0.13957
   26  (pi0)             11       111   15          41          42     -0.55032      0.27838     -0.72682      0.96272      0.13498
   27  pi+                1       211   16           0           0      0.17441      0.15897     -0.03569      0.27648      0.13957
   28  (pi0)             11       111   16          43          44     -0.05627     -0.00052      0.01219      0.14675      0.13498
   29  pi+                1       211   18           0           0     -0.09565     -0.02093     -0.09130      0.19339      0.13957
   30  pi-                1      -211   18           0           0      0.11001     -0.33692     -0.10200      0.39434      0.13957
   31  (pi0)             11       111   18          45          46     -0.03488      0.02304     -0.46667      0.48759      0.13498
   32  pi+                1       211   21           0           0     -0.13431      0.05282      1.16859      1.18571      0.13957
   33  pi-                1      -211   21           0           0      0.07679      0.36617      3.09993      3.12554      0.13957
   34  (pi0)             11       111   21          47          48      0.07337     -0.08292      3.34148      3.34604      0.13498
   35  gamma              1        22   22           0           0      0.20731     -0.10845      2.45012      2.46126      0.00000
   36  gamma              1        22   22           0           0      0.06315     -0.14000      1.20961      1.21932      0.00000
   37  gamma              1        22   23           0           0     -0.15464     -0.01080      2.32426      2.32942      0.00000
   38  gamma              1        22   23           0           0     -0.36577     -0.12729      9.37866      9.38665      0.00000
   39  p+                 1      2212   24           0           0     -0.19407     -0.10465    178.32415    178.32675      0.93827
   40  pi+                1       211   24           0           0      0.17964      0.15806     45.74179     45.74263      0.13957
   41  gamma              1        22   26           0           0     -0.44245      0.20267     -0.64351      0.80680      0.00000
   42  gamma              1        22   26           0           0     -0.10787      0.07571     -0.08331      0.15591      0.00000
   43  gamma              1        22   28           0           0     -0.08582      0.00379      0.04935      0.09907      0.00000
   44  gamma              1        22   28           0           0      0.02955     -0.00431     -0.03716      0.04767      0.00000
   45  gamma              1        22   31           0           0      0.02817      0.03321     -0.05108      0.06713      0.00000
   46  gamma              1        22   31           0           0     -0.06306     -0.01017     -0.41558      0.42046      0.00000
   47  gamma              1        22   34           0           0     -0.03818     -0.02427      1.19986      1.20071      0.00000
   48  gamma              1        22   34           0           0      0.11155     -0.05865      2.14162      2.14533      0.00000
 ==================================================================================================================================
                   sum charge:  0.00   sum momentum and inv. mass:      0.00000     -0.00000    240.00000    260.00176    100.00458



                            Event listing (standard)

    I  particle/jet  K(I,1)   K(I,2) K(I,3)     K(I,4)      K(I,5)       P(I,1)       P(I,2)       P(I,3)       P(I,4)       P(I,5)

    1  !e-!              21        11    0           3           4      0.00000      0.00000    -10.00000     10.00000      0.00051
    2  !p+!              21      2212    0           5           0     -0.00000      0.00000    250.00000    250.00176      0.93827
 ==================================================================================================================================
    3  !e-!              21        11    1           0           0      2.97506     -0.38743     -9.73835     10.19002      0.00051
    4  !gamma!           21        22    1           0           0     -2.97506      0.38743     -0.26165     -0.19002     -3.00557
    5  !p+!              21      2212    2           0           0      0.00000     -0.00000    250.00000    250.00176      0.93827
    6  !gamma!           21        22    4           0           0     -3.04687      0.39678      2.73933      2.81271     -3.00557
    7  !u!               21         2    5           0           0      0.01768     -0.00230     60.80640     60.80640      0.00000
    8  !gamma!           21        22    6           0           0     -3.04687      0.39678      2.73933      2.81271     -3.00557
    9  !u!               21         2    7           0           0      0.01768     -0.00230     60.80640     60.80640      0.00000
   10  !u!               21         2    9           0           0     -3.02919      0.39448     63.54573     63.61911      0.00000
 ==================================================================================================================================
   11  e-                 1        11    3           0           0      2.97506     -0.38743     -9.73835     10.19002      0.00051
   12  (u)           A   12         2   10          14          14     -2.73893      0.56250     54.02232     54.09463      0.00000
   13  (ud_0)        V   11      2101    5          14          14     -0.23613     -0.17507    195.71603    195.71711      0.57933
 ==================================================================================================================================
   14  (string)          11        92   12          15          18     -2.97506      0.38743    249.73835    249.81174      5.25936
   15  (pi0)             11       111   14          19          20      0.03968      0.02755     28.38474     28.38510      0.13498
   16  pi+                1       211   14           0           0     -1.92875      0.64713     39.13467     39.18776      0.13957
   17  (rho-)            11      -213   14          21          22     -0.43290     -0.19875    142.76732    142.77059      0.84188
   18  p+                 1      2212   14           0           0     -0.65309     -0.08850     39.45162     39.46828      0.93827
   19  gamma              1        22   15           0           0      0.02979      0.08207     16.02937     16.02961      0.00000
   20  gamma              1        22   15           0           0      0.00989     -0.05452     12.35537     12.35549      0.00000
   21  pi-                1      -211   17           0           0     -0.07911     -0.47317     74.28347     74.28515      0.13957
   22  (pi0)             11       111   17          23          24     -0.35379      0.27442     68.48385     68.48545      0.13498
   23  gamma              1        22   22           0           0     -0.22287      0.14829     30.99948     31.00064      0.00000
   24  gamma              1        22   22           0           0     -0.13092      0.12613     37.48437     37.48481      0.00000
 ==================================================================================================================================
                   sum charge:  0.00   sum momentum and inv. mass:      0.00000     -0.00000    240.00000    260.00176    100.00458



                            Event listing (standard)

    I  particle/jet  K(I,1)   K(I,2) K(I,3)     K(I,4)      K(I,5)       P(I,1)       P(I,2)       P(I,3)       P(I,4)       P(I,5)

    1  !e-!              21        11    0           3           4      0.00000      0.00000    -10.00000     10.00000      0.00051
    2  !p+!              21      2212    0           5           0     -0.00000      0.00000    250.00000    250.00176      0.93827
 ==================================================================================================================================
    3  !e-!              21        11    1           0           0      1.59091      0.22759     -9.83495      9.96540      0.00051
    4  !gamma!           21        22    1           0           0     -1.59091     -0.22759     -0.16505      0.03460     -1.61519
    5  !p+!              21      2212    2           0           0      0.00000      0.00000    250.00000    250.00176      0.93827
    6  !gamma!           21        22    4           0           0     -1.60493     -0.22959     -0.05185      0.14956     -1.61519
    7  !u!               21         2    5           0           0      0.00036      0.00005      6.47349      6.47349      0.00000
    8  !gamma!           21        22    6           0           0     -1.60493     -0.22959     -0.05185      0.14956     -1.61519
    9  !u!               21         2    7           0           0      0.00036      0.00005      6.47349      6.47349      0.00000
   10  !u!               21         2    9           0           0     -1.60457     -0.22954      6.42165      6.62306      0.00000
 ==================================================================================================================================
   11  e-                 1        11    3           0           0      1.59091      0.22759     -9.83495      9.96540      0.00051
   12  (ud_0)        A   12      2101    5          15          15     -0.11304      0.14788    234.73994    234.74073      0.57933
   13  (g)           I   12        21   10          15          15     -1.03820     -1.13388     11.07131     11.17754      0.00000
   14  (u)           V   11         2   10          15          15     -0.43967      0.75841      4.02370      4.11809      0.00000
 ==================================================================================================================================
   15  (string)          11        92   12          16          21     -1.59091     -0.22759    249.83495    250.03636      9.90436
   16  n0                 1      2112   15           0           0     -0.38759     -0.39670     98.62201     98.62804      0.93957
   17  pi+                1       211   15           0           0      0.20145      0.34793     90.47994     90.48094      0.13957
   18  pi-                1      -211   15           0           0     -0.15565     -0.54194      9.06821      9.08679      0.13957
   19  pi+                1       211   15           0           0     -0.05094      0.45165     25.30835     25.31281      0.13957
   20  pbar-              1     -2212   15           0           0     -0.02131     -0.46199     17.88439     17.91495      0.93827
   21  p+                 1      2212   15           0           0     -1.17687      0.37345      8.47207      8.61282      0.93827
 ==================================================================================================================================
                   sum charge:  0.00   sum momentum and inv. mass:      0.00000      0.00000    240.00000    260.00176    100.00458



                            Event listing (standard)

    I  particle/jet  K(I,1)   K(I,2) K(I,3)     K(I,4)      K(I,5)       P(I,1)       P(I,2)       P(I,3)       P(I,4)       P(I,5)

    1  !e-!              21        11    0           3           4      0.00000      0.00000    -10.00000     10.00000      0.00051
    2  !p+!              21      2212    0           5           0     -0.00000      0.00000    250.00000    250.00176      0.93827
 ==================================================================================================================================
    3  !e-!              21        11    1           0           0      0.40385     -1.41027     -1.93023      2.42440      0.00051
    4  !gamma!           21        22    1           0           0     -0.40385      1.41027     -8.06977      7.57560     -3.14380
    5  !p+!              21      2212    2           0           0     -0.00000      0.00000    250.00000    250.00176      0.93827
    6  !gamma!           21        22    4           0           0     -0.40389      1.41043     -8.07061      7.57652     -3.14380
    7  !dbar!            21        -1    5           0           0      0.00000     -0.00000      0.31582      0.31582      0.00000
    8  !gamma!           21        22    6           0           0     -0.40389      1.41043     -8.07061      7.57652     -3.14380
    9  !dbar!            21        -1    7           0           0      0.00000     -0.00000      0.31582      0.31582      0.00000
   10  !dbar!            21        -1    9           0           0     -0.40389      1.41043     -7.75479      7.89235      0.00000
 ==================================================================================================================================
   11  n0                 1      2112    5           0           0      0.54668     -0.56147    131.63730    131.64299      0.93957
   12  e-                 1        11    3           0           0      0.40385     -1.41027     -1.93023      2.42440      0.00051
   13  (u)           A   12         2    5          18          18     -0.24432      0.44813    116.93233    116.93391      0.33000
   14  (g)           I   12        21   10          18          18      0.32206      0.24849      0.78027      0.87994      0.00000
   15  (g)           I   12        21   10          18          18      0.30329      0.46903     -0.14450      0.57694      0.00000
   16  (g)           I   12        21   10          18          18     -0.31743      0.73728     -1.74519      1.92094      0.00000
   17  (dbar)        V   11        -1   10          18          18     -1.01413      0.06879     -5.53000      5.62264      0.00000
 ==================================================================================================================================
   18  (string)          11        92   13          19          30     -0.95053      1.97173    110.29292    125.93437     60.74657
   19  p+                 1      2212   18           0           0      0.40887      0.00501     34.75361     34.76868      0.93827
   20  nbar0              1     -2112   18           0           0     -0.85978      0.09648     31.54211     31.56795      0.93957
   21  pi-                1      -211   18           0           0      0.70097      0.19974     17.60150     17.61713      0.13957
   22  (omega)           11       223   18          31          32     -0.39858     -0.30280      9.43594      9.48204      0.78841
   23  (eta)             11       221   18          33          34      0.29693      0.70105     21.11070     21.13152      0.54745
   24  pi+                1       211   18           0           0     -0.30569      0.07378      1.49847      1.53746      0.13957
   25  pi-                1      -211   18           0           0      0.21075     -0.67651      0.82305      1.09497      0.13957
   26  pi+                1       211   18           0           0     -0.08544      0.48611     -0.53999      0.74476      0.13957
   27  (omega)           11       223   18          35          37     -0.21829      0.58922     -0.71956      1.23563      0.78371
   28  pi-                1      -211   18           0           0     -0.22072      0.07004      0.43198      0.50962      0.13957
   29  (rho+)            11       213   18          38          39      0.57518      0.19218     -0.93173      1.31305      0.69873
   30  (rho0)            11       113   18          40          41     -1.05472      0.53743     -4.71315      4.93155      0.83970
   31  pi-                1      -211   22           0           0     -0.13627     -0.37555      8.11976      8.13078      0.13957
   32  pi+                1       211   22           0           0     -0.26230      0.07275      1.31617      1.35125      0.13957
   33  gamma              1        22   23           0           0      0.28951      0.39053      6.76079      6.77824      0.00000
   34  gamma              1        22   23           0           0      0.00742      0.31052     14.34991     14.35327      0.00000
   35  pi+                1       211   27           0           0      0.16232      0.24766     -0.24175      0.40694      0.13957
   36  pi-                1      -211   27           0           0     -0.18083     -0.03129     -0.13018      0.26478      0.13957
   37  (pi0)             11       111   27          42          43     -0.19978      0.37286     -0.34762      0.56391      0.13498
   38  pi+                1       211   29           0           0      0.37376      0.42927     -0.59550      0.83550      0.13957
   39  (pi0)             11       111   29          44          45      0.20142     -0.23709     -0.33623      0.47755      0.13498
   40  pi+                1       211   30           0           0     -0.56585      0.70621     -2.96660      3.10469      0.13957
   41  pi-                1      -211   30           0           0     -0.48887     -0.16878     -1.74655      1.82686      0.13957
   42  gamma              1        22   37           0           0     -0.11112      0.30197     -0.30289      0.44190      0.00000
   43  gamma              1        22   37           0           0     -0.08866      0.07089     -0.04473      0.12201      0.00000
   44  gamma              1        22   39           0           0      0.02767      0.01459     -0.04803      0.05732      0.00000
   45  gamma              1        22   39           0           0      0.17376     -0.25168     -0.28819      0.42023      0.00000
 ==================================================================================================================================
                   sum charge:  0.00   sum momentum and inv. mass:      0.00000     -0.00000    240.00000    260.00176    100.00458



                            Event listing (standard)

    I  particle/jet  K(I,1)   K(I,2) K(I,3)     K(I,4)      K(I,5)       P(I,1)       P(I,2)       P(I,3)       P(I,4)       P(I,5)

    1  !e-!              21        11    0           3           4      0.00000      0.00000    -10.00000     10.00000      0.00051
    2  !p+!              21      2212    0           5           0     -0.00000      0.00000    250.00000    250.00176      0.93827
 ==================================================================================================================================
    3  !e-!              21        11    1           0           0      0.99476     -1.31951     -4.08046      4.40236      0.00051
    4  !gamma!           21        22    1           0           0     -0.99476      1.31951     -5.91954      5.59764     -2.53734
    5  !p+!              21      2212    2           0           0     -0.00000      0.00000    250.00000    250.00176      0.93827
    6  !omega_di!        21   9900220    4           0           0     -1.17392      1.40778     -5.53579      5.98131      1.33083
    7  !p+!              21      2212    5           0           0      0.17916     -0.08827    249.61625    249.61809      0.93827
 ==================================================================================================================================
    8  pi-                1      -211    6           0           0      0.03674      0.71146     -2.96216      3.04982      0.13957
    9  pi+                1       211    6           0           0     -1.21066      0.69632     -2.57363      2.93149      0.13957
   10  p+                 1      2212    7           0           0      0.17916     -0.08827    249.61625    249.61809      0.93827
   11  e-                 1        11    3           0           0      0.99476     -1.31951     -4.08046      4.40236      0.00051
 ==================================================================================================================================
                   sum charge:  0.00   sum momentum and inv. mass:     -0.00000      0.00000    240.00000    260.00176    100.00458



                            Event listing (standard)

    I  particle/jet  K(I,1)   K(I,2) K(I,3)     K(I,4)      K(I,5)       P(I,1)       P(I,2)       P(I,3)       P(I,4)       P(I,5)

    1  !e-!              21        11    0           3           4      0.00000      0.00000    -10.00000     10.00000      0.00051
    2  !p+!              21      2212    0           5           0     -0.00000      0.00000    250.00000    250.00176      0.93827
 ==================================================================================================================================
    3  !e-!              21        11    1           0           0     -1.49859      0.79583     -9.57778      9.72693      0.00051
    4  !gamma!           21        22    1           0           0      1.49859     -0.79583     -0.42222      0.27307     -1.72708
    5  !p+!              21      2212    2           0           0     -0.00000      0.00000    250.00000    250.00176      0.93827
    6  !gamma!           21        22    4           0           0      1.50238     -0.79784     -0.41243      0.28462     -1.72708
    7  !c!               21         4    5           0           0     -0.00003      0.00002      2.13950      2.13950      0.00000
    8  !gamma!           21        22    6           0           0      1.50238     -0.79784     -0.41243      0.28462     -1.72708
    9  !c!               21         4    7           0           0     -0.00003      0.00002      2.13950      2.13950      0.00000
   10  !c!               21         4    9           0           0      1.50235     -0.79782      1.72707      2.42412      0.00000
 ==================================================================================================================================
   11  (Dbar0)           11      -421    5          17          18      0.03160     -0.24339    118.27963    118.29458      1.86450
   12  e-                 1        11    3           0           0     -1.49859      0.79583     -9.57778      9.72693      0.00051
   13  (ud_1)        A   12      2103    5          19          19      0.14050      0.40932    124.98669    124.98982      0.77133
   14  (g)           I   12        21   10          19          19     -0.10887      0.18804      1.90943      1.92175      0.00000
   15  (g)           I   12        21   10          19          19      0.73753     -1.53380      3.24120      3.66086      0.00000
   16  (c)           V   11         4   10          19          19      0.69783      0.38401      1.16083      1.40782      0.00000
 ==================================================================================================================================
   17  (K0)              11       311   11          25          25     -0.08111      0.26568     19.51947     19.52778      0.49767
   18  (phi)             11       333   11          26          27      0.11271     -0.50907     98.76017     98.76680      1.01871
   19  (string)          11        92   13          20          24      1.46699     -0.55243    131.29815    131.98025     13.30884
   20  (Delta0)          11      2114   19          28          29      0.37168      0.46077     78.52091     78.53161      1.15272
   21  (eta')            11       331   19          30          31     -0.66861     -0.21743     28.94222     28.96658      0.95723
   22  (rho0)            11       113   19          32          33      0.69310     -0.01725     15.63219     15.66414      0.72067
   23  (omega)           11       223   19          34          36      0.70380     -0.28879      3.47119      3.64076      0.79198
   24  (D*+)             11       413   19          37          38      0.36702     -0.48974      4.73164      5.17717      2.01000
   25  K_L0               1       130   17           0           0     -0.08111      0.26568     19.51947     19.52778      0.49767
   26  K+                 1       321   18           0           0      0.02344     -0.17710     37.43660     37.44028      0.49360
   27  K-                 1      -321   18           0           0      0.08926     -0.33197     61.32357     61.32652      0.49360
   28  n0                 1      2112   20           0           0      0.29114      0.52240     63.76290     63.77262      0.93957
   29  (pi0)             11       111   20          39          40      0.08054     -0.06163     14.75801     14.75898      0.13498
   30  gamma              1        22   21           0           0     -0.10517      0.07119      9.82122      9.82205      0.00000
   31  (rho0)            11       113   21          41          42     -0.56344     -0.28862     19.12100     19.14454      0.70706
   32  pi+                1       211   22           0           0      0.51608      0.17386      5.72240      5.74995      0.13957
   33  pi-                1      -211   22           0           0      0.17702     -0.19111      9.90978      9.91419      0.13957
   34  pi+                1       211   23           0           0      0.38706     -0.35567      1.67300      1.75918      0.13957
   35  pi-                1      -211   23           0           0      0.19766      0.10170      0.44979      0.52077      0.13957
   36  (pi0)             11       111   23          43          44      0.11908     -0.03482      1.34839      1.36080      0.13498
   37  (D0)              11       421   24          45          48      0.31688     -0.42751      4.31774      4.73312      1.86450
   38  pi+                1       211   24           0           0      0.05014     -0.06222      0.41390      0.44405      0.13957
   39  gamma              1        22   29           0           0      0.01594      0.04252      3.36171      3.36201      0.00000
   40  gamma              1        22   29           0           0      0.06460     -0.10415     11.39631     11.39697      0.00000
   41  pi+                1       211   31           0           0     -0.59692     -0.20312     17.95710     17.96871      0.13957
   42  pi-                1      -211   31           0           0      0.03348     -0.08550      1.16390      1.17583      0.13957
   43  gamma              1        22   36           0           0     -0.00608      0.01548      0.02208      0.02765      0.00000
   44  gamma              1        22   36           0           0      0.12516     -0.05031      1.32631      1.33315      0.00000
   45  pi+                1       211   37           0           0     -0.12472      0.19930      1.38932      1.41596      0.13957
   46  pi+                1       211   37           0           0      0.21810      0.17638      1.31043      1.34736      0.13957
   47  pi-                1      -211   37           0           0     -0.23542     -0.30829      0.42543      0.59240      0.13957
   48  pi-                1      -211   37           0           0      0.45892     -0.49490      1.19256      1.37740      0.13957
 ==================================================================================================================================
                   sum charge:  0.00   sum momentum and inv. mass:     -0.00000      0.00000    240.00000    260.00176    100.00458

 Advisory warning: maximum violated by  1.084D+00 in event     378
 XSEC(96,1) increased to  1.574D-02

 Advisory warning: maximum violated by  1.071D+00 in event     839
 XSEC(96,1) increased to  1.687D-02

 Advisory warning: maximum violated by  1.872D+00 in event     901
 XSEC(96,1) increased to  3.159D-02

 Advisory warning: maximum violated by  1.020D+00 in event   15907
 XSEC(96,1) increased to  3.223D-02

 Advisory warning: maximum violated by  1.161D+00 in event   26855
 XSEC(96,1) increased to  3.743D-02
1********* PYSTAT:  Statistics on Number of Events and Cross-sections *********

 ==============================================================================
 I                                  I                            I            I
 I            Subprocess            I      Number of points      I    Sigma   I
 I                                  I                            I            I
 I----------------------------------I----------------------------I    (mb)    I
 I                                  I                            I            I
 I N:o Type                         I    Generated         Tried I            I
 I                                  I                            I            I
 ==============================================================================
 I                                  I                            I            I
 I   0 All included subprocesses    I       500000      11978570 I  7.087D-04 I
 I  11 f + f' -> f + f' (QCD)       I        12873             0 I  1.265D-05 I
 I  12 f + fbar -> f' + fbar'       I          263             0 I  2.487D-07 I
 I  13 f + fbar -> g + g            I          315             0 I  2.954D-07 I
 I  28 f + g -> f + g               I        32593             0 I  3.205D-05 I
 I  53 g + g -> f + fbar            I          410             0 I  3.280D-07 I
 I  68 g + g -> g + g               I        14724             0 I  1.192D-05 I
 I  91 Elastic scattering           I        27909        423479 I  3.774D-05 I
 I  92 Single diffractive (XB)      I        14582        311102 I  1.958D-05 I
 I  93 Single diffractive (AX)      I        11589        252147 I  1.571D-05 I
 I  94 Double  diffractive          I         7747        260305 I  1.033D-05 I
 I  95 Low-pT scattering            I        42045        121418 I  1.072D-04 I
 I  99 q + gamma* -> q              I       305239       1745213 I  4.202D-04 I
 I 131 f + gamma*_T -> f + g        I         9225        133688 I  1.249D-05 I
 I 132 f + gamma*_L -> f + g        I          487          6890 I  6.547D-07 I
 I 135 g + gamma*_T -> f + fbar     I        16542        413378 I  2.255D-05 I
 I 136 g + gamma*_L -> f + fbar     I         3457         67346 I  4.748D-06 I
 I                                  I                            I            I
 ==============================================================================
 I                                  I                            I            I
 I   1 VMD * hadron                 I        87140       5744683 I  1.361D-04 I
 I   2 direct * hadron              I        29711        621302 I  4.044D-05 I
 I   3 anomalous * hadron           I        77910       3867372 I  1.119D-04 I
 I   4 DIS * hadron                 I       305239       1745213 I  4.202D-04 I
 I                                  I                            I            I
 ==============================================================================

 ********* Total number of errors, excluding junctions =        0 *************
 ********* Total number of errors, including junctions =        0 *************
 ********* Total number of warnings =                           0 *************
 ********* Fraction of events that fail fragmentation cuts =  0.03186 *********

1************ PYSTAT: User-Defined Limits on Kinematical Variables ************

 ==============================================================================
 I                                                                            I
 I                 0.000D+00 <  m_hard (GeV/c^2)  <  5.459D+01                I
 I    0.000D+00 ( 1.000D+00) <  p_T_hard (GeV/c)  <  2.730D+01                I
 I                             m_finite (GeV/c^2) =  1.000D+00                I
 I                -1.000D+01 <    y*_subsystem    <  1.000D+01                I
 I                -4.000D+01 <      y*_large      <  4.000D+01                I
 I                -4.000D+01 <      y*_small      <  4.000D+01                I
 I                -4.000D+01 <     eta*_large     <  4.000D+01                I
 I                -4.000D+01 <     eta*_small     <  4.000D+01                I
 I                -1.000D+00 < cos(theta*)_large  <  1.000D+00                I
 I                -1.000D+00 < cos(theta*)_small  <  1.000D+00                I
 I                 0.000D+00 <        x_1         <  1.000D+00                I
 I                 0.000D+00 <        x_2         <  1.000D+00                I
 I                -1.000D+00 <        x_F         <  1.000D+00                I
 I                -1.000D+00 <  cos(theta_hard)   <  1.000D+00                I
 I                 2.000D+00 < m'_hard (GeV/c^2)  <  5.459D+01                I
 I                                                                            I
 ==============================================================================
 The charm mass used is:    1.5000000000000000     
 ===================================================
 Pythia total cross section normalisation:  0.70873540409712299       microbarn
 Total Number of generated events      500000
 Total Number of trials      500000
 ===================================================

 ===== PDFSTA statistics for PDF under/over-flows ====

 ====== STRUCTM statistics for nucleon/pion PDFs =====

   total # of calls    11019538.000000000     
   X  below PDF min    0.0000000000000000       or    0.0000000000000000       %
   X  above PDF max    0.0000000000000000       or    0.0000000000000000       %
   Q2 below PDF min    0.0000000000000000       or    0.0000000000000000       %
   Q2 above PDF max    0.0000000000000000       or    0.0000000000000000       %

 ========= STRUCTP statistics for photon PDFs ========

   total # of calls    0.0000000000000000     

