1                                                                              
 ******************************************************************************
 ******************************************************************************
 **                                                                          **
 **                                                                          **
 **              *......*                  Welcome to the Lund Monte Carlo!  **
 **         *:::!!:::::::::::*                                               **
 **      *::::::!!::::::::::::::*          PPP  Y   Y TTTTT H   H III   A    **
 **    *::::::::!!::::::::::::::::*        P  P  Y Y    T   H   H  I   A A   **
 **   *:::::::::!!:::::::::::::::::*       PPP    Y     T   HHHHH  I  AAAAA  **
 **   *:::::::::!!:::::::::::::::::*       P      Y     T   H   H  I  A   A  **
 **    *::::::::!!::::::::::::::::*!       P      Y     T   H   H III A   A  **
 **      *::::::!!::::::::::::::* !!                                         **
 **      !! *:::!!:::::::::::*    !!       This is PYTHIA version 6.428      **
 **      !!     !* -><- *         !!       Last date of change:  5 Sep 2013  **
 **      !!     !!                !!                                         **
 **      !!     !!                !!       Now is  0 Jan 2000 at  0:00:00    **
 **      !!                       !!                                         **
 **      !!        lh             !!       Disclaimer: this program comes    **
 **      !!                       !!       without any guarantees. Beware    **
 **      !!                 hh    !!       of errors and use common sense    **
 **      !!    ll                 !!       when interpreting results.        **
 **      !!                       !!                                         **
 **      !!                                Copyright T. Sjostrand (2011)     **
 **                                                                          **
 ** An archive of program versions and documentation is found on the web:    **
 ** http://www.thep.lu.se/~torbjorn/Pythia.html                              **
 **                                                                          **
 ** When you cite this program, the official reference is to the 6.4 manual: **
 ** T. Sjostrand, S. Mrenna and P. Skands, JHEP05 (2006) 026                 **
 ** (LU TP 06-13, FERMILAB-PUB-06-052-CD-T) [hep-ph/0603175].                **
 **                                                                          **
 ** Also remember that the program, to a large extent, represents original   **
 ** physics research. Other publications of special relevance to your        **
 ** studies may therefore deserve separate mention.                          **
 **                                                                          **
 ** Main author: Torbjorn Sjostrand; Department of Theoretical Physics,      **
 **   Lund University, Solvegatan 14A, S-223 62 Lund, Sweden;                **
 **   phone: + 46 - 46 - 222 48 16; e-mail: torbjorn@thep.lu.se              **
 ** Author: Stephen Mrenna; Computing Division, GDS Group,                   **
 **   Fermi National Accelerator Laboratory, MS 234, Batavia, IL 60510, USA; **
 **   phone: + 1 - 630 - 840 - 2556; e-mail: mrenna@fnal.gov                 **
 ** Author: Peter Skands; CERN/PH-TH, CH-1211 Geneva, Switzerland            **
 **   phone: + 41 - 22 - 767 24 47; e-mail: peter.skands@cern.ch             **
 **                                                                          **
 **                                                                          **
 ******************************************************************************
 ******************************************************************************
     MSEL           changed from              1 to              2
     MSTP(14)       changed from             30 to             30
     MSTP(15)       changed from              0 to              0
     MSTP(16)       changed from              1 to              1
     MSTP(17)       changed from              4 to              4
     MSTP(18)       changed from              3 to              3
     MSTP(19)       changed from              4 to              1
     MSTP(20)       changed from              3 to              0
     MSTP(32)       changed from              8 to              8
     MSTP(38)       changed from              5 to              4
     MSTP(51)       changed from              7 to          10050
     MSTP(52)       changed from              1 to              2
     MSTP(53)       changed from              3 to              3
     MSTP(54)       changed from              1 to              1
     MSTP(55)       changed from              5 to              5
     MSTP(56)       changed from              1 to              1
     MSTP(57)       changed from              1 to              1
     MSTP(58)       changed from              5 to              5
     MSTP(59)       changed from              1 to              1
     MSTP(60)       changed from              7 to              7
     MSTP(61)       changed from              2 to              2
     MSTP(71)       changed from              1 to              1
     MSTP(81)       changed from              1 to              0
     MSTP(82)       changed from              4 to              1
     MSTP(91)       changed from              1 to              1
     MSTP(92)       changed from              3 to              3
     MSTP(93)       changed from              1 to              1
     MSTP(101)      changed from              3 to              3
     MSTP(102)      changed from              1 to              1
     MSTP(111)      changed from              1 to              1
     MSTP(121)      changed from              0 to              0
     PARP(13)       changed from        1.00000 to        1.00000
     PARP(18)       changed from        0.40000 to        0.40000
     PARP(81)       changed from        1.90000 to        1.90000
     PARP(89)       changed from     1800.00000 to     1800.00000
     PARP(90)       changed from        0.25000 to        0.16000
     PARP(91)       changed from        2.00000 to        0.40000
     PARP(93)       changed from        5.00000 to        5.00000
     PARP(99)       changed from        1.00000 to        0.40000
     PARP(100)      changed from        5.00000 to        5.00000
     PARP(102)      changed from        0.28000 to        0.28000
     PARP(103)      changed from        1.00000 to        1.00000
     PARP(104)      changed from        0.80000 to        0.80000
     PARP(111)      changed from        2.00000 to        2.00000
     PARP(161)      changed from        2.20000 to        3.00000
     PARP(162)      changed from       23.60000 to       24.60000
     PARP(163)      changed from       18.40000 to       18.80000
     PARP(164)      changed from       11.50000 to       11.50000
     PARP(165)      changed from        0.50000 to        0.47679
     PARP(166)      changed from        0.00000 to        0.67597
     PARJ(1)        changed from        0.10000 to        0.10000
     PARJ(2)        changed from        0.30000 to        0.30000
     PARJ(11)       changed from        0.50000 to        0.50000
     PARJ(12)       changed from        0.60000 to        0.60000
     PARJ(21)       changed from        0.36000 to        0.40000
     PARJ(32)       changed from        1.00000 to        1.00000
     PARJ(33)       changed from        0.80000 to        0.80000
     PARJ(41)       changed from        0.30000 to        0.30000
     PARJ(42)       changed from        0.58000 to        0.58000
     PARJ(45)       changed from        0.50000 to        0.50000
     MSTJ(1)        changed from              1 to              1
     MSTJ(12)       changed from              2 to              1
     MSTJ(45)       changed from              5 to              5
     MSTU(112)      changed from              5 to              5
     MSTU(113)      changed from              3 to              5
     MSTU(114)      changed from              5 to              5
     CKIN(1)        changed from        2.00000 to        1.00000
     CKIN(2)        changed from       -1.00000 to       -1.00000
     CKIN(3)        changed from        0.00000 to        0.00000
     CKIN(4)        changed from       -1.00000 to       -1.00000
     CKIN(5)        changed from        1.00000 to        1.00000
     CKIN(6)        changed from        1.00000 to        1.00000
     CKIN(7)        changed from      -10.00000 to      -10.00000
     CKIN(8)        changed from       10.00000 to       10.00000
     CKIN(9)        changed from      -40.00000 to      -40.00000
     CKIN(10)       changed from       40.00000 to       40.00000
     CKIN(11)       changed from      -40.00000 to      -40.00000
     CKIN(12)       changed from       40.00000 to       40.00000
     CKIN(13)       changed from      -40.00000 to      -40.00000
     CKIN(14)       changed from       40.00000 to       40.00000
     CKIN(15)       changed from      -40.00000 to      -40.00000
     CKIN(16)       changed from       40.00000 to       40.00000
     CKIN(17)       changed from       -1.00000 to       -1.00000
     CKIN(18)       changed from        1.00000 to        1.00000
     CKIN(19)       changed from       -1.00000 to       -1.00000
     CKIN(20)       changed from        1.00000 to        1.00000
     CKIN(21)       changed from        0.00000 to        0.00000
     CKIN(22)       changed from        1.00000 to        1.00000
     CKIN(23)       changed from        0.00000 to        0.00000
     CKIN(24)       changed from        1.00000 to        1.00000
     CKIN(25)       changed from       -1.00000 to       -1.00000
     CKIN(26)       changed from        1.00000 to        1.00000
     CKIN(27)       changed from       -1.00000 to       -1.00000
     CKIN(28)       changed from        1.00000 to        1.00000
     CKIN(31)       changed from        2.00000 to        2.00000
     CKIN(32)       changed from       -1.00000 to       -1.00000
     CKIN(35)       changed from        0.00000 to        0.00000
     CKIN(36)       changed from       -1.00000 to       -1.00000
     CKIN(37)       changed from        0.00000 to        0.00000
     CKIN(38)       changed from       -1.00000 to       -1.00000
     CKIN(39)       changed from        4.00000 to        4.00000
     CKIN(40)       changed from       -1.00000 to       -1.00000
     CKIN(65)       changed from        0.00000 to        0.00000
     CKIN(66)       changed from       -1.00000 to       -1.00000
     CKIN(67)       changed from        0.00000 to        0.00000
     CKIN(68)       changed from       -1.00000 to       -1.00000
     CKIN(77)       changed from        2.00000 to        2.00000
     CKIN(78)       changed from       -1.00000 to       -1.00000
 *********************************************
 NOW all parameters are read by PYTHIA
 *********************************************
 SEED =    796776743
 RANLUX LUXURY LEVEL SET BY RLUXGO : 4     P= 389
 RANLUX INITIALIZED BY RLUXGO FROM SEEDS   796776743           0           0
   2771.0935550343875        10.000000000000000       -2771.0935550343875       -10.0000000    
 *********************************************
 proton beam momentum:   130.000000     GeV
 lepton beam momentum:   10.0000000     GeV
 resulting sqrt(s):   72.117599099066553      GeV
 *********************************************
1****************** PYINIT: initialization of PYTHIA routines *****************
 ==== PYTHIA WILL USE LHAPDF ====
 *************************************
 *       LHAPDF Version 5.9.1        *
 *   Configured for the following:   *
 *             All PDFs              *
 *         FULL MEMORY option        *
 *    Maximum  3 concurrent set(s)   *
 *************************************

 >>>>>> PDF description: <<<<<<
 CTEQ6M                                                          
 Reference:                                                      
 J. Pumplin, D.R. Stump, J. Huston, H.L. Lai, P. Nadolsky,       
 W.K. Tung                                                       
 hep-ph/0201195                                                  
 This set has 41 member PDFs.                                    
     mem=0 --> central value (cteq6m)                            
     mem=1-40 --> 20 sets of +ve/-ve error values                
 >>>>>>                   <<<<<<

 ==============================================
 PDFset name /cvmfs/sft.cern.ch/lcg/external/lhapdfsets/5.9.1/share/PDFsets/cteq6mE.LHgrid   
 with         40 members
 ====  initialized. ===========================
 Strong coupling at Mz for PDF is:  0.11798

 ==============================================================================
 I                                                                            I
 I      PYTHIA will be initialized for gamma/e- on p+ user configuration      I
 I                                                                            I
 I                  px (GeV/c)   py (GeV/c)   pz (GeV/c)      E (GeV)         I
 I        gamma/e-       0.000        0.000      -10.000       10.000         I
 I        p+             0.000        0.000      130.000      130.003         I
 I                                                                            I
 I           corresponding to     72.118 GeV center-of-mass energy            I
 I                                                                            I
 ==============================================================================

 ******** PYMAXI: summary of differential cross-section maximum search ********

           ==========================================================
           I                                      I                 I
           I  ISUB  Subprocess name               I  Maximum value  I
           I                                      I                 I
           ==========================================================
           I                                      I                 I
           I   91   Elastic scattering            I    4.1710D-04   I
           I   92   Single diffractive (XB)       I    3.1940D-04   I
           I   93   Single diffractive (AX)       I    2.6141D-04   I
           I   94   Double  diffractive           I    2.4494D-04   I
           I   95   Low-pT scattering             I    1.9207D-03   I
           I   96   Semihard QCD 2 -> 2           I    1.7479D-02   I
           I                                      I                 I
           ==========================================================

 ******** PYMAXI: summary of differential cross-section maximum search ********

           ==========================================================
           I                                      I                 I
           I  ISUB  Subprocess name               I  Maximum value  I
           I                                      I                 I
           ==========================================================
           I                                      I                 I
           I  131   f + gamma*_T -> f + g         I    1.9221D-04   I
           I  132   f + gamma*_L -> f + g         I    9.2718D-06   I
           I  135   g + gamma*_T -> f + fbar      I    5.4466D-04   I
           I  136   g + gamma*_L -> f + fbar      I    8.8198D-05   I
           I                                      I                 I
           ==========================================================

 ******** PYMAXI: summary of differential cross-section maximum search ********

           ==========================================================
           I                                      I                 I
           I  ISUB  Subprocess name               I  Maximum value  I
           I                                      I                 I
           ==========================================================
           I                                      I                 I
           I   91   Elastic scattering            I    1.0588D-04   I
           I   92   Single diffractive (XB)       I    8.2750D-05   I
           I   93   Single diffractive (AX)       I    6.5818D-05   I
           I   94   Double  diffractive           I    6.3002D-05   I
           I   95   Low-pT scattering             I    5.2345D-04   I
           I   96   Semihard QCD 2 -> 2           I    1.1588D-02   I
           I                                      I                 I
           ==========================================================

 ******** PYMAXI: summary of differential cross-section maximum search ********

           ==========================================================
           I                                      I                 I
           I  ISUB  Subprocess name               I  Maximum value  I
           I                                      I                 I
           ==========================================================
           I                                      I                 I
           I   99   q + gamma* -> q               I    1.9857D-03   I
           I                                      I                 I
           ==========================================================

 ********************** PYINIT: initialization completed **********************
 the outputfile will be named: outfiles/ep_10x130_Q2_10_100_norad.out                                                                                                                                                                                                                          



                            Event listing (standard)

    I  particle/jet  K(I,1)   K(I,2) K(I,3)     K(I,4)      K(I,5)       P(I,1)       P(I,2)       P(I,3)       P(I,4)       P(I,5)

    1  !e-!              21        11    0           3           4      0.00000      0.00000    -10.00000     10.00000      0.00051
    2  !p+!              21      2212    0           5           0     -0.00000      0.00000    130.00000    130.00339      0.93827
 ==================================================================================================================================
    3  !e-!              21        11    1           0           0     -2.08344      4.45632     -8.93665     10.20114      0.00051
    4  !gamma!           21        22    1           0           0      2.08344     -4.45632     -1.06335     -0.20114     -5.02889
    5  !p+!              21      2212    2           0           0     -0.00000      0.00000    130.00000    130.00339      0.93827
    6  !gamma!           21        22    4           0           0      2.09161     -4.47380     -0.95271     -0.08711     -5.02889
    7  !u!               21         2    5           0           0     -0.00092      0.00196     14.59589     14.59589      0.00000
    8  !gamma!           21        22    6           0           0      2.09161     -4.47380     -0.95271     -0.08711     -5.02889
    9  !u!               21         2    7           0           0     -0.00092      0.00196     14.59589     14.59589      0.00000
   10  !u!               21         2    9           0           0      2.09069     -4.47183     13.64318     14.50877      0.00000
 ==================================================================================================================================
   11  e-                 1        11    3           0           0     -2.08344      4.45632     -8.93665     10.20114      0.00051
   12  (ud_0)        A   12      2101    5          17          17     -0.08583     -0.33901     97.45312     97.45547      0.57933
   13  (g)           I   12        21   10          17          17     -0.61825      0.25658      6.31077      6.34617      0.00000
   14  (g)           I   12        21   10          17          17      1.14384     -0.77390     10.07635     10.17055      0.00000
   15  (g)           I   12        21   10          17          17      1.47498     -2.56057     14.00545     14.31379      0.00000
   16  (u)           V   11         2   10          17          17      0.16869     -1.03943      1.09097      1.51627      0.00000
 ==================================================================================================================================
   17  (string)          11        92   12          18          22      2.08344     -4.45632    128.93665    129.80225     14.13381
   18  n0                 1      2112   17           0           0     -0.70636     -0.15138    103.30404    103.31084      0.93957
   19  (eta')            11       331   17          23          24      1.33993     -1.72740     13.52704     13.73611      0.95940
   20  (pi0)             11       111   17          25          26      0.06001     -0.34069      2.53606      2.56311      0.13498
   21  (omega)           11       223   17          27          29      1.34918     -1.08046      3.73315      4.18983      0.79413
   22  (rho+)            11       213   17          30          31      0.04067     -1.15639      5.83636      6.00236      0.79147
   23  gamma              1        22   19           0           0      0.19297     -0.06073      1.12440      1.14246      0.00000
   24  (rho0)            11       113   19          32          33      1.14695     -1.66667     12.40264     12.59365      0.82538
   25  gamma              1        22   20           0           0      0.03036     -0.00359      0.14274      0.14598      0.00000
   26  gamma              1        22   20           0           0      0.02965     -0.33710      2.39332      2.41713      0.00000
   27  pi+                1       211   21           0           0      0.85709     -0.57763      1.90140      2.16866      0.13957
   28  pi-                1      -211   21           0           0      0.29399     -0.07791      1.02653      1.07970      0.13957
   29  (pi0)             11       111   21          34          35      0.19810     -0.42491      0.80521      0.94147      0.13498
   30  pi+                1       211   22           0           0      0.37074     -0.82286      3.73610      3.84610      0.13957
   31  (pi0)             11       111   22          36          37     -0.33006     -0.33352      2.10026      2.15627      0.13498
   32  pi+                1       211   24           0           0      1.03812     -1.69870     11.00558     11.18506      0.13957
   33  pi-                1      -211   24           0           0      0.10884      0.03203      1.39706      1.40859      0.13957
   34  gamma              1        22   29           0           0      0.09816     -0.08633      0.16635      0.21157      0.00000
   35  gamma              1        22   29           0           0      0.09994     -0.33857      0.63886      0.72990      0.00000
   36  gamma              1        22   31           0           0     -0.06660     -0.06441      0.22087      0.23952      0.00000
   37  gamma              1        22   31           0           0     -0.26347     -0.26911      1.87939      1.91675      0.00000
 ==================================================================================================================================
                   sum charge:  0.00   sum momentum and inv. mass:     -0.00000      0.00000    120.00000    140.00339     72.11760



                            Event listing (standard)

    I  particle/jet  K(I,1)   K(I,2) K(I,3)     K(I,4)      K(I,5)       P(I,1)       P(I,2)       P(I,3)       P(I,4)       P(I,5)

    1  !e-!              21        11    0           3           4      0.00000      0.00000    -10.00000     10.00000      0.00051
    2  !p+!              21      2212    0           5           0     -0.00000      0.00000    130.00000    130.00339      0.93827
 ==================================================================================================================================
    3  !e-!              21        11    1           0           0      3.82976      0.20924     -9.56194     10.30250      0.00051
    4  !gamma!           21        22    1           0           0     -3.82976     -0.20924     -0.43806     -0.30250     -3.84853
    5  !p+!              21      2212    2           0           0      0.00000      0.00000    130.00000    130.00339      0.93827
    6  !gamma!           21        22    4           0           0     -3.92253     -0.21431      2.16567      2.30458     -3.84853
    7  !u!               21         2    5           0           0      0.03804      0.00208     52.23348     52.23350      0.00000
    8  !gamma!           21        22    6           0           0     -3.92253     -0.21431      2.16567      2.30458     -3.84853
    9  !u!               21         2    7           0           0      0.03804      0.00208     52.23348     52.23350      0.00000
   10  !u!               21         2    9           0           0     -3.88449     -0.21223     54.39915     54.53807      0.00000
 ==================================================================================================================================
   11  e-                 1        11    3           0           0      3.82976      0.20924     -9.56194     10.30250      0.00051
   12  (ud_0)        A   12      2101    5          15          15     -0.06063     -0.09113     70.87361     70.87606      0.57933
   13  (g)           I   12        21   10          15          15     -1.64962      0.39936     18.64150     18.71860      0.00000
   14  (u)           V   11         2   10          15          15     -2.11951     -0.51747     40.04683     40.10622      0.00000
 ==================================================================================================================================
   15  (string)          11        92   12          16          20     -3.82976     -0.20924    129.56194    129.70089      4.61660
   16  p+                 1      2212   15           0           0     -0.47145      0.23239     30.86606     30.88479      0.93827
   17  (pi0)             11       111   15          21          22     -0.19144     -0.01289      3.98045      3.98736      0.13498
   18  (K*-)             11      -323   15          23          24     -0.37395      0.06017     36.82217     36.83450      0.87444
   19  (K0)              11       311   15          25          25     -2.35811     -0.90943     52.87803     52.94073      0.49767
   20  pi+                1       211   15           0           0     -0.43480      0.42053      5.01523      5.05350      0.13957
   21  gamma              1        22   17           0           0     -0.09025     -0.01074      0.77525      0.78056      0.00000
   22  gamma              1        22   17           0           0     -0.10119     -0.00216      3.20520      3.20680      0.00000
   23  (Kbar0)           11      -311   18          26          26     -0.33666      0.06635     35.36627     35.37144      0.49767
   24  pi-                1      -211   18           0           0     -0.03729     -0.00618      1.45590      1.46306      0.13957
   25  (K_S0)            11       310   19          27          28     -2.35811     -0.90943     52.87803     52.94073      0.49767
   26  K_L0               1       130   23           0           0     -0.33666      0.06635     35.36627     35.37144      0.49767
   27  (pi0)             11       111   25          29          30     -1.08324     -0.57230     22.38556     22.41947      0.13498
   28  (pi0)             11       111   25          31          32     -1.27487     -0.33713     30.49247     30.52127      0.13498
   29  gamma              1        22   27           0           0     -0.90525     -0.42282     17.79919     17.82721      0.00000
   30  gamma              1        22   27           0           0     -0.17800     -0.14948      4.58637      4.59226      0.00000
   31  gamma              1        22   28           0           0     -0.13086     -0.03934      2.33380      2.33779      0.00000
   32  gamma              1        22   28           0           0     -1.14401     -0.29779     28.15867     28.18347      0.00000
 ==================================================================================================================================
                   sum charge:  0.00   sum momentum and inv. mass:      0.00000      0.00000    120.00000    140.00339     72.11760



                            Event listing (standard)

    I  particle/jet  K(I,1)   K(I,2) K(I,3)     K(I,4)      K(I,5)       P(I,1)       P(I,2)       P(I,3)       P(I,4)       P(I,5)

    1  !e-!              21        11    0           3           4      0.00000      0.00000    -10.00000     10.00000      0.00051
    2  !p+!              21      2212    0           5           0     -0.00000      0.00000    130.00000    130.00339      0.93827
 ==================================================================================================================================
    3  !e-!              21        11    1           0           0      1.36183     -2.07905     -2.61795      3.60981      0.00051
    4  !gamma!           21        22    1           0           0     -1.36183      2.07905     -7.38205      6.39019     -4.45389
    5  !p+!              21      2212    2           0           0     -0.00000     -0.00000    130.00000    130.00339      0.93827
    6  !gamma!           21        22    4           0           0     -1.36216      2.07956     -7.38351      6.39212     -4.45389
    7  !u!               21         2    5           0           0      0.00000     -0.00000      0.72001      0.72001      0.00000
    8  !gamma!           21        22    6           0           0     -1.36216      2.07956     -7.38351      6.39212     -4.45389
    9  !u!               21         2    7           0           0      0.00000     -0.00000      0.72001      0.72001      0.00000
   10  !u!               21         2    9           0           0     -1.36216      2.07956     -6.66350      7.11213      0.00000
 ==================================================================================================================================
   11  e-                 1        11    3           0           0      1.36183     -2.07905     -2.61795      3.60981      0.00051
   12  (u)           A   12         2   10          14          14     -1.37143      2.11278     -6.65686      7.11747      0.00000
   13  (ud_0)        V   11      2101    5          14          14      0.00960     -0.03373    129.27481    129.27611      0.57933
 ==================================================================================================================================
   14  (string)          11        92   12          15          21     -1.36183      2.07905    122.61795    136.39358     59.68141
   15  (rho+)            11       213   14          22          23     -0.94460      1.57449     -4.16199      4.60954      0.74459
   16  (rho0)            11       113   14          24          25     -0.75614      0.13460     -1.17994      1.63907      0.83931
   17  (eta')            11       331   14          26          28     -0.06277      1.32068      0.08708      1.63490      0.95770
   18  (rho-)            11      -213   14          29          30      0.81458     -1.28981      3.63009      3.99138      0.65301
   19  (pi0)             11       111   14          31          32     -0.14194      0.27224      0.12313      0.35727      0.13498
   20  (rho0)            11       113   14          33          34     -0.40439      0.24990     10.23611     10.27386      0.74051
   21  p+                 1      2212   14           0           0      0.13343     -0.18304    113.88347    113.88756      0.93827
   22  pi+                1       211   15           0           0     -0.72938      1.42159     -3.88800      4.20582      0.13957
   23  (pi0)             11       111   15          35          36     -0.21522      0.15291     -0.27399      0.40372      0.13498
   24  pi-                1      -211   16           0           0     -0.60338     -0.18181     -0.36692      0.74245      0.13957
   25  pi+                1       211   16           0           0     -0.15275      0.31641     -0.81301      0.89662      0.13957
   26  pi-                1      -211   17           0           0      0.05390      0.19825     -0.13325      0.28186      0.13957
   27  pi+                1       211   17           0           0     -0.01654      0.22124     -0.03248      0.26411      0.13957
   28  (eta)             11       221   17          37          38     -0.10013      0.90119      0.25280      1.08893      0.54745
   29  pi-                1      -211   18           0           0      0.03007     -0.56498      1.29050      1.41597      0.13957
   30  (pi0)             11       111   18          39          40      0.78451     -0.72484      2.33958      2.57540      0.13498
   31  gamma              1        22   19           0           0     -0.01942      0.15213      0.01417      0.15402      0.00000
   32  gamma              1        22   19           0           0     -0.12252      0.12010      0.10897      0.20325      0.00000
   33  pi-                1      -211   20           0           0     -0.53717     -0.00415      7.06478      7.08655      0.13957
   34  pi+                1       211   20           0           0      0.13278      0.25404      3.17133      3.18732      0.13957
   35  gamma              1        22   23           0           0     -0.22479      0.13345     -0.27807      0.38166      0.00000
   36  gamma              1        22   23           0           0      0.00957      0.01945      0.00409      0.02206      0.00000
   37  gamma              1        22   28           0           0     -0.07713     -0.05059      0.07836      0.12103      0.00000
   38  gamma              1        22   28           0           0     -0.02300      0.95177      0.17444      0.96790      0.00000
   39  gamma              1        22   30           0           0      0.16825     -0.23535      0.65562      0.71662      0.00000
   40  gamma              1        22   30           0           0      0.61626     -0.48949      1.68396      1.85879      0.00000
 ==================================================================================================================================
                   sum charge:  0.00   sum momentum and inv. mass:     -0.00000      0.00000    120.00000    140.00339     72.11760



                            Event listing (standard)

    I  particle/jet  K(I,1)   K(I,2) K(I,3)     K(I,4)      K(I,5)       P(I,1)       P(I,2)       P(I,3)       P(I,4)       P(I,5)

    1  !e-!              21        11    0           3           4      0.00000      0.00000    -10.00000     10.00000      0.00051
    2  !p+!              21      2212    0           5           0     -0.00000      0.00000    130.00000    130.00339      0.93827
 ==================================================================================================================================
    3  !e-!              21        11    1           0           0     -0.54908     -0.20453     -0.00350      0.58595      0.00051
    4  !gamma!           21        22    1           0           0      0.54908      0.20453     -9.99650      9.41405     -3.41305
    5  !p+!              21      2212    2           0           0     -0.00000     -0.00000    130.00000    130.00339      0.93827
    6  !gamma!           21        22    4           0           0      0.54917      0.20457     -9.99814      9.41580     -3.41305
    7  !d!               21         1    5           0           0     -0.00000     -0.00000      0.30001      0.30001      0.00000
    8  !gamma!           21        22    6           0           0      0.54917      0.20457     -9.99814      9.41580     -3.41305
    9  !d!               21         1    7           0           0     -0.00000     -0.00000      0.30001      0.30001      0.00000
   10  !d!               21         1    9           0           0      0.54917      0.20457     -9.69812      9.71581      0.00000
 ==================================================================================================================================
   11  e-                 1        11    3           0           0     -0.54908     -0.20453     -0.00350      0.58595      0.00051
   12  (uu_1)        A   12      2203    5          17          17     -0.01892      0.24998    128.86463    128.86718      0.77133
   13  (g)           I   12        21   10          17          17     -0.56311      0.64648     -0.01248      0.85743      0.00000
   14  (g)           I   12        21   10          17          17      0.37506     -0.11581     -0.08205      0.40102      0.00000
   15  (g)           I   12        21   10          17          17      0.78532     -0.49192     -0.55588      1.08061      0.00000
   16  (d)           V   11         1   10          17          17     -0.02927     -0.08419     -8.21072      8.21120      0.00000
 ==================================================================================================================================
   17  (string)          11        92   12          18          27      0.54908      0.20453    120.00350    139.41744     70.96505
   18  (Delta+)          11      2214   17          28          29      0.17037      0.85565     96.81667     96.82967      1.32548
   19  pi+                1       211   17           0           0      0.03337     -0.42616      7.76069      7.77371      0.13957
   20  (omega)           11       223   17          30          32      0.13873      0.01121     21.75549     21.76996      0.78121
   21  (rho-)            11      -213   17          33          34     -0.41399     -0.09548      1.43828      1.71228      0.82627
   22  (rho+)            11       213   17          35          36     -0.03126      0.18108      0.05259      0.86240      0.84095
   23  (pi0)             11       111   17          37          38      0.51156     -0.86108     -0.34341      1.06738      0.13498
   24  (omega)           11       223   17          39          41     -0.16714      0.64728      0.04847      1.03687      0.79110
   25  K-                 1      -321   17           0           0      0.05951     -0.08777      0.17533      0.53444      0.49360
   26  (eta)             11       221   17          42          44      0.21419     -0.12659     -6.48000      6.50785      0.54745
   27  (K0)              11       311   17          45          45      0.03375      0.10641     -1.22061      1.32288      0.49767
   28  p+                 1      2212   18           0           0      0.06234      0.37782     76.21734     76.22408      0.93827
   29  (pi0)             11       111   18          46          47      0.10803      0.47782     20.59933     20.60560      0.13498
   30  pi-                1      -211   20           0           0     -0.01715      0.16670     11.91564     11.91764      0.13957
   31  pi+                1       211   20           0           0      0.20938     -0.01767      7.39037      7.39467      0.13957
   32  (pi0)             11       111   20          48          49     -0.05350     -0.13782      2.44948      2.45765      0.13498
   33  pi-                1      -211   21           0           0     -0.04404      0.32063      0.47468      0.59122      0.13957
   34  (pi0)             11       111   21          50          51     -0.36996     -0.41611      0.96360      1.12106      0.13498
   35  pi+                1       211   22           0           0      0.13400     -0.28464     -0.02126      0.34483      0.13957
   36  (pi0)             11       111   22          52          53     -0.16526      0.46572      0.07385      0.51757      0.13498
   37  gamma              1        22   23           0           0      0.19571     -0.45460     -0.14554      0.51590      0.00000
   38  gamma              1        22   23           0           0      0.31584     -0.40648     -0.19788      0.55149      0.00000
   39  pi-                1      -211   24           0           0     -0.24008      0.19645      0.08817      0.35140      0.13957
   40  pi+                1       211   24           0           0     -0.02082      0.48674      0.01942      0.50715      0.13957
   41  (pi0)             11       111   24          54          55      0.09376     -0.03591     -0.05912      0.17831      0.13498
   42  pi+                1       211   26           0           0     -0.01326      0.03187     -1.33361      1.34134      0.13957
   43  pi-                1      -211   26           0           0      0.21126     -0.16621     -4.12046      4.13158      0.13957
   44  (pi0)             11       111   26          56          57      0.01618      0.00774     -1.02593      1.03493      0.13498
   45  (K_S0)            11       310   27          58          59      0.03375      0.10641     -1.22061      1.32288      0.49767
   46  gamma              1        22   29           0           0      0.04483      0.19009      5.67627      5.67963      0.00000
   47  gamma              1        22   29           0           0      0.06320      0.28774     14.92306     14.92597      0.00000
   48  gamma              1        22   32           0           0      0.01313      0.00700      0.03666      0.03957      0.00000
   49  gamma              1        22   32           0           0     -0.06663     -0.14482      2.41282      2.41808      0.00000
   50  gamma              1        22   34           0           0     -0.09306     -0.15316      0.20884      0.27520      0.00000
   51  gamma              1        22   34           0           0     -0.27690     -0.26295      0.75476      0.84586      0.00000
   52  gamma              1        22   36           0           0     -0.08402      0.20134      0.09953      0.23980      0.00000
   53  gamma              1        22   36           0           0     -0.08124      0.26437     -0.02569      0.27776      0.00000
   54  gamma              1        22   41           0           0      0.09075     -0.03371     -0.09888      0.13838      0.00000
   55  gamma              1        22   41           0           0      0.00301     -0.00220      0.03976      0.03994      0.00000
   56  gamma              1        22   44           0           0     -0.05824      0.01293     -0.37154      0.37630      0.00000
   57  gamma              1        22   44           0           0      0.07442     -0.00519     -0.65439      0.65863      0.00000
   58  pi+                1       211   45           0           0      0.07618      0.12607     -0.17797      0.26991      0.13957
   59  pi-                1      -211   45           0           0     -0.04243     -0.01965     -1.04264      1.05298      0.13957
 ==================================================================================================================================
                   sum charge:  0.00   sum momentum and inv. mass:     -0.00000     -0.00000    120.00000    140.00339     72.11760



                            Event listing (standard)

    I  particle/jet  K(I,1)   K(I,2) K(I,3)     K(I,4)      K(I,5)       P(I,1)       P(I,2)       P(I,3)       P(I,4)       P(I,5)

    1  !e-!              21        11    0           3           4      0.00000      0.00000    -10.00000     10.00000      0.00051
    2  !p+!              21      2212    0           5           0     -0.00000      0.00000    130.00000    130.00339      0.93827
 ==================================================================================================================================
    3  !e-!              21        11    1           0           0     -3.48053      1.77975     -8.37225      9.23992      0.00051
    4  !gamma!           21        22    1           0           0      3.48053     -1.77975     -1.62775      0.76008     -4.16575
    5  !p+!              21      2212    2           0           0     -0.00000      0.00000    130.00000    130.00339      0.93827
    6  !gamma!           21        22    4           0           0      3.48547     -1.78227     -1.61976      0.77145     -4.16575
    7  !ubar!            21        -2    5           0           0     -0.00014      0.00007      3.62834      3.62834      0.00000
    8  !gamma!           21        22    6           0           0      3.48547     -1.78227     -1.61976      0.77145     -4.16575
    9  !ubar!            21        -2    7           0           0     -0.00014      0.00007      3.62834      3.62834      0.00000
   10  !ubar!            21        -2    9           0           0      3.48533     -1.78220      2.00858      4.39979      0.00000
 ==================================================================================================================================
   11  p+                 1      2212    5           0           0      0.02376     -0.33867     78.65167     78.65800      0.93827
   12  e-                 1        11    3           0           0     -3.48053      1.77975     -8.37225      9.23992      0.00051
   13  (ubar)        A   12        -2   10          15          15      3.54410     -1.54670      1.94493      4.32847      0.00000
   14  (u)           V   11         2    5          15          15     -0.08733      0.10562     47.77565     47.77699      0.33000
 ==================================================================================================================================
   15  (string)          11        92   13          16          20      3.45677     -1.44108     49.72058     52.10546     15.12670
   16  pbar-              1     -2212   15           0           0      0.49393      0.14562      1.17596      1.59010      0.93827
   17  n0                 1      2112   15           0           0      2.28807     -1.55146      1.82393      3.44265      0.93957
   18  (rho+)            11       213   15          21          22      1.13744      0.60697      3.35083      3.67809      0.79879
   19  pi-                1      -211   15           0           0     -0.30146     -0.00743      2.86040      2.87963      0.13957
   20  pi+                1       211   15           0           0     -0.16122     -0.63478     40.50947     40.51500      0.13957
   21  pi+                1       211   18           0           0      0.46578      0.49518      2.41609      2.51379      0.13957
   22  (pi0)             11       111   18          23          24      0.67167      0.11179      0.93474      1.16430      0.13498
   23  gamma              1        22   22           0           0      0.45078      0.10560      0.72110      0.85694      0.00000
   24  gamma              1        22   22           0           0      0.22089      0.00618      0.21364      0.30736      0.00000
 ==================================================================================================================================
                   sum charge:  0.00   sum momentum and inv. mass:      0.00000     -0.00000    120.00000    140.00339     72.11760



                            Event listing (standard)

    I  particle/jet  K(I,1)   K(I,2) K(I,3)     K(I,4)      K(I,5)       P(I,1)       P(I,2)       P(I,3)       P(I,4)       P(I,5)

    1  !e-!              21        11    0           3           4      0.00000      0.00000    -10.00000     10.00000      0.00051
    2  !p+!              21      2212    0           5           0     -0.00000      0.00000    130.00000    130.00339      0.93827
 ==================================================================================================================================
    3  !e-!              21        11    1           0           0     -2.57179     -1.92070     -3.78990      4.96654      0.00051
    4  !gamma!           21        22    1           0           0      2.57179      1.92070     -6.21010      5.03346     -4.85107
    5  !p+!              21      2212    2           0           0     -0.00000     -0.00000    130.00000    130.00339      0.93827
    6  !gamma!           21        22    4           0           0      2.57257      1.92128     -6.21134      5.03560     -4.85107
    7  !s!               21         3    5           0           0     -0.00001     -0.00000      1.04619      1.04619      0.00000
    8  !gamma!           21        22    6           0           0      2.57257      1.92128     -6.21134      5.03560     -4.85107
    9  !s!               21         3    7           0           0     -0.00001     -0.00000      1.04619      1.04619      0.00000
   10  !s!               21         3    9           0           0      2.57256      1.92127     -5.16515      6.08179      0.00000
 ==================================================================================================================================
   11  (K*+)             11       323    5          16          17     -0.20429      0.40872     93.39474     93.39884      0.74566
   12  e-                 1        11    3           0           0     -2.57179     -1.92070     -3.78990      4.96654      0.00051
   13  (ud_0)        A   12      2101    5          18          18     -0.14130      0.01407     35.14015     35.14521      0.57933
   14  (g)           I   12        21   10          18          18      0.06651      0.44589      0.34297      0.56645      0.00000
   15  (s)           V   11         3   10          18          18      2.85087      1.05203     -5.08796      5.92635      0.00000
 ==================================================================================================================================
   16  (K0)              11       311   11          27          27     -0.09172      0.17623     44.74817     44.75138      0.49767
   17  pi+                1       211   11           0           0     -0.11257      0.23249     48.64657     48.64746      0.13957
   18  (string)          11        92   13          19          26      2.77608      1.51198     30.39515     41.63801     28.28189
   19  n0                 1      2112   18           0           0     -0.10112      0.31523     15.15380     15.18651      0.93957
   20  nbar0              1     -2112   18           0           0      0.19543      0.25399      8.52957      8.58715      0.93957
   21  n0                 1      2112   18           0           0      0.10947      0.44022      4.19265      4.32052      0.93957
   22  (rho+)            11       213   18          28          29     -0.37900     -0.55293      6.56942      6.65531      0.82857
   23  (K*-)             11      -323   18          30          31      0.67834     -0.08951     -0.87485      1.44188      0.91950
   24  (K0)              11       311   18          32          32     -0.20163      0.22710      0.38493      0.69862      0.49767
   25  (rho+)            11       213   18          33          34      2.27464      0.46445     -2.92987      3.80635      0.71728
   26  K-                 1      -321   18           0           0      0.19994      0.45344     -0.63049      0.94167      0.49360
   27  K_L0               1       130   16           0           0     -0.09172      0.17623     44.74817     44.75138      0.49767
   28  pi+                1       211   22           0           0      0.15601      0.06541      1.93380      1.94620      0.13957
   29  (pi0)             11       111   22          35          36     -0.53501     -0.61834      4.63561      4.70911      0.13498
   30  (Kbar0)           11      -311   23          37          37      0.44445      0.08927     -0.21621      0.70705      0.49767
   31  pi-                1      -211   23           0           0      0.23390     -0.17879     -0.65864      0.73482      0.13957
   32  (K_S0)            11       310   24          38          39     -0.20163      0.22710      0.38493      0.69862      0.49767
   33  pi+                1       211   25           0           0      1.18698      0.57143     -1.70681      2.16058      0.13957
   34  (pi0)             11       111   25          40          41      1.08766     -0.10698     -1.22306      1.64577      0.13498
   35  gamma              1        22   29           0           0     -0.29064     -0.23706      1.99704      2.03196      0.00000
   36  gamma              1        22   29           0           0     -0.24438     -0.38128      2.63857      2.67715      0.00000
   37  (K_S0)            11       310   30          42          43      0.44445      0.08927     -0.21621      0.70705      0.49767
   38  (pi0)             11       111   32          44          45     -0.13832     -0.02071      0.35903      0.40827      0.13498
   39  (pi0)             11       111   32          46          47     -0.06331      0.24781      0.02590      0.29036      0.13498
   40  gamma              1        22   34           0           0      0.16088      0.03039     -0.16334      0.23127      0.00000
   41  gamma              1        22   34           0           0      0.92678     -0.13737     -1.05972      1.41450      0.00000
   42  pi+                1       211   37           0           0      0.11681     -0.14217     -0.00108      0.23095      0.13957
   43  pi-                1      -211   37           0           0      0.32764      0.23144     -0.21513      0.47610      0.13957
   44  gamma              1        22   38           0           0     -0.10071     -0.02219      0.35585      0.37050      0.00000
   45  gamma              1        22   38           0           0     -0.03761      0.00148      0.00317      0.03777      0.00000
   46  gamma              1        22   39           0           0     -0.08409      0.10804      0.05240      0.14659      0.00000
   47  gamma              1        22   39           0           0      0.02078      0.13977     -0.02649      0.14376      0.00000
 ==================================================================================================================================
                   sum charge:  0.00   sum momentum and inv. mass:      0.00000      0.00000    120.00000    140.00339     72.11760



                            Event listing (standard)

    I  particle/jet  K(I,1)   K(I,2) K(I,3)     K(I,4)      K(I,5)       P(I,1)       P(I,2)       P(I,3)       P(I,4)       P(I,5)

    1  !e-!              21        11    0           3           4      0.00000      0.00000    -10.00000     10.00000      0.00051
    2  !p+!              21      2212    0           5           0     -0.00000      0.00000    130.00000    130.00339      0.93827
 ==================================================================================================================================
    3  !e-!              21        11    1           0           0     -2.46654      4.45397     -9.06831     10.39980      0.00051
    4  !gamma!           21        22    1           0           0      2.46654     -4.45397     -0.93169     -0.39980     -5.16041
    5  !p+!              21      2212    2           0           0     -0.00000      0.00000    130.00000    130.00339      0.93827
    6  !gamma!           21        22    4           0           0      2.48219     -4.48222     -0.62104     -0.08577     -5.16041
    7  !u!               21         2    5           0           0     -0.00299      0.00541     24.81588     24.81588      0.00000
    8  !gamma!           21        22    6           0           0      2.48219     -4.48222     -0.62104     -0.08577     -5.16041
    9  !u!               21         2    7           0           0     -0.00299      0.00541     24.81588     24.81588      0.00000
   10  !u!               21         2    9           0           0      2.47919     -4.47681     24.19484     24.73011      0.00000
 ==================================================================================================================================
   11  e-                 1        11    3           0           0     -2.46654      4.45397     -9.06831     10.39980      0.00051
   12  (u)           A   12         2   10          14          14      2.51855     -4.12828     21.66274     22.19595      0.00000
   13  (ud_0)        V   11      2101    5          14          14     -0.05201     -0.32568    107.40556    107.40763      0.57933
 ==================================================================================================================================
   14  (string)          11        92   12          15          20      2.46654     -4.45397    129.06831    129.60359     10.60846
   15  pi+                1       211   14           0           0     -0.10801     -0.56273      3.65724      3.70449      0.13957
   16  (rho-)            11      -213   14          21          22      2.07130     -2.32949     13.70265     14.07302      0.75543
   17  (rho0)            11       113   14          23          24      0.43787     -0.92432      9.48805      9.56695      0.67623
   18  pi+                1       211   14           0           0     -0.04661     -0.29499     16.28952     16.29285      0.13957
   19  (eta')            11       331   14          25          27      0.16509     -0.10551     16.68588     16.71450      0.95790
   20  n0                 1      2112   14           0           0     -0.05310     -0.23693     69.24496     69.25176      0.93957
   21  pi-                1      -211   16           0           0      0.04340     -0.27085      1.61189      1.64101      0.13957
   22  (pi0)             11       111   16          28          29      2.02790     -2.05865     12.09075     12.43201      0.13498
   23  pi+                1       211   17           0           0      0.26642     -0.76101      8.56077      8.59979      0.13957
   24  pi-                1      -211   17           0           0      0.17145     -0.16331      0.92729      0.96717      0.13957
   25  pi-                1      -211   19           0           0      0.12320      0.05258      4.78444      4.78835      0.13957
   26  pi+                1       211   19           0           0      0.06720     -0.15222      3.78947      3.79569      0.13957
   27  (eta)             11       221   19          30          31     -0.02531     -0.00586      8.11198      8.13047      0.54745
   28  gamma              1        22   22           0           0      1.29869     -1.24746      7.34595      7.56345      0.00000
   29  gamma              1        22   22           0           0      0.72921     -0.81119      4.74480      4.86857      0.00000
   30  gamma              1        22   27           0           0     -0.11064      0.16827      1.28029      1.29603      0.00000
   31  gamma              1        22   27           0           0      0.08532     -0.17414      6.83169      6.83444      0.00000
 ==================================================================================================================================
                   sum charge:  0.00   sum momentum and inv. mass:     -0.00000      0.00000    120.00000    140.00339     72.11760



                            Event listing (standard)

    I  particle/jet  K(I,1)   K(I,2) K(I,3)     K(I,4)      K(I,5)       P(I,1)       P(I,2)       P(I,3)       P(I,4)       P(I,5)

    1  !e-!              21        11    0           3           4      0.00000      0.00000    -10.00000     10.00000      0.00051
    2  !p+!              21      2212    0           5           0     -0.00000      0.00000    130.00000    130.00339      0.93827
 ==================================================================================================================================
    3  !e-!              21        11    1           0           0     -0.38219      2.96162     -6.87990      7.50002      0.00051
    4  !gamma!           21        22    1           0           0      0.38219     -2.96162     -3.12010      2.49998     -3.52170
    5  !p+!              21      2212    2           0           0     -0.00000      0.00000    130.00000    130.00339      0.93827
    6  !gamma!           21        22    4           0           0      0.38242     -2.96340     -3.12065      2.50282     -3.52170
    7  !ubar!            21        -2    5           0           0     -0.00000      0.00002      1.10272      1.10272      0.00000
    8  !gamma!           21        22    6           0           0      0.38242     -2.96340     -3.12065      2.50282     -3.52170
    9  !ubar!            21        -2    7           0           0     -0.00000      0.00002      1.10272      1.10272      0.00000
   10  !ubar!            21        -2    9           0           0      0.38241     -2.96339     -2.01793      3.60554      0.00000
 ==================================================================================================================================
   11  p+                 1      2212    5           0           0     -0.43601      0.50985    128.50174    128.50692      0.93827
   12  e-                 1        11    3           0           0     -0.38219      2.96162     -6.87990      7.50002      0.00051
   13  (ubar)        A   12        -2   10          15          15      0.31441     -2.83133     -1.31436      3.13733      0.00000
   14  (u)           V   11         2    5          15          15      0.50360     -0.63992     -0.25243      0.91418      0.33000
   15  (cluster)         11        91   13          16          16      0.81801     -3.47125     -1.56679      4.05151      1.11409
   16  (omega)           11       223   15          17          19      0.81820     -3.47147     -1.62184      3.99645      0.78788
 ==================================================================================================================================
   17  pi+                1       211   16           0           0      0.29765     -1.41162     -0.46405      1.52187      0.13957
   18  pi-                1      -211   16           0           0      0.33687     -1.78224     -1.04577      2.09833      0.13957
   19  (pi0)             11       111   16          20          21      0.18367     -0.27760     -0.11203      0.37626      0.13498
   20  gamma              1        22   19           0           0      0.07983     -0.20184     -0.01961      0.21794      0.00000
   21  gamma              1        22   19           0           0      0.10385     -0.07576     -0.09242      0.15832      0.00000
 ==================================================================================================================================
                   sum charge:  0.00   sum momentum and inv. mass:      0.00000     -0.00000    120.00000    140.00339     72.11760



                            Event listing (standard)

    I  particle/jet  K(I,1)   K(I,2) K(I,3)     K(I,4)      K(I,5)       P(I,1)       P(I,2)       P(I,3)       P(I,4)       P(I,5)

    1  !e-!              21        11    0           3           4      0.00000      0.00000    -10.00000     10.00000      0.00051
    2  !p+!              21      2212    0           5           0     -0.00000      0.00000    130.00000    130.00339      0.93827
 ==================================================================================================================================
    3  !e-!              21        11    1           0           0     -0.48442     -3.33538     -7.33343      8.07085      0.00051
    4  !gamma!           21        22    1           0           0      0.48442      3.33538     -2.66657      1.92915     -3.84036
    5  !p+!              21      2212    2           0           0     -0.00000      0.00000    130.00000    130.00339      0.93827
    6  !gamma!           21        22    4           0           0      0.48477      3.33784     -2.66617      1.93293     -3.84036
    7  !d!               21         1    5           0           0     -0.00000     -0.00003      1.60338      1.60338      0.00000
    8  !gamma!           21        22    6           0           0      0.48477      3.33784     -2.66617      1.93293     -3.84036
    9  !d!               21         1    7           0           0     -0.00000     -0.00003      1.60338      1.60338      0.00000
   10  !d!               21         1    9           0           0      0.48477      3.33781     -1.06279      3.53631      0.00000
 ==================================================================================================================================
   11  e-                 1        11    3           0           0     -0.48442     -3.33538     -7.33343      8.07085      0.00051
   12  (uu_1)        A   12      2203    5          17          17     -0.28823     -0.16519    123.08397    123.08683      0.77133
   13  (g)           I   12        21   10          17          17     -1.40287      0.76289      3.34017      3.70227      0.00000
   14  (g)           I   12        21   10          17          17     -0.36464      0.03053      0.55903      0.66814      0.00000
   15  (g)           I   12        21   10          17          17      0.79509      0.32580      1.13207      1.42123      0.00000
   16  (d)           V   11         1   10          17          17      1.74507      2.38135     -0.78180      3.05406      0.00000
 ==================================================================================================================================
   17  (string)          11        92   12          18          24      0.48442      3.33538    127.33343    131.93253     34.36612
   18  (Delta++)         11      2224   17          25          26      0.31341      0.19456    109.10252    109.10989      1.21301
   19  (pi0)             11       111   17          27          28     -1.38834      0.36577      7.29023      7.43148      0.13498
   20  pbar-              1     -2212   17           0           0     -0.16241     -0.44647      3.20192      3.37021      0.93827
   21  n0                 1      2112   17           0           0      0.41135      0.05012      4.86600      4.97317      0.93957
   22  (eta)             11       221   17          29          31     -0.98115      0.35340      2.90581      3.13544      0.54745
   23  (pi0)             11       111   17          32          33      1.31355      0.99759      0.29732      1.68143      0.13498
   24  (omega)           11       223   17          34          36      0.97801      1.82041     -0.33036      2.23091      0.77292
   25  p+                 1      2212   18           0           0      0.24428      0.32925     98.82348     98.82879      0.93827
   26  pi+                1       211   18           0           0      0.06913     -0.13469     10.27904     10.28110      0.13957
   27  gamma              1        22   19           0           0     -1.08814      0.31724      5.49481      5.61049      0.00000
   28  gamma              1        22   19           0           0     -0.30020      0.04853      1.79542      1.82099      0.00000
   29  (pi0)             11       111   22          37          38     -0.14185      0.01536      0.36073      0.41073      0.13498
   30  (pi0)             11       111   22          39          40     -0.39317      0.06753      1.33974      1.40437      0.13498
   31  (pi0)             11       111   22          41          42     -0.44613      0.27051      1.20534      1.32033      0.13498
   32  gamma              1        22   23           0           0      0.84556      0.70283      0.15550      1.11046      0.00000
   33  gamma              1        22   23           0           0      0.46799      0.29476      0.14182      0.57097      0.00000
   34  pi-                1      -211   24           0           0      0.26926      0.40374      0.17807      0.53544      0.13957
   35  pi+                1       211   24           0           0      0.28147      0.75147     -0.28428      0.86268      0.13957
   36  (pi0)             11       111   24          43          44      0.42727      0.66521     -0.22415      0.83278      0.13498
   37  gamma              1        22   29           0           0     -0.11797     -0.04896      0.22917      0.26236      0.00000
   38  gamma              1        22   29           0           0     -0.02389      0.06432      0.13155      0.14837      0.00000
   39  gamma              1        22   30           0           0     -0.16027      0.09156      0.66624      0.69134      0.00000
   40  gamma              1        22   30           0           0     -0.23290     -0.02403      0.67350      0.71304      0.00000
   41  gamma              1        22   31           0           0     -0.15183      0.12058      0.60263      0.63305      0.00000
   42  gamma              1        22   31           0           0     -0.29430      0.14993      0.60271      0.68728      0.00000
   43  gamma              1        22   36           0           0      0.27742      0.39916     -0.20275      0.52669      0.00000
   44  gamma              1        22   36           0           0      0.14985      0.26605     -0.02140      0.30610      0.00000
 ==================================================================================================================================
                   sum charge:  0.00   sum momentum and inv. mass:     -0.00000     -0.00000    120.00000    140.00339     72.11760



                            Event listing (standard)

    I  particle/jet  K(I,1)   K(I,2) K(I,3)     K(I,4)      K(I,5)       P(I,1)       P(I,2)       P(I,3)       P(I,4)       P(I,5)

    1  !e-!              21        11    0           3           4      0.00000      0.00000    -10.00000     10.00000      0.00051
    2  !p+!              21      2212    0           5           0     -0.00000      0.00000    130.00000    130.00339      0.93827
 ==================================================================================================================================
    3  !e-!              21        11    1           0           0     -0.96911      4.20032     -5.12178      6.69436      0.00051
    4  !gamma!           21        22    1           0           0      0.96911     -4.20032     -4.87822      3.30564     -5.60818
    5  !p+!              21      2212    2           0           0     -0.00000      0.00000    130.00000    130.00339      0.93827
    6  !gamma!           21        22    4           0           0      0.96951     -4.20206     -4.87865      3.30859     -5.60818
    7  !u!               21         2    5           0           0     -0.00001      0.00003      1.92076      1.92076      0.00000
    8  !gamma!           21        22    6           0           0      0.96951     -4.20206     -4.87865      3.30859     -5.60818
    9  !u!               21         2    7           0           0     -0.00001      0.00003      1.92076      1.92076      0.00000
   10  !u!               21         2    9           0           0      0.96951     -4.20204     -2.95789      5.22936      0.00000
 ==================================================================================================================================
   11  e-                 1        11    3           0           0     -0.96911      4.20032     -5.12178      6.69436      0.00051
   12  (ud_0)        A   12      2101    5          17          17      0.01332     -0.48141    127.42657    127.42879      0.57933
   13  (g)           I   12        21   10          17          17     -0.23872     -0.48996      0.35464      0.65024      0.00000
   14  (g)           I   12        21   10          17          17      0.54461     -2.12190     -0.23182      2.20290      0.00000
   15  (g)           I   12        21   10          17          17      0.73006     -1.34693     -1.89010      2.43304      0.00000
   16  (u)           V   11         2   10          17          17     -0.08015      0.23987     -0.53751      0.59404      0.00000
 ==================================================================================================================================
   17  (string)          11        92   12          18          28      0.96911     -4.20032    125.12178    133.30902     45.79579
   18  p+                 1      2212   17           0           0     -0.04077     -0.41928    108.38860    108.39348      0.93827
   19  pi-                1      -211   17           0           0     -0.08236     -0.12855     13.18841     13.19003      0.13957
   20  pi+                1       211   17           0           0     -0.22069      0.03808      0.40423      0.48274      0.13957
   21  pi-                1      -211   17           0           0      0.58384     -0.57684      1.95778      2.12744      0.13957
   22  (pi0)             11       111   17          29          30      0.00716     -0.57021     -0.14088      0.60271      0.13498
   23  pi+                1       211   17           0           0     -0.14444      0.08190      2.22188      2.23245      0.13957
   24  pi-                1      -211   17           0           0      0.11199      0.09273      0.52485      0.56221      0.13957
   25  (rho+)            11       213   17          31          32     -0.26975     -0.60553      0.32824      1.03736      0.72729
   26  (rho0)            11       113   17          33          34      0.13984      0.21092     -0.53897      0.95059      0.74100
   27  (K*-)             11      -323   17          35          36      0.99450     -1.78044     -0.17290      2.25944      0.95717
   28  (K*+)             11       323   17          37          38     -0.11021     -0.54309     -1.03946      1.47058      0.88037
   29  gamma              1        22   22           0           0      0.04396     -0.43127     -0.05959      0.43758      0.00000
   30  gamma              1        22   22           0           0     -0.03681     -0.13895     -0.08129      0.16513      0.00000
   31  pi+                1       211   25           0           0     -0.12618     -0.17015      0.47410      0.53770      0.13957
   32  (pi0)             11       111   25          39          40     -0.14357     -0.43538     -0.14586      0.49966      0.13498
   33  pi+                1       211   26           0           0     -0.02622     -0.23099     -0.29665      0.40190      0.13957
   34  pi-                1      -211   26           0           0      0.16607      0.44191     -0.24233      0.54869      0.13957
   35  K-                 1      -321   27           0           0      0.65385     -0.61959      0.01766      1.02731      0.49360
   36  (pi0)             11       111   27          41          42      0.34065     -1.16085     -0.19056      1.23213      0.13498
   37  K+                 1       321   28           0           0     -0.07269     -0.14928     -0.88131      1.02368      0.49360
   38  (pi0)             11       111   28          43          44     -0.03753     -0.39381     -0.15814      0.44690      0.13498
   39  gamma              1        22   32           0           0     -0.16751     -0.41020     -0.13735      0.46389      0.00000
   40  gamma              1        22   32           0           0      0.02395     -0.02518     -0.00851      0.03578      0.00000
   41  gamma              1        22   36           0           0      0.13443     -0.63327     -0.14800      0.66408      0.00000
   42  gamma              1        22   36           0           0      0.20622     -0.52758     -0.04256      0.56805      0.00000
   43  gamma              1        22   38           0           0     -0.02773     -0.22584     -0.01857      0.22829      0.00000
   44  gamma              1        22   38           0           0     -0.00979     -0.16797     -0.13957      0.21861      0.00000
 ==================================================================================================================================
                   sum charge:  0.00   sum momentum and inv. mass:     -0.00000      0.00000    120.00000    140.00339     72.11760

 Advisory warning: maximum violated by  1.073D+00 in event     249
 XSEC(96,1) increased to  1.244D-02

 Advisory warning: maximum violated by  1.055D+00 in event     363
 XSEC(96,1) increased to  1.312D-02

 Advisory warning: maximum violated by  1.432D+00 in event     700
 XSEC(96,1) increased to  1.878D-02

 Advisory warning: maximum violated by  1.251D+00 in event     965
 XSEC(96,1) increased to  2.349D-02

 Advisory warning: maximum violated by  1.280D+00 in event    1488
 XSEC(96,1) increased to  3.007D-02

 Advisory warning: maximum violated by  1.239D+00 in event    1716
 XSEC(96,1) increased to  3.725D-02

 Advisory warning: maximum violated by  1.032D+00 in event    6776
 XSEC(96,1) increased to  3.844D-02

 Advisory warning: maximum violated by  1.004D+00 in event   11468
 XSEC(96,1) increased to  3.859D-02

 Advisory warning: maximum violated by  1.041D+00 in event   11577
 XSEC(96,1) increased to  4.017D-02

 Advisory warning: maximum violated by  1.104D+00 in event   17063
 XSEC(96,1) increased to  4.433D-02
1********* PYSTAT:  Statistics on Number of Events and Cross-sections *********

 ==============================================================================
 I                                  I                            I            I
 I            Subprocess            I      Number of points      I    Sigma   I
 I                                  I                            I            I
 I----------------------------------I----------------------------I    (mb)    I
 I                                  I                            I            I
 I N:o Type                         I    Generated         Tried I            I
 I                                  I                            I            I
 ==============================================================================
 I                                  I                            I            I
 I   0 All included subprocesses    I       500000      77574476 I  4.717D-05 I
 I  11 f + f' -> f + f' (QCD)       I         2179             0 I  3.868D-07 I
 I  12 f + fbar -> f' + fbar'       I           51             0 I  1.077D-08 I
 I  13 f + fbar -> g + g            I           49             0 I  9.555D-09 I
 I  28 f + g -> f + g               I         5517             0 I  8.609D-07 I
 I  53 g + g -> f + fbar            I           80             0 I  1.041D-08 I
 I  68 g + g -> g + g               I         2741             0 I  3.427D-07 I
 I  91 Elastic scattering           I         6876       5659289 I  6.261D-07 I
 I  92 Single diffractive (XB)      I         3266       4355302 I  3.015D-07 I
 I  93 Single diffractive (AX)      I         2403       3539813 I  2.160D-07 I
 I  94 Double  diffractive          I         1987       3820823 I  1.562D-07 I
 I  95 Low-pT scattering            I        13469         80844 I  9.978D-07 I
 I  99 q + gamma* -> q              I       454639      21160394 I  4.261D-05 I
 I 131 f + gamma*_T -> f + g        I         2947       2043282 I  2.773D-07 I
 I 132 f + gamma*_L -> f + g        I          169         99200 I  1.800D-08 I
 I 135 g + gamma*_T -> f + fbar     I         2688       5792895 I  2.601D-07 I
 I 136 g + gamma*_L -> f + fbar     I          939        938207 I  8.900D-08 I
 I                                  I                            I            I
 ==============================================================================
 I                                  I                            I            I
 I   1 VMD * hadron                 I        12982      36456147 I  1.536D-06 I
 I   2 direct * hadron              I         6743       8873584 I  6.443D-07 I
 I   3 anomalous * hadron           I        25636      11084351 I  2.383D-06 I
 I   4 DIS * hadron                 I       454639      21160394 I  4.261D-05 I
 I                                  I                            I            I
 ==============================================================================

 ********* Total number of errors, excluding junctions =        0 *************
 ********* Total number of errors, including junctions =        0 *************
 ********* Total number of warnings =                           0 *************
 ********* Fraction of events that fail fragmentation cuts =  0.00776 *********

1************ PYSTAT: User-Defined Limits on Kinematical Variables ************

 ==============================================================================
 I                                                                            I
 I                 0.000D+00 <  m_hard (GeV/c^2)  <  5.129D+01                I
 I    0.000D+00 ( 1.000D+00) <  p_T_hard (GeV/c)  <  2.564D+01                I
 I                             m_finite (GeV/c^2) =  1.000D+00                I
 I                -1.000D+01 <    y*_subsystem    <  1.000D+01                I
 I                -4.000D+01 <      y*_large      <  4.000D+01                I
 I                -4.000D+01 <      y*_small      <  4.000D+01                I
 I                -4.000D+01 <     eta*_large     <  4.000D+01                I
 I                -4.000D+01 <     eta*_small     <  4.000D+01                I
 I                -1.000D+00 < cos(theta*)_large  <  1.000D+00                I
 I                -1.000D+00 < cos(theta*)_small  <  1.000D+00                I
 I                 0.000D+00 <        x_1         <  1.000D+00                I
 I                 0.000D+00 <        x_2         <  1.000D+00                I
 I                -1.000D+00 <        x_F         <  1.000D+00                I
 I                -1.000D+00 <  cos(theta_hard)   <  1.000D+00                I
 I                 2.000D+00 < m'_hard (GeV/c^2)  <  5.129D+01                I
 I                                                                            I
 ==============================================================================
 The charm mass used is:    1.5000000000000000     
 ===================================================
 Pythia total cross section normalisation:   4.7172836273732102E-002  microbarn
 Total Number of generated events      500000
 Total Number of trials      500000
 ===================================================

 ===== PDFSTA statistics for PDF under/over-flows ====

 ====== STRUCTM statistics for nucleon/pion PDFs =====

   total # of calls    40418638.000000000     
   X  below PDF min    0.0000000000000000       or    0.0000000000000000       %
   X  above PDF max    0.0000000000000000       or    0.0000000000000000       %
   Q2 below PDF min    0.0000000000000000       or    0.0000000000000000       %
   Q2 above PDF max    0.0000000000000000       or    0.0000000000000000       %

 ========= STRUCTP statistics for photon PDFs ========

   total # of calls    0.0000000000000000     

