1                                                                              
 ******************************************************************************
 ******************************************************************************
 **                                                                          **
 **                                                                          **
 **              *......*                  Welcome to the Lund Monte Carlo!  **
 **         *:::!!:::::::::::*                                               **
 **      *::::::!!::::::::::::::*          PPP  Y   Y TTTTT H   H III   A    **
 **    *::::::::!!::::::::::::::::*        P  P  Y Y    T   H   H  I   A A   **
 **   *:::::::::!!:::::::::::::::::*       PPP    Y     T   HHHHH  I  AAAAA  **
 **   *:::::::::!!:::::::::::::::::*       P      Y     T   H   H  I  A   A  **
 **    *::::::::!!::::::::::::::::*!       P      Y     T   H   H III A   A  **
 **      *::::::!!::::::::::::::* !!                                         **
 **      !! *:::!!:::::::::::*    !!       This is PYTHIA version 6.428      **
 **      !!     !* -><- *         !!       Last date of change:  5 Sep 2013  **
 **      !!     !!                !!                                         **
 **      !!     !!                !!       Now is  0 Jan 2000 at  0:00:00    **
 **      !!                       !!                                         **
 **      !!        lh             !!       Disclaimer: this program comes    **
 **      !!                       !!       without any guarantees. Beware    **
 **      !!                 hh    !!       of errors and use common sense    **
 **      !!    ll                 !!       when interpreting results.        **
 **      !!                       !!                                         **
 **      !!                                Copyright T. Sjostrand (2011)     **
 **                                                                          **
 ** An archive of program versions and documentation is found on the web:    **
 ** http://www.thep.lu.se/~torbjorn/Pythia.html                              **
 **                                                                          **
 ** When you cite this program, the official reference is to the 6.4 manual: **
 ** T. Sjostrand, S. Mrenna and P. Skands, JHEP05 (2006) 026                 **
 ** (LU TP 06-13, FERMILAB-PUB-06-052-CD-T) [hep-ph/0603175].                **
 **                                                                          **
 ** Also remember that the program, to a large extent, represents original   **
 ** physics research. Other publications of special relevance to your        **
 ** studies may therefore deserve separate mention.                          **
 **                                                                          **
 ** Main author: Torbjorn Sjostrand; Department of Theoretical Physics,      **
 **   Lund University, Solvegatan 14A, S-223 62 Lund, Sweden;                **
 **   phone: + 46 - 46 - 222 48 16; e-mail: torbjorn@thep.lu.se              **
 ** Author: Stephen Mrenna; Computing Division, GDS Group,                   **
 **   Fermi National Accelerator Laboratory, MS 234, Batavia, IL 60510, USA; **
 **   phone: + 1 - 630 - 840 - 2556; e-mail: mrenna@fnal.gov                 **
 ** Author: Peter Skands; CERN/PH-TH, CH-1211 Geneva, Switzerland            **
 **   phone: + 41 - 22 - 767 24 47; e-mail: peter.skands@cern.ch             **
 **                                                                          **
 **                                                                          **
 ******************************************************************************
 ******************************************************************************
     MSEL           changed from              1 to              2
     MSTP(14)       changed from             30 to             30
     MSTP(15)       changed from              0 to              0
     MSTP(16)       changed from              1 to              1
     MSTP(17)       changed from              4 to              4
     MSTP(18)       changed from              3 to              3
     MSTP(19)       changed from              4 to              1
     MSTP(20)       changed from              3 to              0
     MSTP(32)       changed from              8 to              8
     MSTP(38)       changed from              5 to              4
     MSTP(51)       changed from              7 to          10050
     MSTP(52)       changed from              1 to              2
     MSTP(53)       changed from              3 to              3
     MSTP(54)       changed from              1 to              1
     MSTP(55)       changed from              5 to              5
     MSTP(56)       changed from              1 to              1
     MSTP(57)       changed from              1 to              1
     MSTP(58)       changed from              5 to              5
     MSTP(59)       changed from              1 to              1
     MSTP(60)       changed from              7 to              7
     MSTP(61)       changed from              2 to              2
     MSTP(71)       changed from              1 to              1
     MSTP(81)       changed from              1 to              0
     MSTP(82)       changed from              4 to              1
     MSTP(91)       changed from              1 to              1
     MSTP(92)       changed from              3 to              3
     MSTP(93)       changed from              1 to              1
     MSTP(101)      changed from              3 to              3
     MSTP(102)      changed from              1 to              1
     MSTP(111)      changed from              1 to              1
     MSTP(121)      changed from              0 to              0
     PARP(13)       changed from        1.00000 to        1.00000
     PARP(18)       changed from        0.40000 to        0.40000
     PARP(81)       changed from        1.90000 to        1.90000
     PARP(89)       changed from     1800.00000 to     1800.00000
     PARP(90)       changed from        0.25000 to        0.16000
     PARP(91)       changed from        2.00000 to        0.40000
     PARP(93)       changed from        5.00000 to        5.00000
     PARP(99)       changed from        1.00000 to        0.40000
     PARP(100)      changed from        5.00000 to        5.00000
     PARP(102)      changed from        0.28000 to        0.28000
     PARP(103)      changed from        1.00000 to        1.00000
     PARP(104)      changed from        0.80000 to        0.80000
     PARP(111)      changed from        2.00000 to        2.00000
     PARP(161)      changed from        2.20000 to        3.00000
     PARP(162)      changed from       23.60000 to       24.60000
     PARP(163)      changed from       18.40000 to       18.80000
     PARP(164)      changed from       11.50000 to       11.50000
     PARP(165)      changed from        0.50000 to        0.47679
     PARP(166)      changed from        0.00000 to        0.67597
     PARJ(1)        changed from        0.10000 to        0.10000
     PARJ(2)        changed from        0.30000 to        0.30000
     PARJ(11)       changed from        0.50000 to        0.50000
     PARJ(12)       changed from        0.60000 to        0.60000
     PARJ(21)       changed from        0.36000 to        0.40000
     PARJ(32)       changed from        1.00000 to        1.00000
     PARJ(33)       changed from        0.80000 to        0.80000
     PARJ(41)       changed from        0.30000 to        0.30000
     PARJ(42)       changed from        0.58000 to        0.58000
     PARJ(45)       changed from        0.50000 to        0.50000
     MSTJ(1)        changed from              1 to              1
     MSTJ(12)       changed from              2 to              1
     MSTJ(45)       changed from              5 to              5
     MSTU(112)      changed from              5 to              5
     MSTU(113)      changed from              3 to              5
     MSTU(114)      changed from              5 to              5
     CKIN(1)        changed from        2.00000 to        1.00000
     CKIN(2)        changed from       -1.00000 to       -1.00000
     CKIN(3)        changed from        0.00000 to        0.00000
     CKIN(4)        changed from       -1.00000 to       -1.00000
     CKIN(5)        changed from        1.00000 to        1.00000
     CKIN(6)        changed from        1.00000 to        1.00000
     CKIN(7)        changed from      -10.00000 to      -10.00000
     CKIN(8)        changed from       10.00000 to       10.00000
     CKIN(9)        changed from      -40.00000 to      -40.00000
     CKIN(10)       changed from       40.00000 to       40.00000
     CKIN(11)       changed from      -40.00000 to      -40.00000
     CKIN(12)       changed from       40.00000 to       40.00000
     CKIN(13)       changed from      -40.00000 to      -40.00000
     CKIN(14)       changed from       40.00000 to       40.00000
     CKIN(15)       changed from      -40.00000 to      -40.00000
     CKIN(16)       changed from       40.00000 to       40.00000
     CKIN(17)       changed from       -1.00000 to       -1.00000
     CKIN(18)       changed from        1.00000 to        1.00000
     CKIN(19)       changed from       -1.00000 to       -1.00000
     CKIN(20)       changed from        1.00000 to        1.00000
     CKIN(21)       changed from        0.00000 to        0.00000
     CKIN(22)       changed from        1.00000 to        1.00000
     CKIN(23)       changed from        0.00000 to        0.00000
     CKIN(24)       changed from        1.00000 to        1.00000
     CKIN(25)       changed from       -1.00000 to       -1.00000
     CKIN(26)       changed from        1.00000 to        1.00000
     CKIN(27)       changed from       -1.00000 to       -1.00000
     CKIN(28)       changed from        1.00000 to        1.00000
     CKIN(31)       changed from        2.00000 to        2.00000
     CKIN(32)       changed from       -1.00000 to       -1.00000
     CKIN(35)       changed from        0.00000 to        0.00000
     CKIN(36)       changed from       -1.00000 to       -1.00000
     CKIN(37)       changed from        0.00000 to        0.00000
     CKIN(38)       changed from       -1.00000 to       -1.00000
     CKIN(39)       changed from        4.00000 to        4.00000
     CKIN(40)       changed from       -1.00000 to       -1.00000
     CKIN(65)       changed from        0.00000 to        0.00000
     CKIN(66)       changed from       -1.00000 to       -1.00000
     CKIN(67)       changed from        0.00000 to        0.00000
     CKIN(68)       changed from       -1.00000 to       -1.00000
     CKIN(77)       changed from        2.00000 to        2.00000
     CKIN(78)       changed from       -1.00000 to       -1.00000
 *********************************************
 NOW all parameters are read by PYTHIA
 *********************************************
 SEED =    859994530
 RANLUX LUXURY LEVEL SET BY RLUXGO : 4     P= 389
 RANLUX INITIALIZED BY RLUXGO FROM SEEDS   859994530           0           0
   2771.0935550343875        10.000000000000000       -2771.0935550343875       -10.0000000    
 *********************************************
 proton beam momentum:   130.000000     GeV
 lepton beam momentum:   10.0000000     GeV
 resulting sqrt(s):   72.117599099066553      GeV
 *********************************************
1****************** PYINIT: initialization of PYTHIA routines *****************
 ==== PYTHIA WILL USE LHAPDF ====
 *************************************
 *       LHAPDF Version 5.9.1        *
 *   Configured for the following:   *
 *             All PDFs              *
 *         FULL MEMORY option        *
 *    Maximum  3 concurrent set(s)   *
 *************************************

 >>>>>> PDF description: <<<<<<
 CTEQ6M                                                          
 Reference:                                                      
 J. Pumplin, D.R. Stump, J. Huston, H.L. Lai, P. Nadolsky,       
 W.K. Tung                                                       
 hep-ph/0201195                                                  
 This set has 41 member PDFs.                                    
     mem=0 --> central value (cteq6m)                            
     mem=1-40 --> 20 sets of +ve/-ve error values                
 >>>>>>                   <<<<<<

 ==============================================
 PDFset name /cvmfs/sft.cern.ch/lcg/external/lhapdfsets/5.9.1/share/PDFsets/cteq6mE.LHgrid   
 with         40 members
 ====  initialized. ===========================
 Strong coupling at Mz for PDF is:  0.11798

 ==============================================================================
 I                                                                            I
 I      PYTHIA will be initialized for gamma/e- on p+ user configuration      I
 I                                                                            I
 I                  px (GeV/c)   py (GeV/c)   pz (GeV/c)      E (GeV)         I
 I        gamma/e-       0.000        0.000      -10.000       10.000         I
 I        p+             0.000        0.000      130.000      130.003         I
 I                                                                            I
 I           corresponding to     72.118 GeV center-of-mass energy            I
 I                                                                            I
 ==============================================================================

 ******** PYMAXI: summary of differential cross-section maximum search ********

           ==========================================================
           I                                      I                 I
           I  ISUB  Subprocess name               I  Maximum value  I
           I                                      I                 I
           ==========================================================
           I                                      I                 I
           I   91   Elastic scattering            I    4.1710D-04   I
           I   92   Single diffractive (XB)       I    3.1940D-04   I
           I   93   Single diffractive (AX)       I    2.6141D-04   I
           I   94   Double  diffractive           I    2.4494D-04   I
           I   95   Low-pT scattering             I    1.9207D-03   I
           I   96   Semihard QCD 2 -> 2           I    1.7479D-02   I
           I                                      I                 I
           ==========================================================

 ******** PYMAXI: summary of differential cross-section maximum search ********

           ==========================================================
           I                                      I                 I
           I  ISUB  Subprocess name               I  Maximum value  I
           I                                      I                 I
           ==========================================================
           I                                      I                 I
           I  131   f + gamma*_T -> f + g         I    1.9221D-04   I
           I  132   f + gamma*_L -> f + g         I    9.2718D-06   I
           I  135   g + gamma*_T -> f + fbar      I    5.4466D-04   I
           I  136   g + gamma*_L -> f + fbar      I    8.8198D-05   I
           I                                      I                 I
           ==========================================================

 ******** PYMAXI: summary of differential cross-section maximum search ********

           ==========================================================
           I                                      I                 I
           I  ISUB  Subprocess name               I  Maximum value  I
           I                                      I                 I
           ==========================================================
           I                                      I                 I
           I   91   Elastic scattering            I    1.0588D-04   I
           I   92   Single diffractive (XB)       I    8.2750D-05   I
           I   93   Single diffractive (AX)       I    6.5818D-05   I
           I   94   Double  diffractive           I    6.3002D-05   I
           I   95   Low-pT scattering             I    5.2345D-04   I
           I   96   Semihard QCD 2 -> 2           I    1.1588D-02   I
           I                                      I                 I
           ==========================================================

 ******** PYMAXI: summary of differential cross-section maximum search ********

           ==========================================================
           I                                      I                 I
           I  ISUB  Subprocess name               I  Maximum value  I
           I                                      I                 I
           ==========================================================
           I                                      I                 I
           I   99   q + gamma* -> q               I    1.9857D-03   I
           I                                      I                 I
           ==========================================================

 ********************** PYINIT: initialization completed **********************
 the outputfile will be named: outfiles/ep_10x130_Q2_10_100_norad.out                                                                                                                                                                                                                          



                            Event listing (standard)

    I  particle/jet  K(I,1)   K(I,2) K(I,3)     K(I,4)      K(I,5)       P(I,1)       P(I,2)       P(I,3)       P(I,4)       P(I,5)

    1  !e-!              21        11    0           3           4      0.00000      0.00000    -10.00000     10.00000      0.00051
    2  !p+!              21      2212    0           5           0     -0.00000      0.00000    130.00000    130.00339      0.93827
 ==================================================================================================================================
    3  !e-!              21        11    1           0           0      0.53784      2.91004     -6.65707      7.28520      0.00051
    4  !gamma!           21        22    1           0           0     -0.53784     -2.91004     -3.34293      2.71480     -3.54439
    5  !p+!              21      2212    2           0           0     -0.00000      0.00000    130.00000    130.00339      0.93827
    6  !gamma!           21        22    4           0           0     -0.53814     -2.91167     -3.34364      2.71747     -3.54439
    7  !u!               21         2    5           0           0      0.00000      0.00001      1.03633      1.03633      0.00000
    8  !gamma!           21        22    6           0           0     -0.53814     -2.91167     -3.34364      2.71747     -3.54439
    9  !u!               21         2    7           0           0      0.00000      0.00001      1.03633      1.03633      0.00000
   10  !u!               21         2    9           0           0     -0.53814     -2.91166     -2.30731      3.75380      0.00000
 ==================================================================================================================================
   11  e-                 1        11    3           0           0      0.53784      2.91004     -6.65707      7.28520      0.00051
   12  (ud_0)        A   12      2101    5          15          15     -0.00085      0.31596    127.27989    127.28160      0.57933
   13  (g)           I   12        21   10          15          15     -1.99029     -0.23735      0.19594      2.01394      0.00000
   14  (u)           V   11         2   10          15          15      1.45330     -2.98865     -0.81876      3.42264      0.00000
 ==================================================================================================================================
   15  (string)          11        92   12          16          25     -0.53784     -2.91004    126.65707    132.71818     39.53915
   16  n0                 1      2112   15           0           0     -0.13337      0.04361    101.26255    101.26700      0.93957
   17  (rho+)            11       213   15          26          27      0.34191      0.62700      9.38529      9.43499      0.65214
   18  pi-                1      -211   15           0           0     -0.99856     -0.46087      8.64283      8.71364      0.13957
   19  (pi0)             11       111   15          28          29      0.53915      0.18906      2.90518      2.96390      0.13498
   20  (eta)             11       221   15          30          32      0.14572      0.55014      3.90015      3.97929      0.54745
   21  (eta')            11       331   15          33          35     -0.83051     -0.75629      1.03708      1.80403      0.95774
   22  pi+                1       211   15           0           0      0.07562     -0.24936      0.67121      0.73342      0.13957
   23  (rho0)            11       113   15          36          37     -0.25066     -0.57820     -0.21238      0.88397      0.58236
   24  (omega)           11       223   15          38          40      0.19228     -1.20713     -0.82522      1.67413      0.79220
   25  (eta)             11       221   15          41          43      0.38058     -1.06801     -0.10962      1.26381      0.54745
   26  pi+                1       211   17           0           0      0.32273      0.50625      4.05427      4.10086      0.13957
   27  (pi0)             11       111   17          44          45      0.01918      0.12075      5.33102      5.33413      0.13498
   28  gamma              1        22   19           0           0      0.36133      0.17085      2.22579      2.26139      0.00000
   29  gamma              1        22   19           0           0      0.17781      0.01820      0.67939      0.70251      0.00000
   30  (pi0)             11       111   20          46          47      0.01555      0.27502      1.79690      1.82289      0.13498
   31  (pi0)             11       111   20          48          49      0.08170      0.08505      0.42374      0.46009      0.13498
   32  (pi0)             11       111   20          50          51      0.04847      0.19007      1.67952      1.69631      0.13498
   33  pi-                1      -211   21           0           0     -0.25820     -0.10935      0.36782      0.48311      0.13957
   34  pi+                1       211   21           0           0     -0.21239     -0.29410      0.29500      0.48796      0.13957
   35  (eta)             11       221   21          52          53     -0.35993     -0.35284      0.37426      0.83295      0.54745
   36  pi+                1       211   23           0           0      0.02940     -0.34115     -0.30649      0.48027      0.13957
   37  pi-                1      -211   23           0           0     -0.28007     -0.23705      0.09411      0.40369      0.13957
   38  pi+                1       211   24           0           0     -0.11694     -0.27364     -0.39545      0.51421      0.13957
   39  pi-                1      -211   24           0           0      0.27923     -0.67284     -0.44410      0.86451      0.13957
   40  (pi0)             11       111   24          54          55      0.02999     -0.26066      0.01433      0.29541      0.13498
   41  (pi0)             11       111   25          56          57      0.16101     -0.31650      0.06497      0.38541      0.13498
   42  (pi0)             11       111   25          58          59      0.04861     -0.37260     -0.18762      0.44115      0.13498
   43  (pi0)             11       111   25          60          61      0.17096     -0.37890      0.01303      0.43724      0.13498
   44  gamma              1        22   27           0           0      0.07026      0.09169      2.72515      2.72760      0.00000
   45  gamma              1        22   27           0           0     -0.05109      0.02906      2.60587      2.60653      0.00000
   46  gamma              1        22   30           0           0      0.05779      0.21158      1.08642      1.10834      0.00000
   47  gamma              1        22   30           0           0     -0.04224      0.06344      0.71048      0.71455      0.00000
   48  gamma              1        22   31           0           0     -0.02200      0.06734      0.21440      0.22580      0.00000
   49  gamma              1        22   31           0           0      0.10371      0.01771      0.20934      0.23429      0.00000
   50  gamma              1        22   32           0           0     -0.00105      0.18853      1.34056      1.35375      0.00000
   51  gamma              1        22   32           0           0      0.04952      0.00154      0.33896      0.34256      0.00000
   52  gamma              1        22   35           0           0     -0.49067     -0.17373      0.28905      0.59539      0.00000
   53  gamma              1        22   35           0           0      0.13075     -0.17911      0.08520      0.23756      0.00000
   54  gamma              1        22   40           0           0     -0.01650     -0.01443      0.03784      0.04373      0.00000
   55  gamma              1        22   40           0           0      0.04649     -0.24622     -0.02352      0.25167      0.00000
   56  gamma              1        22   41           0           0      0.16857     -0.31013      0.08500      0.36307      0.00000
   57  gamma              1        22   41           0           0     -0.00756     -0.00637     -0.02003      0.02234      0.00000
   58  gamma              1        22   42           0           0      0.07999     -0.25100     -0.17195      0.31459      0.00000
   59  gamma              1        22   42           0           0     -0.03138     -0.12161     -0.01566      0.12656      0.00000
   60  gamma              1        22   43           0           0      0.02929     -0.07046      0.05664      0.09503      0.00000
   61  gamma              1        22   43           0           0      0.14167     -0.30844     -0.04362      0.34221      0.00000
 ==================================================================================================================================
                   sum charge:  0.00   sum momentum and inv. mass:      0.00000      0.00000    120.00000    140.00339     72.11760



                            Event listing (standard)

    I  particle/jet  K(I,1)   K(I,2) K(I,3)     K(I,4)      K(I,5)       P(I,1)       P(I,2)       P(I,3)       P(I,4)       P(I,5)

    1  !e-!              21        11    0           3           4      0.00000      0.00000    -10.00000     10.00000      0.00051
    2  !p+!              21      2212    0           5           0     -0.00000      0.00000    130.00000    130.00339      0.93827
 ==================================================================================================================================
    3  !e-!              21        11    1           0           0     -1.50147      5.55596     -6.48616      8.67141      0.00051
    4  !gamma!           21        22    1           0           0      1.50147     -5.55596     -3.51384      1.32859     -6.61098
    5  !p+!              21      2212    2           0           0     -0.00000     -0.00000    130.00000    130.00339      0.93827
    6  !gamma!           21        22    4           0           0      1.50252     -5.55985     -3.50999      1.33583     -6.61098
    7  !ubar!            21        -2    5           0           0     -0.00004      0.00013      4.50940      4.50940      0.00000
    8  !gamma!           21        22    6           0           0      1.50252     -5.55985     -3.50999      1.33583     -6.61098
    9  !ubar!            21        -2    7           0           0     -0.00004      0.00013      4.50940      4.50940      0.00000
   10  !ubar!            21        -2    9           0           0      1.50248     -5.55971      0.99940      5.84523      0.00000
 ==================================================================================================================================
   11  p+                 1      2212    5           0           0     -0.01872      0.37186    114.35017    114.35463      0.93827
   12  e-                 1        11    3           0           0     -1.50147      5.55596     -6.48616      8.67141      0.00051
   13  (ubar)        A   12        -2   10          15          15      1.18242     -5.18576      0.53793      5.34599      0.00000
   14  (u)           V   11         2    5          15          15      0.33777     -0.74206     11.59805     11.63136      0.33000
 ==================================================================================================================================
   15  (string)          11        92   13          16          20      1.52019     -5.92782     12.13598     16.97735     10.17341
   16  (pi0)             11       111   15          21          22      1.15254     -3.39975      0.69214      3.65841      0.13498
   17  pi-                1      -211   15           0           0      0.17586     -0.69785     -0.29289      0.78942      0.13957
   18  (rho+)            11       213   15          23          24     -0.28953     -0.53943      0.66411      1.07051      0.57459
   19  (K*-)             11      -323   15          25          26      0.68377      0.14343      2.97646      3.18726      0.90067
   20  (K*+)             11       323   15          27          28     -0.20245     -1.43422      8.09616      8.27174      0.88089
   21  gamma              1        22   16           0           0      0.37613     -1.03791      0.27196      1.13697      0.00000
   22  gamma              1        22   16           0           0      0.77641     -2.36184      0.42019      2.52144      0.00000
   23  pi+                1       211   18           0           0      0.05014     -0.39023      0.20520      0.46517      0.13957
   24  (pi0)             11       111   18          29          30     -0.33966     -0.14920      0.45891      0.60535      0.13498
   25  (Kbar0)           11      -311   19          31          31      0.76241      0.25006      2.55733      2.72606      0.49767
   26  pi-                1      -211   19           0           0     -0.07864     -0.10663      0.41913      0.46120      0.13957
   27  K+                 1       321   20           0           0      0.13105     -0.93716      4.60417      4.72625      0.49360
   28  (pi0)             11       111   20          32          33     -0.33350     -0.49706      3.49199      3.54549      0.13498
   29  gamma              1        22   24           0           0     -0.09903     -0.02588      0.22745      0.24942      0.00000
   30  gamma              1        22   24           0           0     -0.24063     -0.12332      0.23145      0.35593      0.00000
   31  (K_S0)            11       310   25          34          35      0.76241      0.25006      2.55733      2.72606      0.49767
   32  gamma              1        22   28           0           0     -0.12028     -0.15671      1.53946      1.55208      0.00000
   33  gamma              1        22   28           0           0     -0.21322     -0.34034      1.95253      1.99340      0.00000
   34  pi-                1      -211   31           0           0      0.63061      0.32324      1.75402      1.89690      0.13957
   35  pi+                1       211   31           0           0      0.13180     -0.07318      0.80331      0.82916      0.13957
 ==================================================================================================================================
                   sum charge:  0.00   sum momentum and inv. mass:     -0.00000      0.00000    120.00000    140.00339     72.11760



                            Event listing (standard)

    I  particle/jet  K(I,1)   K(I,2) K(I,3)     K(I,4)      K(I,5)       P(I,1)       P(I,2)       P(I,3)       P(I,4)       P(I,5)

    1  !e-!              21        11    0           3           4      0.00000      0.00000    -10.00000     10.00000      0.00051
    2  !p+!              21      2212    0           5           0     -0.00000      0.00000    130.00000    130.00339      0.93827
 ==================================================================================================================================
    3  !e-!              21        11    1           0           0     -1.22747     -3.41590     -6.97635      7.86413      0.00051
    4  !gamma!           21        22    1           0           0      1.22747      3.41590     -3.02365      2.13587     -4.21373
    5  !p+!              21      2212    2           0           0     -0.00000      0.00000    130.00000    130.00339      0.93827
    6  !gamma!           21        22    4           0           0      1.22709      3.41487     -1.30263      3.85538     -0.00000
    7  !u!               21         2    5           0           0     -0.19052      0.11389      7.44278      7.44608     -0.00000
    8  !gamma!           21        22    6           0           0      1.22709      3.41487     -1.30263      3.85538      0.00000
    9  !u!               21         2    7           0           0     -0.19052      0.11389      7.44278      7.44608      0.00000
   10  !g!               21        21    0           0           0      3.79651     -0.98733      1.33052      4.14230      0.00000
   11  !u!               21         2    0           0           0     -2.75994      4.51608      4.80962      7.15917      0.33000
 ==================================================================================================================================
   12  e-                 1        11    3           0           0     -1.22747     -3.41590     -6.97635      7.86413      0.00051
   13  (u)           A   12         2   11          17          17     -2.76356      3.81081      4.71638      6.67178      0.33000
   14  (g)           I   12        21   11          17          17      0.20142      0.65384      0.16257      0.70321      0.00000
   15  (g)           I   12        21   10          17          17      3.59871     -0.93589      1.26120      3.92648      0.00000
   16  (ud_0)        V   11      2101    5          17          17      0.19089     -0.11285    120.83621    120.83780      0.57933
 ==================================================================================================================================
   17  (string)          11        92   13          18          31      1.22747      3.41590    126.97635    132.13926     36.39527
   18  (rho+)            11       213   17          32          33     -0.46271      1.40539      1.20300      2.13988      0.97090
   19  (rho-)            11      -213   17          34          35     -0.62629      0.55213      0.81499      1.38883      0.75335
   20  pi+                1       211   17           0           0     -0.42314      1.23700      2.17168      2.53868      0.13957
   21  (rho0)            11       113   17          36          37     -0.02206      0.46765      0.39343      1.02797      0.82629
   22  pi-                1      -211   17           0           0      0.19765      0.26968     -0.24008      0.43464      0.13957
   23  (rho+)            11       213   17          38          39      0.48577     -0.30081      1.08442      1.44505      0.76533
   24  (pi0)             11       111   17          40          41      0.17323      0.17754      0.29126      0.40569      0.13498
   25  pi-                1      -211   17           0           0      0.26599      0.13050      0.09090      0.33988      0.13957
   26  pi+                1       211   17           0           0      1.06356     -0.61371      0.29044      1.26950      0.13957
   27  (rho-)            11      -213   17          42          43     -0.01739      0.48488      7.44742      7.50319      0.77356
   28  (rho+)            11       213   17          44          45      0.51237     -0.38849      4.79903      4.93171      0.93680
   29  (rho-)            11      -213   17          46          47      0.05399      0.64537      8.70721      8.76666      0.78707
   30  pi+                1       211   17           0           0     -0.20382     -0.50226      7.92913      7.94886      0.13957
   31  n0                 1      2112   17           0           0      0.23032     -0.14895     91.99352     91.99873      0.93957
   32  pi+                1       211   18           0           0     -0.14300      0.95772      1.23140      1.57274      0.13957
   33  (pi0)             11       111   18          48          49     -0.31971      0.44767     -0.02840      0.56714      0.13498
   34  pi-                1      -211   19           0           0     -0.40377     -0.06724      0.19414      0.47405      0.13957
   35  (pi0)             11       111   19          50          51     -0.22252      0.61937      0.62086      0.91478      0.13498
   36  pi-                1      -211   21           0           0      0.00003     -0.12539     -0.12686      0.22649      0.13957
   37  pi+                1       211   21           0           0     -0.02209      0.59304      0.52029      0.80148      0.13957
   38  pi+                1       211   23           0           0      0.48012      0.07733      0.37463      0.62954      0.13957
   39  (pi0)             11       111   23          52          53      0.00566     -0.37815      0.70979      0.81551      0.13498
   40  gamma              1        22   24           0           0      0.04859      0.06054      0.01242      0.07861      0.00000
   41  gamma              1        22   24           0           0      0.12464      0.11700      0.27884      0.32707      0.00000
   42  pi-                1      -211   27           0           0     -0.33799      0.35065      5.24725      5.27165      0.13957
   43  (pi0)             11       111   27          54          55      0.32060      0.13423      2.20017      2.23154      0.13498
   44  pi+                1       211   28           0           0      0.74167     -0.41081      3.36118      3.46927      0.13957
   45  (pi0)             11       111   28          56          57     -0.22931      0.02232      1.43786      1.46244      0.13498
   46  pi-                1      -211   29           0           0      0.29874      0.32995      2.37075      2.41620      0.13957
   47  (pi0)             11       111   29          58          59     -0.24475      0.31542      6.33646      6.35046      0.13498
   48  gamma              1        22   33           0           0     -0.18119      0.14294      0.00419      0.23082      0.00000
   49  gamma              1        22   33           0           0     -0.13852      0.30473     -0.03259      0.33632      0.00000
   50  gamma              1        22   35           0           0     -0.03666      0.29539      0.25520      0.39208      0.00000
   51  gamma              1        22   35           0           0     -0.18586      0.32398      0.36566      0.52270      0.00000
   52  gamma              1        22   39           0           0     -0.05101     -0.28480      0.55752      0.62813      0.00000
   53  gamma              1        22   39           0           0      0.05667     -0.09335      0.15228      0.18738      0.00000
   54  gamma              1        22   43           0           0      0.28969      0.09811      1.56589      1.59548      0.00000
   55  gamma              1        22   43           0           0      0.03091      0.03612      0.63427      0.63605      0.00000
   56  gamma              1        22   45           0           0     -0.07229      0.04095      0.83745      0.84156      0.00000
   57  gamma              1        22   45           0           0     -0.15702     -0.01863      0.60040      0.62087      0.00000
   58  gamma              1        22   47           0           0     -0.15896      0.10032      3.14088      3.14650      0.00000
   59  gamma              1        22   47           0           0     -0.08579      0.21510      3.19559      3.20396      0.00000
 ==================================================================================================================================
                   sum charge:  0.00   sum momentum and inv. mass:      0.00000      0.00000    120.00000    140.00339     72.11760



                            Event listing (standard)

    I  particle/jet  K(I,1)   K(I,2) K(I,3)     K(I,4)      K(I,5)       P(I,1)       P(I,2)       P(I,3)       P(I,4)       P(I,5)

    1  !e-!              21        11    0           3           4      0.00000      0.00000    -10.00000     10.00000      0.00051
    2  !p+!              21      2212    0           5           0     -0.00000      0.00000    130.00000    130.00339      0.93827
 ==================================================================================================================================
    3  !e-!              21        11    1           0           0      1.89088     -0.66438     -0.84886      2.17656      0.00051
    4  !gamma!           21        22    1           0           0     -1.89088      0.66438     -9.15114      7.82344     -5.15305
    5  !p+!              21      2212    2           0           0     -0.00000      0.00000    130.00000    130.00339      0.93827
    6  !gamma!           21        22    4           0           0     -1.89126      0.66451     -9.15265      7.82531     -5.15305
    7  !u!               21         2    5           0           0      0.00000     -0.00000      0.78201      0.78201      0.00000
    8  !gamma!           21        22    6           0           0     -1.89126      0.66451     -9.15265      7.82531     -5.15305
    9  !u!               21         2    7           0           0      0.00000     -0.00000      0.78201      0.78201      0.00000
   10  !u!               21         2    9           0           0     -1.89126      0.66451     -8.37064      8.60732      0.00000
 ==================================================================================================================================
   11  e-                 1        11    3           0           0      1.89088     -0.66438     -0.84886      2.17656      0.00051
   12  (ud_1)        A   12      2103    5          15          15      0.31236      0.22488    128.74655    128.74944      0.77133
   13  (g)           I   12        21   10          15          15     -1.63221      1.59846     -1.98894      3.02904      0.00000
   14  (u)           V   11         2   10          15          15     -0.57103     -1.15896     -5.90875      6.04835      0.00000
 ==================================================================================================================================
   15  (string)          11        92   12          16          25     -1.89088      0.66438    120.84886    137.82683     66.24024
   16  n0                 1      2112   15           0           0      0.13544     -0.24587     96.87756     96.88252      0.93957
   17  (pi0)             11       111   15          26          27     -0.67405      0.40410     17.00372     17.02241      0.13498
   18  (K*bar0)          11      -313   15          28          29      1.06581      0.10328      6.82150      6.96500      0.91206
   19  (K*0)             11       313   15          30          31      0.13494      0.21305      2.29752      2.47672      0.88990
   20  (rho+)            11       213   15          32          33     -0.22325      0.16775      0.58083      0.89110      0.61540
   21  (K*-)             11      -323   15          34          35     -0.53524      0.52403      4.05178      4.21933      0.90814
   22  (K*+)             11       323   15          36          37     -0.03108     -0.14341     -0.27152      0.89274      0.83769
   23  pi-                1      -211   15           0           0     -0.36982     -0.69569      0.28513      0.84943      0.13957
   24  (omega)           11       223   15          38          39     -1.19191      1.51465     -3.92596      4.44262      0.78027
   25  (rho+)            11       213   15          40          41     -0.20172     -1.17751     -2.87170      3.18497      0.68566
   26  gamma              1        22   17           0           0     -0.24055      0.08165      6.16214      6.16737      0.00000
   27  gamma              1        22   17           0           0     -0.43350      0.32245     10.84158     10.85503      0.00000
   28  K-                 1      -321   18           0           0      0.30078     -0.13023      2.69094      2.75540      0.49360
   29  pi+                1       211   18           0           0      0.76503      0.23351      4.13056      4.20960      0.13957
   30  K+                 1       321   19           0           0      0.06826      0.38278      1.19073      1.34635      0.49360
   31  pi-                1      -211   19           0           0      0.06667     -0.16973      1.10680      1.13037      0.13957
   32  pi+                1       211   20           0           0      0.10126      0.06743      0.47619      0.51091      0.13957
   33  (pi0)             11       111   20          42          43     -0.32451      0.10032      0.10465      0.38019      0.13498
   34  (Kbar0)           11      -311   21          44          44     -0.32384      0.45230      1.74988      1.90242      0.49767
   35  pi-                1      -211   21           0           0     -0.21140      0.07173      2.30190      2.31691      0.13957
   36  (K0)              11       311   22          45          45     -0.25748     -0.10199     -0.25216      0.62286      0.49767
   37  pi+                1       211   22           0           0      0.22641     -0.04142     -0.01936      0.26987      0.13957
   38  pi-                1      -211   24           0           0     -0.56090      0.21963     -0.95213      1.13528      0.13957
   39  pi+                1       211   24           0           0     -0.63102      1.29503     -2.97384      3.30733      0.13957
   40  pi+                1       211   25           0           0      0.12664     -0.78257     -1.33278      1.55700      0.13957
   41  (pi0)             11       111   25          46          47     -0.32836     -0.39494     -1.53892      1.62797      0.13498
   42  gamma              1        22   33           0           0     -0.18546      0.10098      0.00889      0.21135      0.00000
   43  gamma              1        22   33           0           0     -0.13906     -0.00066      0.09575      0.16884      0.00000
   44  K_L0               1       130   34           0           0     -0.32384      0.45230      1.74988      1.90242      0.49767
   45  (K_S0)            11       310   36          48          49     -0.25748     -0.10199     -0.25216      0.62286      0.49767
   46  gamma              1        22   41           0           0     -0.21844     -0.24287     -0.76871      0.83524      0.00000
   47  gamma              1        22   41           0           0     -0.10991     -0.15207     -0.77020      0.79273      0.00000
   48  pi-                1      -211   45           0           0     -0.18909      0.10981     -0.00101      0.25941      0.13957
   49  pi+                1       211   45           0           0     -0.06839     -0.21181     -0.25115      0.36345      0.13957
 ==================================================================================================================================
                   sum charge:  0.00   sum momentum and inv. mass:      0.00000      0.00000    120.00000    140.00339     72.11760



                            Event listing (standard)

    I  particle/jet  K(I,1)   K(I,2) K(I,3)     K(I,4)      K(I,5)       P(I,1)       P(I,2)       P(I,3)       P(I,4)       P(I,5)

    1  !e-!              21        11    0           3           4      0.00000      0.00000    -10.00000     10.00000      0.00051
    2  !p+!              21      2212    0           5           0     -0.00000      0.00000    130.00000    130.00339      0.93827
 ==================================================================================================================================
    3  !e-!              21        11    1           0           0      3.03629     -1.89590     -8.87113      9.56611      0.00051
    4  !gamma!           21        22    1           0           0     -3.03629      1.89590     -1.12887      0.43389     -3.72822
    5  !p+!              21      2212    2           0           0     -0.00000     -0.00000    130.00000    130.00339      0.93827
    6  !gamma!           21        22    4           0           0     -3.04287      1.90001     -1.11207      0.45408     -3.72822
    7  !u!               21         2    5           0           0      0.00022     -0.00014      4.43690      4.43690      0.00000
    8  !gamma!           21        22    6           0           0     -3.04287      1.90001     -1.11207      0.45408     -3.72822
    9  !u!               21         2    7           0           0      0.00022     -0.00014      4.43690      4.43690      0.00000
   10  !u!               21         2    9           0           0     -3.04265      1.89987      3.32482      4.89098      0.00000
 ==================================================================================================================================
   11  e-                 1        11    3           0           0      3.03629     -1.89590     -8.87113      9.56611      0.00051
   12  (ud_1)        A   12      2103    5          15          15      0.03864      0.41205    125.23682    125.23988      0.77133
   13  (g)           I   12        21   10          15          15     -1.06760      0.20377      2.10138      2.36582      0.00000
   14  (u)           V   11         2   10          15          15     -2.00734      1.28008      1.53292      2.83158      0.00000
 ==================================================================================================================================
   15  (string)          11        92   12          16          20     -3.03629      1.89590    128.87113    130.43728     19.83188
   16  (Delta+)          11      2214   15          21          22     -0.24659      0.30855    116.08426    116.09251      1.32639
   17  (rho0)            11       113   15          23          24     -0.18599      0.12664      3.57531      3.67272      0.80955
   18  (omega)           11       223   15          25          27     -0.52781      0.41861      7.39421      7.46617      0.78458
   19  (pi0)             11       111   15          28          29     -1.27105      0.71900      1.28769      1.95164      0.13498
   20  (rho0)            11       113   15          30          31     -0.80486      0.32310      0.52966      1.25424      0.73511
   21  p+                 1      2212   16           0           0     -0.16644      0.18008     59.63368     59.64157      0.93827
   22  (pi0)             11       111   16          32          33     -0.08015      0.12847     56.45057     56.45094      0.13498
   23  pi-                1      -211   17           0           0     -0.12612      0.14002      0.24581      0.33973      0.13957
   24  pi+                1       211   17           0           0     -0.05987     -0.01338      3.32950      3.33299      0.13957
   25  pi+                1       211   18           0           0     -0.21973      0.14531      2.77856      2.79451      0.13957
   26  pi-                1      -211   18           0           0      0.04146      0.19393      3.05865      3.06825      0.13957
   27  (pi0)             11       111   18          34          35     -0.34954      0.07936      1.55700      1.60341      0.13498
   28  gamma              1        22   19           0           0     -0.77352      0.36838      0.79028      1.16558      0.00000
   29  gamma              1        22   19           0           0     -0.49753      0.35062      0.49741      0.78606      0.00000
   30  pi-                1      -211   20           0           0     -0.48864      0.52578      0.28529      0.78491      0.13957
   31  pi+                1       211   20           0           0     -0.31622     -0.20268      0.24436      0.46933      0.13957
   32  gamma              1        22   22           0           0      0.00107     -0.02643      5.38832      5.38838      0.00000
   33  gamma              1        22   22           0           0     -0.08122      0.15490     51.06225     51.06255      0.00000
   34  gamma              1        22   27           0           0     -0.27930      0.01232      1.27095      1.30133      0.00000
   35  gamma              1        22   27           0           0     -0.07024      0.06704      0.28605      0.30208      0.00000
 ==================================================================================================================================
                   sum charge:  0.00   sum momentum and inv. mass:     -0.00000      0.00000    120.00000    140.00339     72.11760



                            Event listing (standard)

    I  particle/jet  K(I,1)   K(I,2) K(I,3)     K(I,4)      K(I,5)       P(I,1)       P(I,2)       P(I,3)       P(I,4)       P(I,5)

    1  !e-!              21        11    0           3           4      0.00000      0.00000    -10.00000     10.00000      0.00051
    2  !p+!              21      2212    0           5           0     -0.00000      0.00000    130.00000    130.00339      0.93827
 ==================================================================================================================================
    3  !e-!              21        11    1           0           0      2.93571     -1.40641     -9.53227     10.07276      0.00051
    4  !gamma!           21        22    1           0           0     -2.93571      1.40641     -0.46773     -0.07276     -3.28783
    5  !p+!              21      2212    2           0           0     -0.00000      0.00000    130.00000    130.00339      0.93827
    6  !gamma!           21        22    4           0           0     -2.96081      1.41843     -0.23873      0.15962     -3.28783
    7  !sbar!            21        -3    5           0           0      0.00262     -0.00125     13.54415     13.54415      0.00000
    8  !gamma!           21        22    6           0           0     -2.96081      1.41843     -0.23873      0.15962     -3.28783
    9  !sbar!            21        -3    7           0           0      0.00262     -0.00125     13.54415     13.54415      0.00000
   10  !sbar!            21        -3    9           0           0     -2.95819      1.41718     13.30541     13.70377      0.00000
 ==================================================================================================================================
   11  (Lambda0)         11      3122    5          15          16     -0.24502     -0.01054     22.98184     23.01021      1.11568
   12  e-                 1        11    3           0           0      2.93571     -1.40641     -9.53227     10.07276      0.00051
   13  (sbar)        A   12        -3   10          17          17     -2.79995      1.35740     12.92349     13.29281      0.00000
   14  (u)           V   11         2    5          17          17      0.10926      0.05955     93.62694     93.62761      0.33000
 ==================================================================================================================================
   15  p+                 1      2212   11           0           0     -0.29405      0.03797     19.26675     19.29187      0.93827
   16  pi-                1      -211   11           0           0      0.04904     -0.04851      3.71508      3.71834      0.13957
   17  (string)          11        92   13          18          25     -2.69069      1.41695    106.55043    106.92042      8.35067
   18  (K*0)             11       313   17          26          27     -0.78928      0.24788      8.97943      9.04445      0.69820
   19  (Kbar0)           11      -311   17          28          28     -0.78796      0.16543      3.61851      3.74026      0.49767
   20  (K*+)             11       323   17          29          30     -0.28581      0.41090      9.44519      9.49948      0.88209
   21  (rho-)            11      -213   17          31          32     -0.24755      0.53331      7.92836      7.98865      0.78351
   22  (rho+)            11       213   17          33          34     -0.34883     -0.05648     14.86448     14.90069      0.97630
   23  (rho-)            11      -213   17          35          36     -0.04916     -0.16179     15.67683     15.69317      0.69573
   24  (rho0)            11       113   17          37          38     -0.26437      0.39835     40.46123     40.47365      0.88130
   25  pi+                1       211   17           0           0      0.08225     -0.12065      5.57640      5.58006      0.13957
   26  K+                 1       321   18           0           0     -0.54111      0.27105      5.82682      5.87892      0.49360
   27  pi-                1      -211   18           0           0     -0.24817     -0.02316      3.15261      3.16553      0.13957
   28  (K_S0)            11       310   19          39          40     -0.78796      0.16543      3.61851      3.74026      0.49767
   29  (K0)              11       311   20          41          41     -0.39899      0.14812      4.96463      5.00763      0.49767
   30  pi+                1       211   20           0           0      0.11318      0.26278      4.48056      4.49186      0.13957
   31  pi-                1      -211   21           0           0     -0.03506      0.35209      1.33859      1.39158      0.13957
   32  (pi0)             11       111   21          42          43     -0.21248      0.18122      6.58977      6.59707      0.13498
   33  pi+                1       211   22           0           0     -0.63088      0.14740      9.97166      9.99366      0.13957
   34  (pi0)             11       111   22          44          45      0.28205     -0.20388      4.89282      4.90704      0.13498
   35  pi-                1      -211   23           0           0      0.01949     -0.36706      5.93899      5.95200      0.13957
   36  (pi0)             11       111   23          46          47     -0.06865      0.20527      9.73784      9.74118      0.13498
   37  pi+                1       211   24           0           0     -0.05660      0.60031     32.55339     32.55928      0.13957
   38  pi-                1      -211   24           0           0     -0.20776     -0.20197      7.90784      7.91438      0.13957
   39  pi-                1      -211   28           0           0     -0.09908      0.17318      0.90530      0.93747      0.13957
   40  pi+                1       211   28           0           0     -0.68888     -0.00776      2.71322      2.80279      0.13957
   41  K_L0               1       130   29           0           0     -0.39899      0.14812      4.96463      5.00763      0.49767
   42  gamma              1        22   32           0           0     -0.12518      0.09330      5.01470      5.01713      0.00000
   43  gamma              1        22   32           0           0     -0.08730      0.08793      1.57508      1.57994      0.00000
   44  gamma              1        22   34           0           0      0.28135     -0.16543      4.62104      4.63256      0.00000
   45  gamma              1        22   34           0           0      0.00070     -0.03844      0.27178      0.27448      0.00000
   46  gamma              1        22   36           0           0     -0.04989      0.01742      1.09012      1.09140      0.00000
   47  gamma              1        22   36           0           0     -0.01876      0.18785      8.64771      8.64977      0.00000
 ==================================================================================================================================
                   sum charge:  0.00   sum momentum and inv. mass:     -0.00000      0.00000    120.00000    140.00339     72.11760



                            Event listing (standard)

    I  particle/jet  K(I,1)   K(I,2) K(I,3)     K(I,4)      K(I,5)       P(I,1)       P(I,2)       P(I,3)       P(I,4)       P(I,5)

    1  !e-!              21        11    0           3           4      0.00000      0.00000    -10.00000     10.00000      0.00051
    2  !p+!              21      2212    0           5           0     -0.00000      0.00000    130.00000    130.00339      0.93827
 ==================================================================================================================================
    3  !e-!              21        11    1           0           0     -1.02460     -3.50855     -8.67069      9.40960      0.00051
    4  !gamma!           21        22    1           0           0      1.02460      3.50855     -1.32931      0.59040     -3.84424
    5  !p+!              21      2212    2           0           0     -0.00000      0.00000    130.00000    130.00339      0.93827
    6  !gamma!           21        22    4           0           0      1.02641      3.51474     -1.31809      0.60501     -3.84424
    7  !ubar!            21        -2    5           0           0     -0.00005     -0.00018      3.84193      3.84193      0.00000
    8  !gamma!           21        22    6           0           0      1.02641      3.51474     -1.31809      0.60501     -3.84424
    9  !ubar!            21        -2    7           0           0     -0.00005     -0.00018      3.84193      3.84193      0.00000
   10  !ubar!            21        -2    9           0           0      1.02635      3.51455      2.52384      4.44694      0.00000
 ==================================================================================================================================
   11  (Delta+)          11      2214    5          16          17      0.11001      0.00505     72.81686     72.82614      1.15724
   12  e-                 1        11    3           0           0     -1.02460     -3.50855     -8.67069      9.40960      0.00051
   13  (u)           A   12         2    5          18          18      0.16330      0.39126     52.80302     52.80575      0.33000
   14  (g)           I   12        21   10          18          18      0.75008      1.23062      2.68168      3.04442      0.00000
   15  (ubar)        V   11        -2   10          18          18      0.00120      1.88161      0.36913      1.91748      0.00000
 ==================================================================================================================================
   16  p+                 1      2212   11           0           0      0.13647      0.00519     69.44726     69.45373      0.93827
   17  (pi0)             11       111   11          24          25     -0.02645     -0.00014      3.36961      3.37241      0.13498
   18  (string)          11        92   13          19          23      0.91458      3.50350     55.85383     57.76765     14.29475
   19  pi+                1       211   18           0           0      0.68737      0.53074     48.89553     48.90344      0.13957
   20  (Sigma-)          11      3112   18          26          27     -0.40680      1.17725      3.01166      3.47209      1.19744
   21  (Sigmabar+)       11     -3112   18          28          29      0.33198     -0.10496      2.34954      2.65997      1.19744
   22  (rho0)            11       113   18          30          31      0.15122      0.75852      1.20280      1.50671      0.47455
   23  pi-                1      -211   18           0           0      0.15081      1.14194      0.39429      1.22544      0.13957
   24  gamma              1        22   17           0           0      0.00845      0.06267      1.89797      1.89902      0.00000
   25  gamma              1        22   17           0           0     -0.03490     -0.06281      1.47164      1.47339      0.00000
   26  n0                 1      2112   20           0           0     -0.52756      0.99729      2.61597      2.99983      0.93957
   27  pi-                1      -211   20           0           0      0.12076      0.17997      0.39570      0.47226      0.13957
   28  nbar0              1     -2112   21           0           0      0.16163      0.07893      1.71999      1.96812      0.93957
   29  pi+                1       211   21           0           0      0.17035     -0.18389      0.62955      0.69184      0.13957
   30  pi+                1       211   22           0           0      0.26862      0.56183      0.81410      1.03444      0.13957
   31  pi-                1      -211   22           0           0     -0.11740      0.19669      0.38870      0.47227      0.13957
 ==================================================================================================================================
                   sum charge:  0.00   sum momentum and inv. mass:      0.00000      0.00000    120.00000    140.00339     72.11760



                            Event listing (standard)

    I  particle/jet  K(I,1)   K(I,2) K(I,3)     K(I,4)      K(I,5)       P(I,1)       P(I,2)       P(I,3)       P(I,4)       P(I,5)

    1  !e-!              21        11    0           3           4      0.00000      0.00000    -10.00000     10.00000      0.00051
    2  !p+!              21      2212    0           5           0     -0.00000      0.00000    130.00000    130.00339      0.93827
 ==================================================================================================================================
    3  !e-!              21        11    1           0           0      3.19283      1.01247     -9.62565     10.19178      0.00051
    4  !gamma!           21        22    1           0           0     -3.19283     -1.01247     -0.37435     -0.19178     -3.36491
    5  !p+!              21      2212    2           0           0     -0.00000     -0.00000    130.00000    130.00339      0.93827
    6  !gamma!           21        22    4           0           0     -3.25127     -1.03101      0.74372      0.92967     -3.36491
    7  !u!               21         2    5           0           0      0.01369      0.00434     30.18341     30.18341      0.00000
    8  !gamma!           21        22    6           0           0     -3.25127     -1.03101      0.74372      0.92967     -3.36491
    9  !u!               21         2    7           0           0      0.01369      0.00434     30.18341     30.18341      0.00000
   10  !u!               21         2    9           0           0     -3.23758     -1.02667     30.92713     31.11307      0.00000
 ==================================================================================================================================
   11  e-                 1        11    3           0           0      3.19283      1.01247     -9.62565     10.19178      0.00051
   12  (ud_0)        A   12      2101    5          15          15     -0.14581     -0.00939     92.65164     92.65357      0.57933
   13  (g)           I   12        21   10          15          15      0.09809      0.11063      6.54265      6.54432      0.00000
   14  (u)           V   11         2   10          15          15     -3.14511     -1.11371     30.43136     30.61372      0.00000
 ==================================================================================================================================
   15  (string)          11        92   12          16          19     -3.19283     -1.01247    129.62565    129.81161      6.08477
   16  p+                 1      2212   15           0           0      0.27358      0.05518     77.75944     77.76560      0.93827
   17  pi-                1      -211   15           0           0     -0.34395     -0.09326     13.72250     13.72784      0.13957
   18  (rho0)            11       113   15          20          21     -0.42327      0.10849      9.39359      9.41381      0.43513
   19  (rho+)            11       213   15          22          23     -2.69919     -1.08289     28.75011     28.90435      0.65901
   20  pi-                1      -211   18           0           0     -0.33461     -0.07014      5.12679      5.14007      0.13957
   21  pi+                1       211   18           0           0     -0.08866      0.17862      4.26680      4.27374      0.13957
   22  pi+                1       211   19           0           0     -1.04856     -0.35414      8.35599      8.43012      0.13957
   23  (pi0)             11       111   19          24          25     -1.65062     -0.72875     20.39412     20.47423      0.13498
   24  gamma              1        22   23           0           0     -0.72812     -0.37225      9.78259      9.81671      0.00000
   25  gamma              1        22   23           0           0     -0.92251     -0.35650     10.61153     10.65752      0.00000
 ==================================================================================================================================
                   sum charge:  0.00   sum momentum and inv. mass:     -0.00000     -0.00000    120.00000    140.00339     72.11760



                            Event listing (standard)

    I  particle/jet  K(I,1)   K(I,2) K(I,3)     K(I,4)      K(I,5)       P(I,1)       P(I,2)       P(I,3)       P(I,4)       P(I,5)

    1  !e-!              21        11    0           3           4      0.00000      0.00000    -10.00000     10.00000      0.00051
    2  !p+!              21      2212    0           5           0     -0.00000      0.00000    130.00000    130.00339      0.93827
 ==================================================================================================================================
    3  !e-!              21        11    1           0           0     -0.53297      7.18691     -6.66651      9.81724      0.00051
    4  !gamma!           21        22    1           0           0      0.53297     -7.18691     -3.33349      0.18276     -7.93817
    5  !p+!              21      2212    2           0           0     -0.00000     -0.00000    130.00000    130.00339      0.93827
    6  !gamma!           21        22    4           0           0      0.53349     -7.19383     -3.31945      0.20019     -7.93817
    7  !u!               21         2    5           0           0     -0.00004      0.00048      8.95086      8.95086      0.00000
    8  !gamma!           21        22    6           0           0      0.53349     -7.19383     -3.31945      0.20019     -7.93817
    9  !u!               21         2    7           0           0     -0.00004      0.00048      8.95086      8.95086      0.00000
   10  !u!               21         2    9           0           0      0.53345     -7.19335      5.63141      9.15105      0.00000
 ==================================================================================================================================
   11  e-                 1        11    3           0           0     -0.53297      7.18691     -6.66651      9.81724      0.00051
   12  (ud_1)        A   12      2103    5          16          16      0.21010      0.19857    118.87706    118.87992      0.77133
   13  (g)           I   12        21   10          16          16      0.21198     -0.14237     -0.27995      0.37892      0.00000
   14  (g)           I   12        21   10          16          16      0.71351     -3.09969      3.42187      4.67187      0.00000
   15  (u)           V   11         2   10          16          16     -0.60262     -4.14342      4.64753      6.25545      0.00000
 ==================================================================================================================================
   16  (string)          11        92   12          17          24      0.53297     -7.18691    126.66651    130.18615     29.19063
   17  (Delta+)          11      2214   16          25          26      0.01737     -0.01018     74.33313     74.34308      1.21643
   18  (rho-)            11      -213   16          27          28     -0.08844     -0.28175     31.80652     31.81739      0.77742
   19  (pi0)             11       111   16          29          30      0.65207      0.53107      8.35029      8.39362      0.13498
   20  pi+                1       211   16           0           0     -0.44023     -0.33751      0.55956      0.80019      0.13957
   21  pbar-              1     -2212   16           0           0      0.50497      0.14016      2.76226      2.96396      0.93827
   22  p+                 1      2212   16           0           0      0.26205     -0.89034      2.07649      2.46039      0.93827
   23  pi-                1      -211   16           0           0     -0.00208     -0.62115      0.16731      0.65826      0.13957
   24  pi+                1       211   16           0           0     -0.37274     -5.71721      6.61094      8.74925      0.13957
   25  n0                 1      2112   17           0           0     -0.12231     -0.08964     67.31679     67.32351      0.93957
   26  pi+                1       211   17           0           0      0.13968      0.07946      7.01634      7.01957      0.13957
   27  pi-                1      -211   18           0           0      0.13650     -0.42755     13.03522     13.04369      0.13957
   28  (pi0)             11       111   18          31          32     -0.22494      0.14580     18.77130     18.77370      0.13498
   29  gamma              1        22   19           0           0      0.12458      0.10319      2.19885      2.20479      0.00000
   30  gamma              1        22   19           0           0      0.52748      0.42788      6.15145      6.18883      0.00000
   31  gamma              1        22   28           0           0      0.01784      0.00805      1.76318      1.76328      0.00000
   32  gamma              1        22   28           0           0     -0.24278      0.13775     17.00813     17.01042      0.00000
 ==================================================================================================================================
                   sum charge:  0.00   sum momentum and inv. mass:      0.00000     -0.00000    120.00000    140.00339     72.11760



                            Event listing (standard)

    I  particle/jet  K(I,1)   K(I,2) K(I,3)     K(I,4)      K(I,5)       P(I,1)       P(I,2)       P(I,3)       P(I,4)       P(I,5)

    1  !e-!              21        11    0           3           4      0.00000      0.00000    -10.00000     10.00000      0.00051
    2  !p+!              21      2212    0           5           0     -0.00000      0.00000    130.00000    130.00339      0.93827
 ==================================================================================================================================
    3  !e-!              21        11    1           0           0     -2.79102      1.86496     -8.71493      9.33905      0.00051
    4  !gamma!           21        22    1           0           0      2.79102     -1.86496     -1.28507      0.66095     -3.53304
    5  !p+!              21      2212    2           0           0     -0.00000      0.00000    130.00000    130.00339      0.93827
    6  !gamma!           21        22    4           0           0      2.79587     -1.86820     -1.27616      0.67325     -3.53304
    7  !ubar!            21        -2    5           0           0     -0.00012      0.00008      3.20135      3.20135      0.00000
    8  !gamma!           21        22    6           0           0      2.79587     -1.86820     -1.27616      0.67325     -3.53304
    9  !ubar!            21        -2    7           0           0     -0.00012      0.00008      3.20135      3.20135      0.00000
   10  !ubar!            21        -2    9           0           0      2.79575     -1.86812      1.92519      3.87459      0.00000
 ==================================================================================================================================
   11  (Delta++)         11      2224    5          18          19     -0.09761      0.09554     56.47186     56.48614      1.26271
   12  e-                 1        11    3           0           0     -2.79102      1.86496     -8.71493      9.33905      0.00051
   13  (d)           A   12         1    5          20          20     -0.00436     -0.02637     60.06126     60.06217      0.33000
   14  (g)           I   12        21   10          20          20      1.03197     -2.17294      3.12858      3.94647      0.00000
   15  (g)           I   12        21   10          20          20      2.64033     -1.23936      5.07077      5.84979      0.00000
   16  (g)           I   12        21   10          20          20     -0.04812      0.09921      0.21061      0.23773      0.00000
   17  (ubar)        V   11        -2   10          20          20     -0.73119      1.37895      3.77185      4.08203      0.00000
 ==================================================================================================================================
   18  p+                 1      2212   11           0           0      0.04639      0.29727     43.30200     43.31321      0.93827
   19  pi+                1       211   11           0           0     -0.14400     -0.20173     13.16986     13.17294      0.13957
   20  (string)          11        92   13          21          29      2.88862     -1.96050     72.24307     74.17819     16.46681
   21  (K0)              11       311   20          30          30     -0.05166      0.38137     21.98870     21.99770      0.49767
   22  (K*-)             11      -323   20          31          32      0.72584     -0.51358     18.92206     18.96508      0.91623
   23  pi+                1       211   20           0           0     -0.65408     -0.17163      9.15285      9.17886      0.13957
   24  (K*0)             11       313   20          33          34      0.54121     -0.02836      3.63787      3.78414      0.88987
   25  (K*bar0)          11      -313   20          35          36      0.18658     -0.95643      2.99890      3.27467      0.88347
   26  (rho0)            11       113   20          37          38      0.45117      0.26457      3.10575      3.23981      0.75970
   27  (rho0)            11       113   20          39          40      0.38283     -0.69769      3.03573      3.23401      0.78092
   28  (rho0)            11       113   20          41          42      1.31935     -2.15212      4.90919      5.57250      0.76175
   29  (rho-)            11      -213   20          43          44     -0.01262      1.91337      4.49201      4.93142      0.69253
   30  (K_S0)            11       310   21          45          46     -0.05166      0.38137     21.98870     21.99770      0.49767
   31  (Kbar0)           11      -311   22          47          47      0.21091     -0.21528      5.88142      5.91013      0.49767
   32  pi-                1      -211   22           0           0      0.51493     -0.29830     13.04064     13.05495      0.13957
   33  (K0)              11       311   24          48          48      0.09273      0.10826      1.37390      1.46820      0.49767
   34  (pi0)             11       111   24          49          50      0.44848     -0.13662      2.26397      2.31594      0.13498
   35  K-                 1      -321   25           0           0      0.04655     -0.97557      2.28291      2.53164      0.49360
   36  pi+                1       211   25           0           0      0.14004      0.01914      0.71599      0.74303      0.13957
   37  pi+                1       211   26           0           0      0.05409      0.03746      2.28260      2.28781      0.13957
   38  pi-                1      -211   26           0           0      0.39707      0.22712      0.82315      0.95200      0.13957
   39  pi-                1      -211   27           0           0      0.56334     -0.32839      1.58060      1.71551      0.13957
   40  pi+                1       211   27           0           0     -0.18051     -0.36930      1.45514      1.51851      0.13957
   41  pi-                1      -211   28           0           0      1.14489     -1.70109      3.31185      3.89773      0.13957
   42  pi+                1       211   28           0           0      0.17446     -0.45103      1.59734      1.67477      0.13957
   43  pi-                1      -211   29           0           0     -0.18672      0.20012      0.64863      0.71772      0.13957
   44  (pi0)             11       111   29          51          52      0.17410      1.71324      3.84337      4.21370      0.13498
   45  pi-                1      -211   30           0           0     -0.09441      0.06150     14.12786     14.12900      0.13957
   46  pi+                1       211   30           0           0      0.04275      0.31987      7.86084      7.86870      0.13957
   47  K_L0               1       130   31           0           0      0.21091     -0.21528      5.88142      5.91013      0.49767
   48  K_L0               1       130   33           0           0      0.09273      0.10826      1.37390      1.46820      0.49767
   49  gamma              1        22   34           0           0      0.29327     -0.15475      1.54549      1.58067      0.00000
   50  gamma              1        22   34           0           0      0.15522      0.01813      0.71848      0.73528      0.00000
   51  gamma              1        22   44           0           0      0.10156      0.62337      1.28145      1.42864      0.00000
   52  gamma              1        22   44           0           0      0.07254      1.08987      2.56192      2.78505      0.00000
 ==================================================================================================================================
                   sum charge:  0.00   sum momentum and inv. mass:     -0.00000      0.00000    120.00000    140.00339     72.11760

 Advisory warning: maximum violated by  1.126D+00 in event       2
 XSEC(96,1) increased to  1.305D-02

 Advisory warning: maximum violated by  1.191D+00 in event     914
 XSEC(96,1) increased to  1.554D-02

 Advisory warning: maximum violated by  1.068D+00 in event    1340
 XSEC(96,1) increased to  1.660D-02

 Advisory warning: maximum violated by  1.191D+00 in event    1556
 XSEC(96,1) increased to  1.976D-02

 Advisory warning: maximum violated by  1.296D+00 in event    1927
 XSEC(96,1) increased to  2.562D-02

 Advisory warning: maximum violated by  1.058D+00 in event    2458
 XSEC(96,1) increased to  2.709D-02

 Advisory warning: maximum violated by  1.124D+00 in event    4309
 XSEC(96,1) increased to  3.046D-02

 Advisory warning: maximum violated by  1.018D+00 in event    4342
 XSEC(96,1) increased to  3.101D-02

 Advisory warning: maximum violated by  1.155D+00 in event    7052
 XSEC(96,1) increased to  3.581D-02

 Advisory warning: maximum violated by  1.187D+00 in event    7849
 XSEC(96,1) increased to  4.252D-02

 Advisory warning: maximum violated by  1.151D+00 in event   10155
 XSEC(96,1) increased to  4.895D-02

 Advisory warning: maximum violated by  1.122D+00 in event   23020
 XSEC(96,1) increased to  5.492D-02
1********* PYSTAT:  Statistics on Number of Events and Cross-sections *********

 ==============================================================================
 I                                  I                            I            I
 I            Subprocess            I      Number of points      I    Sigma   I
 I                                  I                            I            I
 I----------------------------------I----------------------------I    (mb)    I
 I                                  I                            I            I
 I N:o Type                         I    Generated         Tried I            I
 I                                  I                            I            I
 ==============================================================================
 I                                  I                            I            I
 I   0 All included subprocesses    I       500000      77836747 I  4.718D-05 I
 I  11 f + f' -> f + f' (QCD)       I         2224             0 I  3.792D-07 I
 I  12 f + fbar -> f' + fbar'       I           34             0 I  6.125D-09 I
 I  13 f + fbar -> g + g            I           46             0 I  8.729D-09 I
 I  28 f + g -> f + g               I         5557             0 I  8.429D-07 I
 I  53 g + g -> f + fbar            I           79             0 I  1.010D-08 I
 I  68 g + g -> g + g               I         2699             0 I  3.326D-07 I
 I  91 Elastic scattering           I         6885       5675882 I  6.274D-07 I
 I  92 Single diffractive (XB)      I         3160       4357726 I  3.007D-07 I
 I  93 Single diffractive (AX)      I         2291       3547318 I  2.157D-07 I
 I  94 Double  diffractive          I         2013       3837241 I  1.561D-07 I
 I  95 Low-pT scattering            I        13238         80301 I  1.040D-06 I
 I  99 q + gamma* -> q              I       454965      21183209 I  4.261D-05 I
 I 131 f + gamma*_T -> f + g        I         2867       2050921 I  2.756D-07 I
 I 132 f + gamma*_L -> f + g        I          197         98504 I  1.838D-08 I
 I 135 g + gamma*_T -> f + fbar     I         2815       5814603 I  2.604D-07 I
 I 136 g + gamma*_L -> f + fbar     I          930        942591 I  8.961D-08 I
 I                                  I                            I            I
 ==============================================================================
 I                                  I                            I            I
 I   1 VMD * hadron                 I        12826      36534014 I  1.537D-06 I
 I   2 direct * hadron              I         6809       8906619 I  6.440D-07 I
 I   3 anomalous * hadron           I        25400      11212905 I  2.383D-06 I
 I   4 DIS * hadron                 I       454965      21183209 I  4.261D-05 I
 I                                  I                            I            I
 ==============================================================================

 ********* Total number of errors, excluding junctions =        0 *************
 ********* Total number of errors, including junctions =        0 *************
 ********* Total number of warnings =                           0 *************
 ********* Fraction of events that fail fragmentation cuts =  0.00806 *********

1************ PYSTAT: User-Defined Limits on Kinematical Variables ************

 ==============================================================================
 I                                                                            I
 I                 0.000D+00 <  m_hard (GeV/c^2)  <  3.430D+01                I
 I    0.000D+00 ( 1.000D+00) <  p_T_hard (GeV/c)  <  1.715D+01                I
 I                             m_finite (GeV/c^2) =  1.000D+00                I
 I                -1.000D+01 <    y*_subsystem    <  1.000D+01                I
 I                -4.000D+01 <      y*_large      <  4.000D+01                I
 I                -4.000D+01 <      y*_small      <  4.000D+01                I
 I                -4.000D+01 <     eta*_large     <  4.000D+01                I
 I                -4.000D+01 <     eta*_small     <  4.000D+01                I
 I                -1.000D+00 < cos(theta*)_large  <  1.000D+00                I
 I                -1.000D+00 < cos(theta*)_small  <  1.000D+00                I
 I                 0.000D+00 <        x_1         <  1.000D+00                I
 I                 0.000D+00 <        x_2         <  1.000D+00                I
 I                -1.000D+00 <        x_F         <  1.000D+00                I
 I                -1.000D+00 <  cos(theta_hard)   <  1.000D+00                I
 I                 2.000D+00 < m'_hard (GeV/c^2)  <  3.430D+01                I
 I                                                                            I
 ==============================================================================
 The charm mass used is:    1.5000000000000000     
 ===================================================
 Pythia total cross section normalisation:   4.7176349891388317E-002  microbarn
 Total Number of generated events      500000
 Total Number of trials      500000
 ===================================================

 ===== PDFSTA statistics for PDF under/over-flows ====

 ====== STRUCTM statistics for nucleon/pion PDFs =====

   total # of calls    40559505.000000000     
   X  below PDF min    0.0000000000000000       or    0.0000000000000000       %
   X  above PDF max    0.0000000000000000       or    0.0000000000000000       %
   Q2 below PDF min    0.0000000000000000       or    0.0000000000000000       %
   Q2 above PDF max    0.0000000000000000       or    0.0000000000000000       %

 ========= STRUCTP statistics for photon PDFs ========

   total # of calls    0.0000000000000000     

