1                                                                              
 ******************************************************************************
 ******************************************************************************
 **                                                                          **
 **                                                                          **
 **              *......*                  Welcome to the Lund Monte Carlo!  **
 **         *:::!!:::::::::::*                                               **
 **      *::::::!!::::::::::::::*          PPP  Y   Y TTTTT H   H III   A    **
 **    *::::::::!!::::::::::::::::*        P  P  Y Y    T   H   H  I   A A   **
 **   *:::::::::!!:::::::::::::::::*       PPP    Y     T   HHHHH  I  AAAAA  **
 **   *:::::::::!!:::::::::::::::::*       P      Y     T   H   H  I  A   A  **
 **    *::::::::!!::::::::::::::::*!       P      Y     T   H   H III A   A  **
 **      *::::::!!::::::::::::::* !!                                         **
 **      !! *:::!!:::::::::::*    !!       This is PYTHIA version 6.428      **
 **      !!     !* -><- *         !!       Last date of change:  5 Sep 2013  **
 **      !!     !!                !!                                         **
 **      !!     !!                !!       Now is  0 Jan 2000 at  0:00:00    **
 **      !!                       !!                                         **
 **      !!        lh             !!       Disclaimer: this program comes    **
 **      !!                       !!       without any guarantees. Beware    **
 **      !!                 hh    !!       of errors and use common sense    **
 **      !!    ll                 !!       when interpreting results.        **
 **      !!                       !!                                         **
 **      !!                                Copyright T. Sjostrand (2011)     **
 **                                                                          **
 ** An archive of program versions and documentation is found on the web:    **
 ** http://www.thep.lu.se/~torbjorn/Pythia.html                              **
 **                                                                          **
 ** When you cite this program, the official reference is to the 6.4 manual: **
 ** T. Sjostrand, S. Mrenna and P. Skands, JHEP05 (2006) 026                 **
 ** (LU TP 06-13, FERMILAB-PUB-06-052-CD-T) [hep-ph/0603175].                **
 **                                                                          **
 ** Also remember that the program, to a large extent, represents original   **
 ** physics research. Other publications of special relevance to your        **
 ** studies may therefore deserve separate mention.                          **
 **                                                                          **
 ** Main author: Torbjorn Sjostrand; Department of Theoretical Physics,      **
 **   Lund University, Solvegatan 14A, S-223 62 Lund, Sweden;                **
 **   phone: + 46 - 46 - 222 48 16; e-mail: torbjorn@thep.lu.se              **
 ** Author: Stephen Mrenna; Computing Division, GDS Group,                   **
 **   Fermi National Accelerator Laboratory, MS 234, Batavia, IL 60510, USA; **
 **   phone: + 1 - 630 - 840 - 2556; e-mail: mrenna@fnal.gov                 **
 ** Author: Peter Skands; CERN/PH-TH, CH-1211 Geneva, Switzerland            **
 **   phone: + 41 - 22 - 767 24 47; e-mail: peter.skands@cern.ch             **
 **                                                                          **
 **                                                                          **
 ******************************************************************************
 ******************************************************************************
     MSEL           changed from              1 to              2
     MSTP(14)       changed from             30 to             30
     MSTP(15)       changed from              0 to              0
     MSTP(16)       changed from              1 to              1
     MSTP(17)       changed from              4 to              4
     MSTP(18)       changed from              3 to              3
     MSTP(19)       changed from              4 to              1
     MSTP(20)       changed from              3 to              0
     MSTP(32)       changed from              8 to              8
     MSTP(38)       changed from              5 to              4
     MSTP(51)       changed from              7 to          10050
     MSTP(52)       changed from              1 to              2
     MSTP(53)       changed from              3 to              3
     MSTP(54)       changed from              1 to              1
     MSTP(55)       changed from              5 to              5
     MSTP(56)       changed from              1 to              1
     MSTP(57)       changed from              1 to              1
     MSTP(58)       changed from              5 to              5
     MSTP(59)       changed from              1 to              1
     MSTP(60)       changed from              7 to              7
     MSTP(61)       changed from              2 to              2
     MSTP(71)       changed from              1 to              1
     MSTP(81)       changed from              1 to              0
     MSTP(82)       changed from              4 to              1
     MSTP(91)       changed from              1 to              1
     MSTP(92)       changed from              3 to              3
     MSTP(93)       changed from              1 to              1
     MSTP(101)      changed from              3 to              3
     MSTP(102)      changed from              1 to              1
     MSTP(111)      changed from              1 to              1
     MSTP(121)      changed from              0 to              0
     PARP(13)       changed from        1.00000 to        1.00000
     PARP(18)       changed from        0.40000 to        0.40000
     PARP(81)       changed from        1.90000 to        1.90000
     PARP(89)       changed from     1800.00000 to     1800.00000
     PARP(90)       changed from        0.25000 to        0.16000
     PARP(91)       changed from        2.00000 to        0.40000
     PARP(93)       changed from        5.00000 to        5.00000
     PARP(99)       changed from        1.00000 to        0.40000
     PARP(100)      changed from        5.00000 to        5.00000
     PARP(102)      changed from        0.28000 to        0.28000
     PARP(103)      changed from        1.00000 to        1.00000
     PARP(104)      changed from        0.80000 to        0.80000
     PARP(111)      changed from        2.00000 to        2.00000
     PARP(161)      changed from        2.20000 to        3.00000
     PARP(162)      changed from       23.60000 to       24.60000
     PARP(163)      changed from       18.40000 to       18.80000
     PARP(164)      changed from       11.50000 to       11.50000
     PARP(165)      changed from        0.50000 to        0.47679
     PARP(166)      changed from        0.00000 to        0.67597
     PARJ(1)        changed from        0.10000 to        0.10000
     PARJ(2)        changed from        0.30000 to        0.30000
     PARJ(11)       changed from        0.50000 to        0.50000
     PARJ(12)       changed from        0.60000 to        0.60000
     PARJ(21)       changed from        0.36000 to        0.40000
     PARJ(32)       changed from        1.00000 to        1.00000
     PARJ(33)       changed from        0.80000 to        0.80000
     PARJ(41)       changed from        0.30000 to        0.30000
     PARJ(42)       changed from        0.58000 to        0.58000
     PARJ(45)       changed from        0.50000 to        0.50000
     MSTJ(1)        changed from              1 to              1
     MSTJ(12)       changed from              2 to              1
     MSTJ(45)       changed from              5 to              5
     MSTU(112)      changed from              5 to              5
     MSTU(113)      changed from              3 to              5
     MSTU(114)      changed from              5 to              5
     CKIN(1)        changed from        2.00000 to        1.00000
     CKIN(2)        changed from       -1.00000 to       -1.00000
     CKIN(3)        changed from        0.00000 to        0.00000
     CKIN(4)        changed from       -1.00000 to       -1.00000
     CKIN(5)        changed from        1.00000 to        1.00000
     CKIN(6)        changed from        1.00000 to        1.00000
     CKIN(7)        changed from      -10.00000 to      -10.00000
     CKIN(8)        changed from       10.00000 to       10.00000
     CKIN(9)        changed from      -40.00000 to      -40.00000
     CKIN(10)       changed from       40.00000 to       40.00000
     CKIN(11)       changed from      -40.00000 to      -40.00000
     CKIN(12)       changed from       40.00000 to       40.00000
     CKIN(13)       changed from      -40.00000 to      -40.00000
     CKIN(14)       changed from       40.00000 to       40.00000
     CKIN(15)       changed from      -40.00000 to      -40.00000
     CKIN(16)       changed from       40.00000 to       40.00000
     CKIN(17)       changed from       -1.00000 to       -1.00000
     CKIN(18)       changed from        1.00000 to        1.00000
     CKIN(19)       changed from       -1.00000 to       -1.00000
     CKIN(20)       changed from        1.00000 to        1.00000
     CKIN(21)       changed from        0.00000 to        0.00000
     CKIN(22)       changed from        1.00000 to        1.00000
     CKIN(23)       changed from        0.00000 to        0.00000
     CKIN(24)       changed from        1.00000 to        1.00000
     CKIN(25)       changed from       -1.00000 to       -1.00000
     CKIN(26)       changed from        1.00000 to        1.00000
     CKIN(27)       changed from       -1.00000 to       -1.00000
     CKIN(28)       changed from        1.00000 to        1.00000
     CKIN(31)       changed from        2.00000 to        2.00000
     CKIN(32)       changed from       -1.00000 to       -1.00000
     CKIN(35)       changed from        0.00000 to        0.00000
     CKIN(36)       changed from       -1.00000 to       -1.00000
     CKIN(37)       changed from        0.00000 to        0.00000
     CKIN(38)       changed from       -1.00000 to       -1.00000
     CKIN(39)       changed from        4.00000 to        4.00000
     CKIN(40)       changed from       -1.00000 to       -1.00000
     CKIN(65)       changed from        0.00000 to        0.00000
     CKIN(66)       changed from       -1.00000 to       -1.00000
     CKIN(67)       changed from        0.00000 to        0.00000
     CKIN(68)       changed from       -1.00000 to       -1.00000
     CKIN(77)       changed from        2.00000 to        2.00000
     CKIN(78)       changed from       -1.00000 to       -1.00000
 *********************************************
 NOW all parameters are read by PYTHIA
 *********************************************
 SEED =   1625393665
 RANLUX LUXURY LEVEL SET BY RLUXGO : 4     P= 389
 RANLUX INITIALIZED BY RLUXGO FROM SEEDS  1625393665           0           0
   5328.9753403062132        10.000000000000000       -5328.9753403062132       -10.0000000    
 *********************************************
 proton beam momentum:   250.000000     GeV
 lepton beam momentum:   10.0000000     GeV
 resulting sqrt(s):   100.00457712527508      GeV
 *********************************************
1****************** PYINIT: initialization of PYTHIA routines *****************
 ==== PYTHIA WILL USE LHAPDF ====
 *************************************
 *       LHAPDF Version 5.9.1        *
 *   Configured for the following:   *
 *             All PDFs              *
 *         FULL MEMORY option        *
 *    Maximum  3 concurrent set(s)   *
 *************************************

 >>>>>> PDF description: <<<<<<
 CTEQ6M                                                          
 Reference:                                                      
 J. Pumplin, D.R. Stump, J. Huston, H.L. Lai, P. Nadolsky,       
 W.K. Tung                                                       
 hep-ph/0201195                                                  
 This set has 41 member PDFs.                                    
     mem=0 --> central value (cteq6m)                            
     mem=1-40 --> 20 sets of +ve/-ve error values                
 >>>>>>                   <<<<<<

 ==============================================
 PDFset name /cvmfs/sft.cern.ch/lcg/external/lhapdfsets/5.9.1/share/PDFsets/cteq6mE.LHgrid   
 with         40 members
 ====  initialized. ===========================
 Strong coupling at Mz for PDF is:  0.11798

 ==============================================================================
 I                                                                            I
 I      PYTHIA will be initialized for gamma/e- on p+ user configuration      I
 I                                                                            I
 I                  px (GeV/c)   py (GeV/c)   pz (GeV/c)      E (GeV)         I
 I        gamma/e-       0.000        0.000      -10.000       10.000         I
 I        p+             0.000        0.000      250.000      250.002         I
 I                                                                            I
 I           corresponding to    100.005 GeV center-of-mass energy            I
 I                                                                            I
 ==============================================================================

 ******** PYMAXI: summary of differential cross-section maximum search ********

           ==========================================================
           I                                      I                 I
           I  ISUB  Subprocess name               I  Maximum value  I
           I                                      I                 I
           ==========================================================
           I                                      I                 I
           I   91   Elastic scattering            I    4.5802D-04   I
           I   92   Single diffractive (XB)       I    3.3396D-04   I
           I   93   Single diffractive (AX)       I    2.7193D-04   I
           I   94   Double  diffractive           I    2.7235D-04   I
           I   95   Low-pT scattering             I    1.9842D-03   I
           I   96   Semihard QCD 2 -> 2           I    1.9401D-02   I
           I                                      I                 I
           ==========================================================

 ******** PYMAXI: summary of differential cross-section maximum search ********

           ==========================================================
           I                                      I                 I
           I  ISUB  Subprocess name               I  Maximum value  I
           I                                      I                 I
           ==========================================================
           I                                      I                 I
           I  131   f + gamma*_T -> f + g         I    1.8340D-04   I
           I  132   f + gamma*_L -> f + g         I    9.6222D-06   I
           I  135   g + gamma*_T -> f + fbar      I    5.6762D-04   I
           I  136   g + gamma*_L -> f + fbar      I    9.2431D-05   I
           I                                      I                 I
           ==========================================================

 ******** PYMAXI: summary of differential cross-section maximum search ********

           ==========================================================
           I                                      I                 I
           I  ISUB  Subprocess name               I  Maximum value  I
           I                                      I                 I
           ==========================================================
           I                                      I                 I
           I   91   Elastic scattering            I    1.1937D-04   I
           I   92   Single diffractive (XB)       I    8.8669D-05   I
           I   93   Single diffractive (AX)       I    7.0104D-05   I
           I   94   Double  diffractive           I    7.1830D-05   I
           I   95   Low-pT scattering             I    5.5769D-04   I
           I   96   Semihard QCD 2 -> 2           I    1.4517D-02   I
           I                                      I                 I
           ==========================================================

 ******** PYMAXI: summary of differential cross-section maximum search ********

           ==========================================================
           I                                      I                 I
           I  ISUB  Subprocess name               I  Maximum value  I
           I                                      I                 I
           ==========================================================
           I                                      I                 I
           I   99   q + gamma* -> q               I    2.3955D-03   I
           I                                      I                 I
           ==========================================================

 ********************** PYINIT: initialization completed **********************
 the outputfile will be named: outfiles/ep_10x250_Q2_100_1000_norad.out                                                                                                                                                                                                                        



                            Event listing (standard)

    I  particle/jet  K(I,1)   K(I,2) K(I,3)     K(I,4)      K(I,5)       P(I,1)       P(I,2)       P(I,3)       P(I,4)       P(I,5)

    1  !e-!              21        11    0           3           4      0.00000      0.00000    -10.00000     10.00000      0.00051
    2  !p+!              21      2212    0           5           0     -0.00000      0.00000    250.00000    250.00176      0.93827
 ==================================================================================================================================
    3  !e-!              21        11    1           0           0      0.55580    -14.51388      2.59048     14.75372      0.00051
    4  !gamma!           21        22    1           0           0     -0.55580     14.51388    -12.59048     -4.75372    -18.62482
    5  !p+!              21      2212    2           0           0     -0.00000     -0.00000    250.00000    250.00176      0.93827
    6  !gamma!           21        22    4           0           0     -0.55592     14.51714    -12.58337     -4.74484    -18.62482
    7  !u!               21         2    5           0           0      0.00001     -0.00029     22.12633     22.12633      0.00000
    8  !gamma!           21        22    6           0           0     -0.55592     14.51714    -12.58337     -4.74484    -18.62482
    9  !u!               21         2    7           0           0      0.00001     -0.00029     22.12633     22.12633      0.00000
   10  !u!               21         2    9           0           0     -0.55591     14.51685      9.54297     17.38149      0.00000
 ==================================================================================================================================
   11  e-                 1        11    3           0           0      0.55580    -14.51388      2.59048     14.75372      0.00051
   12  (ud_0)        A   12      2101    5          16          16     -0.21477      0.36644    224.94906    224.95021      0.57933
   13  (g)           I   12        21   10          16          16      0.08613      1.28086      3.53556      3.76141      0.00000
   14  (g)           I   12        21   10          16          16      0.38290      6.20568      7.38175      9.65128      0.00000
   15  (u)           V   11         2   10          16          16     -0.81007      6.66090      1.54314      6.88514      0.00000
 ==================================================================================================================================
   16  (string)          11        92   12          17          27     -0.55580     14.51388    237.40952    245.24804     59.76923
   17  p+                 1      2212   16           0           0     -0.41465      0.96206    199.01973    199.02470      0.93827
   18  pi-                1      -211   16           0           0      0.38173     -0.71319      7.63605      7.68005      0.13957
   19  (rho+)            11       213   16          28          29     -0.43521      0.99693     18.91520     18.95218      0.46607
   20  (rho-)            11      -213   16          30          31      0.58468      1.66839      2.29232      3.05014      0.96084
   21  (pi0)             11       111   16          32          33     -0.14422      1.46948      1.67040      2.23352      0.13498
   22  (rho+)            11       213   16          34          35     -0.47070      0.64209      1.33181      1.74662      0.80196
   23  K-                 1      -321   16           0           0      0.02941      0.60270      1.28773      1.50533      0.49360
   24  (eta)             11       221   16          36          37      0.85904      2.39382      1.64509      3.07805      0.54745
   25  (K*0)             11       313   16          38          39     -0.48008      1.56465      1.15960      2.19695      0.89628
   26  (rho0)            11       113   16          40          41     -0.44181      3.28110      1.90781      3.90456      0.80314
   27  (rho+)            11       213   16          42          43     -0.02399      1.64585      0.54378      1.87595      0.71702
   28  pi+                1       211   19           0           0     -0.46573      0.79912     15.78288     15.81057      0.13957
   29  (pi0)             11       111   19          44          45      0.03052      0.19781      3.13232      3.14161      0.13498
   30  pi-                1      -211   20           0           0      0.75594      0.85577      1.10628      1.59597      0.13957
   31  (pi0)             11       111   20          46          47     -0.17126      0.81262      1.18604      1.45416      0.13498
   32  gamma              1        22   21           0           0     -0.07515      0.38669      0.37639      0.54483      0.00000
   33  gamma              1        22   21           0           0     -0.06907      1.08280      1.29401      1.68869      0.00000
   34  pi+                1       211   22           0           0      0.03217      0.57754      0.82469      1.01694      0.13957
   35  (pi0)             11       111   22          48          49     -0.50287      0.06456      0.50712      0.72968      0.13498
   36  gamma              1        22   24           0           0      0.05968      0.46600      0.54270      0.71780      0.00000
   37  gamma              1        22   24           0           0      0.79937      1.92782      1.10239      2.36025      0.00000
   38  K+                 1       321   25           0           0     -0.13417      1.32553      0.83865      1.64985      0.49360
   39  pi-                1      -211   25           0           0     -0.34590      0.23912      0.32095      0.54710      0.13957
   40  pi-                1      -211   26           0           0      0.05414      2.06801      0.98397      2.29505      0.13957
   41  pi+                1       211   26           0           0     -0.49595      1.21309      0.92384      1.60951      0.13957
   42  pi+                1       211   27           0           0     -0.15658      0.31604      0.35506      0.51956      0.13957
   43  (pi0)             11       111   27          50          51      0.13259      1.32981      0.18872      1.35639      0.13498
   44  gamma              1        22   29           0           0      0.06536      0.19482      2.76721      2.77483      0.00000
   45  gamma              1        22   29           0           0     -0.03484      0.00300      0.36511      0.36678      0.00000
   46  gamma              1        22   31           0           0      0.00972      0.20291      0.33403      0.39095      0.00000
   47  gamma              1        22   31           0           0     -0.18098      0.60971      0.85201      1.06321      0.00000
   48  gamma              1        22   35           0           0     -0.23521      0.09807      0.24043      0.35036      0.00000
   49  gamma              1        22   35           0           0     -0.26766     -0.03352      0.26669      0.37932      0.00000
   50  gamma              1        22   43           0           0      0.15621      1.25519      0.17470      1.27688      0.00000
   51  gamma              1        22   43           0           0     -0.02362      0.07461      0.01402      0.07951      0.00000
 ==================================================================================================================================
                   sum charge:  0.00   sum momentum and inv. mass:      0.00000     -0.00000    240.00000    260.00176    100.00458



                            Event listing (standard)

    I  particle/jet  K(I,1)   K(I,2) K(I,3)     K(I,4)      K(I,5)       P(I,1)       P(I,2)       P(I,3)       P(I,4)       P(I,5)

    1  !e-!              21        11    0           3           4      0.00000      0.00000    -10.00000     10.00000      0.00051
    2  !p+!              21      2212    0           5           0     -0.00000      0.00000    250.00000    250.00176      0.93827
 ==================================================================================================================================
    3  !e-!              21        11    1           0           0      7.04748     -0.96997     -1.08247      7.19580      0.00051
    4  !gamma!           21        22    1           0           0     -7.04748      0.96997     -8.91753      2.80420    -11.05742
    5  !p+!              21      2212    2           0           0     -0.00000      0.00000    250.00000    250.00176      0.93827
    6  !gamma!           21        22    4           0           0     -7.04854      0.97011     -8.91730      2.80619    -11.05742
    7  !ubar!            21        -2    5           0           0      0.00002     -0.00000      5.21459      5.21459      0.00000
    8  !gamma!           21        22    6           0           0     -7.04854      0.97011     -8.91730      2.80619    -11.05742
    9  !ubar!            21        -2    7           0           0      0.00002     -0.00000      5.21459      5.21459      0.00000
   10  !ubar!            21        -2    9           0           0     -7.04852      0.97011     -3.70272      8.02077      0.00000
 ==================================================================================================================================
   11  (Delta++)         11      2224    5          21          22      0.30663      0.22825    173.57172    173.57666      1.25312
   12  e-                 1        11    3           0           0      7.04748     -0.96997     -1.08247      7.19580      0.00051
   13  (d)           A   12         1    5          23          23     -0.37368     -0.26000     66.55948     66.56186      0.33000
   14  (g)           I   12        21   10          23          23     -1.55345      0.19578      0.92834      1.82026      0.00000
   15  (g)           I   12        21   10          23          23     -2.32116     -0.14320      3.02506      3.81566      0.00000
   16  (g)           I   12        21   10          23          23     -2.32435     -0.07991     -3.33159      4.06306      0.00000
   17  (g)           I   12        21   10          23          23     -0.39896      0.62564     -0.61032      0.96078      0.00000
   18  (g)           I   12        21   10          23          23      0.03309      0.38143      0.04551      0.38556      0.00000
   19  (g)           I   12        21   10          23          23     -0.50800      0.51875      0.84550      1.11447      0.00000
   20  (ubar)        V   11        -2   10          23          23      0.09239     -0.49678      0.04877      0.50765      0.00000
 ==================================================================================================================================
   21  p+                 1      2212   11           0           0      0.35412     -0.03517    126.85092    126.85489      0.93827
   22  pi+                1       211   11           0           0     -0.04749      0.26342     46.72080     46.72177      0.13957
   23  (string)          11        92   13          24          37     -7.35411      0.74172     67.51075     79.22930     40.80376
   24  pi-                1      -211   23           0           0      0.16162     -0.15516     16.29223     16.29436      0.13957
   25  (rho+)            11       213   23          38          39     -0.48621      0.02148     20.73714     20.75505      0.71125
   26  pi-                1      -211   23           0           0     -0.23283      0.46523     19.69172     19.69908      0.13957
   27  (eta)             11       221   23          40          42     -0.09668     -1.00068      7.39013      7.47826      0.54745
   28  K+                 1       321   23           0           0      0.00429      0.23889      1.96762      2.04261      0.49360
   29  K-                 1      -321   23           0           0     -0.89945      0.32172      1.54743      1.88433      0.49360
   30  (pi0)             11       111   23          43          44     -0.40165      0.36836      0.01030      0.56155      0.13498
   31  pi+                1       211   23           0           0     -1.83578     -0.25675      2.17737      2.86294      0.13957
   32  (K*0)             11       313   23          45          46     -1.47480     -0.41490     -0.13965      1.77935      0.89409
   33  (K*-)             11      -323   23          47          48     -0.95832      0.38996     -1.89055      2.36776      0.98064
   34  (rho0)            11       113   23          49          50     -0.24916      0.31095      0.27215      0.82933      0.67451
   35  pi+                1       211   23           0           0     -0.19944      0.17504     -0.34280      0.45542      0.13957
   36  (K*0)             11       313   23          51          52     -0.12978     -0.29847     -0.07691      1.02495      0.96885
   37  (K*-)             11      -323   23          53          54     -0.55590      0.57604     -0.12542      1.19431      0.87737
   38  pi+                1       211   25           0           0     -0.60183      0.13494     17.20043     17.21205      0.13957
   39  (pi0)             11       111   25          55          56      0.11562     -0.11347      3.53671      3.54299      0.13498
   40  (pi0)             11       111   27          57          58     -0.00237     -0.07498      1.19904      1.20895      0.13498
   41  (pi0)             11       111   27          59          60     -0.03241     -0.18893      1.61211      1.62907      0.13498
   42  (pi0)             11       111   27          61          62     -0.06190     -0.73677      4.57897      4.64025      0.13498
   43  gamma              1        22   30           0           0     -0.29049      0.19212      0.04195      0.35079      0.00000
   44  gamma              1        22   30           0           0     -0.11116      0.17624     -0.03165      0.21076      0.00000
   45  K+                 1       321   32           0           0     -1.34083     -0.14030     -0.07767      1.43777      0.49360
   46  pi-                1      -211   32           0           0     -0.13397     -0.27460     -0.06198      0.34157      0.13957
   47  K-                 1      -321   33           0           0     -0.40235      0.16003     -0.43673      0.78859      0.49360
   48  (pi0)             11       111   33          63          64     -0.55598      0.22993     -1.45382      1.57917      0.13498
   49  pi+                1       211   34           0           0     -0.04024     -0.16329     -0.01792      0.21928      0.13957
   50  pi-                1      -211   34           0           0     -0.20893      0.47423      0.29007      0.61005      0.13957
   51  K+                 1       321   36           0           0     -0.08867     -0.20851      0.29321      0.61721      0.49360
   52  pi-                1      -211   36           0           0     -0.04112     -0.08995     -0.37012      0.40774      0.13957
   53  (Kbar0)           11      -311   37          65          65     -0.15559      0.18135      0.12045      0.56505      0.49767
   54  pi-                1      -211   37           0           0     -0.40031      0.39469     -0.24587      0.62926      0.13957
   55  gamma              1        22   39           0           0      0.03544      0.01733      1.49675      1.49727      0.00000
   56  gamma              1        22   39           0           0      0.08018     -0.13079      2.03996      2.04572      0.00000
   57  gamma              1        22   40           0           0     -0.06377     -0.02512      0.73723      0.74041      0.00000
   58  gamma              1        22   40           0           0      0.06140     -0.04986      0.46181      0.46854      0.00000
   59  gamma              1        22   41           0           0     -0.01624     -0.06211      0.17714      0.18842      0.00000
   60  gamma              1        22   41           0           0     -0.01617     -0.12682      1.43496      1.44065      0.00000
   61  gamma              1        22   42           0           0     -0.05879     -0.55625      3.77754      3.81872      0.00000
   62  gamma              1        22   42           0           0     -0.00311     -0.18052      0.80144      0.82152      0.00000
   63  gamma              1        22   48           0           0     -0.26462      0.12826     -0.54322      0.61771      0.00000
   64  gamma              1        22   48           0           0     -0.29136      0.10167     -0.91059      0.96146      0.00000
   65  K_L0               1       130   53           0           0     -0.15559      0.18135      0.12045      0.56505      0.49767
 ==================================================================================================================================
                   sum charge:  0.00   sum momentum and inv. mass:      0.00000      0.00000    240.00000    260.00176    100.00458



                            Event listing (standard)

    I  particle/jet  K(I,1)   K(I,2) K(I,3)     K(I,4)      K(I,5)       P(I,1)       P(I,2)       P(I,3)       P(I,4)       P(I,5)

    1  !e-!              21        11    0           3           4      0.00000      0.00000    -10.00000     10.00000      0.00051
    2  !p+!              21      2212    0           5           0     -0.00000      0.00000    250.00000    250.00176      0.93827
 ==================================================================================================================================
    3  !e-!              21        11    1           0           0     -0.60672    -16.57234     -2.28911     16.74068      0.00051
    4  !gamma!           21        22    1           0           0      0.60672     16.57234     -7.71089     -6.74068    -17.00092
    5  !p+!              21      2212    2           0           0     -0.00000     -0.00000    250.00000    250.00176      0.93827
    6  !gamma!           21        22    4           0           0      0.60781     16.60232     -7.18638     -6.21442    -17.00092
    7  !u!               21         2    5           0           0     -0.00065     -0.01783    148.37991    148.37991      0.00000
    8  !gamma!           21        22    6           0           0      0.60781     16.60232     -7.18638     -6.21442    -17.00092
    9  !u!               21         2    7           0           0     -0.00065     -0.01783    148.37991    148.37991      0.00000
   10  !u!               21         2    9           0           0      0.60716     16.58449    141.19354    142.16550      0.00000
 ==================================================================================================================================
   11  e-                 1        11    3           0           0     -0.60672    -16.57234     -2.28911     16.74068      0.00051
   12  (ud_1)        A   12      2103    5          15          15     -0.17861      0.35743    104.77546    104.77906      0.77133
   13  (g)           I   12        21   10          15          15      0.56485      3.85077     39.52149     39.71266      0.00000
   14  (u)           V   11         2   10          15          15      0.22048     12.36413     97.99217     98.76935      0.00000
 ==================================================================================================================================
   15  (string)          11        92   12          16          22      0.60672     16.57234    242.28911    243.26108     14.03302
   16  (Delta0)          11      2114   15          23          24     -0.30417      0.57126     55.74571     55.76291      1.22466
   17  (K*bar0)          11      -313   15          25          26     -0.15622      0.62721     23.85787     23.88483      0.93248
   18  (K*+)             11       323   15          27          28      0.43816      0.29322     24.09554     24.11843      0.90860
   19  K-                 1      -321   15           0           0      0.53823      1.61113     13.86090     13.97332      0.49360
   20  (K*0)             11       313   15          29          30      0.05613      1.72158     24.72289     24.80047      0.93551
   21  (K*bar0)          11      -313   15          31          32     -0.31502      3.87344     28.54653     28.82293      0.86858
   22  (K*+)             11       323   15          33          34      0.34960      7.87450     71.45968     71.89818      0.85563
   23  n0                 1      2112   16           0           0     -0.08002      0.43190     48.59000     48.60107      0.93957
   24  (pi0)             11       111   16          35          36     -0.22415      0.13936      7.15570      7.16184      0.13498
   25  K-                 1      -321   17           0           0     -0.38423      0.29591     12.68971     12.70856      0.49360
   26  pi+                1       211   17           0           0      0.22801      0.33129     11.16816     11.17627      0.13957
   27  (K0)              11       311   18          37          37      0.35010      0.47956     20.26888     20.28368      0.49767
   28  pi+                1       211   18           0           0      0.08806     -0.18634      3.82667      3.83475      0.13957
   29  K+                 1       321   20           0           0      0.32119      1.11814     14.24500     14.30095      0.49360
   30  pi-                1      -211   20           0           0     -0.26506      0.60343     10.47788     10.49952      0.13957
   31  (Kbar0)           11      -311   21          38          38     -0.12651      3.47679     25.79291     26.03125      0.49767
   32  (pi0)             11       111   21          39          40     -0.18850      0.39665      2.75362      2.79169      0.13498
   33  (K0)              11       311   22          41          41      0.03469      3.30062     29.03245     29.22372      0.49767
   34  pi+                1       211   22           0           0      0.31491      4.57388     42.42723     42.67445      0.13957
   35  gamma              1        22   24           0           0     -0.00562     -0.01135      0.06805      0.06922      0.00000
   36  gamma              1        22   24           0           0     -0.21852      0.15071      7.08765      7.09262      0.00000
   37  K_L0               1       130   27           0           0      0.35010      0.47956     20.26888     20.28368      0.49767
   38  K_L0               1       130   31           0           0     -0.12651      3.47679     25.79291     26.03125      0.49767
   39  gamma              1        22   32           0           0     -0.01905      0.06594      0.80711      0.81003      0.00000
   40  gamma              1        22   32           0           0     -0.16945      0.33071      1.94651      1.98166      0.00000
   41  (K_S0)            11       310   33          42          43      0.03469      3.30062     29.03245     29.22372      0.49767
   42  pi+                1       211   41           0           0     -0.15182      1.09213      8.87926      8.94855      0.13957
   43  pi-                1      -211   41           0           0      0.18652      2.20849     20.15319     20.27517      0.13957
 ==================================================================================================================================
                   sum charge:  0.00   sum momentum and inv. mass:     -0.00000     -0.00000    240.00000    260.00176    100.00458



                            Event listing (standard)

    I  particle/jet  K(I,1)   K(I,2) K(I,3)     K(I,4)      K(I,5)       P(I,1)       P(I,2)       P(I,3)       P(I,4)       P(I,5)

    1  !e-!              21        11    0           3           4      0.00000      0.00000    -10.00000     10.00000      0.00051
    2  !p+!              21      2212    0           5           0     -0.00000      0.00000    250.00000    250.00176      0.93827
 ==================================================================================================================================
    3  !e-!              21        11    1           0           0      5.44071     -9.65722     -6.25404     12.72699      0.00051
    4  !gamma!           21        22    1           0           0     -5.44071      9.65722     -3.74596     -2.72699    -11.37801
    5  !p+!              21      2212    2           0           0     -0.00000      0.00000    250.00000    250.00176      0.93827
    6  !gamma!           21        22    4           0           0     -5.45010      9.67389     -3.53337     -2.51264    -11.37801
    7  !u!               21         2    5           0           0      0.00238     -0.00423     63.36200     63.36200      0.00000
    8  !gamma!           21        22    6           0           0     -5.45010      9.67389     -3.53337     -2.51264    -11.37801
    9  !u!               21         2    7           0           0      0.00238     -0.00423     63.36200     63.36200      0.00000
   10  !u!               21         2    9           0           0     -5.44772      9.66966     59.82863     60.84937      0.00000
 ==================================================================================================================================
   11  e-                 1        11    3           0           0      5.44071     -9.65722     -6.25404     12.72699      0.00051
   12  (ud_0)        A   12      2101    5          15          15      0.05407      0.31718    187.25001    187.25118      0.57933
   13  (g)           I   12        21   10          15          15     -1.53487      3.42402     25.22322     25.50079      0.00000
   14  (u)           V   11         2   10          15          15     -3.95991      5.91603     33.78081     34.52280      0.00000
 ==================================================================================================================================
   15  (string)          11        92   12          16          19     -5.44071      9.65722    246.25404    247.27477     19.51661
   16  (Lambda0)         11      3122   15          20          21     -0.24438      0.42878    184.25392    184.25795      1.11568
   17  (K0)              11       311   15          22          22     -0.65810      2.76255     18.93255     19.15082      0.49767
   18  (Sigmabar0)       11     -3212   15          23          24     -3.32597      4.31035     30.01403     30.52713      1.19255
   19  (Sigma+)          11      3222   15          25          26     -1.21226      2.15553     13.05353     13.33886      1.18937
   20  n0                 1      2112   16           0           0     -0.13291      0.35114    164.45613    164.45924      0.93957
   21  (pi0)             11       111   16          27          28     -0.11147      0.07765     19.79779     19.79872      0.13498
   22  (K_S0)            11       310   17          29          30     -0.65810      2.76255     18.93255     19.15082      0.49767
   23  (Lambdabar0)      11     -3122   18          31          32     -2.94662      3.77068     26.47062     26.92283      1.11568
   24  gamma              1        22   18           0           0     -0.37935      0.53967      3.54341      3.60429      0.00000
   25  p+                 1      2212   19           0           0     -1.02225      2.07465     12.00238     12.25914      0.93827
   26  (pi0)             11       111   19          33          34     -0.19001      0.08089      1.05116      1.07972      0.13498
   27  gamma              1        22   21           0           0      0.00570      0.06995      9.43269      9.43295      0.00000
   28  gamma              1        22   21           0           0     -0.11717      0.00770     10.36510     10.36577      0.00000
   29  pi+                1       211   22           0           0     -0.60184      2.26912     14.69583     14.88280      0.13957
   30  pi-                1      -211   22           0           0     -0.05626      0.49344      4.23673      4.26802      0.13957
   31  nbar0              1     -2112   23           0           0     -2.54389      3.08778     22.12255     22.50101      0.93957
   32  (pi0)             11       111   23          35          36     -0.40274      0.68291      4.34807      4.42182      0.13498
   33  gamma              1        22   26           0           0     -0.04748     -0.02047      0.09957      0.11220      0.00000
   34  gamma              1        22   26           0           0     -0.14252      0.10136      0.95159      0.96753      0.00000
   35  gamma              1        22   32           0           0     -0.22981      0.50971      2.96283      3.01513      0.00000
   36  gamma              1        22   32           0           0     -0.17292      0.17319      1.38524      1.40669      0.00000
 ==================================================================================================================================
                   sum charge:  0.00   sum momentum and inv. mass:      0.00000     -0.00000    240.00000    260.00176    100.00458



                            Event listing (standard)

    I  particle/jet  K(I,1)   K(I,2) K(I,3)     K(I,4)      K(I,5)       P(I,1)       P(I,2)       P(I,3)       P(I,4)       P(I,5)

    1  !e-!              21        11    0           3           4      0.00000      0.00000    -10.00000     10.00000      0.00051
    2  !p+!              21      2212    0           5           0     -0.00000      0.00000    250.00000    250.00176      0.93827
 ==================================================================================================================================
    3  !e-!              21        11    1           0           0      3.27740     -9.65446     -6.94912     12.33856      0.00051
    4  !gamma!           21        22    1           0           0     -3.27740      9.65446     -3.05088     -2.33856    -10.38215
    5  !p+!              21      2212    2           0           0      0.00000     -0.00000    250.00000    250.00176      0.93827
    6  !gamma!           21        22    4           0           0     -3.28548      9.67827     -2.68565     -1.97158    -10.38215
    7  !d!               21         1    5           0           0      0.00244     -0.00719     75.36553     75.36553      0.00000
    8  !gamma!           21        22    6           0           0     -3.28548      9.67827     -2.68565     -1.97158    -10.38215
    9  !d!               21         1    7           0           0      0.00244     -0.00719     75.36553     75.36553      0.00000
   10  !d!               21         1    9           0           0     -3.28304      9.67108     72.67988     73.39396      0.00000
 ==================================================================================================================================
   11  e-                 1        11    3           0           0      3.27740     -9.65446     -6.94912     12.33856      0.00051
   12  (uu_1)        A   12      2203    5          15          15     -0.05855     -0.02711    167.98430    167.98609      0.77133
   13  (g)           I   12        21   10          15          15     -2.38177      5.19684     53.72588     54.02916      0.00000
   14  (d)           V   11         1   10          15          15     -0.83708      4.48474     25.23893     25.64795      0.00000
 ==================================================================================================================================
   15  (string)          11        92   12          16          19     -3.27740      9.65446    246.94912    247.66320     15.78742
   16  p+                 1      2212   15           0           0     -0.17960      0.21791    165.93836    165.94126      0.93827
   17  (omega)           11       223   15          20          22     -0.82380      2.84163     31.85963     32.00619      0.77893
   18  (K*bar0)          11      -313   15          23          24     -1.02991      1.57871     18.51298     18.63390      0.96885
   19  (K*0)             11       313   15          25          26     -1.24409      5.01621     30.63815     31.08186      0.82190
   20  pi+                1       211   17           0           0      0.01359      0.32615      2.62680      2.65068      0.13957
   21  pi-                1      -211   17           0           0     -0.18339      0.82522      8.41936      8.46285      0.13957
   22  (pi0)             11       111   17          27          28     -0.65401      1.69026     20.81346     20.89265      0.13498
   23  (Kbar0)           11      -311   18          29          29     -1.11600      1.51357     16.81674     16.92887      0.49767
   24  (pi0)             11       111   18          30          31      0.08610      0.06514      1.69624      1.70503      0.13498
   25  K+                 1       321   19           0           0     -0.81866      4.06300     25.04408     25.38952      0.49360
   26  pi-                1      -211   19           0           0     -0.42543      0.95321      5.59407      5.69233      0.13957
   27  gamma              1        22   22           0           0     -0.33756      0.79729     10.65033     10.68547      0.00000
   28  gamma              1        22   22           0           0     -0.31644      0.89297     10.16313     10.20719      0.00000
   29  K_L0               1       130   23           0           0     -1.11600      1.51357     16.81674     16.92887      0.49767
   30  gamma              1        22   24           0           0     -0.03501     -0.00056      0.32816      0.33002      0.00000
   31  gamma              1        22   24           0           0      0.12111      0.06570      1.36809      1.37501      0.00000
 ==================================================================================================================================
                   sum charge:  0.00   sum momentum and inv. mass:      0.00000     -0.00000    240.00000    260.00176    100.00458



                            Event listing (standard)

    I  particle/jet  K(I,1)   K(I,2) K(I,3)     K(I,4)      K(I,5)       P(I,1)       P(I,2)       P(I,3)       P(I,4)       P(I,5)

    1  !e-!              21        11    0           3           4      0.00000      0.00000    -10.00000     10.00000      0.00051
    2  !p+!              21      2212    0           5           0     -0.00000      0.00000    250.00000    250.00176      0.93827
 ==================================================================================================================================
    3  !e-!              21        11    1           0           0      9.60307     -2.12697     -4.25123     10.71522      0.00051
    4  !gamma!           21        22    1           0           0     -9.60307      2.12697     -5.74877     -0.71522    -11.37012
    5  !p+!              21      2212    2           0           0     -0.00000     -0.00000    250.00000    250.00176      0.93827
    6  !gamma!           21        22    4           0           0     -9.60642      2.12771     -5.74179     -0.70648    -11.37012
    7  !u!               21         2    5           0           0      0.00017     -0.00004     12.83696     12.83696      0.00000
    8  !gamma!           21        22    6           0           0     -9.60642      2.12771     -5.74179     -0.70648    -11.37012
    9  !u!               21         2    7           0           0      0.00017     -0.00004     12.83696     12.83696      0.00000
   10  !u!               21         2    9           0           0     -9.60625      2.12767      7.09516     12.13048      0.00000
 ==================================================================================================================================
   11  e-                 1        11    3           0           0      9.60307     -2.12697     -4.25123     10.71522      0.00051
   12  (ud_0)        A   12      2101    5          16          16     -0.26556      0.07454    234.11722    234.11810      0.57933
   13  (g)           I   12        21   10          16          16     -0.01146     -0.08139      3.18194      3.18300      0.00000
   14  (g)           I   12        21   10          16          16     -1.41894      0.94928      1.76132      2.45291      0.00000
   15  (u)           V   11         2   10          16          16     -7.90710      1.18455      5.19077      9.53254      0.00000
 ==================================================================================================================================
   16  (string)          11        92   12          17          25     -9.60307      2.12697    244.25123    249.28654     48.87099
   17  n0                 1      2112   16           0           0     -0.55467     -0.15570    195.12409    195.12720      0.93957
   18  (rho0)            11       113   16          26          27      0.33795      0.22560      8.90669      8.93618      0.60088
   19  pi+                1       211   16           0           0     -0.12429      0.35997      9.44671      9.45541      0.13957
   20  (pi0)             11       111   16          28          29      0.19506     -0.21966      9.72361      9.72898      0.13498
   21  pbar-              1     -2212   16           0           0     -0.52159     -0.57703      9.82869      9.90397      0.93827
   22  p+                 1      2212   16           0           0     -0.26127      0.82847      4.87591      5.04078      0.93827
   23  pi-                1      -211   16           0           0     -1.02391      0.37576      1.13168      1.57790      0.13957
   24  (rho+)            11       213   16          30          31     -5.14829      0.82446      3.27077      6.20219      0.76461
   25  (rho0)            11       113   16          32          33     -2.50205      0.46511      1.94309      3.31394      0.85439
   26  pi-                1      -211   18           0           0      0.11401      0.06746      0.77017      0.79385      0.13957
   27  pi+                1       211   18           0           0      0.22394      0.15815      8.13652      8.14233      0.13957
   28  gamma              1        22   20           0           0      0.17142     -0.09549      6.21480      6.21790      0.00000
   29  gamma              1        22   20           0           0      0.02364     -0.12418      3.50881      3.51108      0.00000
   30  pi+                1       211   24           0           0     -2.27891      0.01648      1.32544      2.64007      0.13957
   31  (pi0)             11       111   24          34          35     -2.86938      0.80799      1.94533      3.56212      0.13498
   32  pi-                1      -211   25           0           0     -1.40367     -0.05815      0.72662      1.58781      0.13957
   33  pi+                1       211   25           0           0     -1.09838      0.52326      1.21647      1.72613      0.13957
   34  gamma              1        22   31           0           0     -0.91150      0.30283      0.57340      1.11863      0.00000
   35  gamma              1        22   31           0           0     -1.95787      0.50516      1.37193      2.44349      0.00000
 ==================================================================================================================================
                   sum charge:  0.00   sum momentum and inv. mass:      0.00000     -0.00000    240.00000    260.00176    100.00458



                            Event listing (standard)

    I  particle/jet  K(I,1)   K(I,2) K(I,3)     K(I,4)      K(I,5)       P(I,1)       P(I,2)       P(I,3)       P(I,4)       P(I,5)

    1  !e-!              21        11    0           3           4      0.00000      0.00000    -10.00000     10.00000      0.00051
    2  !p+!              21      2212    0           5           0     -0.00000      0.00000    250.00000    250.00176      0.93827
 ==================================================================================================================================
    3  !e-!              21        11    1           0           0      0.56618     -4.28256      3.62170      5.63716      0.00051
    4  !gamma!           21        22    1           0           0     -0.56618      4.28256    -13.62170      4.36284    -13.60799
    5  !p+!              21      2212    2           0           0     -0.00000      0.00000    250.00000    250.00176      0.93827
    6  !gamma!           21        22    4           0           0     -0.56623      4.28298    -13.62203      4.36427    -13.60799
    7  !s!               21         3    5           0           0      0.00000     -0.00001      5.14773      5.14773      0.00000
    8  !gamma!           21        22    6           0           0     -0.56623      4.28298    -13.62203      4.36427    -13.60799
    9  !s!               21         3    7           0           0      0.00000     -0.00001      5.14773      5.14773      0.00000
   10  !s!               21         3    9           0           0     -0.56623      4.28297     -8.47430      9.51200      0.00000
 ==================================================================================================================================
   11  (K*0)             11       313    5          16          17     -0.06299     -0.11676    163.58494    163.58781      0.96113
   12  e-                 1        11    3           0           0      0.56618     -4.28256      3.62170      5.63716      0.00051
   13  (uu_1)        A   12      2203    5          18          18      0.22479      0.39018     81.17991     81.18483      0.77133
   14  (g)           I   12        21   10          18          18     -0.13825     -0.25326     -1.02702      1.06679      0.00000
   15  (s)           V   11         3   10          18          18     -0.58972      4.26240     -7.35953      8.52517      0.00000
 ==================================================================================================================================
   16  (K0)              11       311   11          25          25      0.06782      0.00742     47.45045     47.45311      0.49767
   17  (pi0)             11       111   11          26          27     -0.13081     -0.12418    116.13449    116.13470      0.13498
   18  (string)          11        92   13          19          24     -0.50319      4.39932     72.79336     90.77678     54.05501
   19  p+                 1      2212   18           0           0      0.16170      0.21001     44.03462     44.04541      0.93827
   20  (rho+)            11       213   18          28          29      0.19151      0.27677     36.20982     36.21844      0.71466
   21  (Deltabar-)       11     -2214   18          30          31     -0.16556      0.47449     -0.66795      1.54954      1.30475
   22  (Delta0)          11      2114   18          32          33     -0.15585      0.28885     -0.13992      1.27177      1.22069
   23  (K*bar0)          11      -313   18          34          35     -0.23553      0.69594     -1.66223      2.03792      0.92212
   24  (phi)             11       333   18          36          37     -0.29945      2.45327     -4.98098      5.65371      1.02278
   25  K_L0               1       130   16           0           0      0.06782      0.00742     47.45045     47.45311      0.49767
   26  gamma              1        22   17           0           0     -0.14450     -0.10550    112.62391    112.62405      0.00000
   27  gamma              1        22   17           0           0      0.01369     -0.01868      3.51058      3.51066      0.00000
   28  pi+                1       211   20           0           0     -0.19403     -0.07538     11.56061     11.56332      0.13957
   29  (pi0)             11       111   20          38          39      0.38554      0.35215     24.64921     24.65511      0.13498
   30  pbar-              1     -2212   21           0           0     -0.11022      0.45070     -0.82582      1.33327      0.93827
   31  (pi0)             11       111   21          40          41     -0.05534      0.02378      0.15787      0.21627      0.13498
   32  p+                 1      2212   22           0           0     -0.33099      0.18121     -0.07043      1.01376      0.93827
   33  pi-                1      -211   22           0           0      0.17514      0.10764     -0.06949      0.25801      0.13957
   34  K-                 1      -321   23           0           0      0.08021      0.22668     -1.09439      1.22439      0.49360
   35  pi+                1       211   23           0           0     -0.31574      0.46926     -0.56784      0.81352      0.13957
   36  (rho0)            11       113   24          42          43     -0.23607      2.06856     -4.37134      4.91757      0.85978
   37  (pi0)             11       111   24          44          45     -0.06338      0.38471     -0.60964      0.73614      0.13498
   38  gamma              1        22   29           0           0      0.33446      0.28360     17.95706     17.96241      0.00000
   39  gamma              1        22   29           0           0      0.05108      0.06855      6.69215      6.69270      0.00000
   40  gamma              1        22   31           0           0     -0.03814      0.06162      0.02439      0.07646      0.00000
   41  gamma              1        22   31           0           0     -0.01721     -0.03784      0.13348      0.13981      0.00000
   42  pi+                1       211   36           0           0      0.07213      1.20699     -1.70306      2.09331      0.13957
   43  pi-                1      -211   36           0           0     -0.30820      0.86157     -2.66828      2.82426      0.13957
   44  gamma              1        22   37           0           0     -0.07473      0.16305     -0.35926      0.40154      0.00000
   45  gamma              1        22   37           0           0      0.01135      0.22167     -0.25038      0.33459      0.00000
 ==================================================================================================================================
                   sum charge:  0.00   sum momentum and inv. mass:      0.00000      0.00000    240.00000    260.00176    100.00458



                            Event listing (standard)

    I  particle/jet  K(I,1)   K(I,2) K(I,3)     K(I,4)      K(I,5)       P(I,1)       P(I,2)       P(I,3)       P(I,4)       P(I,5)

    1  !e-!              21        11    0           3           4      0.00000      0.00000    -10.00000     10.00000      0.00051
    2  !p+!              21      2212    0           5           0     -0.00000      0.00000    250.00000    250.00176      0.93827
 ==================================================================================================================================
    3  !e-!              21        11    1           0           0     -3.93606      9.60515     -2.38874     10.65164      0.00051
    4  !gamma!           21        22    1           0           0      3.93606     -9.60515     -7.61126     -0.65164    -12.85527
    5  !p+!              21      2212    2           0           0     -0.00000      0.00000    250.00000    250.00176      0.93827
    6  !gamma!           21        22    4           0           0      3.93705     -9.60758     -7.60718     -0.64580    -12.85527
    7  !u!               21         2    5           0           0     -0.00005      0.00012     11.86946     11.86946      0.00000
    8  !gamma!           21        22    6           0           0      3.93705     -9.60758     -7.60718     -0.64580    -12.85527
    9  !u!               21         2    7           0           0     -0.00005      0.00012     11.86946     11.86946      0.00000
   10  !u!               21         2    9           0           0      3.93700     -9.60747      4.26228     11.22365      0.00000
 ==================================================================================================================================
   11  e-                 1        11    3           0           0     -3.93606      9.60515     -2.38874     10.65164      0.00051
   12  (ud_0)        A   12      2101    5          18          18      0.06894      0.20812    201.46698    201.46793      0.57933
   13  (g)           I   12        21   10          18          18      2.09428      1.81706      5.09766      5.80292      0.00000
   14  (g)           I   12        21   10          18          18      3.36590      4.21071     13.68941     14.71256      0.00000
   15  (g)           I   12        21   10          18          18     -0.16053     -0.21137      0.24792      0.36320      0.00000
   16  (g)           I   12        21   10          18          18     -0.61988     -1.09119      1.77996      2.17789      0.00000
   17  (u)           V   11         2   10          18          18     -0.81265    -14.53848     20.10681     24.82562      0.00000
 ==================================================================================================================================
   18  (string)          11        92   12          19          31      3.93606     -9.60515    242.38874    249.35012     57.57975
   19  n0                 1      2112   18           0           0      0.47284      0.00471    113.61960    113.62447      0.93957
   20  (rho+)            11       213   18          32          33     -0.31300     -0.36549     72.49593     72.50507      1.04591
   21  (pi0)             11       111   18          34          35     -0.00945      0.80234      3.56820      3.65980      0.13498
   22  K-                 1      -321   18           0           0      0.10271      0.11406      8.86367      8.87873      0.49360
   23  (K*+)             11       323   18          36          37      0.79365      0.67495      4.78480      4.97751      0.89211
   24  (pi0)             11       111   18          38          39      1.23415      0.62085      2.55427      2.90708      0.13498
   25  (pi0)             11       111   18          40          41      0.84775      0.92478      4.20166      4.38703      0.13498
   26  (omega)           11       223   18          42          44      1.88380      2.66231      8.40243      9.04774      0.78999
   27  (rho0)            11       113   18          45          46      0.18440      0.55959      1.39934      1.70545      0.77670
   28  (rho-)            11      -213   18          47          48      0.04644     -2.12680      3.72346      4.34497      0.69944
   29  (rho0)            11       113   18          49          50     -0.23385     -1.52959      2.07894      2.70716      0.78254
   30  (pi0)             11       111   18          51          52     -0.18703     -0.43215      0.52238      0.71612      0.13498
   31  (rho+)            11       213   18          53          54     -0.88634    -11.51472     16.17406     19.88899      0.77283
   32  pi+                1       211   20           0           0      0.30388     -0.30753     19.22595     19.23131      0.13957
   33  (pi0)             11       111   20          55          56     -0.61689     -0.05796     53.26998     53.27376      0.13498
   34  gamma              1        22   21           0           0     -0.02385      0.02264      0.11313      0.11781      0.00000
   35  gamma              1        22   21           0           0      0.01440      0.77971      3.45508      3.54199      0.00000
   36  (K0)              11       311   23          57          57      0.75229      0.71905      4.57617      4.71932      0.49767
   37  pi+                1       211   23           0           0      0.04136     -0.04410      0.20863      0.25819      0.13957
   38  gamma              1        22   24           0           0      1.01450      0.56561      2.12556      2.42221      0.00000
   39  gamma              1        22   24           0           0      0.21965      0.05524      0.42872      0.48486      0.00000
   40  gamma              1        22   25           0           0      0.24132      0.32308      1.52042      1.57299      0.00000
   41  gamma              1        22   25           0           0      0.60643      0.60170      2.68123      2.81404      0.00000
   42  pi+                1       211   26           0           0      0.58230      0.51909      1.96301      2.11694      0.13957
   43  pi-                1      -211   26           0           0      0.15719      0.59341      1.45647      1.58671      0.13957
   44  (pi0)             11       111   26          58          59      1.14431      1.54981      4.98295      5.34410      0.13498
   45  pi+                1       211   27           0           0     -0.01635      0.35951      0.14565      0.41256      0.13957
   46  pi-                1      -211   27           0           0      0.20075      0.20008      1.25369      1.29288      0.13957
   47  pi-                1      -211   28           0           0     -0.09240     -0.32235      1.07241      1.13225      0.13957
   48  (pi0)             11       111   28          60          61      0.13883     -1.80445      2.65105      3.21272      0.13498
   49  pi+                1       211   29           0           0     -0.22123     -0.48497      0.27011      0.61366      0.13957
   50  pi-                1      -211   29           0           0     -0.01262     -1.04462      1.80883      2.09350      0.13957
   51  gamma              1        22   30           0           0     -0.12726     -0.39470      0.47785      0.63271      0.00000
   52  gamma              1        22   30           0           0     -0.05977     -0.03744      0.04453      0.08341      0.00000
   53  pi+                1       211   31           0           0     -0.48709     -5.73369      8.67460     10.41060      0.13957
   54  (pi0)             11       111   31          62          63     -0.39926     -5.78103      7.49947      9.47839      0.13498
   55  gamma              1        22   33           0           0     -0.06199      0.02164      8.72614      8.72639      0.00000
   56  gamma              1        22   33           0           0     -0.55490     -0.07960     44.54384     44.54737      0.00000
   57  K_L0               1       130   36           0           0      0.75229      0.71905      4.57617      4.71932      0.49767
   58  gamma              1        22   44           0           0      0.05597      0.05053      0.14265      0.16136      0.00000
   59  gamma              1        22   44           0           0      1.08834      1.49928      4.84030      5.18274      0.00000
   60  gamma              1        22   48           0           0      0.08699     -1.11685      1.52318      1.89077      0.00000
   61  gamma              1        22   48           0           0      0.05184     -0.68760      1.12787      1.32196      0.00000
   62  gamma              1        22   54           0           0     -0.18370     -3.42270      4.50129      5.65776      0.00000
   63  gamma              1        22   54           0           0     -0.21555     -2.35832      2.99817      3.82063      0.00000
 ==================================================================================================================================
                   sum charge:  0.00   sum momentum and inv. mass:      0.00000     -0.00000    240.00000    260.00176    100.00458



                            Event listing (standard)

    I  particle/jet  K(I,1)   K(I,2) K(I,3)     K(I,4)      K(I,5)       P(I,1)       P(I,2)       P(I,3)       P(I,4)       P(I,5)

    1  !e-!              21        11    0           3           4      0.00000      0.00000    -10.00000     10.00000      0.00051
    2  !p+!              21      2212    0           5           0     -0.00000      0.00000    250.00000    250.00176      0.93827
 ==================================================================================================================================
    3  !e-!              21        11    1           0           0      3.77935     -4.52010      1.93750      6.20232      0.00051
    4  !gamma!           21        22    1           0           0     -3.77935      4.52010    -11.93750      3.79768    -12.75917
    5  !p+!              21      2212    2           0           0     -0.00000     -0.00000    250.00000    250.00176      0.93827
    6  !gamma!           21        22    4           0           0     -3.77977      4.52061    -11.93768      3.79927    -12.75917
    7  !cbar!            21        -4    5           0           0      0.00001     -0.00001      5.17242      5.17242      0.00000
    8  !gamma!           21        22    6           0           0     -3.77977      4.52061    -11.93768      3.79927    -12.75917
    9  !cbar!            21        -4    7           0           0      0.00001     -0.00001      5.17242      5.17242      0.00000
   10  !cbar!            21        -4    9           0           0     -3.77976      4.52060     -6.76526      8.97169      0.00000
 ==================================================================================================================================
   11  (Lambda_c+)       11      4122    5          19          21     -0.30219     -0.51576    183.13046    183.14569      2.28490
   12  e-                 1        11    3           0           0      3.77935     -4.52010      1.93750      6.20232      0.00051
   13  (u)           A   12         2    5          22          22      0.39650      0.21157     54.71058     54.71343      0.33000
   14  (g)           I   12        21   10          22          22      1.24068     -0.00258     -0.37438      1.29594      0.00000
   15  (g)           I   12        21   10          22          22      0.86654      0.92490      0.46775      1.35097      0.00000
   16  (g)           I   12        21   10          22          22      0.33569      4.69265      3.08761      5.62734      0.00000
   17  (g)           I   12        21   10          22          22      0.02115      0.58267     -0.17548      0.60889      0.00000
   18  (cbar)        V   11        -4   10          22          22     -6.33772     -1.37335     -2.78405      7.05718      0.00000
 ==================================================================================================================================
   19  (eta)             11       221   11          33          34     -0.04235     -0.21091     46.27997     46.28370      0.54745
   20  (Kbar0)           11      -311   11          35          35     -0.25675     -0.12894     38.43989     38.44419      0.49767
   21  (Delta+)          11      2214   11          36          37     -0.00308     -0.17591     98.41061     98.41780      1.17707
   22  (string)          11        92   13          23          32     -3.47716      5.03587     54.93204     70.65375     44.01106
   23  pi+                1       211   22           0           0      0.19808      0.13229     15.19535     15.19786      0.13957
   24  pi-                1      -211   22           0           0      0.51239      0.04863     26.97626     26.98153      0.13957
   25  (rho0)            11       113   22          38          39     -0.13405      0.58146      3.68960      3.87112      1.00813
   26  (rho0)            11       113   22          40          41      0.30576     -0.59825      4.62341      4.76310      0.92728
   27  K+                 1       321   22           0           0     -0.11334     -0.27271      3.44442      3.49211      0.49360
   28  (K*-)             11      -323   22          42          43      1.22197      1.00459      1.20367      2.17242      0.87646
   29  (eta')            11       331   22          44          45     -0.20548      0.43468      0.10553      1.07677      0.95766
   30  (rho+)            11       213   22          46          47      0.86220      3.15482      1.30364      3.60724      0.78512
   31  (K*0)             11       313   22          48          49      0.25756      1.61802      1.13711      2.19135      0.90811
   32  (D_s-)            11      -431   22          50          51     -6.38225     -1.06766     -2.74695      7.30026      1.96850
   33  gamma              1        22   19           0           0      0.04805      0.17667     11.44571     11.44717      0.00000
   34  gamma              1        22   19           0           0     -0.09040     -0.38758     34.83426     34.83653      0.00000
   35  K_L0               1       130   20           0           0     -0.25675     -0.12894     38.43989     38.44419      0.49767
   36  n0                 1      2112   21           0           0      0.16266     -0.19263     80.63142     80.63729      0.93957
   37  pi+                1       211   21           0           0     -0.16574      0.01672     17.77918     17.78051      0.13957
   38  pi-                1      -211   25           0           0     -0.06304      0.18855      0.11007      0.26668      0.13957
   39  pi+                1       211   25           0           0     -0.07100      0.39291      3.57953      3.60444      0.13957
   40  pi+                1       211   26           0           0     -0.05796     -0.40986      3.86751      3.89210      0.13957
   41  pi-                1      -211   26           0           0      0.36372     -0.18839      0.75590      0.87100      0.13957
   42  (Kbar0)           11      -311   28          52          52      0.35476      0.50753      0.45209      0.91406      0.49767
   43  pi-                1      -211   28           0           0      0.86721      0.49705      0.75158      1.25836      0.13957
   44  gamma              1        22   29           0           0     -0.11359      0.22701     -0.01813      0.25449      0.00000
   45  (omega)           11       223   29          53          55     -0.09189      0.20767      0.12367      0.82228      0.78056
   46  pi+                1       211   30           0           0      0.70769      1.86538      0.45834      2.05183      0.13957
   47  (pi0)             11       111   30          56          57      0.15451      1.28944      0.84530      1.55541      0.13498
   48  (K0)              11       311   31          58          58      0.27866      0.57269      0.37819      0.89237      0.49767
   49  (pi0)             11       111   31          59          60     -0.02110      1.04532      0.75892      1.29897      0.13498
   50  (eta')            11       331   32          61          62     -3.06088     -0.21378     -0.74782      3.30016      0.95767
   51  K-                 1      -321   32           0           0     -3.32137     -0.85388     -1.99913      4.00010      0.49360
   52  K_L0               1       130   42           0           0      0.35476      0.50753      0.45209      0.91406      0.49767
   53  pi+                1       211   45           0           0      0.03360     -0.04692      0.23729      0.28128      0.13957
   54  pi-                1      -211   45           0           0      0.00747      0.25107     -0.18131      0.33977      0.13957
   55  (pi0)             11       111   45          63          64     -0.13296      0.00352      0.06768      0.20123      0.13498
   56  gamma              1        22   47           0           0     -0.02133      0.28395      0.17434      0.33388      0.00000
   57  gamma              1        22   47           0           0      0.17584      1.00549      0.67096      1.22152      0.00000
   58  (K_S0)            11       310   48          65          66      0.27866      0.57269      0.37819      0.89237      0.49767
   59  gamma              1        22   49           0           0     -0.05750      0.92136      0.63935      1.12293      0.00000
   60  gamma              1        22   49           0           0      0.03641      0.12397      0.11957      0.17604      0.00000
   61  gamma              1        22   50           0           0     -0.05675      0.02240      0.05241      0.08043      0.00000
   62  (rho0)            11       113   50          67          68     -3.00413     -0.23617     -0.80023      3.21973      0.80357
   63  gamma              1        22   55           0           0      0.02300     -0.00983      0.03210      0.04070      0.00000
   64  gamma              1        22   55           0           0     -0.15597      0.01335      0.03558      0.16053      0.00000
   65  pi+                1       211   58           0           0      0.05534      0.51541      0.28063      0.60576      0.13957
   66  pi-                1      -211   58           0           0      0.22332      0.05729      0.09755      0.28662      0.13957
   67  pi-                1      -211   62           0           0     -2.11743      0.17897     -0.53065      2.19468      0.13957
   68  pi+                1       211   62           0           0     -0.88670     -0.41515     -0.26958      1.02506      0.13957
 ==================================================================================================================================
                   sum charge:  0.00   sum momentum and inv. mass:     -0.00000     -0.00000    240.00000    260.00176    100.00458



                            Event listing (standard)

    I  particle/jet  K(I,1)   K(I,2) K(I,3)     K(I,4)      K(I,5)       P(I,1)       P(I,2)       P(I,3)       P(I,4)       P(I,5)

    1  !e-!              21        11    0           3           4      0.00000      0.00000    -10.00000     10.00000      0.00051
    2  !p+!              21      2212    0           5           0     -0.00000      0.00000    250.00000    250.00176      0.93827
 ==================================================================================================================================
    3  !e-!              21        11    1           0           0    -10.13895     -6.01081     -0.37512     11.79274      0.00051
    4  !gamma!           21        22    1           0           0     10.13895      6.01081     -9.62488     -1.79274    -15.11134
    5  !p+!              21      2212    2           0           0     -0.00000     -0.00000    250.00000    250.00176      0.93827
    6  !gamma!           21        22    4           0           0     10.14122      6.01216     -9.62049     -1.78659    -15.11134
    7  !u!               21         2    5           0           0     -0.00013     -0.00008     14.57440     14.57440      0.00000
    8  !gamma!           21        22    6           0           0     10.14122      6.01216     -9.62049     -1.78659    -15.11134
    9  !u!               21         2    7           0           0     -0.00013     -0.00008     14.57440     14.57440      0.00000
   10  !u!               21         2    9           0           0     10.14109      6.01208      4.95390     12.78781      0.00000
 ==================================================================================================================================
   11  e-                 1        11    3           0           0    -10.13895     -6.01081     -0.37512     11.79274      0.00051
   12  (ud_0)        A   12      2101    5          16          16      0.15956      0.05347    233.93318    233.93396      0.57933
   13  (g)           I   12        21   10          16          16      1.33346      0.35714      2.93317      3.24179      0.00000
   14  (g)           I   12        21   10          16          16      0.67727      0.03934     -0.06109      0.68115      0.00000
   15  (u)           V   11         2   10          16          16      7.96865      5.56086      3.56985     10.35212      0.00000
 ==================================================================================================================================
   16  (string)          11        92   12          17          29     10.13895      6.01081    240.37512    248.20902     60.73379
   17  p+                 1      2212   16           0           0     -0.18495      0.08518     44.82468     44.83496      0.93827
   18  (K*-)             11      -323   16          30          31      0.56420     -0.14531     68.06198     68.07068      0.91967
   19  (K*0)             11       313   16          32          33     -0.41812      0.23471     68.24087     68.24823      0.88006
   20  (rho+)            11       213   16          34          35      0.10441     -0.33191      6.19481      6.23846      0.64930
   21  pi-                1      -211   16           0           0      0.30672      0.63540     37.70402     37.71088      0.13957
   22  nbar0              1     -2112   16           0           0      0.65768     -0.47895      3.08724      3.32803      0.93957
   23  n0                 1      2112   16           0           0      0.02318      0.29920      4.73297      4.83465      0.93957
   24  pi+                1       211   16           0           0      0.18544      0.35573      0.24694      0.49131      0.13957
   25  (pi0)             11       111   16          36          38     -0.03580     -0.29416      0.33435      0.46671      0.13498
   26  (pi0)             11       111   16          39          40      0.07471      0.23626     -0.00668      0.28225      0.13498
   27  (rho-)            11      -213   16          41          42      1.77859      0.32188      3.73949      4.23583      0.83156
   28  pi+                1       211   16           0           0      1.11884      0.23198      0.43283      1.22981      0.13957
   29  (eta')            11       331   16          43          45      5.96403      4.86078      2.78162      8.23721      0.95781
   30  K-                 1      -321   18           0           0      0.19726     -0.21178     23.59125     23.59819      0.49360
   31  (pi0)             11       111   18          46          47      0.36695      0.06647     44.47072     44.47249      0.13498
   32  K+                 1       321   19           0           0     -0.48158      0.18308     36.64912     36.65607      0.49360
   33  pi-                1      -211   19           0           0      0.06347      0.05164     31.59175     31.59216      0.13957
   34  pi+                1       211   20           0           0     -0.10915      0.11673      1.38391      1.40008      0.13957
   35  (pi0)             11       111   20          48          49      0.21356     -0.44865      4.81090      4.83837      0.13498
   36  gamma              1        22   25           0           0      0.01855     -0.19062      0.13092      0.23199      0.00000
   37  e+                 1       -11   25           0           0     -0.04630     -0.08438      0.16985      0.19523      0.00051
   38  e-                 1        11   25           0           0     -0.00806     -0.01915      0.03358      0.03949      0.00051
   39  gamma              1        22   26           0           0      0.07682      0.06513     -0.03914      0.10805      0.00000
   40  gamma              1        22   26           0           0     -0.00211      0.17113      0.03246      0.17420      0.00000
   41  pi-                1      -211   27           0           0      1.32593      0.57547      2.66141      3.03180      0.13957
   42  (pi0)             11       111   27          50          51      0.45266     -0.25358      1.07808      1.20403      0.13498
   43  pi+                1       211   29           0           0      1.19474      1.05879      0.66078      1.73336      0.13957
   44  pi-                1      -211   29           0           0      1.53606      1.03276      0.64787      1.96604      0.13957
   45  (eta)             11       221   29          52          53      3.23323      2.76923      1.47297      4.53781      0.54745
   46  gamma              1        22   31           0           0      0.29430      0.08704     39.53188     39.53307      0.00000
   47  gamma              1        22   31           0           0      0.07265     -0.02057      4.93884      4.93942      0.00000
   48  gamma              1        22   35           0           0      0.07348     -0.04991      0.64395      0.65005      0.00000
   49  gamma              1        22   35           0           0      0.14008     -0.39873      4.16694      4.18832      0.00000
   50  gamma              1        22   42           0           0      0.10508     -0.02007      0.13565      0.17275      0.00000
   51  gamma              1        22   42           0           0      0.34758     -0.23351      0.94244      1.03128      0.00000
   52  gamma              1        22   45           0           0      0.04969     -0.01531      0.05803      0.07792      0.00000
   53  gamma              1        22   45           0           0      3.18354      2.78454      1.41494      4.45989      0.00000
 ==================================================================================================================================
                   sum charge:  0.00   sum momentum and inv. mass:      0.00000      0.00000    240.00000    260.00176    100.00458

 Advisory warning: maximum violated by  1.225D+00 in event      53
 XSEC(96,1) increased to  1.778D-02

 Advisory warning: maximum violated by  1.543D+00 in event     126
 XSEC(96,1) increased to  2.743D-02

 Advisory warning: maximum violated by  1.034D+00 in event     562
 XSEC(96,1) increased to  2.835D-02

 Advisory warning: maximum violated by  1.058D+00 in event     764
 XSEC(96,1) increased to  2.999D-02

 Advisory warning: maximum violated by  1.658D+00 in event    1155
 XSEC(96,1) increased to  4.973D-02

 Advisory warning: maximum violated by  2.314D+00 in event    1914
 XSEC(96,1) increased to  1.151D-01

 Advisory warning: maximum violated by  1.058D+00 in event    2003
 XSEC(96,1) increased to  1.217D-01

 Advisory warning: maximum violated by  1.326D+00 in event    4396
 XSEC(96,1) increased to  1.614D-01
1********* PYSTAT:  Statistics on Number of Events and Cross-sections *********

 ==============================================================================
 I                                  I                            I            I
 I            Subprocess            I      Number of points      I    Sigma   I
 I                                  I                            I            I
 I----------------------------------I----------------------------I    (mb)    I
 I                                  I                            I            I
 I N:o Type                         I    Generated         Tried I            I
 I                                  I                            I            I
 ==============================================================================
 I                                  I                            I            I
 I   0 All included subprocesses    I       500000    1666309219 I  2.287D-06 I
 I  11 f + f' -> f + f' (QCD)       I          274             0 I  7.388D-09 I
 I  12 f + fbar -> f' + fbar'       I            2             0 I  2.956D-10 I
 I  13 f + fbar -> g + g            I            3             0 I  1.525D-11 I
 I  28 f + g -> f + g               I          733             0 I  8.438D-09 I
 I  53 g + g -> f + fbar            I           13             0 I  6.610D-11 I
 I  68 g + g -> g + g               I          391             0 I  2.131D-09 I
 I  91 Elastic scattering           I         1351     126419614 I  6.328D-09 I
 I  92 Single diffractive (XB)      I          541      92517535 I  2.658D-09 I
 I  93 Single diffractive (AX)      I          422      74889323 I  1.913D-09 I
 I  94 Double  diffractive          I          483     106531483 I  1.541D-09 I
 I  95 Low-pT scattering            I         2539       1193453 I  1.566D-10 I
 I  99 q + gamma* -> q              I       491739     523134264 I  2.249D-06 I
 I 131 f + gamma*_T -> f + g        I          906      40033264 I  4.174D-09 I
 I 132 f + gamma*_L -> f + g        I           73       2101039 I  3.320D-10 I
 I 135 g + gamma*_T -> f + fbar     I          381     123923134 I  1.592D-09 I
 I 136 g + gamma*_L -> f + fbar     I          149      20178734 I  7.127D-10 I
 I                                  I                            I            I
 ==============================================================================
 I                                  I                            I            I
 I   1 VMD * hadron                 I         1638     750909833 I  8.052D-09 I
 I   2 direct * hadron              I         1509     186236171 I  6.810D-09 I
 I   3 anomalous * hadron           I         5114     206028951 I  2.288D-08 I
 I   4 DIS * hadron                 I       491739     523134264 I  2.249D-06 I
 I                                  I                            I            I
 ==============================================================================

 ********* Total number of errors, excluding junctions =        0 *************
 ********* Total number of errors, including junctions =        0 *************
 ********* Total number of warnings =                           0 *************
 ********* Fraction of events that fail fragmentation cuts =  0.00038 *********

1************ PYSTAT: User-Defined Limits on Kinematical Variables ************

 ==============================================================================
 I                                                                            I
 I                 0.000D+00 <  m_hard (GeV/c^2)  <  6.054D+01                I
 I    0.000D+00 ( 1.000D+00) <  p_T_hard (GeV/c)  <  3.027D+01                I
 I                             m_finite (GeV/c^2) =  1.000D+00                I
 I                -1.000D+01 <    y*_subsystem    <  1.000D+01                I
 I                -4.000D+01 <      y*_large      <  4.000D+01                I
 I                -4.000D+01 <      y*_small      <  4.000D+01                I
 I                -4.000D+01 <     eta*_large     <  4.000D+01                I
 I                -4.000D+01 <     eta*_small     <  4.000D+01                I
 I                -1.000D+00 < cos(theta*)_large  <  1.000D+00                I
 I                -1.000D+00 < cos(theta*)_small  <  1.000D+00                I
 I                 0.000D+00 <        x_1         <  1.000D+00                I
 I                 0.000D+00 <        x_2         <  1.000D+00                I
 I                -1.000D+00 <        x_F         <  1.000D+00                I
 I                -1.000D+00 <  cos(theta_hard)   <  1.000D+00                I
 I                 2.000D+00 < m'_hard (GeV/c^2)  <  6.054D+01                I
 I                                                                            I
 ==============================================================================
 The charm mass used is:    1.5000000000000000     
 ===================================================
 Pythia total cross section normalisation:   2.2865329410368773E-003  microbarn
 Total Number of generated events      500000
 Total Number of trials      500000
 ===================================================

 ===== PDFSTA statistics for PDF under/over-flows ====

 ====== STRUCTM statistics for nucleon/pion PDFs =====

   total # of calls    577391537.00000000     
   X  below PDF min    0.0000000000000000       or    0.0000000000000000       %
   X  above PDF max    0.0000000000000000       or    0.0000000000000000       %
   Q2 below PDF min    0.0000000000000000       or    0.0000000000000000       %
   Q2 above PDF max    0.0000000000000000       or    0.0000000000000000       %

 ========= STRUCTP statistics for photon PDFs ========

   total # of calls    0.0000000000000000     

