1                                                                              
 ******************************************************************************
 ******************************************************************************
 **                                                                          **
 **                                                                          **
 **              *......*                  Welcome to the Lund Monte Carlo!  **
 **         *:::!!:::::::::::*                                               **
 **      *::::::!!::::::::::::::*          PPP  Y   Y TTTTT H   H III   A    **
 **    *::::::::!!::::::::::::::::*        P  P  Y Y    T   H   H  I   A A   **
 **   *:::::::::!!:::::::::::::::::*       PPP    Y     T   HHHHH  I  AAAAA  **
 **   *:::::::::!!:::::::::::::::::*       P      Y     T   H   H  I  A   A  **
 **    *::::::::!!::::::::::::::::*!       P      Y     T   H   H III A   A  **
 **      *::::::!!::::::::::::::* !!                                         **
 **      !! *:::!!:::::::::::*    !!       This is PYTHIA version 6.428      **
 **      !!     !* -><- *         !!       Last date of change:  5 Sep 2013  **
 **      !!     !!                !!                                         **
 **      !!     !!                !!       Now is  0 Jan 2000 at  0:00:00    **
 **      !!                       !!                                         **
 **      !!        lh             !!       Disclaimer: this program comes    **
 **      !!                       !!       without any guarantees. Beware    **
 **      !!                 hh    !!       of errors and use common sense    **
 **      !!    ll                 !!       when interpreting results.        **
 **      !!                       !!                                         **
 **      !!                                Copyright T. Sjostrand (2011)     **
 **                                                                          **
 ** An archive of program versions and documentation is found on the web:    **
 ** http://www.thep.lu.se/~torbjorn/Pythia.html                              **
 **                                                                          **
 ** When you cite this program, the official reference is to the 6.4 manual: **
 ** T. Sjostrand, S. Mrenna and P. Skands, JHEP05 (2006) 026                 **
 ** (LU TP 06-13, FERMILAB-PUB-06-052-CD-T) [hep-ph/0603175].                **
 **                                                                          **
 ** Also remember that the program, to a large extent, represents original   **
 ** physics research. Other publications of special relevance to your        **
 ** studies may therefore deserve separate mention.                          **
 **                                                                          **
 ** Main author: Torbjorn Sjostrand; Department of Theoretical Physics,      **
 **   Lund University, Solvegatan 14A, S-223 62 Lund, Sweden;                **
 **   phone: + 46 - 46 - 222 48 16; e-mail: torbjorn@thep.lu.se              **
 ** Author: Stephen Mrenna; Computing Division, GDS Group,                   **
 **   Fermi National Accelerator Laboratory, MS 234, Batavia, IL 60510, USA; **
 **   phone: + 1 - 630 - 840 - 2556; e-mail: mrenna@fnal.gov                 **
 ** Author: Peter Skands; CERN/PH-TH, CH-1211 Geneva, Switzerland            **
 **   phone: + 41 - 22 - 767 24 47; e-mail: peter.skands@cern.ch             **
 **                                                                          **
 **                                                                          **
 ******************************************************************************
 ******************************************************************************
     MSEL           changed from              1 to              2
     MSTP(14)       changed from             30 to             30
     MSTP(15)       changed from              0 to              0
     MSTP(16)       changed from              1 to              1
     MSTP(17)       changed from              4 to              4
     MSTP(18)       changed from              3 to              3
     MSTP(19)       changed from              4 to              1
     MSTP(20)       changed from              3 to              0
     MSTP(32)       changed from              8 to              8
     MSTP(38)       changed from              5 to              4
     MSTP(51)       changed from              7 to          10050
     MSTP(52)       changed from              1 to              2
     MSTP(53)       changed from              3 to              3
     MSTP(54)       changed from              1 to              1
     MSTP(55)       changed from              5 to              5
     MSTP(56)       changed from              1 to              1
     MSTP(57)       changed from              1 to              1
     MSTP(58)       changed from              5 to              5
     MSTP(59)       changed from              1 to              1
     MSTP(60)       changed from              7 to              7
     MSTP(61)       changed from              2 to              2
     MSTP(71)       changed from              1 to              1
     MSTP(81)       changed from              1 to              0
     MSTP(82)       changed from              4 to              1
     MSTP(91)       changed from              1 to              1
     MSTP(92)       changed from              3 to              3
     MSTP(93)       changed from              1 to              1
     MSTP(101)      changed from              3 to              3
     MSTP(102)      changed from              1 to              1
     MSTP(111)      changed from              1 to              1
     MSTP(121)      changed from              0 to              0
     PARP(13)       changed from        1.00000 to        1.00000
     PARP(18)       changed from        0.40000 to        0.40000
     PARP(81)       changed from        1.90000 to        1.90000
     PARP(89)       changed from     1800.00000 to     1800.00000
     PARP(90)       changed from        0.25000 to        0.16000
     PARP(91)       changed from        2.00000 to        0.40000
     PARP(93)       changed from        5.00000 to        5.00000
     PARP(99)       changed from        1.00000 to        0.40000
     PARP(100)      changed from        5.00000 to        5.00000
     PARP(102)      changed from        0.28000 to        0.28000
     PARP(103)      changed from        1.00000 to        1.00000
     PARP(104)      changed from        0.80000 to        0.80000
     PARP(111)      changed from        2.00000 to        2.00000
     PARP(161)      changed from        2.20000 to        3.00000
     PARP(162)      changed from       23.60000 to       24.60000
     PARP(163)      changed from       18.40000 to       18.80000
     PARP(164)      changed from       11.50000 to       11.50000
     PARP(165)      changed from        0.50000 to        0.47679
     PARP(166)      changed from        0.00000 to        0.67597
     PARJ(1)        changed from        0.10000 to        0.10000
     PARJ(2)        changed from        0.30000 to        0.30000
     PARJ(11)       changed from        0.50000 to        0.50000
     PARJ(12)       changed from        0.60000 to        0.60000
     PARJ(21)       changed from        0.36000 to        0.40000
     PARJ(32)       changed from        1.00000 to        1.00000
     PARJ(33)       changed from        0.80000 to        0.80000
     PARJ(41)       changed from        0.30000 to        0.30000
     PARJ(42)       changed from        0.58000 to        0.58000
     PARJ(45)       changed from        0.50000 to        0.50000
     MSTJ(1)        changed from              1 to              1
     MSTJ(12)       changed from              2 to              1
     MSTJ(45)       changed from              5 to              5
     MSTU(112)      changed from              5 to              5
     MSTU(113)      changed from              3 to              5
     MSTU(114)      changed from              5 to              5
     CKIN(1)        changed from        2.00000 to        1.00000
     CKIN(2)        changed from       -1.00000 to       -1.00000
     CKIN(3)        changed from        0.00000 to        0.00000
     CKIN(4)        changed from       -1.00000 to       -1.00000
     CKIN(5)        changed from        1.00000 to        1.00000
     CKIN(6)        changed from        1.00000 to        1.00000
     CKIN(7)        changed from      -10.00000 to      -10.00000
     CKIN(8)        changed from       10.00000 to       10.00000
     CKIN(9)        changed from      -40.00000 to      -40.00000
     CKIN(10)       changed from       40.00000 to       40.00000
     CKIN(11)       changed from      -40.00000 to      -40.00000
     CKIN(12)       changed from       40.00000 to       40.00000
     CKIN(13)       changed from      -40.00000 to      -40.00000
     CKIN(14)       changed from       40.00000 to       40.00000
     CKIN(15)       changed from      -40.00000 to      -40.00000
     CKIN(16)       changed from       40.00000 to       40.00000
     CKIN(17)       changed from       -1.00000 to       -1.00000
     CKIN(18)       changed from        1.00000 to        1.00000
     CKIN(19)       changed from       -1.00000 to       -1.00000
     CKIN(20)       changed from        1.00000 to        1.00000
     CKIN(21)       changed from        0.00000 to        0.00000
     CKIN(22)       changed from        1.00000 to        1.00000
     CKIN(23)       changed from        0.00000 to        0.00000
     CKIN(24)       changed from        1.00000 to        1.00000
     CKIN(25)       changed from       -1.00000 to       -1.00000
     CKIN(26)       changed from        1.00000 to        1.00000
     CKIN(27)       changed from       -1.00000 to       -1.00000
     CKIN(28)       changed from        1.00000 to        1.00000
     CKIN(31)       changed from        2.00000 to        2.00000
     CKIN(32)       changed from       -1.00000 to       -1.00000
     CKIN(35)       changed from        0.00000 to        0.00000
     CKIN(36)       changed from       -1.00000 to       -1.00000
     CKIN(37)       changed from        0.00000 to        0.00000
     CKIN(38)       changed from       -1.00000 to       -1.00000
     CKIN(39)       changed from        4.00000 to        4.00000
     CKIN(40)       changed from       -1.00000 to       -1.00000
     CKIN(65)       changed from        0.00000 to        0.00000
     CKIN(66)       changed from       -1.00000 to       -1.00000
     CKIN(67)       changed from        0.00000 to        0.00000
     CKIN(68)       changed from       -1.00000 to       -1.00000
     CKIN(77)       changed from        2.00000 to        2.00000
     CKIN(78)       changed from       -1.00000 to       -1.00000
 *********************************************
 NOW all parameters are read by PYTHIA
 *********************************************
 SEED =   1287506000
 RANLUX LUXURY LEVEL SET BY RLUXGO : 4     P= 389
 RANLUX INITIALIZED BY RLUXGO FROM SEEDS  1287506000           0           0
   5328.9753403062132        10.000000000000000       -5328.9753403062132       -10.0000000    
 *********************************************
 proton beam momentum:   250.000000     GeV
 lepton beam momentum:   10.0000000     GeV
 resulting sqrt(s):   100.00457712527508      GeV
 *********************************************
1****************** PYINIT: initialization of PYTHIA routines *****************
 ==== PYTHIA WILL USE LHAPDF ====
 *************************************
 *       LHAPDF Version 5.9.1        *
 *   Configured for the following:   *
 *             All PDFs              *
 *         FULL MEMORY option        *
 *    Maximum  3 concurrent set(s)   *
 *************************************

 >>>>>> PDF description: <<<<<<
 CTEQ6M                                                          
 Reference:                                                      
 J. Pumplin, D.R. Stump, J. Huston, H.L. Lai, P. Nadolsky,       
 W.K. Tung                                                       
 hep-ph/0201195                                                  
 This set has 41 member PDFs.                                    
     mem=0 --> central value (cteq6m)                            
     mem=1-40 --> 20 sets of +ve/-ve error values                
 >>>>>>                   <<<<<<

 ==============================================
 PDFset name /cvmfs/sft.cern.ch/lcg/external/lhapdfsets/5.9.1/share/PDFsets/cteq6mE.LHgrid   
 with         40 members
 ====  initialized. ===========================
 Strong coupling at Mz for PDF is:  0.11798

 ==============================================================================
 I                                                                            I
 I      PYTHIA will be initialized for gamma/e- on p+ user configuration      I
 I                                                                            I
 I                  px (GeV/c)   py (GeV/c)   pz (GeV/c)      E (GeV)         I
 I        gamma/e-       0.000        0.000      -10.000       10.000         I
 I        p+             0.000        0.000      250.000      250.002         I
 I                                                                            I
 I           corresponding to    100.005 GeV center-of-mass energy            I
 I                                                                            I
 ==============================================================================

 ******** PYMAXI: summary of differential cross-section maximum search ********

           ==========================================================
           I                                      I                 I
           I  ISUB  Subprocess name               I  Maximum value  I
           I                                      I                 I
           ==========================================================
           I                                      I                 I
           I   91   Elastic scattering            I    4.5802D-04   I
           I   92   Single diffractive (XB)       I    3.3396D-04   I
           I   93   Single diffractive (AX)       I    2.7193D-04   I
           I   94   Double  diffractive           I    2.7235D-04   I
           I   95   Low-pT scattering             I    1.9842D-03   I
           I   96   Semihard QCD 2 -> 2           I    1.9401D-02   I
           I                                      I                 I
           ==========================================================

 ******** PYMAXI: summary of differential cross-section maximum search ********

           ==========================================================
           I                                      I                 I
           I  ISUB  Subprocess name               I  Maximum value  I
           I                                      I                 I
           ==========================================================
           I                                      I                 I
           I  131   f + gamma*_T -> f + g         I    1.8340D-04   I
           I  132   f + gamma*_L -> f + g         I    9.6222D-06   I
           I  135   g + gamma*_T -> f + fbar      I    5.6762D-04   I
           I  136   g + gamma*_L -> f + fbar      I    9.2431D-05   I
           I                                      I                 I
           ==========================================================

 ******** PYMAXI: summary of differential cross-section maximum search ********

           ==========================================================
           I                                      I                 I
           I  ISUB  Subprocess name               I  Maximum value  I
           I                                      I                 I
           ==========================================================
           I                                      I                 I
           I   91   Elastic scattering            I    1.1937D-04   I
           I   92   Single diffractive (XB)       I    8.8669D-05   I
           I   93   Single diffractive (AX)       I    7.0104D-05   I
           I   94   Double  diffractive           I    7.1830D-05   I
           I   95   Low-pT scattering             I    5.5769D-04   I
           I   96   Semihard QCD 2 -> 2           I    1.4517D-02   I
           I                                      I                 I
           ==========================================================

 ******** PYMAXI: summary of differential cross-section maximum search ********

           ==========================================================
           I                                      I                 I
           I  ISUB  Subprocess name               I  Maximum value  I
           I                                      I                 I
           ==========================================================
           I                                      I                 I
           I   99   q + gamma* -> q               I    2.3955D-03   I
           I                                      I                 I
           ==========================================================

 ********************** PYINIT: initialization completed **********************
 the outputfile will be named: outfiles/ep_10x250_Q2_1_10_norad.out                                                                                                                                                                                                                            



                            Event listing (standard)

    I  particle/jet  K(I,1)   K(I,2) K(I,3)     K(I,4)      K(I,5)       P(I,1)       P(I,2)       P(I,3)       P(I,4)       P(I,5)

    1  !e-!              21        11    0           3           4      0.00000      0.00000    -10.00000     10.00000      0.00051
    2  !p+!              21      2212    0           5           0     -0.00000      0.00000    250.00000    250.00176      0.93827
 ==================================================================================================================================
    3  !e-!              21        11    1           0           0      1.09098      1.50868     -9.18634      9.37311      0.00051
    4  !gamma!           21        22    1           0           0     -1.09098     -1.50868     -0.81366      0.62689     -1.93272
    5  !p+!              21      2212    2           0           0     -0.00000      0.00000    250.00000    250.00176      0.93827
    6  !gamma!           21        22    4           0           0     -1.09232     -1.51052     -0.81149      0.63083     -1.93272
    7  !s!               21         3    5           0           0      0.00001      0.00001      1.29492      1.29492      0.00000
    8  !gamma!           21        22    6           0           0     -1.09232     -1.51052     -0.81149      0.63083     -1.93272
    9  !s!               21         3    7           0           0      0.00001      0.00001      1.29492      1.29492      0.00000
   10  !s!               21         3    9           0           0     -1.09231     -1.51051      0.48342      1.92574      0.00000
 ==================================================================================================================================
   11  (K*+)             11       323    5          15          16     -0.24688     -0.25735    134.60711    134.61104      0.96484
   12  e-                 1        11    3           0           0      1.09098      1.50868     -9.18634      9.37311      0.00051
   13  (s)           A   12         3   10          17          17     -0.85994     -1.40947      0.23027      1.66708      0.00000
   14  (ud_0)        V   11      2101    5          17          17      0.01584      0.15814    114.34896    114.35053      0.57933
 ==================================================================================================================================
   15  (K0)              11       311   11          24          24     -0.22244     -0.18393    129.81315    129.81443      0.49767
   16  pi+                1       211   11           0           0     -0.02444     -0.07341      4.79396      4.79661      0.13957
   17  (string)          11        92   13          18          23     -0.84410     -1.25133    114.57922    116.01761     18.14964
   18  (K*-)             11      -323   17          25          26     -0.74547     -1.18585      0.92607      1.90617      0.90217
   19  (Delta+)          11      2214   17          27          28     -0.03265      0.04158      3.77079      3.97525      1.25739
   20  (Deltabar0)       11     -2114   17          29          30     -0.02888     -0.29822      8.86352      8.96813      1.33252
   21  (K*0)             11       313   17          31          32     -0.46460      0.08780      5.62143      5.70851      0.87347
   22  (Kbar0)           11      -311   17          33          33      0.32154     -0.04792      3.06184      3.11901      0.49767
   23  n0                 1      2112   17           0           0      0.10596      0.15129     92.33558     92.34054      0.93957
   24  K_L0               1       130   15           0           0     -0.22244     -0.18393    129.81315    129.81443      0.49767
   25  (Kbar0)           11      -311   18          34          34     -0.32626     -0.50264      0.73374      1.07011      0.49767
   26  pi-                1      -211   18           0           0     -0.41921     -0.68322      0.19233      0.83606      0.13957
   27  p+                 1      2212   19           0           0     -0.07467      0.27906      2.98282      3.14023      0.93827
   28  (pi0)             11       111   19          35          36      0.04202     -0.23748      0.78796      0.83503      0.13498
   29  nbar0              1     -2112   20           0           0     -0.15517     -0.02384      7.69303      7.75178      0.93957
   30  (pi0)             11       111   20          37          38      0.12630     -0.27438      1.17049      1.21634      0.13498
   31  K+                 1       321   21           0           0     -0.42440      0.07041      2.52161      2.60523      0.49360
   32  pi-                1      -211   21           0           0     -0.04021      0.01738      3.09983      3.10328      0.13957
   33  (K_S0)            11       310   22          39          40      0.32154     -0.04792      3.06184      3.11901      0.49767
   34  K_L0               1       130   25           0           0     -0.32626     -0.50264      0.73374      1.07011      0.49767
   35  gamma              1        22   28           0           0      0.08337     -0.20493      0.58761      0.62788      0.00000
   36  gamma              1        22   28           0           0     -0.04134     -0.03255      0.20035      0.20715      0.00000
   37  gamma              1        22   30           0           0      0.13712     -0.26132      0.94002      0.98526      0.00000
   38  gamma              1        22   30           0           0     -0.01082     -0.01306      0.23047      0.23109      0.00000
   39  pi+                1       211   33           0           0      0.32516      0.05890      1.30524      1.35364      0.13957
   40  pi-                1      -211   33           0           0     -0.00362     -0.10682      1.75659      1.76537      0.13957
 ==================================================================================================================================
                   sum charge:  0.00   sum momentum and inv. mass:      0.00000      0.00000    240.00000    260.00176    100.00458



                            Event listing (standard)

    I  particle/jet  K(I,1)   K(I,2) K(I,3)     K(I,4)      K(I,5)       P(I,1)       P(I,2)       P(I,3)       P(I,4)       P(I,5)

    1  !e-!              21        11    0           3           4      0.00000      0.00000    -10.00000     10.00000      0.00051
    2  !p+!              21      2212    0           5           0     -0.00000      0.00000    250.00000    250.00176      0.93827
 ==================================================================================================================================
    3  !e-!              21        11    1           0           0     -0.85912     -0.66492     -9.68624      9.74697      0.00051
    4  !gamma!           21        22    1           0           0      0.85912      0.66492     -0.31376      0.25303     -1.10210
    5  !p+!              21      2212    2           0           0     -0.00000     -0.00000    250.00000    250.00176      0.93827
    6  !dbar!            21        -1    4           0           0      0.33660     -0.08914      0.40250      0.53221     -0.00000
    7  !u!               21         2    5           0           0      0.45218      0.41250     62.85831     62.86129     -0.00000
    8  !dbar!            21        -1    6           0           0      0.33660     -0.08914      0.40250      0.53221      0.00000
    9  !u!               21         2    7           0           0      0.45218      0.41250     62.85831     62.86129      0.00000
   10  !dbar!            21        -1    0           0           0      0.32141     -1.49812     12.65434     12.75104      0.33000
   11  !u!               21         2    0           0           0      0.46737      1.82149     50.60647     50.64247      0.33000
 ==================================================================================================================================
   12  e-                 1        11    3           0           0     -0.85912     -0.66492     -9.68624      9.74697      0.00051
   13  (dbar)        A   12        -1   10          17          17      0.32141     -1.49812     12.65434     12.75104      0.33000
   14  (u)           V   11         2   11          17          17      0.46737      1.82149     50.60647     50.64247      0.33000
   15  (d)           A   12         1    4          23          23      0.51778      0.75039      0.86619      1.30014      0.33000
   16  (ud_0)        V   11      2101    5          23          23     -0.44744     -0.40883    185.55924    185.56114      0.57933
 ==================================================================================================================================
   17  (string)          11        92   13          18          22      0.78878      0.32336     63.26081     63.39351      4.00998
   18  pi+                1       211   17           0           0      0.02245      0.00492      0.62748      0.64322      0.13957
   19  pi-                1      -211   17           0           0     -0.01954     -0.40890      2.57273      2.60883      0.13957
   20  (rho0)            11       113   17          31          32      0.46792      0.46599     20.36751     20.39513      0.83050
   21  (eta)             11       221   17          33          34      0.27049     -0.78400     17.61920     17.64720      0.54745
   22  pi+                1       211   17           0           0      0.04746      1.04534     22.07390     22.09913      0.13957
   23  (string)          11        92   15          24          30      0.07034      0.34155    186.42543    186.86128     12.75044
   24  (rho0)            11       113   23          35          36      0.03008      0.50631      1.07197      1.31377      0.56536
   25  (omega)           11       223   23          37          39      0.55041      0.09722      8.13243      8.18529      0.74167
   26  (omega)           11       223   23          40          42     -0.17230      0.16527      6.86756      6.91607      0.78211
   27  (rho0)            11       113   23          43          44      0.02670     -0.11085     11.92564     11.94579      0.68408
   28  (rho-)            11      -213   23          45          46      0.21775      0.17247      5.22989      5.29104      0.75248
   29  (pi0)             11       111   23          47          48     -0.04431     -0.45782     16.18005     16.18714      0.13498
   30  p+                 1      2212   23           0           0     -0.53799     -0.03103    137.01790    137.02217      0.93827
   31  pi+                1       211   20           0           0      0.19477      0.34479      3.60415      3.62853      0.13957
   32  pi-                1      -211   20           0           0      0.27315      0.12120     16.76335     16.76660      0.13957
   33  gamma              1        22   21           0           0      0.37101     -0.76011     13.35930     13.38605      0.00000
   34  gamma              1        22   21           0           0     -0.10051     -0.02388      4.25990      4.26115      0.00000
   35  pi-                1      -211   24           0           0      0.09829      0.47553      0.46560      0.68707      0.13957
   36  pi+                1       211   24           0           0     -0.06821      0.03077      0.60636      0.62670      0.13957
   37  pi-                1      -211   25           0           0      0.03218     -0.02966      0.92448      0.93598      0.13957
   38  pi+                1       211   25           0           0      0.19833      0.27765      2.62675      2.65250      0.13957
   39  (pi0)             11       111   25          49          50      0.31990     -0.15076      4.58119      4.59681      0.13498
   40  pi-                1      -211   26           0           0      0.09112      0.23273      3.24899      3.26158      0.13957
   41  pi+                1       211   26           0           0     -0.11900      0.06059      2.67532      2.68229      0.13957
   42  (pi0)             11       111   26          51          52     -0.14442     -0.12806      0.94324      0.97221      0.13498
   43  pi-                1      -211   27           0           0      0.08413     -0.33762      4.66480      4.67984      0.13957
   44  pi+                1       211   27           0           0     -0.05743      0.22677      7.26085      7.26595      0.13957
   45  pi-                1      -211   28           0           0     -0.07820      0.00165      4.09587      4.09899      0.13957
   46  (pi0)             11       111   28          53          54      0.29594      0.17082      1.13402      1.19205      0.13498
   47  gamma              1        22   29           0           0      0.03655     -0.29797     10.06833     10.07281      0.00000
   48  gamma              1        22   29           0           0     -0.08086     -0.15985      6.11171      6.11434      0.00000
   49  gamma              1        22   39           0           0      0.26378     -0.16066      3.32298      3.33730      0.00000
   50  gamma              1        22   39           0           0      0.05613      0.00989      1.25822      1.25951      0.00000
   51  gamma              1        22   42           0           0     -0.14849     -0.10060      0.56139      0.58934      0.00000
   52  gamma              1        22   42           0           0      0.00407     -0.02746      0.38186      0.38287      0.00000
   53  gamma              1        22   46           0           0      0.16529      0.04465      0.38554      0.42185      0.00000
   54  gamma              1        22   46           0           0      0.13065      0.12617      0.74848      0.77021      0.00000
 ==================================================================================================================================
                   sum charge:  0.00   sum momentum and inv. mass:     -0.00000     -0.00000    240.00000    260.00176    100.00458



                            Event listing (standard)

    I  particle/jet  K(I,1)   K(I,2) K(I,3)     K(I,4)      K(I,5)       P(I,1)       P(I,2)       P(I,3)       P(I,4)       P(I,5)

    1  !e-!              21        11    0           3           4      0.00000      0.00000    -10.00000     10.00000      0.00051
    2  !p+!              21      2212    0           5           0     -0.00000      0.00000    250.00000    250.00176      0.93827
 ==================================================================================================================================
    3  !e-!              21        11    1           0           0      0.82209      0.73376     -9.86627      9.92761      0.00051
    4  !gamma!           21        22    1           0           0     -0.82209     -0.73376     -0.13373      0.07239     -1.10765
    5  !p+!              21      2212    2           0           0     -0.00000      0.00000    250.00000    250.00176      0.93827
    6  !rho0!            21       113    4           0           0     -0.87518     -1.21243      5.77407      5.97967      0.42504
    7  !p+!              21      2212    5           0           0      0.05309      0.47867    244.09220    244.09448      0.93827
 ==================================================================================================================================
    8  (rho0)            11       113    6           9          10     -0.87518     -1.21243      5.77407      5.97967      0.42504
    9  pi-                1      -211    8           0           0     -0.72519     -0.97725      4.19894      4.37396      0.13957
   10  pi+                1       211    8           0           0     -0.14999     -0.23518      1.57513      1.60571      0.13957
   11  p+                 1      2212    7           0           0      0.05309      0.47867    244.09220    244.09448      0.93827
   12  e-                 1        11    3           0           0      0.82209      0.73376     -9.86627      9.92761      0.00051
 ==================================================================================================================================
                   sum charge:  0.00   sum momentum and inv. mass:     -0.00000     -0.00000    240.00000    260.00176    100.00458



                            Event listing (standard)

    I  particle/jet  K(I,1)   K(I,2) K(I,3)     K(I,4)      K(I,5)       P(I,1)       P(I,2)       P(I,3)       P(I,4)       P(I,5)

    1  !e-!              21        11    0           3           4      0.00000      0.00000    -10.00000     10.00000      0.00051
    2  !p+!              21      2212    0           5           0     -0.00000      0.00000    250.00000    250.00176      0.93827
 ==================================================================================================================================
    3  !e-!              21        11    1           0           0      1.00585      0.36736     -3.71283      3.86417      0.00051
    4  !gamma!           21        22    1           0           0     -1.00585     -0.36736     -6.28717      6.13583     -1.73976
    5  !p+!              21      2212    2           0           0     -0.00000      0.00000    250.00000    250.00176      0.93827
    6  !omega_di!        21   9900220    4           0           0     -0.67581     -0.75247     -5.08911      7.33337      5.18231
    7  !p+!              21      2212    5           0           0     -0.33004      0.38511    248.80194    248.80423      0.93827
 ==================================================================================================================================
    8  (u)           A   12         2    6          13          13     -0.54690     -0.61157     -4.99821      5.07584      0.33000
    9  (g)           I   12        21    6          13          13     -0.00140      0.00163      1.05234      1.05234      0.00000
   10  (ubar)        V   11        -2    6          13          13     -0.12752     -0.14253     -1.14324      1.20518      0.33000
   11  p+                 1      2212    7           0           0     -0.33004      0.38511    248.80194    248.80423      0.93827
   12  e-                 1        11    3           0           0      1.00585      0.36736     -3.71283      3.86417      0.00051
 ==================================================================================================================================
   13  (string)          11        92    8          14          18     -0.67581     -0.75247     -5.08911      7.33337      5.18231
   14  K+                 1       321   13           0           0      0.03685     -0.20284     -1.14860      1.26706      0.49360
   15  (phi)             11       333   13          19          20     -0.81412     -0.64146     -3.33111      3.63722      1.02899
   16  K-                 1      -321   13           0           0      0.27760     -0.38293     -0.83211      1.07691      0.49360
   17  (rho0)            11       113   13          21          22      0.07161      0.33273      0.50985      0.92529      0.69309
   18  (pi0)             11       111   13          23          24     -0.24776      0.14204     -0.28714      0.42688      0.13498
   19  gamma              1        22   15           0           0      0.05649      0.15154     -0.35490      0.39001      0.00000
   20  (eta)             11       221   15          25          27     -0.87061     -0.79301     -2.97622      3.24721      0.54745
   21  pi-                1      -211   17           0           0      0.22963      0.30779      0.04104      0.41065      0.13957
   22  pi+                1       211   17           0           0     -0.15802      0.02494      0.46881      0.51464      0.13957
   23  gamma              1        22   18           0           0     -0.07058     -0.00644     -0.12774      0.14608      0.00000
   24  gamma              1        22   18           0           0     -0.17718      0.14848     -0.15940      0.28080      0.00000
   25  pi+                1       211   20           0           0     -0.30756     -0.40171     -1.44013      1.53278      0.13957
   26  pi-                1      -211   20           0           0     -0.29823     -0.28318     -1.02757      1.11557      0.13957
   27  (pi0)             11       111   20          28          29     -0.26481     -0.10811     -0.50852      0.59886      0.13498
   28  gamma              1        22   27           0           0     -0.06732     -0.05629     -0.06075      0.10673      0.00000
   29  gamma              1        22   27           0           0     -0.19749     -0.05183     -0.44777      0.49213      0.00000
 ==================================================================================================================================
                   sum charge:  0.00   sum momentum and inv. mass:     -0.00000      0.00000    240.00000    260.00176    100.00458



                            Event listing (standard)

    I  particle/jet  K(I,1)   K(I,2) K(I,3)     K(I,4)      K(I,5)       P(I,1)       P(I,2)       P(I,3)       P(I,4)       P(I,5)

    1  !e-!              21        11    0           3           4      0.00000      0.00000    -10.00000     10.00000      0.00051
    2  !p+!              21      2212    0           5           0     -0.00000      0.00000    250.00000    250.00176      0.93827
 ==================================================================================================================================
    3  !e-!              21        11    1           0           0      0.39611      1.16399     -9.48716      9.56650      0.00051
    4  !gamma!           21        22    1           0           0     -0.39611     -1.16399     -0.51284      0.43350     -1.25970
    5  !p+!              21      2212    2           0           0     -0.00000      0.00000    250.00000    250.00176      0.93827
    6  !gamma!           21        22    4           0           0     -0.38504     -1.13146      0.31646      1.23637     -0.00000
    7  !d!               21         1    5           0           0      0.17725      1.12903     27.50218     27.52591     -0.00000
    8  !gamma!           21        22    6           0           0     -0.32587     -0.95758      0.26783      1.04636      0.00000
    9  !g!               21        21    7           0           0     -1.31626      0.18806     10.30491     10.39034      0.00000
   10  !ubar!            21        -2    0           0           0     -1.51697     -2.28124      7.55379      8.04201      0.33000
   11  !u!               21         2    0           0           0     -0.12516      1.51173      3.01896      3.39470      0.33000
 ==================================================================================================================================
   12  e-                 1        11    3           0           0      0.39611      1.16399     -9.48716      9.56650      0.00051
   13  (d)           A   12         1    7          18          18      1.43434      0.76710     17.24589     17.32557      0.33000
   14  (ubar)        V   11        -2   10          18          18     -1.14951     -1.72194      5.73350      6.10478      0.33000
   15  (u)           A   12         2   11          23          23     -1.03438      0.00968      1.77814      2.08344      0.33000
   16  (g)           I   12        21   11          23          23      0.54177      0.94274      3.06110      3.24847      0.00000
   17  (uu_1)        V   11      2203    5          23          23     -0.18832     -1.16156    221.66852    221.67299      0.77133
 ==================================================================================================================================
   18  (string)          11        92   13          19          22      0.28482     -0.95485     22.97939     23.43036      4.46501
   19  pi-                1      -211   18           0           0      0.52264      0.53211     11.41808     11.44327      0.13957
   20  pi+                1       211   18           0           0      0.51191     -0.03390      1.11429      1.23464      0.13957
   21  (rho-)            11      -213   18          29          30     -1.01609     -0.92656      6.13719      6.33633      0.77007
   22  (rho0)            11       113   18          31          32      0.26637     -0.52650      4.30983      4.41612      0.76117
   23  (string)          11        92   15          24          28     -0.68094     -0.20914    226.50776    227.00490     14.99844
   24  (rho+)            11       213   23          33          34     -0.86977      0.15531      3.08279      3.29217      0.74441
   25  (K*0)             11       313   23          35          36      0.00468      0.26060      2.77491      2.92836      0.89848
   26  (K*-)             11      -323   23          37          38     -0.07054     -0.09635      6.42110      6.47449      0.82111
   27  K+                 1       321   23           0           0      0.30212      0.72687      5.89830      5.97104      0.49360
   28  (Sigma*+)         11      3224   23          39          40     -0.04743     -1.25557    208.33066    208.33885      1.35428
   29  pi-                1      -211   21           0           0     -0.02898     -0.12170      0.25593      0.31722      0.13957
   30  (pi0)             11       111   21          41          42     -0.98711     -0.80486      5.88127      6.01911      0.13498
   31  pi+                1       211   22           0           0     -0.15077     -0.34903      2.91160      2.93964      0.13957
   32  pi-                1      -211   22           0           0      0.41714     -0.17747      1.39822      1.47649      0.13957
   33  pi+                1       211   24           0           0     -0.52257     -0.11435      0.86046      1.02276      0.13957
   34  (pi0)             11       111   24          43          44     -0.34720      0.26966      2.22233      2.26941      0.13498
   35  K+                 1       321   25           0           0     -0.00525     -0.03605      0.92005      1.04473      0.49360
   36  pi-                1      -211   25           0           0      0.00993      0.29665      1.85486      1.88363      0.13957
   37  K-                 1      -321   26           0           0      0.07348     -0.04462      5.78055      5.80222      0.49360
   38  (pi0)             11       111   26          45          46     -0.14402     -0.05173      0.64055      0.67227      0.13498
   39  (Lambda0)         11      3122   28          47          48      0.00831     -1.24411    198.51280    198.51983      1.11568
   40  pi+                1       211   28           0           0     -0.05574     -0.01147      9.81786      9.81902      0.13957
   41  gamma              1        22   30           0           0     -0.97519     -0.79289      5.85083      5.98430      0.00000
   42  gamma              1        22   30           0           0     -0.01192     -0.01196      0.03044      0.03481      0.00000
   43  gamma              1        22   34           0           0     -0.20357      0.22720      1.32454      1.35922      0.00000
   44  gamma              1        22   34           0           0     -0.14363      0.04246      0.89778      0.91019      0.00000
   45  gamma              1        22   38           0           0     -0.01222      0.01242      0.31219      0.31267      0.00000
   46  gamma              1        22   38           0           0     -0.13180     -0.06415      0.32837      0.35960      0.00000
   47  n0                 1      2112   39           0           0      0.04849     -0.93716    164.33886    164.34423      0.93957
   48  (pi0)             11       111   39          49          50     -0.04018     -0.30695     34.17394     34.17561      0.13498
   49  gamma              1        22   48           0           0      0.04289     -0.18286     18.04541     18.04638      0.00000
   50  gamma              1        22   48           0           0     -0.08306     -0.12409     16.12853     16.12922      0.00000
 ==================================================================================================================================
                   sum charge:  0.00   sum momentum and inv. mass:     -0.00000      0.00000    240.00000    260.00176    100.00458



                            Event listing (standard)

    I  particle/jet  K(I,1)   K(I,2) K(I,3)     K(I,4)      K(I,5)       P(I,1)       P(I,2)       P(I,3)       P(I,4)       P(I,5)

    1  !e-!              21        11    0           3           4      0.00000      0.00000    -10.00000     10.00000      0.00051
    2  !p+!              21      2212    0           5           0     -0.00000      0.00000    250.00000    250.00176      0.93827
 ==================================================================================================================================
    3  !e-!              21        11    1           0           0     -0.80929     -1.74371     -8.59705      8.80935      0.00051
    4  !gamma!           21        22    1           0           0      0.80929      1.74371     -1.40295      1.19065     -2.06061
    5  !p+!              21      2212    2           0           0     -0.00000     -0.00000    250.00000    250.00176      0.93827
    6  !gamma!           21        22    4           0           0      0.80984      1.74490     -1.40279      1.19257     -2.06061
    7  !dbar!            21        -1    5           0           0     -0.00000     -0.00000      0.81802      0.81802      0.00000
    8  !gamma!           21        22    6           0           0      0.80984      1.74490     -1.40279      1.19257     -2.06061
    9  !dbar!            21        -1    7           0           0     -0.00000     -0.00000      0.81802      0.81802      0.00000
   10  !dbar!            21        -1    9           0           0      0.80984      1.74489     -0.58478      2.01058      0.00000
 ==================================================================================================================================
   11  (Delta+)          11      2214    5          15          16      0.18018     -0.12005     79.23378     79.24188      1.11260
   12  e-                 1        11    3           0           0     -0.80929     -1.74371     -8.59705      8.80935      0.00051
   13  (dbar)        A   12        -1   10          17          17      0.47843      1.53335     -0.79453      1.79202      0.00000
   14  (d)           V   11         1    5          17          17      0.15068      0.33041    170.15780    170.15851      0.33000
 ==================================================================================================================================
   15  n0                 1      2112   11           0           0      0.13622     -0.01865     63.49628     63.50338      0.93957
   16  pi+                1       211   11           0           0      0.04396     -0.10140     15.73750     15.73850      0.13957
   17  (string)          11        92   13          18          22      0.62911      1.86376    169.36327    171.95053     29.65124
   18  (omega)           11       223   17          23          25      0.80158      1.84026     -0.37526      2.18626      0.78092
   19  pi+                1       211   17           0           0      0.07295     -0.20677     17.57219     17.57411      0.13957
   20  pi-                1      -211   17           0           0     -0.69491     -0.31559     17.79291     17.80982      0.13957
   21  (pi0)             11       111   17          26          27      0.27634      0.41764    128.85840    128.85944      0.13498
   22  (pi0)             11       111   17          28          29      0.17315      0.12822      5.51504      5.52090      0.13498
   23  pi+                1       211   18           0           0      0.29425      0.60434     -0.06071      0.68918      0.13957
   24  pi-                1      -211   18           0           0      0.46185      0.80106     -0.42370      1.02665      0.13957
   25  (pi0)             11       111   18          30          31      0.04548      0.43486      0.10916      0.47043      0.13498
   26  gamma              1        22   21           0           0      0.00386      0.07213     26.41856     26.41866      0.00000
   27  gamma              1        22   21           0           0      0.27248      0.34550    102.43984    102.44079      0.00000
   28  gamma              1        22   22           0           0      0.11069      0.01496      3.45212      3.45393      0.00000
   29  gamma              1        22   22           0           0      0.06246      0.11326      2.06292      2.06697      0.00000
   30  gamma              1        22   25           0           0      0.06502      0.43270      0.10832      0.45076      0.00000
   31  gamma              1        22   25           0           0     -0.01953      0.00216      0.00084      0.01967      0.00000
 ==================================================================================================================================
                   sum charge:  0.00   sum momentum and inv. mass:     -0.00000     -0.00000    240.00000    260.00176    100.00458



                            Event listing (standard)

    I  particle/jet  K(I,1)   K(I,2) K(I,3)     K(I,4)      K(I,5)       P(I,1)       P(I,2)       P(I,3)       P(I,4)       P(I,5)

    1  !e-!              21        11    0           3           4      0.00000      0.00000    -10.00000     10.00000      0.00051
    2  !p+!              21      2212    0           5           0     -0.00000      0.00000    250.00000    250.00176      0.93827
 ==================================================================================================================================
    3  !e-!              21        11    1           0           0      2.19148      0.07448     -9.78260     10.02534      0.00051
    4  !gamma!           21        22    1           0           0     -2.19148     -0.07448     -0.21740     -0.02534     -2.20335
    5  !p+!              21      2212    2           0           0      0.00000      0.00000    250.00000    250.00176      0.93827
    6  !gamma!           21        22    4           0           0     -2.21155     -0.07516      0.01097      0.20479     -2.20335
    7  !ubar!            21        -2    5           0           0      0.00101      0.00003     12.51260     12.51260      0.00000
    8  !gamma!           21        22    6           0           0     -2.21155     -0.07516      0.01097      0.20479     -2.20335
    9  !ubar!            21        -2    7           0           0      0.00101      0.00003     12.51260     12.51260      0.00000
   10  !ubar!            21        -2    9           0           0     -2.21054     -0.07513     12.52357     12.71739      0.00000
 ==================================================================================================================================
   11  p+                 1      2212    5           0           0     -0.33760     -0.10718    146.11071    146.11415      0.93827
   12  e-                 1        11    3           0           0      2.19148      0.07448     -9.78260     10.02534      0.00051
   13  (ubar)        A   12        -2   10          15          15     -1.92944     -0.50136     10.46228     10.65051      0.00000
   14  (u)           V   11         2    5          15          15      0.07555      0.53405     93.20961     93.21176      0.33000
 ==================================================================================================================================
   15  (string)          11        92   13          16          21     -1.85388      0.03269    103.67189    103.86227      6.00597
   16  (rho-)            11      -213   15          22          23     -0.97202     -0.52655      7.66459      7.76919      0.62628
   17  pi+                1       211   15           0           0      0.19393      0.09587     16.67172     16.67371      0.13957
   18  pi-                1      -211   15           0           0     -0.92044      0.27083      8.22683      8.28377      0.13957
   19  (pi0)             11       111   15          24          25     -0.27861     -0.38136     19.69077     19.69690      0.13498
   20  (omega)           11       223   15          26          28      0.10945      0.25273     18.16207     18.18096      0.78134
   21  pi+                1       211   15           0           0      0.01380      0.32117     33.25590     33.25774      0.13957
   22  pi-                1      -211   16           0           0     -0.73516     -0.60802      6.45309      6.52472      0.13957
   23  (pi0)             11       111   16          29          30     -0.23686      0.08147      1.21151      1.24447      0.13498
   24  gamma              1        22   19           0           0     -0.00106     -0.07824      3.84889      3.84968      0.00000
   25  gamma              1        22   19           0           0     -0.27755     -0.30313     15.84188     15.84721      0.00000
   26  pi+                1       211   20           0           0      0.32091      0.12436      9.01169      9.01934      0.13957
   27  pi-                1      -211   20           0           0     -0.08048      0.19303      5.64738      5.65297      0.13957
   28  (pi0)             11       111   20          31          32     -0.13098     -0.06466      3.50301      3.50865      0.13498
   29  gamma              1        22   23           0           0     -0.03288      0.04819      0.11833      0.13193      0.00000
   30  gamma              1        22   23           0           0     -0.20398      0.03328      1.09318      1.11255      0.00000
   31  gamma              1        22   28           0           0     -0.07682     -0.10486      2.09762      2.10164      0.00000
   32  gamma              1        22   28           0           0     -0.05416      0.04020      1.40539      1.40701      0.00000
 ==================================================================================================================================
                   sum charge:  0.00   sum momentum and inv. mass:      0.00000      0.00000    240.00000    260.00176    100.00458



                            Event listing (standard)

    I  particle/jet  K(I,1)   K(I,2) K(I,3)     K(I,4)      K(I,5)       P(I,1)       P(I,2)       P(I,3)       P(I,4)       P(I,5)

    1  !e-!              21        11    0           3           4      0.00000      0.00000    -10.00000     10.00000      0.00051
    2  !p+!              21      2212    0           5           0     -0.00000      0.00000    250.00000    250.00176      0.93827
 ==================================================================================================================================
    3  !e-!              21        11    1           0           0     -0.98143     -0.24604     -9.84669      9.89854      0.00051
    4  !gamma!           21        22    1           0           0      0.98143      0.24604     -0.15331      0.10146     -1.01831
    5  !p+!              21      2212    2           0           0     -0.00000     -0.00000    250.00000    250.00176      0.93827
    6  !rho_diff0!       21   9900110    4           0           0      0.89731      0.32007     19.61899     19.87358      3.02437
    7  !p+!              21      2212    5           0           0      0.08412     -0.07404    230.22770    230.22964      0.93827
 ==================================================================================================================================
    8  (u)           A   12         2    6          13          13      0.82605      0.30209      1.75226      1.98820      0.33000
    9  (g)           I   12        21    6          13          13      0.00499     -0.00493     14.82454     14.82454      0.00000
   10  (ubar)        V   11        -2    6          13          13      0.06627      0.02291      3.04219      3.06084      0.33000
   11  p+                 1      2212    7           0           0      0.08412     -0.07404    230.22770    230.22964      0.93827
   12  e-                 1        11    3           0           0     -0.98143     -0.24604     -9.84669      9.89854      0.00051
 ==================================================================================================================================
   13  (string)          11        92    8          14          17      0.89731      0.32007     19.61899     19.87358      3.02437
   14  K+                 1       321   13           0           0      0.21015     -0.00072      3.45090      3.49235      0.49360
   15  (phi)             11       333   13          18          19      0.80612     -0.07925      6.44924      6.57894      1.01664
   16  K-                 1      -321   13           0           0     -0.21725      0.08327      6.33354      6.35700      0.49360
   17  (eta)             11       221   13          20          21      0.09829      0.31677      3.38531      3.44529      0.54745
   18  K_L0               1       130   15           0           0      0.38852     -0.13146      2.97677      3.04583      0.49767
   19  (K_S0)            11       310   15          22          23      0.41760      0.05221      3.47247      3.53311      0.49767
   20  gamma              1        22   17           0           0     -0.20273      0.10844      0.74343      0.77817      0.00000
   21  gamma              1        22   17           0           0      0.30102      0.20834      2.64187      2.66712      0.00000
   22  pi+                1       211   19           0           0     -0.00559     -0.09524      0.63721      0.65926      0.13957
   23  pi-                1      -211   19           0           0      0.42319      0.14745      2.83526      2.87385      0.13957
 ==================================================================================================================================
                   sum charge:  0.00   sum momentum and inv. mass:     -0.00000     -0.00000    240.00000    260.00176    100.00458



                            Event listing (standard)

    I  particle/jet  K(I,1)   K(I,2) K(I,3)     K(I,4)      K(I,5)       P(I,1)       P(I,2)       P(I,3)       P(I,4)       P(I,5)

    1  !e-!              21        11    0           3           4      0.00000      0.00000    -10.00000     10.00000      0.00051
    2  !p+!              21      2212    0           5           0     -0.00000      0.00000    250.00000    250.00176      0.93827
 ==================================================================================================================================
    3  !e-!              21        11    1           0           0      0.38911      0.14474     -1.56903      1.62302      0.00051
    4  !gamma!           21        22    1           0           0     -0.38911     -0.14474     -8.43097      8.37698     -1.03918
    5  !p+!              21      2212    2           0           0     -0.00000     -0.00000    250.00000    250.00176      0.93827
    6  !gamma!           21        22    4           0           0     -0.38915     -0.14475     -8.43185      8.37786     -1.03918
    7  !ubar!            21        -2    5           0           0      0.00000      0.00000      0.03212      0.03212      0.00000
    8  !gamma!           21        22    6           0           0     -0.38915     -0.14475     -8.43185      8.37786     -1.03918
    9  !ubar!            21        -2    7           0           0      0.00000      0.00000      0.03212      0.03212      0.00000
   10  !ubar!            21        -2    9           0           0     -0.38915     -0.14475     -8.39973      8.40998      0.00000
 ==================================================================================================================================
   11  (Delta++)         11      2224    5          16          17     -0.11759      0.17554    153.46981    153.47470      1.20705
   12  e-                 1        11    3           0           0      0.38911      0.14474     -1.56903      1.62302      0.00051
   13  (d)           A   12         1    5          18          18      0.11517      0.21396     96.43265     96.43352      0.33000
   14  (g)           I   12        21   10          18          18      0.37607      0.09410     -4.31384      4.33122      0.00000
   15  (ubar)        V   11        -2   10          18          18     -0.76275     -0.62834     -4.01960      4.13929      0.00000
 ==================================================================================================================================
   16  p+                 1      2212   11           0           0     -0.25998      0.24897    119.36704    119.37127      0.93827
   17  pi+                1       211   11           0           0      0.14238     -0.07343     34.10277     34.10343      0.13957
   18  (string)          11        92   13          19          27     -0.27151     -0.32028     88.09922    104.90404     56.94917
   19  (Delta-)          11      1114   18          28          29      0.16574      0.01657     52.84845     52.86352      1.25116
   20  (Sigma*bar+)      11     -3114   18          30          31     -0.14959      0.12177     39.28554     39.30973      1.36536
   21  (Kbar0)           11      -311   18          32          32     -0.37895     -0.08479      1.74017      1.85112      0.49767
   22  (rho0)            11       113   18          33          34      0.72557      0.38978      0.72269      1.41313      0.89233
   23  (rho-)            11      -213   18          35          36      0.32061      0.03958      0.77611      1.25189      0.92764
   24  pi+                1       211   18           0           0     -0.35589     -0.03641     -0.22511      0.44512      0.13957
   25  (eta)             11       221   18          37          39     -0.05963      0.15492     -0.34872      0.66997      0.54745
   26  (rho-)            11      -213   18          40          41      0.18209     -0.79564     -2.12047      2.40409      0.78552
   27  (rho0)            11       113   18          42          43     -0.72146     -0.12606     -4.57944      4.69546      0.73464
   28  n0                 1      2112   19           0           0      0.36886      0.04948     40.89184     40.90432      0.93957
   29  pi-                1      -211   19           0           0     -0.20311     -0.03291     11.95661     11.95920      0.13957
   30  (Lambdabar0)      11     -3122   20          44          45     -0.26138      0.06979     29.34286     29.36530      1.11568
   31  pi+                1       211   20           0           0      0.11179      0.05198      9.94269      9.94443      0.13957
   32  (K_S0)            11       310   21          46          47     -0.37895     -0.08479      1.74017      1.85112      0.49767
   33  pi+                1       211   22           0           0      0.66584      0.62283      0.64109      1.12327      0.13957
   34  pi-                1      -211   22           0           0      0.05973     -0.23305      0.08160      0.28986      0.13957
   35  pi-                1      -211   23           0           0     -0.22112      0.23189      0.47312      0.58821      0.13957
   36  (pi0)             11       111   23          48          49      0.54173     -0.19231      0.30298      0.66368      0.13498
   37  pi+                1       211   25           0           0      0.04841      0.11416     -0.16028      0.24606      0.13957
   38  pi-                1      -211   25           0           0     -0.04692     -0.09786     -0.09006      0.19841      0.13957
   39  (pi0)             11       111   25          50          51     -0.06113      0.13862     -0.09838      0.22550      0.13498
   40  pi-                1      -211   26           0           0     -0.05349     -0.65170     -0.77313      1.02215      0.13957
   41  (pi0)             11       111   26          52          53      0.23558     -0.14394     -1.34734      1.38194      0.13498
   42  pi+                1       211   27           0           0     -0.24539      0.19815     -2.77106      2.79244      0.13957
   43  pi-                1      -211   27           0           0     -0.47608     -0.32422     -1.80838      1.90302      0.13957
   44  pbar-              1     -2212   30           0           0     -0.29439      0.03478     23.51343     23.53401      0.93827
   45  pi+                1       211   30           0           0      0.03301      0.03500      5.82943      5.83130      0.13957
   46  pi+                1       211   32           0           0     -0.15368     -0.03518      0.20998      0.29737      0.13957
   47  pi-                1      -211   32           0           0     -0.22527     -0.04962      1.53018      1.55375      0.13957
   48  gamma              1        22   36           0           0      0.23751     -0.02279      0.15960      0.28706      0.00000
   49  gamma              1        22   36           0           0      0.30422     -0.16952      0.14338      0.37662      0.00000
   50  gamma              1        22   39           0           0     -0.01079      0.02903      0.03429      0.04621      0.00000
   51  gamma              1        22   39           0           0     -0.05034      0.10959     -0.13267      0.17929      0.00000
   52  gamma              1        22   41           0           0      0.01566     -0.05016     -0.11249      0.12415      0.00000
   53  gamma              1        22   41           0           0      0.21992     -0.09378     -1.23485      1.25779      0.00000
 ==================================================================================================================================
                   sum charge:  0.00   sum momentum and inv. mass:     -0.00000     -0.00000    240.00000    260.00176    100.00458



                            Event listing (standard)

    I  particle/jet  K(I,1)   K(I,2) K(I,3)     K(I,4)      K(I,5)       P(I,1)       P(I,2)       P(I,3)       P(I,4)       P(I,5)

    1  !e-!              21        11    0           3           4      0.00000      0.00000    -10.00000     10.00000      0.00051
    2  !p+!              21      2212    0           5           0     -0.00000      0.00000    250.00000    250.00176      0.93827
 ==================================================================================================================================
    3  !e-!              21        11    1           0           0     -1.25848      1.15009     -3.68573      4.06092      0.00051
    4  !gamma!           21        22    1           0           0      1.25848     -1.15009     -6.31427      5.93908     -2.73931
    5  !p+!              21      2212    2           0           0     -0.00000      0.00000    250.00000    250.00176      0.93827
    6  !gamma!           21        22    4           0           0      1.25866     -1.15025     -6.31509      5.94002     -2.73931
    7  !sbar!            21        -3    5           0           0     -0.00000      0.00000      0.30615      0.30615      0.00000
    8  !gamma!           21        22    6           0           0      1.25866     -1.15025     -6.31509      5.94002     -2.73931
    9  !sbar!            21        -3    7           0           0     -0.00000      0.00000      0.30615      0.30615      0.00000
   10  !sbar!            21        -3    9           0           0      1.25866     -1.15025     -6.00894      6.24617      0.00000
 ==================================================================================================================================
   11  (Lambda0)         11      3122    5          17          18     -0.11371      0.45124    186.79642    186.80033      1.11568
   12  e-                 1        11    3           0           0     -1.25848      1.15009     -3.68573      4.06092      0.00051
   13  (u)           A   12         2    5          19          19      0.17860     -0.12031     62.57796     62.57920      0.33000
   14  (g)           I   12        21   10          19          19      0.67893      0.18620     -0.61630      0.93565      0.00000
   15  (g)           I   12        21   10          19          19      0.78826     -0.99692     -1.43461      1.91659      0.00000
   16  (sbar)        V   11        -3   10          19          19     -0.27359     -0.67029     -3.63773      3.70907      0.00000
 ==================================================================================================================================
   17  n0                 1      2112   11           0           0     -0.08468      0.48800    169.02694    169.03028      0.93957
   18  (pi0)             11       111   11          28          29     -0.02903     -0.03676     17.76947     17.77005      0.13498
   19  (string)          11        92   13          20          27      1.37219     -1.60133     56.88931     69.14051     39.23735
   20  (eta')            11       331   19          30          31      0.17975      0.00498     48.77612     48.78585      0.95789
   21  pi+                1       211   19           0           0      0.16379     -0.13282      1.33293      1.35671      0.13957
   22  n0                 1      2112   19           0           0     -0.38036      0.23759      4.42902      4.54974      0.93957
   23  (Lambdabar0)      11     -3122   19          32          33      0.43598     -0.15452      4.02776      4.20494      1.11568
   24  (K*bar0)          11      -313   19          34          35     -0.30188     -0.00450      3.14247      3.28141      0.89519
   25  n0                 1      2112   19           0           0      0.47301     -0.08794      0.26287      1.08783      0.93957
   26  pbar-              1     -2212   19           0           0      0.63063     -0.92372     -1.33692      1.97956      0.93827
   27  (K*+)             11       323   19          36          37      0.17127     -0.54041     -3.74494      3.89447      0.90605
   28  gamma              1        22   18           0           0     -0.07435     -0.03674      7.20660      7.20707      0.00000
   29  gamma              1        22   18           0           0      0.04532     -0.00002     10.56288     10.56297      0.00000
   30  gamma              1        22   20           0           0      0.12319      0.04929     10.78283     10.78364      0.00000
   31  (rho0)            11       113   20          38          39      0.05656     -0.04431     37.99329     38.00221      0.82019
   32  pbar-              1     -2212   23           0           0      0.43318     -0.07629      3.66013      3.80400      0.93827
   33  pi+                1       211   23           0           0      0.00280     -0.07824      0.36763      0.40095      0.13957
   34  K-                 1      -321   24           0           0     -0.01404     -0.22942      2.04911      2.12022      0.49360
   35  pi+                1       211   24           0           0     -0.28784      0.22493      1.09336      1.16119      0.13957
   36  (K0)              11       311   27          40          40     -0.10959     -0.22557     -2.73319      2.78942      0.49767
   37  pi+                1       211   27           0           0      0.28085     -0.31484     -1.01176      1.10505      0.13957
   38  pi-                1      -211   31           0           0      0.41176     -0.00405     18.12339     18.12860      0.13957
   39  pi+                1       211   31           0           0     -0.35519     -0.04027     19.86990     19.87361      0.13957
   40  K_L0               1       130   36           0           0     -0.10959     -0.22557     -2.73319      2.78942      0.49767
 ==================================================================================================================================
                   sum charge:  0.00   sum momentum and inv. mass:      0.00000      0.00000    240.00000    260.00176    100.00458

 Advisory warning: maximum violated by  1.165D+00 in event     326
 XSEC(96,1) increased to  1.692D-02

 Advisory warning: maximum violated by  1.377D+00 in event     511
 XSEC(96,1) increased to  2.329D-02

 Advisory warning: maximum violated by  1.282D+00 in event    2675
 XSEC(96,1) increased to  2.987D-02

 Advisory warning: maximum violated by  1.012D+00 in event   13725
 XSEC(96,1) increased to  3.024D-02

 Advisory warning: maximum violated by  1.009D+00 in event   50154
 XSEC(96,1) increased to  3.050D-02

 Advisory warning: maximum violated by  1.217D+00 in event   53781
 XSEC(96,1) increased to  3.713D-02

 Advisory warning: maximum violated by  1.106D+00 in event   61186
 XSEC(96,1) increased to  4.105D-02
1********* PYSTAT:  Statistics on Number of Events and Cross-sections *********

 ==============================================================================
 I                                  I                            I            I
 I            Subprocess            I      Number of points      I    Sigma   I
 I                                  I                            I            I
 I----------------------------------I----------------------------I    (mb)    I
 I                                  I                            I            I
 I N:o Type                         I    Generated         Tried I            I
 I                                  I                            I            I
 ==============================================================================
 I                                  I                            I            I
 I   0 All included subprocesses    I       500000      11776003 I  7.088D-04 I
 I  11 f + f' -> f + f' (QCD)       I        12833             0 I  1.261D-05 I
 I  12 f + fbar -> f' + fbar'       I          293             0 I  2.727D-07 I
 I  13 f + fbar -> g + g            I          304             0 I  2.906D-07 I
 I  28 f + g -> f + g               I        32834             0 I  3.216D-05 I
 I  53 g + g -> f + fbar            I          380             0 I  3.115D-07 I
 I  68 g + g -> g + g               I        14780             0 I  1.195D-05 I
 I  91 Elastic scattering           I        27999        423820 I  3.780D-05 I
 I  92 Single diffractive (XB)      I        14193        310188 I  1.950D-05 I
 I  93 Single diffractive (AX)      I        11362        251111 I  1.564D-05 I
 I  94 Double  diffractive          I         7776        260522 I  1.029D-05 I
 I  95 Low-pT scattering            I        42147        122157 I  1.071D-04 I
 I  99 q + gamma* -> q              I       305551       1745065 I  4.204D-04 I
 I 131 f + gamma*_T -> f + g        I         9273        133724 I  1.256D-05 I
 I 132 f + gamma*_L -> f + g        I          467          6948 I  6.639D-07 I
 I 135 g + gamma*_T -> f + fbar     I        16294        413557 I  2.236D-05 I
 I 136 g + gamma*_L -> f + fbar     I         3514         67385 I  4.794D-06 I
 I                                  I                            I            I
 ==============================================================================
 I                                  I                            I            I
 I   1 VMD * hadron                 I        86792       5757788 I  1.362D-04 I
 I   2 direct * hadron              I        29548        621614 I  4.038D-05 I
 I   3 anomalous * hadron           I        78109       3651536 I  1.118D-04 I
 I   4 DIS * hadron                 I       305551       1745065 I  4.204D-04 I
 I                                  I                            I            I
 ==============================================================================

 ********* Total number of errors, excluding junctions =        0 *************
 ********* Total number of errors, including junctions =        0 *************
 ********* Total number of warnings =                           0 *************
 ********* Fraction of events that fail fragmentation cuts =  0.03189 *********

1************ PYSTAT: User-Defined Limits on Kinematical Variables ************

 ==============================================================================
 I                                                                            I
 I                 0.000D+00 <  m_hard (GeV/c^2)  <  3.211D+01                I
 I    0.000D+00 ( 1.000D+00) <  p_T_hard (GeV/c)  <  1.605D+01                I
 I                             m_finite (GeV/c^2) =  1.000D+00                I
 I                -1.000D+01 <    y*_subsystem    <  1.000D+01                I
 I                -4.000D+01 <      y*_large      <  4.000D+01                I
 I                -4.000D+01 <      y*_small      <  4.000D+01                I
 I                -4.000D+01 <     eta*_large     <  4.000D+01                I
 I                -4.000D+01 <     eta*_small     <  4.000D+01                I
 I                -1.000D+00 < cos(theta*)_large  <  1.000D+00                I
 I                -1.000D+00 < cos(theta*)_small  <  1.000D+00                I
 I                 0.000D+00 <        x_1         <  1.000D+00                I
 I                 0.000D+00 <        x_2         <  1.000D+00                I
 I                -1.000D+00 <        x_F         <  1.000D+00                I
 I                -1.000D+00 <  cos(theta_hard)   <  1.000D+00                I
 I                 2.000D+00 < m'_hard (GeV/c^2)  <  3.211D+01                I
 I                                                                            I
 ==============================================================================
 The charm mass used is:    1.5000000000000000     
 ===================================================
 Pythia total cross section normalisation:  0.70875608838809223       microbarn
 Total Number of generated events      500000
 Total Number of trials      500000
 ===================================================

 ===== PDFSTA statistics for PDF under/over-flows ====

 ====== STRUCTM statistics for nucleon/pion PDFs =====

   total # of calls    10811846.000000000     
   X  below PDF min    0.0000000000000000       or    0.0000000000000000       %
   X  above PDF max    0.0000000000000000       or    0.0000000000000000       %
   Q2 below PDF min    0.0000000000000000       or    0.0000000000000000       %
   Q2 above PDF max    0.0000000000000000       or    0.0000000000000000       %

 ========= STRUCTP statistics for photon PDFs ========

   total # of calls    0.0000000000000000     

