1                                                                              
 ******************************************************************************
 ******************************************************************************
 **                                                                          **
 **                                                                          **
 **              *......*                  Welcome to the Lund Monte Carlo!  **
 **         *:::!!:::::::::::*                                               **
 **      *::::::!!::::::::::::::*          PPP  Y   Y TTTTT H   H III   A    **
 **    *::::::::!!::::::::::::::::*        P  P  Y Y    T   H   H  I   A A   **
 **   *:::::::::!!:::::::::::::::::*       PPP    Y     T   HHHHH  I  AAAAA  **
 **   *:::::::::!!:::::::::::::::::*       P      Y     T   H   H  I  A   A  **
 **    *::::::::!!::::::::::::::::*!       P      Y     T   H   H III A   A  **
 **      *::::::!!::::::::::::::* !!                                         **
 **      !! *:::!!:::::::::::*    !!       This is PYTHIA version 6.428      **
 **      !!     !* -><- *         !!       Last date of change:  5 Sep 2013  **
 **      !!     !!                !!                                         **
 **      !!     !!                !!       Now is  0 Jan 2000 at  0:00:00    **
 **      !!                       !!                                         **
 **      !!        lh             !!       Disclaimer: this program comes    **
 **      !!                       !!       without any guarantees. Beware    **
 **      !!                 hh    !!       of errors and use common sense    **
 **      !!    ll                 !!       when interpreting results.        **
 **      !!                       !!                                         **
 **      !!                                Copyright T. Sjostrand (2011)     **
 **                                                                          **
 ** An archive of program versions and documentation is found on the web:    **
 ** http://www.thep.lu.se/~torbjorn/Pythia.html                              **
 **                                                                          **
 ** When you cite this program, the official reference is to the 6.4 manual: **
 ** T. Sjostrand, S. Mrenna and P. Skands, JHEP05 (2006) 026                 **
 ** (LU TP 06-13, FERMILAB-PUB-06-052-CD-T) [hep-ph/0603175].                **
 **                                                                          **
 ** Also remember that the program, to a large extent, represents original   **
 ** physics research. Other publications of special relevance to your        **
 ** studies may therefore deserve separate mention.                          **
 **                                                                          **
 ** Main author: Torbjorn Sjostrand; Department of Theoretical Physics,      **
 **   Lund University, Solvegatan 14A, S-223 62 Lund, Sweden;                **
 **   phone: + 46 - 46 - 222 48 16; e-mail: torbjorn@thep.lu.se              **
 ** Author: Stephen Mrenna; Computing Division, GDS Group,                   **
 **   Fermi National Accelerator Laboratory, MS 234, Batavia, IL 60510, USA; **
 **   phone: + 1 - 630 - 840 - 2556; e-mail: mrenna@fnal.gov                 **
 ** Author: Peter Skands; CERN/PH-TH, CH-1211 Geneva, Switzerland            **
 **   phone: + 41 - 22 - 767 24 47; e-mail: peter.skands@cern.ch             **
 **                                                                          **
 **                                                                          **
 ******************************************************************************
 ******************************************************************************
     MSEL           changed from              1 to              2
     MSTP(14)       changed from             30 to             30
     MSTP(15)       changed from              0 to              0
     MSTP(16)       changed from              1 to              1
     MSTP(17)       changed from              4 to              4
     MSTP(18)       changed from              3 to              3
     MSTP(19)       changed from              4 to              1
     MSTP(20)       changed from              3 to              0
     MSTP(32)       changed from              8 to              8
     MSTP(38)       changed from              5 to              4
     MSTP(51)       changed from              7 to          10050
     MSTP(52)       changed from              1 to              2
     MSTP(53)       changed from              3 to              3
     MSTP(54)       changed from              1 to              1
     MSTP(55)       changed from              5 to              5
     MSTP(56)       changed from              1 to              1
     MSTP(57)       changed from              1 to              1
     MSTP(58)       changed from              5 to              5
     MSTP(59)       changed from              1 to              1
     MSTP(60)       changed from              7 to              7
     MSTP(61)       changed from              2 to              2
     MSTP(71)       changed from              1 to              1
     MSTP(81)       changed from              1 to              0
     MSTP(82)       changed from              4 to              1
     MSTP(91)       changed from              1 to              1
     MSTP(92)       changed from              3 to              3
     MSTP(93)       changed from              1 to              1
     MSTP(101)      changed from              3 to              3
     MSTP(102)      changed from              1 to              1
     MSTP(111)      changed from              1 to              1
     MSTP(121)      changed from              0 to              0
     PARP(13)       changed from        1.00000 to        1.00000
     PARP(18)       changed from        0.40000 to        0.40000
     PARP(81)       changed from        1.90000 to        1.90000
     PARP(89)       changed from     1800.00000 to     1800.00000
     PARP(90)       changed from        0.25000 to        0.16000
     PARP(91)       changed from        2.00000 to        0.40000
     PARP(93)       changed from        5.00000 to        5.00000
     PARP(99)       changed from        1.00000 to        0.40000
     PARP(100)      changed from        5.00000 to        5.00000
     PARP(102)      changed from        0.28000 to        0.28000
     PARP(103)      changed from        1.00000 to        1.00000
     PARP(104)      changed from        0.80000 to        0.80000
     PARP(111)      changed from        2.00000 to        2.00000
     PARP(161)      changed from        2.20000 to        3.00000
     PARP(162)      changed from       23.60000 to       24.60000
     PARP(163)      changed from       18.40000 to       18.80000
     PARP(164)      changed from       11.50000 to       11.50000
     PARP(165)      changed from        0.50000 to        0.47679
     PARP(166)      changed from        0.00000 to        0.67597
     PARJ(1)        changed from        0.10000 to        0.10000
     PARJ(2)        changed from        0.30000 to        0.30000
     PARJ(11)       changed from        0.50000 to        0.50000
     PARJ(12)       changed from        0.60000 to        0.60000
     PARJ(21)       changed from        0.36000 to        0.40000
     PARJ(32)       changed from        1.00000 to        1.00000
     PARJ(33)       changed from        0.80000 to        0.80000
     PARJ(41)       changed from        0.30000 to        0.30000
     PARJ(42)       changed from        0.58000 to        0.58000
     PARJ(45)       changed from        0.50000 to        0.50000
     MSTJ(1)        changed from              1 to              1
     MSTJ(12)       changed from              2 to              1
     MSTJ(45)       changed from              5 to              5
     MSTU(112)      changed from              5 to              5
     MSTU(113)      changed from              3 to              5
     MSTU(114)      changed from              5 to              5
     CKIN(1)        changed from        2.00000 to        1.00000
     CKIN(2)        changed from       -1.00000 to       -1.00000
     CKIN(3)        changed from        0.00000 to        0.00000
     CKIN(4)        changed from       -1.00000 to       -1.00000
     CKIN(5)        changed from        1.00000 to        1.00000
     CKIN(6)        changed from        1.00000 to        1.00000
     CKIN(7)        changed from      -10.00000 to      -10.00000
     CKIN(8)        changed from       10.00000 to       10.00000
     CKIN(9)        changed from      -40.00000 to      -40.00000
     CKIN(10)       changed from       40.00000 to       40.00000
     CKIN(11)       changed from      -40.00000 to      -40.00000
     CKIN(12)       changed from       40.00000 to       40.00000
     CKIN(13)       changed from      -40.00000 to      -40.00000
     CKIN(14)       changed from       40.00000 to       40.00000
     CKIN(15)       changed from      -40.00000 to      -40.00000
     CKIN(16)       changed from       40.00000 to       40.00000
     CKIN(17)       changed from       -1.00000 to       -1.00000
     CKIN(18)       changed from        1.00000 to        1.00000
     CKIN(19)       changed from       -1.00000 to       -1.00000
     CKIN(20)       changed from        1.00000 to        1.00000
     CKIN(21)       changed from        0.00000 to        0.00000
     CKIN(22)       changed from        1.00000 to        1.00000
     CKIN(23)       changed from        0.00000 to        0.00000
     CKIN(24)       changed from        1.00000 to        1.00000
     CKIN(25)       changed from       -1.00000 to       -1.00000
     CKIN(26)       changed from        1.00000 to        1.00000
     CKIN(27)       changed from       -1.00000 to       -1.00000
     CKIN(28)       changed from        1.00000 to        1.00000
     CKIN(31)       changed from        2.00000 to        2.00000
     CKIN(32)       changed from       -1.00000 to       -1.00000
     CKIN(35)       changed from        0.00000 to        0.00000
     CKIN(36)       changed from       -1.00000 to       -1.00000
     CKIN(37)       changed from        0.00000 to        0.00000
     CKIN(38)       changed from       -1.00000 to       -1.00000
     CKIN(39)       changed from        4.00000 to        4.00000
     CKIN(40)       changed from       -1.00000 to       -1.00000
     CKIN(65)       changed from        0.00000 to        0.00000
     CKIN(66)       changed from       -1.00000 to       -1.00000
     CKIN(67)       changed from        0.00000 to        0.00000
     CKIN(68)       changed from       -1.00000 to       -1.00000
     CKIN(77)       changed from        2.00000 to        2.00000
     CKIN(78)       changed from       -1.00000 to       -1.00000
 *********************************************
 NOW all parameters are read by PYTHIA
 *********************************************
 SEED =    647413862
 RANLUX LUXURY LEVEL SET BY RLUXGO : 4     P= 389
 RANLUX INITIALIZED BY RLUXGO FROM SEEDS   647413862           0           0
   2771.0935550343875        10.000000000000000       -2771.0935550343875       -10.0000000    
 *********************************************
 proton beam momentum:   130.000000     GeV
 lepton beam momentum:   10.0000000     GeV
 resulting sqrt(s):   72.117599099066553      GeV
 *********************************************
1****************** PYINIT: initialization of PYTHIA routines *****************
 ==== PYTHIA WILL USE LHAPDF ====
 *************************************
 *       LHAPDF Version 5.9.1        *
 *   Configured for the following:   *
 *             All PDFs              *
 *         FULL MEMORY option        *
 *    Maximum  3 concurrent set(s)   *
 *************************************

 >>>>>> PDF description: <<<<<<
 CTEQ6M                                                          
 Reference:                                                      
 J. Pumplin, D.R. Stump, J. Huston, H.L. Lai, P. Nadolsky,       
 W.K. Tung                                                       
 hep-ph/0201195                                                  
 This set has 41 member PDFs.                                    
     mem=0 --> central value (cteq6m)                            
     mem=1-40 --> 20 sets of +ve/-ve error values                
 >>>>>>                   <<<<<<

 ==============================================
 PDFset name /cvmfs/sft.cern.ch/lcg/external/lhapdfsets/5.9.1/share/PDFsets/cteq6mE.LHgrid   
 with         40 members
 ====  initialized. ===========================
 Strong coupling at Mz for PDF is:  0.11798

 ==============================================================================
 I                                                                            I
 I      PYTHIA will be initialized for gamma/e- on p+ user configuration      I
 I                                                                            I
 I                  px (GeV/c)   py (GeV/c)   pz (GeV/c)      E (GeV)         I
 I        gamma/e-       0.000        0.000      -10.000       10.000         I
 I        p+             0.000        0.000      130.000      130.003         I
 I                                                                            I
 I           corresponding to     72.118 GeV center-of-mass energy            I
 I                                                                            I
 ==============================================================================

 ******** PYMAXI: summary of differential cross-section maximum search ********

           ==========================================================
           I                                      I                 I
           I  ISUB  Subprocess name               I  Maximum value  I
           I                                      I                 I
           ==========================================================
           I                                      I                 I
           I   91   Elastic scattering            I    4.1710D-04   I
           I   92   Single diffractive (XB)       I    3.1940D-04   I
           I   93   Single diffractive (AX)       I    2.6141D-04   I
           I   94   Double  diffractive           I    2.4494D-04   I
           I   95   Low-pT scattering             I    1.9207D-03   I
           I   96   Semihard QCD 2 -> 2           I    1.7479D-02   I
           I                                      I                 I
           ==========================================================

 ******** PYMAXI: summary of differential cross-section maximum search ********

           ==========================================================
           I                                      I                 I
           I  ISUB  Subprocess name               I  Maximum value  I
           I                                      I                 I
           ==========================================================
           I                                      I                 I
           I  131   f + gamma*_T -> f + g         I    1.9221D-04   I
           I  132   f + gamma*_L -> f + g         I    9.2718D-06   I
           I  135   g + gamma*_T -> f + fbar      I    5.4466D-04   I
           I  136   g + gamma*_L -> f + fbar      I    8.8198D-05   I
           I                                      I                 I
           ==========================================================

 ******** PYMAXI: summary of differential cross-section maximum search ********

           ==========================================================
           I                                      I                 I
           I  ISUB  Subprocess name               I  Maximum value  I
           I                                      I                 I
           ==========================================================
           I                                      I                 I
           I   91   Elastic scattering            I    1.0588D-04   I
           I   92   Single diffractive (XB)       I    8.2750D-05   I
           I   93   Single diffractive (AX)       I    6.5818D-05   I
           I   94   Double  diffractive           I    6.3002D-05   I
           I   95   Low-pT scattering             I    5.2345D-04   I
           I   96   Semihard QCD 2 -> 2           I    1.1588D-02   I
           I                                      I                 I
           ==========================================================

 ******** PYMAXI: summary of differential cross-section maximum search ********

           ==========================================================
           I                                      I                 I
           I  ISUB  Subprocess name               I  Maximum value  I
           I                                      I                 I
           ==========================================================
           I                                      I                 I
           I   99   q + gamma* -> q               I    1.9857D-03   I
           I                                      I                 I
           ==========================================================

 ********************** PYINIT: initialization completed **********************
 the outputfile will be named: outfiles/ep_10x130_Q2_1000_10000_norad.out                                                                                                                                                                                                                      



                            Event listing (standard)

    I  particle/jet  K(I,1)   K(I,2) K(I,3)     K(I,4)      K(I,5)       P(I,1)       P(I,2)       P(I,3)       P(I,4)       P(I,5)

    1  !e-!              21        11    0           3           4      0.00000      0.00000    -10.00000     10.00000      0.00051
    2  !p+!              21      2212    0           5           0     -0.00000      0.00000    130.00000    130.00339      0.93827
 ==================================================================================================================================
    3  !e-!              21        11    1           0           0      5.73593    -16.75259     35.72199     39.86992      0.00051
    4  !gamma!           21        22    1           0           0     -5.73593     16.75259    -45.72199    -29.86992    -38.88236
    5  !p+!              21      2212    2           0           0     -0.00000      0.00000    130.00000    130.00339      0.93827
    6  !gamma!           21        22    4           0           0     -5.73715     16.75617    -45.71138    -29.85593    -38.88236
    7  !u!               21         2    5           0           0      0.00045     -0.00131     47.67410     47.67410      0.00000
    8  !gamma!           21        22    6           0           0     -5.73715     16.75617    -45.71138    -29.85593    -38.88236
    9  !u!               21         2    7           0           0      0.00045     -0.00131     47.67410     47.67410      0.00000
   10  !u!               21         2    9           0           0     -5.73670     16.75486      1.96272     17.81817      0.00000
 ==================================================================================================================================
   11  e-                 1        11    3           0           0      5.73593    -16.75259     35.72199     39.86992      0.00051
   12  (ud_0)        A   12      2101    5          16          16      0.16789      0.44665     80.20449     80.20800      0.57933
   13  (g)           I   12        21   10          16          16     -0.00951      1.47210      0.68885      1.62533      0.00000
   14  (g)           I   12        21   10          16          16      2.02939      2.95590     -0.15771      3.58896      0.00000
   15  (u)           V   11         2   10          16          16     -7.92370     11.87794      3.54238     14.71118      0.00000
 ==================================================================================================================================
   16  (string)          11        92   12          17          26     -5.73593     16.75259     84.27801    100.13347     51.09185
   17  n0                 1      2112   16           0           0      0.27137      0.23315     40.87776     40.89012      0.93957
   18  (K*bar0)          11      -313   16          27          28     -0.09502      0.20771     36.61394     36.62682      0.94426
   19  (K*+)             11       323   16          29          30      0.14844      1.21751      2.67767      3.08159      0.90657
   20  K-                 1      -321   16           0           0     -0.02702     -0.25726      0.22847      0.60229      0.49360
   21  (Sigmabar-)       11     -3222   16          31          32      0.86161      2.43702      0.35820      2.86781      1.18937
   22  (Delta++)         11      2224   16          33          34      0.02399      1.53581      0.55982      2.04018      1.22051
   23  pi-                1      -211   16           0           0     -0.73385      0.77747     -0.04247      1.07902      0.13957
   24  (rho+)            11       213   16          35          36     -0.46224      1.72233      0.22604      1.90442      0.62900
   25  (pi0)             11       111   16          37          38     -4.22677      6.88603      2.57640      8.48169      0.13498
   26  (eta)             11       221   16          39          41     -1.49642      1.99282      0.20218      2.55953      0.54745
   27  K-                 1      -321   18           0           0     -0.36909      0.15740     20.48002     20.48989      0.49360
   28  pi+                1       211   18           0           0      0.27407      0.05031     16.13392     16.13693      0.13957
   29  (K0)              11       311   19          42          42      0.19903      1.23040      2.56456      2.89450      0.49767
   30  pi+                1       211   19           0           0     -0.05059     -0.01289      0.11311      0.18708      0.13957
   31  pbar-              1     -2212   21           0           0      0.82116      2.05393      0.46167      2.44671      0.93827
   32  (pi0)             11       111   21          43          44      0.04046      0.38309     -0.10348      0.42109      0.13498
   33  p+                 1      2212   22           0           0      0.13695      1.42576      0.62014      1.82112      0.93827
   34  pi+                1       211   22           0           0     -0.11295      0.11005     -0.06032      0.21906      0.13957
   35  pi+                1       211   24           0           0     -0.29470      1.34494      0.39364      1.43880      0.13957
   36  (pi0)             11       111   24          45          46     -0.16754      0.37739     -0.16760      0.46562      0.13498
   37  gamma              1        22   25           0           0     -2.72508      4.48248      1.60925      5.48711      0.00000
   38  gamma              1        22   25           0           0     -1.50169      2.40355      0.96716      2.99458      0.00000
   39  pi-                1      -211   26           0           0     -0.81160      1.26748      0.05385      1.51248      0.13957
   40  pi+                1       211   26           0           0     -0.42368      0.43140      0.07806      0.62544      0.13957
   41  (pi0)             11       111   26          47          48     -0.26114      0.29394      0.07027      0.42161      0.13498
   42  (K_S0)            11       310   29          49          50      0.19903      1.23040      2.56456      2.89450      0.49767
   43  gamma              1        22   32           0           0     -0.04401      0.06868     -0.03303      0.08801      0.00000
   44  gamma              1        22   32           0           0      0.08447      0.31440     -0.07045      0.33309      0.00000
   45  gamma              1        22   36           0           0     -0.05011      0.01397     -0.02725      0.05873      0.00000
   46  gamma              1        22   36           0           0     -0.11743      0.36342     -0.14035      0.40689      0.00000
   47  gamma              1        22   41           0           0     -0.16347      0.26920      0.05190      0.31919      0.00000
   48  gamma              1        22   41           0           0     -0.09767      0.02475      0.01837      0.10242      0.00000
   49  pi+                1       211   42           0           0      0.06145      0.36672      0.44000      0.59274      0.13957
   50  pi-                1      -211   42           0           0      0.13758      0.86368      2.12457      2.30177      0.13957
 ==================================================================================================================================
                   sum charge:  0.00   sum momentum and inv. mass:      0.00000     -0.00000    120.00000    140.00339     72.11760



                            Event listing (standard)

    I  particle/jet  K(I,1)   K(I,2) K(I,3)     K(I,4)      K(I,5)       P(I,1)       P(I,2)       P(I,3)       P(I,4)       P(I,5)

    1  !e-!              21        11    0           3           4      0.00000      0.00000    -10.00000     10.00000      0.00051
    2  !p+!              21      2212    0           5           0     -0.00000      0.00000    130.00000    130.00339      0.93827
 ==================================================================================================================================
    3  !e-!              21        11    1           0           0    -15.26100     -2.47359     29.04010     32.89900      0.00051
    4  !gamma!           21        22    1           0           0     15.26100      2.47359    -39.04010    -22.89900    -35.19633
    5  !p+!              21      2212    2           0           0     -0.00000     -0.00000    130.00000    130.00339      0.93827
    6  !gamma!           21        22    4           0           0     15.26420      2.47411    -39.03219    -22.88771    -35.19633
    7  !d!               21         1    5           0           0     -0.00094     -0.00015     38.36457     38.36457      0.00000
    8  !gamma!           21        22    6           0           0     15.26420      2.47411    -39.03219    -22.88771    -35.19633
    9  !d!               21         1    7           0           0     -0.00094     -0.00015     38.36457     38.36457      0.00000
   10  !d!               21         1    9           0           0     15.26326      2.47396     -0.66762     15.47686      0.00000
 ==================================================================================================================================
   11  e-                 1        11    3           0           0    -15.26100     -2.47359     29.04010     32.89900      0.00051
   12  (uu_1)        A   12      2203    5          16          16     -0.16465      0.39839     89.73825     89.74260      0.77133
   13  (g)           I   12        21   10          16          16      2.56147      0.93836      3.00848      4.06111      0.00000
   14  (g)           I   12        21   10          16          16      0.06717     -0.23367     -0.23349      0.33709      0.00000
   15  (d)           V   11         1   10          16          16     12.79701      1.37051     -1.55334     12.96359      0.00000
 ==================================================================================================================================
   16  (string)          11        92   12          17          25     15.26100      2.47359     90.95990    107.10439     54.39328
   17  (Delta+)          11      2214   16          26          27     -0.49118      0.33224     52.81452     52.83338      1.28109
   18  (eta)             11       221   16          28          29      1.03928      0.12250     25.90307     25.92998      0.54745
   19  (eta')            11       331   16          30          31     -0.52663     -0.30832      5.61797      5.73155      0.95743
   20  (rho+)            11       213   16          32          33      0.60176      0.27975      6.39438      6.45501      0.58195
   21  K-                 1      -321   16           0           0      0.04830      0.44604      0.48955      0.82740      0.49360
   22  (K*0)             11       313   16          34          35      3.81183      0.14380      0.29262      3.92270      0.86673
   23  nbar0              1     -2112   16           0           0      1.61794      0.64684      0.53427      2.05046      0.93957
   24  n0                 1      2112   16           0           0      6.50766      0.70327     -0.49422      6.63108      0.93957
   25  (pi0)             11       111   16          36          37      2.65204      0.10746     -0.59224      2.72284      0.13498
   26  p+                 1      2212   17           0           0     -0.13209      0.12136     39.94179     39.95321      0.93827
   27  (pi0)             11       111   17          38          39     -0.35909      0.21088     12.87273     12.88017      0.13498
   28  gamma              1        22   18           0           0      0.52512      0.33346     12.72247     12.73767      0.00000
   29  gamma              1        22   18           0           0      0.51415     -0.21096     13.18060     13.19231      0.00000
   30  gamma              1        22   19           0           0     -0.71605     -0.00038      4.49896      4.55559      0.00000
   31  gamma              1        22   19           0           0      0.18942     -0.30794      1.11901      1.17596      0.00000
   32  pi+                1       211   20           0           0      0.39994      0.24553      5.65234      5.67350      0.13957
   33  (pi0)             11       111   20          40          41      0.20183      0.03422      0.74204      0.78150      0.13498
   34  K+                 1       321   22           0           0      2.63901     -0.06311      0.41498      2.71739      0.49360
   35  pi-                1      -211   22           0           0      1.17281      0.20691     -0.12237      1.20530      0.13957
   36  gamma              1        22   25           0           0      1.78909      0.02895     -0.35179      1.82357      0.00000
   37  gamma              1        22   25           0           0      0.86296      0.07851     -0.24045      0.89927      0.00000
   38  gamma              1        22   27           0           0     -0.27850      0.22067     10.83530     10.84112      0.00000
   39  gamma              1        22   27           0           0     -0.08059     -0.00979      2.03743      2.03904      0.00000
   40  gamma              1        22   33           0           0      0.02828      0.03045      0.35371      0.35614      0.00000
   41  gamma              1        22   33           0           0      0.17354      0.00377      0.38833      0.42536      0.00000
 ==================================================================================================================================
                   sum charge:  0.00   sum momentum and inv. mass:     -0.00000     -0.00000    120.00000    140.00339     72.11760



                            Event listing (standard)

    I  particle/jet  K(I,1)   K(I,2) K(I,3)     K(I,4)      K(I,5)       P(I,1)       P(I,2)       P(I,3)       P(I,4)       P(I,5)

    1  !e-!              21        11    0           3           4      0.00000      0.00000    -10.00000     10.00000      0.00051
    2  !p+!              21      2212    0           5           0     -0.00000      0.00000    130.00000    130.00339      0.93827
 ==================================================================================================================================
    3  !e-!              21        11    1           0           0     15.33652     -9.86485     22.34015     28.83759      0.00051
    4  !gamma!           21        22    1           0           0    -15.33652      9.86485    -32.34015    -18.83759    -31.99304
    5  !p+!              21      2212    2           0           0     -0.00000      0.00000    130.00000    130.00339      0.93827
    6  !gamma!           21        22    4           0           0    -15.34036      9.86732    -32.32926    -18.82331    -31.99304
    7  !u!               21         2    5           0           0      0.00112     -0.00072     37.89093     37.89093      0.00000
    8  !gamma!           21        22    6           0           0    -15.34036      9.86732    -32.32926    -18.82331    -31.99304
    9  !u!               21         2    7           0           0      0.00112     -0.00072     37.89093     37.89093      0.00000
   10  !u!               21         2    9           0           0    -15.33924      9.86660      5.56168     19.06763      0.00000
 ==================================================================================================================================
   11  e-                 1        11    3           0           0     15.33652     -9.86485     22.34015     28.83759      0.00051
   12  (ud_1)        A   12      2103    5          16          16      0.53713      0.16389     89.39814     89.40323      0.77133
   13  (g)           I   12        21   10          16          16      0.59375      0.18000      1.08648      1.25115      0.00000
   14  (g)           I   12        21   10          16          16     -5.53888      1.76555      2.06145      6.16814      0.00000
   15  (u)           V   11         2   10          16          16    -10.92853      7.75541      5.11379     14.34329      0.00000
 ==================================================================================================================================
   16  (string)          11        92   12          17          27    -15.33652      9.86485     97.65985    111.16580     49.87850
   17  (Delta0)          11      2114   16          28          29      0.66552     -0.12375     63.99995     64.01368      1.13981
   18  (rho+)            11       213   16          30          31      0.52190      0.44874     13.89683     13.93575      0.78071
   19  (omega)           11       223   16          32          34     -0.00544     -0.39407      6.25417      6.31613      0.78963
   20  pi-                1      -211   16           0           0     -0.59731      0.12833      4.53038      4.57352      0.13957
   21  (rho0)            11       113   16          35          36     -0.67907      0.21954      1.67735      1.93604      0.65224
   22  (Kbar0)           11      -311   16          37          37     -0.22087      0.54129      0.70212      1.04039      0.49767
   23  (K0)              11       311   16          38          38     -3.30878      2.04392      1.86757      4.34294      0.49767
   24  (K*bar0)          11      -313   16          39          40     -3.19192      1.65606      0.29273      3.72768      0.93754
   25  (K*0)             11       313   16          41          42     -2.28412      2.20394      1.48799      3.61954      0.90134
   26  (rho0)            11       113   16          43          44     -5.05323      2.25142      2.21243      6.00011      0.70890
   27  pi+                1       211   16           0           0     -1.18320      0.88943      0.73833      1.66002      0.13957
   28  n0                 1      2112   17           0           0      0.53886     -0.15547     59.10311     59.11324      0.93957
   29  (pi0)             11       111   17          45          46      0.12666      0.03172      4.89683      4.90043      0.13498
   30  pi+                1       211   18           0           0      0.60223      0.39714     13.16448     13.18497      0.13957
   31  (pi0)             11       111   18          47          48     -0.08033      0.05161      0.73235      0.75079      0.13498
   32  pi+                1       211   19           0           0      0.14739     -0.33514      3.90215      3.92178      0.13957
   33  pi-                1      -211   19           0           0     -0.09883      0.08403      1.71372      1.72428      0.13957
   34  (pi0)             11       111   19          49          50     -0.05400     -0.14296      0.63830      0.67007      0.13498
   35  pi+                1       211   21           0           0     -0.53159      0.30264      0.72521      0.95895      0.13957
   36  pi-                1      -211   21           0           0     -0.14748     -0.08310      0.95214      0.97709      0.13957
   37  K_L0               1       130   22           0           0     -0.22087      0.54129      0.70212      1.04039      0.49767
   38  K_L0               1       130   23           0           0     -3.30878      2.04392      1.86757      4.34294      0.49767
   39  K-                 1      -321   24           0           0     -2.94334      1.38866      0.41589      3.31787      0.49360
   40  pi+                1       211   24           0           0     -0.24858      0.26740     -0.12317      0.40981      0.13957
   41  K+                 1       321   25           0           0     -2.24352      2.11055      1.46090      3.44466      0.49360
   42  pi-                1      -211   25           0           0     -0.04060      0.09339      0.02709      0.17488      0.13957
   43  pi-                1      -211   26           0           0     -1.82182      0.88230      0.48571      2.08635      0.13957
   44  pi+                1       211   26           0           0     -3.23141      1.36912      1.72672      3.91376      0.13957
   45  gamma              1        22   29           0           0      0.02152      0.05430      0.77527      0.77747      0.00000
   46  gamma              1        22   29           0           0      0.10515     -0.02258      4.12156      4.12297      0.00000
   47  gamma              1        22   31           0           0     -0.10471      0.00034      0.54702      0.55695      0.00000
   48  gamma              1        22   31           0           0      0.02438      0.05127      0.18534      0.19384      0.00000
   49  gamma              1        22   34           0           0     -0.06298     -0.13720      0.64143      0.65895      0.00000
   50  gamma              1        22   34           0           0      0.00898     -0.00576     -0.00313      0.01112      0.00000
 ==================================================================================================================================
                   sum charge:  0.00   sum momentum and inv. mass:      0.00000      0.00000    120.00000    140.00339     72.11760



                            Event listing (standard)

    I  particle/jet  K(I,1)   K(I,2) K(I,3)     K(I,4)      K(I,5)       P(I,1)       P(I,2)       P(I,3)       P(I,4)       P(I,5)

    1  !e-!              21        11    0           3           4      0.00000      0.00000    -10.00000     10.00000      0.00051
    2  !p+!              21      2212    0           5           0     -0.00000      0.00000    130.00000    130.00339      0.93827
 ==================================================================================================================================
    3  !e-!              21        11    1           0           0      6.30355     -5.04681     28.22784     29.36011      0.00051
    4  !gamma!           21        22    1           0           0     -6.30355      5.04681    -38.22784    -19.36011    -33.93758
    5  !p+!              21      2212    2           0           0     -0.00000     -0.00000    130.00000    130.00339      0.93827
    6  !gamma!           21        22    4           0           0     -6.30468      5.04771    -38.22375    -19.35263    -33.93758
    7  !u!               21         2    5           0           0      0.00027     -0.00021     30.51631     30.51631      0.00000
    8  !gamma!           21        22    6           0           0     -6.30468      5.04771    -38.22375    -19.35263    -33.93758
    9  !u!               21         2    7           0           0      0.00027     -0.00021     30.51631     30.51631      0.00000
   10  !u!               21         2    9           0           0     -6.30442      5.04750     -7.70744     11.16367      0.00000
 ==================================================================================================================================
   11  e-                 1        11    3           0           0      6.30355     -5.04681     28.22784     29.36011      0.00051
   12  (ud_1)        A   12      2103    5          18          18      0.15897     -0.03403     98.90273     98.90587      0.77133
   13  (g)           I   12        21   10          18          18      0.03340      0.48734     -0.15762      0.51329      0.00000
   14  (g)           I   12        21   10          18          18     -1.12527      0.87837     -1.47497      2.05263      0.00000
   15  (g)           I   12        21   10          18          18     -3.85739      1.15917     -2.06871      4.52799      0.00000
   16  (g)           I   12        21   10          18          18     -1.22181      1.51245     -2.73864      3.35865      0.00000
   17  (u)           V   11         2   10          18          18     -0.29146      1.04351     -0.69063      1.28484      0.00000
 ==================================================================================================================================
   18  (string)          11        92   12          19          31     -6.30355      5.04681     91.77216    110.64327     61.27479
   19  (Delta0)          11      2114   18          32          33      0.26941      0.25751     38.30127     38.32028      1.14810
   20  pi+                1       211   18           0           0     -0.07835     -0.09665     28.54540     28.54601      0.13957
   21  pi-                1      -211   18           0           0      0.21020     -0.69900     26.67816     26.68851      0.13957
   22  (rho+)            11       213   18          34          35      0.15869      0.63201      3.55157      3.75499      1.03035
   23  pi-                1      -211   18           0           0     -0.47529      0.20190      0.14396      0.55396      0.13957
   24  pi+                1       211   18           0           0     -0.30634      0.21789      0.30043      0.50105      0.13957
   25  (rho-)            11      -213   18          36          37     -0.59197     -0.32053      0.02399      0.96677      0.69347
   26  (rho+)            11       213   18          38          39     -0.50642      0.92128     -0.65846      1.47336      0.79498
   27  (rho-)            11      -213   18          40          41     -0.31645     -0.06864      0.03822      0.98229      0.92660
   28  (Kbar0)           11      -311   18          42          42     -0.22714      0.87249     -0.62824      1.20631      0.49767
   29  (K*0)             11       313   18          43          44     -2.01544      0.74117     -1.41311      2.73662      0.93858
   30  (omega)           11       223   18          45          47     -2.28739      1.85665     -1.94241      3.61479      0.78386
   31  pi+                1       211   18           0           0     -0.13708      0.53073     -1.16864      1.29833      0.13957
   32  p+                 1      2212   19           0           0      0.27438      0.34922     32.19926     32.21599      0.93827
   33  pi-                1      -211   19           0           0     -0.00496     -0.09172      6.10201      6.10430      0.13957
   34  pi+                1       211   22           0           0      0.24825      0.19814      3.06002      3.07963      0.13957
   35  (pi0)             11       111   22          48          49     -0.08956      0.43387      0.49155      0.67536      0.13498
   36  pi-                1      -211   25           0           0     -0.23427      0.18679      0.02556      0.33152      0.13957
   37  (pi0)             11       111   25          50          51     -0.35770     -0.50732     -0.00157      0.63525      0.13498
   38  pi+                1       211   26           0           0     -0.13074      0.88910     -0.53087      1.05304      0.13957
   39  (pi0)             11       111   26          52          53     -0.37568      0.03218     -0.12759      0.42032      0.13498
   40  pi-                1      -211   27           0           0     -0.60816     -0.16491      0.00853      0.64545      0.13957
   41  (pi0)             11       111   27          54          55      0.29171      0.09627      0.02969      0.33684      0.13498
   42  (K_S0)            11       310   28          56          57     -0.22714      0.87249     -0.62824      1.20631      0.49767
   43  (K0)              11       311   29          58          58     -0.94300      0.46530     -0.40150      1.23070      0.49767
   44  (pi0)             11       111   29          59          60     -1.07244      0.27587     -1.01161      1.50593      0.13498
   45  pi-                1      -211   30           0           0     -0.44704      0.48810     -0.35555      0.76419      0.13957
   46  pi+                1       211   30           0           0     -1.32436      0.98894     -0.84626      1.86214      0.13957
   47  (pi0)             11       111   30          61          62     -0.51599      0.37961     -0.74059      0.98845      0.13498
   48  gamma              1        22   35           0           0     -0.01257      0.33147      0.38920      0.51137      0.00000
   49  gamma              1        22   35           0           0     -0.07699      0.10241      0.10235      0.16399      0.00000
   50  gamma              1        22   37           0           0     -0.32939     -0.50754      0.00875      0.60512      0.00000
   51  gamma              1        22   37           0           0     -0.02831      0.00022     -0.01031      0.03013      0.00000
   52  gamma              1        22   39           0           0     -0.04095      0.04160     -0.04934      0.07644      0.00000
   53  gamma              1        22   39           0           0     -0.33473     -0.00942     -0.07825      0.34388      0.00000
   54  gamma              1        22   41           0           0      0.27959      0.08949     -0.01108      0.29377      0.00000
   55  gamma              1        22   41           0           0      0.01212      0.00678      0.04077      0.04307      0.00000
   56  (pi0)             11       111   42          63          64     -0.28550      0.61048     -0.26924      0.73817      0.13498
   57  (pi0)             11       111   42          65          66      0.05835      0.26201     -0.35900      0.46814      0.13498
   58  (K_S0)            11       310   43          67          68     -0.94300      0.46530     -0.40150      1.23070      0.49767
   59  gamma              1        22   44           0           0     -0.49011      0.19057     -0.44331      0.68778      0.00000
   60  gamma              1        22   44           0           0     -0.58233      0.08529     -0.56831      0.81814      0.00000
   61  gamma              1        22   47           0           0     -0.22278      0.15106     -0.21406      0.34391      0.00000
   62  gamma              1        22   47           0           0     -0.29321      0.22855     -0.52653      0.64455      0.00000
   63  gamma              1        22   56           0           0     -0.05017      0.04199      0.00272      0.06547      0.00000
   64  gamma              1        22   56           0           0     -0.23533      0.56849     -0.27196      0.67270      0.00000
   65  gamma              1        22   57           0           0      0.07629      0.05991     -0.12977      0.16202      0.00000
   66  gamma              1        22   57           0           0     -0.01793      0.20210     -0.22923      0.30612      0.00000
   67  (pi0)             11       111   58          69          70     -0.81429      0.49986     -0.27743      1.00405      0.13498
   68  (pi0)             11       111   58          71          72     -0.12870     -0.03455     -0.12406      0.22665      0.13498
   69  gamma              1        22   67           0           0     -0.21414      0.17542     -0.13113      0.30631      0.00000
   70  gamma              1        22   67           0           0     -0.60015      0.32443     -0.14630      0.69774      0.00000
   71  gamma              1        22   68           0           0     -0.00772     -0.01520     -0.10043      0.10187      0.00000
   72  gamma              1        22   68           0           0     -0.12098     -0.01935     -0.02363      0.12478      0.00000
 ==================================================================================================================================
                   sum charge:  0.00   sum momentum and inv. mass:      0.00000     -0.00000    120.00000    140.00339     72.11760



                            Event listing (standard)

    I  particle/jet  K(I,1)   K(I,2) K(I,3)     K(I,4)      K(I,5)       P(I,1)       P(I,2)       P(I,3)       P(I,4)       P(I,5)

    1  !e-!              21        11    0           3           4      0.00000      0.00000    -10.00000     10.00000      0.00051
    2  !p+!              21      2212    0           5           0     -0.00000      0.00000    130.00000    130.00339      0.93827
 ==================================================================================================================================
    3  !e-!              21        11    1           0           0    -14.01076     -6.15846     43.87038     46.46331      0.00051
    4  !gamma!           21        22    1           0           0     14.01076      6.15846    -53.87038    -36.46331    -42.50499
    5  !p+!              21      2212    2           0           0     -0.00000     -0.00000    130.00000    130.00339      0.93827
    6  !gamma!           21        22    4           0           0     14.01349      6.15965    -53.86068    -36.45021    -42.50499
    7  !u!               21         2    5           0           0     -0.00109     -0.00048     51.88366     51.88366      0.00000
    8  !gamma!           21        22    6           0           0     14.01349      6.15965    -53.86068    -36.45021    -42.50499
    9  !u!               21         2    7           0           0     -0.00109     -0.00048     51.88366     51.88366      0.00000
   10  !u!               21         2    9           0           0     14.01240      6.15918     -1.97701     15.43345      0.00000
 ==================================================================================================================================
   11  e-                 1        11    3           0           0    -14.01076     -6.15846     43.87038     46.46331      0.00051
   12  (ud_0)        A   12      2101    5          19          19     -0.35920     -0.12404     74.39104     74.39427      0.57933
   13  (g)           I   12        21   10          19          19      0.18350      0.28538      0.36956      0.50168      0.00000
   14  (d)           V   11         1   10          19          19      8.72864      6.37006     -0.21512     10.81304      0.33000
   15  (u)           A   12         2   10          29          29      0.22192     -0.71368      0.41680      0.85575      0.00000
   16  (g)           I   12        21   10          29          29      0.46302      0.36940      0.04737      0.59421      0.00000
   17  (g)           I   12        21   10          29          29      0.43896     -1.59647      0.41633      1.70726      0.00000
   18  (dbar)        V   11        -1   10          29          29      4.33394      1.56780      0.70363      4.67387      0.33000
 ==================================================================================================================================
   19  (string)          11        92   12          20          28      8.55293      6.53139     74.54549     85.70900     40.90466
   20  (Lambda0)         11      3122   19          34          35     -0.45850      0.13477     38.40523     38.42440      1.11568
   21  (K*0)             11       313   19          36          37      0.33767     -0.26237     14.58422     14.61661      0.87353
   22  (rho+)            11       213   19          38          39     -0.08562      0.24909      9.36232      9.39678      0.75964
   23  (rho0)            11       113   19          40          41     -0.09149      0.29778      4.17351      4.25843      0.78677
   24  (rho0)            11       113   19          42          43      0.51348     -0.33902      4.23604      4.35443      0.79904
   25  (eta)             11       221   19          44          46     -0.10887      0.24503      0.18646      0.63746      0.54745
   26  pi-                1      -211   19           0           0      0.23099     -0.12977      3.45941      3.47235      0.13957
   27  (rho0)            11       113   19          47          48      5.74280      5.04128     -0.10882      7.68497      0.80788
   28  (rho0)            11       113   19          49          50      2.47247      1.29460      0.24713      2.86356      0.59143
   29  (string)          11        92   15          30          33      5.45783     -0.37294      1.58413      7.83108      5.37488
   30  (omega)           11       223   29          51          52      0.24614     -0.50367      0.28237      1.00246      0.78162
   31  pi+                1       211   29           0           0     -0.17659     -0.68208      0.17411      0.73906      0.13957
   32  p+                 1      2212   29           0           0      1.48768     -0.16478      0.18502      1.77621      0.93827
   33  (Deltabar-)       11     -2214   29          53          54      3.90060      0.97760      0.94264      4.31335      1.24338
   34  p+                 1      2212   20           0           0     -0.45942      0.16250     35.43192     35.44769      0.93827
   35  pi-                1      -211   20           0           0      0.00091     -0.02773      2.97331      2.97671      0.13957
   36  (K0)              11       311   21          55          55      0.30569      0.08767      9.64190      9.65997      0.49767
   37  (pi0)             11       111   21          56          57      0.03198     -0.35004      4.94232      4.95664      0.13498
   38  pi+                1       211   22           0           0      0.19179      0.37842      4.21317      4.23677      0.13957
   39  (pi0)             11       111   22          58          59     -0.27741     -0.12933      5.14915      5.16000      0.13498
   40  pi-                1      -211   23           0           0     -0.41085      0.13861      1.98130      2.03299      0.13957
   41  pi+                1       211   23           0           0      0.31937      0.15918      2.19221      2.22544      0.13957
   42  pi+                1       211   24           0           0      0.34515     -0.27609      0.91586      1.02647      0.13957
   43  pi-                1      -211   24           0           0      0.16833     -0.06293      3.32018      3.32797      0.13957
   44  pi-                1      -211   25           0           0     -0.03399     -0.05099      0.15714      0.21892      0.13957
   45  pi+                1       211   25           0           0     -0.05502      0.18190      0.04477      0.24000      0.13957
   46  (pi0)             11       111   25          60          61     -0.01987      0.11412     -0.01546      0.17854      0.13498
   47  pi-                1      -211   27           0           0      1.63869      1.78154     -0.26932      2.43950      0.13957
   48  pi+                1       211   27           0           0      4.10411      3.25974      0.16050      5.24547      0.13957
   49  pi+                1       211   28           0           0      1.92709      0.85187      0.01823      2.11167      0.13957
   50  pi-                1      -211   28           0           0      0.54538      0.44274      0.22890      0.75188      0.13957
   51  gamma              1        22   30           0           0      0.42242     -0.42988      0.41666      0.73270      0.00000
   52  (pi0)             11       111   30          62          63     -0.17628     -0.07379     -0.13430      0.26977      0.13498
   53  pbar-              1     -2212   33           0           0      2.63861      0.75882      0.84377      3.02166      0.93827
   54  (pi0)             11       111   33          64          65      1.26199      0.21878      0.09887      1.29169      0.13498
   55  K_L0               1       130   36           0           0      0.30569      0.08767      9.64190      9.65997      0.49767
   56  gamma              1        22   37           0           0      0.01040      0.00760      0.07072      0.07188      0.00000
   57  gamma              1        22   37           0           0      0.02159     -0.35765      4.87160      4.88476      0.00000
   58  gamma              1        22   39           0           0     -0.01428     -0.03450      0.23936      0.24225      0.00000
   59  gamma              1        22   39           0           0     -0.26313     -0.09483      4.90979      4.91775      0.00000
   60  gamma              1        22   46           0           0     -0.06299      0.01211     -0.02141      0.06763      0.00000
   61  gamma              1        22   46           0           0      0.04313      0.10201      0.00596      0.11091      0.00000
   62  gamma              1        22   52           0           0     -0.03108      0.03890     -0.02248      0.05463      0.00000
   63  gamma              1        22   52           0           0     -0.14520     -0.11269     -0.11181      0.21514      0.00000
   64  gamma              1        22   54           0           0      0.70959      0.18231      0.02376      0.73302      0.00000
   65  gamma              1        22   54           0           0      0.55240      0.03646      0.07511      0.55867      0.00000
 ==================================================================================================================================
                   sum charge:  0.00   sum momentum and inv. mass:     -0.00000     -0.00000    120.00000    140.00339     72.11760



                            Event listing (standard)

    I  particle/jet  K(I,1)   K(I,2) K(I,3)     K(I,4)      K(I,5)       P(I,1)       P(I,2)       P(I,3)       P(I,4)       P(I,5)

    1  !e-!              21        11    0           3           4      0.00000      0.00000    -10.00000     10.00000      0.00051
    2  !p+!              21      2212    0           5           0     -0.00000      0.00000    130.00000    130.00339      0.93827
 ==================================================================================================================================
    3  !e-!              21        11    1           0           0     12.14992     -4.34240     24.56403     27.74651      0.00051
    4  !gamma!           21        22    1           0           0    -12.14992      4.34240    -34.56403    -17.74651    -32.34518
    5  !p+!              21      2212    2           0           0     -0.00000      0.00000    130.00000    130.00339      0.93827
    6  !gamma!           21        22    4           0           0    -12.15236      4.34328    -34.55847    -17.73756    -32.34518
    7  !u!               21         2    5           0           0      0.00059     -0.00021     31.09804     31.09804      0.00000
    8  !gamma!           21        22    6           0           0    -12.15236      4.34328    -34.55847    -17.73756    -32.34518
    9  !u!               21         2    7           0           0      0.00059     -0.00021     31.09804     31.09804      0.00000
   10  !u!               21         2    9           0           0    -12.15178      4.34307     -3.46043     13.36048      0.00000
 ==================================================================================================================================
   11  e-                 1        11    3           0           0     12.14992     -4.34240     24.56403     27.74651      0.00051
   12  (ud_1)        A   12      2103    5          16          16     -0.07371     -0.04992     97.09248     97.09558      0.77133
   13  (g)           I   12        21   10          16          16     -1.61099      0.00965      1.68337      2.33004      0.00000
   14  (g)           I   12        21   10          16          16     -3.16307      0.14923      1.02566      3.32855      0.00000
   15  (u)           V   11         2   10          16          16     -7.30215      4.23344     -4.36554      9.50270      0.00000
 ==================================================================================================================================
   16  (string)          11        92   12          17          26    -12.14992      4.34240     95.43597    112.25688     57.68107
   17  (Delta0)          11      2114   16          27          28      0.43813     -0.00638     56.43005     56.44444      1.19652
   18  (eta)             11       221   16          29          31     -0.92811     -0.03027     35.86540     35.88160      0.54745
   19  (omega)           11       223   16          32          34     -1.01044      0.09580      0.73094      1.51554      0.85582
   20  (rho+)            11       213   16          35          36     -1.05916     -0.63540      1.87813      2.44535      0.96271
   21  (omega)           11       223   16          37          39     -0.18339      0.70790      3.98617      4.12533      0.77079
   22  pi-                1      -211   16           0           0     -0.60156      0.01042      0.04102      0.61899      0.13957
   23  pi+                1       211   16           0           0     -3.13231      1.51898     -1.63625      3.84908      0.13957
   24  pi-                1      -211   16           0           0     -0.62506      1.04462     -1.12336      1.66233      0.13957
   25  nbar0              1     -2112   16           0           0     -1.66980      0.61793     -0.33992      2.04167      0.93957
   26  p+                 1      2212   16           0           0     -3.37822      1.01881     -0.39622      3.67255      0.93827
   27  n0                 1      2112   17           0           0      0.43207     -0.17365     49.26485     49.27601      0.93957
   28  (pi0)             11       111   17          40          41      0.00606      0.16727      7.16520      7.16843      0.13498
   29  pi-                1      -211   18           0           0     -0.17103     -0.04969      5.13632      5.14131      0.13957
   30  pi+                1       211   18           0           0     -0.21033      0.01025     12.35797     12.36055      0.13957
   31  (pi0)             11       111   18          42          43     -0.54676      0.00917     18.37111     18.37974      0.13498
   32  pi-                1      -211   19           0           0     -0.23635      0.02700      0.43876      0.51825      0.13957
   33  pi+                1       211   19           0           0     -0.32711      0.22795      0.27432      0.50368      0.13957
   34  (pi0)             11       111   19          44          45     -0.44698     -0.15914      0.01786      0.49362      0.13498
   35  pi+                1       211   20           0           0     -0.86851     -0.85519      1.62850      2.03891      0.13957
   36  (pi0)             11       111   20          46          47     -0.19066      0.21980      0.24963      0.40644      0.13498
   37  pi-                1      -211   21           0           0     -0.00036      0.07987      0.17899      0.24062      0.13957
   38  pi+                1       211   21           0           0     -0.08717      0.17094      0.68524      0.72516      0.13957
   39  (pi0)             11       111   21          48          49     -0.09586      0.45708      3.12194      3.15956      0.13498
   40  gamma              1        22   28           0           0      0.06076      0.03787      1.89097      1.89232      0.00000
   41  gamma              1        22   28           0           0     -0.05470      0.12940      5.27424      5.27611      0.00000
   42  gamma              1        22   31           0           0     -0.34516     -0.04607     10.13488     10.14086      0.00000
   43  gamma              1        22   31           0           0     -0.20160      0.05523      8.23623      8.23888      0.00000
   44  gamma              1        22   34           0           0     -0.44251     -0.12703      0.01120      0.46052      0.00000
   45  gamma              1        22   34           0           0     -0.00447     -0.03211      0.00666      0.03310      0.00000
   46  gamma              1        22   36           0           0     -0.10615      0.14405      0.22978      0.29123      0.00000
   47  gamma              1        22   36           0           0     -0.08451      0.07574      0.01985      0.11521      0.00000
   48  gamma              1        22   39           0           0     -0.12812      0.40148      2.66191      2.69506      0.00000
   49  gamma              1        22   39           0           0      0.03227      0.05561      0.46002      0.46449      0.00000
 ==================================================================================================================================
                   sum charge:  0.00   sum momentum and inv. mass:      0.00000     -0.00000    120.00000    140.00339     72.11760



                            Event listing (standard)

    I  particle/jet  K(I,1)   K(I,2) K(I,3)     K(I,4)      K(I,5)       P(I,1)       P(I,2)       P(I,3)       P(I,4)       P(I,5)

    1  !e-!              21        11    0           3           4      0.00000      0.00000    -10.00000     10.00000      0.00051
    2  !p+!              21      2212    0           5           0     -0.00000      0.00000    130.00000    130.00339      0.93827
 ==================================================================================================================================
    3  !e-!              21        11    1           0           0      8.57878    -25.96971     29.91698     40.53452      0.00051
    4  !gamma!           21        22    1           0           0     -8.57878     25.96971    -39.91698    -30.53452    -37.53705
    5  !p+!              21      2212    2           0           0      0.00000     -0.00000    130.00000    130.00339      0.93827
    6  !gamma!           21        22    4           0           0     -8.58187     25.97908    -39.87722    -30.49137    -37.53705
    7  !u!               21         2    5           0           0      0.00179     -0.00541     75.04478     75.04478      0.00000
    8  !gamma!           21        22    6           0           0     -8.58187     25.97908    -39.87722    -30.49137    -37.53705
    9  !u!               21         2    7           0           0      0.00179     -0.00541     75.04478     75.04478      0.00000
   10  !u!               21         2    9           0           0     -8.58009     25.97367     35.16757     44.55342      0.00000
 ==================================================================================================================================
   11  e-                 1        11    3           0           0      8.57878    -25.96971     29.91698     40.53452      0.00051
   12  (ud_0)        A   12      2101    5          18          18     -0.11277      0.00565     47.40560     47.40928      0.57933
   13  (g)           I   12        21   10          18          18     -0.14250      0.93618      2.01019      2.22208      0.00000
   14  (g)           I   12        21   10          18          18     -4.77642      2.96326     12.17761     13.41228      0.00000
   15  (g)           I   12        21   10          18          18     -0.72120      0.82192      2.07692      2.34718      0.00000
   16  (g)           I   12        21   10          18          18     -0.98593      2.33412      2.97529      3.90801      0.00000
   17  (u)           V   11         2   10          18          18     -1.83996     18.90858     23.43740     30.17004      0.00000
 ==================================================================================================================================
   18  (string)          11        92   12          19          28     -8.57878     25.96971     90.08302     99.46887     32.11051
   19  p+                 1      2212   18           0           0     -0.01439      0.47725     20.98837     21.01476      0.93827
   20  (rho-)            11      -213   18          29          30     -0.07991      0.07495      6.53723      6.57397      0.68535
   21  (rho+)            11       213   18          31          32     -0.05474     -0.02870     11.54395     11.56921      0.76164
   22  (omega)           11       223   18          33          35     -0.69419     -0.41668      4.09007      4.24144      0.77820
   23  (K*-)             11      -323   18          36          37     -0.38588      1.17617      6.76682      6.93633      0.88914
   24  (K*0)             11       313   18          38          39     -1.12289      0.67112      3.95603      4.24762      0.82509
   25  nbar0              1     -2112   18           0           0     -1.35050      0.98523      3.41010      3.91230      0.93957
   26  n0                 1      2112   18           0           0     -1.93168      3.17455      6.99719      7.97826      0.93957
   27  (Deltabar0)       11     -2114   18          40          41     -0.60263      1.54617      2.31955      3.11210      1.24541
   28  (Delta+)          11      2214   18          42          43     -2.34198     18.30965     23.47371     29.88288      1.11521
   29  pi-                1      -211   20           0           0      0.08631      0.31555      2.71578      2.73897      0.13957
   30  (pi0)             11       111   20          44          45     -0.16622     -0.24060      3.82145      3.83500      0.13498
   31  pi+                1       211   21           0           0     -0.12819      0.32562      6.02189      6.03366      0.13957
   32  (pi0)             11       111   21          46          47      0.07345     -0.35432      5.52206      5.53555      0.13498
   33  pi+                1       211   22           0           0     -0.53095     -0.16083      2.13220      2.20760      0.13957
   34  pi-                1      -211   22           0           0     -0.00692     -0.28171      0.84398      0.90066      0.13957
   35  (pi0)             11       111   22          48          49     -0.15631      0.02585      1.11390      1.13318      0.13498
   36  (Kbar0)           11      -311   23          50          50     -0.30722      1.19324      6.38664      6.52342      0.49767
   37  pi-                1      -211   23           0           0     -0.07866     -0.01706      0.38018      0.41291      0.13957
   38  K+                 1       321   24           0           0     -0.74877      0.29943      3.01631      3.16103      0.49360
   39  pi-                1      -211   24           0           0     -0.37412      0.37170      0.93972      1.08659      0.13957
   40  pbar-              1     -2212   27           0           0     -0.47015      1.05905      1.35584      2.01526      0.93827
   41  pi+                1       211   27           0           0     -0.13249      0.48712      0.96371      1.09684      0.13957
   42  p+                 1      2212   28           0           0     -1.86472     14.32788     18.49361     23.48743      0.93827
   43  (pi0)             11       111   28          51          52     -0.47726      3.98177      4.98010      6.39545      0.13498
   44  gamma              1        22   30           0           0      0.00623     -0.00689      0.01616      0.01864      0.00000
   45  gamma              1        22   30           0           0     -0.17245     -0.23371      3.80529      3.81636      0.00000
   46  gamma              1        22   32           0           0     -0.03677     -0.07774      1.51857      1.52100      0.00000
   47  gamma              1        22   32           0           0      0.11023     -0.27659      4.00349      4.01455      0.00000
   48  gamma              1        22   35           0           0     -0.12678     -0.04246      0.70940      0.72189      0.00000
   49  gamma              1        22   35           0           0     -0.02953      0.06831      0.40450      0.41129      0.00000
   50  K_L0               1       130   36           0           0     -0.30722      1.19324      6.38664      6.52342      0.49767
   51  gamma              1        22   43           0           0     -0.31154      2.17617      2.65812      3.44940      0.00000
   52  gamma              1        22   43           0           0     -0.16572      1.80560      2.32198      2.94606      0.00000
 ==================================================================================================================================
                   sum charge:  0.00   sum momentum and inv. mass:      0.00000     -0.00000    120.00000    140.00339     72.11760



                            Event listing (standard)

    I  particle/jet  K(I,1)   K(I,2) K(I,3)     K(I,4)      K(I,5)       P(I,1)       P(I,2)       P(I,3)       P(I,4)       P(I,5)

    1  !e-!              21        11    0           3           4      0.00000      0.00000    -10.00000     10.00000      0.00051
    2  !p+!              21      2212    0           5           0     -0.00000      0.00000    130.00000    130.00339      0.93827
 ==================================================================================================================================
    3  !e-!              21        11    1           0           0     -7.26135     17.01543     23.19045     29.66562      0.00051
    4  !gamma!           21        22    1           0           0      7.26135    -17.01543    -33.19045    -19.66562    -32.51340
    5  !p+!              21      2212    2           0           0     -0.00000      0.00000    130.00000    130.00339      0.93827
    6  !gamma!           21        22    4           0           0      7.26317    -17.01969    -33.17920    -19.65098    -32.51340
    7  !u!               21         2    5           0           0     -0.00055      0.00128     39.06908     39.06908      0.00000
    8  !gamma!           21        22    6           0           0      7.26317    -17.01969    -33.17920    -19.65098    -32.51340
    9  !u!               21         2    7           0           0     -0.00055      0.00128     39.06908     39.06908      0.00000
   10  !u!               21         2    9           0           0      7.26263    -17.01841      5.88988     19.41810      0.00000
 ==================================================================================================================================
   11  e-                 1        11    3           0           0     -7.26135     17.01543     23.19045     29.66562      0.00051
   12  (ud_0)        A   12      2101    5          19          19     -0.04231      0.54928     86.08131     86.08502      0.57933
   13  (g)           I   12        21   10          19          19      0.45129     -0.41832      0.44469      0.75921      0.00000
   14  (g)           I   12        21   10          19          19      1.02368     -5.76081      3.13626      6.63859      0.00000
   15  (s)           V   11         3   10          19          19      1.47911     -7.97535      6.06550     10.14072      0.50000
   16  (u)           A   12         2   10          28          28      0.94283      0.03164     -0.78469      1.22705      0.00000
   17  (g)           I   12        21   10          28          28      1.46315     -1.89867      0.09803      2.39904      0.00000
   18  (sbar)        V   11        -3   10          28          28      1.94361     -1.54321      1.76845      3.08812      0.50000
 ==================================================================================================================================
   19  (string)          11        92   12          20          27      2.91176    -13.60519     95.72776    103.62355     37.15450
   20  p+                 1      2212   19           0           0      0.45783      0.99353     82.28630     82.29892      0.93827
   21  (pi0)             11       111   19          32          33     -0.15312     -0.83362      1.80554      1.99914      0.13498
   22  (rho-)            11      -213   19          34          35     -0.52494     -0.34917      0.87229      1.26043      0.65597
   23  (K*bar0)          11      -313   19          36          37      0.67335     -0.97279      1.21154      1.92247      0.91013
   24  K+                 1       321   19           0           0      0.52595     -4.12849      3.70100      5.59125      0.49360
   25  (rho0)            11       113   19          38          39      0.63186     -2.36825      1.77544      3.09411      0.64299
   26  (rho-)            11      -213   19          40          41      0.87656     -3.18846      2.65496      4.28670      0.62640
   27  (Kbar0)           11      -311   19          42          42      0.42428     -2.75794      1.42069      3.17054      0.49767
   28  (string)          11        92   16          29          31      4.34959     -3.41024      1.08179      6.71422      3.65538
   29  pi+                1       211   28           0           0      1.52679     -0.17533     -0.71431      1.70046      0.13957
   30  (rho-)            11      -213   28          43          44      0.68430     -1.44154      0.32539      1.82065      0.81399
   31  K+                 1       321   28           0           0      2.13850     -1.79337      1.47071      3.19311      0.49360
   32  gamma              1        22   21           0           0     -0.10316     -0.23334      0.57647      0.63040      0.00000
   33  gamma              1        22   21           0           0     -0.04997     -0.60028      1.22907      1.36874      0.00000
   34  pi-                1      -211   22           0           0     -0.07666     -0.25716      0.68328      0.74724      0.13957
   35  (pi0)             11       111   22          45          47     -0.44828     -0.09201      0.18901      0.51319      0.13498
   36  K-                 1      -321   23           0           0      0.78864     -0.90725      1.03589      1.66186      0.49360
   37  pi+                1       211   23           0           0     -0.11529     -0.06554      0.17565      0.26061      0.13957
   38  pi-                1      -211   25           0           0      0.32489     -2.01226      1.45796      2.50995      0.13957
   39  pi+                1       211   25           0           0      0.30697     -0.35599      0.31749      0.58415      0.13957
   40  pi-                1      -211   26           0           0      0.40902     -2.36437      2.00235      3.12832      0.13957
   41  (pi0)             11       111   26          48          49      0.46754     -0.82409      0.65261      1.15838      0.13498
   42  K_L0               1       130   27           0           0      0.42428     -2.75794      1.42069      3.17054      0.49767
   43  pi-                1      -211   30           0           0      0.09549     -0.37219     -0.23404      0.47106      0.13957
   44  (pi0)             11       111   30          50          51      0.58881     -1.06935      0.55943      1.34958      0.13498
   45  gamma              1        22   35           0           0     -0.37631     -0.06689      0.19458      0.42888      0.00000
   46  e+                 1       -11   35           0           0     -0.05918     -0.00950     -0.01533      0.06187      0.00051
   47  e-                 1        11   35           0           0     -0.01279     -0.01563      0.00976      0.02244      0.00051
   48  gamma              1        22   41           0           0      0.11440     -0.24767      0.25880      0.37604      0.00000
   49  gamma              1        22   41           0           0      0.35314     -0.57642      0.39381      0.78234      0.00000
   50  gamma              1        22   44           0           0      0.53156     -0.93125      0.44337      1.16033      0.00000
   51  gamma              1        22   44           0           0      0.05725     -0.13809      0.11606      0.18925      0.00000
 ==================================================================================================================================
                   sum charge:  0.00   sum momentum and inv. mass:      0.00000     -0.00000    120.00000    140.00339     72.11760



                            Event listing (standard)

    I  particle/jet  K(I,1)   K(I,2) K(I,3)     K(I,4)      K(I,5)       P(I,1)       P(I,2)       P(I,3)       P(I,4)       P(I,5)

    1  !e-!              21        11    0           3           4      0.00000      0.00000    -10.00000     10.00000      0.00051
    2  !p+!              21      2212    0           5           0     -0.00000      0.00000    130.00000    130.00339      0.93827
 ==================================================================================================================================
    3  !e-!              21        11    1           0           0    -14.59826    -17.44451     27.57200     35.74402      0.00051
    4  !gamma!           21        22    1           0           0     14.59826     17.44451    -37.57200    -25.74402    -35.58540
    5  !p+!              21      2212    2           0           0     -0.00000     -0.00000    130.00000    130.00339      0.93827
    6  !gamma!           21        22    4           0           0     14.60243     17.44950    -37.55211    -25.72075    -35.58540
    7  !u!               21         2    5           0           0     -0.00172     -0.00206     53.51025     53.51025      0.00000
    8  !gamma!           21        22    6           0           0     14.60243     17.44950    -37.55211    -25.72075    -35.58540
    9  !u!               21         2    7           0           0     -0.00172     -0.00206     53.51025     53.51025      0.00000
   10  !u!               21         2    9           0           0     14.60071     17.44744     15.95814     27.78950      0.00000
 ==================================================================================================================================
   11  e-                 1        11    3           0           0    -14.59826    -17.44451     27.57200     35.74402      0.00051
   12  (ud_0)        A   12      2101    5          15          15      0.05291      0.22017     75.79924     75.80179      0.57933
   13  (g)           I   12        21   10          15          15      3.04179      2.09123      4.85047      6.09531      0.00000
   14  (u)           V   11         2   10          15          15     11.50356     15.13311     11.77829     22.36227      0.00000
 ==================================================================================================================================
   15  (string)          11        92   12          16          24     14.59826     17.44451     92.42800    104.25937     42.54010
   16  p+                 1      2212   15           0           0      0.30860      0.51076     58.70624     58.71677      0.93827
   17  (omega)           11       223   15          25          27     -0.33709     -0.20292     11.60894     11.64186      0.78141
   18  (pi0)             11       111   15          28          29      0.18647     -0.27330      1.41451      1.45895      0.13498
   19  (rho-)            11      -213   15          30          31      0.93408      1.48341      4.64061      5.02324      0.79031
   20  (rho+)            11       213   15          32          33      0.38661     -0.06627      1.86748      2.01973      0.66177
   21  pi-                1      -211   15           0           0      0.56997      0.70232      0.28564      0.95874      0.13957
   22  (Kbar0)           11      -311   15          34          34      2.76337      3.06249      4.46692      6.10050      0.49767
   23  (K0)              11       311   15          35          35      3.69108      4.04577      2.84778      6.19273      0.49767
   24  pi+                1       211   15           0           0      6.09517      8.18225      6.58988     12.14686      0.13957
   25  pi+                1       211   17           0           0     -0.07206     -0.05790      0.70346      0.72310      0.13957
   26  pi-                1      -211   17           0           0     -0.31512     -0.06600      8.74639      8.75342      0.13957
   27  (pi0)             11       111   17          36          37      0.05009     -0.07902      2.15910      2.16534      0.13498
   28  gamma              1        22   18           0           0      0.14337     -0.26098      1.33371      1.36655      0.00000
   29  gamma              1        22   18           0           0      0.04310     -0.01232      0.08080      0.09240      0.00000
   30  pi-                1      -211   19           0           0      0.38809      1.23457      2.95690      3.23071      0.13957
   31  (pi0)             11       111   19          38          39      0.54599      0.24884      1.68372      1.79253      0.13498
   32  pi+                1       211   20           0           0      0.48791     -0.01022      0.87604      1.01247      0.13957
   33  (pi0)             11       111   20          40          41     -0.10129     -0.05606      0.99144      1.00726      0.13498
   34  (K_S0)            11       310   22          42          43      2.76337      3.06249      4.46692      6.10050      0.49767
   35  (K_S0)            11       310   23          44          45      3.69108      4.04577      2.84778      6.19273      0.49767
   36  gamma              1        22   27           0           0     -0.03128     -0.06516      0.65542      0.65940      0.00000
   37  gamma              1        22   27           0           0      0.08137     -0.01385      1.50367      1.50594      0.00000
   38  gamma              1        22   31           0           0      0.35828      0.20989      1.27870      1.34443      0.00000
   39  gamma              1        22   31           0           0      0.18770      0.03895      0.40502      0.44810      0.00000
   40  gamma              1        22   33           0           0     -0.06351     -0.01787      0.89027      0.89272      0.00000
   41  gamma              1        22   33           0           0     -0.03778     -0.03819      0.10117      0.11455      0.00000
   42  (pi0)             11       111   34          46          47      1.06169      1.28637      2.08934      2.67684      0.13498
   43  (pi0)             11       111   34          48          49      1.70168      1.77612      2.37758      3.42365      0.13498
   44  pi-                1      -211   35           0           0      1.70501      1.90116      1.55859      2.99502      0.13957
   45  pi+                1       211   35           0           0      1.98606      2.14461      1.28919      3.19770      0.13957
   46  gamma              1        22   42           0           0      0.89308      1.15268      1.81695      2.32971      0.00000
   47  gamma              1        22   42           0           0      0.16861      0.13369      0.27239      0.34713      0.00000
   48  gamma              1        22   43           0           0      1.51077      1.62568      2.11170      3.06342      0.00000
   49  gamma              1        22   43           0           0      0.19090      0.15044      0.26588      0.36024      0.00000
 ==================================================================================================================================
                   sum charge:  0.00   sum momentum and inv. mass:     -0.00000     -0.00000    120.00000    140.00339     72.11760



                            Event listing (standard)

    I  particle/jet  K(I,1)   K(I,2) K(I,3)     K(I,4)      K(I,5)       P(I,1)       P(I,2)       P(I,3)       P(I,4)       P(I,5)

    1  !e-!              21        11    0           3           4      0.00000      0.00000    -10.00000     10.00000      0.00051
    2  !p+!              21      2212    0           5           0     -0.00000      0.00000    130.00000    130.00339      0.93827
 ==================================================================================================================================
    3  !e-!              21        11    1           0           0     19.38504     14.13851     22.30560     32.75999      0.00051
    4  !gamma!           21        22    1           0           0    -19.38504    -14.13851    -32.30560    -22.75999    -33.18602
    5  !p+!              21      2212    2           0           0      0.00000      0.00000    130.00000    130.00339      0.93827
    6  !gamma!           21        22    4           0           0    -19.39191    -14.14353    -32.27616    -22.72716    -33.18602
    7  !u!               21         2    5           0           0      0.00305      0.00222     57.65689     57.65689      0.00000
    8  !gamma!           21        22    6           0           0    -19.39191    -14.14353    -32.27616    -22.72716    -33.18602
    9  !u!               21         2    7           0           0      0.00305      0.00222     57.65689     57.65689      0.00000
   10  !u!               21         2    9           0           0    -19.38886    -14.14130     25.38073     34.92973      0.00000
 ==================================================================================================================================
   11  e-                 1        11    3           0           0     19.38504     14.13851     22.30560     32.75999      0.00051
   12  (ud_0)        A   12      2101    5          17          17     -0.09361      0.06161     71.37434     71.37678      0.57933
   13  (g)           I   12        21   10          17          17     -0.07769      0.11281      0.43739      0.45834      0.00000
   14  (g)           I   12        21   10          17          17     -0.98735     -0.38652      2.08633      2.34031      0.00000
   15  (g)           I   12        21   10          17          17     -9.85648     -6.88131     12.52958     17.36355      0.00000
   16  (u)           V   11         2   10          17          17     -8.36991     -7.04511     11.26675     15.70441      0.00000
 ==================================================================================================================================
   17  (string)          11        92   12          18          23    -19.38504    -14.13851     97.69440    107.24339     37.16548
   18  p+                 1      2212   17           0           0     -0.20369      0.65449     54.70668     54.71902      0.93827
   19  pbar-              1     -2212   17           0           0      0.15332     -0.77400     12.53294     12.59276      0.93827
   20  n0                 1      2112   17           0           0     -1.36046     -0.57345      7.60920      7.80784      0.93957
   21  (rho+)            11       213   17          24          25     -2.71292     -1.60712      2.38538      3.97917      0.44830
   22  (pi0)             11       111   17          26          27    -13.49498    -10.53000     17.89606     24.76454      0.13498
   23  (pi0)             11       111   17          28          29     -1.76631     -1.30843      2.56414      3.38007      0.13498
   24  pi+                1       211   21           0           0     -1.63420     -1.15353      1.43796      2.46748      0.13957
   25  (pi0)             11       111   21          30          31     -1.07872     -0.45359      0.94741      1.51168      0.13498
   26  gamma              1        22   22           0           0     -9.45899     -7.44678     12.63390     17.45115      0.00000
   27  gamma              1        22   22           0           0     -4.03598     -3.08323      5.26216      7.31340      0.00000
   28  gamma              1        22   23           0           0     -1.07349     -0.75250      1.61474      2.07991      0.00000
   29  gamma              1        22   23           0           0     -0.69282     -0.55593      0.94940      1.30016      0.00000
   30  gamma              1        22   25           0           0     -1.07623     -0.43976      0.92719      1.48706      0.00000
   31  gamma              1        22   25           0           0     -0.00249     -0.01383      0.02022      0.02463      0.00000
 ==================================================================================================================================
                   sum charge:  0.00   sum momentum and inv. mass:     -0.00000      0.00000    120.00000    140.00339     72.11760
1********* PYSTAT:  Statistics on Number of Events and Cross-sections *********

 ==============================================================================
 I                                  I                            I            I
 I            Subprocess            I      Number of points      I    Sigma   I
 I                                  I                            I            I
 I----------------------------------I----------------------------I    (mb)    I
 I                                  I                            I            I
 I N:o Type                         I    Generated         Tried I            I
 I                                  I                            I            I
 ==============================================================================
 I                                  I                            I            I
 I   0 All included subprocesses    I        50000   -1338208272 I  7.788D-02 I
 I  11 f + f' -> f + f' (QCD)       I            2             0 I  3.476D-03 I
 I  12 f + fbar -> f' + fbar'       I            0             0 I  0.000D+00 I
 I  13 f + fbar -> g + g            I            0             0 I  0.000D+00 I
 I  28 f + g -> f + g               I           11             0 I  1.912D-02 I
 I  53 g + g -> f + fbar            I            0             0 I  0.000D+00 I
 I  68 g + g -> g + g               I            6             0 I  1.043D-02 I
 I  91 Elastic scattering           I           43   -1115724742 I  7.433D-12 I
 I  92 Single diffractive (XB)      I           27   -1850473838 I  3.018D-12 I
 I  93 Single diffractive (AX)      I           17    1989301056 I  2.325D-12 I
 I  94 Double  diffractive          I           22    2046624668 I  1.363D-12 I
 I  95 Low-pT scattering            I           82      16423260 I  4.486D-02 I
 I  99 q + gamma* -> q              I        49790    -832417961 I -1.182D-07 I
 I 131 f + gamma*_T -> f + g        I            0    1166531765 I  0.000D+00 I
 I 132 f + gamma*_L -> f + g        I            0      56252559 I  0.000D+00 I
 I 135 g + gamma*_T -> f + fbar     I            0    -989272364 I  0.000D+00 I
 I 136 g + gamma*_L -> f + fbar     I            0     535355053 I  0.000D+00 I
 I                                  I                            I            I
 ==============================================================================
 I                                  I                            I            I
 I   1 VMD * hadron                 I           26    1303654728 I  3.302D-02 I
 I   2 direct * hadron              I            0     768867013 I  0.000D+00 I
 I   3 anomalous * hadron           I          184    1716655244 I  4.486D-02 I
 I   4 DIS * hadron                 I        49790    -832417961 I -1.182D-07 I
 I                                  I                            I            I
 ==============================================================================

 ********* Total number of errors, excluding junctions =        0 *************
 ********* Total number of errors, including junctions =        0 *************
 ********* Total number of warnings =                           0 *************
 ********* Fraction of events that fail fragmentation cuts =  0.00002 *********

1************ PYSTAT: User-Defined Limits on Kinematical Variables ************

 ==============================================================================
 I                                                                            I
 I                 0.000D+00 <  m_hard (GeV/c^2)  <  5.697D+01                I
 I    0.000D+00 ( 1.000D+00) <  p_T_hard (GeV/c)  <  2.849D+01                I
 I                             m_finite (GeV/c^2) =  1.000D+00                I
 I                -1.000D+01 <    y*_subsystem    <  1.000D+01                I
 I                -4.000D+01 <      y*_large      <  4.000D+01                I
 I                -4.000D+01 <      y*_small      <  4.000D+01                I
 I                -4.000D+01 <     eta*_large     <  4.000D+01                I
 I                -4.000D+01 <     eta*_small     <  4.000D+01                I
 I                -1.000D+00 < cos(theta*)_large  <  1.000D+00                I
 I                -1.000D+00 < cos(theta*)_small  <  1.000D+00                I
 I                 0.000D+00 <        x_1         <  1.000D+00                I
 I                 0.000D+00 <        x_2         <  1.000D+00                I
 I                -1.000D+00 <        x_F         <  1.000D+00                I
 I                -1.000D+00 <  cos(theta_hard)   <  1.000D+00                I
 I                 2.000D+00 < m'_hard (GeV/c^2)  <  5.697D+01                I
 I                                                                            I
 ==============================================================================
 The charm mass used is:    1.5000000000000000     
 ===================================================
 Pythia total cross section normalisation:   77.880322631389561       microbarn
 Total Number of generated events       50000
 Total Number of trials       50000
 ===================================================

 ===== PDFSTA statistics for PDF under/over-flows ====

 ====== STRUCTM statistics for nucleon/pion PDFs =====

   total # of calls    2265168139.0000000     
   X  below PDF min    0.0000000000000000       or    0.0000000000000000       %
   X  above PDF max    0.0000000000000000       or    0.0000000000000000       %
   Q2 below PDF min    0.0000000000000000       or    0.0000000000000000       %
   Q2 above PDF max    0.0000000000000000       or    0.0000000000000000       %

 ========= STRUCTP statistics for photon PDFs ========

   total # of calls    0.0000000000000000     

