1                                                                              
 ******************************************************************************
 ******************************************************************************
 **                                                                          **
 **                                                                          **
 **              *......*                  Welcome to the Lund Monte Carlo!  **
 **         *:::!!:::::::::::*                                               **
 **      *::::::!!::::::::::::::*          PPP  Y   Y TTTTT H   H III   A    **
 **    *::::::::!!::::::::::::::::*        P  P  Y Y    T   H   H  I   A A   **
 **   *:::::::::!!:::::::::::::::::*       PPP    Y     T   HHHHH  I  AAAAA  **
 **   *:::::::::!!:::::::::::::::::*       P      Y     T   H   H  I  A   A  **
 **    *::::::::!!::::::::::::::::*!       P      Y     T   H   H III A   A  **
 **      *::::::!!::::::::::::::* !!                                         **
 **      !! *:::!!:::::::::::*    !!       This is PYTHIA version 6.428      **
 **      !!     !* -><- *         !!       Last date of change:  5 Sep 2013  **
 **      !!     !!                !!                                         **
 **      !!     !!                !!       Now is  0 Jan 2000 at  0:00:00    **
 **      !!                       !!                                         **
 **      !!        lh             !!       Disclaimer: this program comes    **
 **      !!                       !!       without any guarantees. Beware    **
 **      !!                 hh    !!       of errors and use common sense    **
 **      !!    ll                 !!       when interpreting results.        **
 **      !!                       !!                                         **
 **      !!                                Copyright T. Sjostrand (2011)     **
 **                                                                          **
 ** An archive of program versions and documentation is found on the web:    **
 ** http://www.thep.lu.se/~torbjorn/Pythia.html                              **
 **                                                                          **
 ** When you cite this program, the official reference is to the 6.4 manual: **
 ** T. Sjostrand, S. Mrenna and P. Skands, JHEP05 (2006) 026                 **
 ** (LU TP 06-13, FERMILAB-PUB-06-052-CD-T) [hep-ph/0603175].                **
 **                                                                          **
 ** Also remember that the program, to a large extent, represents original   **
 ** physics research. Other publications of special relevance to your        **
 ** studies may therefore deserve separate mention.                          **
 **                                                                          **
 ** Main author: Torbjorn Sjostrand; Department of Theoretical Physics,      **
 **   Lund University, Solvegatan 14A, S-223 62 Lund, Sweden;                **
 **   phone: + 46 - 46 - 222 48 16; e-mail: torbjorn@thep.lu.se              **
 ** Author: Stephen Mrenna; Computing Division, GDS Group,                   **
 **   Fermi National Accelerator Laboratory, MS 234, Batavia, IL 60510, USA; **
 **   phone: + 1 - 630 - 840 - 2556; e-mail: mrenna@fnal.gov                 **
 ** Author: Peter Skands; CERN/PH-TH, CH-1211 Geneva, Switzerland            **
 **   phone: + 41 - 22 - 767 24 47; e-mail: peter.skands@cern.ch             **
 **                                                                          **
 **                                                                          **
 ******************************************************************************
 ******************************************************************************
     MSEL           changed from              1 to              2
     MSTP(14)       changed from             30 to             30
     MSTP(15)       changed from              0 to              0
     MSTP(16)       changed from              1 to              1
     MSTP(17)       changed from              4 to              4
     MSTP(18)       changed from              3 to              3
     MSTP(19)       changed from              4 to              1
     MSTP(20)       changed from              3 to              0
     MSTP(32)       changed from              8 to              8
     MSTP(38)       changed from              5 to              4
     MSTP(51)       changed from              7 to          10050
     MSTP(52)       changed from              1 to              2
     MSTP(53)       changed from              3 to              3
     MSTP(54)       changed from              1 to              1
     MSTP(55)       changed from              5 to              5
     MSTP(56)       changed from              1 to              1
     MSTP(57)       changed from              1 to              1
     MSTP(58)       changed from              5 to              5
     MSTP(59)       changed from              1 to              1
     MSTP(60)       changed from              7 to              7
     MSTP(61)       changed from              2 to              2
     MSTP(71)       changed from              1 to              1
     MSTP(81)       changed from              1 to              0
     MSTP(82)       changed from              4 to              1
     MSTP(91)       changed from              1 to              1
     MSTP(92)       changed from              3 to              3
     MSTP(93)       changed from              1 to              1
     MSTP(101)      changed from              3 to              3
     MSTP(102)      changed from              1 to              1
     MSTP(111)      changed from              1 to              1
     MSTP(121)      changed from              0 to              0
     PARP(13)       changed from        1.00000 to        1.00000
     PARP(18)       changed from        0.40000 to        0.40000
     PARP(81)       changed from        1.90000 to        1.90000
     PARP(89)       changed from     1800.00000 to     1800.00000
     PARP(90)       changed from        0.25000 to        0.16000
     PARP(91)       changed from        2.00000 to        0.40000
     PARP(93)       changed from        5.00000 to        5.00000
     PARP(99)       changed from        1.00000 to        0.40000
     PARP(100)      changed from        5.00000 to        5.00000
     PARP(102)      changed from        0.28000 to        0.28000
     PARP(103)      changed from        1.00000 to        1.00000
     PARP(104)      changed from        0.80000 to        0.80000
     PARP(111)      changed from        2.00000 to        2.00000
     PARP(161)      changed from        2.20000 to        3.00000
     PARP(162)      changed from       23.60000 to       24.60000
     PARP(163)      changed from       18.40000 to       18.80000
     PARP(164)      changed from       11.50000 to       11.50000
     PARP(165)      changed from        0.50000 to        0.47679
     PARP(166)      changed from        0.00000 to        0.67597
     PARJ(1)        changed from        0.10000 to        0.10000
     PARJ(2)        changed from        0.30000 to        0.30000
     PARJ(11)       changed from        0.50000 to        0.50000
     PARJ(12)       changed from        0.60000 to        0.60000
     PARJ(21)       changed from        0.36000 to        0.40000
     PARJ(32)       changed from        1.00000 to        1.00000
     PARJ(33)       changed from        0.80000 to        0.80000
     PARJ(41)       changed from        0.30000 to        0.30000
     PARJ(42)       changed from        0.58000 to        0.58000
     PARJ(45)       changed from        0.50000 to        0.50000
     MSTJ(1)        changed from              1 to              1
     MSTJ(12)       changed from              2 to              1
     MSTJ(45)       changed from              5 to              5
     MSTU(112)      changed from              5 to              5
     MSTU(113)      changed from              3 to              5
     MSTU(114)      changed from              5 to              5
     CKIN(1)        changed from        2.00000 to        1.00000
     CKIN(2)        changed from       -1.00000 to       -1.00000
     CKIN(3)        changed from        0.00000 to        0.00000
     CKIN(4)        changed from       -1.00000 to       -1.00000
     CKIN(5)        changed from        1.00000 to        1.00000
     CKIN(6)        changed from        1.00000 to        1.00000
     CKIN(7)        changed from      -10.00000 to      -10.00000
     CKIN(8)        changed from       10.00000 to       10.00000
     CKIN(9)        changed from      -40.00000 to      -40.00000
     CKIN(10)       changed from       40.00000 to       40.00000
     CKIN(11)       changed from      -40.00000 to      -40.00000
     CKIN(12)       changed from       40.00000 to       40.00000
     CKIN(13)       changed from      -40.00000 to      -40.00000
     CKIN(14)       changed from       40.00000 to       40.00000
     CKIN(15)       changed from      -40.00000 to      -40.00000
     CKIN(16)       changed from       40.00000 to       40.00000
     CKIN(17)       changed from       -1.00000 to       -1.00000
     CKIN(18)       changed from        1.00000 to        1.00000
     CKIN(19)       changed from       -1.00000 to       -1.00000
     CKIN(20)       changed from        1.00000 to        1.00000
     CKIN(21)       changed from        0.00000 to        0.00000
     CKIN(22)       changed from        1.00000 to        1.00000
     CKIN(23)       changed from        0.00000 to        0.00000
     CKIN(24)       changed from        1.00000 to        1.00000
     CKIN(25)       changed from       -1.00000 to       -1.00000
     CKIN(26)       changed from        1.00000 to        1.00000
     CKIN(27)       changed from       -1.00000 to       -1.00000
     CKIN(28)       changed from        1.00000 to        1.00000
     CKIN(31)       changed from        2.00000 to        2.00000
     CKIN(32)       changed from       -1.00000 to       -1.00000
     CKIN(35)       changed from        0.00000 to        0.00000
     CKIN(36)       changed from       -1.00000 to       -1.00000
     CKIN(37)       changed from        0.00000 to        0.00000
     CKIN(38)       changed from       -1.00000 to       -1.00000
     CKIN(39)       changed from        4.00000 to        4.00000
     CKIN(40)       changed from       -1.00000 to       -1.00000
     CKIN(65)       changed from        0.00000 to        0.00000
     CKIN(66)       changed from       -1.00000 to       -1.00000
     CKIN(67)       changed from        0.00000 to        0.00000
     CKIN(68)       changed from       -1.00000 to       -1.00000
     CKIN(77)       changed from        2.00000 to        2.00000
     CKIN(78)       changed from       -1.00000 to       -1.00000
 *********************************************
 NOW all parameters are read by PYTHIA
 *********************************************
 SEED =    667342989
 RANLUX LUXURY LEVEL SET BY RLUXGO : 4     P= 389
 RANLUX INITIALIZED BY RLUXGO FROM SEEDS   667342989           0           0
   2771.0935550343875        10.000000000000000       -2771.0935550343875       -10.0000000    
 *********************************************
 proton beam momentum:   130.000000     GeV
 lepton beam momentum:   10.0000000     GeV
 resulting sqrt(s):   72.117599099066553      GeV
 *********************************************
1****************** PYINIT: initialization of PYTHIA routines *****************
 ==== PYTHIA WILL USE LHAPDF ====
 *************************************
 *       LHAPDF Version 5.9.1        *
 *   Configured for the following:   *
 *             All PDFs              *
 *         FULL MEMORY option        *
 *    Maximum  3 concurrent set(s)   *
 *************************************

 >>>>>> PDF description: <<<<<<
 CTEQ6M                                                          
 Reference:                                                      
 J. Pumplin, D.R. Stump, J. Huston, H.L. Lai, P. Nadolsky,       
 W.K. Tung                                                       
 hep-ph/0201195                                                  
 This set has 41 member PDFs.                                    
     mem=0 --> central value (cteq6m)                            
     mem=1-40 --> 20 sets of +ve/-ve error values                
 >>>>>>                   <<<<<<

 ==============================================
 PDFset name /cvmfs/sft.cern.ch/lcg/external/lhapdfsets/5.9.1/share/PDFsets/cteq6mE.LHgrid   
 with         40 members
 ====  initialized. ===========================
 Strong coupling at Mz for PDF is:  0.11798

 ==============================================================================
 I                                                                            I
 I      PYTHIA will be initialized for gamma/e- on p+ user configuration      I
 I                                                                            I
 I                  px (GeV/c)   py (GeV/c)   pz (GeV/c)      E (GeV)         I
 I        gamma/e-       0.000        0.000      -10.000       10.000         I
 I        p+             0.000        0.000      130.000      130.003         I
 I                                                                            I
 I           corresponding to     72.118 GeV center-of-mass energy            I
 I                                                                            I
 ==============================================================================

 ******** PYMAXI: summary of differential cross-section maximum search ********

           ==========================================================
           I                                      I                 I
           I  ISUB  Subprocess name               I  Maximum value  I
           I                                      I                 I
           ==========================================================
           I                                      I                 I
           I   91   Elastic scattering            I    4.1710D-04   I
           I   92   Single diffractive (XB)       I    3.1940D-04   I
           I   93   Single diffractive (AX)       I    2.6141D-04   I
           I   94   Double  diffractive           I    2.4494D-04   I
           I   95   Low-pT scattering             I    1.9207D-03   I
           I   96   Semihard QCD 2 -> 2           I    1.7479D-02   I
           I                                      I                 I
           ==========================================================

 ******** PYMAXI: summary of differential cross-section maximum search ********

           ==========================================================
           I                                      I                 I
           I  ISUB  Subprocess name               I  Maximum value  I
           I                                      I                 I
           ==========================================================
           I                                      I                 I
           I  131   f + gamma*_T -> f + g         I    1.9221D-04   I
           I  132   f + gamma*_L -> f + g         I    9.2718D-06   I
           I  135   g + gamma*_T -> f + fbar      I    5.4466D-04   I
           I  136   g + gamma*_L -> f + fbar      I    8.8198D-05   I
           I                                      I                 I
           ==========================================================

 ******** PYMAXI: summary of differential cross-section maximum search ********

           ==========================================================
           I                                      I                 I
           I  ISUB  Subprocess name               I  Maximum value  I
           I                                      I                 I
           ==========================================================
           I                                      I                 I
           I   91   Elastic scattering            I    1.0588D-04   I
           I   92   Single diffractive (XB)       I    8.2750D-05   I
           I   93   Single diffractive (AX)       I    6.5818D-05   I
           I   94   Double  diffractive           I    6.3002D-05   I
           I   95   Low-pT scattering             I    5.2345D-04   I
           I   96   Semihard QCD 2 -> 2           I    1.1588D-02   I
           I                                      I                 I
           ==========================================================

 ******** PYMAXI: summary of differential cross-section maximum search ********

           ==========================================================
           I                                      I                 I
           I  ISUB  Subprocess name               I  Maximum value  I
           I                                      I                 I
           ==========================================================
           I                                      I                 I
           I   99   q + gamma* -> q               I    1.9857D-03   I
           I                                      I                 I
           ==========================================================

 ********************** PYINIT: initialization completed **********************
 the outputfile will be named: outfiles/ep_10x130_Q2_1_10_norad.out                                                                                                                                                                                                                            



                            Event listing (standard)

    I  particle/jet  K(I,1)   K(I,2) K(I,3)     K(I,4)      K(I,5)       P(I,1)       P(I,2)       P(I,3)       P(I,4)       P(I,5)

    1  !e-!              21        11    0           3           4      0.00000      0.00000    -10.00000     10.00000      0.00051
    2  !p+!              21      2212    0           5           0     -0.00000      0.00000    130.00000    130.00339      0.93827
 ==================================================================================================================================
    3  !e-!              21        11    1           0           0     -0.16029      1.03002     -6.61869      6.70027      0.00051
    4  !gamma!           21        22    1           0           0      0.16029     -1.03002     -3.38131      3.29973     -1.27739
    5  !p+!              21      2212    2           0           0     -0.00000      0.00000    130.00000    130.00339      0.93827
    6  !gamma!           21        22    4           0           0      0.16037     -1.03054     -3.38290      3.30152     -1.27739
    7  !u!               21         2    5           0           0     -0.00000      0.00000      0.12205      0.12205      0.00000
    8  !gamma!           21        22    6           0           0      0.16037     -1.03054     -3.38290      3.30152     -1.27739
    9  !u!               21         2    7           0           0     -0.00000      0.00000      0.12205      0.12205      0.00000
   10  !u!               21         2    9           0           0      0.16037     -1.03054     -3.26085      3.42358      0.00000
 ==================================================================================================================================
   11  e-                 1        11    3           0           0     -0.16029      1.03002     -6.61869      6.70027      0.00051
   12  (ud_0)        A   12      2101    5          15          15      0.26480      0.69481    129.50347    129.50690      0.57933
   13  (g)           I   12        21   10          15          15     -0.09385     -1.23225     -0.45490      1.31688      0.00000
   14  (u)           V   11         2   10          15          15     -0.01066     -0.49258     -2.42989      2.47933      0.00000
 ==================================================================================================================================
   15  (string)          11        92   12          16          24      0.16029     -1.03002    126.61869    133.30311     41.66944
   16  p+                 1      2212   15           0           0     -0.49836      0.00460     32.84811     32.86528      0.93827
   17  pbar-              1     -2212   15           0           0      0.72970      0.12207     57.30866     57.32112      0.93827
   18  p+                 1      2212   15           0           0     -0.35744      0.55006     24.24631     24.27333      0.93827
   19  pi-                1      -211   15           0           0      0.33234     -0.46135      7.93531      7.95688      0.13957
   20  (Kbar0)           11      -311   15          25          25     -0.35371      0.59827      1.55160      1.77149      0.49767
   21  (K*0)             11       313   15          26          27      0.66161     -0.44191      4.29242      4.46300      0.92765
   22  (K*bar0)          11      -313   15          28          29     -0.41340     -0.21159      0.90147      1.34755      0.88746
   23  (K*+)             11       323   15          30          31     -0.22046     -0.27240     -1.03935      1.41442      0.89305
   24  (omega)           11       223   15          32          33      0.28001     -0.91777     -1.42584      1.89005      0.78648
   25  K_L0               1       130   20           0           0     -0.35371      0.59827      1.55160      1.77149      0.49767
   26  (K0)              11       311   21          34          34      0.22958     -0.29645      3.34999      3.40745      0.49767
   27  (pi0)             11       111   21          35          36      0.43203     -0.14546      0.94242      1.05555      0.13498
   28  K-                 1      -321   22           0           0     -0.54862     -0.27472      0.63398      1.01096      0.49360
   29  pi+                1       211   22           0           0      0.13522      0.06313      0.26749      0.33660      0.13957
   30  (K0)              11       311   23          37          37     -0.11026     -0.47008     -0.74524      1.01793      0.49767
   31  pi+                1       211   23           0           0     -0.11020      0.19768     -0.29411      0.39649      0.13957
   32  gamma              1        22   24           0           0      0.40033     -0.97114     -1.17171      1.57362      0.00000
   33  (pi0)             11       111   24          38          39     -0.12032      0.05337     -0.25413      0.31642      0.13498
   34  (K_S0)            11       310   26          40          41      0.22958     -0.29645      3.34999      3.40745      0.49767
   35  gamma              1        22   27           0           0      0.32009     -0.04608      0.59379      0.67614      0.00000
   36  gamma              1        22   27           0           0      0.11194     -0.09938      0.34864      0.37941      0.00000
   37  (K_S0)            11       310   30          42          43     -0.11026     -0.47008     -0.74524      1.01793      0.49767
   38  gamma              1        22   33           0           0     -0.00581      0.00028     -0.15713      0.15724      0.00000
   39  gamma              1        22   33           0           0     -0.11451      0.05309     -0.09699      0.15918      0.00000
   40  pi+                1       211   34           0           0      0.07581     -0.07244      2.46596      2.47213      0.13957
   41  pi-                1      -211   34           0           0      0.15378     -0.22401      0.88404      0.93532      0.13957
   42  (pi0)             11       111   37          44          45      0.02931     -0.46387     -0.42881      0.64663      0.13498
   43  (pi0)             11       111   37          46          47     -0.13957     -0.00621     -0.31643      0.37130      0.13498
   44  gamma              1        22   42           0           0      0.02174     -0.44786     -0.35838      0.57400      0.00000
   45  gamma              1        22   42           0           0      0.00757     -0.01601     -0.07043      0.07263      0.00000
   46  gamma              1        22   43           0           0     -0.06778     -0.06814     -0.12498      0.15767      0.00000
   47  gamma              1        22   43           0           0     -0.07179      0.06193     -0.19145      0.21364      0.00000
 ==================================================================================================================================
                   sum charge:  0.00   sum momentum and inv. mass:      0.00000     -0.00000    120.00000    140.00339     72.11760



                            Event listing (standard)

    I  particle/jet  K(I,1)   K(I,2) K(I,3)     K(I,4)      K(I,5)       P(I,1)       P(I,2)       P(I,3)       P(I,4)       P(I,5)

    1  !e-!              21        11    0           3           4      0.00000      0.00000    -10.00000     10.00000      0.00051
    2  !p+!              21      2212    0           5           0     -0.00000      0.00000    130.00000    130.00339      0.93827
 ==================================================================================================================================
    3  !e-!              21        11    1           0           0      0.25016      1.24840     -9.48192      9.56702      0.00051
    4  !gamma!           21        22    1           0           0     -0.25016     -1.24840     -0.51808      0.43298     -1.30461
    5  !p+!              21      2212    2           0           0     -0.00000      0.00000    130.00000    130.00339      0.93827
    6  !gamma!           21        22    4           0           0     -0.25105     -1.25284     -0.51356      0.44088     -1.30461
    7  !u!               21         2    5           0           0      0.00001      0.00003      0.89158      0.89158      0.00000
    8  !gamma!           21        22    6           0           0     -0.25105     -1.25284     -0.51356      0.44088     -1.30461
    9  !u!               21         2    7           0           0      0.00001      0.00003      0.89158      0.89158      0.00000
   10  !u!               21         2    9           0           0     -0.25105     -1.25281      0.37802      1.33246      0.00000
 ==================================================================================================================================
   11  e-                 1        11    3           0           0      0.25016      1.24840     -9.48192      9.56702      0.00051
   12  (u)           A   12         2   10          14          14     -0.84588     -1.31662      0.81258      1.76331      0.00000
   13  (ud_1)        V   11      2103    5          14          14      0.59572      0.06822    128.66934    128.67305      0.77133
 ==================================================================================================================================
   14  (string)          11        92   12          15          20     -0.25016     -1.24840    129.48192    130.43636     15.69893
   15  (eta)             11       221   14          21          23     -0.50925     -0.81896      0.99478      1.48973      0.54745
   16  (eta)             11       221   14          24          25     -0.80771      0.11407      2.30683      2.50731      0.54745
   17  (rho+)            11       213   14          26          27      0.13407     -0.18771      2.34378      2.49766      0.83171
   18  (Delta0)          11      2114   14          28          29      0.50861     -0.54932     14.25800     14.33300      1.25854
   19  pbar-              1     -2212   14           0           0      0.11509      0.12035     21.75740     21.77826      0.93827
   20  (Delta+)          11      2214   14          30          31      0.30904      0.07316     87.82113     87.83041      1.23657
   21  (pi0)             11       111   15          32          33     -0.04538     -0.18538      0.15624      0.28117      0.13498
   22  (pi0)             11       111   15          34          35     -0.40803     -0.37144      0.50714      0.76149      0.13498
   23  (pi0)             11       111   15          36          37     -0.05584     -0.26214      0.33140      0.44708      0.13498
   24  gamma              1        22   16           0           0     -0.02768     -0.15441      0.33778      0.37243      0.00000
   25  gamma              1        22   16           0           0     -0.78003      0.26848      1.96906      2.13488      0.00000
   26  pi+                1       211   17           0           0      0.32794     -0.30385      0.76428      0.89637      0.13957
   27  (pi0)             11       111   17          38          39     -0.19387      0.11614      1.57950      1.60129      0.13498
   28  n0                 1      2112   18           0           0      0.28984     -0.22337      8.39768      8.45800      0.93957
   29  (pi0)             11       111   18          40          41      0.21877     -0.32594      5.86032      5.87500      0.13498
   30  p+                 1      2212   20           0           0      0.44685      0.14284     78.59385     78.60085      0.93827
   31  (pi0)             11       111   20          42          43     -0.13781     -0.06968      9.22728      9.22956      0.13498
   32  gamma              1        22   21           0           0     -0.02285     -0.17127      0.17707      0.24741      0.00000
   33  gamma              1        22   21           0           0     -0.02253     -0.01411     -0.02082      0.03377      0.00000
   34  gamma              1        22   22           0           0     -0.39990     -0.33747      0.43171      0.67836      0.00000
   35  gamma              1        22   22           0           0     -0.00813     -0.03397      0.07543      0.08312      0.00000
   36  gamma              1        22   23           0           0     -0.06231     -0.19095      0.14582      0.24821      0.00000
   37  gamma              1        22   23           0           0      0.00647     -0.07119      0.18558      0.19887      0.00000
   38  gamma              1        22   27           0           0      0.01212      0.04228      0.23216      0.23629      0.00000
   39  gamma              1        22   27           0           0     -0.20600      0.07386      1.34734      1.36499      0.00000
   40  gamma              1        22   29           0           0      0.05414     -0.03389      0.47741      0.48166      0.00000
   41  gamma              1        22   29           0           0      0.16463     -0.29205      5.38291      5.39334      0.00000
   42  gamma              1        22   31           0           0     -0.07388     -0.04785      7.95516      7.95565      0.00000
   43  gamma              1        22   31           0           0     -0.06393     -0.02183      1.27212      1.27391      0.00000
 ==================================================================================================================================
                   sum charge:  0.00   sum momentum and inv. mass:      0.00000      0.00000    120.00000    140.00339     72.11760



                            Event listing (standard)

    I  particle/jet  K(I,1)   K(I,2) K(I,3)     K(I,4)      K(I,5)       P(I,1)       P(I,2)       P(I,3)       P(I,4)       P(I,5)

    1  !e-!              21        11    0           3           4      0.00000      0.00000    -10.00000     10.00000      0.00051
    2  !p+!              21      2212    0           5           0     -0.00000      0.00000    130.00000    130.00339      0.93827
 ==================================================================================================================================
    3  !e-!              21        11    1           0           0      1.01252     -0.19462     -9.94603      9.99933      0.00051
    4  !gamma!           21        22    1           0           0     -1.01252      0.19462     -0.05397      0.00067     -1.03247
    5  !p+!              21      2212    2           0           0      0.00000     -0.00000    130.00000    130.00339      0.93827
    6  !gamma!           21        22    4           0           0     -1.07442      0.20652      1.10018      1.15819     -1.03247
    7  !u!               21         2    5           0           0      0.00437     -0.00084      9.10288      9.10288      0.00000
    8  !gamma!           21        22    6           0           0     -1.07442      0.20652      1.10018      1.15819     -1.03247
    9  !u!               21         2    7           0           0      0.00437     -0.00084      9.10288      9.10288      0.00000
   10  !u!               21         2    9           0           0     -1.07004      0.20567     10.20306     10.26108      0.00000
 ==================================================================================================================================
   11  e-                 1        11    3           0           0      1.01252     -0.19462     -9.94603      9.99933      0.00051
   12  (u)           A   12         2   10          14          14     -1.16312      0.01990     11.97192     12.02831      0.00000
   13  (ud_0)        V   11      2101    5          14          14      0.15060      0.17472    117.97411    117.97575      0.57933
 ==================================================================================================================================
   14  (string)          11        92   12          15          17     -1.01252      0.19462    129.94603    130.00406      3.74466
   15  K+                 1       321   14           0           0     -0.01140     -0.17742      8.16485      8.18169      0.49360
   16  (K*-)             11      -323   14          18          19     -0.81650      0.46156     23.77489     23.81138      0.92555
   17  p+                 1      2212   14           0           0     -0.18462     -0.08952     98.00629     98.01099      0.93827
   18  K-                 1      -321   16           0           0     -0.31631     -0.00504     13.59805     13.61068      0.49360
   19  (pi0)             11       111   16          20          21     -0.50019      0.46660     10.17684     10.20070      0.13498
   20  gamma              1        22   19           0           0     -0.19984      0.14626      2.86565      2.87633      0.00000
   21  gamma              1        22   19           0           0     -0.30035      0.32034      7.31119      7.32436      0.00000
 ==================================================================================================================================
                   sum charge:  0.00   sum momentum and inv. mass:      0.00000     -0.00000    120.00000    140.00339     72.11760



                            Event listing (standard)

    I  particle/jet  K(I,1)   K(I,2) K(I,3)     K(I,4)      K(I,5)       P(I,1)       P(I,2)       P(I,3)       P(I,4)       P(I,5)

    1  !e-!              21        11    0           3           4      0.00000      0.00000    -10.00000     10.00000      0.00051
    2  !p+!              21      2212    0           5           0     -0.00000      0.00000    130.00000    130.00339      0.93827
 ==================================================================================================================================
    3  !e-!              21        11    1           0           0     -1.37992      0.89135     -9.34479      9.48809      0.00051
    4  !gamma!           21        22    1           0           0      1.37992     -0.89135     -0.65521      0.51191     -1.69290
    5  !p+!              21      2212    2           0           0     -0.00000     -0.00000    130.00000    130.00339      0.93827
    6  !gamma!           21        22    4           0           0      1.38392     -0.89394     -0.64999      0.52051     -1.69290
    7  !u!               21         2    5           0           0     -0.00004      0.00002      1.22416      1.22416      0.00000
    8  !gamma!           21        22    6           0           0      1.38392     -0.89394     -0.64999      0.52051     -1.69290
    9  !u!               21         2    7           0           0     -0.00004      0.00002      1.22416      1.22416      0.00000
   10  !u!               21         2    9           0           0      1.38388     -0.89391      0.57417      1.74467      0.00000
 ==================================================================================================================================
   11  e-                 1        11    3           0           0     -1.37992      0.89135     -9.34479      9.48809      0.00051
   12  (u)           A   12         2   10          14          14      2.21148     -0.65129      1.69547      2.86172      0.00000
   13  (ud_0)        V   11      2101    5          14          14     -0.83157     -0.24006    127.64932    127.65357      0.57933
 ==================================================================================================================================
   14  (string)          11        92   12          15          21      1.37992     -0.89135    129.34479    130.51530     17.36283
   15  pi+                1       211   14           0           0      0.31462      0.07623      0.12180      0.37298      0.13957
   16  (K0)              11       311   14          22          22      0.88508     -0.25352      1.39795      1.74631      0.49767
   17  K-                 1      -321   14           0           0      1.08047     -0.77223      2.21667      2.63079      0.49360
   18  pi+                1       211   14           0           0      0.17626      0.67861      2.02823      2.15053      0.13957
   19  pi-                1      -211   14           0           0     -0.34738     -0.43819     22.24308     22.25055      0.13957
   20  (K*+)             11       323   14          23          24     -0.44029      0.34389     32.07836     32.09386      0.82620
   21  (Lambda0)         11      3122   14          25          26     -0.28886     -0.52613     69.25869     69.27028      1.11568
   22  (K_S0)            11       310   16          27          28      0.88508     -0.25352      1.39795      1.74631      0.49767
   23  K+                 1       321   20           0           0     -0.02302      0.16856     18.07015     18.07769      0.49360
   24  (pi0)             11       111   20          29          30     -0.41727      0.17533     14.00821     14.01617      0.13498
   25  p+                 1      2212   21           0           0     -0.17550     -0.46764     62.06615     62.07525      0.93827
   26  pi-                1      -211   21           0           0     -0.11335     -0.05849      7.19254      7.19503      0.13957
   27  pi+                1       211   22           0           0      0.18980      0.08589      0.44616      0.51180      0.13957
   28  pi-                1      -211   22           0           0      0.69528     -0.33941      0.95179      1.23451      0.13957
   29  gamma              1        22   24           0           0     -0.39681      0.12903     12.99347     13.00017      0.00000
   30  gamma              1        22   24           0           0     -0.02045      0.04630      1.01474      1.01600      0.00000
 ==================================================================================================================================
                   sum charge:  0.00   sum momentum and inv. mass:     -0.00000     -0.00000    120.00000    140.00339     72.11760



                            Event listing (standard)

    I  particle/jet  K(I,1)   K(I,2) K(I,3)     K(I,4)      K(I,5)       P(I,1)       P(I,2)       P(I,3)       P(I,4)       P(I,5)

    1  !e-!              21        11    0           3           4      0.00000      0.00000    -10.00000     10.00000      0.00051
    2  !p+!              21      2212    0           5           0     -0.00000      0.00000    130.00000    130.00339      0.93827
 ==================================================================================================================================
    3  !e-!              21        11    1           0           0      0.63172      1.61228     -9.79980      9.95161      0.00051
    4  !gamma!           21        22    1           0           0     -0.63172     -1.61228     -0.20020      0.04839     -1.74248
    5  !p+!              21      2212    2           0           0     -0.00000      0.00000    130.00000    130.00339      0.93827
    6  !gamma!           21        22    4           0           0     -0.64031     -1.63419     -0.03801      0.21397     -1.74248
    7  !u!               21         2    5           0           0      0.00040      0.00102      6.01719      6.01719      0.00000
    8  !gamma!           21        22    6           0           0     -0.64031     -1.63419     -0.03801      0.21397     -1.74248
    9  !u!               21         2    7           0           0      0.00040      0.00102      6.01719      6.01719      0.00000
   10  !u!               21         2    9           0           0     -0.63991     -1.63318      5.97918      6.23116      0.00000
 ==================================================================================================================================
   11  e-                 1        11    3           0           0      0.63172      1.61228     -9.79980      9.95161      0.00051
   12  (u)           A   12         2   10          14          14     -0.57078     -1.44943      4.73865      4.98813      0.00000
   13  (ud_1)        V   11      2103    5          14          14     -0.06094     -0.16284    125.06115    125.06365      0.77133
 ==================================================================================================================================
   14  (string)          11        92   12          15          18     -0.63172     -1.61228    129.79980    130.05178      7.90438
   15  pi+                1       211   14           0           0     -0.69606     -0.96009      3.54212      3.73796      0.13957
   16  (K0)              11       311   14          19          19      0.02152      0.18875      8.08187      8.09940      0.49767
   17  (Kbar0)           11      -311   14          20          20     -0.02927     -0.80394     14.37565     14.40674      0.49767
   18  (Delta0)          11      2114   14          21          22      0.07208     -0.03698    103.80016    103.80767      1.24613
   19  K_L0               1       130   16           0           0      0.02152      0.18875      8.08187      8.09940      0.49767
   20  (K_S0)            11       310   17          23          24     -0.02927     -0.80394     14.37565     14.40674      0.49767
   21  n0                 1      2112   18           0           0     -0.14056      0.05845     88.72613     88.73124      0.93957
   22  (pi0)             11       111   18          25          26      0.21264     -0.09544     15.07402     15.07643      0.13498
   23  pi-                1      -211   20           0           0      0.10441     -0.44806      5.20603      5.22818      0.13957
   24  pi+                1       211   20           0           0     -0.13368     -0.35588      9.16962      9.17856      0.13957
   25  gamma              1        22   22           0           0      0.12935      0.00134      9.83378      9.83463      0.00000
   26  gamma              1        22   22           0           0      0.08329     -0.09677      5.24025      5.24180      0.00000
 ==================================================================================================================================
                   sum charge:  0.00   sum momentum and inv. mass:      0.00000      0.00000    120.00000    140.00339     72.11760



                            Event listing (standard)

    I  particle/jet  K(I,1)   K(I,2) K(I,3)     K(I,4)      K(I,5)       P(I,1)       P(I,2)       P(I,3)       P(I,4)       P(I,5)

    1  !e-!              21        11    0           3           4      0.00000      0.00000    -10.00000     10.00000      0.00051
    2  !p+!              21      2212    0           5           0     -0.00000      0.00000    130.00000    130.00339      0.93827
 ==================================================================================================================================
    3  !e-!              21        11    1           0           0     -1.08364      0.03500     -9.56400      9.62526      0.00051
    4  !gamma!           21        22    1           0           0      1.08364     -0.03500     -0.43600      0.37474     -1.10687
    5  !p+!              21      2212    2           0           0     -0.00000      0.00000    130.00000    130.00339      0.93827
    6  !gamma!           21        22    4           0           0      1.08816     -0.03514     -0.43152      0.38260     -1.10687
    7  !u!               21         2    5           0           0     -0.00003      0.00000      0.75241      0.75241      0.00000
    8  !gamma!           21        22    6           0           0      1.08816     -0.03514     -0.43152      0.38260     -1.10687
    9  !u!               21         2    7           0           0     -0.00003      0.00000      0.75241      0.75241      0.00000
   10  !u!               21         2    9           0           0      1.08814     -0.03514      0.32089      1.13501      0.00000
 ==================================================================================================================================
   11  e-                 1        11    3           0           0     -1.08364      0.03500     -9.56400      9.62526      0.00051
   12  (u)           A   12         2   10          14          14      0.92581     -0.14391      0.13374      0.94642      0.00000
   13  (ud_0)        V   11      2101    5          14          14      0.15783      0.10891    129.43026    129.43170      0.57933
 ==================================================================================================================================
   14  (string)          11        92   12          15          19      1.08364     -0.03500    129.56400    130.37813     14.50689
   15  (rho+)            11       213   14          20          21      0.11872     -0.12400      1.94165      2.08735      0.74669
   16  (eta)             11       221   14          22          23      0.72471      0.01321      0.48482      1.02963      0.54745
   17  (rho-)            11      -213   14          24          25      0.26788     -0.08797      4.19745      4.28131      0.79469
   18  (rho+)            11       213   14          26          27     -0.07349     -0.03298      8.43516      8.47089      0.77303
   19  n0                 1      2112   14           0           0      0.04581      0.19673    114.50491    114.50894      0.93957
   20  pi+                1       211   15           0           0     -0.09786     -0.32277      0.56092      0.66923      0.13957
   21  (pi0)             11       111   15          28          29      0.21658      0.19878      1.38074      1.41812      0.13498
   22  gamma              1        22   16           0           0      0.32153     -0.23278      0.37206      0.54406      0.00000
   23  gamma              1        22   16           0           0      0.40318      0.24599      0.11276      0.48557      0.00000
   24  pi-                1      -211   17           0           0     -0.02163     -0.33484      2.89521      2.91793      0.13957
   25  (pi0)             11       111   17          30          31      0.28951      0.24687      1.30224      1.36338      0.13498
   26  pi+                1       211   18           0           0     -0.10332      0.32727      5.11094      5.12435      0.13957
   27  (pi0)             11       111   18          32          33      0.02984     -0.36025      3.32422      3.34654      0.13498
   28  gamma              1        22   21           0           0      0.14494      0.12266      1.13953      1.15524      0.00000
   29  gamma              1        22   21           0           0      0.07164      0.07612      0.24120      0.26288      0.00000
   30  gamma              1        22   25           0           0      0.16445      0.20128      0.99807      1.03136      0.00000
   31  gamma              1        22   25           0           0      0.12507      0.04559      0.30417      0.33202      0.00000
   32  gamma              1        22   27           0           0      0.02749     -0.23338      1.54141      1.55922      0.00000
   33  gamma              1        22   27           0           0      0.00235     -0.12687      1.78281      1.78732      0.00000
 ==================================================================================================================================
                   sum charge:  0.00   sum momentum and inv. mass:      0.00000      0.00000    120.00000    140.00339     72.11760



                            Event listing (standard)

    I  particle/jet  K(I,1)   K(I,2) K(I,3)     K(I,4)      K(I,5)       P(I,1)       P(I,2)       P(I,3)       P(I,4)       P(I,5)

    1  !e-!              21        11    0           3           4      0.00000      0.00000    -10.00000     10.00000      0.00051
    2  !p+!              21      2212    0           5           0     -0.00000      0.00000    130.00000    130.00339      0.93827
 ==================================================================================================================================
    3  !e-!              21        11    1           0           0     -0.38815     -2.53796     -8.73125      9.10091      0.00051
    4  !gamma!           21        22    1           0           0      0.38815      2.53796     -1.26875      0.89909     -2.71906
    5  !p+!              21      2212    2           0           0     -0.00000      0.00000    130.00000    130.00339      0.93827
    6  !gamma!           21        22    4           0           0      0.38875      2.54193     -1.26541      0.90582     -2.71906
    7  !ubar!            21        -2    5           0           0     -0.00001     -0.00005      1.70250      1.70250      0.00000
    8  !gamma!           21        22    6           0           0      0.38875      2.54193     -1.26541      0.90582     -2.71906
    9  !ubar!            21        -2    7           0           0     -0.00001     -0.00005      1.70250      1.70250      0.00000
   10  !ubar!            21        -2    9           0           0      0.38874      2.54187      0.43708      2.60831      0.00000
 ==================================================================================================================================
   11  (Delta++)         11      2224    5          16          17      0.13687     -0.62894    122.23295    122.24015      1.16086
   12  e-                 1        11    3           0           0     -0.38815     -2.53796     -8.73125      9.10091      0.00051
   13  (d)           A   12         1    5          18          18     -0.07916      0.48898      5.32922      5.36236      0.33000
   14  (g)           I   12        21   10          18          18     -0.06997      1.98081      0.13015      1.98631      0.00000
   15  (ubar)        V   11        -2   10          18          18      0.40041      0.69712      1.03893      1.31365      0.00000
 ==================================================================================================================================
   16  p+                 1      2212   11           0           0      0.12420     -0.37486     85.47799     85.48405      0.93827
   17  pi+                1       211   11           0           0      0.01267     -0.25408     36.75496     36.75610      0.13957
   18  (string)          11        92   13          19          22      0.25128      3.16690      6.49830      8.66232      4.76608
   19  pi-                1      -211   18           0           0      0.14040     -0.12334      2.84929      2.85883      0.13957
   20  pi+                1       211   18           0           0     -0.26320      1.38659      1.36601      1.96911      0.13957
   21  n0                 1      2112   18           0           0      0.47810      0.26449      1.32597      1.71450      0.93957
   22  pbar-              1     -2212   18           0           0     -0.10402      1.63916      0.95702      2.11989      0.93827
 ==================================================================================================================================
                   sum charge:  0.00   sum momentum and inv. mass:      0.00000      0.00000    120.00000    140.00339     72.11760



                            Event listing (standard)

    I  particle/jet  K(I,1)   K(I,2) K(I,3)     K(I,4)      K(I,5)       P(I,1)       P(I,2)       P(I,3)       P(I,4)       P(I,5)

    1  !e-!              21        11    0           3           4      0.00000      0.00000    -10.00000     10.00000      0.00051
    2  !p+!              21      2212    0           5           0     -0.00000      0.00000    130.00000    130.00339      0.93827
 ==================================================================================================================================
    3  !e-!              21        11    1           0           0     -0.80191     -1.28379     -9.76750      9.88409      0.00051
    4  !gamma!           21        22    1           0           0      0.80191      1.28379     -0.23250      0.11591     -1.52702
    5  !p+!              21      2212    2           0           0     -0.00000     -0.00000    130.00000    130.00339      0.93827
    6  !gamma!           21        22    4           0           0      0.80969      1.29626     -0.17007      0.18172     -1.52702
    7  !dbar!            21        -1    5           0           0     -0.00020     -0.00032      3.31255      3.31255      0.00000
    8  !gamma!           21        22    6           0           0      0.80969      1.29626     -0.17007      0.18172     -1.52702
    9  !dbar!            21        -1    7           0           0     -0.00020     -0.00032      3.31255      3.31255      0.00000
   10  !dbar!            21        -1    9           0           0      0.80949      1.29594      3.14248      3.49427      0.00000
 ==================================================================================================================================
   11  (Delta0)          11      2114    5          16          17      0.50511     -0.28296     67.13740     67.15123      1.23381
   12  e-                 1        11    3           0           0     -0.80191     -1.28379     -9.76750      9.88409      0.00051
   13  (u)           A   12         2    5          18          18      0.00367     -0.17890     53.69825     53.69957      0.33000
   14  (g)           I   12        21   10          18          18     -0.21291     -0.21952      2.63626      2.65394      0.00000
   15  (dbar)        V   11        -1   10          18          18      0.50603      1.96516      6.29559      6.61456      0.00000
 ==================================================================================================================================
   16  p+                 1      2212   11           0           0      0.64095     -0.21473     56.63631     56.64811      0.93827
   17  pi-                1      -211   11           0           0     -0.13584     -0.06823     10.50109     10.50312      0.13957
   18  (string)          11        92   13          19          23      0.29679      1.56675     62.63011     62.96806      6.31697
   19  (rho0)            11       113   18          24          25      0.50040     -0.13159      7.88661      7.93686      0.72620
   20  K+                 1       321   18           0           0      0.57126      0.14699     31.48664     31.49603      0.49360
   21  K-                 1      -321   18           0           0     -0.83306      0.27970     10.33407     10.38310      0.49360
   22  pi+                1       211   18           0           0     -0.54804      0.94330      9.77009      9.83180      0.13957
   23  (omega)           11       223   18          26          28      0.60623      0.32835      3.15270      3.32027      0.78062
   24  pi-                1      -211   19           0           0      0.55955     -0.30307      5.23354      5.27394      0.13957
   25  pi+                1       211   19           0           0     -0.05915      0.17149      2.65307      2.66292      0.13957
   26  pi+                1       211   23           0           0      0.25111      0.37131      0.96166      1.07014      0.13957
   27  pi-                1      -211   23           0           0      0.31909     -0.00808      1.23066      1.27902      0.13957
   28  (pi0)             11       111   23          29          30      0.03602     -0.03487      0.96038      0.97111      0.13498
   29  gamma              1        22   28           0           0     -0.04357     -0.03166      0.22155      0.22800      0.00000
   30  gamma              1        22   28           0           0      0.07960     -0.00321      0.73883      0.74311      0.00000
 ==================================================================================================================================
                   sum charge:  0.00   sum momentum and inv. mass:     -0.00000     -0.00000    120.00000    140.00339     72.11760



                            Event listing (standard)

    I  particle/jet  K(I,1)   K(I,2) K(I,3)     K(I,4)      K(I,5)       P(I,1)       P(I,2)       P(I,3)       P(I,4)       P(I,5)

    1  !e-!              21        11    0           3           4      0.00000      0.00000    -10.00000     10.00000      0.00051
    2  !p+!              21      2212    0           5           0     -0.00000      0.00000    130.00000    130.00339      0.93827
 ==================================================================================================================================
    3  !e-!              21        11    1           0           0     -1.47742      2.24933     -7.31484      7.79417      0.00051
    4  !gamma!           21        22    1           0           0      1.47742     -2.24933     -2.68516      2.20583     -3.09624
    5  !p+!              21      2212    2           0           0     -0.00000      0.00000    130.00000    130.00339      0.93827
    6  !g!               21        21    4           0           0      0.35016     -1.46233     -0.77149      1.69003     -0.00000
    7  !u!               21         2    5           0           0      0.21673      0.11456     61.29243     61.29292     -0.00000
    8  !g!               21        21    6           0           0      0.35016     -1.46233     -0.77149      1.69003      0.00000
    9  !u!               21         2    7           0           0      0.21673      0.11456     61.29243     61.29292      0.00000
   10  !g!               21        21    0           0           0      1.76306     -0.39754     -0.55221      1.88980      0.00000
   11  !u!               21         2    0           0           0     -1.19617     -0.95022     61.07316     61.09315      0.33000
 ==================================================================================================================================
   12  e-                 1        11    3           0           0     -1.47742      2.24933     -7.31484      7.79417      0.00051
   13  (u)           A   12         2   11          19          19     -1.62538     -0.46025     50.96039     50.98945      0.33000
   14  (g)           I   12        21   11          19          19      0.45178     -0.49506     10.10570     10.12790      0.00000
   15  (g)           I   12        21   10          19          19      1.74049     -0.39245     -0.54514      1.86561      0.00000
   16  (cbar)        V   11        -4    4          19          19      0.53500     -0.57873     -0.40567      1.74233      1.50000
   17  (c)           A   12         4    4          26          26      0.59213     -0.20808      4.56039      4.84160      1.50000
   18  (ud_0)        V   11      2101    5          26          26     -0.21660     -0.11476     62.63917     62.64233      0.57933
 ==================================================================================================================================
   19  (string)          11        92   13          20          25      1.10189     -1.92650     60.11528     64.72529     23.88705
   20  p+                 1      2212   19           0           0     -1.12161     -0.41068     34.64645     34.67973      0.93827
   21  pbar-              1     -2212   19           0           0     -0.10915     -0.35199     24.14337     24.16440      0.93827
   22  pi+                1       211   19           0           0      0.33059      0.23101      0.77357      0.88348      0.13957
   23  (rho-)            11      -213   19          30          31      0.01678     -0.44874      1.14072      1.40772      0.69194
   24  (rho+)            11       213   19          32          33      0.11821     -0.46145     -0.05353      0.85103      0.70319
   25  (D-)              11      -411   19          34          35      1.86708     -0.48464     -0.53530      2.73892      1.86930
   26  (string)          11        92   17          27          29      0.37553     -0.32284     67.19956     67.48393      6.16882
   27  (D+)              11       411   26          36          37      0.68744     -0.40323      8.09298      8.34421      1.86930
   28  pi-                1      -211   26           0           0      0.36302     -0.01539      3.59197      3.61300      0.13957
   29  p+                 1      2212   26           0           0     -0.67494      0.09578     55.51460     55.52672      0.93827
   30  pi-                1      -211   23           0           0      0.12021      0.00769      0.78032      0.80180      0.13957
   31  (pi0)             11       111   23          38          39     -0.10343     -0.45643      0.36040      0.60591      0.13498
   32  pi+                1       211   24           0           0     -0.08239     -0.23866     -0.31780      0.42921      0.13957
   33  (pi0)             11       111   24          40          41      0.20060     -0.22279      0.26427      0.42182      0.13498
   34  (K0)              11       311   25          42          42      0.63781      0.19345      0.07198      0.83492      0.49767
   35  (rho-)            11      -213   25          43          44      1.22926     -0.67810     -0.60728      1.90400      1.13381
   36  (K*bar0)          11      -313   27          45          46      0.32591     -0.48644      4.79990      4.91691      0.89114
   37  (rho+)            11       213   27          47          48      0.36153      0.08321      3.29309      3.42730      0.87428
   38  gamma              1        22   31           0           0     -0.02045     -0.35053      0.28075      0.44956      0.00000
   39  gamma              1        22   31           0           0     -0.08298     -0.10590      0.07965      0.15635      0.00000
   40  gamma              1        22   33           0           0      0.13561     -0.05882      0.08586      0.17095      0.00000
   41  gamma              1        22   33           0           0      0.06499     -0.16397      0.17840      0.25087      0.00000
   42  K_L0               1       130   34           0           0      0.63781      0.19345      0.07198      0.83492      0.49767
   43  pi-                1      -211   35           0           0      0.11445      0.27259     -0.17316      0.36996      0.13957
   44  (pi0)             11       111   35          49          50      1.11482     -0.95069     -0.43412      1.53405      0.13498
   45  K-                 1      -321   36           0           0      0.30599     -0.54470      4.58352      4.65216      0.49360
   46  pi+                1       211   36           0           0      0.01992      0.05826      0.21638      0.26475      0.13957
   47  pi+                1       211   37           0           0     -0.26533     -0.01682      1.09307      1.13357      0.13957
   48  (pi0)             11       111   37          51          52      0.62686      0.10003      2.20001      2.29374      0.13498
   49  gamma              1        22   44           0           0      0.61901     -0.45474     -0.26659      0.81304      0.00000
   50  gamma              1        22   44           0           0      0.49580     -0.49595     -0.16753      0.72101      0.00000
   51  gamma              1        22   48           0           0      0.11614     -0.02170      0.29727      0.31989      0.00000
   52  gamma              1        22   48           0           0      0.51072      0.12173      1.90274      1.97385      0.00000
 ==================================================================================================================================
                   sum charge:  0.00   sum momentum and inv. mass:      0.00000      0.00000    120.00000    140.00339     72.11760



                            Event listing (standard)

    I  particle/jet  K(I,1)   K(I,2) K(I,3)     K(I,4)      K(I,5)       P(I,1)       P(I,2)       P(I,3)       P(I,4)       P(I,5)

    1  !e-!              21        11    0           3           4      0.00000      0.00000    -10.00000     10.00000      0.00051
    2  !p+!              21      2212    0           5           0     -0.00000      0.00000    130.00000    130.00339      0.93827
 ==================================================================================================================================
    3  !e-!              21        11    1           0           0     -1.20773     -0.56007     -9.91759     10.00654      0.00051
    4  !gamma!           21        22    1           0           0      1.20773      0.56007     -0.08241     -0.00654     -1.33380
    5  !p+!              21      2212    2           0           0     -0.00000     -0.00000    130.00000    130.00339      0.93827
    6  !gamma!           21        22    4           0           0      1.26100      0.58477      0.92600      1.00524     -1.33380
    7  !u!               21         2    5           0           0     -0.00460     -0.00213     11.13652     11.13652      0.00000
    8  !gamma!           21        22    6           0           0      1.26100      0.58477      0.92600      1.00524     -1.33380
    9  !u!               21         2    7           0           0     -0.00460     -0.00213     11.13652     11.13652      0.00000
   10  !u!               21         2    9           0           0      1.25640      0.58264     12.06251     12.14176      0.00000
 ==================================================================================================================================
   11  e-                 1        11    3           0           0     -1.20773     -0.56007     -9.91759     10.00654      0.00051
   12  (ud_0)        A   12      2101    5          15          15     -0.03109     -0.04568     83.31239     83.31442      0.57933
   13  (g)           I   12        21   10          15          15      0.06506      1.28276     26.93443     26.96504      0.00000
   14  (u)           V   11         2   10          15          15      1.17376     -0.67702     19.67078     19.71739      0.00000
 ==================================================================================================================================
   15  (string)          11        92   12          16          19      1.20773      0.56007    129.91759    129.99684      4.33902
   16  (Lambda0)         11      3122   15          20          21      0.06235      0.60077     41.25793     41.27743      1.11568
   17  (K*0)             11       313   15          22          23      0.24788     -0.02068     54.10564     54.11301      0.85746
   18  (Kbar0)           11      -311   15          24          24      0.60689     -0.44002     19.42513     19.44596      0.49767
   19  (K*+)             11       323   15          25          26      0.29060      0.41999     15.12888     15.16044      0.83371
   20  n0                 1      2112   16           0           0      0.13678      0.44237     33.79184     33.80807      0.93957
   21  (pi0)             11       111   16          27          28     -0.07443      0.15840      7.46609      7.46936      0.13498
   22  K+                 1       321   17           0           0      0.06298      0.06684     19.44371     19.45019      0.49360
   23  pi-                1      -211   17           0           0      0.18491     -0.08751     34.66193     34.66281      0.13957
   24  (K_S0)            11       310   18          29          30      0.60689     -0.44002     19.42513     19.44596      0.49767
   25  (K0)              11       311   19          31          31      0.29608      0.44212      8.84090      8.87087      0.49767
   26  pi+                1       211   19           0           0     -0.00548     -0.02213      6.28798      6.28957      0.13957
   27  gamma              1        22   21           0           0     -0.03694      0.04626      5.07801      5.07836      0.00000
   28  gamma              1        22   21           0           0     -0.03749      0.11215      2.38808      2.39101      0.00000
   29  (pi0)             11       111   24          32          33      0.05078     -0.14008      2.34178      2.35040      0.13498
   30  (pi0)             11       111   24          34          35      0.55611     -0.29994     17.08335     17.09556      0.13498
   31  K_L0               1       130   25           0           0      0.29608      0.44212      8.84090      8.87087      0.49767
   32  gamma              1        22   29           0           0      0.03921     -0.16126      2.22305      2.22923      0.00000
   33  gamma              1        22   29           0           0      0.01157      0.02118      0.11873      0.12116      0.00000
   34  gamma              1        22   30           0           0      0.05410     -0.08142      2.91469      2.91633      0.00000
   35  gamma              1        22   30           0           0      0.50202     -0.21851     14.16866     14.17924      0.00000
 ==================================================================================================================================
                   sum charge:  0.00   sum momentum and inv. mass:     -0.00000     -0.00000    120.00000    140.00339     72.11760

 Advisory warning: maximum violated by  1.293D+00 in event      90
 XSEC(96,1) increased to  1.499D-02

 Advisory warning: maximum violated by  1.133D+00 in event    1152
 XSEC(96,1) increased to  1.699D-02

 Advisory warning: maximum violated by  1.034D+00 in event    9791
 XSEC(96,1) increased to  1.756D-02

 Advisory warning: maximum violated by  1.234D+00 in event   14413
 XSEC(96,1) increased to  2.167D-02
1********* PYSTAT:  Statistics on Number of Events and Cross-sections *********

 ==============================================================================
 I                                  I                            I            I
 I            Subprocess            I      Number of points      I    Sigma   I
 I                                  I                            I            I
 I----------------------------------I----------------------------I    (mb)    I
 I                                  I                            I            I
 I N:o Type                         I    Generated         Tried I            I
 I                                  I                            I            I
 ==============================================================================
 I                                  I                            I            I
 I   0 All included subprocesses    I       500000      11119795 I  6.394D-04 I
 I  11 f + f' -> f + f' (QCD)       I        11789             0 I  9.514D-06 I
 I  12 f + fbar -> f' + fbar'       I          261             0 I  2.086D-07 I
 I  13 f + fbar -> g + g            I          331             0 I  2.496D-07 I
 I  28 f + g -> f + g               I        28582             0 I  2.290D-05 I
 I  53 g + g -> f + fbar            I          330             0 I  2.210D-07 I
 I  68 g + g -> g + g               I        12632             0 I  8.294D-06 I
 I  91 Elastic scattering           I        28183        444413 I  3.307D-05 I
 I  92 Single diffractive (XB)      I        13734        341286 I  1.619D-05 I
 I  93 Single diffractive (AX)      I        11277        277520 I  1.309D-05 I
 I  94 Double  diffractive          I         7016        271228 I  7.855D-06 I
 I  95 Low-pT scattering            I        44410        128540 I  1.073D-04 I
 I  99 q + gamma* -> q              I       316216       1610179 I  3.896D-04 I
 I 131 f + gamma*_T -> f + g        I         8472        156329 I  1.030D-05 I
 I 132 f + gamma*_L -> f + g        I          445          7560 I  5.581D-07 I
 I 135 g + gamma*_T -> f + fbar     I        13324        442561 I  1.636D-05 I
 I 136 g + gamma*_L -> f + fbar     I         2998         71808 I  3.672D-06 I
 I                                  I                            I            I
 ==============================================================================
 I                                  I                            I            I
 I   1 VMD * hadron                 I        84371       6059252 I  1.236D-04 I
 I   2 direct * hadron              I        25239        678258 I  3.089D-05 I
 I   3 anomalous * hadron           I        74174       2772106 I  9.524D-05 I
 I   4 DIS * hadron                 I       316216       1610179 I  3.896D-04 I
 I                                  I                            I            I
 ==============================================================================

 ********* Total number of errors, excluding junctions =        0 *************
 ********* Total number of errors, including junctions =        0 *************
 ********* Total number of warnings =                           0 *************
 ********* Fraction of events that fail fragmentation cuts =  0.04495 *********

1************ PYSTAT: User-Defined Limits on Kinematical Variables ************

 ==============================================================================
 I                                                                            I
 I                 0.000D+00 <  m_hard (GeV/c^2)  <  2.070D+01                I
 I    0.000D+00 ( 1.000D+00) <  p_T_hard (GeV/c)  <  1.035D+01                I
 I                             m_finite (GeV/c^2) =  1.000D+00                I
 I                -1.000D+01 <    y*_subsystem    <  1.000D+01                I
 I                -4.000D+01 <      y*_large      <  4.000D+01                I
 I                -4.000D+01 <      y*_small      <  4.000D+01                I
 I                -4.000D+01 <     eta*_large     <  4.000D+01                I
 I                -4.000D+01 <     eta*_small     <  4.000D+01                I
 I                -1.000D+00 < cos(theta*)_large  <  1.000D+00                I
 I                -1.000D+00 < cos(theta*)_small  <  1.000D+00                I
 I                 0.000D+00 <        x_1         <  1.000D+00                I
 I                 0.000D+00 <        x_2         <  1.000D+00                I
 I                -1.000D+00 <        x_F         <  1.000D+00                I
 I                -1.000D+00 <  cos(theta_hard)   <  1.000D+00                I
 I                 2.000D+00 < m'_hard (GeV/c^2)  <  2.070D+01                I
 I                                                                            I
 ==============================================================================
 The charm mass used is:    1.5000000000000000     
 ===================================================
 Pythia total cross section normalisation:  0.63940291791641546       microbarn
 Total Number of generated events      500000
 Total Number of trials      500000
 ===================================================

 ===== PDFSTA statistics for PDF under/over-flows ====

 ====== STRUCTM statistics for nucleon/pion PDFs =====

   total # of calls    9485214.0000000000     
   X  below PDF min    0.0000000000000000       or    0.0000000000000000       %
   X  above PDF max    0.0000000000000000       or    0.0000000000000000       %
   Q2 below PDF min    0.0000000000000000       or    0.0000000000000000       %
   Q2 above PDF max    0.0000000000000000       or    0.0000000000000000       %

 ========= STRUCTP statistics for photon PDFs ========

   total # of calls    0.0000000000000000     

