1                                                                              
 ******************************************************************************
 ******************************************************************************
 **                                                                          **
 **                                                                          **
 **              *......*                  Welcome to the Lund Monte Carlo!  **
 **         *:::!!:::::::::::*                                               **
 **      *::::::!!::::::::::::::*          PPP  Y   Y TTTTT H   H III   A    **
 **    *::::::::!!::::::::::::::::*        P  P  Y Y    T   H   H  I   A A   **
 **   *:::::::::!!:::::::::::::::::*       PPP    Y     T   HHHHH  I  AAAAA  **
 **   *:::::::::!!:::::::::::::::::*       P      Y     T   H   H  I  A   A  **
 **    *::::::::!!::::::::::::::::*!       P      Y     T   H   H III A   A  **
 **      *::::::!!::::::::::::::* !!                                         **
 **      !! *:::!!:::::::::::*    !!       This is PYTHIA version 6.428      **
 **      !!     !* -><- *         !!       Last date of change:  5 Sep 2013  **
 **      !!     !!                !!                                         **
 **      !!     !!                !!       Now is  0 Jan 2000 at  0:00:00    **
 **      !!                       !!                                         **
 **      !!        lh             !!       Disclaimer: this program comes    **
 **      !!                       !!       without any guarantees. Beware    **
 **      !!                 hh    !!       of errors and use common sense    **
 **      !!    ll                 !!       when interpreting results.        **
 **      !!                       !!                                         **
 **      !!                                Copyright T. Sjostrand (2011)     **
 **                                                                          **
 ** An archive of program versions and documentation is found on the web:    **
 ** http://www.thep.lu.se/~torbjorn/Pythia.html                              **
 **                                                                          **
 ** When you cite this program, the official reference is to the 6.4 manual: **
 ** T. Sjostrand, S. Mrenna and P. Skands, JHEP05 (2006) 026                 **
 ** (LU TP 06-13, FERMILAB-PUB-06-052-CD-T) [hep-ph/0603175].                **
 **                                                                          **
 ** Also remember that the program, to a large extent, represents original   **
 ** physics research. Other publications of special relevance to your        **
 ** studies may therefore deserve separate mention.                          **
 **                                                                          **
 ** Main author: Torbjorn Sjostrand; Department of Theoretical Physics,      **
 **   Lund University, Solvegatan 14A, S-223 62 Lund, Sweden;                **
 **   phone: + 46 - 46 - 222 48 16; e-mail: torbjorn@thep.lu.se              **
 ** Author: Stephen Mrenna; Computing Division, GDS Group,                   **
 **   Fermi National Accelerator Laboratory, MS 234, Batavia, IL 60510, USA; **
 **   phone: + 1 - 630 - 840 - 2556; e-mail: mrenna@fnal.gov                 **
 ** Author: Peter Skands; CERN/PH-TH, CH-1211 Geneva, Switzerland            **
 **   phone: + 41 - 22 - 767 24 47; e-mail: peter.skands@cern.ch             **
 **                                                                          **
 **                                                                          **
 ******************************************************************************
 ******************************************************************************
     MSEL           changed from              1 to              2
     MSTP(14)       changed from             30 to             30
     MSTP(15)       changed from              0 to              0
     MSTP(16)       changed from              1 to              1
     MSTP(17)       changed from              4 to              4
     MSTP(18)       changed from              3 to              3
     MSTP(19)       changed from              4 to              1
     MSTP(20)       changed from              3 to              0
     MSTP(32)       changed from              8 to              8
     MSTP(38)       changed from              5 to              4
     MSTP(51)       changed from              7 to          10050
     MSTP(52)       changed from              1 to              2
     MSTP(53)       changed from              3 to              3
     MSTP(54)       changed from              1 to              1
     MSTP(55)       changed from              5 to              5
     MSTP(56)       changed from              1 to              1
     MSTP(57)       changed from              1 to              1
     MSTP(58)       changed from              5 to              5
     MSTP(59)       changed from              1 to              1
     MSTP(60)       changed from              7 to              7
     MSTP(61)       changed from              2 to              2
     MSTP(71)       changed from              1 to              1
     MSTP(81)       changed from              1 to              0
     MSTP(82)       changed from              4 to              1
     MSTP(91)       changed from              1 to              1
     MSTP(92)       changed from              3 to              3
     MSTP(93)       changed from              1 to              1
     MSTP(101)      changed from              3 to              3
     MSTP(102)      changed from              1 to              1
     MSTP(111)      changed from              1 to              1
     MSTP(121)      changed from              0 to              0
     PARP(13)       changed from        1.00000 to        1.00000
     PARP(18)       changed from        0.40000 to        0.40000
     PARP(81)       changed from        1.90000 to        1.90000
     PARP(89)       changed from     1800.00000 to     1800.00000
     PARP(90)       changed from        0.25000 to        0.16000
     PARP(91)       changed from        2.00000 to        0.40000
     PARP(93)       changed from        5.00000 to        5.00000
     PARP(99)       changed from        1.00000 to        0.40000
     PARP(100)      changed from        5.00000 to        5.00000
     PARP(102)      changed from        0.28000 to        0.28000
     PARP(103)      changed from        1.00000 to        1.00000
     PARP(104)      changed from        0.80000 to        0.80000
     PARP(111)      changed from        2.00000 to        2.00000
     PARP(161)      changed from        2.20000 to        3.00000
     PARP(162)      changed from       23.60000 to       24.60000
     PARP(163)      changed from       18.40000 to       18.80000
     PARP(164)      changed from       11.50000 to       11.50000
     PARP(165)      changed from        0.50000 to        0.47679
     PARP(166)      changed from        0.00000 to        0.67597
     PARJ(1)        changed from        0.10000 to        0.10000
     PARJ(2)        changed from        0.30000 to        0.30000
     PARJ(11)       changed from        0.50000 to        0.50000
     PARJ(12)       changed from        0.60000 to        0.60000
     PARJ(21)       changed from        0.36000 to        0.40000
     PARJ(32)       changed from        1.00000 to        1.00000
     PARJ(33)       changed from        0.80000 to        0.80000
     PARJ(41)       changed from        0.30000 to        0.30000
     PARJ(42)       changed from        0.58000 to        0.58000
     PARJ(45)       changed from        0.50000 to        0.50000
     MSTJ(1)        changed from              1 to              1
     MSTJ(12)       changed from              2 to              1
     MSTJ(45)       changed from              5 to              5
     MSTU(112)      changed from              5 to              5
     MSTU(113)      changed from              3 to              5
     MSTU(114)      changed from              5 to              5
     CKIN(1)        changed from        2.00000 to        1.00000
     CKIN(2)        changed from       -1.00000 to       -1.00000
     CKIN(3)        changed from        0.00000 to        0.00000
     CKIN(4)        changed from       -1.00000 to       -1.00000
     CKIN(5)        changed from        1.00000 to        1.00000
     CKIN(6)        changed from        1.00000 to        1.00000
     CKIN(7)        changed from      -10.00000 to      -10.00000
     CKIN(8)        changed from       10.00000 to       10.00000
     CKIN(9)        changed from      -40.00000 to      -40.00000
     CKIN(10)       changed from       40.00000 to       40.00000
     CKIN(11)       changed from      -40.00000 to      -40.00000
     CKIN(12)       changed from       40.00000 to       40.00000
     CKIN(13)       changed from      -40.00000 to      -40.00000
     CKIN(14)       changed from       40.00000 to       40.00000
     CKIN(15)       changed from      -40.00000 to      -40.00000
     CKIN(16)       changed from       40.00000 to       40.00000
     CKIN(17)       changed from       -1.00000 to       -1.00000
     CKIN(18)       changed from        1.00000 to        1.00000
     CKIN(19)       changed from       -1.00000 to       -1.00000
     CKIN(20)       changed from        1.00000 to        1.00000
     CKIN(21)       changed from        0.00000 to        0.00000
     CKIN(22)       changed from        1.00000 to        1.00000
     CKIN(23)       changed from        0.00000 to        0.00000
     CKIN(24)       changed from        1.00000 to        1.00000
     CKIN(25)       changed from       -1.00000 to       -1.00000
     CKIN(26)       changed from        1.00000 to        1.00000
     CKIN(27)       changed from       -1.00000 to       -1.00000
     CKIN(28)       changed from        1.00000 to        1.00000
     CKIN(31)       changed from        2.00000 to        2.00000
     CKIN(32)       changed from       -1.00000 to       -1.00000
     CKIN(35)       changed from        0.00000 to        0.00000
     CKIN(36)       changed from       -1.00000 to       -1.00000
     CKIN(37)       changed from        0.00000 to        0.00000
     CKIN(38)       changed from       -1.00000 to       -1.00000
     CKIN(39)       changed from        4.00000 to        4.00000
     CKIN(40)       changed from       -1.00000 to       -1.00000
     CKIN(65)       changed from        0.00000 to        0.00000
     CKIN(66)       changed from       -1.00000 to       -1.00000
     CKIN(67)       changed from        0.00000 to        0.00000
     CKIN(68)       changed from       -1.00000 to       -1.00000
     CKIN(77)       changed from        2.00000 to        2.00000
     CKIN(78)       changed from       -1.00000 to       -1.00000
 *********************************************
 NOW all parameters are read by PYTHIA
 *********************************************
 SEED =   2041965415
 RANLUX LUXURY LEVEL SET BY RLUXGO : 4     P= 389
 RANLUX INITIALIZED BY RLUXGO FROM SEEDS  2041965415           0           0
   2771.0935550343875        10.000000000000000       -2771.0935550343875       -10.0000000    
 *********************************************
 proton beam momentum:   130.000000     GeV
 lepton beam momentum:   10.0000000     GeV
 resulting sqrt(s):   72.117599099066553      GeV
 *********************************************
1****************** PYINIT: initialization of PYTHIA routines *****************
 ==== PYTHIA WILL USE LHAPDF ====
 *************************************
 *       LHAPDF Version 5.9.1        *
 *   Configured for the following:   *
 *             All PDFs              *
 *         FULL MEMORY option        *
 *    Maximum  3 concurrent set(s)   *
 *************************************

 >>>>>> PDF description: <<<<<<
 CTEQ6M                                                          
 Reference:                                                      
 J. Pumplin, D.R. Stump, J. Huston, H.L. Lai, P. Nadolsky,       
 W.K. Tung                                                       
 hep-ph/0201195                                                  
 This set has 41 member PDFs.                                    
     mem=0 --> central value (cteq6m)                            
     mem=1-40 --> 20 sets of +ve/-ve error values                
 >>>>>>                   <<<<<<

 ==============================================
 PDFset name /cvmfs/sft.cern.ch/lcg/external/lhapdfsets/5.9.1/share/PDFsets/cteq6mE.LHgrid   
 with         40 members
 ====  initialized. ===========================
 Strong coupling at Mz for PDF is:  0.11798

 ==============================================================================
 I                                                                            I
 I      PYTHIA will be initialized for gamma/e- on p+ user configuration      I
 I                                                                            I
 I                  px (GeV/c)   py (GeV/c)   pz (GeV/c)      E (GeV)         I
 I        gamma/e-       0.000        0.000      -10.000       10.000         I
 I        p+             0.000        0.000      130.000      130.003         I
 I                                                                            I
 I           corresponding to     72.118 GeV center-of-mass energy            I
 I                                                                            I
 ==============================================================================

 ******** PYMAXI: summary of differential cross-section maximum search ********

           ==========================================================
           I                                      I                 I
           I  ISUB  Subprocess name               I  Maximum value  I
           I                                      I                 I
           ==========================================================
           I                                      I                 I
           I   91   Elastic scattering            I    4.1710D-04   I
           I   92   Single diffractive (XB)       I    3.1940D-04   I
           I   93   Single diffractive (AX)       I    2.6141D-04   I
           I   94   Double  diffractive           I    2.4494D-04   I
           I   95   Low-pT scattering             I    1.9207D-03   I
           I   96   Semihard QCD 2 -> 2           I    1.7479D-02   I
           I                                      I                 I
           ==========================================================

 ******** PYMAXI: summary of differential cross-section maximum search ********

           ==========================================================
           I                                      I                 I
           I  ISUB  Subprocess name               I  Maximum value  I
           I                                      I                 I
           ==========================================================
           I                                      I                 I
           I  131   f + gamma*_T -> f + g         I    1.9221D-04   I
           I  132   f + gamma*_L -> f + g         I    9.2718D-06   I
           I  135   g + gamma*_T -> f + fbar      I    5.4466D-04   I
           I  136   g + gamma*_L -> f + fbar      I    8.8198D-05   I
           I                                      I                 I
           ==========================================================

 ******** PYMAXI: summary of differential cross-section maximum search ********

           ==========================================================
           I                                      I                 I
           I  ISUB  Subprocess name               I  Maximum value  I
           I                                      I                 I
           ==========================================================
           I                                      I                 I
           I   91   Elastic scattering            I    1.0588D-04   I
           I   92   Single diffractive (XB)       I    8.2750D-05   I
           I   93   Single diffractive (AX)       I    6.5818D-05   I
           I   94   Double  diffractive           I    6.3002D-05   I
           I   95   Low-pT scattering             I    5.2345D-04   I
           I   96   Semihard QCD 2 -> 2           I    1.1588D-02   I
           I                                      I                 I
           ==========================================================

 ******** PYMAXI: summary of differential cross-section maximum search ********

           ==========================================================
           I                                      I                 I
           I  ISUB  Subprocess name               I  Maximum value  I
           I                                      I                 I
           ==========================================================
           I                                      I                 I
           I   99   q + gamma* -> q               I    1.9857D-03   I
           I                                      I                 I
           ==========================================================

 ********************** PYINIT: initialization completed **********************
 the outputfile will be named: outfiles/ep_10x130_Q2_1_10_norad.out                                                                                                                                                                                                                            



                            Event listing (standard)

    I  particle/jet  K(I,1)   K(I,2) K(I,3)     K(I,4)      K(I,5)       P(I,1)       P(I,2)       P(I,3)       P(I,4)       P(I,5)

    1  !e-!              21        11    0           3           4      0.00000      0.00000    -10.00000     10.00000      0.00051
    2  !p+!              21      2212    0           5           0     -0.00000      0.00000    130.00000    130.00339      0.93827
 ==================================================================================================================================
    3  !e-!              21        11    1           0           0     -0.00577      1.11694     -7.34253      7.42700      0.00051
    4  !gamma!           21        22    1           0           0      0.00577     -1.11694     -2.65747      2.57300     -1.29977
    5  !p+!              21      2212    2           0           0     -0.00000     -0.00000    130.00000    130.00339      0.93827
    6  !sbar!            21        -3    4           0           0      0.21533     -0.10836     -1.23090      1.25428     -0.00000
    7  !ubar!            21        -2    5           0           0     -0.20971      0.46153     11.94207     11.95282     -0.00000
    8  !g!               21        21    6           0           0     -0.67356     -0.69318      0.14093      0.97675      0.00000
    9  !ubar!            21        -2    7           0           0     -0.19268      0.42404     10.97196     10.98184      0.00000
   10  !g!               21        21    0           0           0     -1.33909      1.09647      1.68713      2.41699      0.00000
   11  !ubar!            21        -2    0           0           0      0.47285     -1.36561      9.42575      9.54161      0.33000
 ==================================================================================================================================
   12  (K*bar0)          11      -313    4          20          21     -0.20530     -0.63079     -0.50993      1.27765      0.96556
   13  p+                 1      2212    5           0           0     -0.02143     -0.31430     73.94181     73.94843      0.93827
   14  e-                 1        11    3           0           0     -0.00577      1.11694     -7.34253      7.42700      0.00051
   15  (ubar)        A   12        -2   11          22          22      0.47285     -1.36561      9.42575      9.54161      0.33000
   16  (d)           V   11         1    4          22          22     -0.00428     -0.37434     -0.33855      0.60304      0.33000
   17  (sbar)        A   12        -3    6          27          27      0.87185      0.62231     -0.40172      1.24851      0.50000
   18  (g)           I   12        21   10          27          27     -1.33909      1.09647      1.68713      2.41699      0.00000
   19  (u)           V   11         2    5          27          27      0.23116     -0.15068     43.53804     43.54016      0.33000
 ==================================================================================================================================
   20  K-                 1      -321   12           0           0     -0.12946     -0.08548     -0.48492      0.70912      0.49360
   21  pi+                1       211   12           0           0     -0.07584     -0.54531     -0.02501      0.56852      0.13957
   22  (string)          11        92   15          23          26      0.46858     -1.73995      9.08721     10.14465      4.13395
   23  pi-                1      -211   22           0           0     -0.19115     -0.57540      1.89155      1.99124      0.13957
   24  nbar0              1     -2112   22           0           0      0.62495     -0.22007      2.16215      2.44881      0.93957
   25  p+                 1      2212   22           0           0     -0.22955     -0.29291      4.42403      4.53772      0.93827
   26  (rho-)            11      -213   22          35          36      0.26432     -0.65157      0.60948      1.16688      0.70408
   27  (string)          11        92   17          28          34     -0.23607      1.56811     44.82345     47.20566     14.72135
   28  (K*0)             11       313   27          37          38      0.41001      0.83826      0.00743      1.34529      0.96900
   29  (eta)             11       221   27          39          41      0.18104      0.32650      0.06593      0.66590      0.54745
   30  (pi0)             11       111   27          42          43     -0.10268      0.15132      2.26217      2.27356      0.13498
   31  (rho+)            11       213   27          44          45     -0.80311      0.42820      1.51817      1.92177      0.74835
   32  (pi0)             11       111   27          46          47      0.11134     -0.32106      2.49911      2.52572      0.13498
   33  pi-                1      -211   27           0           0     -0.00869     -0.07531     23.10779     23.10834      0.13957
   34  pi+                1       211   27           0           0     -0.02399      0.22020     15.36284     15.36507      0.13957
   35  pi-                1      -211   26           0           0      0.46751     -0.52660      0.39913      0.82137      0.13957
   36  (pi0)             11       111   26          48          49     -0.20319     -0.12497      0.21036      0.34551      0.13498
   37  (K0)              11       311   28          50          50      0.46748      0.23645      0.05061      0.72435      0.49767
   38  (pi0)             11       111   28          51          52     -0.05747      0.60181     -0.04318      0.62094      0.13498
   39  (pi0)             11       111   29          53          54     -0.06211      0.09802     -0.07991      0.19512      0.13498
   40  (pi0)             11       111   29          55          56      0.14197      0.08871      0.01489      0.21556      0.13498
   41  (pi0)             11       111   29          57          58      0.10118      0.13976      0.13094      0.25522      0.13498
   42  gamma              1        22   30           0           0     -0.12310      0.12069      1.39543      1.40604      0.00000
   43  gamma              1        22   30           0           0      0.02042      0.03063      0.86674      0.86752      0.00000
   44  pi+                1       211   31           0           0      0.05646      0.07334      0.54000      0.56537      0.13957
   45  (pi0)             11       111   31          59          60     -0.85957      0.35486      0.97817      1.35640      0.13498
   46  gamma              1        22   32           0           0      0.14224     -0.25032      1.91225      1.93380      0.00000
   47  gamma              1        22   32           0           0     -0.03089     -0.07074      0.58687      0.59192      0.00000
   48  gamma              1        22   36           0           0     -0.12683     -0.02255      0.04480      0.13639      0.00000
   49  gamma              1        22   36           0           0     -0.07636     -0.10242      0.16556      0.20912      0.00000
   50  K_L0               1       130   37           0           0      0.46748      0.23645      0.05061      0.72435      0.49767
   51  gamma              1        22   38           0           0     -0.05097      0.15775     -0.06054      0.17649      0.00000
   52  gamma              1        22   38           0           0     -0.00650      0.44407      0.01736      0.44445      0.00000
   53  gamma              1        22   39           0           0     -0.02039     -0.03300     -0.02922      0.04857      0.00000
   54  gamma              1        22   39           0           0     -0.04172      0.13102     -0.05068      0.14655      0.00000
   55  gamma              1        22   40           0           0      0.09690      0.10576      0.05424      0.15335      0.00000
   56  gamma              1        22   40           0           0      0.04507     -0.01704     -0.03935      0.06221      0.00000
   57  gamma              1        22   41           0           0     -0.02578      0.05672      0.01449      0.06397      0.00000
   58  gamma              1        22   41           0           0      0.12697      0.08305      0.11645      0.19126      0.00000
   59  gamma              1        22   45           0           0     -0.49744      0.15447      0.47552      0.70529      0.00000
   60  gamma              1        22   45           0           0     -0.36213      0.20039      0.50265      0.65112      0.00000
 ==================================================================================================================================
                   sum charge:  0.00   sum momentum and inv. mass:     -0.00000      0.00000    120.00000    140.00339     72.11760



                            Event listing (standard)

    I  particle/jet  K(I,1)   K(I,2) K(I,3)     K(I,4)      K(I,5)       P(I,1)       P(I,2)       P(I,3)       P(I,4)       P(I,5)

    1  !e-!              21        11    0           3           4      0.00000      0.00000    -10.00000     10.00000      0.00051
    2  !p+!              21      2212    0           5           0     -0.00000      0.00000    130.00000    130.00339      0.93827
 ==================================================================================================================================
    3  !e-!              21        11    1           0           0      0.76078      0.72519     -8.73613      8.79913      0.00051
    4  !gamma!           21        22    1           0           0     -0.76078     -0.72519     -1.26387      1.20087     -1.12248
    5  !p+!              21      2212    2           0           0     -0.00000      0.00000    130.00000    130.00339      0.93827
    6  !gamma!           21        22    4           0           0     -0.76183     -0.72619     -1.26491      1.20322     -1.12248
    7  !sbar!            21        -3    5           0           0      0.00000      0.00000      0.25525      0.25525      0.00000
    8  !gamma!           21        22    6           0           0     -0.76183     -0.72619     -1.26491      1.20322     -1.12248
    9  !sbar!            21        -3    7           0           0      0.00000      0.00000      0.25525      0.25525      0.00000
   10  !sbar!            21        -3    9           0           0     -0.76183     -0.72619     -1.00966      1.45847      0.00000
 ==================================================================================================================================
   11  (Sigma*+)         11      3224    5          15          16     -0.17483     -0.20908    128.60672    128.61463      1.39950
   12  e-                 1        11    3           0           0      0.76078      0.72519     -8.73613      8.79913      0.00051
   13  (sbar)        A   12        -3   10          17          17     -0.64183     -0.53897     -1.06144      1.35244      0.00000
   14  (d)           V   11         1    5          17          17      0.05587      0.02286      1.19084      1.23720      0.33000
 ==================================================================================================================================
   15  (Sigma0)          11      3212   11          20          21     -0.02988     -0.22202    104.03694    104.04402      1.19255
   16  pi+                1       211   11           0           0     -0.14494      0.01294     24.56978     24.57061      0.13957
   17  (string)          11        92   13          18          19     -0.58596     -0.51611      0.12941      2.58963      2.46571
   18  K+                 1       321   17           0           0     -0.94500     -0.53558     -0.89730      1.49287      0.49360
   19  pi-                1      -211   17           0           0      0.35904      0.01947      1.02671      1.09676      0.13957
   20  (Lambda0)         11      3122   15          22          23     -0.08329     -0.22807    101.91333    101.91973      1.11568
   21  gamma              1        22   15           0           0      0.05340      0.00605      2.12361      2.12429      0.00000
   22  p+                 1      2212   20           0           0     -0.07287     -0.12550     78.24756     78.25331      0.93827
   23  pi-                1      -211   20           0           0     -0.01041     -0.10257     23.66578     23.66642      0.13957
 ==================================================================================================================================
                   sum charge:  0.00   sum momentum and inv. mass:      0.00000      0.00000    120.00000    140.00339     72.11760



                            Event listing (standard)

    I  particle/jet  K(I,1)   K(I,2) K(I,3)     K(I,4)      K(I,5)       P(I,1)       P(I,2)       P(I,3)       P(I,4)       P(I,5)

    1  !e-!              21        11    0           3           4      0.00000      0.00000    -10.00000     10.00000      0.00051
    2  !p+!              21      2212    0           5           0     -0.00000      0.00000    130.00000    130.00339      0.93827
 ==================================================================================================================================
    3  !e-!              21        11    1           0           0     -2.35215     -0.69313     -9.18205      9.50384      0.00051
    4  !gamma!           21        22    1           0           0      2.35215      0.69313     -0.81795      0.49616     -2.53691
    5  !p+!              21      2212    2           0           0     -0.00000      0.00000    130.00000    130.00339      0.93827
    6  !gamma!           21        22    4           0           0      2.32255      0.68441      1.61016      2.90780     -0.00000
    7  !g!               21        21    5           0           0      0.32523      0.02855     27.04160     27.04357     -0.00000
    8  !gamma!           21        22    6           0           0      2.32255      0.68441      1.61016      2.90780      0.00000
    9  !g!               21        21    7           0           0      0.32523      0.02855     27.04160     27.04357      0.00000
   10  !cbar!            21        -4    0           0           0      2.39779      3.47312      9.04822     10.09615      1.50000
   11  !c!               21         4    0           0           0      0.24999     -2.76016     19.60354     19.85522      1.50000
 ==================================================================================================================================
   12  e-                 1        11    3           0           0     -2.35215     -0.69313     -9.18205      9.50384      0.00051
   13  (c)           A   12         4   11          19          19      0.24260     -2.45145     17.66668     17.90056      1.50000
   14  (ud_1)        V   11      2103    5          19          19     -0.54434      0.47494     81.73717     81.74400      0.77133
   15  (cbar)        A   12        -4   10          23          23      1.95593      1.94599      5.21695      6.08926      1.50000
   16  (g)           I   12        21   10          23          23      0.41227      1.18049      3.96178      4.15442      0.00000
   17  (g)           I   12        21   10          23          23      0.03698      0.03794      1.80635      1.80712      0.00000
   18  (u)           V   11         2    5          23          23      0.24871     -0.49477     18.79312     18.80417      0.33000
 ==================================================================================================================================
   19  (string)          11        92   13          20          22     -0.30174     -1.97651     99.40385     99.64457      6.62688
   20  (D*0)             11       423   19          29          30      0.08623     -2.74836     28.96547     29.16481      2.00670
   21  pi+                1       211   19           0           0      0.41307      0.54425     10.72926     10.75190      0.13957
   22  (Delta0)          11      2114   19          31          32     -0.80104      0.22760     59.70912     59.72785      1.24246
   23  (string)          11        92   15          24          28      2.65389      2.66964     29.77819     30.85498      7.14973
   24  (D_s-)            11      -431   23          33          34      1.45851      1.94877      6.99156      7.66041      1.96850
   25  (K0)              11       311   23          35          35      0.70732      0.68957      2.98412      3.18252      0.49767
   26  (rho+)            11       213   23          36          37      0.20163     -0.01342      2.95369      3.05564      0.75619
   27  (eta)             11       221   23          38          39      0.15524     -0.56887     11.94930     11.97636      0.54745
   28  (rho0)            11       113   23          40          41      0.13119      0.61359      4.89952      4.98004      0.63388
   29  (D0)              11       421   20          42          44      0.09179     -2.50005     26.77247     26.95367      1.86450
   30  (pi0)             11       111   20          45          46     -0.00556     -0.24831      2.19300      2.21114      0.13498
   31  p+                 1      2212   22           0           0     -0.49066      0.37711     45.05480     45.06881      0.93827
   32  pi-                1      -211   22           0           0     -0.31038     -0.14951     14.65433     14.65904      0.13957
   33  pbar-              1     -2212   24           0           0      0.47484      1.03416      3.70445      3.98726      0.93827
   34  n0                 1      2112   24           0           0      0.98367      0.91461      3.28711      3.67315      0.93957
   35  K_L0               1       130   25           0           0      0.70732      0.68957      2.98412      3.18252      0.49767
   36  pi+                1       211   26           0           0      0.41454      0.06773      1.14335      1.22603      0.13957
   37  (pi0)             11       111   26          47          48     -0.21291     -0.08115      1.81035      1.82961      0.13498
   38  gamma              1        22   27           0           0     -0.16999     -0.31686      3.89672      3.91328      0.00000
   39  gamma              1        22   27           0           0      0.32523     -0.25201      8.05258      8.06308      0.00000
   40  pi-                1      -211   28           0           0      0.09370      0.55703      2.18672      2.26280      0.13957
   41  pi+                1       211   28           0           0      0.03750      0.05656      2.71280      2.71724      0.13957
   42  mu+                1       -13   29           0           0      0.39508     -0.24887      7.23016      7.24599      0.10566
   43  nu_mu              1        14   29           0           0     -0.07796     -0.97034      6.60370      6.67507      0.00000
   44  (K*-)             11      -323   29          49          50     -0.22533     -1.28084     12.93861     13.03261      0.86601
   45  gamma              1        22   30           0           0     -0.04463     -0.01651      0.38004      0.38301      0.00000
   46  gamma              1        22   30           0           0      0.03907     -0.23180      1.81296      1.82813      0.00000
   47  gamma              1        22   37           0           0     -0.17662     -0.11844      1.43058      1.44630      0.00000
   48  gamma              1        22   37           0           0     -0.03628      0.03729      0.37977      0.38332      0.00000
   49  (Kbar0)           11      -311   44          51          51     -0.28287     -0.83017     10.48579     10.53416      0.49767
   50  pi-                1      -211   44           0           0      0.05753     -0.45068      2.45282      2.49845      0.13957
   51  (K_S0)            11       310   49          52          53     -0.28287     -0.83017     10.48579     10.53416      0.49767
   52  pi-                1      -211   51           0           0     -0.37491     -0.52039      6.83524      6.86668      0.13957
   53  pi+                1       211   51           0           0      0.09204     -0.30977      3.65055      3.66748      0.13957
 ==================================================================================================================================
                   sum charge:  0.00   sum momentum and inv. mass:     -0.00000      0.00000    120.00000    140.00339     72.11760



                            Event listing (standard)

    I  particle/jet  K(I,1)   K(I,2) K(I,3)     K(I,4)      K(I,5)       P(I,1)       P(I,2)       P(I,3)       P(I,4)       P(I,5)

    1  !e-!              21        11    0           3           4      0.00000      0.00000    -10.00000     10.00000      0.00051
    2  !p+!              21      2212    0           5           0     -0.00000      0.00000    130.00000    130.00339      0.93827
 ==================================================================================================================================
    3  !e-!              21        11    1           0           0      0.93230     -0.83485     -9.94881     10.02722      0.00051
    4  !gamma!           21        22    1           0           0     -0.93230      0.83485     -0.05119     -0.02722     -1.25222
    5  !p+!              21      2212    2           0           0      0.00000     -0.00000    130.00000    130.00339      0.93827
    6  !gamma!           21        22    4           0           0     -1.05194      0.94198      7.80045      7.82770     -1.25222
    7  !u!               21         2    5           0           0      0.02638     -0.02362     26.93105     26.93107      0.00000
    8  !gamma!           21        22    6           0           0     -1.05194      0.94198      7.80045      7.82770     -1.25222
    9  !u!               21         2    7           0           0      0.02638     -0.02362     26.93105     26.93107      0.00000
   10  !u!               21         2    9           0           0     -1.02556      0.91836     34.73150     34.75878      0.00000
 ==================================================================================================================================
   11  e-                 1        11    3           0           0      0.93230     -0.83485     -9.94881     10.02722      0.00051
   12  (u)           A   12         2   10          14          14     -1.03676      1.03715     42.77214     42.79727      0.00000
   13  (ud_0)        V   11      2101    5          14          14      0.10446     -0.20230     87.17667     87.17889      0.57933
 ==================================================================================================================================
   14  (string)          11        92   12          15          16     -0.93230      0.83485    129.94881    129.97617      2.35457
   15  pi+                1       211   14           0           0     -0.72484      0.89273     29.50650     29.52923      0.13957
   16  n0                 1      2112   14           0           0     -0.20746     -0.05787    100.44231    100.44694      0.93957
 ==================================================================================================================================
                   sum charge:  0.00   sum momentum and inv. mass:      0.00000     -0.00000    120.00000    140.00339     72.11760



                            Event listing (standard)

    I  particle/jet  K(I,1)   K(I,2) K(I,3)     K(I,4)      K(I,5)       P(I,1)       P(I,2)       P(I,3)       P(I,4)       P(I,5)

    1  !e-!              21        11    0           3           4      0.00000      0.00000    -10.00000     10.00000      0.00051
    2  !p+!              21      2212    0           5           0     -0.00000      0.00000    130.00000    130.00339      0.93827
 ==================================================================================================================================
    3  !e-!              21        11    1           0           0     -2.29817     -1.93104     -8.98228      9.47058      0.00051
    4  !gamma!           21        22    1           0           0      2.29817      1.93104     -1.01772      0.52942     -3.12505
    5  !p+!              21      2212    2           0           0     -0.00000     -0.00000    130.00000    130.00339      0.93827
    6  !gamma!           21        22    4           0           0      2.30320      1.93526     -1.00615      0.54438     -3.12505
    7  !u!               21         2    5           0           0     -0.00012     -0.00010      3.14893      3.14893      0.00000
    8  !gamma!           21        22    6           0           0      2.30320      1.93526     -1.00615      0.54438     -3.12505
    9  !u!               21         2    7           0           0     -0.00012     -0.00010      3.14893      3.14893      0.00000
   10  !u!               21         2    9           0           0      2.30308      1.93516      2.14279      3.69331      0.00000
 ==================================================================================================================================
   11  e-                 1        11    3           0           0     -2.29817     -1.93104     -8.98228      9.47058      0.00051
   12  (ud_0)        A   12      2101    5          17          17      0.61793     -0.76412    123.68469    123.68995      0.57933
   13  (g)           I   12        21   10          17          17      0.28487     -0.03123      1.39210      1.42129      0.00000
   14  (g)           I   12        21   10          17          17      0.26690      0.43149      1.38352      1.47361      0.00000
   15  (g)           I   12        21   10          17          17      0.39947      0.81192      2.03199      2.22436      0.00000
   16  (u)           V   11         2   10          17          17      0.72901      1.48297      0.48998      1.72359      0.00000
 ==================================================================================================================================
   17  (string)          11        92   12          18          21      2.29817      1.93104    128.98228    130.53281     19.83365
   18  n0                 1      2112   17           0           0      0.83048     -0.91321    123.33625    123.34600      0.93957
   19  (rho+)            11       213   17          22          23      0.21117      0.81841      2.17813      2.49167      0.86590
   20  pi-                1      -211   17           0           0      0.33276      0.43392      2.36505      2.43145      0.13957
   21  (rho+)            11       213   17          24          25      0.92376      1.59191      1.10285      2.26368      0.72142
   22  pi+                1       211   19           0           0      0.49084      0.26533      1.07439      1.21865      0.13957
   23  (pi0)             11       111   19          26          27     -0.27966      0.55309      1.10374      1.27302      0.13498
   24  pi+                1       211   21           0           0      0.26462      0.80253      0.17966      0.87512      0.13957
   25  (pi0)             11       111   21          28          29      0.65914      0.78938      0.92319      1.38855      0.13498
   26  gamma              1        22   23           0           0     -0.09594      0.11922      0.18158      0.23747      0.00000
   27  gamma              1        22   23           0           0     -0.18372      0.43387      0.92216      1.03555      0.00000
   28  gamma              1        22   25           0           0      0.28315      0.44243      0.45035      0.69191      0.00000
   29  gamma              1        22   25           0           0      0.37599      0.34694      0.47284      0.69665      0.00000
 ==================================================================================================================================
                   sum charge:  0.00   sum momentum and inv. mass:     -0.00000     -0.00000    120.00000    140.00339     72.11760



                            Event listing (standard)

    I  particle/jet  K(I,1)   K(I,2) K(I,3)     K(I,4)      K(I,5)       P(I,1)       P(I,2)       P(I,3)       P(I,4)       P(I,5)

    1  !e-!              21        11    0           3           4      0.00000      0.00000    -10.00000     10.00000      0.00051
    2  !p+!              21      2212    0           5           0     -0.00000      0.00000    130.00000    130.00339      0.93827
 ==================================================================================================================================
    3  !e-!              21        11    1           0           0     -0.88480     -0.01163     -5.36426      5.43676      0.00051
    4  !gamma!           21        22    1           0           0      0.88480      0.01163     -4.63574      4.56324     -1.20411
    5  !p+!              21      2212    2           0           0     -0.00000     -0.00000    130.00000    130.00339      0.93827
    6  !omega_di!        21   9900220    4           0           0      1.41772      0.04620     -3.89499      5.30287      3.30717
    7  !p+!              21      2212    5           0           0     -0.53291     -0.03457    129.25926    129.26376      0.93827
 ==================================================================================================================================
    8  (ubar)        A   12        -2    6          13          13      0.48308      0.01577     -1.50986      1.61931      0.33000
    9  (g)           I   12        21    6          13          13     -0.00234     -0.00015      0.56782      0.56783      0.00000
   10  (u)           V   11         2    6          13          13      0.93698      0.03058     -2.95296      3.11572      0.33000
   11  p+                 1      2212    7           0           0     -0.53291     -0.03457    129.25926    129.26376      0.93827
   12  e-                 1        11    3           0           0     -0.88480     -0.01163     -5.36426      5.43676      0.00051
 ==================================================================================================================================
   13  (string)          11        92    8          14          17      1.41772      0.04620     -3.89499      5.30287      3.30717
   14  (eta)             11       221   13          18          20     -0.15366     -0.02146     -1.04361      1.18865      0.54745
   15  (pi0)             11       111   13          21          22     -0.10382     -0.12345      0.36397      0.42037      0.13498
   16  pi-                1      -211   13           0           0      1.44745      0.05416     -2.22176      2.65589      0.13957
   17  pi+                1       211   13           0           0      0.22775      0.13695     -0.99360      1.03795      0.13957
   18  (pi0)             11       111   14          23          24     -0.10601     -0.03013     -0.33098      0.37405      0.13498
   19  (pi0)             11       111   14          25          26     -0.12300      0.08672     -0.25571      0.32597      0.13498
   20  (pi0)             11       111   14          27          28      0.07534     -0.07805     -0.45692      0.48863      0.13498
   21  gamma              1        22   15           0           0     -0.05921     -0.14670      0.25082      0.29654      0.00000
   22  gamma              1        22   15           0           0     -0.04461      0.02325      0.11315      0.12383      0.00000
   23  gamma              1        22   18           0           0      0.02496      0.02203     -0.06350      0.07170      0.00000
   24  gamma              1        22   18           0           0     -0.13097     -0.05216     -0.26748      0.30235      0.00000
   25  gamma              1        22   19           0           0     -0.04421      0.10016     -0.08900      0.14109      0.00000
   26  gamma              1        22   19           0           0     -0.07879     -0.01344     -0.16671      0.18488      0.00000
   27  gamma              1        22   20           0           0      0.06534     -0.05021     -0.09606      0.12657      0.00000
   28  gamma              1        22   20           0           0      0.01000     -0.02783     -0.36085      0.36206      0.00000
 ==================================================================================================================================
                   sum charge:  0.00   sum momentum and inv. mass:     -0.00000      0.00000    120.00000    140.00339     72.11760



                            Event listing (standard)

    I  particle/jet  K(I,1)   K(I,2) K(I,3)     K(I,4)      K(I,5)       P(I,1)       P(I,2)       P(I,3)       P(I,4)       P(I,5)

    1  !e-!              21        11    0           3           4      0.00000      0.00000    -10.00000     10.00000      0.00051
    2  !p+!              21      2212    0           5           0     -0.00000      0.00000    130.00000    130.00339      0.93827
 ==================================================================================================================================
    3  !e-!              21        11    1           0           0      0.19484      1.77620     -9.84259     10.00347      0.00051
    4  !gamma!           21        22    1           0           0     -0.19484     -1.77620     -0.15741     -0.00347     -1.79377
    5  !p+!              21      2212    2           0           0     -0.00000     -0.00000    130.00000    130.00339      0.93827
    6  !gamma!           21        22    4           0           0     -0.19910     -1.81506      0.29156      0.44888     -1.79377
    7  !d!               21         1    5           0           0      0.00034      0.00306     10.19075     10.19075      0.00000
    8  !gamma!           21        22    6           0           0     -0.19910     -1.81506      0.29156      0.44888     -1.79377
    9  !d!               21         1    7           0           0      0.00034      0.00306     10.19075     10.19075      0.00000
   10  !d!               21         1    9           0           0     -0.19877     -1.81200     10.48231     10.63963      0.00000
 ==================================================================================================================================
   11  e-                 1        11    3           0           0      0.19484      1.77620     -9.84259     10.00347      0.00051
   12  (d)           A   12         1   10          14          14      0.27060     -2.16391     15.45296     15.60608      0.00000
   13  (uu_1)        V   11      2203    5          14          14     -0.46544      0.38771    114.38963    114.39383      0.77133
 ==================================================================================================================================
   14  (string)          11        92   12          15          18     -0.19484     -1.77620    129.84259    129.99991      6.13893
   15  (rho0)            11       113   14          19          20      0.37772     -1.90979     18.20733     18.32806      0.78805
   16  pi-                1      -211   14           0           0     -0.33192      0.14679     11.81967     11.82607      0.13957
   17  (eta)             11       221   14          21          22     -0.04508     -0.48115     12.51638     12.53766      0.54745
   18  (Delta++)         11      2224   14          23          24     -0.19555      0.46795     87.29921     87.30812      1.13985
   19  pi-                1      -211   15           0           0      0.33403     -0.54675      8.37411      8.39974      0.13957
   20  pi+                1       211   15           0           0      0.04369     -1.36304      9.83322      9.92832      0.13957
   21  gamma              1        22   17           0           0     -0.19637     -0.23393      2.73677      2.75376      0.00000
   22  gamma              1        22   17           0           0      0.15128     -0.24722      9.77961      9.78390      0.00000
   23  p+                 1      2212   18           0           0     -0.26131      0.30042     72.35843     72.36561      0.93827
   24  pi+                1       211   18           0           0      0.06575      0.16753     14.94078     14.94251      0.13957
 ==================================================================================================================================
                   sum charge:  0.00   sum momentum and inv. mass:      0.00000      0.00000    120.00000    140.00339     72.11760



                            Event listing (standard)

    I  particle/jet  K(I,1)   K(I,2) K(I,3)     K(I,4)      K(I,5)       P(I,1)       P(I,2)       P(I,3)       P(I,4)       P(I,5)

    1  !e-!              21        11    0           3           4      0.00000      0.00000    -10.00000     10.00000      0.00051
    2  !p+!              21      2212    0           5           0     -0.00000      0.00000    130.00000    130.00339      0.93827
 ==================================================================================================================================
    3  !e-!              21        11    1           0           0      1.31539      1.16139     -5.24388      5.52968      0.00051
    4  !gamma!           21        22    1           0           0     -1.31539     -1.16139     -4.75612      4.47032     -2.39082
    5  !p+!              21      2212    2           0           0     -0.00000     -0.00000    130.00000    130.00339      0.93827
    6  !gamma!           21        22    4           0           0     -1.31587     -1.16182     -4.75764      4.47219     -2.39082
    7  !u!               21         2    5           0           0      0.00000      0.00000      0.30965      0.30965      0.00000
    8  !gamma!           21        22    6           0           0     -1.31587     -1.16182     -4.75764      4.47219     -2.39082
    9  !u!               21         2    7           0           0      0.00000      0.00000      0.30965      0.30965      0.00000
   10  !u!               21         2    9           0           0     -1.31587     -1.16182     -4.44799      4.78184      0.00000
 ==================================================================================================================================
   11  e-                 1        11    3           0           0      1.31539      1.16139     -5.24388      5.52968      0.00051
   12  (ud_1)        A   12      2103    5          16          16     -0.18694     -0.10544    129.13635    129.13883      0.77133
   13  (g)           I   12        21   10          16          16     -0.45779     -0.29548      0.41724      0.68627      0.00000
   14  (g)           I   12        21   10          16          16     -0.73993     -0.03243     -0.92091      1.18179      0.00000
   15  (u)           V   11         2   10          16          16      0.06927     -0.72805     -3.38880      3.46682      0.00000
 ==================================================================================================================================
   16  (string)          11        92   12          17          22     -1.31539     -1.16139    125.24388    134.47371     48.92922
   17  (Delta0)          11      2114   16          23          24     -0.64965     -0.00941    126.93409    126.94248      1.30687
   18  (rho+)            11       213   16          25          26      0.60248     -0.51817      1.89979      2.20127      0.77776
   19  (pi0)             11       111   16          27          28     -0.63451      0.34517      0.18060      0.75669      0.13498
   20  (eta)             11       221   16          29          30     -0.58787     -0.67326     -1.53767      1.86091      0.54745
   21  pi-                1      -211   16           0           0      0.27974     -0.57754     -0.89083      1.10673      0.13957
   22  (rho+)            11       213   16          31          32     -0.32558      0.27182     -1.34210      1.60562      0.77259
   23  p+                 1      2212   17           0           0     -0.44376     -0.29493     91.12244     91.12883      0.93827
   24  pi-                1      -211   17           0           0     -0.20589      0.28551     35.81165     35.81365      0.13957
   25  pi+                1       211   18           0           0      0.19910     -0.04279      1.30814      1.33123      0.13957
   26  (pi0)             11       111   18          33          35      0.40337     -0.47538      0.59165      0.87004      0.13498
   27  gamma              1        22   19           0           0     -0.32846      0.11482      0.12449      0.36955      0.00000
   28  gamma              1        22   19           0           0     -0.30604      0.23035      0.05610      0.38713      0.00000
   29  gamma              1        22   20           0           0     -0.14543     -0.21464     -0.08210      0.27196      0.00000
   30  gamma              1        22   20           0           0     -0.44244     -0.45861     -1.45557      1.58895      0.00000
   31  pi+                1       211   22           0           0     -0.30758      0.43060     -0.51153      0.74911      0.13957
   32  (pi0)             11       111   22          36          37     -0.01800     -0.15878     -0.83058      0.85651      0.13498
   33  gamma              1        22   26           0           0      0.21225     -0.28001      0.25015      0.43131      0.00000
   34  e+                 1       -11   26           0           0      0.18419     -0.19245      0.32258      0.41835      0.00051
   35  e-                 1        11   26           0           0      0.00693     -0.00292      0.01893      0.02037      0.00051
   36  gamma              1        22   32           0           0     -0.05140     -0.04534     -0.13992      0.15581      0.00000
   37  gamma              1        22   32           0           0      0.03340     -0.11344     -0.69065      0.70071      0.00000
 ==================================================================================================================================
                   sum charge:  0.00   sum momentum and inv. mass:     -0.00000     -0.00000    120.00000    140.00339     72.11760



                            Event listing (standard)

    I  particle/jet  K(I,1)   K(I,2) K(I,3)     K(I,4)      K(I,5)       P(I,1)       P(I,2)       P(I,3)       P(I,4)       P(I,5)

    1  !e-!              21        11    0           3           4      0.00000      0.00000    -10.00000     10.00000      0.00051
    2  !p+!              21      2212    0           5           0     -0.00000      0.00000    130.00000    130.00339      0.93827
 ==================================================================================================================================
    3  !e-!              21        11    1           0           0      0.97117     -0.10739     -8.50685      8.56278      0.00051
    4  !gamma!           21        22    1           0           0     -0.97117      0.10739     -1.49315      1.43722     -1.05764
    5  !p+!              21      2212    2           0           0     -0.00000      0.00000    130.00000    130.00339      0.93827
    6  !rho_diff0!       21   9900110    4           0           0     -1.27850      0.72658     30.47625     33.40308     13.59416
    7  !p+!              21      2212    5           0           0      0.30733     -0.61918     98.03060     98.03753      0.93827
 ==================================================================================================================================
    8  (d)           A   12         1    6          13          13     -0.49222      0.33051     -0.30267      0.74299      0.33000
    9  (g)           I   12        21    6          13          13      0.09907     -0.19870     31.38767     31.38845      0.00000
   10  (dbar)        V   11        -1    6          13          13     -0.88535      0.59477     -0.60875      1.27164      0.33000
   11  p+                 1      2212    7           0           0      0.30733     -0.61918     98.03060     98.03753      0.93827
   12  e-                 1        11    3           0           0      0.97117     -0.10739     -8.50685      8.56278      0.00051
 ==================================================================================================================================
   13  (string)          11        92    8          14          23     -1.27850      0.72658     30.47625     33.40308     13.59416
   14  (eta)             11       221   13          24          26     -0.51276      0.07389      0.32090      0.81919      0.54745
   15  (K*0)             11       313   13          27          28      0.09235      0.37050      0.87744      1.31143      0.89675
   16  (K*bar0)          11      -313   13          29          30     -0.17041     -0.35392      4.60599      4.71326      0.91946
   17  (rho-)            11      -213   13          31          32     -0.21824      0.11496      4.10576      4.17017      0.68719
   18  pi+                1       211   13           0           0      0.56659      0.08754      6.93006      6.95514      0.13957
   19  (eta')            11       331   13          33          35     -0.36311      0.23556      9.12770      9.18801      0.95775
   20  (omega)           11       223   13          36          37      0.00224     -0.35995      2.66396      2.80023      0.78424
   21  n0                 1      2112   13           0           0      0.09470      0.60432      0.96271      1.47776      0.93957
   22  pbar-              1     -2212   13           0           0     -0.03825     -0.04362      0.20628      0.96243      0.93827
   23  pi+                1       211   13           0           0     -0.73159     -0.00271      0.67546      1.00546      0.13957
   24  pi+                1       211   14           0           0      0.00439      0.05535      0.06686      0.16442      0.13957
   25  pi-                1      -211   14           0           0     -0.20087      0.06591      0.07503      0.26420      0.13957
   26  (pi0)             11       111   14          38          39     -0.31628     -0.04737      0.17902      0.39057      0.13498
   27  K+                 1       321   15           0           0     -0.01678     -0.06952      0.41263      0.64732      0.49360
   28  pi-                1      -211   15           0           0      0.10913      0.44002      0.46481      0.66412      0.13957
   29  K-                 1      -321   16           0           0     -0.28534     -0.12281      3.97286      4.01544      0.49360
   30  pi+                1       211   16           0           0      0.11493     -0.23112      0.63313      0.69782      0.13957
   31  pi-                1      -211   17           0           0     -0.33701      0.26986      3.27149      3.30280      0.13957
   32  (pi0)             11       111   17          40          41      0.11877     -0.15490      0.83427      0.86737      0.13498
   33  pi-                1      -211   19           0           0     -0.04847     -0.06191      1.99907      2.00548      0.13957
   34  pi+                1       211   19           0           0     -0.01385     -0.04994      0.80651      0.82014      0.13957
   35  (eta)             11       221   19          42          44     -0.30080      0.34741      6.32212      6.36239      0.54745
   36  pi-                1      -211   20           0           0     -0.33322     -0.26701      1.02861      1.12242      0.13957
   37  pi+                1       211   20           0           0      0.33545     -0.09295      1.63535      1.67780      0.13957
   38  gamma              1        22   26           0           0     -0.17412      0.03811      0.06707      0.19045      0.00000
   39  gamma              1        22   26           0           0     -0.14215     -0.08549      0.11195      0.20012      0.00000
   40  gamma              1        22   32           0           0      0.05929      0.00045      0.35814      0.36302      0.00000
   41  gamma              1        22   32           0           0      0.05948     -0.15535      0.47613      0.50435      0.00000
   42  pi-                1      -211   35           0           0     -0.15634      0.17934      3.02558      3.03813      0.13957
   43  pi+                1       211   35           0           0     -0.06578     -0.03749      1.64794      1.65557      0.13957
   44  (pi0)             11       111   35          45          46     -0.07868      0.20556      1.64860      1.66870      0.13498
   45  gamma              1        22   44           0           0     -0.03127     -0.00907      0.11867      0.12306      0.00000
   46  gamma              1        22   44           0           0     -0.04740      0.21463      1.52993      1.54564      0.00000
 ==================================================================================================================================
                   sum charge:  0.00   sum momentum and inv. mass:      0.00000      0.00000    120.00000    140.00339     72.11760



                            Event listing (standard)

    I  particle/jet  K(I,1)   K(I,2) K(I,3)     K(I,4)      K(I,5)       P(I,1)       P(I,2)       P(I,3)       P(I,4)       P(I,5)

    1  !e-!              21        11    0           3           4      0.00000      0.00000    -10.00000     10.00000      0.00051
    2  !p+!              21      2212    0           5           0     -0.00000      0.00000    130.00000    130.00339      0.93827
 ==================================================================================================================================
    3  !e-!              21        11    1           0           0      0.69326     -0.44032     -1.26959      1.51207      0.00051
    4  !gamma!           21        22    1           0           0     -0.69326      0.44032     -8.73041      8.48793     -2.20217
    5  !p+!              21      2212    2           0           0     -0.00000     -0.00000    130.00000    130.00339      0.93827
    6  !gamma!           21        22    4           0           0     -0.69339      0.44041     -8.73207      8.48966     -2.20217
    7  !ubar!            21        -2    5           0           0      0.00000     -0.00000      0.14080      0.14080      0.00000
    8  !gamma!           21        22    6           0           0     -0.69339      0.44041     -8.73207      8.48966     -2.20217
    9  !ubar!            21        -2    7           0           0      0.00000     -0.00000      0.14080      0.14080      0.00000
   10  !ubar!            21        -2    9           0           0     -0.69339      0.44041     -8.59127      8.63045      0.00000
 ==================================================================================================================================
   11  p+                 1      2212    5           0           0      0.38764     -0.01737     16.77265     16.80335      0.93827
   12  e-                 1        11    3           0           0      0.69326     -0.44032     -1.26959      1.51207      0.00051
   13  (u)           A   12         2    5          16          16     -0.33417      0.02947    112.83478    112.83576      0.33000
   14  (g)           I   12        21   10          16          16     -0.29925     -0.73869     -0.55874      0.97335      0.00000
   15  (ubar)        V   11        -2   10          16          16     -0.44748      1.16691     -7.77910      7.87885      0.00000
 ==================================================================================================================================
   16  (string)          11        92   13          17          26     -1.08090      0.45769    104.49694    121.68796     62.34559
   17  (omega)           11       223   16          27          29     -0.63036     -0.22566     73.27978     73.28701      0.78196
   18  pi+                1       211   16           0           0      0.64118     -0.06419     25.49973     25.50825      0.13957
   19  pi-                1      -211   16           0           0     -0.95227      0.19436      9.14652      9.19907      0.13957
   20  (rho0)            11       113   16          30          31      0.26556     -0.19658      3.37569      3.57841      1.14041
   21  pi+                1       211   16           0           0      0.32779      0.15286     -0.37118      0.53672      0.13957
   22  (rho-)            11      -213   16          32          33     -0.08435      0.11977      0.57760      1.05371      0.86903
   23  (pi0)             11       111   16          34          35      0.53271     -0.41549     -0.41783      0.80574      0.13498
   24  p+                 1      2212   16           0           0     -0.97473      0.79216     -2.77639      3.18846      0.93827
   25  nbar0              1     -2112   16           0           0     -0.40879     -0.29980     -0.64860      1.24918      0.93957
   26  (rho-)            11      -213   16          36          37      0.20235      0.40027     -3.16839      3.28142      0.72652
   27  pi-                1      -211   17           0           0     -0.60565     -0.05547     56.61008     56.61352      0.13957
   28  pi+                1       211   17           0           0      0.04195     -0.03140      6.22832      6.23010      0.13957
   29  (pi0)             11       111   17          38          39     -0.06665     -0.13879     10.44138     10.44339      0.13498
   30  pi-                1      -211   20           0           0      0.56386      0.24882      1.88631      1.98935      0.13957
   31  pi+                1       211   20           0           0     -0.29831     -0.44541      1.48938      1.58906      0.13957
   32  pi-                1      -211   22           0           0     -0.35461      0.27333      0.11964      0.48399      0.13957
   33  (pi0)             11       111   22          40          41      0.27026     -0.15356      0.45796      0.56971      0.13498
   34  gamma              1        22   23           0           0      0.11557     -0.16049     -0.09140      0.21787      0.00000
   35  gamma              1        22   23           0           0      0.41714     -0.25500     -0.32644      0.58787      0.00000
   36  pi-                1      -211   26           0           0     -0.20509     -0.00306     -1.26044      1.28463      0.13957
   37  (pi0)             11       111   26          42          43      0.40744      0.40332     -1.90795      1.99679      0.13498
   38  gamma              1        22   29           0           0     -0.09882     -0.06294      7.23853      7.23947      0.00000
   39  gamma              1        22   29           0           0      0.03216     -0.07585      3.20286      3.20391      0.00000
   40  gamma              1        22   33           0           0      0.06924      0.02131      0.09900      0.12268      0.00000
   41  gamma              1        22   33           0           0      0.20102     -0.17487      0.35896      0.44704      0.00000
   42  gamma              1        22   37           0           0      0.19977      0.27521     -0.98145      1.03870      0.00000
   43  gamma              1        22   37           0           0      0.20767      0.12812     -0.92649      0.95809      0.00000
 ==================================================================================================================================
                   sum charge:  0.00   sum momentum and inv. mass:     -0.00000      0.00000    120.00000    140.00339     72.11760

 Advisory warning: maximum violated by  1.587D+00 in event     720
 XSEC(96,1) increased to  1.839D-02

 Advisory warning: maximum violated by  1.159D+00 in event    1375
 XSEC(96,1) increased to  2.131D-02

 Advisory warning: maximum violated by  1.066D+00 in event   45008
 XSEC(96,1) increased to  2.271D-02
1********* PYSTAT:  Statistics on Number of Events and Cross-sections *********

 ==============================================================================
 I                                  I                            I            I
 I            Subprocess            I      Number of points      I    Sigma   I
 I                                  I                            I            I
 I----------------------------------I----------------------------I    (mb)    I
 I                                  I                            I            I
 I N:o Type                         I    Generated         Tried I            I
 I                                  I                            I            I
 ==============================================================================
 I                                  I                            I            I
 I   0 All included subprocesses    I       500000      11227014 I  6.392D-04 I
 I  11 f + f' -> f + f' (QCD)       I        11888             0 I  9.705D-06 I
 I  12 f + fbar -> f' + fbar'       I          263             0 I  2.032D-07 I
 I  13 f + fbar -> g + g            I          324             0 I  2.494D-07 I
 I  28 f + g -> f + g               I        28449             0 I  2.288D-05 I
 I  53 g + g -> f + fbar            I          347             0 I  2.311D-07 I
 I  68 g + g -> g + g               I        12638             0 I  8.446D-06 I
 I  91 Elastic scattering           I        28267        443151 I  3.304D-05 I
 I  92 Single diffractive (XB)      I        13936        340571 I  1.621D-05 I
 I  93 Single diffractive (AX)      I        11113        278443 I  1.307D-05 I
 I  94 Double  diffractive          I         7032        271893 I  7.839D-06 I
 I  95 Low-pT scattering            I        44184        127733 I  1.068D-04 I
 I  99 q + gamma* -> q              I       316745       1613669 I  3.898D-04 I
 I 131 f + gamma*_T -> f + g        I         8219        156261 I  1.023D-05 I
 I 132 f + gamma*_L -> f + g        I          431          7474 I  5.458D-07 I
 I 135 g + gamma*_T -> f + fbar     I        13177        440753 I  1.630D-05 I
 I 136 g + gamma*_L -> f + fbar     I         2987         71793 I  3.661D-06 I
 I                                  I                            I            I
 ==============================================================================
 I                                  I                            I            I
 I   1 VMD * hadron                 I        84477       6071944 I  1.235D-04 I
 I   2 direct * hadron              I        24814        676281 I  3.074D-05 I
 I   3 anomalous * hadron           I        73964       2865120 I  9.518D-05 I
 I   4 DIS * hadron                 I       316745       1613669 I  3.898D-04 I
 I                                  I                            I            I
 ==============================================================================

 ********* Total number of errors, excluding junctions =        0 *************
 ********* Total number of errors, including junctions =        0 *************
 ********* Total number of warnings =                           0 *************
 ********* Fraction of events that fail fragmentation cuts =  0.04447 *********

1************ PYSTAT: User-Defined Limits on Kinematical Variables ************

 ==============================================================================
 I                                                                            I
 I                 0.000D+00 <  m_hard (GeV/c^2)  <  2.586D+00                I
 I    0.000D+00 ( 1.000D+00) <  p_T_hard (GeV/c)  <  1.293D+00                I
 I                             m_finite (GeV/c^2) =  1.000D+00                I
 I                -1.000D+01 <    y*_subsystem    <  1.000D+01                I
 I                -4.000D+01 <      y*_large      <  4.000D+01                I
 I                -4.000D+01 <      y*_small      <  4.000D+01                I
 I                -4.000D+01 <     eta*_large     <  4.000D+01                I
 I                -4.000D+01 <     eta*_small     <  4.000D+01                I
 I                -1.000D+00 < cos(theta*)_large  <  1.000D+00                I
 I                -1.000D+00 < cos(theta*)_small  <  1.000D+00                I
 I                 0.000D+00 <        x_1         <  1.000D+00                I
 I                 0.000D+00 <        x_2         <  1.000D+00                I
 I                -1.000D+00 <        x_F         <  1.000D+00                I
 I                -1.000D+00 <  cos(theta_hard)   <  1.000D+00                I
 I                 2.000D+00 < m'_hard (GeV/c^2)  <  2.586D+00                I
 I                                                                            I
 ==============================================================================
 The charm mass used is:    1.5000000000000000     
 ===================================================
 Pythia total cross section normalisation:  0.63923535371693307       microbarn
 Total Number of generated events      500000
 Total Number of trials      500000
 ===================================================

 ===== PDFSTA statistics for PDF under/over-flows ====

 ====== STRUCTM statistics for nucleon/pion PDFs =====

   total # of calls    9596947.0000000000     
   X  below PDF min    0.0000000000000000       or    0.0000000000000000       %
   X  above PDF max    0.0000000000000000       or    0.0000000000000000       %
   Q2 below PDF min    0.0000000000000000       or    0.0000000000000000       %
   Q2 above PDF max    0.0000000000000000       or    0.0000000000000000       %

 ========= STRUCTP statistics for photon PDFs ========

   total # of calls    0.0000000000000000     

