1                                                                              
 ******************************************************************************
 ******************************************************************************
 **                                                                          **
 **                                                                          **
 **              *......*                  Welcome to the Lund Monte Carlo!  **
 **         *:::!!:::::::::::*                                               **
 **      *::::::!!::::::::::::::*          PPP  Y   Y TTTTT H   H III   A    **
 **    *::::::::!!::::::::::::::::*        P  P  Y Y    T   H   H  I   A A   **
 **   *:::::::::!!:::::::::::::::::*       PPP    Y     T   HHHHH  I  AAAAA  **
 **   *:::::::::!!:::::::::::::::::*       P      Y     T   H   H  I  A   A  **
 **    *::::::::!!::::::::::::::::*!       P      Y     T   H   H III A   A  **
 **      *::::::!!::::::::::::::* !!                                         **
 **      !! *:::!!:::::::::::*    !!       This is PYTHIA version 6.428      **
 **      !!     !* -><- *         !!       Last date of change:  5 Sep 2013  **
 **      !!     !!                !!                                         **
 **      !!     !!                !!       Now is  0 Jan 2000 at  0:00:00    **
 **      !!                       !!                                         **
 **      !!        lh             !!       Disclaimer: this program comes    **
 **      !!                       !!       without any guarantees. Beware    **
 **      !!                 hh    !!       of errors and use common sense    **
 **      !!    ll                 !!       when interpreting results.        **
 **      !!                       !!                                         **
 **      !!                                Copyright T. Sjostrand (2011)     **
 **                                                                          **
 ** An archive of program versions and documentation is found on the web:    **
 ** http://www.thep.lu.se/~torbjorn/Pythia.html                              **
 **                                                                          **
 ** When you cite this program, the official reference is to the 6.4 manual: **
 ** T. Sjostrand, S. Mrenna and P. Skands, JHEP05 (2006) 026                 **
 ** (LU TP 06-13, FERMILAB-PUB-06-052-CD-T) [hep-ph/0603175].                **
 **                                                                          **
 ** Also remember that the program, to a large extent, represents original   **
 ** physics research. Other publications of special relevance to your        **
 ** studies may therefore deserve separate mention.                          **
 **                                                                          **
 ** Main author: Torbjorn Sjostrand; Department of Theoretical Physics,      **
 **   Lund University, Solvegatan 14A, S-223 62 Lund, Sweden;                **
 **   phone: + 46 - 46 - 222 48 16; e-mail: torbjorn@thep.lu.se              **
 ** Author: Stephen Mrenna; Computing Division, GDS Group,                   **
 **   Fermi National Accelerator Laboratory, MS 234, Batavia, IL 60510, USA; **
 **   phone: + 1 - 630 - 840 - 2556; e-mail: mrenna@fnal.gov                 **
 ** Author: Peter Skands; CERN/PH-TH, CH-1211 Geneva, Switzerland            **
 **   phone: + 41 - 22 - 767 24 47; e-mail: peter.skands@cern.ch             **
 **                                                                          **
 **                                                                          **
 ******************************************************************************
 ******************************************************************************
     MSEL           changed from              1 to              2
     MSTP(14)       changed from             30 to             30
     MSTP(15)       changed from              0 to              0
     MSTP(16)       changed from              1 to              1
     MSTP(17)       changed from              4 to              4
     MSTP(18)       changed from              3 to              3
     MSTP(19)       changed from              4 to              1
     MSTP(20)       changed from              3 to              0
     MSTP(32)       changed from              8 to              8
     MSTP(38)       changed from              5 to              4
     MSTP(51)       changed from              7 to          10050
     MSTP(52)       changed from              1 to              2
     MSTP(53)       changed from              3 to              3
     MSTP(54)       changed from              1 to              1
     MSTP(55)       changed from              5 to              5
     MSTP(56)       changed from              1 to              1
     MSTP(57)       changed from              1 to              1
     MSTP(58)       changed from              5 to              5
     MSTP(59)       changed from              1 to              1
     MSTP(60)       changed from              7 to              7
     MSTP(61)       changed from              2 to              2
     MSTP(71)       changed from              1 to              1
     MSTP(81)       changed from              1 to              0
     MSTP(82)       changed from              4 to              1
     MSTP(91)       changed from              1 to              1
     MSTP(92)       changed from              3 to              3
     MSTP(93)       changed from              1 to              1
     MSTP(101)      changed from              3 to              3
     MSTP(102)      changed from              1 to              1
     MSTP(111)      changed from              1 to              1
     MSTP(121)      changed from              0 to              0
     PARP(13)       changed from        1.00000 to        1.00000
     PARP(18)       changed from        0.40000 to        0.40000
     PARP(81)       changed from        1.90000 to        1.90000
     PARP(89)       changed from     1800.00000 to     1800.00000
     PARP(90)       changed from        0.25000 to        0.16000
     PARP(91)       changed from        2.00000 to        0.40000
     PARP(93)       changed from        5.00000 to        5.00000
     PARP(99)       changed from        1.00000 to        0.40000
     PARP(100)      changed from        5.00000 to        5.00000
     PARP(102)      changed from        0.28000 to        0.28000
     PARP(103)      changed from        1.00000 to        1.00000
     PARP(104)      changed from        0.80000 to        0.80000
     PARP(111)      changed from        2.00000 to        2.00000
     PARP(161)      changed from        2.20000 to        3.00000
     PARP(162)      changed from       23.60000 to       24.60000
     PARP(163)      changed from       18.40000 to       18.80000
     PARP(164)      changed from       11.50000 to       11.50000
     PARP(165)      changed from        0.50000 to        0.47679
     PARP(166)      changed from        0.00000 to        0.67597
     PARJ(1)        changed from        0.10000 to        0.10000
     PARJ(2)        changed from        0.30000 to        0.30000
     PARJ(11)       changed from        0.50000 to        0.50000
     PARJ(12)       changed from        0.60000 to        0.60000
     PARJ(21)       changed from        0.36000 to        0.40000
     PARJ(32)       changed from        1.00000 to        1.00000
     PARJ(33)       changed from        0.80000 to        0.80000
     PARJ(41)       changed from        0.30000 to        0.30000
     PARJ(42)       changed from        0.58000 to        0.58000
     PARJ(45)       changed from        0.50000 to        0.50000
     MSTJ(1)        changed from              1 to              1
     MSTJ(12)       changed from              2 to              1
     MSTJ(45)       changed from              5 to              5
     MSTU(112)      changed from              5 to              5
     MSTU(113)      changed from              3 to              5
     MSTU(114)      changed from              5 to              5
     CKIN(1)        changed from        2.00000 to        1.00000
     CKIN(2)        changed from       -1.00000 to       -1.00000
     CKIN(3)        changed from        0.00000 to        0.00000
     CKIN(4)        changed from       -1.00000 to       -1.00000
     CKIN(5)        changed from        1.00000 to        1.00000
     CKIN(6)        changed from        1.00000 to        1.00000
     CKIN(7)        changed from      -10.00000 to      -10.00000
     CKIN(8)        changed from       10.00000 to       10.00000
     CKIN(9)        changed from      -40.00000 to      -40.00000
     CKIN(10)       changed from       40.00000 to       40.00000
     CKIN(11)       changed from      -40.00000 to      -40.00000
     CKIN(12)       changed from       40.00000 to       40.00000
     CKIN(13)       changed from      -40.00000 to      -40.00000
     CKIN(14)       changed from       40.00000 to       40.00000
     CKIN(15)       changed from      -40.00000 to      -40.00000
     CKIN(16)       changed from       40.00000 to       40.00000
     CKIN(17)       changed from       -1.00000 to       -1.00000
     CKIN(18)       changed from        1.00000 to        1.00000
     CKIN(19)       changed from       -1.00000 to       -1.00000
     CKIN(20)       changed from        1.00000 to        1.00000
     CKIN(21)       changed from        0.00000 to        0.00000
     CKIN(22)       changed from        1.00000 to        1.00000
     CKIN(23)       changed from        0.00000 to        0.00000
     CKIN(24)       changed from        1.00000 to        1.00000
     CKIN(25)       changed from       -1.00000 to       -1.00000
     CKIN(26)       changed from        1.00000 to        1.00000
     CKIN(27)       changed from       -1.00000 to       -1.00000
     CKIN(28)       changed from        1.00000 to        1.00000
     CKIN(31)       changed from        2.00000 to        2.00000
     CKIN(32)       changed from       -1.00000 to       -1.00000
     CKIN(35)       changed from        0.00000 to        0.00000
     CKIN(36)       changed from       -1.00000 to       -1.00000
     CKIN(37)       changed from        0.00000 to        0.00000
     CKIN(38)       changed from       -1.00000 to       -1.00000
     CKIN(39)       changed from        4.00000 to        4.00000
     CKIN(40)       changed from       -1.00000 to       -1.00000
     CKIN(65)       changed from        0.00000 to        0.00000
     CKIN(66)       changed from       -1.00000 to       -1.00000
     CKIN(67)       changed from        0.00000 to        0.00000
     CKIN(68)       changed from       -1.00000 to       -1.00000
     CKIN(77)       changed from        2.00000 to        2.00000
     CKIN(78)       changed from       -1.00000 to       -1.00000
 *********************************************
 NOW all parameters are read by PYTHIA
 *********************************************
 SEED =    124344660
 RANLUX LUXURY LEVEL SET BY RLUXGO : 4     P= 389
 RANLUX INITIALIZED BY RLUXGO FROM SEEDS   124344660           0           0
   2771.0935550343875        10.000000000000000       -2771.0935550343875       -10.0000000    
 *********************************************
 proton beam momentum:   130.000000     GeV
 lepton beam momentum:   10.0000000     GeV
 resulting sqrt(s):   72.117599099066553      GeV
 *********************************************
1****************** PYINIT: initialization of PYTHIA routines *****************
 ==== PYTHIA WILL USE LHAPDF ====
 *************************************
 *       LHAPDF Version 5.9.1        *
 *   Configured for the following:   *
 *             All PDFs              *
 *         FULL MEMORY option        *
 *    Maximum  3 concurrent set(s)   *
 *************************************

 >>>>>> PDF description: <<<<<<
 CTEQ6M                                                          
 Reference:                                                      
 J. Pumplin, D.R. Stump, J. Huston, H.L. Lai, P. Nadolsky,       
 W.K. Tung                                                       
 hep-ph/0201195                                                  
 This set has 41 member PDFs.                                    
     mem=0 --> central value (cteq6m)                            
     mem=1-40 --> 20 sets of +ve/-ve error values                
 >>>>>>                   <<<<<<

 ==============================================
 PDFset name /cvmfs/sft.cern.ch/lcg/external/lhapdfsets/5.9.1/share/PDFsets/cteq6mE.LHgrid   
 with         40 members
 ====  initialized. ===========================
 Strong coupling at Mz for PDF is:  0.11798

 ==============================================================================
 I                                                                            I
 I      PYTHIA will be initialized for gamma/e- on p+ user configuration      I
 I                                                                            I
 I                  px (GeV/c)   py (GeV/c)   pz (GeV/c)      E (GeV)         I
 I        gamma/e-       0.000        0.000      -10.000       10.000         I
 I        p+             0.000        0.000      130.000      130.003         I
 I                                                                            I
 I           corresponding to     72.118 GeV center-of-mass energy            I
 I                                                                            I
 ==============================================================================

 ******** PYMAXI: summary of differential cross-section maximum search ********

           ==========================================================
           I                                      I                 I
           I  ISUB  Subprocess name               I  Maximum value  I
           I                                      I                 I
           ==========================================================
           I                                      I                 I
           I   91   Elastic scattering            I    4.1710D-04   I
           I   92   Single diffractive (XB)       I    3.1940D-04   I
           I   93   Single diffractive (AX)       I    2.6141D-04   I
           I   94   Double  diffractive           I    2.4494D-04   I
           I   95   Low-pT scattering             I    1.9207D-03   I
           I   96   Semihard QCD 2 -> 2           I    1.7479D-02   I
           I                                      I                 I
           ==========================================================

 ******** PYMAXI: summary of differential cross-section maximum search ********

           ==========================================================
           I                                      I                 I
           I  ISUB  Subprocess name               I  Maximum value  I
           I                                      I                 I
           ==========================================================
           I                                      I                 I
           I  131   f + gamma*_T -> f + g         I    1.9221D-04   I
           I  132   f + gamma*_L -> f + g         I    9.2718D-06   I
           I  135   g + gamma*_T -> f + fbar      I    5.4466D-04   I
           I  136   g + gamma*_L -> f + fbar      I    8.8198D-05   I
           I                                      I                 I
           ==========================================================

 ******** PYMAXI: summary of differential cross-section maximum search ********

           ==========================================================
           I                                      I                 I
           I  ISUB  Subprocess name               I  Maximum value  I
           I                                      I                 I
           ==========================================================
           I                                      I                 I
           I   91   Elastic scattering            I    1.0588D-04   I
           I   92   Single diffractive (XB)       I    8.2750D-05   I
           I   93   Single diffractive (AX)       I    6.5818D-05   I
           I   94   Double  diffractive           I    6.3002D-05   I
           I   95   Low-pT scattering             I    5.2345D-04   I
           I   96   Semihard QCD 2 -> 2           I    1.1588D-02   I
           I                                      I                 I
           ==========================================================

 ******** PYMAXI: summary of differential cross-section maximum search ********

           ==========================================================
           I                                      I                 I
           I  ISUB  Subprocess name               I  Maximum value  I
           I                                      I                 I
           ==========================================================
           I                                      I                 I
           I   99   q + gamma* -> q               I    1.9857D-03   I
           I                                      I                 I
           ==========================================================

 ********************** PYINIT: initialization completed **********************
 the outputfile will be named: outfiles/ep_10x130_Q2_10_100_norad.out                                                                                                                                                                                                                          



                            Event listing (standard)

    I  particle/jet  K(I,1)   K(I,2) K(I,3)     K(I,4)      K(I,5)       P(I,1)       P(I,2)       P(I,3)       P(I,4)       P(I,5)

    1  !e-!              21        11    0           3           4      0.00000      0.00000    -10.00000     10.00000      0.00051
    2  !p+!              21      2212    0           5           0     -0.00000      0.00000    130.00000    130.00339      0.93827
 ==================================================================================================================================
    3  !e-!              21        11    1           0           0     -1.73448      5.88545     -8.23937     10.27298      0.00051
    4  !gamma!           21        22    1           0           0      1.73448     -5.88545     -1.76063     -0.27298     -6.37747
    5  !p+!              21      2212    2           0           0     -0.00000     -0.00000    130.00000    130.00339      0.93827
    6  !gamma!           21        22    4           0           0      1.73842     -5.89883     -1.70252     -0.21149     -6.37747
    7  !u!               21         2    5           0           0     -0.00041      0.00140     13.63290     13.63290      0.00000
    8  !gamma!           21        22    6           0           0      1.73842     -5.89883     -1.70252     -0.21149     -6.37747
    9  !u!               21         2    7           0           0     -0.00041      0.00140     13.63290     13.63290      0.00000
   10  !u!               21         2    9           0           0      1.73801     -5.89743     11.93038     13.42141      0.00000
 ==================================================================================================================================
   11  e-                 1        11    3           0           0     -1.73448      5.88545     -8.23937     10.27298      0.00051
   12  (ud_0)        A   12      2101    5          16          16      0.03659     -0.00151    113.92965    113.93113      0.57933
   13  (g)           I   12        21   10          16          16     -0.35110     -0.08828      0.34484      0.49998      0.00000
   14  (g)           I   12        21   10          16          16      0.50779     -2.46657      6.76842      7.22172      0.00000
   15  (u)           V   11         2   10          16          16      1.54119     -3.32909      7.19646      8.07757      0.00000
 ==================================================================================================================================
   16  (string)          11        92   12          17          22      1.73448     -5.88545    128.23937    129.73040     18.62779
   17  p+                 1      2212   16           0           0     -0.38770      0.19842    107.21749    107.22248      0.93827
   18  (rho0)            11       113   16          23          24      0.63230     -1.29297      5.78157      6.00335      0.73623
   19  pi-                1      -211   16           0           0     -0.29021     -1.34317      3.24669      3.52829      0.13957
   20  (pi0)             11       111   16          25          26      0.14967     -0.05130      3.40371      3.41006      0.13498
   21  (K*bar0)          11      -313   16          27          28      1.11366     -1.08094      3.71038      4.11812      0.88505
   22  K+                 1       321   16           0           0      0.51676     -2.31548      4.87953      5.44811      0.49360
   23  pi-                1      -211   18           0           0      0.55074     -0.71266      2.37410      2.54303      0.13957
   24  pi+                1       211   18           0           0      0.08156     -0.58031      3.40748      3.46032      0.13957
   25  gamma              1        22   20           0           0      0.03052     -0.00096      0.12075      0.12455      0.00000
   26  gamma              1        22   20           0           0      0.11915     -0.05034      3.28296      3.28551      0.00000
   27  (Kbar0)           11      -311   21          29          29      0.55510     -0.41660      1.32740      1.57840      0.49767
   28  (pi0)             11       111   21          30          31      0.55857     -0.66433      2.38298      2.53972      0.13498
   29  K_L0               1       130   27           0           0      0.55510     -0.41660      1.32740      1.57840      0.49767
   30  gamma              1        22   28           0           0      0.45097     -0.47689      1.91177      2.02130      0.00000
   31  gamma              1        22   28           0           0      0.10760     -0.18745      0.47121      0.51841      0.00000
 ==================================================================================================================================
                   sum charge:  0.00   sum momentum and inv. mass:      0.00000     -0.00000    120.00000    140.00339     72.11760



                            Event listing (standard)

    I  particle/jet  K(I,1)   K(I,2) K(I,3)     K(I,4)      K(I,5)       P(I,1)       P(I,2)       P(I,3)       P(I,4)       P(I,5)

    1  !e-!              21        11    0           3           4      0.00000      0.00000    -10.00000     10.00000      0.00051
    2  !p+!              21      2212    0           5           0     -0.00000      0.00000    130.00000    130.00339      0.93827
 ==================================================================================================================================
    3  !e-!              21        11    1           0           0     -3.63769     -0.84605     -9.33803     10.05720      0.00051
    4  !gamma!           21        22    1           0           0      3.63769      0.84605     -0.66197     -0.05720     -3.79256
    5  !p+!              21      2212    2           0           0     -0.00000     -0.00000    130.00000    130.00339      0.93827
    6  !gamma!           21        22    4           0           0      3.65803      0.85078     -0.53309      0.07506     -3.79256
    7  !u!               21         2    5           0           0     -0.00185     -0.00043     11.81386     11.81386      0.00000
    8  !gamma!           21        22    6           0           0      3.65803      0.85078     -0.53309      0.07506     -3.79256
    9  !u!               21         2    7           0           0     -0.00185     -0.00043     11.81386     11.81386      0.00000
   10  !u!               21         2    9           0           0      3.65618      0.85035     11.28078     11.88893      0.00000
 ==================================================================================================================================
   11  e-                 1        11    3           0           0     -3.63769     -0.84605     -9.33803     10.05720      0.00051
   12  (ud_1)        A   12      2103    5          15          15     -0.13830     -0.38907    113.85350    113.85686      0.77133
   13  (g)           I   12        21   10          15          15      2.20579      0.29489     11.37548     11.59112      0.00000
   14  (u)           V   11         2   10          15          15      1.57020      0.94023      4.10905      4.49820      0.00000
 ==================================================================================================================================
   15  (string)          11        92   12          16          21      3.63769      0.84605    129.33803    129.94618     11.98901
   16  (Delta0)          11      2114   15          22          23     -0.39461     -0.27895     74.21403     74.22482      1.16960
   17  (omega)           11       223   15          24          26      1.01654      0.07854     24.12324     24.15780      0.79312
   18  pi+                1       211   15           0           0      0.56021     -0.40344      4.89571      4.94612      0.13957
   19  (rho-)            11      -213   15          27          28     -0.03788      0.31541     15.99390     16.01657      0.79057
   20  (rho+)            11       213   15          29          30      2.10687      0.92316      7.51556      7.91184      0.90691
   21  (eta)             11       221   15          31          33      0.38656      0.21133      2.59559      2.68903      0.54745
   22  p+                 1      2212   16           0           0     -0.23963     -0.12072     51.19512     51.20442      0.93827
   23  pi-                1      -211   16           0           0     -0.15498     -0.15822     23.01891     23.02040      0.13957
   24  pi-                1      -211   17           0           0      0.71090      0.01169     13.63194     13.65119      0.13957
   25  pi+                1       211   17           0           0      0.26410      0.19190      8.15047      8.15820      0.13957
   26  (pi0)             11       111   17          34          35      0.04155     -0.12505      2.34083      2.34841      0.13498
   27  pi-                1      -211   19           0           0     -0.13039     -0.11196     10.87755     10.87980      0.13957
   28  (pi0)             11       111   19          36          37      0.09251      0.42736      5.11635      5.13677      0.13498
   29  pi+                1       211   20           0           0      2.09989      0.71830      6.88496      7.23517      0.13957
   30  (pi0)             11       111   20          38          39      0.00698      0.20486      0.63060      0.67667      0.13498
   31  (pi0)             11       111   21          40          41      0.09040      0.12564      1.08678      1.10601      0.13498
   32  (pi0)             11       111   21          42          43      0.16906     -0.00940      1.13112      1.15166      0.13498
   33  (pi0)             11       111   21          44          45      0.12710      0.09510      0.37770      0.43136      0.13498
   34  gamma              1        22   26           0           0     -0.01527     -0.01887      1.36092      1.36114      0.00000
   35  gamma              1        22   26           0           0      0.05682     -0.10618      0.97991      0.98728      0.00000
   36  gamma              1        22   28           0           0      0.03944      0.22973      3.45794      3.46579      0.00000
   37  gamma              1        22   28           0           0      0.05307      0.19764      1.65840      1.67098      0.00000
   38  gamma              1        22   30           0           0      0.02116      0.22163      0.55629      0.59919      0.00000
   39  gamma              1        22   30           0           0     -0.01418     -0.01678      0.07431      0.07749      0.00000
   40  gamma              1        22   31           0           0     -0.01268      0.02878      0.55042      0.55131      0.00000
   41  gamma              1        22   31           0           0      0.10308      0.09686      0.53636      0.55470      0.00000
   42  gamma              1        22   32           0           0     -0.01361     -0.02294      0.26758      0.26891      0.00000
   43  gamma              1        22   32           0           0      0.18267      0.01354      0.86354      0.88275      0.00000
   44  gamma              1        22   33           0           0      0.10080      0.12839      0.26867      0.31437      0.00000
   45  gamma              1        22   33           0           0      0.02630     -0.03329      0.10903      0.11700      0.00000
 ==================================================================================================================================
                   sum charge:  0.00   sum momentum and inv. mass:     -0.00000     -0.00000    120.00000    140.00339     72.11760



                            Event listing (standard)

    I  particle/jet  K(I,1)   K(I,2) K(I,3)     K(I,4)      K(I,5)       P(I,1)       P(I,2)       P(I,3)       P(I,4)       P(I,5)

    1  !e-!              21        11    0           3           4      0.00000      0.00000    -10.00000     10.00000      0.00051
    2  !p+!              21      2212    0           5           0     -0.00000      0.00000    130.00000    130.00339      0.93827
 ==================================================================================================================================
    3  !e-!              21        11    1           0           0     -0.11432     -1.12753     -1.02867      1.53054      0.00051
    4  !gamma!           21        22    1           0           0      0.11432      1.12753     -8.97133      8.46946     -3.16819
    5  !p+!              21      2212    2           0           0     -0.00000      0.00000    130.00000    130.00339      0.93827
    6  !gamma!           21        22    4           0           0      0.11434      1.12775     -8.97296      8.47121     -3.16819
    7  !s!               21         3    5           0           0     -0.00000     -0.00000      0.28770      0.28770      0.00000
    8  !gamma!           21        22    6           0           0      0.11434      1.12775     -8.97296      8.47121     -3.16819
    9  !s!               21         3    7           0           0     -0.00000     -0.00000      0.28770      0.28770      0.00000
   10  !s!               21         3    9           0           0      0.11434      1.12775     -8.68525      8.75891      0.00000
 ==================================================================================================================================
   11  K+                 1       321    5           0           0      0.12251      0.03319     69.97456     69.97642      0.49360
   12  e-                 1        11    3           0           0     -0.11432     -1.12753     -1.02867      1.53054      0.00051
   13  (ud_1)        A   12      2103    5          16          16      0.16763      0.04735     59.42810     59.43336      0.77133
   14  (g)           I   12        21   10          16          16     -0.55388      1.00937     -0.63518      1.31494      0.00000
   15  (s)           V   11         3   10          16          16      0.37807      0.03762     -7.73880      7.74812      0.00000
 ==================================================================================================================================
   16  (string)          11        92   13          17          23     -0.00819      1.09434     51.05411     68.49643     45.65129
   17  (Delta0)          11      2114   16          24          25      0.46972     -0.17299     50.86748     50.88319      1.16114
   18  pi+                1       211   16           0           0     -0.51961      0.23592      7.17503      7.19904      0.13957
   19  pi-                1      -211   16           0           0     -0.06336      0.21413      1.32846      1.35431      0.13957
   20  pi+                1       211   16           0           0      0.11958      0.22137     -1.12109      1.15742      0.13957
   21  (K*-)             11      -323   16          26          27      0.24954      0.29903     -2.50626      2.68517      0.88155
   22  (phi)             11       333   16          28          29     -0.61283      0.13454     -2.22701      2.52526      1.01178
   23  (phi)             11       333   16          30          31      0.34878      0.16234     -2.46250      2.69202      1.01740
   24  n0                 1      2112   17           0           0      0.52568     -0.24094     44.50981     44.52348      0.93957
   25  (pi0)             11       111   17          32          33     -0.05596      0.06795      6.35767      6.35971      0.13498
   26  K-                 1      -321   21           0           0      0.40703      0.13646     -1.36193      1.51089      0.49360
   27  (pi0)             11       111   21          34          35     -0.15749      0.16257     -1.14432      1.17428      0.13498
   28  K-                 1      -321   22           0           0     -0.36504      0.01205     -0.98898      1.16410      0.49360
   29  K+                 1       321   22           0           0     -0.24779      0.12249     -1.23803      1.36117      0.49360
   30  K+                 1       321   23           0           0      0.21369     -0.03430     -1.26202      1.37229      0.49360
   31  K-                 1      -321   23           0           0      0.13508      0.19664     -1.20048      1.31974      0.49360
   32  gamma              1        22   25           0           0     -0.07027      0.10110      5.28696      5.28839      0.00000
   33  gamma              1        22   25           0           0      0.01431     -0.03315      1.07071      1.07132      0.00000
   34  gamma              1        22   27           0           0      0.02486      0.02226     -0.15464      0.15820      0.00000
   35  gamma              1        22   27           0           0     -0.18236      0.14031     -0.98968      1.01608      0.00000
 ==================================================================================================================================
                   sum charge:  0.00   sum momentum and inv. mass:      0.00000      0.00000    120.00000    140.00339     72.11760



                            Event listing (standard)

    I  particle/jet  K(I,1)   K(I,2) K(I,3)     K(I,4)      K(I,5)       P(I,1)       P(I,2)       P(I,3)       P(I,4)       P(I,5)

    1  !e-!              21        11    0           3           4      0.00000      0.00000    -10.00000     10.00000      0.00051
    2  !p+!              21      2212    0           5           0     -0.00000      0.00000    130.00000    130.00339      0.93827
 ==================================================================================================================================
    3  !e-!              21        11    1           0           0     -4.10304     -0.70088     -9.18269     10.08206      0.00051
    4  !gamma!           21        22    1           0           0      4.10304      0.70088     -0.81731     -0.08206     -4.24116
    5  !p+!              21      2212    2           0           0     -0.00000      0.00000    130.00000    130.00339      0.93827
    6  !gamma!           21        22    4           0           0      4.12191      0.70410     -0.70881      0.02982     -4.24116
    7  !u!               21         2    5           0           0     -0.00177     -0.00030     12.16605     12.16605      0.00000
    8  !gamma!           21        22    6           0           0      4.12191      0.70410     -0.70881      0.02982     -4.24116
    9  !u!               21         2    7           0           0     -0.00177     -0.00030     12.16605     12.16605      0.00000
   10  !u!               21         2    9           0           0      4.12015      0.70380     11.45724     12.19587      0.00000
 ==================================================================================================================================
   11  e-                 1        11    3           0           0     -4.10304     -0.70088     -9.18269     10.08206      0.00051
   12  (ud_1)        A   12      2103    5          15          15      0.09285      0.07351    116.63973    116.64234      0.77133
   13  (g)           I   12        21   10          15          15      0.89117     -0.51916      3.25173      3.41137      0.00000
   14  (u)           V   11         2   10          15          15      3.11902      1.14652      9.29123      9.86761      0.00000
 ==================================================================================================================================
   15  (string)          11        92   12          16          19      4.10304      0.70088    129.18269    129.92132     13.19305
   16  (Delta0)          11      2114   15          20          21      0.35354      0.18416    111.09146    111.09932      1.25972
   17  (rho0)            11       113   15          22          23      1.00644     -0.61078      7.03238      7.17646      0.81315
   18  (K*bar0)          11      -313   15          24          25      0.72416      0.76665      5.19665      5.37281      0.86587
   19  (K*+)             11       323   15          26          27      2.01889      0.36084      5.86220      6.27274      0.88075
   20  n0                 1      2112   16           0           0      0.51286      0.07475     84.51110     84.51791      0.93957
   21  (pi0)             11       111   16          28          29     -0.15932      0.10941     26.58036     26.58141      0.13498
   22  pi-                1      -211   17           0           0      0.14478     -0.13848      3.46503      3.47363      0.13957
   23  pi+                1       211   17           0           0      0.86166     -0.47230      3.56735      3.70283      0.13957
   24  (Kbar0)           11      -311   18          30          30      0.33649      0.59071      4.15322      4.23782      0.49767
   25  (pi0)             11       111   18          31          32      0.38767      0.17594      1.04342      1.13499      0.13498
   26  (K0)              11       311   19          33          33      1.12657      0.45860      3.17970      3.44059      0.49767
   27  pi+                1       211   19           0           0      0.89232     -0.09775      2.68250      2.83215      0.13957
   28  gamma              1        22   21           0           0     -0.11029      0.06209     23.27008     23.27042      0.00000
   29  gamma              1        22   21           0           0     -0.04902      0.04732      3.31028      3.31098      0.00000
   30  K_L0               1       130   24           0           0      0.33649      0.59071      4.15322      4.23782      0.49767
   31  gamma              1        22   25           0           0      0.39316      0.16824      0.95893      1.04996      0.00000
   32  gamma              1        22   25           0           0     -0.00549      0.00770      0.08450      0.08502      0.00000
   33  K_L0               1       130   26           0           0      1.12657      0.45860      3.17970      3.44059      0.49767
 ==================================================================================================================================
                   sum charge:  0.00   sum momentum and inv. mass:      0.00000      0.00000    120.00000    140.00339     72.11760



                            Event listing (standard)

    I  particle/jet  K(I,1)   K(I,2) K(I,3)     K(I,4)      K(I,5)       P(I,1)       P(I,2)       P(I,3)       P(I,4)       P(I,5)

    1  !e-!              21        11    0           3           4      0.00000      0.00000    -10.00000     10.00000      0.00051
    2  !p+!              21      2212    0           5           0     -0.00000      0.00000    130.00000    130.00339      0.93827
 ==================================================================================================================================
    3  !e-!              21        11    1           0           0      2.65606     -1.59691     -9.01159      9.52962      0.00051
    4  !gamma!           21        22    1           0           0     -2.65606      1.59691     -0.98841      0.47038     -3.21876
    5  !p+!              21      2212    2           0           0     -0.00000      0.00000    130.00000    130.00339      0.93827
    6  !gamma!           21        22    4           0           0     -2.66222      1.60061     -0.97424      0.48794     -3.21876
    7  !u!               21         2    5           0           0      0.00017     -0.00010      3.54240      3.54240      0.00000
    8  !gamma!           21        22    6           0           0     -2.66222      1.60061     -0.97424      0.48794     -3.21876
    9  !u!               21         2    7           0           0      0.00017     -0.00010      3.54240      3.54240      0.00000
   10  !u!               21         2    9           0           0     -2.66205      1.60051      2.56816      4.03034      0.00000
 ==================================================================================================================================
   11  e-                 1        11    3           0           0      2.65606     -1.59691     -9.01159      9.52962      0.00051
   12  (ud_0)        A   12      2101    5          15          15     -0.24026      0.35596    123.70394    123.70604      0.57933
   13  (g)           I   12        21   10          15          15     -1.37004     -0.39889      4.39213      4.61811      0.00000
   14  (u)           V   11         2   10          15          15     -1.04576      1.63984      0.91552      2.14962      0.00000
 ==================================================================================================================================
   15  (string)          11        92   12          16          22     -2.65606      1.59691    129.01159    130.47377     19.23041
   16  n0                 1      2112   15           0           0      0.08408      0.08892     38.99619     39.00770      0.93957
   17  (pi0)             11       111   15          23          24      0.04385     -0.06950      5.81427      5.81642      0.13498
   18  pi+                1       211   15           0           0     -0.11507      0.20246     56.68064     56.68129      0.13957
   19  (pi0)             11       111   15          25          26     -0.66004      0.20258     13.90482     13.92261      0.13498
   20  pi-                1      -211   15           0           0      0.11138     -0.17048      0.79214      0.82972      0.13957
   21  (K*bar0)          11      -313   15          27          28     -0.19759     -0.11948     10.90780     10.94703      0.89670
   22  (K*+)             11       323   15          29          30     -1.92267      1.46240      1.91573      3.26900      1.08678
   23  gamma              1        22   17           0           0      0.07014     -0.02273      1.49801      1.49982      0.00000
   24  gamma              1        22   17           0           0     -0.02630     -0.04677      4.31626      4.31660      0.00000
   25  gamma              1        22   19           0           0     -0.26045      0.06968      6.77215      6.77752      0.00000
   26  gamma              1        22   19           0           0     -0.39959      0.13290      7.13267      7.14509      0.00000
   27  K-                 1      -321   21           0           0      0.08046     -0.25130      5.41501      5.44386      0.49360
   28  pi+                1       211   21           0           0     -0.27805      0.13182      5.49279      5.50317      0.13957
   29  (K0)              11       311   22          31          31     -0.99094      0.88360      0.57222      1.52900      0.49767
   30  pi+                1       211   22           0           0     -0.93173      0.57880      1.34351      1.74001      0.13957
   31  (K_S0)            11       310   29          32          33     -0.99094      0.88360      0.57222      1.52900      0.49767
   32  pi-                1      -211   31           0           0     -0.15017      0.33344      0.25075      0.46486      0.13957
   33  pi+                1       211   31           0           0     -0.84077      0.55016      0.32146      1.06414      0.13957
 ==================================================================================================================================
                   sum charge:  0.00   sum momentum and inv. mass:      0.00000     -0.00000    120.00000    140.00339     72.11760



                            Event listing (standard)

    I  particle/jet  K(I,1)   K(I,2) K(I,3)     K(I,4)      K(I,5)       P(I,1)       P(I,2)       P(I,3)       P(I,4)       P(I,5)

    1  !e-!              21        11    0           3           4      0.00000      0.00000    -10.00000     10.00000      0.00051
    2  !p+!              21      2212    0           5           0     -0.00000      0.00000    130.00000    130.00339      0.93827
 ==================================================================================================================================
    3  !e-!              21        11    1           0           0      2.28979     -4.09367     -8.27024      9.50779      0.00051
    4  !gamma!           21        22    1           0           0     -2.28979      4.09367     -1.72976      0.49221     -4.97504
    5  !p+!              21      2212    2           0           0     -0.00000      0.00000    130.00000    130.00339      0.93827
    6  !gamma!           21        22    4           0           0     -2.29327      4.09991     -1.71544      0.50992     -4.97504
    7  !u!               21         2    5           0           0      0.00015     -0.00027      5.56050      5.56050      0.00000
    8  !gamma!           21        22    6           0           0     -2.29327      4.09991     -1.71544      0.50992     -4.97504
    9  !u!               21         2    7           0           0      0.00015     -0.00027      5.56050      5.56050      0.00000
   10  !u!               21         2    9           0           0     -2.29313      4.09964      3.84506      6.07041      0.00000
 ==================================================================================================================================
   11  e-                 1        11    3           0           0      2.28979     -4.09367     -8.27024      9.50779      0.00051
   12  (ud_0)        A   12      2101    5          17          17     -0.19314      0.20392    119.41360    119.41534      0.57933
   13  (g)           I   12        21   10          17          17     -0.09586     -0.44799      2.21351      2.26042      0.00000
   14  (g)           I   12        21   10          17          17     -0.19109      0.19628      1.42221      1.44835      0.00000
   15  (g)           I   12        21   10          17          17      0.33819      1.93861      2.95566      3.55085      0.00000
   16  (u)           V   11         2   10          17          17     -2.14788      2.20284      2.26526      3.82064      0.00000
 ==================================================================================================================================
   17  (string)          11        92   12          18          24     -2.28979      4.09367    128.27024    130.49560     23.53391
   18  (Lambda0)         11      3122   17          25          26     -0.04594     -0.44086     74.26857     74.27827      1.11568
   19  (eta')            11       331   17          27          29      0.17070      0.71612     27.05660     27.08356      0.95785
   20  (K*+)             11       323   17          30          31     -0.62310     -0.14551     17.47502     17.51515      0.99734
   21  (omega)           11       223   17          32          34      0.31208      0.62119      2.17442      2.41121      0.77622
   22  (rho-)            11      -213   17          35          36     -0.15319     -0.27930      2.64241      2.69628      0.43143
   23  (rho+)            11       213   17          37          38     -0.30715      2.18249      2.65144      3.54505      0.82440
   24  (pi0)             11       111   17          39          40     -1.64318      1.43954      2.00178      2.96608      0.13498
   25  n0                 1      2112   18           0           0     -0.06148     -0.38742     69.52694     69.53439      0.93957
   26  (pi0)             11       111   18          41          42      0.01554     -0.05344      4.74163      4.74388      0.13498
   27  pi-                1      -211   19           0           0     -0.03802      0.07902      7.14866      7.15056      0.13957
   28  pi+                1       211   19           0           0      0.13981      0.08196      3.71615      3.72230      0.13957
   29  (eta)             11       221   19          43          45      0.06892      0.55514     16.19180     16.21070      0.54745
   30  K+                 1       321   20           0           0     -0.02820      0.08717      5.71027      5.73229      0.49360
   31  (pi0)             11       111   20          46          47     -0.59490     -0.23269     11.76475     11.78285      0.13498
   32  pi+                1       211   21           0           0      0.24380     -0.00482      0.43403      0.51704      0.13957
   33  pi-                1      -211   21           0           0      0.12983      0.18248      0.82578      0.86692      0.13957
   34  (pi0)             11       111   21          48          50     -0.06155      0.44354      0.91461      1.02725      0.13498
   35  pi-                1      -211   22           0           0     -0.14309      0.02191      0.82802      0.85208      0.13957
   36  (pi0)             11       111   22          51          53     -0.01010     -0.30121      1.81439      1.84420      0.13498
   37  pi+                1       211   23           0           0     -0.48871      1.05997      1.04897      1.57550      0.13957
   38  (pi0)             11       111   23          54          55      0.18155      1.12251      1.60246      1.96955      0.13498
   39  gamma              1        22   24           0           0     -0.10116      0.05595      0.13052      0.17435      0.00000
   40  gamma              1        22   24           0           0     -1.54203      1.38359      1.87126      2.79173      0.00000
   41  gamma              1        22   26           0           0     -0.05450     -0.03584      1.46476      1.46621      0.00000
   42  gamma              1        22   26           0           0      0.07004     -0.01760      3.27687      3.27767      0.00000
   43  gamma              1        22   29           0           0     -0.01482     -0.03407      2.93262      2.93286      0.00000
   44  pi+                1       211   29           0           0      0.00488      0.50238      9.94974      9.96339      0.13957
   45  pi-                1      -211   29           0           0      0.07886      0.08683      3.30944      3.31446      0.13957
   46  gamma              1        22   31           0           0     -0.38191     -0.18961      6.80587      6.81922      0.00000
   47  gamma              1        22   31           0           0     -0.21300     -0.04308      4.95888      4.96364      0.00000
   48  gamma              1        22   34           0           0     -0.01838      0.33467      0.54811      0.64247      0.00000
   49  e-                 1        11   34           0           0     -0.00725      0.02233      0.07561      0.07917      0.00051
   50  e+                 1       -11   34           0           0     -0.03592      0.08654      0.29089      0.30561      0.00051
   51  gamma              1        22   36           0           0     -0.00361     -0.15317      0.55309      0.57392      0.00000
   52  e-                 1        11   36           0           0     -0.00577     -0.14812      1.26007      1.26876      0.00051
   53  e+                 1       -11   36           0           0     -0.00073      0.00008      0.00123      0.00152      0.00051
   54  gamma              1        22   38           0           0     -0.00057     -0.00087     -0.00211      0.00236      0.00000
   55  gamma              1        22   38           0           0      0.18212      1.12338      1.60458      1.96719      0.00000
 ==================================================================================================================================
                   sum charge:  0.00   sum momentum and inv. mass:      0.00000     -0.00000    120.00000    140.00339     72.11760



                            Event listing (standard)

    I  particle/jet  K(I,1)   K(I,2) K(I,3)     K(I,4)      K(I,5)       P(I,1)       P(I,2)       P(I,3)       P(I,4)       P(I,5)

    1  !e-!              21        11    0           3           4      0.00000      0.00000    -10.00000     10.00000      0.00051
    2  !p+!              21      2212    0           5           0     -0.00000      0.00000    130.00000    130.00339      0.93827
 ==================================================================================================================================
    3  !e-!              21        11    1           0           0     -3.25302      0.73188     -5.52774      6.45552      0.00051
    4  !gamma!           21        22    1           0           0      3.25302     -0.73188     -4.47226      3.54448     -4.30761
    5  !p+!              21      2212    2           0           0     -0.00000     -0.00000    130.00000    130.00339      0.93827
    6  !gamma!           21        22    4           0           0      3.25439     -0.73218     -4.47317      3.54696     -4.30761
    7  !u!               21         2    5           0           0     -0.00001      0.00000      1.15680      1.15680      0.00000
    8  !gamma!           21        22    6           0           0      3.25439     -0.73218     -4.47317      3.54696     -4.30761
    9  !u!               21         2    7           0           0     -0.00001      0.00000      1.15680      1.15680      0.00000
   10  !u!               21         2    9           0           0      3.25438     -0.73218     -3.31637      4.70376      0.00000
 ==================================================================================================================================
   11  e-                 1        11    3           0           0     -3.25302      0.73188     -5.52774      6.45552      0.00051
   12  (ud_0)        A   12      2101    5          16          16     -0.36870     -0.09908    127.58674    127.58863      0.57933
   13  (g)           I   12        21   10          16          16      1.22786     -0.60648      1.16076      1.79522      0.00000
   14  (g)           I   12        21   10          16          16      0.94867      0.51082     -1.06948      1.51813      0.00000
   15  (u)           V   11         2   10          16          16      1.44519     -0.53713     -2.15028      2.64590      0.00000
 ==================================================================================================================================
   16  (string)          11        92   12          17          26      3.25302     -0.73188    125.52774    133.54787     45.46099
   17  p+                 1      2212   16           0           0     -0.12699     -0.46202     79.19969     79.20670      0.93827
   18  (rho-)            11      -213   16          27          28     -0.47031      0.23495     19.34855     19.38314      1.03109
   19  (omega)           11       223   16          29          31      0.15277     -0.11524     15.93640     15.95679      0.78333
   20  (omega)           11       223   16          32          34      0.55588     -0.02814      9.03597      9.08653      0.77873
   21  (K*bar0)          11      -313   16          35          36     -0.27112     -0.03636      1.69498      1.92714      0.87524
   22  (phi)             11       333   16          37          38      0.53823      0.69248      1.65172      2.13046      1.02051
   23  K+                 1       321   16           0           0      0.41083     -0.68039      0.85804      1.26948      0.49360
   24  (eta')            11       331   16          39          41      0.61084     -0.50067      0.05447      1.24275      0.95794
   25  (rho0)            11       113   16          42          43      0.39630     -0.01394     -0.48223      0.98159      0.75745
   26  (eta)             11       221   16          44          45      1.45658      0.17746     -1.76986      2.36331      0.54745
   27  pi-                1      -211   18           0           0     -0.48309      0.01367     18.14290     18.14987      0.13957
   28  (pi0)             11       111   18          46          47      0.01278      0.22127      1.20565      1.23326      0.13498
   29  pi-                1      -211   19           0           0      0.24687     -0.13145      5.14606      5.15554      0.13957
   30  pi+                1       211   19           0           0     -0.14578      0.17060      4.91624      4.92333      0.13957
   31  (pi0)             11       111   19          48          49      0.05168     -0.15439      5.87411      5.87791      0.13498
   32  pi-                1      -211   20           0           0      0.32394     -0.11461      2.03848      2.07194      0.13957
   33  pi+                1       211   20           0           0      0.01554     -0.06883      1.31764      1.32689      0.13957
   34  (pi0)             11       111   20          50          51      0.21640      0.15531      5.67985      5.68770      0.13498
   35  K-                 1      -321   21           0           0     -0.34071     -0.25188      1.17513      1.34317      0.49360
   36  pi+                1       211   21           0           0      0.06959      0.21552      0.51985      0.58397      0.13957
   37  K+                 1       321   22           0           0      0.40632      0.33317      0.89539      1.14955      0.49360
   38  K-                 1      -321   22           0           0      0.13192      0.35931      0.75633      0.98091      0.49360
   39  pi+                1       211   24           0           0      0.04271     -0.08765      0.12136      0.20908      0.13957
   40  pi-                1      -211   24           0           0     -0.01501     -0.09968     -0.00191      0.17218      0.13957
   41  (eta)             11       221   24          52          53      0.58315     -0.31333     -0.06498      0.86149      0.54745
   42  pi-                1      -211   25           0           0      0.39902      0.28002     -0.40026      0.64601      0.13957
   43  pi+                1       211   25           0           0     -0.00272     -0.29396     -0.08196      0.33559      0.13957
   44  gamma              1        22   26           0           0      1.25985      0.31069     -1.29994      1.83673      0.00000
   45  gamma              1        22   26           0           0      0.19674     -0.13324     -0.46992      0.52658      0.00000
   46  gamma              1        22   28           0           0     -0.03843      0.09874      0.78573      0.79285      0.00000
   47  gamma              1        22   28           0           0      0.05121      0.12254      0.41992      0.44042      0.00000
   48  gamma              1        22   31           0           0      0.08319     -0.14106      3.80419      3.80772      0.00000
   49  gamma              1        22   31           0           0     -0.03151     -0.01333      2.06991      2.07020      0.00000
   50  gamma              1        22   34           0           0      0.12085      0.01561      1.77467      1.77885      0.00000
   51  gamma              1        22   34           0           0      0.09555      0.13969      3.90518      3.90885      0.00000
   52  gamma              1        22   41           0           0      0.38807     -0.46347     -0.10049      0.61278      0.00000
   53  gamma              1        22   41           0           0      0.19508      0.15013      0.03552      0.24871      0.00000
 ==================================================================================================================================
                   sum charge:  0.00   sum momentum and inv. mass:      0.00000     -0.00000    120.00000    140.00339     72.11760



                            Event listing (standard)

    I  particle/jet  K(I,1)   K(I,2) K(I,3)     K(I,4)      K(I,5)       P(I,1)       P(I,2)       P(I,3)       P(I,4)       P(I,5)

    1  !e-!              21        11    0           3           4      0.00000      0.00000    -10.00000     10.00000      0.00051
    2  !p+!              21      2212    0           5           0     -0.00000      0.00000    130.00000    130.00339      0.93827
 ==================================================================================================================================
    3  !e-!              21        11    1           0           0      4.79001     -0.29228     -8.26536      9.55750      0.00051
    4  !gamma!           21        22    1           0           0     -4.79001      0.29228     -1.73464      0.44250     -5.08358
    5  !p+!              21      2212    2           0           0     -0.00000      0.00000    130.00000    130.00339      0.93827
    6  !gamma!           21        22    4           0           0     -4.79746      0.29273     -1.71890      0.46163     -5.08358
    7  !ubar!            21        -2    5           0           0      0.00034     -0.00002      5.92506      5.92506      0.00000
    8  !gamma!           21        22    6           0           0     -4.79746      0.29273     -1.71890      0.46163     -5.08358
    9  !ubar!            21        -2    7           0           0      0.00034     -0.00002      5.92506      5.92506      0.00000
   10  !ubar!            21        -2    9           0           0     -4.79712      0.29271      4.20616      6.38669      0.00000
 ==================================================================================================================================
   11  (Delta++)         11      2224    5          16          17     -0.26212     -0.25846     66.88285     66.89746      1.34853
   12  e-                 1        11    3           0           0      4.79001     -0.29228     -8.26536      9.55750      0.00051
   13  (d)           A   12         1    5          18          18      0.05536      0.10260     56.92095     56.92202      0.33000
   14  (g)           I   12        21   10          18          18     -0.97281      0.65228      1.75308      2.10835      0.00000
   15  (ubar)        V   11        -2   10          18          18     -3.61045     -0.20415      2.70847      4.51805      0.00000
 ==================================================================================================================================
   16  p+                 1      2212   11           0           0     -0.19583      0.02252     35.42354     35.43651      0.93827
   17  pi+                1       211   11           0           0     -0.06630     -0.28098     31.45932     31.46095      0.13957
   18  (string)          11        92   13          19          24     -4.52789      0.55073     61.38250     63.54843     15.80462
   19  (omega)           11       223   18          25          27     -0.84138      0.24887     22.93984     22.97013      0.78769
   20  (pi0)             11       111   18          28          29      0.50391      0.47010      4.69798      4.75018      0.13498
   21  (rho-)            11      -213   18          30          31      0.01248     -0.05117     27.13312     27.14404      0.76813
   22  pi+                1       211   18           0           0     -0.28909     -0.22372      2.81109      2.83819      0.13957
   23  (omega)           11       223   18          32          34     -1.02225     -0.44603      0.88210      1.61850      0.77299
   24  (rho-)            11      -213   18          35          36     -2.89157      0.55268      2.91837      4.22739      0.82906
   25  pi+                1       211   19           0           0     -0.20840      0.15602      7.61501      7.62073      0.13957
   26  pi-                1      -211   19           0           0     -0.40799     -0.09211     12.23138     12.23933      0.13957
   27  (pi0)             11       111   19          37          38     -0.22499      0.18496      3.09345      3.11006      0.13498
   28  gamma              1        22   20           0           0      0.04598      0.10550      0.65364      0.66369      0.00000
   29  gamma              1        22   20           0           0      0.45793      0.36459      4.04434      4.08648      0.00000
   30  pi-                1      -211   21           0           0      0.29643     -0.21874     17.26215     17.26664      0.13957
   31  (pi0)             11       111   21          39          40     -0.28394      0.16757      9.87097      9.87740      0.13498
   32  pi-                1      -211   23           0           0     -0.54052      0.06345      0.44234      0.71507      0.13957
   33  pi+                1       211   23           0           0     -0.32772     -0.19262      0.28730      0.49651      0.13957
   34  (pi0)             11       111   23          41          42     -0.15401     -0.31685      0.15247      0.40692      0.13498
   35  pi-                1      -211   24           0           0     -1.87395      0.66013      1.61093      2.56165      0.13957
   36  (pi0)             11       111   24          43          44     -1.01762     -0.10745      1.30744      1.66574      0.13498
   37  gamma              1        22   27           0           0     -0.21736      0.13834      2.14204      2.15748      0.00000
   38  gamma              1        22   27           0           0     -0.00763      0.04661      0.95142      0.95259      0.00000
   39  gamma              1        22   31           0           0     -0.07446     -0.00012      1.22284      1.22511      0.00000
   40  gamma              1        22   31           0           0     -0.20948      0.16769      8.64813      8.65229      0.00000
   41  gamma              1        22   34           0           0     -0.14361     -0.20825      0.05127      0.25811      0.00000
   42  gamma              1        22   34           0           0     -0.01040     -0.10860      0.10120      0.14881      0.00000
   43  gamma              1        22   36           0           0     -0.04040     -0.03283      0.06384      0.08238      0.00000
   44  gamma              1        22   36           0           0     -0.97721     -0.07462      1.24360      1.58336      0.00000
 ==================================================================================================================================
                   sum charge:  0.00   sum momentum and inv. mass:     -0.00000     -0.00000    120.00000    140.00339     72.11760



                            Event listing (standard)

    I  particle/jet  K(I,1)   K(I,2) K(I,3)     K(I,4)      K(I,5)       P(I,1)       P(I,2)       P(I,3)       P(I,4)       P(I,5)

    1  !e-!              21        11    0           3           4      0.00000      0.00000    -10.00000     10.00000      0.00051
    2  !p+!              21      2212    0           5           0     -0.00000      0.00000    130.00000    130.00339      0.93827
 ==================================================================================================================================
    3  !e-!              21        11    1           0           0     -5.13255     -0.22519     -9.21434     10.54978      0.00051
    4  !gamma!           21        22    1           0           0      5.13255      0.22519     -0.78566     -0.54978     -5.16806
    5  !p+!              21      2212    2           0           0     -0.00000     -0.00000    130.00000    130.00339      0.93827
    6  !gamma!           21        22    4           0           0      5.20488      0.22836      0.78768      1.02693     -5.16806
    7  !u!               21         2    5           0           0     -0.03106     -0.00136     55.14068     55.14069      0.00000
    8  !gamma!           21        22    6           0           0      5.20488      0.22836      0.78768      1.02693     -5.16806
    9  !u!               21         2    7           0           0     -0.03106     -0.00136     55.14068     55.14069      0.00000
   10  !u!               21         2    9           0           0      5.17383      0.22700     55.92836     56.16762      0.00000
 ==================================================================================================================================
   11  e-                 1        11    3           0           0     -5.13255     -0.22519     -9.21434     10.54978      0.00051
   12  (ud_0)        A   12      2101    5          15          15      0.37906     -0.13617     78.71094     78.71410      0.57933
   13  (g)           I   12        21   10          15          15      1.58997      0.56669     20.36671     20.43654      0.00000
   14  (u)           V   11         2   10          15          15      3.16352     -0.20533     30.13668     30.30297      0.00000
 ==================================================================================================================================
   15  (string)          11        92   12          16          18      5.13255      0.22519    129.21434    129.45361      5.95801
   16  n0                 1      2112   15           0           0      0.32573      0.06494     69.37888     69.38603      0.93957
   17  (rho0)            11       113   15          19          20      1.00764     -0.52907     16.13970     16.19580      0.72013
   18  (rho+)            11       213   15          21          22      3.79918      0.68931     43.69576     43.87178      0.71042
   19  pi-                1      -211   17           0           0      0.97050     -0.51153     15.51553     15.55489      0.13957
   20  pi+                1       211   17           0           0      0.03714     -0.01754      0.62417      0.64091      0.13957
   21  pi+                1       211   18           0           0      2.37661      0.59717     30.48236     30.58102      0.13957
   22  (pi0)             11       111   18          23          25      1.42258      0.09214     13.21339     13.29076      0.13498
   23  gamma              1        22   22           0           0      0.07640      0.02856      0.85186      0.85576      0.00000
   24  e-                 1        11   22           0           0      1.03542      0.06339      9.24943      9.30742      0.00051
   25  e+                 1       -11   22           0           0      0.31076      0.00019      3.11210      3.12758      0.00051
 ==================================================================================================================================
                   sum charge:  0.00   sum momentum and inv. mass:      0.00000      0.00000    120.00000    140.00339     72.11760



                            Event listing (standard)

    I  particle/jet  K(I,1)   K(I,2) K(I,3)     K(I,4)      K(I,5)       P(I,1)       P(I,2)       P(I,3)       P(I,4)       P(I,5)

    1  !e-!              21        11    0           3           4      0.00000      0.00000    -10.00000     10.00000      0.00051
    2  !p+!              21      2212    0           5           0     -0.00000      0.00000    130.00000    130.00339      0.93827
 ==================================================================================================================================
    3  !e-!              21        11    1           0           0     -2.22201      3.84738     -8.85747      9.90931      0.00051
    4  !gamma!           21        22    1           0           0      2.22201     -3.84738     -1.14253      0.09069     -4.58659
    5  !p+!              21      2212    2           0           0     -0.00000     -0.00000    130.00000    130.00339      0.93827
    6  !gamma!           21        22    4           0           0      2.22811     -3.85794     -1.09892      0.13769     -4.58659
    7  !u!               21         2    5           0           0     -0.00040      0.00069      8.50297      8.50297      0.00000
    8  !gamma!           21        22    6           0           0      2.22811     -3.85794     -1.09892      0.13769     -4.58659
    9  !u!               21         2    7           0           0     -0.00040      0.00069      8.50297      8.50297      0.00000
   10  !u!               21         2    9           0           0      2.22771     -3.85725      7.40405      8.64066      0.00000
 ==================================================================================================================================
   11  e-                 1        11    3           0           0     -2.22201      3.84738     -8.85747      9.90931      0.00051
   12  (ud_0)        A   12      2101    5          15          15     -0.25909     -0.41537    118.00280    118.00524      0.57933
   13  (g)           I   12        21   10          15          15     -0.56305      0.01670      2.38479      2.45041      0.00000
   14  (u)           V   11         2   10          15          15      3.04415     -3.44871      8.46988      9.63843      0.00000
 ==================================================================================================================================
   15  (string)          11        92   12          16          22      2.22201     -3.84738    128.85747    130.09408     17.33443
   16  p+                 1      2212   15           0           0     -0.20572     -0.03401     60.30578     60.31343      0.93827
   17  (pi0)             11       111   15          23          24     -0.38434     -0.31724     49.33442     49.33712      0.13498
   18  pi-                1      -211   15           0           0      0.33327      0.33973      2.66057      2.70640      0.13957
   19  (Kbar0)           11      -311   15          25          25      0.75043     -1.27829      5.78232      5.99000      0.49767
   20  (K*+)             11       323   15          26          27     -0.00858     -0.03379      2.89566      3.02962      0.89027
   21  (K*-)             11      -323   15          28          29      0.56595     -1.57718      3.29682      3.81262      0.92695
   22  (K*+)             11       323   15          30          31      1.17100     -0.94659      4.58191      4.90488      0.89258
   23  gamma              1        22   17           0           0     -0.27093     -0.18455     26.35300     26.35503      0.00000
   24  gamma              1        22   17           0           0     -0.11341     -0.13269     22.98142     22.98208      0.00000
   25  K_L0               1       130   19           0           0      0.75043     -1.27829      5.78232      5.99000      0.49767
   26  (K0)              11       311   20          32          32      0.01016      0.12695      1.02224      1.14406      0.49767
   27  pi+                1       211   20           0           0     -0.01875     -0.16074      1.87342      1.88557      0.13957
   28  (Kbar0)           11      -311   21          33          33      0.53425     -1.40177      2.30195      2.79232      0.49767
   29  pi-                1      -211   21           0           0      0.03171     -0.17541      0.99487      1.02030      0.13957
   30  K+                 1       321   22           0           0      0.91452     -1.01004      3.92809      4.18689      0.49360
   31  (pi0)             11       111   22          34          35      0.25649      0.06345      0.65382      0.71799      0.13498
   32  (K_S0)            11       310   26          36          37      0.01016      0.12695      1.02224      1.14406      0.49767
   33  (K_S0)            11       310   28          38          39      0.53425     -1.40177      2.30195      2.79232      0.49767
   34  gamma              1        22   31           0           0      0.00165     -0.02609      0.04716      0.05392      0.00000
   35  gamma              1        22   31           0           0      0.25483      0.08954      0.60665      0.66406      0.00000
   36  (pi0)             11       111   32          40          41     -0.09007     -0.04810      0.79072      0.80863      0.13498
   37  (pi0)             11       111   32          42          43      0.10023      0.17505      0.23151      0.33542      0.13498
   38  pi+                1       211   33           0           0      0.01978     -0.09913      0.22595      0.28417      0.13957
   39  pi-                1      -211   33           0           0      0.51447     -1.30265      2.07600      2.50815      0.13957
   40  gamma              1        22   36           0           0     -0.12006     -0.04615      0.49689      0.51327      0.00000
   41  gamma              1        22   36           0           0      0.02999     -0.00195      0.29383      0.29537      0.00000
   42  gamma              1        22   37           0           0      0.07593      0.01437      0.05129      0.09275      0.00000
   43  gamma              1        22   37           0           0      0.02430      0.16068      0.18023      0.24267      0.00000
 ==================================================================================================================================
                   sum charge:  0.00   sum momentum and inv. mass:     -0.00000      0.00000    120.00000    140.00339     72.11760

 Advisory warning: maximum violated by  1.077D+00 in event     306
 XSEC(96,1) increased to  1.248D-02

 Advisory warning: maximum violated by  1.208D+00 in event     374
 XSEC(96,1) increased to  1.507D-02

 Advisory warning: maximum violated by  1.273D+00 in event     805
 XSEC(96,1) increased to  1.919D-02

 Advisory warning: maximum violated by  1.092D+00 in event    1627
 XSEC(96,1) increased to  2.095D-02

 Advisory warning: maximum violated by  1.153D+00 in event    2654
 XSEC(96,1) increased to  2.415D-02

 Advisory warning: maximum violated by  1.457D+00 in event    4599
 XSEC(96,1) increased to  3.520D-02

 Advisory warning: maximum violated by  1.201D+00 in event    6514
 XSEC(96,1) increased to  4.226D-02
1********* PYSTAT:  Statistics on Number of Events and Cross-sections *********

 ==============================================================================
 I                                  I                            I            I
 I            Subprocess            I      Number of points      I    Sigma   I
 I                                  I                            I            I
 I----------------------------------I----------------------------I    (mb)    I
 I                                  I                            I            I
 I N:o Type                         I    Generated         Tried I            I
 I                                  I                            I            I
 ==============================================================================
 I                                  I                            I            I
 I   0 All included subprocesses    I       500000      77622674 I  4.718D-05 I
 I  11 f + f' -> f + f' (QCD)       I         2187             0 I  4.005D-07 I
 I  12 f + fbar -> f' + fbar'       I           47             0 I  1.030D-08 I
 I  13 f + fbar -> g + g            I           51             0 I  8.707D-09 I
 I  28 f + g -> f + g               I         5443             0 I  8.722D-07 I
 I  53 g + g -> f + fbar            I           71             0 I  9.428D-09 I
 I  68 g + g -> g + g               I         2747             0 I  3.455D-07 I
 I  91 Elastic scattering           I         6813       5672989 I  6.263D-07 I
 I  92 Single diffractive (XB)      I         3258       4358794 I  3.013D-07 I
 I  93 Single diffractive (AX)      I         2354       3548344 I  2.167D-07 I
 I  94 Double  diffractive          I         1897       3835018 I  1.557D-07 I
 I  95 Low-pT scattering            I        13295         84150 I  9.730D-07 I
 I  99 q + gamma* -> q              I       454922      21190365 I  4.262D-05 I
 I 131 f + gamma*_T -> f + g        I         2964       2050635 I  2.771D-07 I
 I 132 f + gamma*_L -> f + g        I          174         98846 I  1.821D-08 I
 I 135 g + gamma*_T -> f + fbar     I         2851       5816501 I  2.600D-07 I
 I 136 g + gamma*_L -> f + fbar     I          926        940623 I  8.913D-08 I
 I                                  I                            I            I
 ==============================================================================
 I                                  I                            I            I
 I   1 VMD * hadron                 I        12864      36516792 I  1.537D-06 I
 I   2 direct * hadron              I         6915       8906605 I  6.445D-07 I
 I   3 anomalous * hadron           I        25299      11008912 I  2.383D-06 I
 I   4 DIS * hadron                 I       454922      21190365 I  4.262D-05 I
 I                                  I                            I            I
 ==============================================================================

 ********* Total number of errors, excluding junctions =        0 *************
 ********* Total number of errors, including junctions =        0 *************
 ********* Total number of warnings =                           0 *************
 ********* Fraction of events that fail fragmentation cuts =  0.00769 *********

1************ PYSTAT: User-Defined Limits on Kinematical Variables ************

 ==============================================================================
 I                                                                            I
 I                 0.000D+00 <  m_hard (GeV/c^2)  <  1.038D+01                I
 I    0.000D+00 ( 1.000D+00) <  p_T_hard (GeV/c)  <  5.192D+00                I
 I                             m_finite (GeV/c^2) =  1.000D+00                I
 I                -1.000D+01 <    y*_subsystem    <  1.000D+01                I
 I                -4.000D+01 <      y*_large      <  4.000D+01                I
 I                -4.000D+01 <      y*_small      <  4.000D+01                I
 I                -4.000D+01 <     eta*_large     <  4.000D+01                I
 I                -4.000D+01 <     eta*_small     <  4.000D+01                I
 I                -1.000D+00 < cos(theta*)_large  <  1.000D+00                I
 I                -1.000D+00 < cos(theta*)_small  <  1.000D+00                I
 I                 0.000D+00 <        x_1         <  1.000D+00                I
 I                 0.000D+00 <        x_2         <  1.000D+00                I
 I                -1.000D+00 <        x_F         <  1.000D+00                I
 I                -1.000D+00 <  cos(theta_hard)   <  1.000D+00                I
 I                 2.000D+00 < m'_hard (GeV/c^2)  <  1.038D+01                I
 I                                                                            I
 ==============================================================================
 The charm mass used is:    1.5000000000000000     
 ===================================================
 Pythia total cross section normalisation:   4.7180854981456480E-002  microbarn
 Total Number of generated events      500000
 Total Number of trials      500000
 ===================================================

 ===== PDFSTA statistics for PDF under/over-flows ====

 ====== STRUCTM statistics for nucleon/pion PDFs =====

   total # of calls    40410554.000000000     
   X  below PDF min    0.0000000000000000       or    0.0000000000000000       %
   X  above PDF max    0.0000000000000000       or    0.0000000000000000       %
   Q2 below PDF min    0.0000000000000000       or    0.0000000000000000       %
   Q2 above PDF max    0.0000000000000000       or    0.0000000000000000       %

 ========= STRUCTP statistics for photon PDFs ========

   total # of calls    0.0000000000000000     

