1                                                                              
 ******************************************************************************
 ******************************************************************************
 **                                                                          **
 **                                                                          **
 **              *......*                  Welcome to the Lund Monte Carlo!  **
 **         *:::!!:::::::::::*                                               **
 **      *::::::!!::::::::::::::*          PPP  Y   Y TTTTT H   H III   A    **
 **    *::::::::!!::::::::::::::::*        P  P  Y Y    T   H   H  I   A A   **
 **   *:::::::::!!:::::::::::::::::*       PPP    Y     T   HHHHH  I  AAAAA  **
 **   *:::::::::!!:::::::::::::::::*       P      Y     T   H   H  I  A   A  **
 **    *::::::::!!::::::::::::::::*!       P      Y     T   H   H III A   A  **
 **      *::::::!!::::::::::::::* !!                                         **
 **      !! *:::!!:::::::::::*    !!       This is PYTHIA version 6.428      **
 **      !!     !* -><- *         !!       Last date of change:  5 Sep 2013  **
 **      !!     !!                !!                                         **
 **      !!     !!                !!       Now is  0 Jan 2000 at  0:00:00    **
 **      !!                       !!                                         **
 **      !!        lh             !!       Disclaimer: this program comes    **
 **      !!                       !!       without any guarantees. Beware    **
 **      !!                 hh    !!       of errors and use common sense    **
 **      !!    ll                 !!       when interpreting results.        **
 **      !!                       !!                                         **
 **      !!                                Copyright T. Sjostrand (2011)     **
 **                                                                          **
 ** An archive of program versions and documentation is found on the web:    **
 ** http://www.thep.lu.se/~torbjorn/Pythia.html                              **
 **                                                                          **
 ** When you cite this program, the official reference is to the 6.4 manual: **
 ** T. Sjostrand, S. Mrenna and P. Skands, JHEP05 (2006) 026                 **
 ** (LU TP 06-13, FERMILAB-PUB-06-052-CD-T) [hep-ph/0603175].                **
 **                                                                          **
 ** Also remember that the program, to a large extent, represents original   **
 ** physics research. Other publications of special relevance to your        **
 ** studies may therefore deserve separate mention.                          **
 **                                                                          **
 ** Main author: Torbjorn Sjostrand; Department of Theoretical Physics,      **
 **   Lund University, Solvegatan 14A, S-223 62 Lund, Sweden;                **
 **   phone: + 46 - 46 - 222 48 16; e-mail: torbjorn@thep.lu.se              **
 ** Author: Stephen Mrenna; Computing Division, GDS Group,                   **
 **   Fermi National Accelerator Laboratory, MS 234, Batavia, IL 60510, USA; **
 **   phone: + 1 - 630 - 840 - 2556; e-mail: mrenna@fnal.gov                 **
 ** Author: Peter Skands; CERN/PH-TH, CH-1211 Geneva, Switzerland            **
 **   phone: + 41 - 22 - 767 24 47; e-mail: peter.skands@cern.ch             **
 **                                                                          **
 **                                                                          **
 ******************************************************************************
 ******************************************************************************
     MSEL           changed from              1 to              2
     MSTP(14)       changed from             30 to             30
     MSTP(15)       changed from              0 to              0
     MSTP(16)       changed from              1 to              1
     MSTP(17)       changed from              4 to              4
     MSTP(18)       changed from              3 to              3
     MSTP(19)       changed from              4 to              1
     MSTP(20)       changed from              3 to              0
     MSTP(32)       changed from              8 to              8
     MSTP(38)       changed from              5 to              4
     MSTP(51)       changed from              7 to          10050
     MSTP(52)       changed from              1 to              2
     MSTP(53)       changed from              3 to              3
     MSTP(54)       changed from              1 to              1
     MSTP(55)       changed from              5 to              5
     MSTP(56)       changed from              1 to              1
     MSTP(57)       changed from              1 to              1
     MSTP(58)       changed from              5 to              5
     MSTP(59)       changed from              1 to              1
     MSTP(60)       changed from              7 to              7
     MSTP(61)       changed from              2 to              2
     MSTP(71)       changed from              1 to              1
     MSTP(81)       changed from              1 to              0
     MSTP(82)       changed from              4 to              1
     MSTP(91)       changed from              1 to              1
     MSTP(92)       changed from              3 to              3
     MSTP(93)       changed from              1 to              1
     MSTP(101)      changed from              3 to              3
     MSTP(102)      changed from              1 to              1
     MSTP(111)      changed from              1 to              1
     MSTP(121)      changed from              0 to              0
     PARP(13)       changed from        1.00000 to        1.00000
     PARP(18)       changed from        0.40000 to        0.40000
     PARP(81)       changed from        1.90000 to        1.90000
     PARP(89)       changed from     1800.00000 to     1800.00000
     PARP(90)       changed from        0.25000 to        0.16000
     PARP(91)       changed from        2.00000 to        0.40000
     PARP(93)       changed from        5.00000 to        5.00000
     PARP(99)       changed from        1.00000 to        0.40000
     PARP(100)      changed from        5.00000 to        5.00000
     PARP(102)      changed from        0.28000 to        0.28000
     PARP(103)      changed from        1.00000 to        1.00000
     PARP(104)      changed from        0.80000 to        0.80000
     PARP(111)      changed from        2.00000 to        2.00000
     PARP(161)      changed from        2.20000 to        3.00000
     PARP(162)      changed from       23.60000 to       24.60000
     PARP(163)      changed from       18.40000 to       18.80000
     PARP(164)      changed from       11.50000 to       11.50000
     PARP(165)      changed from        0.50000 to        0.47679
     PARP(166)      changed from        0.00000 to        0.67597
     PARJ(1)        changed from        0.10000 to        0.10000
     PARJ(2)        changed from        0.30000 to        0.30000
     PARJ(11)       changed from        0.50000 to        0.50000
     PARJ(12)       changed from        0.60000 to        0.60000
     PARJ(21)       changed from        0.36000 to        0.40000
     PARJ(32)       changed from        1.00000 to        1.00000
     PARJ(33)       changed from        0.80000 to        0.80000
     PARJ(41)       changed from        0.30000 to        0.30000
     PARJ(42)       changed from        0.58000 to        0.58000
     PARJ(45)       changed from        0.50000 to        0.50000
     MSTJ(1)        changed from              1 to              1
     MSTJ(12)       changed from              2 to              1
     MSTJ(45)       changed from              5 to              5
     MSTU(112)      changed from              5 to              5
     MSTU(113)      changed from              3 to              5
     MSTU(114)      changed from              5 to              5
     CKIN(1)        changed from        2.00000 to        1.00000
     CKIN(2)        changed from       -1.00000 to       -1.00000
     CKIN(3)        changed from        0.00000 to        0.00000
     CKIN(4)        changed from       -1.00000 to       -1.00000
     CKIN(5)        changed from        1.00000 to        1.00000
     CKIN(6)        changed from        1.00000 to        1.00000
     CKIN(7)        changed from      -10.00000 to      -10.00000
     CKIN(8)        changed from       10.00000 to       10.00000
     CKIN(9)        changed from      -40.00000 to      -40.00000
     CKIN(10)       changed from       40.00000 to       40.00000
     CKIN(11)       changed from      -40.00000 to      -40.00000
     CKIN(12)       changed from       40.00000 to       40.00000
     CKIN(13)       changed from      -40.00000 to      -40.00000
     CKIN(14)       changed from       40.00000 to       40.00000
     CKIN(15)       changed from      -40.00000 to      -40.00000
     CKIN(16)       changed from       40.00000 to       40.00000
     CKIN(17)       changed from       -1.00000 to       -1.00000
     CKIN(18)       changed from        1.00000 to        1.00000
     CKIN(19)       changed from       -1.00000 to       -1.00000
     CKIN(20)       changed from        1.00000 to        1.00000
     CKIN(21)       changed from        0.00000 to        0.00000
     CKIN(22)       changed from        1.00000 to        1.00000
     CKIN(23)       changed from        0.00000 to        0.00000
     CKIN(24)       changed from        1.00000 to        1.00000
     CKIN(25)       changed from       -1.00000 to       -1.00000
     CKIN(26)       changed from        1.00000 to        1.00000
     CKIN(27)       changed from       -1.00000 to       -1.00000
     CKIN(28)       changed from        1.00000 to        1.00000
     CKIN(31)       changed from        2.00000 to        2.00000
     CKIN(32)       changed from       -1.00000 to       -1.00000
     CKIN(35)       changed from        0.00000 to        0.00000
     CKIN(36)       changed from       -1.00000 to       -1.00000
     CKIN(37)       changed from        0.00000 to        0.00000
     CKIN(38)       changed from       -1.00000 to       -1.00000
     CKIN(39)       changed from        4.00000 to        4.00000
     CKIN(40)       changed from       -1.00000 to       -1.00000
     CKIN(65)       changed from        0.00000 to        0.00000
     CKIN(66)       changed from       -1.00000 to       -1.00000
     CKIN(67)       changed from        0.00000 to        0.00000
     CKIN(68)       changed from       -1.00000 to       -1.00000
     CKIN(77)       changed from        2.00000 to        2.00000
     CKIN(78)       changed from       -1.00000 to       -1.00000
 *********************************************
 NOW all parameters are read by PYTHIA
 *********************************************
 SEED =     89502747
 RANLUX LUXURY LEVEL SET BY RLUXGO : 4     P= 389
 RANLUX INITIALIZED BY RLUXGO FROM SEEDS    89502747           0           0
   2771.0935550343875        10.000000000000000       -2771.0935550343875       -10.0000000    
 *********************************************
 proton beam momentum:   130.000000     GeV
 lepton beam momentum:   10.0000000     GeV
 resulting sqrt(s):   72.117599099066553      GeV
 *********************************************
1****************** PYINIT: initialization of PYTHIA routines *****************
 ==== PYTHIA WILL USE LHAPDF ====
 *************************************
 *       LHAPDF Version 5.9.1        *
 *   Configured for the following:   *
 *             All PDFs              *
 *         FULL MEMORY option        *
 *    Maximum  3 concurrent set(s)   *
 *************************************

 >>>>>> PDF description: <<<<<<
 CTEQ6M                                                          
 Reference:                                                      
 J. Pumplin, D.R. Stump, J. Huston, H.L. Lai, P. Nadolsky,       
 W.K. Tung                                                       
 hep-ph/0201195                                                  
 This set has 41 member PDFs.                                    
     mem=0 --> central value (cteq6m)                            
     mem=1-40 --> 20 sets of +ve/-ve error values                
 >>>>>>                   <<<<<<

 ==============================================
 PDFset name /cvmfs/sft.cern.ch/lcg/external/lhapdfsets/5.9.1/share/PDFsets/cteq6mE.LHgrid   
 with         40 members
 ====  initialized. ===========================
 Strong coupling at Mz for PDF is:  0.11798

 ==============================================================================
 I                                                                            I
 I      PYTHIA will be initialized for gamma/e- on p+ user configuration      I
 I                                                                            I
 I                  px (GeV/c)   py (GeV/c)   pz (GeV/c)      E (GeV)         I
 I        gamma/e-       0.000        0.000      -10.000       10.000         I
 I        p+             0.000        0.000      130.000      130.003         I
 I                                                                            I
 I           corresponding to     72.118 GeV center-of-mass energy            I
 I                                                                            I
 ==============================================================================

 ******** PYMAXI: summary of differential cross-section maximum search ********

           ==========================================================
           I                                      I                 I
           I  ISUB  Subprocess name               I  Maximum value  I
           I                                      I                 I
           ==========================================================
           I                                      I                 I
           I   91   Elastic scattering            I    4.1710D-04   I
           I   92   Single diffractive (XB)       I    3.1940D-04   I
           I   93   Single diffractive (AX)       I    2.6141D-04   I
           I   94   Double  diffractive           I    2.4494D-04   I
           I   95   Low-pT scattering             I    1.9207D-03   I
           I   96   Semihard QCD 2 -> 2           I    1.7479D-02   I
           I                                      I                 I
           ==========================================================

 ******** PYMAXI: summary of differential cross-section maximum search ********

           ==========================================================
           I                                      I                 I
           I  ISUB  Subprocess name               I  Maximum value  I
           I                                      I                 I
           ==========================================================
           I                                      I                 I
           I  131   f + gamma*_T -> f + g         I    1.9221D-04   I
           I  132   f + gamma*_L -> f + g         I    9.2718D-06   I
           I  135   g + gamma*_T -> f + fbar      I    5.4466D-04   I
           I  136   g + gamma*_L -> f + fbar      I    8.8198D-05   I
           I                                      I                 I
           ==========================================================

 ******** PYMAXI: summary of differential cross-section maximum search ********

           ==========================================================
           I                                      I                 I
           I  ISUB  Subprocess name               I  Maximum value  I
           I                                      I                 I
           ==========================================================
           I                                      I                 I
           I   91   Elastic scattering            I    1.0588D-04   I
           I   92   Single diffractive (XB)       I    8.2750D-05   I
           I   93   Single diffractive (AX)       I    6.5818D-05   I
           I   94   Double  diffractive           I    6.3002D-05   I
           I   95   Low-pT scattering             I    5.2345D-04   I
           I   96   Semihard QCD 2 -> 2           I    1.1588D-02   I
           I                                      I                 I
           ==========================================================

 ******** PYMAXI: summary of differential cross-section maximum search ********

           ==========================================================
           I                                      I                 I
           I  ISUB  Subprocess name               I  Maximum value  I
           I                                      I                 I
           ==========================================================
           I                                      I                 I
           I   99   q + gamma* -> q               I    1.9857D-03   I
           I                                      I                 I
           ==========================================================

 ********************** PYINIT: initialization completed **********************
 the outputfile will be named: outfiles/ep_10x130_Q2_10_100_norad.out                                                                                                                                                                                                                          



                            Event listing (standard)

    I  particle/jet  K(I,1)   K(I,2) K(I,3)     K(I,4)      K(I,5)       P(I,1)       P(I,2)       P(I,3)       P(I,4)       P(I,5)

    1  !e-!              21        11    0           3           4      0.00000      0.00000    -10.00000     10.00000      0.00051
    2  !p+!              21      2212    0           5           0     -0.00000      0.00000    130.00000    130.00339      0.93827
 ==================================================================================================================================
    3  !e-!              21        11    1           0           0     -4.54142     -1.77648     -8.59088      9.87844      0.00051
    4  !gamma!           21        22    1           0           0      4.54142      1.77648     -1.40912      0.12156     -5.07456
    5  !p+!              21      2212    2           0           0     -0.00000      0.00000    130.00000    130.00339      0.93827
    6  !gamma!           21        22    4           0           0      4.55146      1.78041     -1.37508      0.15899     -5.07456
    7  !cbar!            21        -4    5           0           0     -0.00065     -0.00025      8.39092      8.39092      0.00000
    8  !gamma!           21        22    6           0           0      4.55146      1.78041     -1.37508      0.15899     -5.07456
    9  !cbar!            21        -4    7           0           0     -0.00065     -0.00025      8.39092      8.39092      0.00000
   10  !cbar!            21        -4    9           0           0      4.55081      1.78016      7.01585      8.54991      0.00000
 ==================================================================================================================================
   11  (Sigma*_c++)      11      4224    5          16          17      0.54983      0.22561    105.28594    105.31730      2.50000
   12  e-                 1        11    3           0           0     -4.54142     -1.77648     -8.59088      9.87844      0.00051
   13  (d)           A   12         1    5          18          18     -0.00019     -0.01132     16.77014     16.77339      0.33000
   14  (g)           I   12        21   10          18          18      0.77834      1.20242      2.22824      2.64891      0.00000
   15  (cbar)        V   11        -4   10          18          18      3.21344      0.35978      4.30656      5.38535      0.00000
 ==================================================================================================================================
   16  (Lambda_c+)       11      4122   11          24          25      0.35255      0.24605     94.00646     94.03521      2.28490
   17  pi+                1       211   11           0           0      0.19728     -0.02045     11.27948     11.28209      0.13957
   18  (string)          11        92   13          19          23      3.99159      1.55088     23.30494     24.80765      7.34583
   19  (rho-)            11      -213   18          26          27     -0.13407      0.17819      9.33081      9.39196      1.04645
   20  pi+                1       211   18           0           0      1.27882      0.54330      3.08345      3.38492      0.13957
   21  (omega)           11       223   18          28          30      0.21829      0.17521      3.33001      3.43207      0.78218
   22  (eta')            11       331   18          31          32      1.09327     -0.09480      2.79232      3.14936      0.95770
   23  (D*-)             11      -413   18          33          34      1.53528      0.74898      4.76834      5.44933      2.01000
   24  (Delta+)          11      2214   16          35          36     -0.14279     -0.38398     58.48337     58.49959      1.31526
   25  (Kbar0)           11      -311   16          37          37      0.49533      0.63003     35.52309     35.53561      0.49767
   26  pi-                1      -211   19           0           0     -0.16934     -0.20082      0.83241      0.88396      0.13957
   27  (pi0)             11       111   19          38          39      0.03527      0.37901      8.49841      8.50800      0.13498
   28  pi+                1       211   21           0           0     -0.05634     -0.02787      0.17704      0.23404      0.13957
   29  pi-                1      -211   21           0           0      0.15570      0.02487      2.26201      2.27179      0.13957
   30  (pi0)             11       111   21          40          41      0.11892      0.17821      0.89096      0.92624      0.13498
   31  gamma              1        22   22           0           0     -0.06602      0.01659      0.32851      0.33549      0.00000
   32  (rho0)            11       113   22          42          43      1.15930     -0.11139      2.46381      2.81387      0.70081
   33  (Dbar0)           11      -421   23          44          45      1.44354      0.66027      4.42163      5.05440      1.86450
   34  pi-                1      -211   23           0           0      0.09174      0.08871      0.34671      0.39493      0.13957
   35  p+                 1      2212   24           0           0     -0.18987     -0.47168     56.17575     56.18589      0.93827
   36  (pi0)             11       111   24          46          47      0.04709      0.08770      2.30762      2.31371      0.13498
   37  K_L0               1       130   25           0           0      0.49533      0.63003     35.52309     35.53561      0.49767
   38  gamma              1        22   27           0           0      0.06478      0.30797      7.51517      7.52176      0.00000
   39  gamma              1        22   27           0           0     -0.02951      0.07104      0.98324      0.98624      0.00000
   40  gamma              1        22   30           0           0      0.13716      0.12629      0.54675      0.57766      0.00000
   41  gamma              1        22   30           0           0     -0.01823      0.05193      0.34421      0.34858      0.00000
   42  pi+                1       211   32           0           0      0.79226     -0.05566      2.18504      2.32909      0.13957
   43  pi-                1      -211   32           0           0      0.36704     -0.05573      0.27877      0.48478      0.13957
   44  K+                 1       321   33           0           0      0.16525      0.18046      0.69791      0.88915      0.49360
   45  (a_1-)            11    -20213   33          48          49      1.27830      0.47981      3.72373      4.16525      1.27237
   46  gamma              1        22   36           0           0      0.04156     -0.01806      0.31147      0.31475      0.00000
   47  gamma              1        22   36           0           0      0.00553      0.10576      1.99615      1.99896      0.00000
   48  (rho0)            11       113   45          50          51      0.95346      0.56562      3.42297      3.69322      0.83316
   49  pi-                1      -211   45           0           0      0.32483     -0.08581      0.30076      0.47204      0.13957
   50  pi+                1       211   48           0           0      0.65516      0.21995      0.99938      1.22305      0.13957
   51  pi-                1      -211   48           0           0      0.29830      0.34567      2.42359      2.47017      0.13957
 ==================================================================================================================================
                   sum charge:  0.00   sum momentum and inv. mass:      0.00000      0.00000    120.00000    140.00339     72.11760



                            Event listing (standard)

    I  particle/jet  K(I,1)   K(I,2) K(I,3)     K(I,4)      K(I,5)       P(I,1)       P(I,2)       P(I,3)       P(I,4)       P(I,5)

    1  !e-!              21        11    0           3           4      0.00000      0.00000    -10.00000     10.00000      0.00051
    2  !p+!              21      2212    0           5           0     -0.00000      0.00000    130.00000    130.00339      0.93827
 ==================================================================================================================================
    3  !e-!              21        11    1           0           0      2.67285      6.54904     -8.06782     10.72958      0.00051
    4  !gamma!           21        22    1           0           0     -2.67285     -6.54904     -1.93218     -0.72958     -7.29624
    5  !p+!              21      2212    2           0           0     -0.00000      0.00000    130.00000    130.00339      0.93827
    6  !gamma!           21        22    4           0           0     -2.68037     -6.56745     -1.81333     -0.60734     -7.29624
    7  !ubar!            21        -2    5           0           0      0.00128      0.00313     22.05131     22.05131      0.00000
    8  !gamma!           21        22    6           0           0     -2.68037     -6.56745     -1.81333     -0.60734     -7.29624
    9  !ubar!            21        -2    7           0           0      0.00128      0.00313     22.05131     22.05131      0.00000
   10  !ubar!            21        -2    9           0           0     -2.67909     -6.56433     20.23798     21.44397      0.00000
 ==================================================================================================================================
   11  p+                 1      2212    5           0           0      0.05931     -0.02874     52.79599     52.80436      0.93827
   12  e-                 1        11    3           0           0      2.67285      6.54904     -8.06782     10.72958      0.00051
   13  (ubar)        A   12        -2   10          15          15     -2.32114     -6.35918     18.57803     19.77296      0.00000
   14  (u)           V   11         2    5          15          15     -0.41103     -0.16112     56.69381     56.69649      0.33000
 ==================================================================================================================================
   15  (string)          11        92   13          16          22     -2.73216     -6.52030     75.27183     76.46945     11.47816
   16  (omega)           11       223   15          23          25     -1.34388     -2.49909      8.14094      8.65622      0.77701
   17  (rho-)            11      -213   15          26          27     -0.30390     -2.65892      7.51663      8.00735      0.67500
   18  (pi0)             11       111   15          28          29     -0.50253     -0.55600      5.44464      5.49763      0.13498
   19  (rho0)            11       113   15          30          31      0.07646     -0.61948      8.58545      8.64440      0.79130
   20  (rho+)            11       213   15          32          33     -0.53841      0.33187      5.76594      5.83410      0.62497
   21  pi-                1      -211   15           0           0     -0.37265     -0.44799     19.13748     19.14686      0.13957
   22  pi+                1       211   15           0           0      0.25276     -0.07069     20.68075     20.68289      0.13957
   23  pi-                1      -211   16           0           0     -0.23874     -0.97816      3.20287      3.36030      0.13957
   24  pi+                1       211   16           0           0     -0.81320     -0.96229      3.17386      3.41763      0.13957
   25  (pi0)             11       111   16          34          35     -0.29194     -0.55865      1.76422      1.87830      0.13498
   26  pi-                1      -211   17           0           0     -0.14288     -2.40124      6.26736      6.71458      0.13957
   27  (pi0)             11       111   17          36          37     -0.16103     -0.25767      1.24927      1.29276      0.13498
   28  gamma              1        22   18           0           0     -0.28114     -0.21091      2.54394      2.56810      0.00000
   29  gamma              1        22   18           0           0     -0.22140     -0.34509      2.90070      2.92953      0.00000
   30  pi+                1       211   19           0           0      0.39537     -0.44170      4.68590      4.72531      0.13957
   31  pi-                1      -211   19           0           0     -0.31892     -0.17778      3.89955      3.91909      0.13957
   32  pi+                1       211   20           0           0     -0.03563      0.06881      3.14455      3.14860      0.13957
   33  (pi0)             11       111   20          38          39     -0.50278      0.26306      2.62139      2.68550      0.13498
   34  gamma              1        22   25           0           0     -0.22016     -0.27638      0.95993      1.02290      0.00000
   35  gamma              1        22   25           0           0     -0.07178     -0.28227      0.80429      0.85540      0.00000
   36  gamma              1        22   27           0           0     -0.03086     -0.05337      0.53467      0.53822      0.00000
   37  gamma              1        22   27           0           0     -0.13016     -0.20431      0.71460      0.75455      0.00000
   38  gamma              1        22   33           0           0     -0.34829      0.11826      1.51349      1.55755      0.00000
   39  gamma              1        22   33           0           0     -0.15449      0.14480      1.10790      1.12796      0.00000
 ==================================================================================================================================
                   sum charge:  0.00   sum momentum and inv. mass:     -0.00000     -0.00000    120.00000    140.00339     72.11760



                            Event listing (standard)

    I  particle/jet  K(I,1)   K(I,2) K(I,3)     K(I,4)      K(I,5)       P(I,1)       P(I,2)       P(I,3)       P(I,4)       P(I,5)

    1  !e-!              21        11    0           3           4      0.00000      0.00000    -10.00000     10.00000      0.00051
    2  !p+!              21      2212    0           5           0     -0.00000      0.00000    130.00000    130.00339      0.93827
 ==================================================================================================================================
    3  !e-!              21        11    1           0           0      1.37668      2.99027     -6.98367      7.72067      0.00051
    4  !gamma!           21        22    1           0           0     -1.37668     -2.99027     -3.01633      2.27933     -3.83925
    5  !p+!              21      2212    2           0           0     -0.00000     -0.00000    130.00000    130.00339      0.93827
    6  !gamma!           21        22    4           0           0     -1.37756     -2.99218     -3.01647      2.28257     -3.83925
    7  !ubar!            21        -2    5           0           0      0.00001      0.00002      1.39078      1.39078      0.00000
    8  !gamma!           21        22    6           0           0     -1.37756     -2.99218     -3.01647      2.28257     -3.83925
    9  !ubar!            21        -2    7           0           0      0.00001      0.00002      1.39078      1.39078      0.00000
   10  !ubar!            21        -2    9           0           0     -1.37755     -2.99216     -1.62569      3.67336      0.00000
 ==================================================================================================================================
   11  (Delta++)         11      2224    5          17          18      0.16167     -0.04044     20.86788     20.90195      1.18130
   12  e-                 1        11    3           0           0      1.37668      2.99027     -6.98367      7.72067      0.00051
   13  (d)           A   12         1    5          19          19      0.03955      0.20248    105.53654    105.53726      0.33000
   14  (ubar)        V   11        -2   10          19          19     -0.46279     -2.12889     -1.16664      2.49325      0.33000
   15  (ubar)        A   12        -2   10          29          29      0.05630      0.16296      1.63823      1.64728      0.00000
   16  (u)           V   11         2   10          29          29     -1.17140     -1.18637      0.10766      1.70298      0.33000
 ==================================================================================================================================
   17  p+                 1      2212   11           0           0      0.19321     -0.18827     16.03132     16.06102      0.93827
   18  pi+                1       211   11           0           0     -0.03154      0.14783      4.83656      4.84093      0.13957
   19  (string)          11        92   13          20          28     -0.42325     -1.92642    104.36990    108.03051     27.81412
   20  (rho0)            11       113   19          33          34     -0.07849      0.10130     46.03480     46.04207      0.80807
   21  (rho-)            11      -213   19          35          36     -0.16289     -0.08258      8.96951      9.00494      0.77684
   22  pi+                1       211   19           0           0      0.09653      0.18258     39.24137     39.24216      0.13957
   23  (rho-)            11      -213   19          37          38      0.34161      0.10195      8.43278      8.47639      0.78115
   24  (pi0)             11       111   19          39          40     -0.33216     -0.09201      1.85107      1.88772      0.13498
   25  (rho+)            11       213   19          41          42     -0.18926     -0.79051      0.25659      1.07882      0.66128
   26  pi-                1      -211   19           0           0      0.00413     -0.74510     -1.04336      1.28968      0.13957
   27  pi+                1       211   19           0           0     -0.12915     -0.54129      0.63276      0.85413      0.13957
   28  pi-                1      -211   19           0           0      0.02643     -0.06077     -0.00562      0.15461      0.13957
   29  (string)          11        92   15          30          32     -1.11510     -1.02341      1.74590      3.35026      2.42596
   30  pi-                1      -211   29           0           0     -0.25464     -0.31001      0.00576      0.42481      0.13957
   31  (pi0)             11       111   29          43          44     -0.89299     -0.01987      1.67346      1.90171      0.13498
   32  (rho+)            11       213   29          45          46      0.03253     -0.69353      0.06668      1.02374      0.74937
   33  pi+                1       211   20           0           0     -0.37740     -0.10349     28.06772     28.07079      0.13957
   34  pi-                1      -211   20           0           0      0.29890      0.20480     17.96708     17.97128      0.13957
   35  pi-                1      -211   21           0           0     -0.12688      0.21327      7.18805      7.19368      0.13957
   36  (pi0)             11       111   21          47          48     -0.03601     -0.29584      1.78146      1.81126      0.13498
   37  pi-                1      -211   23           0           0      0.32069      0.33517      7.09816      7.11467      0.13957
   38  (pi0)             11       111   23          49          50      0.02092     -0.23322      1.33462      1.36171      0.13498
   39  gamma              1        22   24           0           0     -0.26167     -0.12336      1.34128      1.37212      0.00000
   40  gamma              1        22   24           0           0     -0.07049      0.03135      0.50979      0.51560      0.00000
   41  pi+                1       211   25           0           0     -0.02550     -0.14434      0.33787      0.39385      0.13957
   42  (pi0)             11       111   25          51          52     -0.16376     -0.64617     -0.08128      0.68496      0.13498
   43  gamma              1        22   31           0           0     -0.72051      0.03314      1.38263      1.55945      0.00000
   44  gamma              1        22   31           0           0     -0.17248     -0.05301      0.29083      0.34226      0.00000
   45  pi+                1       211   32           0           0     -0.28960     -0.11552      0.06844      0.34840      0.13957
   46  (pi0)             11       111   32          53          54      0.32214     -0.57801     -0.00176      0.67535      0.13498
   47  gamma              1        22   36           0           0     -0.01895     -0.08509      0.92419      0.92829      0.00000
   48  gamma              1        22   36           0           0     -0.01706     -0.21076      0.85728      0.88297      0.00000
   49  gamma              1        22   38           0           0      0.01655      0.01276      0.17753      0.17875      0.00000
   50  gamma              1        22   38           0           0      0.00437     -0.24599      1.15709      1.18296      0.00000
   51  gamma              1        22   42           0           0     -0.10333     -0.49129     -0.00503      0.50206      0.00000
   52  gamma              1        22   42           0           0     -0.06042     -0.15488     -0.07625      0.18290      0.00000
   53  gamma              1        22   46           0           0      0.17947     -0.29902     -0.06739      0.35519      0.00000
   54  gamma              1        22   46           0           0      0.14267     -0.27899      0.06562      0.32015      0.00000
 ==================================================================================================================================
                   sum charge:  0.00   sum momentum and inv. mass:      0.00000     -0.00000    120.00000    140.00339     72.11760



                            Event listing (standard)

    I  particle/jet  K(I,1)   K(I,2) K(I,3)     K(I,4)      K(I,5)       P(I,1)       P(I,2)       P(I,3)       P(I,4)       P(I,5)

    1  !e-!              21        11    0           3           4      0.00000      0.00000    -10.00000     10.00000      0.00051
    2  !p+!              21      2212    0           5           0     -0.00000      0.00000    130.00000    130.00339      0.93827
 ==================================================================================================================================
    3  !e-!              21        11    1           0           0     -0.52903     -3.34267     -9.58576     10.16564      0.00051
    4  !gamma!           21        22    1           0           0      0.52903      3.34267     -0.41424     -0.16564     -3.40550
    5  !p+!              21      2212    2           0           0     -0.00000     -0.00000    130.00000    130.00339      0.93827
    6  !g!               21        21    4           0           0      0.00000      0.00000      0.00000      0.00000      0.00000
    7  !g!               21        21    5           0           0      0.00000      0.00000      0.00000      0.00000      0.00000
    8  !g!               21        21    6           0           0      0.00000      0.00000      0.00000      0.00000      0.00000
    9  !g!               21        21    7           0           0      0.00000      0.00000      0.00000      0.00000      0.00000
   10  !g!               21        21    0           0           0      0.00000      0.00000      0.00000      0.00000      0.00000
   11  !g!               21        21    0           0           0      0.00000      0.00000      0.00000      0.00000      0.00000
 ==================================================================================================================================
   12  e-                 1        11    3           0           0     -0.52903     -3.34267     -9.58576     10.16564      0.00051
   13  (dbar)        A   12        -1    4          17          17      0.59066      2.34463     16.42316     16.60347      0.33000
   14  (d)           V   11         1    5          17          17      0.11602      0.32922      5.40071      5.42203      0.33000
   15  (d)           A   12         1    4          20          20     -0.10741      0.70876      6.54831      6.59570      0.33000
   16  (uu_1)        V   11      2203    5          20          20     -0.07024     -0.03994    101.21359    101.21656      0.77133
   17  (cluster)         11        91   13          18          19      0.70668      2.67385     21.82386     22.02549      1.09204
   18  pi+                1       211   17           0           0      0.46857      0.89054      6.08426      6.16850      0.13957
   19  (rho-)            11      -213   17          24          25      0.23811      1.78331     15.73960     15.85699      0.68736
 ==================================================================================================================================
   20  (string)          11        92   15          21          23     -0.17765      0.66882    107.76190    107.81225      3.22114
   21  (pi0)             11       111   20          26          27     -0.10921      0.67759      5.64331      5.68649      0.13498
   22  (pi0)             11       111   20          28          29     -0.02314     -0.18452     29.22133     29.22224      0.13498
   23  p+                 1      2212   20           0           0     -0.04530      0.17575     72.89726     72.90353      0.93827
   24  pi-                1      -211   19           0           0      0.07900      1.12443      7.15161      7.24124      0.13957
   25  (pi0)             11       111   19          30          31      0.15912      0.65887      8.58799      8.61576      0.13498
   26  gamma              1        22   21           0           0     -0.11498      0.29283      2.58231      2.60140      0.00000
   27  gamma              1        22   21           0           0      0.00577      0.38476      3.06100      3.08509      0.00000
   28  gamma              1        22   22           0           0     -0.03643     -0.19379     21.95782     21.95870      0.00000
   29  gamma              1        22   22           0           0      0.01329      0.00928      7.26352      7.26353      0.00000
   30  gamma              1        22   25           0           0      0.12125      0.44758      5.04454      5.06581      0.00000
   31  gamma              1        22   25           0           0      0.03786      0.21129      3.54345      3.54995      0.00000
 ==================================================================================================================================
                   sum charge:  0.00   sum momentum and inv. mass:     -0.00000     -0.00000    120.00000    140.00339     72.11760



                            Event listing (standard)

    I  particle/jet  K(I,1)   K(I,2) K(I,3)     K(I,4)      K(I,5)       P(I,1)       P(I,2)       P(I,3)       P(I,4)       P(I,5)

    1  !e-!              21        11    0           3           4      0.00000      0.00000    -10.00000     10.00000      0.00051
    2  !p+!              21      2212    0           5           0     -0.00000      0.00000    130.00000    130.00339      0.93827
 ==================================================================================================================================
    3  !e-!              21        11    1           0           0     -4.39833      0.36547     -9.34680     10.33642      0.00051
    4  !gamma!           21        22    1           0           0      4.39833     -0.36547     -0.65320     -0.33642     -4.44886
    5  !p+!              21      2212    2           0           0     -0.00000      0.00000    130.00000    130.00339      0.93827
    6  !gamma!           21        22    4           0           0      4.44498     -0.36935     -0.00088      0.31928     -4.44886
    7  !u!               21         2    5           0           0     -0.01109      0.00092     30.75496     30.75496      0.00000
    8  !gamma!           21        22    6           0           0      4.44498     -0.36935     -0.00088      0.31928     -4.44886
    9  !u!               21         2    7           0           0     -0.01109      0.00092     30.75496     30.75496      0.00000
   10  !u!               21         2    9           0           0      4.43389     -0.36842     30.75408     31.07424      0.00000
 ==================================================================================================================================
   11  e-                 1        11    3           0           0     -4.39833      0.36547     -9.34680     10.33642      0.00051
   12  (ud_0)        A   12      2101    5          15          15     -0.17462     -0.07363     92.49290     92.49491      0.57933
   13  (g)           I   12        21   10          15          15      0.61554      0.41597      3.58697      3.66310      0.00000
   14  (u)           V   11         2   10          15          15      3.95741     -0.70781     33.26693     33.50896      0.00000
 ==================================================================================================================================
   15  (string)          11        92   12          16          20      4.39833     -0.36547    129.34680    129.66697      7.96551
   16  p+                 1      2212   15           0           0      0.61125      0.24310     16.60575     16.64524      0.93827
   17  (eta)             11       221   15          21          23     -0.20098     -0.70892     37.47417     37.48541      0.54745
   18  K-                 1      -321   15           0           0      0.27679      0.29738     26.56398     26.57167      0.49360
   19  (phi)             11       333   15          24          25      0.97645      0.20164     30.27567     30.30920      1.01858
   20  (K*+)             11       323   15          26          27      2.73482     -0.39867     18.42724     18.65546      0.90805
   21  (pi0)             11       111   17          28          29     -0.06867     -0.13944      4.60988      4.61448      0.13498
   22  (pi0)             11       111   17          30          31     -0.00000     -0.21813     14.99663     14.99882      0.13498
   23  (pi0)             11       111   17          32          33     -0.13231     -0.35135     17.86765     17.87211      0.13498
   24  K_L0               1       130   19           0           0      0.55858      0.19416     17.34632     17.36353      0.49767
   25  (K_S0)            11       310   19          34          35      0.41787      0.00748     12.92934     12.94566      0.49767
   26  K+                 1       321   20           0           0      1.67941     -0.04626     12.63515     12.75591      0.49360
   27  (pi0)             11       111   20          36          37      1.05542     -0.35241      5.79209      5.89955      0.13498
   28  gamma              1        22   21           0           0      0.01149     -0.08928      3.28070      3.28194      0.00000
   29  gamma              1        22   21           0           0     -0.08016     -0.05016      1.32918      1.33254      0.00000
   30  gamma              1        22   22           0           0     -0.01561     -0.04549      1.03417      1.03529      0.00000
   31  gamma              1        22   22           0           0      0.01561     -0.17264     13.96246     13.96353      0.00000
   32  gamma              1        22   23           0           0     -0.04562     -0.02189      3.76217      3.76251      0.00000
   33  gamma              1        22   23           0           0     -0.08669     -0.32946     14.10549     14.10960      0.00000
   34  (pi0)             11       111   25          38          39      0.42428      0.07263     11.41494     11.42385      0.13498
   35  (pi0)             11       111   25          40          41     -0.00641     -0.06515      1.51440      1.52181      0.13498
   36  gamma              1        22   27           0           0      0.65759     -0.15140      3.41697      3.48296      0.00000
   37  gamma              1        22   27           0           0      0.39782     -0.20101      2.37512      2.41658      0.00000
   38  gamma              1        22   34           0           0      0.08919     -0.01659      3.71338      3.71448      0.00000
   39  gamma              1        22   34           0           0      0.33509      0.08922      7.70157      7.70937      0.00000
   40  gamma              1        22   35           0           0      0.02763     -0.01488      1.25549      1.25588      0.00000
   41  gamma              1        22   35           0           0     -0.03403     -0.05026      0.25891      0.26593      0.00000
 ==================================================================================================================================
                   sum charge:  0.00   sum momentum and inv. mass:     -0.00000      0.00000    120.00000    140.00339     72.11760



                            Event listing (standard)

    I  particle/jet  K(I,1)   K(I,2) K(I,3)     K(I,4)      K(I,5)       P(I,1)       P(I,2)       P(I,3)       P(I,4)       P(I,5)

    1  !e-!              21        11    0           3           4      0.00000      0.00000    -10.00000     10.00000      0.00051
    2  !p+!              21      2212    0           5           0     -0.00000      0.00000    130.00000    130.00339      0.93827
 ==================================================================================================================================
    3  !e-!              21        11    1           0           0      2.01327      0.49084     -3.54915      4.10982      0.00051
    4  !gamma!           21        22    1           0           0     -2.01327     -0.49084     -6.45085      5.89018     -3.34865
    5  !p+!              21      2212    2           0           0     -0.00000      0.00000    130.00000    130.00339      0.93827
    6  !gamma!           21        22    4           0           0     -2.01382     -0.49098     -6.45237      5.89204     -3.34865
    7  !u!               21         2    5           0           0      0.00000      0.00000      0.45419      0.45419      0.00000
    8  !gamma!           21        22    6           0           0     -2.01382     -0.49098     -6.45237      5.89204     -3.34865
    9  !u!               21         2    7           0           0      0.00000      0.00000      0.45419      0.45419      0.00000
   10  !u!               21         2    9           0           0     -2.01382     -0.49097     -5.99818      6.34624      0.00000
 ==================================================================================================================================
   11  e-                 1        11    3           0           0      2.01327      0.49084     -3.54915      4.10982      0.00051
   12  (ud_0)        A   12      2101    5          19          19     -0.17245     -0.73324    128.74758    128.75109      0.57933
   13  (c)           V   11         4   10          19          19     -1.41696      0.49199     -1.56739      2.63752      1.50000
   14  (u)           A   12         2   10          16          16      0.23824      0.49121     -0.11885      0.55872      0.00000
   15  (cbar)        V   11        -4   10          16          16     -0.66210     -0.74081     -3.51220      3.94623      1.50000
   16  (cluster)         11        91   14          17          18     -0.42387     -0.24960     -3.63105      4.50495      2.62071
   17  pi+                1       211   16           0           0     -0.09049     -0.56282     -0.59953      0.83897      0.13957
   18  (D*-)             11      -413   16          26          27     -0.33337      0.31322     -3.03152      3.66598      2.01000
 ==================================================================================================================================
   19  (string)          11        92   12          20          25     -1.58940     -0.24124    127.18019    131.38861     32.94816
   20  p+                 1      2212   19           0           0     -0.03960     -0.86991     74.10016     74.11122      0.93827
   21  (pi0)             11       111   19          28          29      0.04609      0.25286     40.30118     40.30223      0.13498
   22  (pi0)             11       111   19          30          31      0.20509     -0.25478      1.53822      1.57839      0.13498
   23  (pi0)             11       111   19          32          33     -1.15111     -0.07838     11.82646     11.88337      0.13498
   24  pi-                1      -211   19           0           0      0.75282      0.72800     -0.51464      1.17519      0.13957
   25  (D+)              11       411   19          34          35     -1.40269     -0.01905     -0.07119      2.33822      1.86930
   26  (Dbar0)           11      -421   18          36          38     -0.31155      0.32945     -2.83915      3.42676      1.86450
   27  pi-                1      -211   18           0           0     -0.02183     -0.01623     -0.19237      0.23922      0.13957
   28  gamma              1        22   21           0           0      0.00560      0.22905     37.02534     37.02605      0.00000
   29  gamma              1        22   21           0           0      0.04049      0.02381      3.27584      3.27618      0.00000
   30  gamma              1        22   22           0           0      0.11357     -0.09885      0.43189      0.45738      0.00000
   31  gamma              1        22   22           0           0      0.09151     -0.15592      1.10633      1.12101      0.00000
   32  gamma              1        22   23           0           0     -0.87921     -0.11257      9.25791      9.30024      0.00000
   33  gamma              1        22   23           0           0     -0.27190      0.03420      2.56855      2.58313      0.00000
   34  (K*_1bar0)        11    -20313   25          39          40     -0.99037      0.23931      0.31608      1.70087      1.32474
   35  pi+                1       211   25           0           0     -0.41232     -0.25836     -0.38727      0.63734      0.13957
   36  mu-                1        13   26           0           0      0.26839      0.32759     -0.89800      0.99846      0.10566
   37  nu_mubar           1       -14   26           0           0      0.15838     -0.09578     -0.01575      0.18576      0.00000
   38  (K*+)             11       323   26          41          42     -0.73832      0.09764     -1.92540      2.24255      0.87590
   39  (K*-)             11      -323   34          43          44     -1.12978      0.30412      0.23628      1.47842      0.87236
   40  pi+                1       211   34           0           0      0.13941     -0.06481      0.07980      0.22245      0.13957
   41  (K0)              11       311   38          45          45     -0.66973      0.18680     -1.07563      1.37408      0.49767
   42  pi+                1       211   38           0           0     -0.06859     -0.08916     -0.84977      0.86848      0.13957
   43  K-                 1      -321   39           0           0     -0.54335      0.33004      0.32806      0.86915      0.49360
   44  (pi0)             11       111   39          46          47     -0.58643     -0.02592     -0.09178      0.60928      0.13498
   45  K_L0               1       130   41           0           0     -0.66973      0.18680     -1.07563      1.37408      0.49767
   46  gamma              1        22   44           0           0     -0.55778     -0.01367     -0.05437      0.56059      0.00000
   47  gamma              1        22   44           0           0     -0.02866     -0.01225     -0.03741      0.04869      0.00000
 ==================================================================================================================================
                   sum charge:  0.00   sum momentum and inv. mass:     -0.00000     -0.00000    120.00000    140.00339     72.11760



                            Event listing (standard)

    I  particle/jet  K(I,1)   K(I,2) K(I,3)     K(I,4)      K(I,5)       P(I,1)       P(I,2)       P(I,3)       P(I,4)       P(I,5)

    1  !e-!              21        11    0           3           4      0.00000      0.00000    -10.00000     10.00000      0.00051
    2  !p+!              21      2212    0           5           0     -0.00000      0.00000    130.00000    130.00339      0.93827
 ==================================================================================================================================
    3  !e-!              21        11    1           0           0     -1.52282      2.86356     -9.32077      9.86893      0.00051
    4  !gamma!           21        22    1           0           0      1.52282     -2.86356     -0.67923      0.13107     -3.31106
    5  !p+!              21      2212    2           0           0     -0.00000     -0.00000    130.00000    130.00339      0.93827
    6  !gamma!           21        22    4           0           0      1.52918     -2.87551     -0.62568      0.18800     -3.31106
    7  !ubar!            21        -2    5           0           0     -0.00033      0.00062      6.73392      6.73392      0.00000
    8  !gamma!           21        22    6           0           0      1.52918     -2.87551     -0.62568      0.18800     -3.31106
    9  !ubar!            21        -2    7           0           0     -0.00033      0.00062      6.73392      6.73392      0.00000
   10  !ubar!            21        -2    9           0           0      1.52885     -2.87489      6.10824      6.92192      0.00000
 ==================================================================================================================================
   11  p+                 1      2212    5           0           0     -0.25976     -0.15717     56.18908     56.19773      0.93827
   12  e-                 1        11    3           0           0     -1.52282      2.86356     -9.32077      9.86893      0.00051
   13  (u)           A   12         2    5          16          16      0.14144     -0.01746     62.42880     62.42983      0.33000
   14  (g)           I   12        21   10          16          16      0.23437      0.28962      4.20758      4.22404      0.00000
   15  (ubar)        V   11        -2   10          16          16      1.40678     -2.97854      6.49532      7.28285      0.00000
 ==================================================================================================================================
   16  (string)          11        92   13          17          23      1.78258     -2.70638     73.13169     73.93672     10.38712
   17  (K*+)             11       323   16          24          25      0.44867      0.17712     33.66803     33.68397      0.91700
   18  K-                 1      -321   16           0           0     -0.15999     -0.28927      6.36711      6.39476      0.49360
   19  K+                 1       321   16           0           0     -0.16817     -0.38263     21.04374     21.05367      0.49360
   20  (K*bar0)          11      -313   16          26          27      0.57067     -0.17492      3.09255      3.27704      0.90490
   21  (rho-)            11      -213   16          28          29      0.56700     -0.52752      3.64899      3.79329      0.68857
   22  (eta)             11       221   16          30          32     -0.05067     -0.55156      2.33185      2.45846      0.54745
   23  (omega)           11       223   16          33          35      0.57508     -0.95761      2.97943      3.27554      0.77745
   24  K+                 1       321   17           0           0      0.08949      0.33223     23.10998     23.11782      0.49360
   25  (pi0)             11       111   17          36          37      0.35917     -0.15510     10.55804     10.56615      0.13498
   26  (Kbar0)           11      -311   20          38          38      0.38025     -0.41190      2.05346      2.18600      0.49767
   27  (pi0)             11       111   20          39          40      0.19042      0.23698      1.03909      1.09103      0.13498
   28  pi-                1      -211   21           0           0      0.22727     -0.47197      1.20299      1.31949      0.13957
   29  (pi0)             11       111   21          41          42      0.33973     -0.05555      2.44601      2.47380      0.13498
   30  (pi0)             11       111   22          43          44     -0.05253     -0.18391      0.77939      0.81379      0.13498
   31  (pi0)             11       111   22          45          46      0.01366     -0.29189      0.61199      0.69148      0.13498
   32  (pi0)             11       111   22          47          48     -0.01180     -0.07576      0.94047      0.95320      0.13498
   33  pi-                1      -211   23           0           0      0.03933     -0.41608      0.54725      0.70259      0.13957
   34  pi+                1       211   23           0           0      0.36058     -0.45491      1.85891      1.95243      0.13957
   35  (pi0)             11       111   23          49          50      0.17517     -0.08662      0.57326      0.62051      0.13498
   36  gamma              1        22   25           0           0      0.20150     -0.04460      4.04289      4.04815      0.00000
   37  gamma              1        22   25           0           0      0.15768     -0.11050      6.51515      6.51800      0.00000
   38  K_L0               1       130   26           0           0      0.38025     -0.41190      2.05346      2.18600      0.49767
   39  gamma              1        22   27           0           0      0.21090      0.20772      0.90022      0.94764      0.00000
   40  gamma              1        22   27           0           0     -0.02048      0.02926      0.13887      0.14339      0.00000
   41  gamma              1        22   29           0           0      0.20561     -0.09894      1.58039      1.59678      0.00000
   42  gamma              1        22   29           0           0      0.13412      0.04339      0.86561      0.87702      0.00000
   43  gamma              1        22   30           0           0     -0.06608     -0.04567      0.43655      0.44388      0.00000
   44  gamma              1        22   30           0           0      0.01356     -0.13823      0.34284      0.36991      0.00000
   45  gamma              1        22   31           0           0      0.01488     -0.21909      0.30414      0.37514      0.00000
   46  gamma              1        22   31           0           0     -0.00123     -0.07279      0.30785      0.31634      0.00000
   47  gamma              1        22   32           0           0     -0.06755     -0.04826      0.69655      0.70148      0.00000
   48  gamma              1        22   32           0           0      0.05575     -0.02750      0.24393      0.25172      0.00000
   49  gamma              1        22   35           0           0      0.02805     -0.00576      0.00644      0.02935      0.00000
   50  gamma              1        22   35           0           0      0.14712     -0.08086      0.56683      0.59116      0.00000
 ==================================================================================================================================
                   sum charge:  0.00   sum momentum and inv. mass:     -0.00000      0.00000    120.00000    140.00339     72.11760



                            Event listing (standard)

    I  particle/jet  K(I,1)   K(I,2) K(I,3)     K(I,4)      K(I,5)       P(I,1)       P(I,2)       P(I,3)       P(I,4)       P(I,5)

    1  !e-!              21        11    0           3           4      0.00000      0.00000    -10.00000     10.00000      0.00051
    2  !p+!              21      2212    0           5           0     -0.00000      0.00000    130.00000    130.00339      0.93827
 ==================================================================================================================================
    3  !e-!              21        11    1           0           0     -2.60337     -0.10045     -6.32850      6.84379      0.00051
    4  !gamma!           21        22    1           0           0      2.60337      0.10045     -3.67150      3.15621     -3.21028
    5  !p+!              21      2212    2           0           0     -0.00000     -0.00000    130.00000    130.00339      0.93827
    6  !gamma!           21        22    4           0           0      2.60466      0.10050     -3.67257      3.15852     -3.21028
    7  !u!               21         2    5           0           0     -0.00001     -0.00000      0.75434      0.75434      0.00000
    8  !gamma!           21        22    6           0           0      2.60466      0.10050     -3.67257      3.15852     -3.21028
    9  !u!               21         2    7           0           0     -0.00001     -0.00000      0.75434      0.75434      0.00000
   10  !u!               21         2    9           0           0      2.60465      0.10050     -2.91824      3.91285      0.00000
 ==================================================================================================================================
   11  gamma              1        22   10           0           0     -0.86119     -0.20010      0.34763      0.95002      0.00000
   12  e-                 1        11    3           0           0     -2.60337     -0.10045     -6.32850      6.84379      0.00051
   13  (ud_0)        A   12      2101    5          16          16     -0.07198     -0.16533    127.81220    127.81364      0.57933
   14  (g)           I   12        21   10          16          16     -0.18932     -0.05612     -0.24049      0.31118      0.00000
   15  (u)           V   11         2   10          16          16      3.72586      0.52201     -1.59084      4.08476      0.00000
 ==================================================================================================================================
   16  (string)          11        92   13          17          25      3.46456      0.30056    125.98087    132.20957     39.95121
   17  p+                 1      2212   16           0           0      0.06794     -0.53273    105.26186    105.26741      0.93827
   18  (rho-)            11      -213   16          26          27     -0.07111     -0.00720      8.65399      8.69564      0.84702
   19  (eta')            11       331   16          28          30     -0.37153      0.13980      6.49977      6.58197      0.95798
   20  (eta)             11       221   16          31          32      0.38045      0.23519      2.48119      2.57994      0.54745
   21  (K*bar0)          11      -313   16          33          34     -0.18805      0.10550      2.59398      2.75560      0.90448
   22  (K*+)             11       323   16          35          36      0.98577      0.67202      1.17786      1.93563      0.96745
   23  (rho-)            11      -213   16          37          38      0.60495     -0.83546      0.02948      1.27451      0.74804
   24  (K*bar0)          11      -313   16          39          40      0.72711      0.42829      0.40561      1.30783      0.91312
   25  K+                 1       321   16           0           0      1.32903      0.09514     -1.12288      1.81104      0.49360
   26  pi-                1      -211   18           0           0     -0.37332     -0.10635      2.66972      2.70140      0.13957
   27  (pi0)             11       111   18          41          42      0.30221      0.09915      5.98427      5.99424      0.13498
   28  pi+                1       211   19           0           0     -0.07420     -0.09776      1.02632      1.04301      0.13957
   29  pi-                1      -211   19           0           0     -0.06384     -0.06593      1.55688      1.56581      0.13957
   30  (eta)             11       221   19          43          44     -0.23348      0.30349      3.91657      3.97314      0.54745
   31  gamma              1        22   20           0           0      0.10049      0.37735      1.48103      1.53165      0.00000
   32  gamma              1        22   20           0           0      0.27996     -0.14216      1.00016      1.04829      0.00000
   33  K-                 1      -321   21           0           0     -0.00181      0.09107      2.40103      2.45294      0.49360
   34  pi+                1       211   21           0           0     -0.18624      0.01443      0.19295      0.30266      0.13957
   35  (K0)              11       311   22          45          45      0.52941      0.15389      0.92709      1.18791      0.49767
   36  pi+                1       211   22           0           0      0.45636      0.51813      0.25076      0.74772      0.13957
   37  pi-                1      -211   23           0           0      0.35431     -0.34651     -0.32312      0.60786      0.13957
   38  (pi0)             11       111   23          46          47      0.25064     -0.48894      0.35260      0.66665      0.13498
   39  K-                 1      -321   24           0           0      0.38410     -0.05813      0.15400      0.64674      0.49360
   40  pi+                1       211   24           0           0      0.34301      0.48642      0.25161      0.66109      0.13957
   41  gamma              1        22   27           0           0      0.12169     -0.00452      3.13911      3.14147      0.00000
   42  gamma              1        22   27           0           0      0.18052      0.10367      2.84517      2.85277      0.00000
   43  gamma              1        22   30           0           0      0.08533      0.24874      0.85496      0.89449      0.00000
   44  gamma              1        22   30           0           0     -0.31882      0.05475      3.06160      3.07865      0.00000
   45  (K_S0)            11       310   35          48          49      0.52941      0.15389      0.92709      1.18791      0.49767
   46  gamma              1        22   38           0           0      0.00086     -0.03641     -0.00687      0.03706      0.00000
   47  gamma              1        22   38           0           0      0.24977     -0.45253      0.35946      0.62959      0.00000
   48  pi+                1       211   45           0           0      0.10225     -0.02961      0.04520      0.18126      0.13957
   49  pi-                1      -211   45           0           0      0.42717      0.18350      0.88189      1.00666      0.13957
 ==================================================================================================================================
                   sum charge:  0.00   sum momentum and inv. mass:      0.00000     -0.00000    120.00000    140.00339     72.11760



                            Event listing (standard)

    I  particle/jet  K(I,1)   K(I,2) K(I,3)     K(I,4)      K(I,5)       P(I,1)       P(I,2)       P(I,3)       P(I,4)       P(I,5)

    1  !e-!              21        11    0           3           4      0.00000      0.00000    -10.00000     10.00000      0.00051
    2  !p+!              21      2212    0           5           0     -0.00000      0.00000    130.00000    130.00339      0.93827
 ==================================================================================================================================
    3  !e-!              21        11    1           0           0      4.24355      0.36938     -8.79727      9.77426      0.00051
    4  !gamma!           21        22    1           0           0     -4.24355     -0.36938     -1.20273      0.22574     -4.42038
    5  !p+!              21      2212    2           0           0     -0.00000      0.00000    130.00000    130.00339      0.93827
    6  !gamma!           21        22    4           0           0     -4.25360     -0.37026     -1.17321      0.25865     -4.42038
    7  !u!               21         2    5           0           0      0.00053      0.00005      6.82164      6.82164      0.00000
    8  !gamma!           21        22    6           0           0     -4.25360     -0.37026     -1.17321      0.25865     -4.42038
    9  !u!               21         2    7           0           0      0.00053      0.00005      6.82164      6.82164      0.00000
   10  !u!               21         2    9           0           0     -4.25307     -0.37021      5.64844      7.08029      0.00000
 ==================================================================================================================================
   11  e-                 1        11    3           0           0      4.24355      0.36938     -8.79727      9.77426      0.00051
   12  (ud_0)        A   12      2101    5          16          16     -0.20508      0.12792    113.26335    113.26509      0.57933
   13  (g)           I   12        21   10          16          16     -0.80370      0.08002      9.61157      9.64545      0.00000
   14  (g)           I   12        21   10          16          16     -1.00359     -0.06880      4.52903      4.63940      0.00000
   15  (u)           V   11         2   10          16          16     -2.23117     -0.50852      1.39332      2.67919      0.00000
 ==================================================================================================================================
   16  (string)          11        92   12          17          24     -4.24355     -0.36938    128.79727    130.22913     18.78149
   17  p+                 1      2212   16           0           0     -0.58119      0.06808     69.32511     69.33393      0.93827
   18  (rho-)            11      -213   16          25          26     -0.25562     -0.12805     19.99503     20.01417      0.82688
   19  pi+                1       211   16           0           0     -0.35328     -0.00575      3.80016      3.81910      0.13957
   20  (rho-)            11      -213   16          27          28      0.55330      0.28467     11.18497     11.22695      0.74417
   21  (pi0)             11       111   16          29          30     -0.34263      0.28273      9.16287      9.17462      0.13498
   22  pi+                1       211   16           0           0     -0.65114     -0.80164     11.38518     11.43277      0.13957
   23  (rho-)            11      -213   16          31          32     -0.72506      0.06252      2.15079      2.40558      0.79456
   24  (rho+)            11       213   16          33          34     -1.88794     -0.13195      1.79318      2.82200      1.08005
   25  pi-                1      -211   18           0           0     -0.29721     -0.18881      3.88961      3.90801      0.13957
   26  (pi0)             11       111   18          35          36      0.04159      0.06075     16.10543     16.10616      0.13498
   27  pi-                1      -211   20           0           0      0.02480     -0.19184      2.22154      2.23431      0.13957
   28  (pi0)             11       111   20          37          38      0.52850      0.47651      8.96342      8.99264      0.13498
   29  gamma              1        22   21           0           0     -0.25864      0.27413      7.85059      7.85963      0.00000
   30  gamma              1        22   21           0           0     -0.08400      0.00860      1.31228      1.31499      0.00000
   31  pi-                1      -211   23           0           0     -0.23845      0.18698      0.20518      0.39166      0.13957
   32  (pi0)             11       111   23          39          40     -0.48662     -0.12447      1.94561      2.01392      0.13498
   33  pi+                1       211   24           0           0     -1.12859     -0.39558      1.56698      1.97613      0.13957
   34  (pi0)             11       111   24          41          42     -0.75935      0.26363      0.22619      0.84587      0.13498
   35  gamma              1        22   26           0           0      0.06647     -0.01909      8.20273      8.20303      0.00000
   36  gamma              1        22   26           0           0     -0.02487      0.07984      7.90269      7.90313      0.00000
   37  gamma              1        22   28           0           0      0.05579      0.00420      0.65193      0.65433      0.00000
   38  gamma              1        22   28           0           0      0.47271      0.47232      8.31149      8.33831      0.00000
   39  gamma              1        22   32           0           0     -0.18135     -0.09860      0.62328      0.65657      0.00000
   40  gamma              1        22   32           0           0     -0.30526     -0.02587      1.32233      1.35735      0.00000
   41  gamma              1        22   34           0           0     -0.75201      0.23894      0.21530      0.81790      0.00000
   42  gamma              1        22   34           0           0     -0.00734      0.02469      0.01090      0.02797      0.00000
 ==================================================================================================================================
                   sum charge:  0.00   sum momentum and inv. mass:      0.00000      0.00000    120.00000    140.00339     72.11760



                            Event listing (standard)

    I  particle/jet  K(I,1)   K(I,2) K(I,3)     K(I,4)      K(I,5)       P(I,1)       P(I,2)       P(I,3)       P(I,4)       P(I,5)

    1  !e-!              21        11    0           3           4      0.00000      0.00000    -10.00000     10.00000      0.00051
    2  !p+!              21      2212    0           5           0     -0.00000      0.00000    130.00000    130.00339      0.93827
 ==================================================================================================================================
    3  !e-!              21        11    1           0           0      0.79957      2.69392     -7.17816      7.70860      0.00051
    4  !gamma!           21        22    1           0           0     -0.79957     -2.69392     -2.82184      2.29140     -3.25711
    5  !p+!              21      2212    2           0           0     -0.00000      0.00000    130.00000    130.00339      0.93827
    6  !gamma!           21        22    4           0           0     -0.80010     -2.69571     -2.82233      2.29429     -3.25711
    7  !ubar!            21        -2    5           0           0      0.00000      0.00001      1.03669      1.03669      0.00000
    8  !gamma!           21        22    6           0           0     -0.80010     -2.69571     -2.82233      2.29429     -3.25711
    9  !ubar!            21        -2    7           0           0      0.00000      0.00001      1.03669      1.03669      0.00000
   10  !ubar!            21        -2    9           0           0     -0.80010     -2.69569     -1.78564      3.33098      0.00000
 ==================================================================================================================================
   11  (Delta++)         11      2224    5          17          18      0.08117      0.16115    101.62791    101.63526      1.20876
   12  e-                 1        11    3           0           0      0.79957      2.69392     -7.17816      7.70860      0.00051
   13  (d)           A   12         1    5          19          19     -0.05965      0.11831     25.84971     25.85215      0.33000
   14  (g)           I   12        21   10          19          19      0.51827     -0.45082     -0.35587      0.77362      0.00000
   15  (g)           I   12        21   10          19          19     -2.10114     -2.46851     -0.14177      3.24476      0.00000
   16  (ubar)        V   11        -2   10          19          19      0.76178     -0.05406      0.19820      0.78900      0.00000
 ==================================================================================================================================
   17  p+                 1      2212   11           0           0      0.18414      0.03293     91.78030     91.78528      0.93827
   18  pi+                1       211   11           0           0     -0.10298      0.12822      9.84761      9.84997      0.13957
   19  (string)          11        92   13          20          27     -0.88074     -2.85508     25.55026     30.65953     16.68124
   20  pi-                1      -211   19           0           0     -0.49446      0.20925     10.34524     10.36010      0.13957
   21  (eta)             11       221   19          28          29      0.51151     -0.45449      7.40725      7.45891      0.54745
   22  (K*+)             11       323   19          30          31      0.27854      0.17539      6.73409      6.80154      0.89705
   23  (Kbar0)           11      -311   19          32          32     -0.10993     -0.07359      0.47343      0.69951      0.49767
   24  (omega)           11       223   19          33          35     -1.45543     -1.29445      0.86012      2.26810      0.78140
   25  (rho-)            11      -213   19          36          37      0.75339     -0.23955     -0.21630      1.05620      0.66618
   26  pi+                1       211   19           0           0     -0.94236     -0.95692      0.12560      1.35610      0.13957
   27  pi-                1      -211   19           0           0      0.57800     -0.22070     -0.17918      0.65907      0.13957
   28  gamma              1        22   21           0           0      0.53280     -0.18750      5.98977      6.01634      0.00000
   29  gamma              1        22   21           0           0     -0.02128     -0.26699      1.41748      1.44257      0.00000
   30  K+                 1       321   22           0           0      0.13346      0.20438      6.29385      6.31789      0.49360
   31  (pi0)             11       111   22          38          39      0.14508     -0.02899      0.44024      0.48365      0.13498
   32  K_L0               1       130   23           0           0     -0.10993     -0.07359      0.47343      0.69951      0.49767
   33  pi+                1       211   24           0           0     -1.20248     -0.97383      0.47594      1.62490      0.13957
   34  pi-                1      -211   24           0           0     -0.10471     -0.22196      0.15073      0.32005      0.13957
   35  (pi0)             11       111   24          40          41     -0.14823     -0.09867      0.23345      0.32315      0.13498
   36  pi-                1      -211   25           0           0      0.23393      0.13682     -0.25800      0.39936      0.13957
   37  (pi0)             11       111   25          42          43      0.51945     -0.37637      0.04170      0.65684      0.13498
   38  gamma              1        22   31           0           0      0.09155     -0.06236      0.38222      0.39795      0.00000
   39  gamma              1        22   31           0           0      0.05353      0.03337      0.05802      0.08570      0.00000
   40  gamma              1        22   35           0           0     -0.03184      0.03394      0.04055      0.06172      0.00000
   41  gamma              1        22   35           0           0     -0.11639     -0.13261      0.19290      0.26143      0.00000
   42  gamma              1        22   37           0           0      0.50594     -0.38744      0.03528      0.63823      0.00000
   43  gamma              1        22   37           0           0      0.01351      0.01108      0.00643      0.01861      0.00000
 ==================================================================================================================================
                   sum charge:  0.00   sum momentum and inv. mass:      0.00000      0.00000    120.00000    140.00339     72.11760

 Advisory warning: maximum violated by  1.112D+00 in event      41
 XSEC(96,1) increased to  1.288D-02

 Advisory warning: maximum violated by  1.575D+00 in event     179
 XSEC(96,1) increased to  2.028D-02

 Advisory warning: maximum violated by  2.045D+00 in event     308
 XSEC(96,1) increased to  4.148D-02

 Advisory warning: maximum violated by  1.120D+00 in event    6049
 XSEC(96,1) increased to  4.647D-02

 Advisory warning: maximum violated by  1.067D+00 in event    7500
 XSEC(96,1) increased to  4.959D-02
1********* PYSTAT:  Statistics on Number of Events and Cross-sections *********

 ==============================================================================
 I                                  I                            I            I
 I            Subprocess            I      Number of points      I    Sigma   I
 I                                  I                            I            I
 I----------------------------------I----------------------------I    (mb)    I
 I                                  I                            I            I
 I N:o Type                         I    Generated         Tried I            I
 I                                  I                            I            I
 ==============================================================================
 I                                  I                            I            I
 I   0 All included subprocesses    I       500000      78051795 I  4.717D-05 I
 I  11 f + f' -> f + f' (QCD)       I         2266             0 I  3.592D-07 I
 I  12 f + fbar -> f' + fbar'       I           40             0 I  5.942D-09 I
 I  13 f + fbar -> g + g            I           45             0 I  7.868D-09 I
 I  28 f + g -> f + g               I         5624             0 I  8.080D-07 I
 I  53 g + g -> f + fbar            I           89             0 I  1.099D-08 I
 I  68 g + g -> g + g               I         2743             0 I  3.355D-07 I
 I  91 Elastic scattering           I         6788       5673004 I  6.268D-07 I
 I  92 Single diffractive (XB)      I         3146       4359695 I  3.016D-07 I
 I  93 Single diffractive (AX)      I         2412       3547781 I  2.161D-07 I
 I  94 Double  diffractive          I         2005       3829663 I  1.559D-07 I
 I  95 Low-pT scattering            I        13418         71310 I  1.093D-06 I
 I  99 q + gamma* -> q              I       454539      21165044 I  4.260D-05 I
 I 131 f + gamma*_T -> f + g        I         2889       2047320 I  2.778D-07 I
 I 132 f + gamma*_L -> f + g        I          188         99424 I  1.805D-08 I
 I 135 g + gamma*_T -> f + fbar     I         2849       5806875 I  2.602D-07 I
 I 136 g + gamma*_L -> f + fbar     I          959        940783 I  8.889D-08 I
 I                                  I                            I            I
 ==============================================================================
 I                                  I                            I            I
 I   1 VMD * hadron                 I        13179      36512509 I  1.537D-06 I
 I   2 direct * hadron              I         6885       8894402 I  6.450D-07 I
 I   3 anomalous * hadron           I        25397      11479840 I  2.384D-06 I
 I   4 DIS * hadron                 I       454539      21165044 I  4.260D-05 I
 I                                  I                            I            I
 ==============================================================================

 ********* Total number of errors, excluding junctions =        0 *************
 ********* Total number of errors, including junctions =        0 *************
 ********* Total number of warnings =                           0 *************
 ********* Fraction of events that fail fragmentation cuts =  0.00801 *********

1************ PYSTAT: User-Defined Limits on Kinematical Variables ************

 ==============================================================================
 I                                                                            I
 I                 0.000D+00 <  m_hard (GeV/c^2)  <  2.775D+01                I
 I    0.000D+00 ( 1.000D+00) <  p_T_hard (GeV/c)  <  1.387D+01                I
 I                             m_finite (GeV/c^2) =  1.000D+00                I
 I                -1.000D+01 <    y*_subsystem    <  1.000D+01                I
 I                -4.000D+01 <      y*_large      <  4.000D+01                I
 I                -4.000D+01 <      y*_small      <  4.000D+01                I
 I                -4.000D+01 <     eta*_large     <  4.000D+01                I
 I                -4.000D+01 <     eta*_small     <  4.000D+01                I
 I                -1.000D+00 < cos(theta*)_large  <  1.000D+00                I
 I                -1.000D+00 < cos(theta*)_small  <  1.000D+00                I
 I                 0.000D+00 <        x_1         <  1.000D+00                I
 I                 0.000D+00 <        x_2         <  1.000D+00                I
 I                -1.000D+00 <        x_F         <  1.000D+00                I
 I                -1.000D+00 <  cos(theta_hard)   <  1.000D+00                I
 I                 2.000D+00 < m'_hard (GeV/c^2)  <  2.775D+01                I
 I                                                                            I
 ==============================================================================
 The charm mass used is:    1.5000000000000000     
 ===================================================
 Pythia total cross section normalisation:   4.7170733524575910E-002  microbarn
 Total Number of generated events      500000
 Total Number of trials      500000
 ===================================================

 ===== PDFSTA statistics for PDF under/over-flows ====

 ====== STRUCTM statistics for nucleon/pion PDFs =====

   total # of calls    40740687.000000000     
   X  below PDF min    0.0000000000000000       or    0.0000000000000000       %
   X  above PDF max    0.0000000000000000       or    0.0000000000000000       %
   Q2 below PDF min    0.0000000000000000       or    0.0000000000000000       %
   Q2 above PDF max    0.0000000000000000       or    0.0000000000000000       %

 ========= STRUCTP statistics for photon PDFs ========

   total # of calls    0.0000000000000000     

