1                                                                              
 ******************************************************************************
 ******************************************************************************
 **                                                                          **
 **                                                                          **
 **              *......*                  Welcome to the Lund Monte Carlo!  **
 **         *:::!!:::::::::::*                                               **
 **      *::::::!!::::::::::::::*          PPP  Y   Y TTTTT H   H III   A    **
 **    *::::::::!!::::::::::::::::*        P  P  Y Y    T   H   H  I   A A   **
 **   *:::::::::!!:::::::::::::::::*       PPP    Y     T   HHHHH  I  AAAAA  **
 **   *:::::::::!!:::::::::::::::::*       P      Y     T   H   H  I  A   A  **
 **    *::::::::!!::::::::::::::::*!       P      Y     T   H   H III A   A  **
 **      *::::::!!::::::::::::::* !!                                         **
 **      !! *:::!!:::::::::::*    !!       This is PYTHIA version 6.428      **
 **      !!     !* -><- *         !!       Last date of change:  5 Sep 2013  **
 **      !!     !!                !!                                         **
 **      !!     !!                !!       Now is  0 Jan 2000 at  0:00:00    **
 **      !!                       !!                                         **
 **      !!        lh             !!       Disclaimer: this program comes    **
 **      !!                       !!       without any guarantees. Beware    **
 **      !!                 hh    !!       of errors and use common sense    **
 **      !!    ll                 !!       when interpreting results.        **
 **      !!                       !!                                         **
 **      !!                                Copyright T. Sjostrand (2011)     **
 **                                                                          **
 ** An archive of program versions and documentation is found on the web:    **
 ** http://www.thep.lu.se/~torbjorn/Pythia.html                              **
 **                                                                          **
 ** When you cite this program, the official reference is to the 6.4 manual: **
 ** T. Sjostrand, S. Mrenna and P. Skands, JHEP05 (2006) 026                 **
 ** (LU TP 06-13, FERMILAB-PUB-06-052-CD-T) [hep-ph/0603175].                **
 **                                                                          **
 ** Also remember that the program, to a large extent, represents original   **
 ** physics research. Other publications of special relevance to your        **
 ** studies may therefore deserve separate mention.                          **
 **                                                                          **
 ** Main author: Torbjorn Sjostrand; Department of Theoretical Physics,      **
 **   Lund University, Solvegatan 14A, S-223 62 Lund, Sweden;                **
 **   phone: + 46 - 46 - 222 48 16; e-mail: torbjorn@thep.lu.se              **
 ** Author: Stephen Mrenna; Computing Division, GDS Group,                   **
 **   Fermi National Accelerator Laboratory, MS 234, Batavia, IL 60510, USA; **
 **   phone: + 1 - 630 - 840 - 2556; e-mail: mrenna@fnal.gov                 **
 ** Author: Peter Skands; CERN/PH-TH, CH-1211 Geneva, Switzerland            **
 **   phone: + 41 - 22 - 767 24 47; e-mail: peter.skands@cern.ch             **
 **                                                                          **
 **                                                                          **
 ******************************************************************************
 ******************************************************************************
     MSEL           changed from              1 to              2
     MSTP(14)       changed from             30 to             30
     MSTP(15)       changed from              0 to              0
     MSTP(16)       changed from              1 to              1
     MSTP(17)       changed from              4 to              4
     MSTP(18)       changed from              3 to              3
     MSTP(19)       changed from              4 to              1
     MSTP(20)       changed from              3 to              0
     MSTP(32)       changed from              8 to              8
     MSTP(38)       changed from              5 to              4
     MSTP(51)       changed from              7 to          10050
     MSTP(52)       changed from              1 to              2
     MSTP(53)       changed from              3 to              3
     MSTP(54)       changed from              1 to              1
     MSTP(55)       changed from              5 to              5
     MSTP(56)       changed from              1 to              1
     MSTP(57)       changed from              1 to              1
     MSTP(58)       changed from              5 to              5
     MSTP(59)       changed from              1 to              1
     MSTP(60)       changed from              7 to              7
     MSTP(61)       changed from              2 to              2
     MSTP(71)       changed from              1 to              1
     MSTP(81)       changed from              1 to              0
     MSTP(82)       changed from              4 to              1
     MSTP(91)       changed from              1 to              1
     MSTP(92)       changed from              3 to              3
     MSTP(93)       changed from              1 to              1
     MSTP(101)      changed from              3 to              3
     MSTP(102)      changed from              1 to              1
     MSTP(111)      changed from              1 to              1
     MSTP(121)      changed from              0 to              0
     PARP(13)       changed from        1.00000 to        1.00000
     PARP(18)       changed from        0.40000 to        0.40000
     PARP(81)       changed from        1.90000 to        1.90000
     PARP(89)       changed from     1800.00000 to     1800.00000
     PARP(90)       changed from        0.25000 to        0.16000
     PARP(91)       changed from        2.00000 to        0.40000
     PARP(93)       changed from        5.00000 to        5.00000
     PARP(99)       changed from        1.00000 to        0.40000
     PARP(100)      changed from        5.00000 to        5.00000
     PARP(102)      changed from        0.28000 to        0.28000
     PARP(103)      changed from        1.00000 to        1.00000
     PARP(104)      changed from        0.80000 to        0.80000
     PARP(111)      changed from        2.00000 to        2.00000
     PARP(161)      changed from        2.20000 to        3.00000
     PARP(162)      changed from       23.60000 to       24.60000
     PARP(163)      changed from       18.40000 to       18.80000
     PARP(164)      changed from       11.50000 to       11.50000
     PARP(165)      changed from        0.50000 to        0.47679
     PARP(166)      changed from        0.00000 to        0.67597
     PARJ(1)        changed from        0.10000 to        0.10000
     PARJ(2)        changed from        0.30000 to        0.30000
     PARJ(11)       changed from        0.50000 to        0.50000
     PARJ(12)       changed from        0.60000 to        0.60000
     PARJ(21)       changed from        0.36000 to        0.40000
     PARJ(32)       changed from        1.00000 to        1.00000
     PARJ(33)       changed from        0.80000 to        0.80000
     PARJ(41)       changed from        0.30000 to        0.30000
     PARJ(42)       changed from        0.58000 to        0.58000
     PARJ(45)       changed from        0.50000 to        0.50000
     MSTJ(1)        changed from              1 to              1
     MSTJ(12)       changed from              2 to              1
     MSTJ(45)       changed from              5 to              5
     MSTU(112)      changed from              5 to              5
     MSTU(113)      changed from              3 to              5
     MSTU(114)      changed from              5 to              5
     CKIN(1)        changed from        2.00000 to        1.00000
     CKIN(2)        changed from       -1.00000 to       -1.00000
     CKIN(3)        changed from        0.00000 to        0.00000
     CKIN(4)        changed from       -1.00000 to       -1.00000
     CKIN(5)        changed from        1.00000 to        1.00000
     CKIN(6)        changed from        1.00000 to        1.00000
     CKIN(7)        changed from      -10.00000 to      -10.00000
     CKIN(8)        changed from       10.00000 to       10.00000
     CKIN(9)        changed from      -40.00000 to      -40.00000
     CKIN(10)       changed from       40.00000 to       40.00000
     CKIN(11)       changed from      -40.00000 to      -40.00000
     CKIN(12)       changed from       40.00000 to       40.00000
     CKIN(13)       changed from      -40.00000 to      -40.00000
     CKIN(14)       changed from       40.00000 to       40.00000
     CKIN(15)       changed from      -40.00000 to      -40.00000
     CKIN(16)       changed from       40.00000 to       40.00000
     CKIN(17)       changed from       -1.00000 to       -1.00000
     CKIN(18)       changed from        1.00000 to        1.00000
     CKIN(19)       changed from       -1.00000 to       -1.00000
     CKIN(20)       changed from        1.00000 to        1.00000
     CKIN(21)       changed from        0.00000 to        0.00000
     CKIN(22)       changed from        1.00000 to        1.00000
     CKIN(23)       changed from        0.00000 to        0.00000
     CKIN(24)       changed from        1.00000 to        1.00000
     CKIN(25)       changed from       -1.00000 to       -1.00000
     CKIN(26)       changed from        1.00000 to        1.00000
     CKIN(27)       changed from       -1.00000 to       -1.00000
     CKIN(28)       changed from        1.00000 to        1.00000
     CKIN(31)       changed from        2.00000 to        2.00000
     CKIN(32)       changed from       -1.00000 to       -1.00000
     CKIN(35)       changed from        0.00000 to        0.00000
     CKIN(36)       changed from       -1.00000 to       -1.00000
     CKIN(37)       changed from        0.00000 to        0.00000
     CKIN(38)       changed from       -1.00000 to       -1.00000
     CKIN(39)       changed from        4.00000 to        4.00000
     CKIN(40)       changed from       -1.00000 to       -1.00000
     CKIN(65)       changed from        0.00000 to        0.00000
     CKIN(66)       changed from       -1.00000 to       -1.00000
     CKIN(67)       changed from        0.00000 to        0.00000
     CKIN(68)       changed from       -1.00000 to       -1.00000
     CKIN(77)       changed from        2.00000 to        2.00000
     CKIN(78)       changed from       -1.00000 to       -1.00000
 *********************************************
 NOW all parameters are read by PYTHIA
 *********************************************
 SEED =   1949976423
 RANLUX LUXURY LEVEL SET BY RLUXGO : 4     P= 389
 RANLUX INITIALIZED BY RLUXGO FROM SEEDS  1949976423           0           0
   5328.9753403062132        10.000000000000000       -5328.9753403062132       -10.0000000    
 *********************************************
 proton beam momentum:   250.000000     GeV
 lepton beam momentum:   10.0000000     GeV
 resulting sqrt(s):   100.00457712527508      GeV
 *********************************************
1****************** PYINIT: initialization of PYTHIA routines *****************
 ==== PYTHIA WILL USE LHAPDF ====
 *************************************
 *       LHAPDF Version 5.9.1        *
 *   Configured for the following:   *
 *             All PDFs              *
 *         FULL MEMORY option        *
 *    Maximum  3 concurrent set(s)   *
 *************************************

 >>>>>> PDF description: <<<<<<
 CTEQ6M                                                          
 Reference:                                                      
 J. Pumplin, D.R. Stump, J. Huston, H.L. Lai, P. Nadolsky,       
 W.K. Tung                                                       
 hep-ph/0201195                                                  
 This set has 41 member PDFs.                                    
     mem=0 --> central value (cteq6m)                            
     mem=1-40 --> 20 sets of +ve/-ve error values                
 >>>>>>                   <<<<<<

 ==============================================
 PDFset name /cvmfs/sft.cern.ch/lcg/external/lhapdfsets/5.9.1/share/PDFsets/cteq6mE.LHgrid   
 with         40 members
 ====  initialized. ===========================
 Strong coupling at Mz for PDF is:  0.11798

 ==============================================================================
 I                                                                            I
 I      PYTHIA will be initialized for gamma/e- on p+ user configuration      I
 I                                                                            I
 I                  px (GeV/c)   py (GeV/c)   pz (GeV/c)      E (GeV)         I
 I        gamma/e-       0.000        0.000      -10.000       10.000         I
 I        p+             0.000        0.000      250.000      250.002         I
 I                                                                            I
 I           corresponding to    100.005 GeV center-of-mass energy            I
 I                                                                            I
 ==============================================================================

 ******** PYMAXI: summary of differential cross-section maximum search ********

           ==========================================================
           I                                      I                 I
           I  ISUB  Subprocess name               I  Maximum value  I
           I                                      I                 I
           ==========================================================
           I                                      I                 I
           I   91   Elastic scattering            I    4.5802D-04   I
           I   92   Single diffractive (XB)       I    3.3396D-04   I
           I   93   Single diffractive (AX)       I    2.7193D-04   I
           I   94   Double  diffractive           I    2.7235D-04   I
           I   95   Low-pT scattering             I    1.9842D-03   I
           I   96   Semihard QCD 2 -> 2           I    1.9401D-02   I
           I                                      I                 I
           ==========================================================

 ******** PYMAXI: summary of differential cross-section maximum search ********

           ==========================================================
           I                                      I                 I
           I  ISUB  Subprocess name               I  Maximum value  I
           I                                      I                 I
           ==========================================================
           I                                      I                 I
           I  131   f + gamma*_T -> f + g         I    1.8340D-04   I
           I  132   f + gamma*_L -> f + g         I    9.6222D-06   I
           I  135   g + gamma*_T -> f + fbar      I    5.6762D-04   I
           I  136   g + gamma*_L -> f + fbar      I    9.2431D-05   I
           I                                      I                 I
           ==========================================================

 ******** PYMAXI: summary of differential cross-section maximum search ********

           ==========================================================
           I                                      I                 I
           I  ISUB  Subprocess name               I  Maximum value  I
           I                                      I                 I
           ==========================================================
           I                                      I                 I
           I   91   Elastic scattering            I    1.1937D-04   I
           I   92   Single diffractive (XB)       I    8.8669D-05   I
           I   93   Single diffractive (AX)       I    7.0104D-05   I
           I   94   Double  diffractive           I    7.1830D-05   I
           I   95   Low-pT scattering             I    5.5769D-04   I
           I   96   Semihard QCD 2 -> 2           I    1.4517D-02   I
           I                                      I                 I
           ==========================================================

 ******** PYMAXI: summary of differential cross-section maximum search ********

           ==========================================================
           I                                      I                 I
           I  ISUB  Subprocess name               I  Maximum value  I
           I                                      I                 I
           ==========================================================
           I                                      I                 I
           I   99   q + gamma* -> q               I    2.3955D-03   I
           I                                      I                 I
           ==========================================================

 ********************** PYINIT: initialization completed **********************
 the outputfile will be named: outfiles/ep_10x250_Q2_10_100_norad.out                                                                                                                                                                                                                          



                            Event listing (standard)

    I  particle/jet  K(I,1)   K(I,2) K(I,3)     K(I,4)      K(I,5)       P(I,1)       P(I,2)       P(I,3)       P(I,4)       P(I,5)

    1  !e-!              21        11    0           3           4      0.00000      0.00000    -10.00000     10.00000      0.00051
    2  !p+!              21      2212    0           5           0     -0.00000      0.00000    250.00000    250.00176      0.93827
 ==================================================================================================================================
    3  !e-!              21        11    1           0           0      0.22130     -0.55069     -0.08220      0.59916      0.00051
    4  !gamma!           21        22    1           0           0     -0.22130      0.55069     -9.91780      9.40084     -3.21547
    5  !p+!              21      2212    2           0           0     -0.00000      0.00000    250.00000    250.00176      0.93827
    6  !g!               21        21    4           0           0      0.00000      0.00000      0.00000      0.00000      0.00000
    7  !g!               21        21    5           0           0      0.00000      0.00000      0.00000      0.00000      0.00000
    8  !g!               21        21    6           0           0      0.00000      0.00000      0.00000      0.00000      0.00000
    9  !g!               21        21    7           0           0      0.00000      0.00000      0.00000      0.00000      0.00000
   10  !g!               21        21    0           0           0      0.00000      0.00000      0.00000      0.00000      0.00000
   11  !g!               21        21    0           0           0      0.00000      0.00000      0.00000      0.00000      0.00000
 ==================================================================================================================================
   12  e-                 1        11    3           0           0      0.22130     -0.55069     -0.08220      0.59916      0.00051
   13  (ubar)        A   12        -2    4          17          17     -0.46214      0.42932     -5.42657      5.47306      0.33000
   14  (u)           V   11         2    5          17          17      0.05533      0.43339      3.98580      4.02323      0.33000
   15  (u)           A   12         2    4          24          24      0.24127      0.12031     -4.18004      4.20170      0.33000
   16  (ud_1)        V   11      2103    5          24          24     -0.05575     -0.43232    245.70301    245.70460      0.77133
 ==================================================================================================================================
   17  (string)          11        92   13          18          23     -0.40681      0.86271     -1.44077      9.49629      9.33777
   18  K-                 1      -321   17           0           0     -0.07230      0.18588     -2.68283      2.73514      0.49360
   19  (phi)             11       333   17          34          35     -0.71784      0.39573     -1.60056      2.06714      1.01950
   20  (K*0)             11       313   17          36          37      0.57084     -0.17876      0.00342      1.05968      0.87469
   21  (eta')            11       331   17          38          40      0.17709      0.16476      1.90164      2.14298      0.95793
   22  pi+                1       211   17           0           0     -0.70626      0.07254      0.50941      0.88489      0.13957
   23  (pi0)             11       111   17          41          42      0.34166      0.22257      0.42815      0.60646      0.13498
   24  (string)          11        92   15          25          33      0.18551     -0.31201    241.52297    249.90631     64.18478
   25  pi+                1       211   24           0           0     -0.23685     -0.03302     -1.08446      1.11925      0.13957
   26  (rho-)            11      -213   24          43          44      0.70164     -0.23828     -1.03423      1.46122      0.71865
   27  (rho+)            11       213   24          45          46     -0.30785      0.35806     -0.83706      1.25834      0.81225
   28  n0                 1      2112   24           0           0      0.41344     -0.18180      0.22471      1.06643      0.93957
   29  pbar-              1     -2212   24           0           0     -0.30381      0.13978      0.53630      1.13128      0.93827
   30  (rho+)            11       213   24          47          48     -0.23060     -0.29140      3.71357      3.81522      0.79199
   31  (K0)              11       311   24          49          49      0.75570     -0.12500     15.77842     15.80483      0.49767
   32  (K*-)             11      -323   24          50          51     -0.29538      0.85653     40.19569     40.21530      0.86930
   33  p+                 1      2212   24           0           0     -0.31078     -0.79687    184.03005    184.03443      0.93827
   34  K_L0               1       130   19           0           0     -0.24409      0.23242     -0.69882      0.92175      0.49767
   35  (K_S0)            11       310   19          52          53     -0.47374      0.16330     -0.90174      1.14539      0.49767
   36  K+                 1       321   20           0           0      0.49864     -0.06975      0.24958      0.74796      0.49360
   37  pi-                1      -211   20           0           0      0.07220     -0.10901     -0.24615      0.31172      0.13957
   38  pi+                1       211   21           0           0     -0.04524     -0.01772      0.18755      0.23878      0.13957
   39  pi-                1      -211   21           0           0     -0.09740      0.00961      0.30445      0.34892      0.13957
   40  (eta)             11       221   21          54          55      0.31972      0.17286      1.40965      1.55528      0.54745
   41  gamma              1        22   23           0           0      0.34048      0.18943      0.35912      0.52988      0.00000
   42  gamma              1        22   23           0           0      0.00118      0.03314      0.06903      0.07658      0.00000
   43  pi-                1      -211   26           0           0      0.70290     -0.05392     -0.99807      1.22988      0.13957
   44  (pi0)             11       111   26          56          57     -0.00127     -0.18436     -0.03616      0.23134      0.13498
   45  pi+                1       211   27           0           0     -0.17745      0.50489     -0.21710      0.59415      0.13957
   46  (pi0)             11       111   27          58          59     -0.13040     -0.14683     -0.61997      0.66418      0.13498
   47  pi+                1       211   30           0           0      0.15137     -0.38350      2.34230      2.38240      0.13957
   48  (pi0)             11       111   30          60          61     -0.38197      0.09210      1.37127      1.43282      0.13498
   49  (K_S0)            11       310   31          62          63      0.75570     -0.12500     15.77842     15.80483      0.49767
   50  K-                 1      -321   32           0           0     -0.47685      0.62361     31.05886     31.07270      0.49360
   51  (pi0)             11       111   32          64          65      0.18147      0.23292      9.13683      9.14260      0.13498
   52  pi-                1      -211   35           0           0     -0.10234      0.14914     -0.61382      0.65495      0.13957
   53  pi+                1       211   35           0           0     -0.37141      0.01417     -0.28792      0.49043      0.13957
   54  gamma              1        22   40           0           0      0.14638     -0.19712      0.45871      0.52029      0.00000
   55  gamma              1        22   40           0           0      0.17334      0.36999      0.95094      1.03500      0.00000
   56  gamma              1        22   44           0           0      0.00889     -0.10957     -0.08712      0.14027      0.00000
   57  gamma              1        22   44           0           0     -0.01016     -0.07479      0.05096      0.09107      0.00000
   58  gamma              1        22   46           0           0     -0.13508     -0.16705     -0.58858      0.62656      0.00000
   59  gamma              1        22   46           0           0      0.00468      0.02021     -0.03138      0.03762      0.00000
   60  gamma              1        22   48           0           0     -0.24755      0.02782      0.64513      0.69156      0.00000
   61  gamma              1        22   48           0           0     -0.13442      0.06428      0.72614      0.74126      0.00000
   62  (pi0)             11       111   49          66          67      0.72797     -0.07956     14.28237     14.30177      0.13498
   63  (pi0)             11       111   49          68          69      0.02773     -0.04544      1.49604      1.50306      0.13498
   64  gamma              1        22   51           0           0     -0.01313      0.06703      2.17136      2.17243      0.00000
   65  gamma              1        22   51           0           0      0.19460      0.16589      6.96547      6.97016      0.00000
   66  gamma              1        22   62           0           0      0.42014     -0.00182      9.08531      9.09502      0.00000
   67  gamma              1        22   62           0           0      0.30783     -0.07774      5.19706      5.20675      0.00000
   68  gamma              1        22   63           0           0     -0.02390     -0.07659      0.66214      0.66699      0.00000
   69  gamma              1        22   63           0           0      0.05163      0.03115      0.83390      0.83608      0.00000
 ==================================================================================================================================
                   sum charge:  0.00   sum momentum and inv. mass:      0.00000     -0.00000    240.00000    260.00176    100.00458



                            Event listing (standard)

    I  particle/jet  K(I,1)   K(I,2) K(I,3)     K(I,4)      K(I,5)       P(I,1)       P(I,2)       P(I,3)       P(I,4)       P(I,5)

    1  !e-!              21        11    0           3           4      0.00000      0.00000    -10.00000     10.00000      0.00051
    2  !p+!              21      2212    0           5           0     -0.00000      0.00000    250.00000    250.00176      0.93827
 ==================================================================================================================================
    3  !e-!              21        11    1           0           0     -0.78264     -4.13470     -9.48736     10.37874      0.00051
    4  !gamma!           21        22    1           0           0      0.78264      4.13470     -0.51264     -0.37874     -4.22228
    5  !p+!              21      2212    2           0           0     -0.00000     -0.00000    250.00000    250.00176      0.93827
    6  !gamma!           21        22    4           0           0      0.79282      4.18851      1.20193      1.33759     -4.22228
    7  !ubar!            21        -2    5           0           0     -0.00268     -0.01414     65.25412     65.25412      0.00000
    8  !gamma!           21        22    6           0           0      0.79282      4.18851      1.20193      1.33759     -4.22228
    9  !ubar!            21        -2    7           0           0     -0.00268     -0.01414     65.25412     65.25412      0.00000
   10  !ubar!            21        -2    9           0           0      0.79014      4.17437     66.45604     66.59171      0.00000
 ==================================================================================================================================
   11  (Delta++)         11      2224    5          15          16      0.06421      0.22832     82.28511     82.29524      1.26902
   12  e-                 1        11    3           0           0     -0.78264     -4.13470     -9.48736     10.37874      0.00051
   13  (ubar)        A   12        -2   10          17          17      1.00977      3.74502     60.35274     60.47726      0.00000
   14  (d)           V   11         1    5          17          17     -0.29134      0.16137    106.84950    106.85053      0.33000
 ==================================================================================================================================
   15  p+                 1      2212   11           0           0     -0.14788      0.23770     73.28753     73.29407      0.93827
   16  pi+                1       211   11           0           0      0.21208     -0.00938      8.99758      9.00117      0.13957
   17  (string)          11        92   13          18          22      0.71843      3.90638    167.20224    167.32778      5.12066
   18  (rho0)            11       113   17          23          24     -0.24933      1.34493     38.27300     38.30670      0.84245
   19  (K*-)             11      -323   17          25          26      1.26430      2.24988     56.10778     56.17294      0.80995
   20  (K*0)             11       313   17          27          28      0.01924     -0.02887     20.35977     20.38004      0.90790
   21  (pi0)             11       111   17          29          30     -0.17276      0.27228     10.34963     10.35553      0.13498
   22  (pi0)             11       111   17          31          32     -0.14302      0.06816     42.11205     42.11257      0.13498
   23  pi-                1      -211   18           0           0     -0.21981      1.36331     29.61636     29.64887      0.13957
   24  pi+                1       211   18           0           0     -0.02951     -0.01838      8.65664      8.65783      0.13957
   25  (Kbar0)           11      -311   19          33          33      0.58071      1.43877     35.61089     35.64815      0.49767
   26  pi-                1      -211   19           0           0      0.68359      0.81111     20.49688     20.52479      0.13957
   27  (K0)              11       311   20          34          34     -0.24473      0.11017     10.98127     10.99581      0.49767
   28  (pi0)             11       111   20          35          36      0.26397     -0.13905      9.37851      9.38422      0.13498
   29  gamma              1        22   21           0           0     -0.04526      0.02290      0.69882      0.70066      0.00000
   30  gamma              1        22   21           0           0     -0.12750      0.24939      9.65081      9.65487      0.00000
   31  gamma              1        22   22           0           0     -0.00096      0.06493     15.30241     15.30255      0.00000
   32  gamma              1        22   22           0           0     -0.14206      0.00324     26.80964     26.81002      0.00000
   33  (K_S0)            11       310   25          37          38      0.58071      1.43877     35.61089     35.64815      0.49767
   34  (K_S0)            11       310   27          39          40     -0.24473      0.11017     10.98127     10.99581      0.49767
   35  gamma              1        22   28           0           0      0.16601     -0.04390      3.58991      3.59401      0.00000
   36  gamma              1        22   28           0           0      0.09796     -0.09515      5.78860      5.79021      0.00000
   37  (pi0)             11       111   33          41          42      0.42993      0.52389     15.84558     15.86064      0.13498
   38  (pi0)             11       111   33          43          44      0.15078      0.91488     19.76531     19.78751      0.13498
   39  (pi0)             11       111   34          45          46     -0.20763     -0.12976      6.43305      6.43912      0.13498
   40  (pi0)             11       111   34          47          48     -0.03711      0.23993      4.54822      4.55669      0.13498
   41  gamma              1        22   37           0           0      0.19429      0.14975      6.44838      6.45304      0.00000
   42  gamma              1        22   37           0           0      0.23563      0.37414      9.39720      9.40760      0.00000
   43  gamma              1        22   38           0           0      0.11994      0.43304     10.53351     10.54309      0.00000
   44  gamma              1        22   38           0           0      0.03084      0.48184      9.23180      9.24442      0.00000
   45  gamma              1        22   39           0           0      0.01776     -0.01762      0.36757      0.36842      0.00000
   46  gamma              1        22   39           0           0     -0.22539     -0.11214      6.06548      6.07071      0.00000
   47  gamma              1        22   40           0           0     -0.07577      0.15984      2.33594      2.34263      0.00000
   48  gamma              1        22   40           0           0      0.03866      0.08009      2.21227      2.21406      0.00000
 ==================================================================================================================================
                   sum charge:  0.00   sum momentum and inv. mass:     -0.00000     -0.00000    240.00000    260.00176    100.00458



                            Event listing (standard)

    I  particle/jet  K(I,1)   K(I,2) K(I,3)     K(I,4)      K(I,5)       P(I,1)       P(I,2)       P(I,3)       P(I,4)       P(I,5)

    1  !e-!              21        11    0           3           4      0.00000      0.00000    -10.00000     10.00000      0.00051
    2  !p+!              21      2212    0           5           0     -0.00000      0.00000    250.00000    250.00176      0.93827
 ==================================================================================================================================
    3  !e-!              21        11    1           0           0     -3.71419      2.82307     -9.00722     10.14372      0.00051
    4  !gamma!           21        22    1           0           0      3.71419     -2.82307     -0.99278     -0.14372     -4.76759
    5  !p+!              21      2212    2           0           0     -0.00000      0.00000    250.00000    250.00176      0.93827
    6  !gamma!           21        22    4           0           0      3.72189     -2.82892     -0.93940     -0.08857     -4.76759
    7  !sbar!            21        -3    5           0           0     -0.00041      0.00031     13.35472     13.35472      0.00000
    8  !gamma!           21        22    6           0           0      3.72189     -2.82892     -0.93940     -0.08857     -4.76759
    9  !sbar!            21        -3    7           0           0     -0.00041      0.00031     13.35472     13.35472      0.00000
   10  !sbar!            21        -3    9           0           0      3.72148     -2.82861     12.41532     13.26615      0.00000
 ==================================================================================================================================
   11  (Lambda0)         11      3122    5          17          18     -0.10986      0.11085    109.37106    109.37686      1.11568
   12  e-                 1        11    3           0           0     -3.71419      2.82307     -9.00722     10.14372      0.00051
   13  (u)           A   12         2    5          19          19     -0.21978      0.14051    118.08867    118.08942      0.33000
   14  (g)           I   12        21   10          19          19     -0.32275     -0.23329      1.68932      1.73562      0.00000
   15  (g)           I   12        21   10          19          19      0.14329     -0.64159      0.93451      1.14257      0.00000
   16  (sbar)        V   11        -3   10          19          19      4.22329     -2.19955     18.92367     19.51358      0.00000
 ==================================================================================================================================
   17  n0                 1      2112   11           0           0     -0.15693      0.02794     97.37827     97.38294      0.93957
   18  (pi0)             11       111   11          27          28      0.04707      0.08291     11.99278     11.99392      0.13498
   19  (string)          11        92   13          20          26      3.82405     -2.93392    139.63616    140.48119     14.61076
   20  K+                 1       321   19           0           0      0.11131      0.24231     45.56320     45.56665      0.49360
   21  (K*bar0)          11      -313   19          29          30     -0.48453      0.07925     46.19271     46.20411      0.90131
   22  (rho0)            11       113   19          31          32      0.13000      0.00484     14.77951     14.79679      0.70291
   23  (K0)              11       311   19          33          33      0.05469     -0.45555      2.12839      2.23343      0.49767
   24  (K*bar0)          11      -313   19          34          35      0.68193     -0.71490     11.53051     11.60931      0.92046
   25  (omega)           11       223   19          36          38     -0.16201     -0.10123      1.83751      2.00674      0.78362
   26  (K0)              11       311   19          39          39      3.49266     -1.98863     17.60434     18.06415      0.49767
   27  gamma              1        22   18           0           0     -0.03762     -0.00482      4.35441      4.35458      0.00000
   28  gamma              1        22   18           0           0      0.08469      0.08773      7.63837      7.63934      0.00000
   29  K-                 1      -321   21           0           0     -0.20292      0.24246     36.89891     36.90356      0.49360
   30  pi+                1       211   21           0           0     -0.28161     -0.16321      9.29380      9.30055      0.13957
   31  pi-                1      -211   22           0           0      0.15493      0.05277     14.07094     14.07258      0.13957
   32  pi+                1       211   22           0           0     -0.02493     -0.04793      0.70857      0.72420      0.13957
   33  K_L0               1       130   23           0           0      0.05469     -0.45555      2.12839      2.23343      0.49767
   34  (Kbar0)           11      -311   24          40          40      0.68772     -0.81896     10.14624     10.21457      0.49767
   35  (pi0)             11       111   24          41          42     -0.00578      0.10406      1.38427      1.39473      0.13498
   36  pi-                1      -211   25           0           0     -0.18486     -0.25507      1.14503      1.19574      0.13957
   37  pi+                1       211   25           0           0      0.13413      0.00755      0.30156      0.35842      0.13957
   38  (pi0)             11       111   25          43          44     -0.11128      0.14629      0.39093      0.45258      0.13498
   39  K_L0               1       130   26           0           0      3.49266     -1.98863     17.60434     18.06415      0.49767
   40  (K_S0)            11       310   34          45          46      0.68772     -0.81896     10.14624     10.21457      0.49767
   41  gamma              1        22   35           0           0      0.03154      0.00505      0.07946      0.08564      0.00000
   42  gamma              1        22   35           0           0     -0.03733      0.09900      1.30481      1.30909      0.00000
   43  gamma              1        22   38           0           0      0.02301     -0.00703      0.03605      0.04334      0.00000
   44  gamma              1        22   38           0           0     -0.13429      0.15332      0.35487      0.40924      0.00000
   45  (pi0)             11       111   40          47          48      0.39088     -0.16407      3.48590      3.51418      0.13498
   46  (pi0)             11       111   40          49          50      0.29684     -0.65489      6.66034      6.70040      0.13498
   47  gamma              1        22   45           0           0      0.39824     -0.14416      3.30032      3.32738      0.00000
   48  gamma              1        22   45           0           0     -0.00736     -0.01991      0.18558      0.18679      0.00000
   49  gamma              1        22   46           0           0      0.13029     -0.29967      2.42294      2.44488      0.00000
   50  gamma              1        22   46           0           0      0.16655     -0.35522      4.23739      4.25552      0.00000
 ==================================================================================================================================
                   sum charge:  0.00   sum momentum and inv. mass:     -0.00000      0.00000    240.00000    260.00176    100.00458



                            Event listing (standard)

    I  particle/jet  K(I,1)   K(I,2) K(I,3)     K(I,4)      K(I,5)       P(I,1)       P(I,2)       P(I,3)       P(I,4)       P(I,5)

    1  !e-!              21        11    0           3           4      0.00000      0.00000    -10.00000     10.00000      0.00051
    2  !p+!              21      2212    0           5           0     -0.00000      0.00000    250.00000    250.00176      0.93827
 ==================================================================================================================================
    3  !e-!              21        11    1           0           0      5.34419     -0.20163     -9.21239     10.65218      0.00051
    4  !gamma!           21        22    1           0           0     -5.34419      0.20163     -0.78761     -0.65218     -5.36619
    5  !p+!              21      2212    2           0           0      0.00000     -0.00000    250.00000    250.00176      0.93827
    6  !gamma!           21        22    4           0           0     -5.41254      0.20421      1.90448      2.04166     -5.36619
    7  !d!               21         1    5           0           0      0.02870     -0.00108    103.82289    103.82290      0.00000
    8  !gamma!           21        22    6           0           0     -5.41254      0.20421      1.90448      2.04166     -5.36619
    9  !d!               21         1    7           0           0      0.02870     -0.00108    103.82289    103.82290      0.00000
   10  !d!               21         1    9           0           0     -5.38385      0.20312    105.72737    105.86455      0.00000
 ==================================================================================================================================
   11  e-                 1        11    3           0           0      5.34419     -0.20163     -9.21239     10.65218      0.00051
   12  (d)           A   12         1   10          14          14     -5.11124     -0.39625     98.10300     98.23686      0.00000
   13  (uu_1)        V   11      2203    5          14          14     -0.23295      0.59788    151.10939    151.11272      0.77133
 ==================================================================================================================================
   14  (string)          11        92   12          15          19     -5.34419      0.20163    249.21239    249.34958      6.30845
   15  pi-                1      -211   14           0           0     -0.13890     -0.19059     19.70942     19.71133      0.13957
   16  pi+                1       211   14           0           0     -1.58186      0.40519     43.58184     43.61264      0.13957
   17  pi-                1      -211   14           0           0     -2.21875     -0.11681     34.63192     34.70340      0.13957
   18  (eta')            11       331   14          20          22     -1.40923      0.22014     56.15375     56.18002      0.95775
   19  (Delta++)         11      2224   14          23          24      0.00456     -0.11630     95.13545     95.14218      1.12528
   20  (pi0)             11       111   18          25          26     -0.27905      0.04575     14.27785     14.28129      0.13498
   21  (pi0)             11       111   18          27          28     -0.41064      0.11820     10.11377     10.12370      0.13498
   22  (eta)             11       221   18          29          30     -0.71954      0.05619     31.76212     31.77504      0.54745
   23  p+                 1      2212   19           0           0      0.02749     -0.18300     86.72063     86.72590      0.93827
   24  pi+                1       211   19           0           0     -0.02293      0.06669      8.41482      8.41628      0.13957
   25  gamma              1        22   20           0           0     -0.18744      0.05962      6.74286      6.74572      0.00000
   26  gamma              1        22   20           0           0     -0.09161     -0.01387      7.53500      7.53557      0.00000
   27  gamma              1        22   21           0           0     -0.10084      0.09012      3.49946      3.50208      0.00000
   28  gamma              1        22   21           0           0     -0.30979      0.02808      6.61431      6.62162      0.00000
   29  gamma              1        22   22           0           0     -0.77864     -0.05433     27.40707     27.41818      0.00000
   30  gamma              1        22   22           0           0      0.05910      0.11052      4.35505      4.35686      0.00000
 ==================================================================================================================================
                   sum charge:  0.00   sum momentum and inv. mass:      0.00000     -0.00000    240.00000    260.00176    100.00458



                            Event listing (standard)

    I  particle/jet  K(I,1)   K(I,2) K(I,3)     K(I,4)      K(I,5)       P(I,1)       P(I,2)       P(I,3)       P(I,4)       P(I,5)

    1  !e-!              21        11    0           3           4      0.00000      0.00000    -10.00000     10.00000      0.00051
    2  !p+!              21      2212    0           5           0     -0.00000      0.00000    250.00000    250.00176      0.93827
 ==================================================================================================================================
    3  !e-!              21        11    1           0           0      3.05879      0.62729     -5.18273      6.05066      0.00051
    4  !gamma!           21        22    1           0           0     -3.05879     -0.62729     -4.81727      3.94934     -4.16634
    5  !p+!              21      2212    2           0           0     -0.00000      0.00000    250.00000    250.00176      0.93827
    6  !gamma!           21        22    4           0           0     -3.05940     -0.62742     -4.81784      3.95054     -4.16634
    7  !c!               21         4    5           0           0      0.00000      0.00000      0.98983      0.98983      0.00000
    8  !gamma!           21        22    6           0           0     -3.05940     -0.62742     -4.81784      3.95054     -4.16634
    9  !c!               21         4    7           0           0      0.00000      0.00000      0.98983      0.98983      0.00000
   10  !c!               21         4    9           0           0     -3.05940     -0.62742     -3.82800      4.94037      0.00000
 ==================================================================================================================================
   11  (D*-)             11      -413    5          18          19     -0.16045     -0.34384    107.30949    107.32898      2.01000
   12  e-                 1        11    3           0           0      3.05879      0.62729     -5.18273      6.05066      0.00051
   13  (uu_1)        A   12      2203    5          20          20     -0.15112      0.26727    140.53808    140.54053      0.77133
   14  (g)           I   12        21   10          20          20      0.31601     -0.12183      0.36584      0.49854      0.00000
   15  (g)           I   12        21   10          20          20      0.18192     -0.38167      0.25810      0.49536      0.00000
   16  (g)           I   12        21   10          20          20     -0.45212     -0.82203     -0.48967      1.05826      0.00000
   17  (c)           V   11         4   10          20          20     -2.79303      0.77480     -2.79910      4.02943      0.00000
 ==================================================================================================================================
   18  (Dbar0)           11      -421   11          31          32     -0.16467     -0.29089    100.60015    100.61798      1.86450
   19  pi-                1      -211   11           0           0      0.00421     -0.05294      6.70934      6.71100      0.13957
   20  (string)          11        92   13          21          30     -2.89834     -0.28345    137.87325    146.62212     49.80496
   21  (Delta++)         11      2224   20          33          34      0.45130      0.36604     87.60854     87.61957      1.26274
   22  pi-                1      -211   20           0           0     -0.80434     -0.22789     20.32866     20.34632      0.13957
   23  pi+                1       211   20           0           0      0.24221      0.04346      1.42549      1.45330      0.13957
   24  pi-                1      -211   20           0           0      0.03802      0.38603      9.37987      9.38892      0.13957
   25  (omega)           11       223   20          35          36     -0.25960     -0.31520     11.96637     11.99925      0.78831
   26  (Deltabar+)       11     -1114   20          37          38      0.70080     -0.61996      6.39506      6.59806      1.32748
   27  (Delta-)          11      1114   20          39          40     -0.29015      0.22109      3.06994      3.29587      1.14242
   28  (omega)           11       223   20          41          43     -1.01747     -0.36143      0.48028      1.41569      0.77950
   29  (pi0)             11       111   20          44          45      0.38925      0.18837     -0.34750      0.57094      0.13498
   30  (D*+)             11       413   20          46          47     -2.34835      0.03603     -2.43346      3.93419      2.01000
   31  K+                 1       321   18           0           0      0.65246     -0.59011     57.00409     57.01301      0.49360
   32  pi-                1      -211   18           0           0     -0.81713      0.29922     43.59606     43.60497      0.13957
   33  p+                 1      2212   21           0           0      0.26467      0.03503     56.95452     56.96287      0.93827
   34  pi+                1       211   21           0           0      0.18663      0.33102     30.65402     30.65669      0.13957
   35  gamma              1        22   25           0           0     -0.10956     -0.33267      1.97380      2.00463      0.00000
   36  (pi0)             11       111   25          48          49     -0.15005      0.01747      9.99257      9.99462      0.13498
   37  nbar0              1     -2112   26           0           0      0.26103     -0.21948      4.36976      4.48262      0.93957
   38  pi+                1       211   26           0           0      0.43977     -0.40048      2.02529      2.11544      0.13957
   39  n0                 1      2112   27           0           0     -0.37806      0.19813      2.60200      2.79918      0.93957
   40  pi-                1      -211   27           0           0      0.08790      0.02296      0.46794      0.49669      0.13957
   41  pi+                1       211   28           0           0     -0.55900      0.01009      0.34556      0.67192      0.13957
   42  pi-                1      -211   28           0           0      0.01065     -0.07256      0.04801      0.16481      0.13957
   43  (pi0)             11       111   28          50          51     -0.46912     -0.29896      0.08672      0.57896      0.13498
   44  gamma              1        22   29           0           0      0.22209      0.04080     -0.21371      0.31090      0.00000
   45  gamma              1        22   29           0           0      0.16716      0.14758     -0.13380      0.26004      0.00000
   46  (D+)              11       411   30          52          54     -2.15213      0.06419     -2.25497      3.63524      1.86930
   47  (pi0)             11       111   30          55          56     -0.19622     -0.02817     -0.17849      0.29896      0.13498
   48  gamma              1        22   36           0           0      0.02570     -0.00180      1.22207      1.22234      0.00000
   49  gamma              1        22   36           0           0     -0.17574      0.01927      8.77050      8.77228      0.00000
   50  gamma              1        22   43           0           0     -0.33270     -0.14804      0.09147      0.37546      0.00000
   51  gamma              1        22   43           0           0     -0.13643     -0.15093     -0.00475      0.20350      0.00000
   52  (Kbar0)           11      -311   46          57          57     -0.82096      0.54237     -1.03914      1.51513      0.49767
   53  K+                 1       321   46           0           0     -0.68130     -0.32480     -0.57852      1.07145      0.49360
   54  (Kbar0)           11      -311   46          58          58     -0.64986     -0.15337     -0.63730      1.04865      0.49767
   55  gamma              1        22   47           0           0      0.00950      0.02544     -0.01786      0.03250      0.00000
   56  gamma              1        22   47           0           0     -0.20572     -0.05360     -0.16063      0.26646      0.00000
   57  K_L0               1       130   52           0           0     -0.82096      0.54237     -1.03914      1.51513      0.49767
   58  (K_S0)            11       310   54          59          60     -0.64986     -0.15337     -0.63730      1.04865      0.49767
   59  pi-                1      -211   58           0           0     -0.55854      0.03887     -0.41546      0.71103      0.13957
   60  pi+                1       211   58           0           0     -0.09133     -0.19224     -0.22184      0.33762      0.13957
 ==================================================================================================================================
                   sum charge:  0.00   sum momentum and inv. mass:      0.00000      0.00000    240.00000    260.00176    100.00458



                            Event listing (standard)

    I  particle/jet  K(I,1)   K(I,2) K(I,3)     K(I,4)      K(I,5)       P(I,1)       P(I,2)       P(I,3)       P(I,4)       P(I,5)

    1  !e-!              21        11    0           3           4      0.00000      0.00000    -10.00000     10.00000      0.00051
    2  !p+!              21      2212    0           5           0     -0.00000      0.00000    250.00000    250.00176      0.93827
 ==================================================================================================================================
    3  !e-!              21        11    1           0           0     -1.00591      3.74757     -9.16975      9.95694      0.00051
    4  !gamma!           21        22    1           0           0      1.00591     -3.74757     -0.83025      0.04306     -3.96782
    5  !p+!              21      2212    2           0           0     -0.00000      0.00000    250.00000    250.00176      0.93827
    6  !gamma!           21        22    4           0           0      1.00794     -3.75513     -0.79562      0.07945     -3.96782
    7  !u!               21         2    5           0           0     -0.00007      0.00027      8.99437      8.99437      0.00000
    8  !gamma!           21        22    6           0           0      1.00794     -3.75513     -0.79562      0.07945     -3.96782
    9  !u!               21         2    7           0           0     -0.00007      0.00027      8.99437      8.99437      0.00000
   10  !u!               21         2    9           0           0      1.00787     -3.75486      8.19875      9.07383      0.00000
 ==================================================================================================================================
   11  e-                 1        11    3           0           0     -1.00591      3.74757     -9.16975      9.95694      0.00051
   12  (ud_1)        A   12      2103    5          15          15      0.01313     -0.12086    238.69827    238.69955      0.77133
   13  (g)           I   12        21   10          15          15      0.19576     -0.67708      5.23769      5.28490      0.00000
   14  (u)           V   11         2   10          15          15      0.79702     -2.94963      5.23379      6.06038      0.00000
 ==================================================================================================================================
   15  (string)          11        92   12          16          21      1.00591     -3.74757    249.16975    250.04483     20.53758
   16  n0                 1      2112   15           0           0      0.41238      0.42424     81.99235     81.99986      0.93957
   17  nbar0              1     -2112   15           0           0     -0.29790     -0.27394    119.85495    119.85932      0.93957
   18  n0                 1      2112   15           0           0     -0.17761     -0.75459     33.45418     33.47635      0.93957
   19  nbar0              1     -2112   15           0           0      0.20421     -0.89560      6.29882      6.43441      0.93957
   20  p+                 1      2212   15           0           0      0.25937      0.01489      2.68884      2.85967      0.93827
   21  (pi0)             11       111   15          22          23      0.60546     -2.26258      4.88062      5.41521      0.13498
   22  gamma              1        22   21           0           0      0.53847     -2.13636      4.58151      5.08372      0.00000
   23  gamma              1        22   21           0           0      0.06700     -0.12622      0.29910      0.33149      0.00000
 ==================================================================================================================================
                   sum charge:  0.00   sum momentum and inv. mass:     -0.00000      0.00000    240.00000    260.00176    100.00458



                            Event listing (standard)

    I  particle/jet  K(I,1)   K(I,2) K(I,3)     K(I,4)      K(I,5)       P(I,1)       P(I,2)       P(I,3)       P(I,4)       P(I,5)

    1  !e-!              21        11    0           3           4      0.00000      0.00000    -10.00000     10.00000      0.00051
    2  !p+!              21      2212    0           5           0     -0.00000      0.00000    250.00000    250.00176      0.93827
 ==================================================================================================================================
    3  !e-!              21        11    1           0           0     -2.07731     -3.29194     -9.39655     10.17090      0.00051
    4  !gamma!           21        22    1           0           0      2.07731      3.29194     -0.60345     -0.17090     -3.93536
    5  !p+!              21      2212    2           0           0     -0.00000     -0.00000    250.00000    250.00176      0.93827
    6  !gamma!           21        22    4           0           0      2.08576      3.30533     -0.46059     -0.02628     -3.93536
    7  !u!               21         2    5           0           0     -0.00060     -0.00095     17.81910     17.81910      0.00000
    8  !gamma!           21        22    6           0           0      2.08576      3.30533     -0.46059     -0.02628     -3.93536
    9  !u!               21         2    7           0           0     -0.00060     -0.00095     17.81910     17.81910      0.00000
   10  !u!               21         2    9           0           0      2.08515      3.30437     17.35851     17.79282      0.00000
 ==================================================================================================================================
   11  e-                 1        11    3           0           0     -2.07731     -3.29194     -9.39655     10.17090      0.00051
   12  (ud_0)        A   12      2101    5          16          16     -0.14458      0.44334    222.14727    222.14851      0.57933
   13  (g)           I   12        21   10          16          16     -0.26507     -0.22972      4.99119      5.00350      0.00000
   14  (g)           I   12        21   10          16          16      2.41806      3.20864     22.10176     22.46398      0.00000
   15  (u)           V   11         2   10          16          16      0.06890     -0.13032      0.15632      0.21487      0.00000
 ==================================================================================================================================
   16  (string)          11        92   12          17          23      2.07731      3.29194    249.39655    249.83086     14.20106
   17  p+                 1      2212   16           0           0     -0.24243     -0.43778    102.63822    102.64373      0.93827
   18  pbar-              1     -2212   16           0           0      0.02134      0.79143     86.11795     86.12670      0.93827
   19  n0                 1      2112   16           0           0      0.24468     -0.09666      7.40764      7.47162      0.93957
   20  nbar0              1     -2112   16           0           0      0.21956      1.40635     19.82869     19.90190      0.93957
   21  p+                 1      2212   16           0           0      0.71223     -0.17611     14.72156     14.76967      0.93827
   22  (omega)           11       223   16          24          26     -0.26896      0.44757      6.87454      6.93794      0.77657
   23  (eta)             11       221   16          27          29      1.39089      1.35714     11.80795     11.97930      0.54745
   24  pi+                1       211   22           0           0     -0.22700     -0.02221      1.08965      1.12198      0.13957
   25  pi-                1      -211   22           0           0      0.04515      0.12311      2.82958      2.83605      0.13957
   26  (pi0)             11       111   22          30          31     -0.08711      0.34668      2.95531      2.97991      0.13498
   27  (pi0)             11       111   23          32          33      0.53269      0.39613      3.36069      3.42829      0.13498
   28  (pi0)             11       111   23          34          35      0.24410      0.33358      3.13469      3.16470      0.13498
   29  (pi0)             11       111   23          36          37      0.61410      0.62742      5.31257      5.38631      0.13498
   30  gamma              1        22   26           0           0     -0.07998      0.14389      0.93000      0.94446      0.00000
   31  gamma              1        22   26           0           0     -0.00713      0.20279      2.02531      2.03545      0.00000
   32  gamma              1        22   27           0           0      0.08200      0.12049      0.59509      0.61267      0.00000
   33  gamma              1        22   27           0           0      0.45069      0.27565      2.76561      2.81562      0.00000
   34  gamma              1        22   28           0           0      0.10228      0.15833      1.92341      1.93263      0.00000
   35  gamma              1        22   28           0           0      0.14182      0.17525      1.21127      1.23208      0.00000
   36  gamma              1        22   29           0           0      0.10261      0.04609      0.57778      0.58863      0.00000
   37  gamma              1        22   29           0           0      0.51149      0.58134      4.73479      4.79769      0.00000
 ==================================================================================================================================
                   sum charge:  0.00   sum momentum and inv. mass:     -0.00000     -0.00000    240.00000    260.00176    100.00458



                            Event listing (standard)

    I  particle/jet  K(I,1)   K(I,2) K(I,3)     K(I,4)      K(I,5)       P(I,1)       P(I,2)       P(I,3)       P(I,4)       P(I,5)

    1  !e-!              21        11    0           3           4      0.00000      0.00000    -10.00000     10.00000      0.00051
    2  !p+!              21      2212    0           5           0     -0.00000      0.00000    250.00000    250.00176      0.93827
 ==================================================================================================================================
    3  !e-!              21        11    1           0           0      2.78583     -1.82446     -9.63731     10.19643      0.00051
    4  !gamma!           21        22    1           0           0     -2.78583      1.82446     -0.36269     -0.19643     -3.34402
    5  !p+!              21      2212    2           0           0      0.00000     -0.00000    250.00000    250.00176      0.93827
    6  !gamma!           21        22    4           0           0     -2.81521      1.84369      0.33902      0.50704     -3.34402
    7  !u!               21         2    5           0           0      0.00391     -0.00256     33.18366     33.18366      0.00000
    8  !gamma!           21        22    6           0           0     -2.81521      1.84369      0.33902      0.50704     -3.34402
    9  !u!               21         2    7           0           0      0.00391     -0.00256     33.18366     33.18366      0.00000
   10  !u!               21         2    9           0           0     -2.81130      1.84113     33.52268     33.69070      0.00000
 ==================================================================================================================================
   11  e-                 1        11    3           0           0      2.78583     -1.82446     -9.63731     10.19643      0.00051
   12  (u)           A   12         2   10          14          14     -2.96290      1.45908     32.59998     32.76685      0.00000
   13  (ud_0)        V   11      2101    5          14          14      0.17707      0.36538    217.03733    217.03848      0.57933
 ==================================================================================================================================
   14  (string)          11        92   12          15          17     -2.78583      1.82446    249.63731    249.80533      8.53391
   15  (pi0)             11       111   14          18          19     -1.96288      0.72142     19.75749     19.86831      0.13498
   16  (K*+)             11       323   14          20          21     -0.48058     -0.03628      9.90918      9.96033      0.88547
   17  (Lambda0)         11      3122   14          22          23     -0.34237      1.13932    219.97064    219.97668      1.11568
   18  gamma              1        22   15           0           0     -0.08728      0.06359      1.01245      1.01819      0.00000
   19  gamma              1        22   15           0           0     -1.87559      0.65782     18.74504     18.85012      0.00000
   20  K+                 1       321   16           0           0     -0.28739      0.10393      8.74662      8.76587      0.49360
   21  (pi0)             11       111   16          24          25     -0.19319     -0.14021      1.16256      1.19447      0.13498
   22  p+                 1      2212   17           0           0     -0.29871      1.07515    205.31313    205.31831      0.93827
   23  pi-                1      -211   17           0           0     -0.04366      0.06417     14.65750     14.65837      0.13957
   24  gamma              1        22   21           0           0     -0.09921     -0.04233      0.80192      0.80914      0.00000
   25  gamma              1        22   21           0           0     -0.09398     -0.09788      0.36065      0.38533      0.00000
 ==================================================================================================================================
                   sum charge:  0.00   sum momentum and inv. mass:      0.00000     -0.00000    240.00000    260.00176    100.00458



                            Event listing (standard)

    I  particle/jet  K(I,1)   K(I,2) K(I,3)     K(I,4)      K(I,5)       P(I,1)       P(I,2)       P(I,3)       P(I,4)       P(I,5)

    1  !e-!              21        11    0           3           4      0.00000      0.00000    -10.00000     10.00000      0.00051
    2  !p+!              21      2212    0           5           0     -0.00000      0.00000    250.00000    250.00176      0.93827
 ==================================================================================================================================
    3  !e-!              21        11    1           0           0      1.24512     -1.45355     -3.05443      3.60454      0.00051
    4  !gamma!           21        22    1           0           0     -1.24512      1.45355     -6.94557      6.39546     -3.31695
    5  !p+!              21      2212    2           0           0     -0.00000      0.00000    250.00000    250.00176      0.93827
    6  !gamma!           21        22    4           0           0     -1.24529      1.45375     -6.94638      6.39642     -3.31695
    7  !c!               21         4    5           0           0      0.00000     -0.00000      0.41229      0.41229      0.00000
    8  !gamma!           21        22    6           0           0     -1.24529      1.45375     -6.94638      6.39642     -3.31695
    9  !c!               21         4    7           0           0      0.00000     -0.00000      0.41229      0.41229      0.00000
   10  !c!               21         4    9           0           0     -1.24529      1.45375     -6.53409      6.80871      0.00000
 ==================================================================================================================================
   11  (D*-)             11      -413    5          16          17      0.21097      0.69248    243.10914    243.11853      2.01000
   12  e-                 1        11    3           0           0      1.24512     -1.45355     -3.05443      3.60454      0.00051
   13  (uu_1)        A   12      2203    5          18          18      0.08378     -0.48136      6.36365      6.42882      0.77133
   14  (g)           I   12        21   10          18          18     -0.98548      0.32532     -1.55268      1.86757      0.00000
   15  (c)           V   11         4   10          18          18     -0.55439      0.91711     -4.86569      4.98231      0.00000
 ==================================================================================================================================
   16  (Dbar0)           11      -421   11          24          25      0.21870      0.61937    222.33685    222.34564      1.86450
   17  pi-                1      -211   11           0           0     -0.00772      0.07311     20.77230     20.77290      0.13957
   18  (string)          11        92   13          19          23     -1.45609      0.76108     -0.05472     13.27869     13.17654
   19  (Delta++)         11      2224   18          26          27     -0.45385     -0.13141      3.76223      3.96582      1.16195
   20  (K*-)             11      -323   18          28          29      0.47170     -0.45666      1.87484      2.25276      1.06249
   21  (K0)              11       311   18          30          30     -0.39518     -0.00330     -0.49754      0.80710      0.49767
   22  (eta)             11       221   18          31          32      0.09351      0.97022     -1.51098      1.87958      0.54745
   23  (D*+)             11       413   18          33          34     -1.17227      0.38223     -3.68327      4.37343      2.01000
   24  K+                 1       321   16           0           0      0.04956      0.13242     71.29718     71.29902      0.49360
   25  (a_1-)            11    -20213   16          35          36      0.16913      0.48695    151.03967    151.04661      1.35295
   26  p+                 1      2212   19           0           0     -0.46351     -0.21149      2.93811      3.12608      0.93827
   27  pi+                1       211   19           0           0      0.00966      0.08008      0.82413      0.83974      0.13957
   28  K-                 1      -321   20           0           0      0.29089      0.12452      0.63051      0.86099      0.49360
   29  (pi0)             11       111   20          37          38      0.18082     -0.58118      1.24432      1.39177      0.13498
   30  (K_S0)            11       310   21          39          40     -0.39518     -0.00330     -0.49754      0.80710      0.49767
   31  gamma              1        22   22           0           0     -0.10362      0.18101     -0.70206      0.73238      0.00000
   32  gamma              1        22   22           0           0      0.19713      0.78921     -0.80892      1.14720      0.00000
   33  (D0)              11       421   23          41          42     -1.07722      0.35319     -3.48046      4.10793      1.86450
   34  pi+                1       211   23           0           0     -0.09505      0.02904     -0.20281      0.26550      0.13957
   35  (rho0)            11       113   25          43          44      0.27727     -0.08160     64.25578     64.26068      0.73880
   36  pi-                1      -211   25           0           0     -0.10814      0.56855     86.78389     86.78593      0.13957
   37  gamma              1        22   29           0           0      0.10143     -0.49078      1.04493      1.15890      0.00000
   38  gamma              1        22   29           0           0      0.07939     -0.09040      0.19939      0.23287      0.00000
   39  pi+                1       211   30           0           0     -0.14019      0.07196     -0.45822      0.50426      0.13957
   40  pi-                1      -211   30           0           0     -0.25499     -0.07526     -0.03932      0.30284      0.13957
   41  (K*bar0)          11      -313   33          45          46     -0.95264     -0.07583     -0.91248      1.49789      0.70554
   42  (pi0)             11       111   33          47          48     -0.12458      0.42902     -2.56798      2.61004      0.13498
   43  pi+                1       211   35           0           0      0.24611      0.14732     55.09028     55.09121      0.13957
   44  pi-                1      -211   35           0           0      0.03116     -0.22892      9.16550      9.16947      0.13957
   45  K-                 1      -321   41           0           0     -0.63455     -0.10708     -0.77873      1.12436      0.49360
   46  pi+                1       211   41           0           0     -0.31809      0.03125     -0.13375      0.37353      0.13957
   47  gamma              1        22   42           0           0     -0.10768      0.14304     -0.89932      0.91697      0.00000
   48  gamma              1        22   42           0           0     -0.01690      0.28598     -1.66866      1.69307      0.00000
 ==================================================================================================================================
                   sum charge:  0.00   sum momentum and inv. mass:      0.00000     -0.00000    240.00000    260.00176    100.00458



                            Event listing (standard)

    I  particle/jet  K(I,1)   K(I,2) K(I,3)     K(I,4)      K(I,5)       P(I,1)       P(I,2)       P(I,3)       P(I,4)       P(I,5)

    1  !e-!              21        11    0           3           4      0.00000      0.00000    -10.00000     10.00000      0.00051
    2  !p+!              21      2212    0           5           0     -0.00000      0.00000    250.00000    250.00176      0.93827
 ==================================================================================================================================
    3  !e-!              21        11    1           0           0     -1.45372     -5.36486     -7.54961      9.37505      0.00051
    4  !gamma!           21        22    1           0           0      1.45372      5.36486     -2.45039      0.62495     -6.04226
    5  !p+!              21      2212    2           0           0     -0.00000     -0.00000    250.00000    250.00176      0.93827
    6  !gamma!           21        22    4           0           0      1.45455      5.36793     -2.44500      0.63210     -6.04226
    7  !ubar!            21        -2    5           0           0     -0.00002     -0.00007      5.93222      5.93222      0.00000
    8  !gamma!           21        22    6           0           0      1.45455      5.36793     -2.44500      0.63210     -6.04226
    9  !ubar!            21        -2    7           0           0     -0.00002     -0.00007      5.93222      5.93222      0.00000
   10  !ubar!            21        -2    9           0           0      1.45453      5.36786      3.48722      6.56432      0.00000
 ==================================================================================================================================
   11  (Delta++)         11      2224    5          17          18     -0.52883      0.23415    208.92871    208.93287      1.18629
   12  e-                 1        11    3           0           0     -1.45372     -5.36486     -7.54961      9.37505      0.00051
   13  (d)           A   12         1    5          19          19     -0.13210     -0.14444     31.19313     31.19549      0.33000
   14  (g)           I   12        21   10          19          19      2.32536      0.87447      3.81037      4.54873      0.00000
   15  (g)           I   12        21   10          19          19      0.42079      3.37699      2.04631      3.97096      0.00000
   16  (ubar)        V   11        -2   10          19          19     -0.63150      1.02369      1.57109      1.97865      0.00000
 ==================================================================================================================================
   17  p+                 1      2212   11           0           0     -0.56920      0.31981    173.36540    173.36917      0.93827
   18  pi+                1       211   11           0           0      0.04037     -0.08566     35.56331     35.56370      0.13957
   19  (string)          11        92   13          20          29      1.98255      5.13071     38.62090     41.69383     14.71553
   20  (omega)           11       223   19          30          32     -0.07799      0.09266     16.56551     16.58337      0.75995
   21  (omega)           11       223   19          33          35      0.59722     -0.07728      4.32776      4.43336      0.75006
   22  pi-                1      -211   19           0           0     -0.48039      0.01312      1.44501      1.52921      0.13957
   23  (rho+)            11       213   19          36          37      1.07357      0.16940      7.97312      8.08401      0.77417
   24  pi-                1      -211   19           0           0      0.06328      0.67473      1.24250      1.42216      0.13957
   25  p+                 1      2212   19           0           0      0.06164      0.54471      0.67275      1.27807      0.93827
   26  pbar-              1     -2212   19           0           0      0.07622      0.55497      2.38937      2.62740      0.93827
   27  (rho+)            11       213   19          38          39      0.94367      0.90793      1.61546      2.20597      0.73603
   28  (rho0)            11       113   19          40          41     -0.00923      1.86209      2.33588      3.03667      0.54547
   29  pi-                1      -211   19           0           0     -0.26546      0.38838      0.05354      0.49361      0.13957
   30  pi+                1       211   20           0           0      0.06042      0.15342      4.32152      4.32692      0.13957
   31  pi-                1      -211   20           0           0     -0.01850     -0.21480      9.05829      9.06193      0.13957
   32  (pi0)             11       111   20          42          43     -0.11990      0.15404      3.18569      3.19452      0.13498
   33  pi+                1       211   21           0           0      0.12855     -0.07810      0.76831      0.79524      0.13957
   34  pi-                1      -211   21           0           0      0.35264      0.14262      1.17613      1.24397      0.13957
   35  (pi0)             11       111   21          44          45      0.11603     -0.14179      2.38331      2.39415      0.13498
   36  pi+                1       211   23           0           0      1.00226      0.04421      4.84909      4.95375      0.13957
   37  (pi0)             11       111   23          46          47      0.07131      0.12518      3.12403      3.13027      0.13498
   38  pi+                1       211   27           0           0      0.04153      0.40723      0.68482      0.80995      0.13957
   39  (pi0)             11       111   27          48          49      0.90214      0.50070      0.93064      1.39602      0.13498
   40  pi-                1      -211   28           0           0      0.07409      1.03691      1.63176      1.93979      0.13957
   41  pi+                1       211   28           0           0     -0.08332      0.82518      0.70412      1.09688      0.13957
   42  gamma              1        22   32           0           0     -0.09103      0.01668      0.97744      0.98181      0.00000
   43  gamma              1        22   32           0           0     -0.02887      0.13736      2.20825      2.21271      0.00000
   44  gamma              1        22   35           0           0     -0.01400     -0.06887      1.09275      1.09501      0.00000
   45  gamma              1        22   35           0           0      0.13003     -0.07292      1.29056      1.29914      0.00000
   46  gamma              1        22   37           0           0      0.08393      0.06150      2.62040      2.62246      0.00000
   47  gamma              1        22   37           0           0     -0.01261      0.06368      0.50364      0.50781      0.00000
   48  gamma              1        22   39           0           0      0.35597      0.20305      0.28282      0.49793      0.00000
   49  gamma              1        22   39           0           0      0.54617      0.29765      0.64782      0.89809      0.00000
 ==================================================================================================================================
                   sum charge:  0.00   sum momentum and inv. mass:      0.00000     -0.00000    240.00000    260.00176    100.00458

 Advisory warning: maximum violated by  1.533D+00 in event     128
 XSEC(96,1) increased to  2.226D-02

 Advisory warning: maximum violated by  1.171D+00 in event     259
 XSEC(96,1) increased to  2.606D-02

 Advisory warning: maximum violated by  1.553D+00 in event     712
 XSEC(96,1) increased to  4.045D-02

 Advisory warning: maximum violated by  1.281D+00 in event     942
 XSEC(96,1) increased to  5.180D-02

 Advisory warning: maximum violated by  1.012D+00 in event     960
 XSEC(96,1) increased to  5.244D-02

 Advisory warning: maximum violated by  1.402D+00 in event    1362
 XSEC(96,1) increased to  7.353D-02

 Advisory warning: maximum violated by  1.507D+00 in event   19179
 XSEC(96,1) increased to  1.109D-01
1********* PYSTAT:  Statistics on Number of Events and Cross-sections *********

 ==============================================================================
 I                                  I                            I            I
 I            Subprocess            I      Number of points      I    Sigma   I
 I                                  I                            I            I
 I----------------------------------I----------------------------I    (mb)    I
 I                                  I                            I            I
 I N:o Type                         I    Generated         Tried I            I
 I                                  I                            I            I
 ==============================================================================
 I                                  I                            I            I
 I   0 All included subprocesses    I       500000      68620200 I  5.975D-05 I
 I  11 f + f' -> f + f' (QCD)       I         2412             0 I  4.528D-07 I
 I  12 f + fbar -> f' + fbar'       I           31             0 I  6.532D-09 I
 I  13 f + fbar -> g + g            I           33             0 I  6.484D-09 I
 I  28 f + g -> f + g               I         6138             0 I  1.093D-06 I
 I  53 g + g -> f + fbar            I           82             0 I  1.258D-08 I
 I  68 g + g -> g + g               I         2863             0 I  4.356D-07 I
 I  91 Elastic scattering           I         7073       4928939 I  8.126D-07 I
 I  92 Single diffractive (XB)      I         3369       3602502 I  3.921D-07 I
 I  93 Single diffractive (AX)      I         2452       2913589 I  2.796D-07 I
 I  94 Double  diffractive          I         2110       3317740 I  2.202D-07 I
 I  95 Low-pT scattering            I        12555         61447 I  1.264D-06 I
 I  99 q + gamma* -> q              I       451378      20146976 I  5.367D-05 I
 I 131 f + gamma*_T -> f + g        I         3488       1543609 I  4.135D-07 I
 I 132 f + gamma*_L -> f + g        I          195         80345 I  2.589D-08 I
 I 135 g + gamma*_T -> f + fbar     I         4405       4773774 I  5.076D-07 I
 I 136 g + gamma*_L -> f + fbar     I         1416        776811 I  1.605D-07 I
 I                                  I                            I            I
 ==============================================================================
 I                                  I                            I            I
 I   1 VMD * hadron                 I        13171      30247967 I  1.903D-06 I
 I   2 direct * hadron              I         9504       7174539 I  1.108D-06 I
 I   3 anomalous * hadron           I        25947      11050718 I  3.072D-06 I
 I   4 DIS * hadron                 I       451378      20146976 I  5.367D-05 I
 I                                  I                            I            I
 ==============================================================================

 ********* Total number of errors, excluding junctions =        0 *************
 ********* Total number of errors, including junctions =        0 *************
 ********* Total number of warnings =                           0 *************
 ********* Fraction of events that fail fragmentation cuts =  0.00653 *********

1************ PYSTAT: User-Defined Limits on Kinematical Variables ************

 ==============================================================================
 I                                                                            I
 I                 0.000D+00 <  m_hard (GeV/c^2)  <  2.567D+01                I
 I    0.000D+00 ( 1.000D+00) <  p_T_hard (GeV/c)  <  1.284D+01                I
 I                             m_finite (GeV/c^2) =  1.000D+00                I
 I                -1.000D+01 <    y*_subsystem    <  1.000D+01                I
 I                -4.000D+01 <      y*_large      <  4.000D+01                I
 I                -4.000D+01 <      y*_small      <  4.000D+01                I
 I                -4.000D+01 <     eta*_large     <  4.000D+01                I
 I                -4.000D+01 <     eta*_small     <  4.000D+01                I
 I                -1.000D+00 < cos(theta*)_large  <  1.000D+00                I
 I                -1.000D+00 < cos(theta*)_small  <  1.000D+00                I
 I                 0.000D+00 <        x_1         <  1.000D+00                I
 I                 0.000D+00 <        x_2         <  1.000D+00                I
 I                -1.000D+00 <        x_F         <  1.000D+00                I
 I                -1.000D+00 <  cos(theta_hard)   <  1.000D+00                I
 I                 2.000D+00 < m'_hard (GeV/c^2)  <  2.567D+01                I
 I                                                                            I
 ==============================================================================
 The charm mass used is:    1.5000000000000000     
 ===================================================
 Pythia total cross section normalisation:   5.9754323459260128E-002  microbarn
 Total Number of generated events      500000
 Total Number of trials      500000
 ===================================================

 ===== PDFSTA statistics for PDF under/over-flows ====

 ====== STRUCTM statistics for nucleon/pion PDFs =====

   total # of calls    41574762.000000000     
   X  below PDF min    0.0000000000000000       or    0.0000000000000000       %
   X  above PDF max    0.0000000000000000       or    0.0000000000000000       %
   Q2 below PDF min    0.0000000000000000       or    0.0000000000000000       %
   Q2 above PDF max    0.0000000000000000       or    0.0000000000000000       %

 ========= STRUCTP statistics for photon PDFs ========

   total # of calls    0.0000000000000000     

