1                                                                              
 ******************************************************************************
 ******************************************************************************
 **                                                                          **
 **                                                                          **
 **              *......*                  Welcome to the Lund Monte Carlo!  **
 **         *:::!!:::::::::::*                                               **
 **      *::::::!!::::::::::::::*          PPP  Y   Y TTTTT H   H III   A    **
 **    *::::::::!!::::::::::::::::*        P  P  Y Y    T   H   H  I   A A   **
 **   *:::::::::!!:::::::::::::::::*       PPP    Y     T   HHHHH  I  AAAAA  **
 **   *:::::::::!!:::::::::::::::::*       P      Y     T   H   H  I  A   A  **
 **    *::::::::!!::::::::::::::::*!       P      Y     T   H   H III A   A  **
 **      *::::::!!::::::::::::::* !!                                         **
 **      !! *:::!!:::::::::::*    !!       This is PYTHIA version 6.428      **
 **      !!     !* -><- *         !!       Last date of change:  5 Sep 2013  **
 **      !!     !!                !!                                         **
 **      !!     !!                !!       Now is  0 Jan 2000 at  0:00:00    **
 **      !!                       !!                                         **
 **      !!        lh             !!       Disclaimer: this program comes    **
 **      !!                       !!       without any guarantees. Beware    **
 **      !!                 hh    !!       of errors and use common sense    **
 **      !!    ll                 !!       when interpreting results.        **
 **      !!                       !!                                         **
 **      !!                                Copyright T. Sjostrand (2011)     **
 **                                                                          **
 ** An archive of program versions and documentation is found on the web:    **
 ** http://www.thep.lu.se/~torbjorn/Pythia.html                              **
 **                                                                          **
 ** When you cite this program, the official reference is to the 6.4 manual: **
 ** T. Sjostrand, S. Mrenna and P. Skands, JHEP05 (2006) 026                 **
 ** (LU TP 06-13, FERMILAB-PUB-06-052-CD-T) [hep-ph/0603175].                **
 **                                                                          **
 ** Also remember that the program, to a large extent, represents original   **
 ** physics research. Other publications of special relevance to your        **
 ** studies may therefore deserve separate mention.                          **
 **                                                                          **
 ** Main author: Torbjorn Sjostrand; Department of Theoretical Physics,      **
 **   Lund University, Solvegatan 14A, S-223 62 Lund, Sweden;                **
 **   phone: + 46 - 46 - 222 48 16; e-mail: torbjorn@thep.lu.se              **
 ** Author: Stephen Mrenna; Computing Division, GDS Group,                   **
 **   Fermi National Accelerator Laboratory, MS 234, Batavia, IL 60510, USA; **
 **   phone: + 1 - 630 - 840 - 2556; e-mail: mrenna@fnal.gov                 **
 ** Author: Peter Skands; CERN/PH-TH, CH-1211 Geneva, Switzerland            **
 **   phone: + 41 - 22 - 767 24 47; e-mail: peter.skands@cern.ch             **
 **                                                                          **
 **                                                                          **
 ******************************************************************************
 ******************************************************************************
     MSEL           changed from              1 to              2
     MSTP(14)       changed from             30 to             30
     MSTP(15)       changed from              0 to              0
     MSTP(16)       changed from              1 to              1
     MSTP(17)       changed from              4 to              4
     MSTP(18)       changed from              3 to              3
     MSTP(19)       changed from              4 to              1
     MSTP(20)       changed from              3 to              0
     MSTP(32)       changed from              8 to              8
     MSTP(38)       changed from              5 to              4
     MSTP(51)       changed from              7 to          10050
     MSTP(52)       changed from              1 to              2
     MSTP(53)       changed from              3 to              3
     MSTP(54)       changed from              1 to              1
     MSTP(55)       changed from              5 to              5
     MSTP(56)       changed from              1 to              1
     MSTP(57)       changed from              1 to              1
     MSTP(58)       changed from              5 to              5
     MSTP(59)       changed from              1 to              1
     MSTP(60)       changed from              7 to              7
     MSTP(61)       changed from              2 to              2
     MSTP(71)       changed from              1 to              1
     MSTP(81)       changed from              1 to              0
     MSTP(82)       changed from              4 to              1
     MSTP(91)       changed from              1 to              1
     MSTP(92)       changed from              3 to              3
     MSTP(93)       changed from              1 to              1
     MSTP(101)      changed from              3 to              3
     MSTP(102)      changed from              1 to              1
     MSTP(111)      changed from              1 to              1
     MSTP(121)      changed from              0 to              0
     PARP(13)       changed from        1.00000 to        1.00000
     PARP(18)       changed from        0.40000 to        0.40000
     PARP(81)       changed from        1.90000 to        1.90000
     PARP(89)       changed from     1800.00000 to     1800.00000
     PARP(90)       changed from        0.25000 to        0.16000
     PARP(91)       changed from        2.00000 to        0.40000
     PARP(93)       changed from        5.00000 to        5.00000
     PARP(99)       changed from        1.00000 to        0.40000
     PARP(100)      changed from        5.00000 to        5.00000
     PARP(102)      changed from        0.28000 to        0.28000
     PARP(103)      changed from        1.00000 to        1.00000
     PARP(104)      changed from        0.80000 to        0.80000
     PARP(111)      changed from        2.00000 to        2.00000
     PARP(161)      changed from        2.20000 to        3.00000
     PARP(162)      changed from       23.60000 to       24.60000
     PARP(163)      changed from       18.40000 to       18.80000
     PARP(164)      changed from       11.50000 to       11.50000
     PARP(165)      changed from        0.50000 to        0.47679
     PARP(166)      changed from        0.00000 to        0.67597
     PARJ(1)        changed from        0.10000 to        0.10000
     PARJ(2)        changed from        0.30000 to        0.30000
     PARJ(11)       changed from        0.50000 to        0.50000
     PARJ(12)       changed from        0.60000 to        0.60000
     PARJ(21)       changed from        0.36000 to        0.40000
     PARJ(32)       changed from        1.00000 to        1.00000
     PARJ(33)       changed from        0.80000 to        0.80000
     PARJ(41)       changed from        0.30000 to        0.30000
     PARJ(42)       changed from        0.58000 to        0.58000
     PARJ(45)       changed from        0.50000 to        0.50000
     MSTJ(1)        changed from              1 to              1
     MSTJ(12)       changed from              2 to              1
     MSTJ(45)       changed from              5 to              5
     MSTU(112)      changed from              5 to              5
     MSTU(113)      changed from              3 to              5
     MSTU(114)      changed from              5 to              5
     CKIN(1)        changed from        2.00000 to        1.00000
     CKIN(2)        changed from       -1.00000 to       -1.00000
     CKIN(3)        changed from        0.00000 to        0.00000
     CKIN(4)        changed from       -1.00000 to       -1.00000
     CKIN(5)        changed from        1.00000 to        1.00000
     CKIN(6)        changed from        1.00000 to        1.00000
     CKIN(7)        changed from      -10.00000 to      -10.00000
     CKIN(8)        changed from       10.00000 to       10.00000
     CKIN(9)        changed from      -40.00000 to      -40.00000
     CKIN(10)       changed from       40.00000 to       40.00000
     CKIN(11)       changed from      -40.00000 to      -40.00000
     CKIN(12)       changed from       40.00000 to       40.00000
     CKIN(13)       changed from      -40.00000 to      -40.00000
     CKIN(14)       changed from       40.00000 to       40.00000
     CKIN(15)       changed from      -40.00000 to      -40.00000
     CKIN(16)       changed from       40.00000 to       40.00000
     CKIN(17)       changed from       -1.00000 to       -1.00000
     CKIN(18)       changed from        1.00000 to        1.00000
     CKIN(19)       changed from       -1.00000 to       -1.00000
     CKIN(20)       changed from        1.00000 to        1.00000
     CKIN(21)       changed from        0.00000 to        0.00000
     CKIN(22)       changed from        1.00000 to        1.00000
     CKIN(23)       changed from        0.00000 to        0.00000
     CKIN(24)       changed from        1.00000 to        1.00000
     CKIN(25)       changed from       -1.00000 to       -1.00000
     CKIN(26)       changed from        1.00000 to        1.00000
     CKIN(27)       changed from       -1.00000 to       -1.00000
     CKIN(28)       changed from        1.00000 to        1.00000
     CKIN(31)       changed from        2.00000 to        2.00000
     CKIN(32)       changed from       -1.00000 to       -1.00000
     CKIN(35)       changed from        0.00000 to        0.00000
     CKIN(36)       changed from       -1.00000 to       -1.00000
     CKIN(37)       changed from        0.00000 to        0.00000
     CKIN(38)       changed from       -1.00000 to       -1.00000
     CKIN(39)       changed from        4.00000 to        4.00000
     CKIN(40)       changed from       -1.00000 to       -1.00000
     CKIN(65)       changed from        0.00000 to        0.00000
     CKIN(66)       changed from       -1.00000 to       -1.00000
     CKIN(67)       changed from        0.00000 to        0.00000
     CKIN(68)       changed from       -1.00000 to       -1.00000
     CKIN(77)       changed from        2.00000 to        2.00000
     CKIN(78)       changed from       -1.00000 to       -1.00000
 *********************************************
 NOW all parameters are read by PYTHIA
 *********************************************
 SEED =   2093195820
 RANLUX LUXURY LEVEL SET BY RLUXGO : 4     P= 389
 RANLUX INITIALIZED BY RLUXGO FROM SEEDS  2093195820           0           0
   2771.0935550343875        10.000000000000000       -2771.0935550343875       -10.0000000    
 *********************************************
 proton beam momentum:   130.000000     GeV
 lepton beam momentum:   10.0000000     GeV
 resulting sqrt(s):   72.117599099066553      GeV
 *********************************************
1****************** PYINIT: initialization of PYTHIA routines *****************
 ==== PYTHIA WILL USE LHAPDF ====
 *************************************
 *       LHAPDF Version 5.9.1        *
 *   Configured for the following:   *
 *             All PDFs              *
 *         FULL MEMORY option        *
 *    Maximum  3 concurrent set(s)   *
 *************************************

 >>>>>> PDF description: <<<<<<
 CTEQ6M                                                          
 Reference:                                                      
 J. Pumplin, D.R. Stump, J. Huston, H.L. Lai, P. Nadolsky,       
 W.K. Tung                                                       
 hep-ph/0201195                                                  
 This set has 41 member PDFs.                                    
     mem=0 --> central value (cteq6m)                            
     mem=1-40 --> 20 sets of +ve/-ve error values                
 >>>>>>                   <<<<<<

 ==============================================
 PDFset name /cvmfs/sft.cern.ch/lcg/external/lhapdfsets/5.9.1/share/PDFsets/cteq6mE.LHgrid   
 with         40 members
 ====  initialized. ===========================
 Strong coupling at Mz for PDF is:  0.11798

 ==============================================================================
 I                                                                            I
 I      PYTHIA will be initialized for gamma/e- on p+ user configuration      I
 I                                                                            I
 I                  px (GeV/c)   py (GeV/c)   pz (GeV/c)      E (GeV)         I
 I        gamma/e-       0.000        0.000      -10.000       10.000         I
 I        p+             0.000        0.000      130.000      130.003         I
 I                                                                            I
 I           corresponding to     72.118 GeV center-of-mass energy            I
 I                                                                            I
 ==============================================================================

 ******** PYMAXI: summary of differential cross-section maximum search ********

           ==========================================================
           I                                      I                 I
           I  ISUB  Subprocess name               I  Maximum value  I
           I                                      I                 I
           ==========================================================
           I                                      I                 I
           I   91   Elastic scattering            I    4.1710D-04   I
           I   92   Single diffractive (XB)       I    3.1940D-04   I
           I   93   Single diffractive (AX)       I    2.6141D-04   I
           I   94   Double  diffractive           I    2.4494D-04   I
           I   95   Low-pT scattering             I    1.9207D-03   I
           I   96   Semihard QCD 2 -> 2           I    1.7479D-02   I
           I                                      I                 I
           ==========================================================

 ******** PYMAXI: summary of differential cross-section maximum search ********

           ==========================================================
           I                                      I                 I
           I  ISUB  Subprocess name               I  Maximum value  I
           I                                      I                 I
           ==========================================================
           I                                      I                 I
           I  131   f + gamma*_T -> f + g         I    1.9221D-04   I
           I  132   f + gamma*_L -> f + g         I    9.2718D-06   I
           I  135   g + gamma*_T -> f + fbar      I    5.4466D-04   I
           I  136   g + gamma*_L -> f + fbar      I    8.8198D-05   I
           I                                      I                 I
           ==========================================================

 ******** PYMAXI: summary of differential cross-section maximum search ********

           ==========================================================
           I                                      I                 I
           I  ISUB  Subprocess name               I  Maximum value  I
           I                                      I                 I
           ==========================================================
           I                                      I                 I
           I   91   Elastic scattering            I    1.0588D-04   I
           I   92   Single diffractive (XB)       I    8.2750D-05   I
           I   93   Single diffractive (AX)       I    6.5818D-05   I
           I   94   Double  diffractive           I    6.3002D-05   I
           I   95   Low-pT scattering             I    5.2345D-04   I
           I   96   Semihard QCD 2 -> 2           I    1.1588D-02   I
           I                                      I                 I
           ==========================================================

 ******** PYMAXI: summary of differential cross-section maximum search ********

           ==========================================================
           I                                      I                 I
           I  ISUB  Subprocess name               I  Maximum value  I
           I                                      I                 I
           ==========================================================
           I                                      I                 I
           I   99   q + gamma* -> q               I    1.9857D-03   I
           I                                      I                 I
           ==========================================================

 ********************** PYINIT: initialization completed **********************
 the outputfile will be named: outfiles/ep_10x130_Q2_1_10_norad.out                                                                                                                                                                                                                            



                            Event listing (standard)

    I  particle/jet  K(I,1)   K(I,2) K(I,3)     K(I,4)      K(I,5)       P(I,1)       P(I,2)       P(I,3)       P(I,4)       P(I,5)

    1  !e-!              21        11    0           3           4      0.00000      0.00000    -10.00000     10.00000      0.00051
    2  !p+!              21      2212    0           5           0     -0.00000      0.00000    130.00000    130.00339      0.93827
 ==================================================================================================================================
    3  !e-!              21        11    1           0           0      0.90436     -0.74842     -9.40219      9.47519      0.00051
    4  !gamma!           21        22    1           0           0     -0.90436      0.74842     -0.59781      0.52481     -1.20828
    5  !p+!              21      2212    2           0           0     -0.00000      0.00000    130.00000    130.00339      0.93827
    6  !g!               21        21    4           0           0      0.00000      0.00000      0.00000      0.00000      0.00000
    7  !g!               21        21    5           0           0      0.00000      0.00000      0.00000      0.00000      0.00000
    8  !g!               21        21    6           0           0      0.00000      0.00000      0.00000      0.00000      0.00000
    9  !g!               21        21    7           0           0      0.00000      0.00000      0.00000      0.00000      0.00000
   10  !g!               21        21    0           0           0      0.00000      0.00000      0.00000      0.00000      0.00000
   11  !g!               21        21    0           0           0      0.00000      0.00000      0.00000      0.00000      0.00000
 ==================================================================================================================================
   12  e-                 1        11    3           0           0      0.90436     -0.74842     -9.40219      9.47519      0.00051
   13  (dbar)        A   12        -1    4          17          17     -0.49369      1.15295      0.22241      1.31582      0.33000
   14  (u)           V   11         2    5          17          17     -0.15564      0.22761      7.90345      7.91514      0.33000
   15  (d)           A   12         1    4          21          21     -0.40125     -0.41233     12.31313     12.33098      0.33000
   16  (ud_1)        V   11      2103    5          21          21      0.14622     -0.21981    108.96321    108.96626      0.77133
 ==================================================================================================================================
   17  (string)          11        92   13          18          20     -0.64933      1.38056      8.12586      9.23096      4.10530
   18  (Sigmabar+)       11     -3112   17          24          25     -0.46885     -0.10104      1.35017      1.86732      1.19744
   19  (Lambda0)         11      3122   17          26          27     -0.23328      1.39379      2.88144      3.39772      1.11568
   20  (rho0)            11       113   17          28          29      0.05280      0.08781      3.89425      3.96593      0.74359
   21  (string)          11        92   15          22          23     -0.25503     -0.63214    121.27633    121.29723      2.14600
   22  (rho0)            11       113   21          30          31     -0.41606     -0.61485     41.25290     41.26812      0.83959
   23  n0                 1      2112   21           0           0      0.16102     -0.01729     80.02343     80.02911      0.93957
   24  nbar0              1     -2112   18           0           0     -0.37093     -0.12388      0.81088      1.30125      0.93957
   25  pi+                1       211   18           0           0     -0.09792      0.02284      0.53929      0.56606      0.13957
   26  n0                 1      2112   19           0           0     -0.11505      1.26307      2.51477      2.96908      0.93957
   27  (pi0)             11       111   19          32          33     -0.11823      0.13072      0.36667      0.42864      0.13498
   28  pi+                1       211   20           0           0     -0.29123      0.04265      1.11432      1.16096      0.13957
   29  pi-                1      -211   20           0           0      0.34403      0.04517      2.77993      2.80497      0.13957
   30  pi-                1      -211   22           0           0     -0.30200      0.07714      7.65748      7.66509      0.13957
   31  pi+                1       211   22           0           0     -0.11406     -0.69199     33.59542     33.60303      0.13957
   32  gamma              1        22   27           0           0     -0.11684      0.13534      0.37699      0.41724      0.00000
   33  gamma              1        22   27           0           0     -0.00139     -0.00462     -0.01032      0.01140      0.00000
 ==================================================================================================================================
                   sum charge:  0.00   sum momentum and inv. mass:     -0.00000      0.00000    120.00000    140.00339     72.11760



                            Event listing (standard)

    I  particle/jet  K(I,1)   K(I,2) K(I,3)     K(I,4)      K(I,5)       P(I,1)       P(I,2)       P(I,3)       P(I,4)       P(I,5)

    1  !e-!              21        11    0           3           4      0.00000      0.00000    -10.00000     10.00000      0.00051
    2  !p+!              21      2212    0           5           0     -0.00000      0.00000    130.00000    130.00339      0.93827
 ==================================================================================================================================
    3  !e-!              21        11    1           0           0      0.66122      0.79425     -9.87873      9.93264      0.00051
    4  !gamma!           21        22    1           0           0     -0.66122     -0.79425     -0.12127      0.06736     -1.03837
    5  !p+!              21      2212    2           0           0     -0.00000      0.00000    130.00000    130.00339      0.93827
    6  !gamma!           21        22    4           0           0     -0.67308     -0.80849     -0.02185      0.17015     -1.03837
    7  !u!               21         2    5           0           0      0.00026      0.00031      2.80557      2.80557      0.00000
    8  !gamma!           21        22    6           0           0     -0.67308     -0.80849     -0.02185      0.17015     -1.03837
    9  !u!               21         2    7           0           0      0.00026      0.00031      2.80557      2.80557      0.00000
   10  !u!               21         2    9           0           0     -0.67282     -0.80819      2.78371      2.97572      0.00000
 ==================================================================================================================================
   11  e-                 1        11    3           0           0      0.66122      0.79425     -9.87873      9.93264      0.00051
   12  (u)           A   12         2   10          14          14     -0.46157     -0.66628      1.62928      1.81977      0.00000
   13  (ud_0)        V   11      2101    5          14          14     -0.19965     -0.12797    128.24945    128.25098      0.57933
 ==================================================================================================================================
   14  (string)          11        92   12          15          18     -0.66122     -0.79425    129.87873    130.07074      6.98888
   15  (rho0)            11       113   14          19          20      0.03004     -0.36479      4.24118      4.32921      0.78768
   16  p+                 1      2212   14           0           0     -0.24080     -0.24014      7.60461      7.66982      0.93827
   17  nbar0              1     -2112   14           0           0     -0.64331      0.44709     23.54060     23.57236      0.93957
   18  n0                 1      2112   14           0           0      0.19286     -0.63642     94.49234     94.49935      0.93957
   19  pi+                1       211   15           0           0      0.09713     -0.53096      3.70770      3.74938      0.13957
   20  pi-                1      -211   15           0           0     -0.06709      0.16617      0.53349      0.57983      0.13957
 ==================================================================================================================================
                   sum charge:  0.00   sum momentum and inv. mass:     -0.00000     -0.00000    120.00000    140.00339     72.11760



                            Event listing (standard)

    I  particle/jet  K(I,1)   K(I,2) K(I,3)     K(I,4)      K(I,5)       P(I,1)       P(I,2)       P(I,3)       P(I,4)       P(I,5)

    1  !e-!              21        11    0           3           4      0.00000      0.00000    -10.00000     10.00000      0.00051
    2  !p+!              21      2212    0           5           0     -0.00000      0.00000    130.00000    130.00339      0.93827
 ==================================================================================================================================
    3  !e-!              21        11    1           0           0      0.62769      0.62080     -7.18821      7.24222      0.00051
    4  !gamma!           21        22    1           0           0     -0.62769     -0.62080     -2.81179      2.75778     -1.03933
    5  !p+!              21      2212    2           0           0     -0.00000      0.00000    130.00000    130.00339      0.93827
    6  !gamma!           21        22    4           0           0     -0.62807     -0.62118     -2.81338      2.75957     -1.03933
    7  !u!               21         2    5           0           0      0.00000      0.00000      0.09691      0.09691      0.00000
    8  !gamma!           21        22    6           0           0     -0.62807     -0.62118     -2.81338      2.75957     -1.03933
    9  !u!               21         2    7           0           0      0.00000      0.00000      0.09691      0.09691      0.00000
   10  !u!               21         2    9           0           0     -0.62807     -0.62118     -2.71646      2.85649      0.00000
 ==================================================================================================================================
   11  e-                 1        11    3           0           0      0.62769      0.62080     -7.18821      7.24222      0.00051
   12  (u)           A   12         2   10          14          14     -0.77230     -0.86636     -2.66426      2.90608      0.00000
   13  (ud_1)        V   11      2103    5          14          14      0.14461      0.24555    129.85248    129.85508      0.77133
 ==================================================================================================================================
   14  (string)          11        92   12          15          22     -0.62769     -0.62080    127.18821    132.76116     38.05135
   15  (eta)             11       221   14          23          25      0.09614     -0.67042     -1.62652      1.84498      0.54745
   16  (omega)           11       223   14          26          28     -1.05150      0.60226     -0.24705      1.46285      0.78136
   17  (omega)           11       223   14          29          31      0.12301     -0.49236      5.82373      5.89730      0.77772
   18  pi+                1       211   14           0           0      0.25396     -0.32420      0.35237      0.55968      0.13957
   19  (eta)             11       221   14          32          33      0.00306      0.42814      3.27840      3.35126      0.54745
   20  pi-                1      -211   14           0           0     -0.56311     -0.22311     15.76638     15.77863      0.13957
   21  (rho+)            11       213   14          34          35      0.38292      0.33705     45.27976     45.29050      0.84402
   22  (Delta0)          11      2114   14          36          37      0.12784     -0.27816     58.56114     58.57596      1.28179
   23  (pi0)             11       111   15          38          39      0.08559     -0.47047     -1.06795      1.17788      0.13498
   24  (pi0)             11       111   15          40          41      0.05310     -0.07580     -0.34851      0.38502      0.13498
   25  (pi0)             11       111   15          42          43     -0.04255     -0.12415     -0.21006      0.28208      0.13498
   26  pi-                1      -211   16           0           0     -0.20729      0.18449      0.14769      0.34395      0.13957
   27  pi+                1       211   16           0           0     -0.09975      0.11856     -0.18480      0.27864      0.13957
   28  (pi0)             11       111   16          44          45     -0.74446      0.29921     -0.20994      0.84026      0.13498
   29  pi+                1       211   17           0           0     -0.09208     -0.31882      2.73280      2.75641      0.13957
   30  pi-                1      -211   17           0           0      0.21045     -0.08517      2.75862      2.77147      0.13957
   31  (pi0)             11       111   17          46          47      0.00464     -0.08837      0.33230      0.36942      0.13498
   32  gamma              1        22   19           0           0     -0.06695      0.54415      2.35550      2.41847      0.00000
   33  gamma              1        22   19           0           0      0.07001     -0.11601      0.92289      0.93279      0.00000
   34  pi+                1       211   21           0           0      0.08510      0.44360     12.50380     12.51273      0.13957
   35  (pi0)             11       111   21          48          49      0.29781     -0.10656     32.77597     32.77777      0.13498
   36  n0                 1      2112   22           0           0      0.30512     -0.39229     45.35045     45.36291      0.93957
   37  (pi0)             11       111   22          50          51     -0.17728      0.11414     13.21068     13.21305      0.13498
   38  gamma              1        22   23           0           0      0.07460     -0.46807     -0.97336      1.08263      0.00000
   39  gamma              1        22   23           0           0      0.01099     -0.00241     -0.09459      0.09525      0.00000
   40  gamma              1        22   24           0           0      0.00139     -0.08665     -0.10644      0.13726      0.00000
   41  gamma              1        22   24           0           0      0.05172      0.01085     -0.24206      0.24776      0.00000
   42  gamma              1        22   25           0           0      0.01746     -0.09307     -0.04731      0.10585      0.00000
   43  gamma              1        22   25           0           0     -0.06001     -0.03109     -0.16276      0.17623      0.00000
   44  gamma              1        22   28           0           0     -0.04265      0.04471      0.00864      0.06239      0.00000
   45  gamma              1        22   28           0           0     -0.70181      0.25450     -0.21858      0.77787      0.00000
   46  gamma              1        22   31           0           0     -0.01827     -0.02504      0.28605      0.28772      0.00000
   47  gamma              1        22   31           0           0      0.02291     -0.06333      0.04625      0.08170      0.00000
   48  gamma              1        22   35           0           0      0.00778      0.00643      0.15958      0.15990      0.00000
   49  gamma              1        22   35           0           0      0.29004     -0.11299     32.61638     32.61787      0.00000
   50  gamma              1        22   37           0           0     -0.11457      0.04530      3.98996      3.99186      0.00000
   51  gamma              1        22   37           0           0     -0.06270      0.06884      9.22072      9.22119      0.00000
 ==================================================================================================================================
                   sum charge:  0.00   sum momentum and inv. mass:      0.00000      0.00000    120.00000    140.00339     72.11760



                            Event listing (standard)

    I  particle/jet  K(I,1)   K(I,2) K(I,3)     K(I,4)      K(I,5)       P(I,1)       P(I,2)       P(I,3)       P(I,4)       P(I,5)

    1  !e-!              21        11    0           3           4      0.00000      0.00000    -10.00000     10.00000      0.00051
    2  !p+!              21      2212    0           5           0     -0.00000      0.00000    130.00000    130.00339      0.93827
 ==================================================================================================================================
    3  !e-!              21        11    1           0           0     -1.07246     -0.04553     -9.71364      9.77277      0.00051
    4  !gamma!           21        22    1           0           0      1.07246      0.04553     -0.28636      0.22723     -1.08748
    5  !p+!              21      2212    2           0           0     -0.00000     -0.00000    130.00000    130.00339      0.93827
    6  !gamma!           21        22    4           0           0      1.07953      0.04583     -0.27312      0.24386     -1.08748
    7  !ubar!            21        -2    5           0           0     -0.00006     -0.00000      1.14363      1.14363      0.00000
    8  !gamma!           21        22    6           0           0      1.07953      0.04583     -0.27312      0.24386     -1.08748
    9  !ubar!            21        -2    7           0           0     -0.00006     -0.00000      1.14363      1.14363      0.00000
   10  !ubar!            21        -2    9           0           0      1.07947      0.04583      0.87051      1.38749      0.00000
 ==================================================================================================================================
   11  (Delta++)         11      2224    5          16          17      0.26048      0.27675     48.66118     48.67802      1.22245
   12  e-                 1        11    3           0           0     -1.07246     -0.04553     -9.71364      9.77277      0.00051
   13  (d)           A   12         1    5          18          18     -0.38118      0.03009     78.67766     78.67928      0.33000
   14  (g)           I   12        21   10          18          18      0.91716      0.16637      2.09380      2.29191      0.00000
   15  (ubar)        V   11        -2   10          18          18      0.27600     -0.42767      0.28099      0.58141      0.00000
 ==================================================================================================================================
   16  p+                 1      2212   11           0           0      0.38461      0.28913     44.67653     44.68897      0.93827
   17  pi+                1       211   11           0           0     -0.12412     -0.01239      3.98465      3.98905      0.13957
   18  (string)          11        92   13          19          22      0.81198     -0.23121     81.05246     81.55260      8.97852
   19  (rho-)            11      -213   18          23          24      0.17367      0.29885     68.86560     68.87067      0.76079
   20  (rho+)            11       213   18          25          26     -0.47790     -0.45264      5.61530      5.70298      0.74770
   21  (K0)              11       311   18          27          27      0.46487      0.06553      5.03029      5.07660      0.49767
   22  (K*-)             11      -323   18          28          29      0.65133     -0.14296      1.54127      1.90236      0.89375
   23  pi-                1      -211   19           0           0      0.08272      0.49348     32.18189     32.18608      0.13957
   24  (pi0)             11       111   19          30          31      0.09095     -0.19463     36.68371     36.68459      0.13498
   25  pi+                1       211   20           0           0     -0.64652     -0.36296      4.56746      4.62936      0.13957
   26  (pi0)             11       111   20          32          33      0.16862     -0.08967      1.04784      1.07362      0.13498
   27  (K_S0)            11       310   21          34          35      0.46487      0.06553      5.03029      5.07660      0.49767
   28  K-                 1      -321   22           0           0      0.08190     -0.17034      0.69732      0.87499      0.49360
   29  (pi0)             11       111   22          36          37      0.56943      0.02739      0.84395      1.02736      0.13498
   30  gamma              1        22   24           0           0      0.11128     -0.19910     30.99127     30.99211      0.00000
   31  gamma              1        22   24           0           0     -0.02034      0.00446      5.69244      5.69248      0.00000
   32  gamma              1        22   26           0           0     -0.00406     -0.01341      0.36217      0.36244      0.00000
   33  gamma              1        22   26           0           0      0.17268     -0.07626      0.68567      0.71118      0.00000
   34  pi-                1      -211   27           0           0     -0.00412     -0.06200      1.85728      1.86355      0.13957
   35  pi+                1       211   27           0           0      0.46899      0.12752      3.17301      3.21305      0.13957
   36  gamma              1        22   29           0           0      0.38974     -0.03384      0.50415      0.63813      0.00000
   37  gamma              1        22   29           0           0      0.17969      0.06123      0.33980      0.38924      0.00000
 ==================================================================================================================================
                   sum charge:  0.00   sum momentum and inv. mass:      0.00000     -0.00000    120.00000    140.00339     72.11760



                            Event listing (standard)

    I  particle/jet  K(I,1)   K(I,2) K(I,3)     K(I,4)      K(I,5)       P(I,1)       P(I,2)       P(I,3)       P(I,4)       P(I,5)

    1  !e-!              21        11    0           3           4      0.00000      0.00000    -10.00000     10.00000      0.00051
    2  !p+!              21      2212    0           5           0     -0.00000      0.00000    130.00000    130.00339      0.93827
 ==================================================================================================================================
    3  !e-!              21        11    1           0           0     -0.84635      0.67644     -8.65666      8.72420      0.00051
    4  !gamma!           21        22    1           0           0      0.84635     -0.67644     -1.34334      1.27580     -1.16223
    5  !p+!              21      2212    2           0           0     -0.00000     -0.00000    130.00000    130.00339      0.93827
    6  !gamma!           21        22    4           0           0      0.84744     -0.67732     -1.34441      1.27812     -1.16223
    7  !u!               21         2    5           0           0     -0.00000      0.00000      0.25753      0.25753      0.00000
    8  !gamma!           21        22    6           0           0      0.84744     -0.67732     -1.34441      1.27812     -1.16223
    9  !u!               21         2    7           0           0     -0.00000      0.00000      0.25753      0.25753      0.00000
   10  !u!               21         2    9           0           0      0.84744     -0.67731     -1.08688      1.53565      0.00000
 ==================================================================================================================================
   11  e-                 1        11    3           0           0     -0.84635      0.67644     -8.65666      8.72420      0.00051
   12  (ud_0)        A   12      2101    5          15          15      0.37757      0.17881    128.99486    128.99684      0.57933
   13  (g)           I   12        21   10          15          15      0.75871      0.13116      0.53160      0.93565      0.00000
   14  (u)           V   11         2   10          15          15     -0.28993     -0.98641     -0.86980      1.34670      0.00000
 ==================================================================================================================================
   15  (string)          11        92   12          16          22      0.84635     -0.67644    128.65666    131.27919     26.08669
   16  (Lambda0)         11      3122   15          23          24      0.05043     -0.44800     97.37799     97.38542      1.11568
   17  (K0)              11       311   15          25          25      0.23540      0.40925     11.18636     11.20738      0.49767
   18  (pi0)             11       111   15          26          27      0.02820     -0.04946      0.44662      0.47003      0.13498
   19  (K*bar0)          11      -313   15          28          29     -0.13894     -0.31469      8.92224      8.97764      0.93451
   20  (K*0)             11       313   15          30          31      0.55770      2.09523      9.27383      9.56814      0.91889
   21  (omega)           11       223   15          32          33     -0.04968     -2.79053      1.21226      3.14111      0.77939
   22  pi+                1       211   15           0           0      0.16324      0.42175      0.23738      0.52948      0.13957
   23  p+                 1      2212   16           0           0      0.05177     -0.32314     73.78075     73.78744      0.93827
   24  pi-                1      -211   16           0           0     -0.00134     -0.12486     23.59723     23.59798      0.13957
   25  K_L0               1       130   17           0           0      0.23540      0.40925     11.18636     11.20738      0.49767
   26  gamma              1        22   18           0           0     -0.03658      0.00984      0.27141      0.27404      0.00000
   27  gamma              1        22   18           0           0      0.06478     -0.05930      0.17520      0.19598      0.00000
   28  K-                 1      -321   19           0           0     -0.08668      0.08245      6.38668      6.40684      0.49360
   29  pi+                1       211   19           0           0     -0.05226     -0.39714      2.53556      2.57080      0.13957
   30  K+                 1       321   20           0           0      0.40228      0.72444      4.07210      4.18477      0.49360
   31  pi-                1      -211   20           0           0      0.15542      1.37079      5.20173      5.38337      0.13957
   32  gamma              1        22   21           0           0      0.08365     -1.25404      0.93936      1.56908      0.00000
   33  (pi0)             11       111   21          34          35     -0.13332     -1.53649      0.27290      1.57203      0.13498
   34  gamma              1        22   33           0           0     -0.02048     -0.87920      0.19285      0.90034      0.00000
   35  gamma              1        22   33           0           0     -0.11284     -0.65729      0.08005      0.67170      0.00000
 ==================================================================================================================================
                   sum charge:  0.00   sum momentum and inv. mass:     -0.00000     -0.00000    120.00000    140.00339     72.11760



                            Event listing (standard)

    I  particle/jet  K(I,1)   K(I,2) K(I,3)     K(I,4)      K(I,5)       P(I,1)       P(I,2)       P(I,3)       P(I,4)       P(I,5)

    1  !e-!              21        11    0           3           4      0.00000      0.00000    -10.00000     10.00000      0.00051
    2  !p+!              21      2212    0           5           0     -0.00000      0.00000    130.00000    130.00339      0.93827
 ==================================================================================================================================
    3  !e-!              21        11    1           0           0     -1.05491     -0.11312     -9.53765      9.59648      0.00051
    4  !gamma!           21        22    1           0           0      1.05491      0.11312     -0.46235      0.40352     -1.08469
    5  !p+!              21      2212    2           0           0     -0.00000     -0.00000    130.00000    130.00339      0.93827
    6  !g!               21        21    4           0           0      0.03725      0.05724     -0.09809      0.11952     -0.00000
    7  !u!               21         2    5           0           0     -0.27261     -0.19160     93.72102     93.72161     -0.00000
    8  !g!               21        21    6           0           0      0.03725      0.05724     -0.09809      0.11952      0.00000
    9  !u!               21         2    7           0           0     -0.27261     -0.19160     93.72102     93.72161      0.00000
   10  !g!               21        21    0           0           0      0.63395     -0.77023      2.24958      2.46085      0.00000
   11  !u!               21         2    0           0           0     -0.86931      0.63587     91.37334     91.38029      0.33000
 ==================================================================================================================================
   12  e-                 1        11    3           0           0     -1.05491     -0.11312     -9.53765      9.59648      0.00051
   13  (u)           A   12         2   11          18          18     -0.86931      0.63587     91.37334     91.38029      0.33000
   14  (g)           I   12        21   10          18          18      0.63395     -0.77023      2.24958      2.46085      0.00000
   15  (cbar)        V   11        -4    4          18          18      0.05176     -0.03683      4.40878      4.65740      1.50000
   16  (c)           A   12         4    4          24          24      0.95910      0.09198      3.83333      4.22761      1.50000
   17  (ud_0)        V   11      2101    5          24          24      0.27940      0.19232     27.67262     27.68076      0.57933
 ==================================================================================================================================
   18  (string)          11        92   13          19          23     -0.18359     -0.17119     98.03171     98.49853      9.57511
   19  pi+                1       211   18           0           0     -0.26443      0.90390     61.53126     61.53862      0.13957
   20  (rho-)            11      -213   18          27          28     -0.25071     -0.50602     22.71285     22.73134      0.72190
   21  pi+                1       211   18           0           0     -0.19832     -0.09356      1.12543      1.15506      0.13957
   22  (K*0)             11       313   18          29          30      0.21603      0.02242      6.67272      6.74146      0.93540
   23  (D_s-)            11      -431   18          31          32      0.31384     -0.49793      5.98944      6.33205      1.96850
   24  (string)          11        92   16          25          26      1.23850      0.28431     31.50594     31.90837      4.88929
   25  (D*+)             11       413   24          33          34      0.65062      0.16476      5.74568      6.12400      2.01000
   26  n0                 1      2112   24           0           0      0.58788      0.11955     25.76026     25.78437      0.93957
   27  pi-                1      -211   20           0           0     -0.31467     -0.53955     21.40348     21.41304      0.13957
   28  (pi0)             11       111   20          35          36      0.06397      0.03353      1.30938      1.31830      0.13498
   29  K+                 1       321   22           0           0      0.21016      0.18626      6.14967      6.17583      0.49360
   30  pi-                1      -211   22           0           0      0.00587     -0.16383      0.52305      0.56563      0.13957
   31  K-                 1      -321   23           0           0     -0.32816     -0.02315      0.54059      0.80256      0.49360
   32  (K0)              11       311   23          37          37      0.64200     -0.47477      5.44885      5.52949      0.49767
   33  (D0)              11       421   25          38          39      0.63150      0.15922      5.43897      5.78644      1.86450
   34  pi+                1       211   25           0           0      0.01912      0.00554      0.30671      0.33756      0.13957
   35  gamma              1        22   28           0           0      0.04883     -0.01920      1.11746      1.11869      0.00000
   36  gamma              1        22   28           0           0      0.01514      0.05273      0.19192      0.19960      0.00000
   37  K_L0               1       130   32           0           0      0.64200     -0.47477      5.44885      5.52949      0.49767
   38  K-                 1      -321   33           0           0     -0.24845     -0.01562      0.44240      0.70805      0.49360
   39  pi+                1       211   33           0           0      0.87995      0.17483      4.99657      5.07840      0.13957
 ==================================================================================================================================
                   sum charge:  0.00   sum momentum and inv. mass:      0.00000      0.00000    120.00000    140.00339     72.11760



                            Event listing (standard)

    I  particle/jet  K(I,1)   K(I,2) K(I,3)     K(I,4)      K(I,5)       P(I,1)       P(I,2)       P(I,3)       P(I,4)       P(I,5)

    1  !e-!              21        11    0           3           4      0.00000      0.00000    -10.00000     10.00000      0.00051
    2  !p+!              21      2212    0           5           0     -0.00000      0.00000    130.00000    130.00339      0.93827
 ==================================================================================================================================
    3  !e-!              21        11    1           0           0      1.45136     -0.72569     -8.86395      9.01125      0.00051
    4  !gamma!           21        22    1           0           0     -1.45136      0.72569     -1.13605      0.98875     -1.71641
    5  !p+!              21      2212    2           0           0     -0.00000      0.00000    130.00000    130.00339      0.93827
    6  !gamma!           21        22    4           0           0     -1.45367      0.72685     -1.13565      0.99253     -1.71641
    7  !u!               21         2    5           0           0      0.00001     -0.00001      0.69214      0.69214      0.00000
    8  !gamma!           21        22    6           0           0     -1.45367      0.72685     -1.13565      0.99253     -1.71641
    9  !u!               21         2    7           0           0      0.00001     -0.00001      0.69214      0.69214      0.00000
   10  !u!               21         2    9           0           0     -1.45366      0.72684     -0.44351      1.68467      0.00000
 ==================================================================================================================================
   11  e-                 1        11    3           0           0      1.45136     -0.72569     -8.86395      9.01125      0.00051
   12  (ud_0)        A   12      2101    5          17          17      0.11625     -0.35590    126.31969    126.32158      0.57933
   13  (g)           I   12        21   10          17          17      0.19172     -0.03931      0.17693      0.26383      0.00000
   14  (u)           V   11         2   10          17          17     -1.22019      0.15606      0.58941      1.40340      0.33000
   15  (u)           A   12         2   10          27          27      0.22038     -0.16099      1.56621      1.58981      0.00000
   16  (ubar)        V   11        -2   10          27          27     -0.75950      1.12582      0.21170      1.41352      0.33000
 ==================================================================================================================================
   17  (string)          11        92   12          18          26     -0.91223     -0.23915    127.08603    127.98880     15.14542
   18  p+                 1      2212   17           0           0      0.07061     -0.18239     30.93479     30.94963      0.93827
   19  (rho-)            11      -213   17          30          31      0.40619      0.32008     20.03009     20.05213      0.78472
   20  pi+                1       211   17           0           0     -0.26814     -0.49446     12.64133     12.65461      0.13957
   21  (K*-)             11      -323   17          32          33      0.04114     -0.22180     29.63171     29.64512      0.86248
   22  (K*0)             11       313   17          34          35     -0.18928      0.05482     11.84101     11.87621      0.89224
   23  (K*bar0)          11      -313   17          36          37     -0.29986      0.33348     18.15237     18.17842      0.86345
   24  (K*+)             11       323   17          38          39     -0.07198     -0.13649      1.26197      1.54189      0.87238
   25  pi-                1      -211   17           0           0     -0.66454      0.01390      2.76587      2.84804      0.13957
   26  pi+                1       211   17           0           0      0.06364      0.07371     -0.17310      0.24275      0.13957
   27  (string)          11        92   15          28          29     -0.53913      0.96484      1.77792      3.00334      2.15348
   28  (omega)           11       223   27          40          42      0.56690      0.28785      0.85703      1.27096      0.69037
   29  (rho0)            11       113   27          43          44     -1.10602      0.67699      0.92088      1.73237      0.68665
   30  pi-                1      -211   19           0           0     -0.17575      0.03501      8.51318      8.51621      0.13957
   31  (pi0)             11       111   19          45          46      0.58194      0.28506     11.51691     11.53592      0.13498
   32  (Kbar0)           11      -311   21          47          47     -0.00930     -0.33303     14.61913     14.63140      0.49767
   33  pi-                1      -211   21           0           0      0.05044      0.11124     15.01258     15.01372      0.13957
   34  (K0)              11       311   22          48          48     -0.24310     -0.01908     11.23494     11.24860      0.49767
   35  (pi0)             11       111   22          49          50      0.05382      0.07390      0.60607      0.62761      0.13498
   36  K-                 1      -321   23           0           0     -0.25157      0.38687      9.24063      9.26530      0.49360
   37  pi+                1       211   23           0           0     -0.04829     -0.05339      8.91174      8.91312      0.13957
   38  (K0)              11       311   24          51          51      0.13088     -0.29223      0.78677      0.98449      0.49767
   39  pi+                1       211   24           0           0     -0.20286      0.15574      0.47519      0.55740      0.13957
   40  pi-                1      -211   28           0           0      0.04404     -0.02795      0.36506      0.39430      0.13957
   41  pi+                1       211   28           0           0      0.28837      0.15660      0.42659      0.55600      0.13957
   42  (pi0)             11       111   28          52          53      0.23449      0.15920      0.06538      0.32066      0.13498
   43  pi+                1       211   29           0           0     -0.88130      0.43480      0.94817      1.37268      0.13957
   44  pi-                1      -211   29           0           0     -0.22472      0.24219     -0.02729      0.35969      0.13957
   45  gamma              1        22   31           0           0      0.05901      0.00563      0.60132      0.60424      0.00000
   46  gamma              1        22   31           0           0      0.52293      0.27944     10.91559     10.93168      0.00000
   47  K_L0               1       130   32           0           0     -0.00930     -0.33303     14.61913     14.63140      0.49767
   48  (K_S0)            11       310   34          54          55     -0.24310     -0.01908     11.23494     11.24860      0.49767
   49  gamma              1        22   35           0           0      0.05460     -0.00534      0.44220      0.44559      0.00000
   50  gamma              1        22   35           0           0     -0.00078      0.07924      0.16387      0.18202      0.00000
   51  K_L0               1       130   38           0           0      0.13088     -0.29223      0.78677      0.98449      0.49767
   52  gamma              1        22   42           0           0      0.10367      0.06819      0.09785      0.15802      0.00000
   53  gamma              1        22   42           0           0      0.13082      0.09101     -0.03247      0.16264      0.00000
   54  (pi0)             11       111   48          56          57     -0.03516      0.18598      4.72624      4.73196      0.13498
   55  (pi0)             11       111   48          58          59     -0.20795     -0.20506      6.50870      6.51664      0.13498
   56  gamma              1        22   54           0           0      0.00175      0.19301      3.70680      3.71183      0.00000
   57  gamma              1        22   54           0           0     -0.03691     -0.00703      1.01944      1.02013      0.00000
   58  gamma              1        22   55           0           0      0.00327      0.01516      0.45078      0.45105      0.00000
   59  gamma              1        22   55           0           0     -0.21121     -0.22022      6.05792      6.06560      0.00000
 ==================================================================================================================================
                   sum charge:  0.00   sum momentum and inv. mass:     -0.00000      0.00000    120.00000    140.00339     72.11760



                            Event listing (standard)

    I  particle/jet  K(I,1)   K(I,2) K(I,3)     K(I,4)      K(I,5)       P(I,1)       P(I,2)       P(I,3)       P(I,4)       P(I,5)

    1  !e-!              21        11    0           3           4      0.00000      0.00000    -10.00000     10.00000      0.00051
    2  !p+!              21      2212    0           5           0     -0.00000      0.00000    130.00000    130.00339      0.93827
 ==================================================================================================================================
    3  !e-!              21        11    1           0           0     -1.98424      0.87750     -6.95726      7.28771      0.00051
    4  !gamma!           21        22    1           0           0      1.98424     -0.87750     -3.04274      2.71229     -2.57079
    5  !p+!              21      2212    2           0           0     -0.00000      0.00000    130.00000    130.00339      0.93827
    6  !g!               21        21    4           0           0      0.00000      0.00000      0.00000      0.00000      0.00000
    7  !g!               21        21    5           0           0      0.00000      0.00000      0.00000      0.00000      0.00000
    8  !g!               21        21    6           0           0      0.00000      0.00000      0.00000      0.00000      0.00000
    9  !g!               21        21    7           0           0      0.00000      0.00000      0.00000      0.00000      0.00000
   10  !g!               21        21    0           0           0      0.00000      0.00000      0.00000      0.00000      0.00000
   11  !g!               21        21    0           0           0      0.00000      0.00000      0.00000      0.00000      0.00000
 ==================================================================================================================================
   12  e-                 1        11    3           0           0     -1.98424      0.87750     -6.95726      7.28771      0.00051
   13  (ubar)        A   12        -2    4          17          17      1.60996     -0.51052     -2.21245      2.80293      0.33000
   14  (d)           V   11         1    5          17          17     -0.18020      0.17462      1.75205      1.80042      0.33000
   15  (u)           A   12         2    4          22          22      0.35786     -0.35971     -0.08133      0.61071      0.33000
   16  (uu_1)        V   11      2203    5          22          22      0.19662     -0.18188    127.49899    127.50161      0.77133
 ==================================================================================================================================
   17  (string)          11        92   13          18          21      1.42976     -0.33591     -0.46040      4.60336      4.33842
   18  pi-                1      -211   17           0           0      0.45650     -0.22043     -0.42932      0.67880      0.13957
   19  (rho0)            11       113   17          27          28      0.81403     -0.13680     -1.21620      1.66287      0.77757
   20  (rho0)            11       113   17          29          30     -0.07085     -0.02968      1.57266      1.78846      0.84819
   21  (pi0)             11       111   17          31          32      0.23009      0.05100     -0.38754      0.47323      0.13498
   22  (string)          11        92   15          23          26      0.55448     -0.54159    127.41766    128.11232     13.30057
   23  p+                 1      2212   22           0           0      0.28446     -0.52426      1.14348      1.59489      0.93827
   24  pbar-              1     -2212   22           0           0     -0.07691      0.00235      4.69664      4.79006      0.93827
   25  (rho0)            11       113   22          33          34      0.45664      0.21150      2.44161      2.58470      0.68261
   26  (Delta++)         11      2224   22          35          36     -0.10971     -0.23117    119.13593    119.14267      1.24119
   27  pi-                1      -211   19           0           0      0.48374      0.01477     -1.16627      1.27039      0.13957
   28  pi+                1       211   19           0           0      0.33028     -0.15157     -0.04993      0.39247      0.13957
   29  pi+                1       211   20           0           0      0.24627      0.21751      1.07969      1.13718      0.13957
   30  pi-                1      -211   20           0           0     -0.31712     -0.24719      0.49297      0.65128      0.13957
   31  gamma              1        22   21           0           0      0.14340      0.09724     -0.24172      0.29740      0.00000
   32  gamma              1        22   21           0           0      0.08668     -0.04624     -0.14582      0.17583      0.00000
   33  pi+                1       211   25           0           0      0.35651      0.21146      2.34935      2.38971      0.13957
   34  pi-                1      -211   25           0           0      0.10013      0.00004      0.09226      0.19498      0.13957
   35  p+                 1      2212   26           0           0      0.10309     -0.07086     98.50442     98.50897      0.93827
   36  pi+                1       211   26           0           0     -0.21280     -0.16032     20.63151     20.63370      0.13957
 ==================================================================================================================================
                   sum charge:  0.00   sum momentum and inv. mass:      0.00000     -0.00000    120.00000    140.00339     72.11760



                            Event listing (standard)

    I  particle/jet  K(I,1)   K(I,2) K(I,3)     K(I,4)      K(I,5)       P(I,1)       P(I,2)       P(I,3)       P(I,4)       P(I,5)

    1  !e-!              21        11    0           3           4      0.00000      0.00000    -10.00000     10.00000      0.00051
    2  !p+!              21      2212    0           5           0     -0.00000      0.00000    130.00000    130.00339      0.93827
 ==================================================================================================================================
    3  !e-!              21        11    1           0           0     -1.10715      0.34819     -8.58989      8.66795      0.00051
    4  !gamma!           21        22    1           0           0      1.10715     -0.34819     -1.41011      1.33205     -1.24942
    5  !p+!              21      2212    2           0           0     -0.00000      0.00000    130.00000    130.00339      0.93827
    6  !gamma!           21        22    4           0           0      1.10852     -0.34862     -1.41114      1.33440     -1.24942
    7  !dbar!            21        -1    5           0           0     -0.00000      0.00000      0.28429      0.28429      0.00000
    8  !gamma!           21        22    6           0           0      1.10852     -0.34862     -1.41114      1.33440     -1.24942
    9  !dbar!            21        -1    7           0           0     -0.00000      0.00000      0.28429      0.28429      0.00000
   10  !dbar!            21        -1    9           0           0      1.10852     -0.34862     -1.12686      1.61869      0.00000
 ==================================================================================================================================
   11  (Delta+)          11      2214    5          15          16      0.50694     -0.16176     79.76525     79.77659      1.23502
   12  e-                 1        11    3           0           0     -1.10715      0.34819     -8.58989      8.66795      0.00051
   13  (dbar)        A   12        -1   10          17          17      1.11057     -0.25652     -1.12733      1.60313      0.00000
   14  (d)           V   11         1    5          17          17     -0.51036      0.07009     49.95197     49.95572      0.33000
 ==================================================================================================================================
   15  p+                 1      2212   11           0           0      0.25783     -0.31467     60.13662     60.14531      0.93827
   16  (pi0)             11       111   11          24          25      0.24910      0.15290     19.62864     19.63128      0.13498
   17  (string)          11        92   13          18          23      0.60021     -0.18643     48.82464     51.55885     16.55519
   18  (omega)           11       223   17          26          28      0.83345     -0.18125     -0.54073      1.27604      0.77999
   19  (Deltabar0)       11     -2114   17          29          30      0.55947      0.05993      1.02138      1.72076      1.26539
   20  (Sigma*0)         11      3214   17          31          32      0.12155     -0.21486     12.91721     12.99456      1.39405
   21  (Lambdabar0)      11     -3122   17          33          34      0.01068     -0.16773      7.18549      7.27353      1.11568
   22  n0                 1      2112   17           0           0     -0.70228      0.03039     14.57138     14.61855      0.93957
   23  (pi0)             11       111   17          35          36     -0.22266      0.28709     13.66991     13.67541      0.13498
   24  gamma              1        22   16           0           0      0.07944      0.10527     11.34116     11.34192      0.00000
   25  gamma              1        22   16           0           0      0.16966      0.04763      8.28748      8.28935      0.00000
   26  pi+                1       211   18           0           0      0.20919     -0.28355     -0.29947      0.48304      0.13957
   27  pi-                1      -211   18           0           0      0.08863      0.05617      0.02786      0.17682      0.13957
   28  (pi0)             11       111   18          37          38      0.53563      0.04613     -0.26912      0.61618      0.13498
   29  pbar-              1     -2212   19           0           0      0.53615      0.16214      1.08022      1.53655      0.93827
   30  pi+                1       211   19           0           0      0.02333     -0.10222     -0.05884      0.18421      0.13957
   31  (Sigma-)          11      3112   20          39          40      0.16760     -0.12354     11.98150     12.04299      1.19744
   32  pi+                1       211   20           0           0     -0.04605     -0.09132      0.93571      0.95157      0.13957
   33  pbar-              1     -2212   21           0           0      0.05235     -0.16628      5.53903      5.62064      0.93827
   34  pi+                1       211   21           0           0     -0.04167     -0.00144      1.64646      1.65289      0.13957
   35  gamma              1        22   23           0           0     -0.10393      0.13892      4.18717      4.19076      0.00000
   36  gamma              1        22   23           0           0     -0.11874      0.14818      9.48274      9.48464      0.00000
   37  gamma              1        22   28           0           0      0.05021      0.01562     -0.07697      0.09321      0.00000
   38  gamma              1        22   28           0           0      0.48543      0.03050     -0.19215      0.52296      0.00000
   39  n0                 1      2112   31           0           0      0.04765     -0.23282     10.69320     10.73703      0.93957
   40  pi-                1      -211   31           0           0      0.11995      0.10928      1.28830      1.30596      0.13957
 ==================================================================================================================================
                   sum charge:  0.00   sum momentum and inv. mass:     -0.00000      0.00000    120.00000    140.00339     72.11760



                            Event listing (standard)

    I  particle/jet  K(I,1)   K(I,2) K(I,3)     K(I,4)      K(I,5)       P(I,1)       P(I,2)       P(I,3)       P(I,4)       P(I,5)

    1  !e-!              21        11    0           3           4      0.00000      0.00000    -10.00000     10.00000      0.00051
    2  !p+!              21      2212    0           5           0     -0.00000      0.00000    130.00000    130.00339      0.93827
 ==================================================================================================================================
    3  !e-!              21        11    1           0           0     -2.30974      0.90398     -9.78655     10.09597      0.00051
    4  !gamma!           21        22    1           0           0      2.30974     -0.90398     -0.21345     -0.09597     -2.48766
    5  !p+!              21      2212    2           0           0      0.00000     -0.00000    130.00000    130.00339      0.93827
    6  !gamma!           21        22    4           0           0      2.37518     -0.92959      1.25190      1.37275     -2.48766
    7  !u!               21         2    5           0           0     -0.01289      0.00504     25.31228     25.31229      0.00000
    8  !gamma!           21        22    6           0           0      2.37518     -0.92959      1.25190      1.37275     -2.48766
    9  !u!               21         2    7           0           0     -0.01289      0.00504     25.31228     25.31229      0.00000
   10  !u!               21         2    9           0           0      2.36229     -0.92454     26.56419     26.68504      0.00000
 ==================================================================================================================================
   11  e-                 1        11    3           0           0     -2.30974      0.90398     -9.78655     10.09597      0.00051
   12  (u)           A   12         2   10          14          14      2.33253     -1.09529     28.13616     28.25392      0.00000
   13  (ud_1)        V   11      2103    5          14          14     -0.02278      0.19131    101.65039    101.65349      0.77133
 ==================================================================================================================================
   14  (string)          11        92   12          15          17      2.30974     -0.90398    129.78655    129.90742      5.02356
   15  pi+                1       211   14           0           0      1.54867     -0.51846     22.55260     22.61208      0.13957
   16  (rho-)            11      -213   14          18          19      0.26165     -0.84208     12.20169     12.25603      0.74261
   17  p+                 1      2212   14           0           0      0.49942      0.45656     95.03226     95.03930      0.93827
   18  pi-                1      -211   16           0           0      0.19509      0.02530      3.99039      3.99767      0.13957
   19  (pi0)             11       111   16          20          21      0.06655     -0.86738      8.21131      8.25836      0.13498
   20  gamma              1        22   19           0           0      0.07406     -0.86941      8.14044      8.18707      0.00000
   21  gamma              1        22   19           0           0     -0.00751      0.00203      0.07087      0.07129      0.00000
 ==================================================================================================================================
                   sum charge:  0.00   sum momentum and inv. mass:      0.00000     -0.00000    120.00000    140.00339     72.11760

 Advisory warning: maximum violated by  1.111D+00 in event     151
 XSEC(96,1) increased to  1.287D-02

 Advisory warning: maximum violated by  1.477D+00 in event     481
 XSEC(96,1) increased to  1.900D-02

 Advisory warning: maximum violated by  1.480D+00 in event    4717
 XSEC(96,1) increased to  2.813D-02

 Advisory warning: maximum violated by  1.026D+00 in event   58495
 XSEC(96,1) increased to  2.884D-02
1********* PYSTAT:  Statistics on Number of Events and Cross-sections *********

 ==============================================================================
 I                                  I                            I            I
 I            Subprocess            I      Number of points      I    Sigma   I
 I                                  I                            I            I
 I----------------------------------I----------------------------I    (mb)    I
 I                                  I                            I            I
 I N:o Type                         I    Generated         Tried I            I
 I                                  I                            I            I
 ==============================================================================
 I                                  I                            I            I
 I   0 All included subprocesses    I       500000      11802856 I  6.390D-04 I
 I  11 f + f' -> f + f' (QCD)       I        11976             0 I  9.852D-06 I
 I  12 f + fbar -> f' + fbar'       I          247             0 I  1.876D-07 I
 I  13 f + fbar -> g + g            I          316             0 I  2.500D-07 I
 I  28 f + g -> f + g               I        28297             0 I  2.306D-05 I
 I  53 g + g -> f + fbar            I          320             0 I  2.135D-07 I
 I  68 g + g -> g + g               I        12494             0 I  8.399D-06 I
 I  91 Elastic scattering           I        28001        441701 I  3.293D-05 I
 I  92 Single diffractive (XB)      I        13779        341126 I  1.618D-05 I
 I  93 Single diffractive (AX)      I        11037        277974 I  1.309D-05 I
 I  94 Double  diffractive          I         6952        271317 I  7.828D-06 I
 I  95 Low-pT scattering            I        44132        127011 I  1.066D-04 I
 I  99 q + gamma* -> q              I       317177       1611629 I  3.896D-04 I
 I 131 f + gamma*_T -> f + g        I         8396        155962 I  1.023D-05 I
 I 132 f + gamma*_L -> f + g        I          468          7548 I  5.587D-07 I
 I 135 g + gamma*_T -> f + fbar     I        13348        441431 I  1.636D-05 I
 I 136 g + gamma*_L -> f + fbar     I         3060         71919 I  3.642D-06 I
 I                                  I                            I            I
 ==============================================================================
 I                                  I                            I            I
 I   1 VMD * hadron                 I        83862       6041868 I  1.236D-04 I
 I   2 direct * hadron              I        25272        676860 I  3.080D-05 I
 I   3 anomalous * hadron           I        73689       3472499 I  9.503D-05 I
 I   4 DIS * hadron                 I       317177       1611629 I  3.896D-04 I
 I                                  I                            I            I
 ==============================================================================

 ********* Total number of errors, excluding junctions =        0 *************
 ********* Total number of errors, including junctions =        0 *************
 ********* Total number of warnings =                           0 *************
 ********* Fraction of events that fail fragmentation cuts =  0.04452 *********

1************ PYSTAT: User-Defined Limits on Kinematical Variables ************

 ==============================================================================
 I                                                                            I
 I                 0.000D+00 <  m_hard (GeV/c^2)  <  5.731D+00                I
 I    0.000D+00 ( 1.000D+00) <  p_T_hard (GeV/c)  <  2.865D+00                I
 I                             m_finite (GeV/c^2) =  1.000D+00                I
 I                -1.000D+01 <    y*_subsystem    <  1.000D+01                I
 I                -4.000D+01 <      y*_large      <  4.000D+01                I
 I                -4.000D+01 <      y*_small      <  4.000D+01                I
 I                -4.000D+01 <     eta*_large     <  4.000D+01                I
 I                -4.000D+01 <     eta*_small     <  4.000D+01                I
 I                -1.000D+00 < cos(theta*)_large  <  1.000D+00                I
 I                -1.000D+00 < cos(theta*)_small  <  1.000D+00                I
 I                 0.000D+00 <        x_1         <  1.000D+00                I
 I                 0.000D+00 <        x_2         <  1.000D+00                I
 I                -1.000D+00 <        x_F         <  1.000D+00                I
 I                -1.000D+00 <  cos(theta_hard)   <  1.000D+00                I
 I                 2.000D+00 < m'_hard (GeV/c^2)  <  5.731D+00                I
 I                                                                            I
 ==============================================================================
 The charm mass used is:    1.5000000000000000     
 ===================================================
 Pythia total cross section normalisation:  0.63904216570233185       microbarn
 Total Number of generated events      500000
 Total Number of trials      500000
 ===================================================

 ===== PDFSTA statistics for PDF under/over-flows ====

 ====== STRUCTM statistics for nucleon/pion PDFs =====

   total # of calls    10139997.000000000     
   X  below PDF min    0.0000000000000000       or    0.0000000000000000       %
   X  above PDF max    0.0000000000000000       or    0.0000000000000000       %
   Q2 below PDF min    0.0000000000000000       or    0.0000000000000000       %
   Q2 above PDF max    0.0000000000000000       or    0.0000000000000000       %

 ========= STRUCTP statistics for photon PDFs ========

   total # of calls    0.0000000000000000     

