1                                                                              
 ******************************************************************************
 ******************************************************************************
 **                                                                          **
 **                                                                          **
 **              *......*                  Welcome to the Lund Monte Carlo!  **
 **         *:::!!:::::::::::*                                               **
 **      *::::::!!::::::::::::::*          PPP  Y   Y TTTTT H   H III   A    **
 **    *::::::::!!::::::::::::::::*        P  P  Y Y    T   H   H  I   A A   **
 **   *:::::::::!!:::::::::::::::::*       PPP    Y     T   HHHHH  I  AAAAA  **
 **   *:::::::::!!:::::::::::::::::*       P      Y     T   H   H  I  A   A  **
 **    *::::::::!!::::::::::::::::*!       P      Y     T   H   H III A   A  **
 **      *::::::!!::::::::::::::* !!                                         **
 **      !! *:::!!:::::::::::*    !!       This is PYTHIA version 6.428      **
 **      !!     !* -><- *         !!       Last date of change:  5 Sep 2013  **
 **      !!     !!                !!                                         **
 **      !!     !!                !!       Now is  0 Jan 2000 at  0:00:00    **
 **      !!                       !!                                         **
 **      !!        lh             !!       Disclaimer: this program comes    **
 **      !!                       !!       without any guarantees. Beware    **
 **      !!                 hh    !!       of errors and use common sense    **
 **      !!    ll                 !!       when interpreting results.        **
 **      !!                       !!                                         **
 **      !!                                Copyright T. Sjostrand (2011)     **
 **                                                                          **
 ** An archive of program versions and documentation is found on the web:    **
 ** http://www.thep.lu.se/~torbjorn/Pythia.html                              **
 **                                                                          **
 ** When you cite this program, the official reference is to the 6.4 manual: **
 ** T. Sjostrand, S. Mrenna and P. Skands, JHEP05 (2006) 026                 **
 ** (LU TP 06-13, FERMILAB-PUB-06-052-CD-T) [hep-ph/0603175].                **
 **                                                                          **
 ** Also remember that the program, to a large extent, represents original   **
 ** physics research. Other publications of special relevance to your        **
 ** studies may therefore deserve separate mention.                          **
 **                                                                          **
 ** Main author: Torbjorn Sjostrand; Department of Theoretical Physics,      **
 **   Lund University, Solvegatan 14A, S-223 62 Lund, Sweden;                **
 **   phone: + 46 - 46 - 222 48 16; e-mail: torbjorn@thep.lu.se              **
 ** Author: Stephen Mrenna; Computing Division, GDS Group,                   **
 **   Fermi National Accelerator Laboratory, MS 234, Batavia, IL 60510, USA; **
 **   phone: + 1 - 630 - 840 - 2556; e-mail: mrenna@fnal.gov                 **
 ** Author: Peter Skands; CERN/PH-TH, CH-1211 Geneva, Switzerland            **
 **   phone: + 41 - 22 - 767 24 47; e-mail: peter.skands@cern.ch             **
 **                                                                          **
 **                                                                          **
 ******************************************************************************
 ******************************************************************************
     MSEL           changed from              1 to              2
     MSTP(14)       changed from             30 to             30
     MSTP(15)       changed from              0 to              0
     MSTP(16)       changed from              1 to              1
     MSTP(17)       changed from              4 to              4
     MSTP(18)       changed from              3 to              3
     MSTP(19)       changed from              4 to              1
     MSTP(20)       changed from              3 to              0
     MSTP(32)       changed from              8 to              8
     MSTP(38)       changed from              5 to              4
     MSTP(51)       changed from              7 to          10050
     MSTP(52)       changed from              1 to              2
     MSTP(53)       changed from              3 to              3
     MSTP(54)       changed from              1 to              1
     MSTP(55)       changed from              5 to              5
     MSTP(56)       changed from              1 to              1
     MSTP(57)       changed from              1 to              1
     MSTP(58)       changed from              5 to              5
     MSTP(59)       changed from              1 to              1
     MSTP(60)       changed from              7 to              7
     MSTP(61)       changed from              2 to              2
     MSTP(71)       changed from              1 to              1
     MSTP(81)       changed from              1 to              0
     MSTP(82)       changed from              4 to              1
     MSTP(91)       changed from              1 to              1
     MSTP(92)       changed from              3 to              3
     MSTP(93)       changed from              1 to              1
     MSTP(101)      changed from              3 to              3
     MSTP(102)      changed from              1 to              1
     MSTP(111)      changed from              1 to              1
     MSTP(121)      changed from              0 to              0
     PARP(13)       changed from        1.00000 to        1.00000
     PARP(18)       changed from        0.40000 to        0.40000
     PARP(81)       changed from        1.90000 to        1.90000
     PARP(89)       changed from     1800.00000 to     1800.00000
     PARP(90)       changed from        0.25000 to        0.16000
     PARP(91)       changed from        2.00000 to        0.40000
     PARP(93)       changed from        5.00000 to        5.00000
     PARP(99)       changed from        1.00000 to        0.40000
     PARP(100)      changed from        5.00000 to        5.00000
     PARP(102)      changed from        0.28000 to        0.28000
     PARP(103)      changed from        1.00000 to        1.00000
     PARP(104)      changed from        0.80000 to        0.80000
     PARP(111)      changed from        2.00000 to        2.00000
     PARP(161)      changed from        2.20000 to        3.00000
     PARP(162)      changed from       23.60000 to       24.60000
     PARP(163)      changed from       18.40000 to       18.80000
     PARP(164)      changed from       11.50000 to       11.50000
     PARP(165)      changed from        0.50000 to        0.47679
     PARP(166)      changed from        0.00000 to        0.67597
     PARJ(1)        changed from        0.10000 to        0.10000
     PARJ(2)        changed from        0.30000 to        0.30000
     PARJ(11)       changed from        0.50000 to        0.50000
     PARJ(12)       changed from        0.60000 to        0.60000
     PARJ(21)       changed from        0.36000 to        0.40000
     PARJ(32)       changed from        1.00000 to        1.00000
     PARJ(33)       changed from        0.80000 to        0.80000
     PARJ(41)       changed from        0.30000 to        0.30000
     PARJ(42)       changed from        0.58000 to        0.58000
     PARJ(45)       changed from        0.50000 to        0.50000
     MSTJ(1)        changed from              1 to              1
     MSTJ(12)       changed from              2 to              1
     MSTJ(45)       changed from              5 to              5
     MSTU(112)      changed from              5 to              5
     MSTU(113)      changed from              3 to              5
     MSTU(114)      changed from              5 to              5
     CKIN(1)        changed from        2.00000 to        1.00000
     CKIN(2)        changed from       -1.00000 to       -1.00000
     CKIN(3)        changed from        0.00000 to        0.00000
     CKIN(4)        changed from       -1.00000 to       -1.00000
     CKIN(5)        changed from        1.00000 to        1.00000
     CKIN(6)        changed from        1.00000 to        1.00000
     CKIN(7)        changed from      -10.00000 to      -10.00000
     CKIN(8)        changed from       10.00000 to       10.00000
     CKIN(9)        changed from      -40.00000 to      -40.00000
     CKIN(10)       changed from       40.00000 to       40.00000
     CKIN(11)       changed from      -40.00000 to      -40.00000
     CKIN(12)       changed from       40.00000 to       40.00000
     CKIN(13)       changed from      -40.00000 to      -40.00000
     CKIN(14)       changed from       40.00000 to       40.00000
     CKIN(15)       changed from      -40.00000 to      -40.00000
     CKIN(16)       changed from       40.00000 to       40.00000
     CKIN(17)       changed from       -1.00000 to       -1.00000
     CKIN(18)       changed from        1.00000 to        1.00000
     CKIN(19)       changed from       -1.00000 to       -1.00000
     CKIN(20)       changed from        1.00000 to        1.00000
     CKIN(21)       changed from        0.00000 to        0.00000
     CKIN(22)       changed from        1.00000 to        1.00000
     CKIN(23)       changed from        0.00000 to        0.00000
     CKIN(24)       changed from        1.00000 to        1.00000
     CKIN(25)       changed from       -1.00000 to       -1.00000
     CKIN(26)       changed from        1.00000 to        1.00000
     CKIN(27)       changed from       -1.00000 to       -1.00000
     CKIN(28)       changed from        1.00000 to        1.00000
     CKIN(31)       changed from        2.00000 to        2.00000
     CKIN(32)       changed from       -1.00000 to       -1.00000
     CKIN(35)       changed from        0.00000 to        0.00000
     CKIN(36)       changed from       -1.00000 to       -1.00000
     CKIN(37)       changed from        0.00000 to        0.00000
     CKIN(38)       changed from       -1.00000 to       -1.00000
     CKIN(39)       changed from        4.00000 to        4.00000
     CKIN(40)       changed from       -1.00000 to       -1.00000
     CKIN(65)       changed from        0.00000 to        0.00000
     CKIN(66)       changed from       -1.00000 to       -1.00000
     CKIN(67)       changed from        0.00000 to        0.00000
     CKIN(68)       changed from       -1.00000 to       -1.00000
     CKIN(77)       changed from        2.00000 to        2.00000
     CKIN(78)       changed from       -1.00000 to       -1.00000
 *********************************************
 NOW all parameters are read by PYTHIA
 *********************************************
 SEED =   1335824020
 RANLUX LUXURY LEVEL SET BY RLUXGO : 4     P= 389
 RANLUX INITIALIZED BY RLUXGO FROM SEEDS  1335824020           0           0
   2771.0935550343875        10.000000000000000       -2771.0935550343875       -10.0000000    
 *********************************************
 proton beam momentum:   130.000000     GeV
 lepton beam momentum:   10.0000000     GeV
 resulting sqrt(s):   72.117599099066553      GeV
 *********************************************
1****************** PYINIT: initialization of PYTHIA routines *****************
 ==== PYTHIA WILL USE LHAPDF ====
 *************************************
 *       LHAPDF Version 5.9.1        *
 *   Configured for the following:   *
 *             All PDFs              *
 *         FULL MEMORY option        *
 *    Maximum  3 concurrent set(s)   *
 *************************************

 >>>>>> PDF description: <<<<<<
 CTEQ6M                                                          
 Reference:                                                      
 J. Pumplin, D.R. Stump, J. Huston, H.L. Lai, P. Nadolsky,       
 W.K. Tung                                                       
 hep-ph/0201195                                                  
 This set has 41 member PDFs.                                    
     mem=0 --> central value (cteq6m)                            
     mem=1-40 --> 20 sets of +ve/-ve error values                
 >>>>>>                   <<<<<<

 ==============================================
 PDFset name /cvmfs/sft.cern.ch/lcg/external/lhapdfsets/5.9.1/share/PDFsets/cteq6mE.LHgrid   
 with         40 members
 ====  initialized. ===========================
 Strong coupling at Mz for PDF is:  0.11798

 ==============================================================================
 I                                                                            I
 I      PYTHIA will be initialized for gamma/e- on p+ user configuration      I
 I                                                                            I
 I                  px (GeV/c)   py (GeV/c)   pz (GeV/c)      E (GeV)         I
 I        gamma/e-       0.000        0.000      -10.000       10.000         I
 I        p+             0.000        0.000      130.000      130.003         I
 I                                                                            I
 I           corresponding to     72.118 GeV center-of-mass energy            I
 I                                                                            I
 ==============================================================================

 ******** PYMAXI: summary of differential cross-section maximum search ********

           ==========================================================
           I                                      I                 I
           I  ISUB  Subprocess name               I  Maximum value  I
           I                                      I                 I
           ==========================================================
           I                                      I                 I
           I   91   Elastic scattering            I    4.1710D-04   I
           I   92   Single diffractive (XB)       I    3.1940D-04   I
           I   93   Single diffractive (AX)       I    2.6141D-04   I
           I   94   Double  diffractive           I    2.4494D-04   I
           I   95   Low-pT scattering             I    1.9207D-03   I
           I   96   Semihard QCD 2 -> 2           I    1.7479D-02   I
           I                                      I                 I
           ==========================================================

 ******** PYMAXI: summary of differential cross-section maximum search ********

           ==========================================================
           I                                      I                 I
           I  ISUB  Subprocess name               I  Maximum value  I
           I                                      I                 I
           ==========================================================
           I                                      I                 I
           I  131   f + gamma*_T -> f + g         I    1.9221D-04   I
           I  132   f + gamma*_L -> f + g         I    9.2718D-06   I
           I  135   g + gamma*_T -> f + fbar      I    5.4466D-04   I
           I  136   g + gamma*_L -> f + fbar      I    8.8198D-05   I
           I                                      I                 I
           ==========================================================

 ******** PYMAXI: summary of differential cross-section maximum search ********

           ==========================================================
           I                                      I                 I
           I  ISUB  Subprocess name               I  Maximum value  I
           I                                      I                 I
           ==========================================================
           I                                      I                 I
           I   91   Elastic scattering            I    1.0588D-04   I
           I   92   Single diffractive (XB)       I    8.2750D-05   I
           I   93   Single diffractive (AX)       I    6.5818D-05   I
           I   94   Double  diffractive           I    6.3002D-05   I
           I   95   Low-pT scattering             I    5.2345D-04   I
           I   96   Semihard QCD 2 -> 2           I    1.1588D-02   I
           I                                      I                 I
           ==========================================================

 ******** PYMAXI: summary of differential cross-section maximum search ********

           ==========================================================
           I                                      I                 I
           I  ISUB  Subprocess name               I  Maximum value  I
           I                                      I                 I
           ==========================================================
           I                                      I                 I
           I   99   q + gamma* -> q               I    1.9857D-03   I
           I                                      I                 I
           ==========================================================

 ********************** PYINIT: initialization completed **********************
 the outputfile will be named: outfiles/ep_10x130_Q2_1_10_norad.out                                                                                                                                                                                                                            



                            Event listing (standard)

    I  particle/jet  K(I,1)   K(I,2) K(I,3)     K(I,4)      K(I,5)       P(I,1)       P(I,2)       P(I,3)       P(I,4)       P(I,5)

    1  !e-!              21        11    0           3           4      0.00000      0.00000    -10.00000     10.00000      0.00051
    2  !p+!              21      2212    0           5           0     -0.00000      0.00000    130.00000    130.00339      0.93827
 ==================================================================================================================================
    3  !e-!              21        11    1           0           0      0.75327     -0.68440     -9.85700      9.90940      0.00051
    4  !gamma!           21        22    1           0           0     -0.75327      0.68440     -0.14300      0.09060     -1.02375
    5  !p+!              21      2212    2           0           0     -0.00000     -0.00000    130.00000    130.00339      0.93827
    6  !gamma!           21        22    4           0           0     -0.76418      0.69432     -0.08056      0.15643     -1.02375
    7  !u!               21         2    5           0           0      0.00019     -0.00017      2.21014      2.21014      0.00000
    8  !gamma!           21        22    6           0           0     -0.76418      0.69432     -0.08056      0.15643     -1.02375
    9  !u!               21         2    7           0           0      0.00019     -0.00017      2.21014      2.21014      0.00000
   10  !u!               21         2    9           0           0     -0.76399      0.69415      2.12958      2.36657      0.00000
 ==================================================================================================================================
   11  e-                 1        11    3           0           0      0.75327     -0.68440     -9.85700      9.90940      0.00051
   12  (ud_0)        A   12      2101    5          15          15      0.11291     -0.20034    123.00753    123.00911      0.57933
   13  (g)           I   12        21   10          15          15     -0.11856      0.61993      5.36334      5.40035      0.00000
   14  (u)           V   11         2   10          15          15     -0.74761      0.26481      1.48613      1.68452      0.00000
 ==================================================================================================================================
   15  (string)          11        92   12          16          20     -0.75327      0.68440    129.85700    130.09399      7.78263
   16  p+                 1      2212   15           0           0     -0.60885     -0.22093     88.05775     88.06513      0.93827
   17  (rho0)            11       113   15          21          22      0.51602     -0.00510     14.32544     14.34159      0.44358
   18  (rho-)            11      -213   15          23          24      0.32808      0.66114      5.56739      5.67601      0.82252
   19  (pi0)             11       111   15          25          26     -0.96452     -0.28659     18.22217     18.25043      0.13498
   20  (rho+)            11       213   15          27          28     -0.02400      0.53589      3.68424      3.76082      0.53136
   21  pi-                1      -211   17           0           0      0.51623     -0.03815     11.59819     11.61057      0.13957
   22  pi+                1       211   17           0           0     -0.00021      0.03304      2.72725      2.73102      0.13957
   23  pi-                1      -211   18           0           0      0.38169     -0.02082      1.94092      1.98312      0.13957
   24  (pi0)             11       111   18          29          30     -0.05361      0.68196      3.62647      3.69289      0.13498
   25  gamma              1        22   19           0           0     -0.58247     -0.13075      9.81232      9.83046      0.00000
   26  gamma              1        22   19           0           0     -0.38205     -0.15584      8.40985      8.41997      0.00000
   27  pi+                1       211   20           0           0      0.05828      0.55096      2.41428      2.48096      0.13957
   28  (pi0)             11       111   20          31          32     -0.08228     -0.01507      1.26997      1.27986      0.13498
   29  gamma              1        22   24           0           0      0.03530      0.17773      0.78314      0.80383      0.00000
   30  gamma              1        22   24           0           0     -0.08891      0.50423      2.84334      2.88907      0.00000
   31  gamma              1        22   28           0           0     -0.11332     -0.03176      0.80522      0.81378      0.00000
   32  gamma              1        22   28           0           0      0.03104      0.01669      0.46474      0.46608      0.00000
 ==================================================================================================================================
                   sum charge:  0.00   sum momentum and inv. mass:      0.00000     -0.00000    120.00000    140.00339     72.11760



                            Event listing (standard)

    I  particle/jet  K(I,1)   K(I,2) K(I,3)     K(I,4)      K(I,5)       P(I,1)       P(I,2)       P(I,3)       P(I,4)       P(I,5)

    1  !e-!              21        11    0           3           4      0.00000      0.00000    -10.00000     10.00000      0.00051
    2  !p+!              21      2212    0           5           0     -0.00000      0.00000    130.00000    130.00339      0.93827
 ==================================================================================================================================
    3  !e-!              21        11    1           0           0      0.04162      1.23283     -9.91976      9.99616      0.00051
    4  !gamma!           21        22    1           0           0     -0.04162     -1.23283     -0.08024      0.00384     -1.23614
    5  !p+!              21      2212    2           0           0     -0.00000      0.00000    130.00000    130.00339      0.93827
    6  !gamma!           21        22    4           0           0     -0.04328     -1.28207      0.62834      0.71580     -1.23614
    7  !u!               21         2    5           0           0      0.00011      0.00331      8.68775      8.68775      0.00000
    8  !gamma!           21        22    6           0           0     -0.04328     -1.28207      0.62834      0.71580     -1.23614
    9  !u!               21         2    7           0           0      0.00011      0.00331      8.68775      8.68775      0.00000
   10  !u!               21         2    9           0           0     -0.04317     -1.27876      9.31609      9.40355      0.00000
 ==================================================================================================================================
   11  e-                 1        11    3           0           0      0.04162      1.23283     -9.91976      9.99616      0.00051
   12  (u)           A   12         2   10          14          14     -0.63926     -1.66210     18.94531     19.02882      0.00000
   13  (ud_0)        V   11      2101    5          14          14      0.59765      0.42927    110.97445    110.97840      0.57933
 ==================================================================================================================================
   14  (string)          11        92   12          15          18     -0.04162     -1.23283    129.91976    130.00722      4.60567
   15  (pi0)             11       111   14          19          20     -0.42227     -0.78070      8.02295      8.07303      0.13498
   16  (eta)             11       221   14          21          23      0.32432      0.21468     27.54188     27.55007      0.54745
   17  (omega)           11       223   14          24          26     -0.44264     -0.85896     43.08816     43.10599      0.77647
   18  p+                 1      2212   14           0           0      0.49897      0.19215     51.26676     51.27814      0.93827
   19  gamma              1        22   15           0           0     -0.03703     -0.17366      1.76633      1.77523      0.00000
   20  gamma              1        22   15           0           0     -0.38524     -0.60704      6.25662      6.29780      0.00000
   21  (pi0)             11       111   16          27          28      0.12753     -0.03054      7.97828      7.98050      0.13498
   22  (pi0)             11       111   16          29          30      0.10116      0.06872      4.06457      4.06864      0.13498
   23  (pi0)             11       111   16          31          32      0.09563      0.17649     15.49904     15.50092      0.13498
   24  pi+                1       211   17           0           0      0.03148     -0.36500     20.40268     20.40645      0.13957
   25  pi-                1      -211   17           0           0     -0.24501     -0.19949     14.85597     14.85999      0.13957
   26  (pi0)             11       111   17          33          34     -0.22911     -0.29446      7.82951      7.83955      0.13498
   27  gamma              1        22   21           0           0      0.01123     -0.02258      4.82377      4.82383      0.00000
   28  gamma              1        22   21           0           0      0.11631     -0.00796      3.15451      3.15667      0.00000
   29  gamma              1        22   22           0           0     -0.01790     -0.01823      0.26723      0.26845      0.00000
   30  gamma              1        22   22           0           0      0.11905      0.08695      3.79734      3.80020      0.00000
   31  gamma              1        22   23           0           0      0.09190      0.06367      4.84624      4.84753      0.00000
   32  gamma              1        22   23           0           0      0.00373      0.11282     10.65280     10.65339      0.00000
   33  gamma              1        22   26           0           0     -0.12230     -0.15779      5.48819      5.49182      0.00000
   34  gamma              1        22   26           0           0     -0.10681     -0.13668      2.34131      2.34773      0.00000
 ==================================================================================================================================
                   sum charge:  0.00   sum momentum and inv. mass:      0.00000      0.00000    120.00000    140.00339     72.11760



                            Event listing (standard)

    I  particle/jet  K(I,1)   K(I,2) K(I,3)     K(I,4)      K(I,5)       P(I,1)       P(I,2)       P(I,3)       P(I,4)       P(I,5)

    1  !e-!              21        11    0           3           4      0.00000      0.00000    -10.00000     10.00000      0.00051
    2  !p+!              21      2212    0           5           0     -0.00000      0.00000    130.00000    130.00339      0.93827
 ==================================================================================================================================
    3  !e-!              21        11    1           0           0      2.40043      0.60327     -8.49086      8.84425      0.00051
    4  !gamma!           21        22    1           0           0     -2.40043     -0.60327     -1.50914      1.15575     -2.65852
    5  !p+!              21      2212    2           0           0     -0.00000      0.00000    130.00000    130.00339      0.93827
    6  !gamma!           21        22    4           0           0     -2.40348     -0.60404     -1.50769      1.16058     -2.65852
    7  !dbar!            21        -1    5           0           0      0.00003      0.00001      1.32438      1.32438      0.00000
    8  !gamma!           21        22    6           0           0     -2.40348     -0.60404     -1.50769      1.16058     -2.65852
    9  !dbar!            21        -1    7           0           0      0.00003      0.00001      1.32438      1.32438      0.00000
   10  !dbar!            21        -1    9           0           0     -2.40345     -0.60403     -0.18331      2.48496      0.00000
 ==================================================================================================================================
   11  (Delta+)          11      2214    5          17          18     -0.18685      0.40707     92.45398     92.46345      1.24477
   12  e-                 1        11    3           0           0      2.40043      0.60327     -8.49086      8.84425      0.00051
   13  (d)           A   12         1    5          19          19      0.10705     -0.16663     34.88658     34.88870      0.33000
   14  (g)           I   12        21   10          19          19     -0.18442     -1.10988      0.29751      1.16377      0.00000
   15  (g)           I   12        21   10          19          19     -0.18199     -0.35748     -0.04573      0.40374      0.00000
   16  (dbar)        V   11        -1   10          19          19     -1.95423      0.62365      0.89852      2.23948      0.00000
 ==================================================================================================================================
   17  p+                 1      2212   11           0           0     -0.04985      0.13537     77.17519     77.18103      0.93827
   18  (pi0)             11       111   11          28          29     -0.13700      0.27170     15.27880     15.28242      0.13498
   19  (string)          11        92   13          20          27     -2.21358     -1.01034     36.03688     38.69569     13.88448
   20  pi-                1      -211   19           0           0      0.30259      0.28384      9.57201      9.58202      0.13957
   21  (omega)           11       223   19          30          32     -0.64127     -0.73686     13.68149     13.73838      0.77829
   22  (rho0)            11       113   19          33          34      0.80787     -0.37939      2.95966      3.15930      0.65190
   23  (pi0)             11       111   19          35          36     -0.48194      0.40906      0.47098      0.79977      0.13498
   24  (eta)             11       221   19          37          38      0.41124     -0.12094      6.53194      6.56885      0.54745
   25  (omega)           11       223   19          39          41     -0.49128     -0.03612      2.38687      2.55823      0.77763
   26  (pi0)             11       111   19          42          43     -0.75220     -0.39536      0.27797      0.90421      0.13498
   27  pi+                1       211   19           0           0     -1.36859     -0.03458      0.15595      1.38493      0.13957
   28  gamma              1        22   18           0           0     -0.09548      0.27218     12.57992     12.58323      0.00000
   29  gamma              1        22   18           0           0     -0.04152     -0.00048      2.69888      2.69919      0.00000
   30  pi+                1       211   21           0           0     -0.46290     -0.21151      6.35191      6.37379      0.13957
   31  pi-                1      -211   21           0           0      0.07471     -0.19193      1.73544      1.75318      0.13957
   32  (pi0)             11       111   21          44          45     -0.25308     -0.33343      5.59414      5.61140      0.13498
   33  pi+                1       211   22           0           0      0.65273     -0.39566      2.77071      2.87730      0.13957
   34  pi-                1      -211   22           0           0      0.15515      0.01627      0.18895      0.28199      0.13957
   35  gamma              1        22   23           0           0     -0.47649      0.41156      0.47802      0.79052      0.00000
   36  gamma              1        22   23           0           0     -0.00545     -0.00251     -0.00704      0.00925      0.00000
   37  gamma              1        22   24           0           0      0.07717     -0.24015      4.43075      4.43792      0.00000
   38  gamma              1        22   24           0           0      0.33407      0.11921      2.10120      2.13093      0.00000
   39  pi+                1       211   25           0           0      0.02337     -0.11191      1.18605      1.19969      0.13957
   40  pi-                1      -211   25           0           0     -0.35671      0.14033      0.66395      0.77926      0.13957
   41  (pi0)             11       111   25          46          47     -0.15794     -0.06453      0.53688      0.57928      0.13498
   42  gamma              1        22   26           0           0     -0.02870     -0.00392     -0.01289      0.03170      0.00000
   43  gamma              1        22   26           0           0     -0.72350     -0.39144      0.29086      0.87251      0.00000
   44  gamma              1        22   32           0           0     -0.02773     -0.03702      1.40112      1.40188      0.00000
   45  gamma              1        22   32           0           0     -0.22535     -0.29641      4.19303      4.20953      0.00000
   46  gamma              1        22   41           0           0      0.00960     -0.03415      0.03725      0.05144      0.00000
   47  gamma              1        22   41           0           0     -0.16753     -0.03038      0.49963      0.52784      0.00000
 ==================================================================================================================================
                   sum charge:  0.00   sum momentum and inv. mass:     -0.00000      0.00000    120.00000    140.00339     72.11760



                            Event listing (standard)

    I  particle/jet  K(I,1)   K(I,2) K(I,3)     K(I,4)      K(I,5)       P(I,1)       P(I,2)       P(I,3)       P(I,4)       P(I,5)

    1  !e-!              21        11    0           3           4      0.00000      0.00000    -10.00000     10.00000      0.00051
    2  !p+!              21      2212    0           5           0     -0.00000      0.00000    130.00000    130.00339      0.93827
 ==================================================================================================================================
    3  !e-!              21        11    1           0           0      1.04073      0.61886     -9.94113     10.01460      0.00051
    4  !gamma!           21        22    1           0           0     -1.04073     -0.61886     -0.05887     -0.01460     -1.21217
    5  !p+!              21      2212    2           0           0     -0.00000      0.00000    130.00000    130.00339      0.93827
    6  !gamma!           21        22    4           0           0     -1.11814     -0.66489      2.31732      2.36493     -1.21217
    7  !u!               21         2    5           0           0      0.00918      0.00546     15.13717     15.13717      0.00000
    8  !gamma!           21        22    6           0           0     -1.11814     -0.66489      2.31732      2.36493     -1.21217
    9  !u!               21         2    7           0           0      0.00918      0.00546     15.13717     15.13717      0.00000
   10  !u!               21         2    9           0           0     -1.10896     -0.65943     17.45448     17.50210      0.00000
 ==================================================================================================================================
   11  e-                 1        11    3           0           0      1.04073      0.61886     -9.94113     10.01460      0.00051
   12  (ud_0)        A   12      2101    5          15          15      0.09200     -0.19749     66.92999     66.93285      0.57933
   13  (g)           I   12        21   10          15          15      0.44800     -0.60555     25.32396     25.33516      0.00000
   14  (u)           V   11         2   10          15          15     -1.58074      0.18418     37.68718     37.72077      0.00000
 ==================================================================================================================================
   15  (string)          11        92   12          16          18     -1.04073     -0.61886    129.94113    129.98878      3.30440
   16  n0                 1      2112   15           0           0      0.19338     -0.05399     48.26620     48.27576      0.93957
   17  pi+                1       211   15           0           0     -0.29330     -0.04538     58.57719     58.57811      0.13957
   18  (rho0)            11       113   15          19          20     -0.94081     -0.51949     23.09775     23.13492      0.75060
   19  pi-                1      -211   18           0           0     -0.77601     -0.66669     16.75466     16.78645      0.13957
   20  pi+                1       211   18           0           0     -0.16480      0.14720      6.34309      6.34847      0.13957
 ==================================================================================================================================
                   sum charge:  0.00   sum momentum and inv. mass:      0.00000      0.00000    120.00000    140.00339     72.11760



                            Event listing (standard)

    I  particle/jet  K(I,1)   K(I,2) K(I,3)     K(I,4)      K(I,5)       P(I,1)       P(I,2)       P(I,3)       P(I,4)       P(I,5)

    1  !e-!              21        11    0           3           4      0.00000      0.00000    -10.00000     10.00000      0.00051
    2  !p+!              21      2212    0           5           0     -0.00000      0.00000    130.00000    130.00339      0.93827
 ==================================================================================================================================
    3  !e-!              21        11    1           0           0     -2.40308     -0.53962     -9.69342     10.00142      0.00051
    4  !gamma!           21        22    1           0           0      2.40308      0.53962     -0.30658     -0.00142     -2.48193
    5  !p+!              21      2212    2           0           0     -0.00000     -0.00000    130.00000    130.00339      0.93827
    6  !gamma!           21        22    4           0           0      2.42968      0.54560     -0.08778      0.22076     -2.48193
    7  !u!               21         2    5           0           0     -0.00204     -0.00046      9.96577      9.96577      0.00000
    8  !gamma!           21        22    6           0           0      2.42968      0.54560     -0.08778      0.22076     -2.48193
    9  !u!               21         2    7           0           0     -0.00204     -0.00046      9.96577      9.96577      0.00000
   10  !u!               21         2    9           0           0      2.42764      0.54514      9.87799     10.18653      0.00000
 ==================================================================================================================================
   11  e-                 1        11    3           0           0     -2.40308     -0.53962     -9.69342     10.00142      0.00051
   12  (ud_1)        A   12      2103    5          16          16      0.39076     -0.29134    105.40614    105.41009      0.77133
   13  (g)           I   12        21   10          16          16      1.62174     -0.31684      7.64511      7.82164      0.00000
   14  (g)           I   12        21   10          16          16     -0.21834     -0.29946      1.43037      1.47761      0.00000
   15  (u)           V   11         2   10          16          16      0.60893      1.44727     15.21181     15.29263      0.00000
 ==================================================================================================================================
   16  (string)          11        92   12          17          22      2.40308      0.53962    129.69342    130.00196      8.60579
   17  (Delta+)          11      2214   16          23          24      0.42765     -0.39515     36.71351     36.73760      1.19607
   18  (K*-)             11      -323   16          25          26     -0.01056      0.09064     40.61977     40.62665      0.74245
   19  (K*0)             11       313   16          27          28      1.30179      0.14548     22.43668     22.48966      0.81484
   20  (pi0)             11       111   16          29          30     -0.56104     -0.22757      6.77762      6.80594      0.13498
   21  (rho+)            11       213   16          31          32      0.20822      1.20183     16.43438     16.49734      0.76524
   22  (omega)           11       223   16          33          35      1.03701     -0.27561      6.71147      6.84477      0.80975
   23  p+                 1      2212   17           0           0      0.48576     -0.33426     34.74791     34.76558      0.93827
   24  (pi0)             11       111   17          36          37     -0.05811     -0.06089      1.96560      1.97202      0.13498
   25  (Kbar0)           11      -311   18          38          38      0.02675      0.01014     36.71794     36.72133      0.49767
   26  pi-                1      -211   18           0           0     -0.03731      0.08050      3.90182      3.90533      0.13957
   27  K+                 1       321   19           0           0      0.56296      0.00862      8.91396      8.94535      0.49360
   28  pi-                1      -211   19           0           0      0.73883      0.13685     13.52273     13.54431      0.13957
   29  gamma              1        22   20           0           0     -0.11636     -0.05717      0.93400      0.94295      0.00000
   30  gamma              1        22   20           0           0     -0.44469     -0.17040      5.84362      5.86299      0.00000
   31  pi+                1       211   21           0           0      0.43618      1.02142     12.75013     12.79917      0.13957
   32  (pi0)             11       111   21          39          40     -0.22795      0.18041      3.68425      3.69817      0.13498
   33  pi+                1       211   22           0           0      0.15752      0.04378      0.74914      0.77937      0.13957
   34  pi-                1      -211   22           0           0      0.62201     -0.41965      3.39570      3.48041      0.13957
   35  (pi0)             11       111   22          41          42      0.25748      0.10027      2.56663      2.58499      0.13498
   36  gamma              1        22   24           0           0     -0.05954     -0.07640      1.93732      1.93974      0.00000
   37  gamma              1        22   24           0           0      0.00143      0.01551      0.02828      0.03228      0.00000
   38  K_L0               1       130   25           0           0      0.02675      0.01014     36.71794     36.72133      0.49767
   39  gamma              1        22   32           0           0     -0.06446      0.00941      0.38746      0.39290      0.00000
   40  gamma              1        22   32           0           0     -0.16349      0.17100      3.29679      3.30527      0.00000
   41  gamma              1        22   35           0           0      0.03309     -0.00334      0.85062      0.85127      0.00000
   42  gamma              1        22   35           0           0      0.22439      0.10360      1.71601      1.73372      0.00000
 ==================================================================================================================================
                   sum charge:  0.00   sum momentum and inv. mass:     -0.00000     -0.00000    120.00000    140.00339     72.11760



                            Event listing (standard)

    I  particle/jet  K(I,1)   K(I,2) K(I,3)     K(I,4)      K(I,5)       P(I,1)       P(I,2)       P(I,3)       P(I,4)       P(I,5)

    1  !e-!              21        11    0           3           4      0.00000      0.00000    -10.00000     10.00000      0.00051
    2  !p+!              21      2212    0           5           0     -0.00000      0.00000    130.00000    130.00339      0.93827
 ==================================================================================================================================
    3  !e-!              21        11    1           0           0      0.95633      1.64741     -7.64437      7.87813      0.00051
    4  !gamma!           21        22    1           0           0     -0.95633     -1.64741     -2.35563      2.12187     -2.16222
    5  !p+!              21      2212    2           0           0     -0.00000     -0.00000    130.00000    130.00339      0.93827
    6  !gamma!           21        22    4           0           0     -0.95705     -1.64866     -2.35663      2.12427     -2.16222
    7  !ubar!            21        -2    5           0           0      0.00000      0.00000      0.52168      0.52168      0.00000
    8  !gamma!           21        22    6           0           0     -0.95705     -1.64866     -2.35663      2.12427     -2.16222
    9  !ubar!            21        -2    7           0           0      0.00000      0.00000      0.52168      0.52168      0.00000
   10  !ubar!            21        -2    9           0           0     -0.95705     -1.64865     -1.83495      2.64595      0.00000
 ==================================================================================================================================
   11  (Delta++)         11      2224    5          16          17     -0.12013      0.04961     40.98822     41.00320      1.10073
   12  e-                 1        11    3           0           0      0.95633      1.64741     -7.64437      7.87813      0.00051
   13  (d)           A   12         1    5          18          18      0.13441      0.47676     87.66223     87.66425      0.33000
   14  (g)           I   12        21   10          18          18     -0.18437     -1.40797      0.57593      1.53234      0.00000
   15  (ubar)        V   11        -2   10          18          18     -0.78624     -0.76581     -1.58202      1.92546      0.00000
 ==================================================================================================================================
   16  p+                 1      2212   11           0           0     -0.04243      0.08119     35.91555     35.92792      0.93827
   17  pi+                1       211   11           0           0     -0.07770     -0.03158      5.07266      5.07527      0.13957
   18  (string)          11        92   13          19          29     -0.83620     -1.69702     86.65615     91.12206     28.11338
   19  (rho0)            11       113   18          30          31     -0.10216     -0.27051     31.30219     31.31567      0.87204
   20  (rho0)            11       113   18          32          33      0.20345      0.12653     11.88390     11.90702      0.70194
   21  pi-                1      -211   18           0           0      0.02848      0.43288      4.92770      4.94873      0.13957
   22  (rho+)            11       213   18          34          35     -0.00621     -0.16066      5.26270      5.32105      0.76926
   23  pi-                1      -211   18           0           0      0.09012     -0.23147      0.37935      0.47443      0.13957
   24  (pi0)             11       111   18          36          37     -0.22839      0.15956      2.80695      2.82397      0.13498
   25  (omega)           11       223   18          38          40      0.52635     -0.08251     21.20866     21.22971      0.78072
   26  p+                 1      2212   18           0           0     -0.07450      0.10942      7.37670      7.43731      0.93827
   27  nbar0              1     -2112   18           0           0     -0.45644      0.04155      0.48687      1.15321      0.93957
   28  (rho0)            11       113   18          41          42     -0.06103     -0.66388      2.30766      2.61708      1.03892
   29  pi-                1      -211   18           0           0     -0.75587     -1.15794     -1.28652      1.89388      0.13957
   30  pi+                1       211   19           0           0     -0.09401     -0.07237     29.02951     29.03009      0.13957
   31  pi-                1      -211   19           0           0     -0.00814     -0.19815      2.27268      2.28558      0.13957
   32  pi-                1      -211   20           0           0     -0.23354      0.04994      4.40378      4.41246      0.13957
   33  pi+                1       211   20           0           0      0.43698      0.07659      7.48012      7.49456      0.13957
   34  pi+                1       211   22           0           0      0.02560     -0.08695      5.06880      5.07153      0.13957
   35  (pi0)             11       111   22          43          44     -0.03181     -0.07371      0.19389      0.24952      0.13498
   36  gamma              1        22   24           0           0     -0.18018      0.14588      1.68160      1.69750      0.00000
   37  gamma              1        22   24           0           0     -0.04821      0.01368      1.12535      1.12647      0.00000
   38  pi+                1       211   25           0           0     -0.07062     -0.19048      4.49998      4.50672      0.13957
   39  pi-                1      -211   25           0           0      0.19753      0.11328      7.23324      7.23817      0.13957
   40  (pi0)             11       111   25          45          46      0.39944     -0.00531      9.47544      9.48482      0.13498
   41  pi+                1       211   28           0           0     -0.14834     -0.19620      2.02844      2.04806      0.13957
   42  pi-                1      -211   28           0           0      0.08731     -0.46767      0.27923      0.56903      0.13957
   43  gamma              1        22   35           0           0     -0.04595     -0.08820      0.20395      0.22691      0.00000
   44  gamma              1        22   35           0           0      0.01414      0.01449     -0.01006      0.02261      0.00000
   45  gamma              1        22   40           0           0      0.09074     -0.05684      2.79577      2.79782      0.00000
   46  gamma              1        22   40           0           0      0.30870      0.05152      6.67967      6.68700      0.00000
 ==================================================================================================================================
                   sum charge:  0.00   sum momentum and inv. mass:     -0.00000     -0.00000    120.00000    140.00339     72.11760



                            Event listing (standard)

    I  particle/jet  K(I,1)   K(I,2) K(I,3)     K(I,4)      K(I,5)       P(I,1)       P(I,2)       P(I,3)       P(I,4)       P(I,5)

    1  !e-!              21        11    0           3           4      0.00000      0.00000    -10.00000     10.00000      0.00051
    2  !p+!              21      2212    0           5           0     -0.00000      0.00000    130.00000    130.00339      0.93827
 ==================================================================================================================================
    3  !e-!              21        11    1           0           0      0.90890     -1.20289     -9.83514      9.95003      0.00051
    4  !gamma!           21        22    1           0           0     -0.90890      1.20289     -0.16486      0.04997     -1.51582
    5  !p+!              21      2212    2           0           0     -0.00000     -0.00000    130.00000    130.00339      0.93827
    6  !gamma!           21        22    4           0           0     -0.92320      1.22181     -0.00051      0.21770     -1.51582
    7  !u!               21         2    5           0           0      0.00058     -0.00077      5.25814      5.25814      0.00000
    8  !gamma!           21        22    6           0           0     -0.92320      1.22181     -0.00051      0.21770     -1.51582
    9  !u!               21         2    7           0           0      0.00058     -0.00077      5.25814      5.25814      0.00000
   10  !u!               21         2    9           0           0     -0.92262      1.22104      5.25764      5.47585      0.00000
 ==================================================================================================================================
   11  e-                 1        11    3           0           0      0.90890     -1.20289     -9.83514      9.95003      0.00051
   12  (u)           A   12         2   10          14          14     -1.67821      1.12805      9.43118      9.64552      0.00000
   13  (ud_0)        V   11      2101    5          14          14      0.76931      0.07484    120.40396    120.40784      0.57933
 ==================================================================================================================================
   14  (string)          11        92   12          15          17     -0.90890      1.20289    129.83514    130.05336      7.37822
   15  (rho+)            11       213   14          18          19     -0.73320      0.93575      7.22551      7.37697      0.89356
   16  (omega)           11       223   14          20          22     -0.72589      0.25568      9.86495      9.92644      0.79048
   17  n0                 1      2112   14           0           0      0.55019      0.01146    112.74469    112.74995      0.93957
   18  pi+                1       211   15           0           0     -0.69949      0.25579      4.56274      4.62524      0.13957
   19  (pi0)             11       111   15          23          24     -0.03371      0.67995      2.66276      2.75173      0.13498
   20  pi+                1       211   16           0           0     -0.25735      0.21062      5.65823      5.66971      0.13957
   21  pi-                1      -211   16           0           0     -0.18962      0.16819      2.58145      2.59762      0.13957
   22  (pi0)             11       111   16          25          26     -0.27892     -0.12313      1.62526      1.65911      0.13498
   23  gamma              1        22   19           0           0      0.01023      0.31964      1.00359      1.05332      0.00000
   24  gamma              1        22   19           0           0     -0.04394      0.36031      1.65917      1.69841      0.00000
   25  gamma              1        22   22           0           0     -0.16192     -0.13354      1.18543      1.20387      0.00000
   26  gamma              1        22   22           0           0     -0.11700      0.01040      0.43983      0.45524      0.00000
 ==================================================================================================================================
                   sum charge:  0.00   sum momentum and inv. mass:     -0.00000      0.00000    120.00000    140.00339     72.11760



                            Event listing (standard)

    I  particle/jet  K(I,1)   K(I,2) K(I,3)     K(I,4)      K(I,5)       P(I,1)       P(I,2)       P(I,3)       P(I,4)       P(I,5)

    1  !e-!              21        11    0           3           4      0.00000      0.00000    -10.00000     10.00000      0.00051
    2  !p+!              21      2212    0           5           0     -0.00000      0.00000    130.00000    130.00339      0.93827
 ==================================================================================================================================
    3  !e-!              21        11    1           0           0      1.14086     -0.29913     -9.02718      9.10390      0.00051
    4  !gamma!           21        22    1           0           0     -1.14086      0.29913     -0.97282      0.89610     -1.23872
    5  !p+!              21      2212    2           0           0     -0.00000      0.00000    130.00000    130.00339      0.93827
    6  !rho0!            21       113    4           0           0     -1.60478      0.33228     -0.05718      1.79124      0.72081
    7  !p_diffr+!        21   9902210    5           0           0      0.46392     -0.03315    129.08436    129.10824      2.43937
 ==================================================================================================================================
    8  (rho0)            11       113    6           9          10     -1.60478      0.33228     -0.05718      1.79124      0.72081
    9  pi-                1      -211    8           0           0     -0.21646     -0.16860     -0.00981      0.30799      0.13957
   10  pi+                1       211    8           0           0     -1.38832      0.50088     -0.04737      1.48325      0.13957
   11  (ud_0)        A   12      2101    7          15          15      0.27049     -0.02058     72.69520     72.69802      0.57933
   12  (g)           I   12        21    7          15          15     -0.01712      0.00354     -0.00210      0.01761      0.00000
   13  (u)           V   11         2    7          15          15      0.21054     -0.01611     56.39126     56.39262      0.33000
   14  e-                 1        11    3           0           0      1.14086     -0.29913     -9.02718      9.10390      0.00051
 ==================================================================================================================================
   15  (string)          11        92   11          16          17      0.46392     -0.03315    129.08436    129.10824      2.43937
   16  n0                 1      2112   15           0           0      0.81877     -0.18215    106.41939    106.42684      0.93957
   17  (rho+)            11       213   15          18          19     -0.35485      0.14900     22.66497     22.68140      0.77265
   18  pi+                1       211   17           0           0     -0.08666      0.04727      1.02855      1.04266      0.13957
   19  (pi0)             11       111   17          20          21     -0.26820      0.10173     21.63642     21.63874      0.13498
   20  gamma              1        22   19           0           0     -0.11050      0.06825     14.10085     14.10145      0.00000
   21  gamma              1        22   19           0           0     -0.15769      0.03348      7.53557      7.53729      0.00000
 ==================================================================================================================================
                   sum charge:  0.00   sum momentum and inv. mass:      0.00000     -0.00000    120.00000    140.00339     72.11760



                            Event listing (standard)

    I  particle/jet  K(I,1)   K(I,2) K(I,3)     K(I,4)      K(I,5)       P(I,1)       P(I,2)       P(I,3)       P(I,4)       P(I,5)

    1  !e-!              21        11    0           3           4      0.00000      0.00000    -10.00000     10.00000      0.00051
    2  !p+!              21      2212    0           5           0     -0.00000      0.00000    130.00000    130.00339      0.93827
 ==================================================================================================================================
    3  !e-!              21        11    1           0           0      1.55209     -0.27299     -9.92226     10.04663      0.00051
    4  !gamma!           21        22    1           0           0     -1.55209      0.27299     -0.07774     -0.04663     -1.57714
    5  !p+!              21      2212    2           0           0     -0.00000     -0.00000    130.00000    130.00339      0.93827
    6  !gamma!           21        22    4           0           0     -1.70622      0.30010      7.45271      7.48710     -1.57714
    7  !u!               21         2    5           0           0      0.04275     -0.00752     33.96464     33.96467      0.00000
    8  !gamma!           21        22    6           0           0     -1.70622      0.30010      7.45271      7.48710     -1.57714
    9  !u!               21         2    7           0           0      0.04275     -0.00752     33.96464     33.96467      0.00000
   10  !u!               21         2    9           0           0     -1.66348      0.29258     41.41735     41.45177      0.00000
 ==================================================================================================================================
   11  e-                 1        11    3           0           0      1.55209     -0.27299     -9.92226     10.04663      0.00051
   12  (u)           A   12         2   10          14          14     -1.64562     -0.02762     42.28746     42.31948      0.00000
   13  (ud_0)        V   11      2101    5          14          14      0.09354      0.30060     87.63480     87.63728      0.57933
 ==================================================================================================================================
   14  (string)          11        92   12          15          17     -1.55209      0.27299    129.92226    129.95676      2.54589
   15  (eta)             11       221   14          18          20     -0.72310      0.67205     35.64523     35.66310      0.54745
   16  (pi0)             11       111   14          21          22     -0.24032     -0.45715     49.55640     49.55927      0.13498
   17  p+                 1      2212   14           0           0     -0.58867      0.05809     44.72063     44.73438      0.93827
   18  pi+                1       211   15           0           0     -0.31667      0.35899     18.52775     18.53446      0.13957
   19  pi-                1      -211   15           0           0     -0.32010      0.12849      9.69593      9.70307      0.13957
   20  (pi0)             11       111   15          23          24     -0.08633      0.18456      7.42155      7.42557      0.13498
   21  gamma              1        22   16           0           0     -0.20428     -0.25725     28.38932     28.39122      0.00000
   22  gamma              1        22   16           0           0     -0.03604     -0.19991     21.16708     21.16805      0.00000
   23  gamma              1        22   20           0           0     -0.12319      0.13742      5.63988      5.64290      0.00000
   24  gamma              1        22   20           0           0      0.03686      0.04714      1.78167      1.78267      0.00000
 ==================================================================================================================================
                   sum charge:  0.00   sum momentum and inv. mass:     -0.00000      0.00000    120.00000    140.00339     72.11760



                            Event listing (standard)

    I  particle/jet  K(I,1)   K(I,2) K(I,3)     K(I,4)      K(I,5)       P(I,1)       P(I,2)       P(I,3)       P(I,4)       P(I,5)

    1  !e-!              21        11    0           3           4      0.00000      0.00000    -10.00000     10.00000      0.00051
    2  !p+!              21      2212    0           5           0     -0.00000      0.00000    130.00000    130.00339      0.93827
 ==================================================================================================================================
    3  !e-!              21        11    1           0           0      1.18878     -0.52486     -9.91487      9.99967      0.00051
    4  !gamma!           21        22    1           0           0     -1.18878      0.52486     -0.08513      0.00033     -1.30228
    5  !p+!              21      2212    2           0           0      0.00000     -0.00000    130.00000    130.00339      0.93827
    6  !gamma!           21        22    4           0           0     -1.23546      0.54547      0.67591      0.76474     -1.30228
    7  !u!               21         2    5           0           0      0.00343     -0.00151      9.48825      9.48825      0.00000
    8  !gamma!           21        22    6           0           0     -1.23546      0.54547      0.67591      0.76474     -1.30228
    9  !u!               21         2    7           0           0      0.00343     -0.00151      9.48825      9.48825      0.00000
   10  !u!               21         2    9           0           0     -1.23203      0.54396     10.16416     10.25300      0.00000
 ==================================================================================================================================
   11  e-                 1        11    3           0           0      1.18878     -0.52486     -9.91487      9.99967      0.00051
   12  (ud_0)        A   12      2101    5          15          15     -0.04948      0.07680     94.54952     94.55134      0.57933
   13  (g)           I   12        21   10          15          15     -1.56277      0.69361     32.54344     32.58833      0.00000
   14  (u)           V   11         2   10          15          15      0.42348     -0.24555      2.82190      2.86405      0.00000
 ==================================================================================================================================
   15  (string)          11        92   12          16          19     -1.18878      0.52486    129.91487    130.00372      4.62646
   16  (Lambda0)         11      3122   15          20          21     -0.90233      0.29682     46.85411     46.87702      1.11568
   17  (phi)             11       333   15          22          23      0.17892     -0.04059     40.13410     40.14720      1.00900
   18  (K*+)             11       323   15          24          25     -0.57720      0.49614     37.62849     37.64709      0.90606
   19  (eta)             11       221   15          26          27      0.11183     -0.22750      5.29817      5.33241      0.54745
   20  n0                 1      2112   16           0           0     -0.89399      0.26338     41.50743     41.52853      0.93957
   21  (pi0)             11       111   16          28          29     -0.00834      0.03344      5.34668      5.34850      0.13498
   22  K_L0               1       130   17           0           0      0.13057      0.04189     18.83406     18.84114      0.49767
   23  (K_S0)            11       310   17          30          31      0.04835     -0.08248     21.30003     21.30606      0.49767
   24  K+                 1       321   18           0           0     -0.33725      0.11741     28.58267     28.58917      0.49360
   25  (pi0)             11       111   18          32          33     -0.23995      0.37873      9.04582      9.05793      0.13498
   26  gamma              1        22   19           0           0     -0.13402     -0.11372      4.10955      4.11331      0.00000
   27  gamma              1        22   19           0           0      0.24585     -0.11378      1.18862      1.21910      0.00000
   28  gamma              1        22   21           0           0     -0.02779      0.03848      5.22121      5.22143      0.00000
   29  gamma              1        22   21           0           0      0.01945     -0.00504      0.12547      0.12707      0.00000
   30  pi+                1       211   23           0           0     -0.09167     -0.12680     16.96516     16.96646      0.13957
   31  pi-                1      -211   23           0           0      0.14002      0.04432      4.33487      4.33960      0.13957
   32  gamma              1        22   25           0           0     -0.23685      0.38301      9.03054      9.04176      0.00000
   33  gamma              1        22   25           0           0     -0.00310     -0.00428      0.01527      0.01616      0.00000
 ==================================================================================================================================
                   sum charge:  0.00   sum momentum and inv. mass:      0.00000     -0.00000    120.00000    140.00339     72.11760

 Advisory warning: maximum violated by  1.103D+00 in event     224
 XSEC(96,1) increased to  1.278D-02

 Advisory warning: maximum violated by  1.008D+00 in event     460
 XSEC(96,1) increased to  1.288D-02

 Advisory warning: maximum violated by  1.002D+00 in event    1212
 XSEC(96,1) increased to  1.291D-02

 Advisory warning: maximum violated by  1.576D+00 in event    3185
 XSEC(96,1) increased to  2.034D-02

 Advisory warning: maximum violated by  1.150D+00 in event   26944
 XSEC(96,1) increased to  2.340D-02

 Advisory warning: maximum violated by  1.035D+00 in event   35650
 XSEC(96,1) increased to  2.421D-02
1********* PYSTAT:  Statistics on Number of Events and Cross-sections *********

 ==============================================================================
 I                                  I                            I            I
 I            Subprocess            I      Number of points      I    Sigma   I
 I                                  I                            I            I
 I----------------------------------I----------------------------I    (mb)    I
 I                                  I                            I            I
 I N:o Type                         I    Generated         Tried I            I
 I                                  I                            I            I
 ==============================================================================
 I                                  I                            I            I
 I   0 All included subprocesses    I       500000      11288928 I  6.387D-04 I
 I  11 f + f' -> f + f' (QCD)       I        11612             0 I  9.544D-06 I
 I  12 f + fbar -> f' + fbar'       I          248             0 I  1.932D-07 I
 I  13 f + fbar -> g + g            I          322             0 I  2.494D-07 I
 I  28 f + g -> f + g               I        28399             0 I  2.301D-05 I
 I  53 g + g -> f + fbar            I          340             0 I  2.290D-07 I
 I  68 g + g -> g + g               I        12402             0 I  8.313D-06 I
 I  91 Elastic scattering           I        28330        448258 I  3.292D-05 I
 I  92 Single diffractive (XB)      I        13861        342928 I  1.621D-05 I
 I  93 Single diffractive (AX)      I        11110        278362 I  1.307D-05 I
 I  94 Double  diffractive          I         7149        273165 I  7.913D-06 I
 I  95 Low-pT scattering            I        44077        127377 I  1.068D-04 I
 I  99 q + gamma* -> q              I       317139       1617166 I  3.894D-04 I
 I 131 f + gamma*_T -> f + g        I         8249        156615 I  1.023D-05 I
 I 132 f + gamma*_L -> f + g        I          434          7702 I  5.607D-07 I
 I 135 g + gamma*_T -> f + fbar     I        13283        443870 I  1.635D-05 I
 I 136 g + gamma*_L -> f + fbar     I         3045         72050 I  3.667D-06 I
 I                                  I                            I            I
 ==============================================================================
 I                                  I                            I            I
 I   1 VMD * hadron                 I        83724       6052194 I  1.232D-04 I
 I   2 direct * hadron              I        25011        680237 I  3.081D-05 I
 I   3 anomalous * hadron           I        74126       2939331 I  9.523D-05 I
 I   4 DIS * hadron                 I       317139       1617166 I  3.894D-04 I
 I                                  I                            I            I
 ==============================================================================

 ********* Total number of errors, excluding junctions =        0 *************
 ********* Total number of errors, including junctions =        0 *************
 ********* Total number of warnings =                           0 *************
 ********* Fraction of events that fail fragmentation cuts =  0.04455 *********

1************ PYSTAT: User-Defined Limits on Kinematical Variables ************

 ==============================================================================
 I                                                                            I
 I                 0.000D+00 <  m_hard (GeV/c^2)  <  2.444D+00                I
 I    0.000D+00 ( 1.000D+00) <  p_T_hard (GeV/c)  <  1.222D+00                I
 I                             m_finite (GeV/c^2) =  1.000D+00                I
 I                -1.000D+01 <    y*_subsystem    <  1.000D+01                I
 I                -4.000D+01 <      y*_large      <  4.000D+01                I
 I                -4.000D+01 <      y*_small      <  4.000D+01                I
 I                -4.000D+01 <     eta*_large     <  4.000D+01                I
 I                -4.000D+01 <     eta*_small     <  4.000D+01                I
 I                -1.000D+00 < cos(theta*)_large  <  1.000D+00                I
 I                -1.000D+00 < cos(theta*)_small  <  1.000D+00                I
 I                 0.000D+00 <        x_1         <  1.000D+00                I
 I                 0.000D+00 <        x_2         <  1.000D+00                I
 I                -1.000D+00 <        x_F         <  1.000D+00                I
 I                -1.000D+00 <  cos(theta_hard)   <  1.000D+00                I
 I                 2.000D+00 < m'_hard (GeV/c^2)  <  2.444D+00                I
 I                                                                            I
 ==============================================================================
 The charm mass used is:    1.5000000000000000     
 ===================================================
 Pythia total cross section normalisation:  0.63870247893716359       microbarn
 Total Number of generated events      500000
 Total Number of trials      500000
 ===================================================

 ===== PDFSTA statistics for PDF under/over-flows ====

 ====== STRUCTM statistics for nucleon/pion PDFs =====

   total # of calls    9624650.0000000000     
   X  below PDF min    0.0000000000000000       or    0.0000000000000000       %
   X  above PDF max    0.0000000000000000       or    0.0000000000000000       %
   Q2 below PDF min    0.0000000000000000       or    0.0000000000000000       %
   Q2 above PDF max    0.0000000000000000       or    0.0000000000000000       %

 ========= STRUCTP statistics for photon PDFs ========

   total # of calls    0.0000000000000000     

