1                                                                              
 ******************************************************************************
 ******************************************************************************
 **                                                                          **
 **                                                                          **
 **              *......*                  Welcome to the Lund Monte Carlo!  **
 **         *:::!!:::::::::::*                                               **
 **      *::::::!!::::::::::::::*          PPP  Y   Y TTTTT H   H III   A    **
 **    *::::::::!!::::::::::::::::*        P  P  Y Y    T   H   H  I   A A   **
 **   *:::::::::!!:::::::::::::::::*       PPP    Y     T   HHHHH  I  AAAAA  **
 **   *:::::::::!!:::::::::::::::::*       P      Y     T   H   H  I  A   A  **
 **    *::::::::!!::::::::::::::::*!       P      Y     T   H   H III A   A  **
 **      *::::::!!::::::::::::::* !!                                         **
 **      !! *:::!!:::::::::::*    !!       This is PYTHIA version 6.428      **
 **      !!     !* -><- *         !!       Last date of change:  5 Sep 2013  **
 **      !!     !!                !!                                         **
 **      !!     !!                !!       Now is  0 Jan 2000 at  0:00:00    **
 **      !!                       !!                                         **
 **      !!        lh             !!       Disclaimer: this program comes    **
 **      !!                       !!       without any guarantees. Beware    **
 **      !!                 hh    !!       of errors and use common sense    **
 **      !!    ll                 !!       when interpreting results.        **
 **      !!                       !!                                         **
 **      !!                                Copyright T. Sjostrand (2011)     **
 **                                                                          **
 ** An archive of program versions and documentation is found on the web:    **
 ** http://www.thep.lu.se/~torbjorn/Pythia.html                              **
 **                                                                          **
 ** When you cite this program, the official reference is to the 6.4 manual: **
 ** T. Sjostrand, S. Mrenna and P. Skands, JHEP05 (2006) 026                 **
 ** (LU TP 06-13, FERMILAB-PUB-06-052-CD-T) [hep-ph/0603175].                **
 **                                                                          **
 ** Also remember that the program, to a large extent, represents original   **
 ** physics research. Other publications of special relevance to your        **
 ** studies may therefore deserve separate mention.                          **
 **                                                                          **
 ** Main author: Torbjorn Sjostrand; Department of Theoretical Physics,      **
 **   Lund University, Solvegatan 14A, S-223 62 Lund, Sweden;                **
 **   phone: + 46 - 46 - 222 48 16; e-mail: torbjorn@thep.lu.se              **
 ** Author: Stephen Mrenna; Computing Division, GDS Group,                   **
 **   Fermi National Accelerator Laboratory, MS 234, Batavia, IL 60510, USA; **
 **   phone: + 1 - 630 - 840 - 2556; e-mail: mrenna@fnal.gov                 **
 ** Author: Peter Skands; CERN/PH-TH, CH-1211 Geneva, Switzerland            **
 **   phone: + 41 - 22 - 767 24 47; e-mail: peter.skands@cern.ch             **
 **                                                                          **
 **                                                                          **
 ******************************************************************************
 ******************************************************************************
     MSEL           changed from              1 to              2
     MSTP(14)       changed from             30 to             30
     MSTP(15)       changed from              0 to              0
     MSTP(16)       changed from              1 to              1
     MSTP(17)       changed from              4 to              4
     MSTP(18)       changed from              3 to              3
     MSTP(19)       changed from              4 to              1
     MSTP(20)       changed from              3 to              0
     MSTP(32)       changed from              8 to              8
     MSTP(38)       changed from              5 to              4
     MSTP(51)       changed from              7 to          10050
     MSTP(52)       changed from              1 to              2
     MSTP(53)       changed from              3 to              3
     MSTP(54)       changed from              1 to              1
     MSTP(55)       changed from              5 to              5
     MSTP(56)       changed from              1 to              1
     MSTP(57)       changed from              1 to              1
     MSTP(58)       changed from              5 to              5
     MSTP(59)       changed from              1 to              1
     MSTP(60)       changed from              7 to              7
     MSTP(61)       changed from              2 to              2
     MSTP(71)       changed from              1 to              1
     MSTP(81)       changed from              1 to              0
     MSTP(82)       changed from              4 to              1
     MSTP(91)       changed from              1 to              1
     MSTP(92)       changed from              3 to              3
     MSTP(93)       changed from              1 to              1
     MSTP(101)      changed from              3 to              3
     MSTP(102)      changed from              1 to              1
     MSTP(111)      changed from              1 to              1
     MSTP(121)      changed from              0 to              0
     PARP(13)       changed from        1.00000 to        1.00000
     PARP(18)       changed from        0.40000 to        0.40000
     PARP(81)       changed from        1.90000 to        1.90000
     PARP(89)       changed from     1800.00000 to     1800.00000
     PARP(90)       changed from        0.25000 to        0.16000
     PARP(91)       changed from        2.00000 to        0.40000
     PARP(93)       changed from        5.00000 to        5.00000
     PARP(99)       changed from        1.00000 to        0.40000
     PARP(100)      changed from        5.00000 to        5.00000
     PARP(102)      changed from        0.28000 to        0.28000
     PARP(103)      changed from        1.00000 to        1.00000
     PARP(104)      changed from        0.80000 to        0.80000
     PARP(111)      changed from        2.00000 to        2.00000
     PARP(161)      changed from        2.20000 to        3.00000
     PARP(162)      changed from       23.60000 to       24.60000
     PARP(163)      changed from       18.40000 to       18.80000
     PARP(164)      changed from       11.50000 to       11.50000
     PARP(165)      changed from        0.50000 to        0.47679
     PARP(166)      changed from        0.00000 to        0.67597
     PARJ(1)        changed from        0.10000 to        0.10000
     PARJ(2)        changed from        0.30000 to        0.30000
     PARJ(11)       changed from        0.50000 to        0.50000
     PARJ(12)       changed from        0.60000 to        0.60000
     PARJ(21)       changed from        0.36000 to        0.40000
     PARJ(32)       changed from        1.00000 to        1.00000
     PARJ(33)       changed from        0.80000 to        0.80000
     PARJ(41)       changed from        0.30000 to        0.30000
     PARJ(42)       changed from        0.58000 to        0.58000
     PARJ(45)       changed from        0.50000 to        0.50000
     MSTJ(1)        changed from              1 to              1
     MSTJ(12)       changed from              2 to              1
     MSTJ(45)       changed from              5 to              5
     MSTU(112)      changed from              5 to              5
     MSTU(113)      changed from              3 to              5
     MSTU(114)      changed from              5 to              5
     CKIN(1)        changed from        2.00000 to        1.00000
     CKIN(2)        changed from       -1.00000 to       -1.00000
     CKIN(3)        changed from        0.00000 to        0.00000
     CKIN(4)        changed from       -1.00000 to       -1.00000
     CKIN(5)        changed from        1.00000 to        1.00000
     CKIN(6)        changed from        1.00000 to        1.00000
     CKIN(7)        changed from      -10.00000 to      -10.00000
     CKIN(8)        changed from       10.00000 to       10.00000
     CKIN(9)        changed from      -40.00000 to      -40.00000
     CKIN(10)       changed from       40.00000 to       40.00000
     CKIN(11)       changed from      -40.00000 to      -40.00000
     CKIN(12)       changed from       40.00000 to       40.00000
     CKIN(13)       changed from      -40.00000 to      -40.00000
     CKIN(14)       changed from       40.00000 to       40.00000
     CKIN(15)       changed from      -40.00000 to      -40.00000
     CKIN(16)       changed from       40.00000 to       40.00000
     CKIN(17)       changed from       -1.00000 to       -1.00000
     CKIN(18)       changed from        1.00000 to        1.00000
     CKIN(19)       changed from       -1.00000 to       -1.00000
     CKIN(20)       changed from        1.00000 to        1.00000
     CKIN(21)       changed from        0.00000 to        0.00000
     CKIN(22)       changed from        1.00000 to        1.00000
     CKIN(23)       changed from        0.00000 to        0.00000
     CKIN(24)       changed from        1.00000 to        1.00000
     CKIN(25)       changed from       -1.00000 to       -1.00000
     CKIN(26)       changed from        1.00000 to        1.00000
     CKIN(27)       changed from       -1.00000 to       -1.00000
     CKIN(28)       changed from        1.00000 to        1.00000
     CKIN(31)       changed from        2.00000 to        2.00000
     CKIN(32)       changed from       -1.00000 to       -1.00000
     CKIN(35)       changed from        0.00000 to        0.00000
     CKIN(36)       changed from       -1.00000 to       -1.00000
     CKIN(37)       changed from        0.00000 to        0.00000
     CKIN(38)       changed from       -1.00000 to       -1.00000
     CKIN(39)       changed from        4.00000 to        4.00000
     CKIN(40)       changed from       -1.00000 to       -1.00000
     CKIN(65)       changed from        0.00000 to        0.00000
     CKIN(66)       changed from       -1.00000 to       -1.00000
     CKIN(67)       changed from        0.00000 to        0.00000
     CKIN(68)       changed from       -1.00000 to       -1.00000
     CKIN(77)       changed from        2.00000 to        2.00000
     CKIN(78)       changed from       -1.00000 to       -1.00000
 *********************************************
 NOW all parameters are read by PYTHIA
 *********************************************
 SEED =   1886495548
 RANLUX LUXURY LEVEL SET BY RLUXGO : 4     P= 389
 RANLUX INITIALIZED BY RLUXGO FROM SEEDS  1886495548           0           0
   5328.9753403062132        10.000000000000000       -5328.9753403062132       -10.0000000    
 *********************************************
 proton beam momentum:   250.000000     GeV
 lepton beam momentum:   10.0000000     GeV
 resulting sqrt(s):   100.00457712527508      GeV
 *********************************************
1****************** PYINIT: initialization of PYTHIA routines *****************
 ==== PYTHIA WILL USE LHAPDF ====
 *************************************
 *       LHAPDF Version 5.9.1        *
 *   Configured for the following:   *
 *             All PDFs              *
 *         FULL MEMORY option        *
 *    Maximum  3 concurrent set(s)   *
 *************************************

 >>>>>> PDF description: <<<<<<
 CTEQ6M                                                          
 Reference:                                                      
 J. Pumplin, D.R. Stump, J. Huston, H.L. Lai, P. Nadolsky,       
 W.K. Tung                                                       
 hep-ph/0201195                                                  
 This set has 41 member PDFs.                                    
     mem=0 --> central value (cteq6m)                            
     mem=1-40 --> 20 sets of +ve/-ve error values                
 >>>>>>                   <<<<<<

 ==============================================
 PDFset name /cvmfs/sft.cern.ch/lcg/external/lhapdfsets/5.9.1/share/PDFsets/cteq6mE.LHgrid   
 with         40 members
 ====  initialized. ===========================
 Strong coupling at Mz for PDF is:  0.11798

 ==============================================================================
 I                                                                            I
 I      PYTHIA will be initialized for gamma/e- on p+ user configuration      I
 I                                                                            I
 I                  px (GeV/c)   py (GeV/c)   pz (GeV/c)      E (GeV)         I
 I        gamma/e-       0.000        0.000      -10.000       10.000         I
 I        p+             0.000        0.000      250.000      250.002         I
 I                                                                            I
 I           corresponding to    100.005 GeV center-of-mass energy            I
 I                                                                            I
 ==============================================================================

 ******** PYMAXI: summary of differential cross-section maximum search ********

           ==========================================================
           I                                      I                 I
           I  ISUB  Subprocess name               I  Maximum value  I
           I                                      I                 I
           ==========================================================
           I                                      I                 I
           I   91   Elastic scattering            I    4.5802D-04   I
           I   92   Single diffractive (XB)       I    3.3396D-04   I
           I   93   Single diffractive (AX)       I    2.7193D-04   I
           I   94   Double  diffractive           I    2.7235D-04   I
           I   95   Low-pT scattering             I    1.9842D-03   I
           I   96   Semihard QCD 2 -> 2           I    1.9401D-02   I
           I                                      I                 I
           ==========================================================

 ******** PYMAXI: summary of differential cross-section maximum search ********

           ==========================================================
           I                                      I                 I
           I  ISUB  Subprocess name               I  Maximum value  I
           I                                      I                 I
           ==========================================================
           I                                      I                 I
           I  131   f + gamma*_T -> f + g         I    1.8340D-04   I
           I  132   f + gamma*_L -> f + g         I    9.6222D-06   I
           I  135   g + gamma*_T -> f + fbar      I    5.6762D-04   I
           I  136   g + gamma*_L -> f + fbar      I    9.2431D-05   I
           I                                      I                 I
           ==========================================================

 ******** PYMAXI: summary of differential cross-section maximum search ********

           ==========================================================
           I                                      I                 I
           I  ISUB  Subprocess name               I  Maximum value  I
           I                                      I                 I
           ==========================================================
           I                                      I                 I
           I   91   Elastic scattering            I    1.1937D-04   I
           I   92   Single diffractive (XB)       I    8.8669D-05   I
           I   93   Single diffractive (AX)       I    7.0104D-05   I
           I   94   Double  diffractive           I    7.1830D-05   I
           I   95   Low-pT scattering             I    5.5769D-04   I
           I   96   Semihard QCD 2 -> 2           I    1.4517D-02   I
           I                                      I                 I
           ==========================================================

 ******** PYMAXI: summary of differential cross-section maximum search ********

           ==========================================================
           I                                      I                 I
           I  ISUB  Subprocess name               I  Maximum value  I
           I                                      I                 I
           ==========================================================
           I                                      I                 I
           I   99   q + gamma* -> q               I    2.3955D-03   I
           I                                      I                 I
           ==========================================================

 ********************** PYINIT: initialization completed **********************
 the outputfile will be named: outfiles/ep_10x250_Q2_1_10_norad.out                                                                                                                                                                                                                            



                            Event listing (standard)

    I  particle/jet  K(I,1)   K(I,2) K(I,3)     K(I,4)      K(I,5)       P(I,1)       P(I,2)       P(I,3)       P(I,4)       P(I,5)

    1  !e-!              21        11    0           3           4      0.00000      0.00000    -10.00000     10.00000      0.00051
    2  !p+!              21      2212    0           5           0     -0.00000      0.00000    250.00000    250.00176      0.93827
 ==================================================================================================================================
    3  !e-!              21        11    1           0           0      0.65151     -0.83865     -9.93719      9.99377      0.00051
    4  !gamma!           21        22    1           0           0     -0.65151      0.83865     -0.06281      0.00623     -1.06381
    5  !p+!              21      2212    2           0           0      0.00000     -0.00000    250.00000    250.00176      0.93827
    6  !gamma!           21        22    4           0           0     -0.66808      0.85998      0.34741      0.41821     -1.06381
    7  !u!               21         2    5           0           0      0.00053     -0.00068      7.97912      7.97912      0.00000
    8  !gamma!           21        22    6           0           0     -0.66808      0.85998      0.34741      0.41821     -1.06381
    9  !u!               21         2    7           0           0      0.00053     -0.00068      7.97912      7.97912      0.00000
   10  !u!               21         2    9           0           0     -0.66755      0.85930      8.32653      8.39732      0.00000
 ==================================================================================================================================
   11  e-                 1        11    3           0           0      0.65151     -0.83865     -9.93719      9.99377      0.00051
   12  (u)           A   12         2   10          14          14     -0.98446      1.07271     15.16514     15.23488      0.00000
   13  (ud_0)        V   11      2101    5          14          14      0.33295     -0.23406    234.77204    234.77311      0.57933
 ==================================================================================================================================
   14  (string)          11        92   12          15          19     -0.65151      0.83865    249.93719    250.00799      5.85392
   15  pi+                1       211   14           0           0      0.02249     -0.16368     15.60780     15.60930      0.13957
   16  pi-                1      -211   14           0           0     -0.89539      1.01251     17.92254     17.97398      0.13957
   17  pi+                1       211   14           0           0      0.28657     -0.37528     23.81275     23.81784      0.13957
   18  (rho0)            11       113   14          20          21      0.07281      0.87360    116.89626    116.90137      0.65298
   19  n0                 1      2112   14           0           0     -0.13799     -0.50850     75.69784     75.70551      0.93957
   20  pi-                1      -211   18           0           0     -0.06573      0.37671     82.08257     82.08358      0.13957
   21  pi+                1       211   18           0           0      0.13855      0.49689     34.81369     34.81779      0.13957
 ==================================================================================================================================
                   sum charge:  0.00   sum momentum and inv. mass:      0.00000     -0.00000    240.00000    260.00176    100.00458



                            Event listing (standard)

    I  particle/jet  K(I,1)   K(I,2) K(I,3)     K(I,4)      K(I,5)       P(I,1)       P(I,2)       P(I,3)       P(I,4)       P(I,5)

    1  !e-!              21        11    0           3           4      0.00000      0.00000    -10.00000     10.00000      0.00051
    2  !p+!              21      2212    0           5           0     -0.00000      0.00000    250.00000    250.00176      0.93827
 ==================================================================================================================================
    3  !e-!              21        11    1           0           0      1.22751      0.25995     -9.04224      9.12888      0.00051
    4  !gamma!           21        22    1           0           0     -1.22751     -0.25995     -0.95776      0.87112     -1.31636
    5  !p+!              21      2212    2           0           0     -0.00000      0.00000    250.00000    250.00176      0.93827
    6  !omega_di!        21   9900220    4           0           0     -1.21344     -0.37882      0.42192      2.25076      1.80885
    7  !p+!              21      2212    5           0           0     -0.01406      0.11887    248.62032    248.62212      0.93827
 ==================================================================================================================================
    8  (dbar)        A   12        -1    6          12          12     -1.17157     -0.36616     -0.42544      1.34035      0.33000
    9  (d)           V   11         1    6          12          12     -0.04187     -0.01266      0.84736      0.91040      0.33000
   10  p+                 1      2212    7           0           0     -0.01406      0.11887    248.62032    248.62212      0.93827
   11  e-                 1        11    3           0           0      1.22751      0.25995     -9.04224      9.12888      0.00051
 ==================================================================================================================================
   12  (string)          11        92    8          13          14     -1.21344     -0.37882      0.42192      2.25076      1.80885
   13  (Kbar0)           11      -311   12          15          15     -0.75677     -0.39281     -0.31599      1.03659      0.49767
   14  (K*0)             11       313   12          16          17     -0.45668      0.01399      0.73792      1.21416      0.84907
   15  (K_S0)            11       310   13          18          19     -0.75677     -0.39281     -0.31599      1.03659      0.49767
   16  (K0)              11       311   14          20          20     -0.52225     -0.08353      0.39339      0.82593      0.49767
   17  (pi0)             11       111   14          21          22      0.06558      0.09752      0.34453      0.38824      0.13498
   18  pi-                1      -211   15           0           0     -0.53031     -0.07812     -0.28616      0.62345      0.13957
   19  pi+                1       211   15           0           0     -0.22646     -0.31469     -0.02984      0.41314      0.13957
   20  K_L0               1       130   16           0           0     -0.52225     -0.08353      0.39339      0.82593      0.49767
   21  gamma              1        22   17           0           0      0.08518      0.11565      0.23427      0.27479      0.00000
   22  gamma              1        22   17           0           0     -0.01960     -0.01813      0.11026      0.11344      0.00000
 ==================================================================================================================================
                   sum charge:  0.00   sum momentum and inv. mass:      0.00000      0.00000    240.00000    260.00176    100.00458



                            Event listing (standard)

    I  particle/jet  K(I,1)   K(I,2) K(I,3)     K(I,4)      K(I,5)       P(I,1)       P(I,2)       P(I,3)       P(I,4)       P(I,5)

    1  !e-!              21        11    0           3           4      0.00000      0.00000    -10.00000     10.00000      0.00051
    2  !p+!              21      2212    0           5           0     -0.00000      0.00000    250.00000    250.00176      0.93827
 ==================================================================================================================================
    3  !e-!              21        11    1           0           0     -1.25673      0.81711     -9.91293     10.02563      0.00051
    4  !gamma!           21        22    1           0           0      1.25673     -0.81711     -0.08707     -0.02563     -1.50132
    5  !p+!              21      2212    2           0           0     -0.00000      0.00000    250.00000    250.00176      0.93827
    6  !g!               21        21    4           0           0      0.00000      0.00000      0.00000      0.00000      0.00000
    7  !g!               21        21    5           0           0      0.00000      0.00000      0.00000      0.00000      0.00000
    8  !g!               21        21    6           0           0      0.00000      0.00000      0.00000      0.00000      0.00000
    9  !g!               21        21    7           0           0      0.00000      0.00000      0.00000      0.00000      0.00000
   10  !g!               21        21    0           0           0      0.00000      0.00000      0.00000      0.00000      0.00000
   11  !g!               21        21    0           0           0      0.00000      0.00000      0.00000      0.00000      0.00000
 ==================================================================================================================================
   12  e-                 1        11    3           0           0     -1.25673      0.81711     -9.91293     10.02563      0.00051
   13  (ubar)        A   12        -2    4          17          17      0.70184     -0.51967      9.15026      9.19776      0.33000
   14  (d)           V   11         1    5          17          17     -0.09783     -0.42031     54.14403     54.14675      0.33000
   15  (u)           A   12         2    4          20          20      0.48451     -0.25168     19.00732     19.01803      0.33000
   16  (uu_1)        V   11      2203    5          20          20      0.16821      0.37455    167.61132    167.61359      0.77133
 ==================================================================================================================================
   17  (string)          11        92   13          18          19      0.60401     -0.93998     63.29429     63.34451      2.26099
   18  (omega)           11       223   17          23          25      0.66284     -0.45652     13.27856     13.32622      0.78753
   19  pi-                1      -211   17           0           0     -0.05883     -0.48346     50.01573     50.01829      0.13957
   20  (string)          11        92   15          21          22      0.65273      0.12288    186.61864    186.63162      2.09857
   21  pi+                1       211   20           0           0      0.17106      0.31158      8.24482      8.25365      0.13957
   22  (Delta+)          11      2214   20          26          27      0.48166     -0.18870    178.37382    178.37797      1.10009
   23  pi+                1       211   18           0           0      0.00381     -0.15603      2.62216      2.63050      0.13957
   24  pi-                1      -211   18           0           0      0.27762     -0.02081      6.93008      6.93708      0.13957
   25  (pi0)             11       111   18          28          29      0.38141     -0.27968      3.72632      3.75864      0.13498
   26  p+                 1      2212   22           0           0      0.33083     -0.16056    142.85568    142.85924      0.93827
   27  (pi0)             11       111   22          30          31      0.15083     -0.02814     35.51814     35.51873      0.13498
   28  gamma              1        22   25           0           0      0.07601     -0.07586      1.33312      1.33743      0.00000
   29  gamma              1        22   25           0           0      0.30540     -0.20382      2.39320      2.42121      0.00000
   30  gamma              1        22   27           0           0      0.07210     -0.08169     18.20281     18.20314      0.00000
   31  gamma              1        22   27           0           0      0.07873      0.05355     17.31533     17.31559      0.00000
 ==================================================================================================================================
                   sum charge:  0.00   sum momentum and inv. mass:     -0.00000      0.00000    240.00000    260.00176    100.00458



                            Event listing (standard)

    I  particle/jet  K(I,1)   K(I,2) K(I,3)     K(I,4)      K(I,5)       P(I,1)       P(I,2)       P(I,3)       P(I,4)       P(I,5)

    1  !e-!              21        11    0           3           4      0.00000      0.00000    -10.00000     10.00000      0.00051
    2  !p+!              21      2212    0           5           0     -0.00000      0.00000    250.00000    250.00176      0.93827
 ==================================================================================================================================
    3  !e-!              21        11    1           0           0      0.51036     -0.87343     -8.25819      8.31992      0.00051
    4  !gamma!           21        22    1           0           0     -0.51036      0.87343     -1.74181      1.68008     -1.11111
    5  !p+!              21      2212    2           0           0     -0.00000     -0.00000    250.00000    250.00176      0.93827
    6  !g!               21        21    4           0           0      0.00000      0.00000      0.00000      0.00000      0.00000
    7  !g!               21        21    5           0           0      0.00000      0.00000      0.00000      0.00000      0.00000
    8  !g!               21        21    6           0           0      0.00000      0.00000      0.00000      0.00000      0.00000
    9  !g!               21        21    7           0           0      0.00000      0.00000      0.00000      0.00000      0.00000
   10  !g!               21        21    0           0           0      0.00000      0.00000      0.00000      0.00000      0.00000
   11  !g!               21        21    0           0           0      0.00000      0.00000      0.00000      0.00000      0.00000
 ==================================================================================================================================
   12  e-                 1        11    3           0           0      0.51036     -0.87343     -8.25819      8.31992      0.00051
   13  (s)           A   12         3    4          20          20     -0.34483      0.73310     -1.27875      1.59422      0.50000
   14  (ud_0)        V   11      2101    5          20          20     -0.11508      0.26239    248.63637    248.63721      0.57933
   15  (sbar)        A   12        -3    4          17          17     -0.15044      0.11451      0.09520      0.54296      0.50000
   16  (u)           V   11         2    5          17          17      0.10000     -0.23656      0.80537      0.90746      0.33000
   17  (cluster)         11        91   15          18          19     -0.05044     -0.12206      0.90057      1.45042      1.12927
   18  K+                 1       321   17           0           0      0.08621     -0.11448     -0.01568      0.51422      0.49360
   19  (pi0)             11       111   17          29          30     -0.13665     -0.00758      0.91625      0.93620      0.13498
 ==================================================================================================================================
   20  (string)          11        92   13          21          28     -0.45991      0.99549    247.35762    250.23143     37.79912
   21  (K*bar0)          11      -313   20          31          32      0.09125      0.47043     -0.49622      1.12588      0.88981
   22  pi-                1      -211   20           0           0     -0.12736      0.06365     -0.37314      0.42306      0.13957
   23  (rho+)            11       213   20          33          34     -0.14620      0.42183      1.59349      1.82405      0.76722
   24  n0                 1      2112   20           0           0     -0.37716     -0.31420      6.78545      6.86776      0.93957
   25  pbar-              1     -2212   20           0           0      0.01625     -0.29395      3.93599      4.05697      0.93827
   26  pi+                1       211   20           0           0     -0.43904      0.84163    125.05597    125.05965      0.13957
   27  (rho-)            11      -213   20          35          36      0.41928     -0.26627     68.50133     68.50873      0.87549
   28  p+                 1      2212   20           0           0      0.10306      0.07237     42.35475     42.36533      0.93827
   29  gamma              1        22   19           0           0     -0.13744     -0.05261      0.69639      0.71177      0.00000
   30  gamma              1        22   19           0           0      0.00079      0.04503      0.21986      0.22442      0.00000
   31  (Kbar0)           11      -311   21          37          37      0.14289      0.59680     -0.49790      0.93390      0.49767
   32  (pi0)             11       111   21          38          39     -0.05165     -0.12637      0.00169      0.19198      0.13498
   33  pi+                1       211   23           0           0     -0.05686      0.22531      1.54028      1.56395      0.13957
   34  (pi0)             11       111   23          40          41     -0.08934      0.19652      0.05321      0.26010      0.13498
   35  pi-                1      -211   27           0           0     -0.02137     -0.28896      9.23432      9.23992      0.13957
   36  (pi0)             11       111   27          42          43      0.44065      0.02269     59.26701     59.26881      0.13498
   37  K_L0               1       130   31           0           0      0.14289      0.59680     -0.49790      0.93390      0.49767
   38  gamma              1        22   32           0           0     -0.01243     -0.03468     -0.06310      0.07307      0.00000
   39  gamma              1        22   32           0           0     -0.03922     -0.09169      0.06479      0.11892      0.00000
   40  gamma              1        22   34           0           0      0.00488      0.14519      0.01433      0.14598      0.00000
   41  gamma              1        22   34           0           0     -0.09422      0.05133      0.03888      0.11412      0.00000
   42  gamma              1        22   36           0           0      0.03339      0.04173      7.54557      7.54576      0.00000
   43  gamma              1        22   36           0           0      0.40726     -0.01903     51.72144     51.72305      0.00000
 ==================================================================================================================================
                   sum charge:  0.00   sum momentum and inv. mass:     -0.00000      0.00000    240.00000    260.00176    100.00458



                            Event listing (standard)

    I  particle/jet  K(I,1)   K(I,2) K(I,3)     K(I,4)      K(I,5)       P(I,1)       P(I,2)       P(I,3)       P(I,4)       P(I,5)

    1  !e-!              21        11    0           3           4      0.00000      0.00000    -10.00000     10.00000      0.00051
    2  !p+!              21      2212    0           5           0     -0.00000      0.00000    250.00000    250.00176      0.93827
 ==================================================================================================================================
    3  !e-!              21        11    1           0           0     -1.10384      0.37413     -9.79095      9.86008      0.00051
    4  !gamma!           21        22    1           0           0      1.10384     -0.37413     -0.20905      0.13992     -1.17583
    5  !p+!              21      2212    2           0           0     -0.00000      0.00000    250.00000    250.00176      0.93827
    6  !u!               21         2    4           0           0      0.84039     -0.19975      1.35606      1.60781     -0.00000
    7  !u!               21         2    5           0           0     -0.15240     -0.07698     55.00245     55.00272     -0.00000
    8  !u!               21         2    6           0           0      0.84039     -0.19975      1.35606      1.60781      0.00000
    9  !u!               21         2    7           0           0     -0.15240     -0.07698     55.00245     55.00272      0.00000
   10  !u!               21         2    0           0           0     -0.00940     -1.29835     52.99014     53.00708      0.33000
   11  !u!               21         2    0           0           0      0.69738      1.02162      3.36837      3.60345      0.33000
 ==================================================================================================================================
   12  e-                 1        11    3           0           0     -1.10384      0.37413     -9.79095      9.86008      0.00051
   13  (u)           A   12         2   10          17          17     -0.00940     -1.29835     52.99014     53.00708      0.33000
   14  (ubar)        V   11        -2    4          17          17      0.26513     -0.17495      1.02404      1.12181      0.33000
   15  (u)           A   12         2   11          22          22      0.69738      1.02162      3.36837      3.60345      0.33000
   16  (ud_0)        V   11      2101    5          22          22      0.15073      0.07755    192.40839    192.40934      0.57933
 ==================================================================================================================================
   17  (string)          11        92   13          18          21      0.25573     -1.47330     54.01419     54.12889      3.18878
   18  pi+                1       211   17           0           0     -0.08501     -0.18336      3.13584      3.14545      0.13957
   19  (rho-)            11      -213   17          27          28      0.16823      0.08572     12.63723     12.64956      0.52549
   20  (rho+)            11       213   17          29          30      0.10002     -1.38899     28.89612     28.93894      0.73274
   21  (rho-)            11      -213   17          31          32      0.07250      0.01333      9.34499      9.39495      0.96473
   22  (string)          11        92   15          23          26      0.84811      1.09917    195.77676    196.01279      9.51557
   23  (omega)           11       223   22          33          35      0.65391      0.79317      6.70556      6.82917      0.78508
   24  pi+                1       211   22           0           0      0.22964     -0.23550      0.56660      0.66986      0.13957
   25  pi-                1      -211   22           0           0     -0.08568      0.52768     23.53762     23.54411      0.13957
   26  p+                 1      2212   22           0           0      0.05024      0.01381    164.96697    164.96965      0.93827
   27  pi-                1      -211   19           0           0      0.13743      0.08062      1.95661      1.96804      0.13957
   28  (pi0)             11       111   19          36          37      0.03081      0.00510     10.68062     10.68152      0.13498
   29  pi+                1       211   20           0           0      0.08250     -1.30324     20.91347     20.95466      0.13957
   30  (pi0)             11       111   20          38          39      0.01752     -0.08575      7.98265      7.98428      0.13498
   31  pi-                1      -211   21           0           0      0.21992     -0.38609      3.19631      3.23006      0.13957
   32  (pi0)             11       111   21          40          41     -0.14742      0.39942      6.14868      6.16488      0.13498
   33  pi-                1      -211   23           0           0      0.34185      0.32880      4.04020      4.07034      0.13957
   34  pi+                1       211   23           0           0      0.04373      0.35476      1.66369      1.70737      0.13957
   35  (pi0)             11       111   23          42          43      0.26833      0.10960      1.00168      1.05147      0.13498
   36  gamma              1        22   28           0           0     -0.02333      0.05025      2.59512      2.59571      0.00000
   37  gamma              1        22   28           0           0      0.05414     -0.04515      8.08551      8.08581      0.00000
   38  gamma              1        22   30           0           0     -0.02186     -0.08824      2.80954      2.81101      0.00000
   39  gamma              1        22   30           0           0      0.03937      0.00249      5.17311      5.17327      0.00000
   40  gamma              1        22   32           0           0     -0.04093      0.12459      1.13633      1.14387      0.00000
   41  gamma              1        22   32           0           0     -0.10650      0.27483      5.01235      5.02101      0.00000
   42  gamma              1        22   35           0           0      0.10020      0.10825      0.38521      0.41249      0.00000
   43  gamma              1        22   35           0           0      0.16813      0.00135      0.61646      0.63898      0.00000
 ==================================================================================================================================
                   sum charge:  0.00   sum momentum and inv. mass:     -0.00000      0.00000    240.00000    260.00176    100.00458



                            Event listing (standard)

    I  particle/jet  K(I,1)   K(I,2) K(I,3)     K(I,4)      K(I,5)       P(I,1)       P(I,2)       P(I,3)       P(I,4)       P(I,5)

    1  !e-!              21        11    0           3           4      0.00000      0.00000    -10.00000     10.00000      0.00051
    2  !p+!              21      2212    0           5           0     -0.00000      0.00000    250.00000    250.00176      0.93827
 ==================================================================================================================================
    3  !e-!              21        11    1           0           0     -1.61279     -0.09260     -9.18937      9.33028      0.00051
    4  !gamma!           21        22    1           0           0      1.61279      0.09260     -0.81063      0.66972     -1.67877
    5  !p+!              21      2212    2           0           0     -0.00000     -0.00000    250.00000    250.00176      0.93827
    6  !gamma!           21        22    4           0           0      1.61471      0.09272     -0.80933      0.67278     -1.67877
    7  !s!               21         3    5           0           0     -0.00001     -0.00000      0.95075      0.95075      0.00000
    8  !gamma!           21        22    6           0           0      1.61471      0.09272     -0.80933      0.67278     -1.67877
    9  !s!               21         3    7           0           0     -0.00001     -0.00000      0.95075      0.95075      0.00000
   10  !s!               21         3    9           0           0      1.61470      0.09271      0.14142      1.62353      0.00000
 ==================================================================================================================================
   11  (K*+)             11       323    5          16          17     -0.06841     -0.27255    186.31271    186.31455      0.77767
   12  e-                 1        11    3           0           0     -1.61279     -0.09260     -9.18937      9.33028      0.00051
   13  (ud_0)        A   12      2101    5          18          18      0.33557      0.20664     62.35026     62.35420      0.57933
   14  (g)           I   12        21   10          18          18      0.29287     -0.17984     -0.42320      0.54517      0.00000
   15  (s)           V   11         3   10          18          18      1.05276      0.33835      0.94959      1.45756      0.00000
 ==================================================================================================================================
   16  (K0)              11       311   11          26          26     -0.18164     -0.16773     96.93988     96.94147      0.49767
   17  pi+                1       211   11           0           0      0.11323     -0.10482     89.37283     89.37308      0.13957
   18  (string)          11        92   13          19          25      1.68120      0.36516     62.87665     64.35693     13.61548
   19  p+                 1      2212   18           0           0      0.36905     -0.12872     30.93422     30.95091      0.93827
   20  (Deltabar0)       11     -2114   18          27          28      0.06905      0.26806     11.32138     11.39799      1.28990
   21  (Delta-)          11      1114   18          29          30     -0.31290      0.45441     15.65075     15.71390      1.29472
   22  pi+                1       211   18           0           0      0.20089     -0.23466      1.85320      1.88395      0.13957
   23  (rho-)            11      -213   18          31          32      0.50671     -0.44575      0.89952      1.42091      0.86856
   24  (K*bar0)          11      -313   18          33          34      0.62815      0.32185      2.06468      2.36600      0.91482
   25  (eta)             11       221   18          35          36      0.22025      0.12995      0.15290      0.62328      0.54745
   26  (K_S0)            11       310   16          37          38     -0.18164     -0.16773     96.93988     96.94147      0.49767
   27  nbar0              1     -2112   20           0           0      0.11808     -0.06864      7.77019      7.82798      0.93957
   28  (pi0)             11       111   20          39          40     -0.04903      0.33670      3.55119      3.57001      0.13498
   29  n0                 1      2112   21           0           0     -0.40333      0.57521     14.24146     14.28970      0.93957
   30  pi-                1      -211   21           0           0      0.09043     -0.12080      1.40929      1.42420      0.13957
   31  pi-                1      -211   23           0           0      0.05871     -0.55627      0.68258      0.89346      0.13957
   32  (pi0)             11       111   23          41          42      0.44799      0.11052      0.21695      0.52745      0.13498
   33  (Kbar0)           11      -311   24          43          43      0.15988      0.14044      0.58205      0.79482      0.49767
   34  (pi0)             11       111   24          44          45      0.46827      0.18141      1.48263      1.57118      0.13498
   35  gamma              1        22   25           0           0     -0.02830     -0.09991      0.25032      0.27100      0.00000
   36  gamma              1        22   25           0           0      0.24855      0.22986     -0.09741      0.35228      0.00000
   37  pi+                1       211   26           0           0     -0.15586     -0.12188     88.11298     88.11331      0.13957
   38  pi-                1      -211   26           0           0     -0.02577     -0.04585      8.82690      8.82816      0.13957
   39  gamma              1        22   28           0           0     -0.03657      0.27923      3.30131      3.31330      0.00000
   40  gamma              1        22   28           0           0     -0.01246      0.05747      0.24988      0.25671      0.00000
   41  gamma              1        22   32           0           0      0.35375      0.03321      0.18876      0.40234      0.00000
   42  gamma              1        22   32           0           0      0.09424      0.07731      0.02819      0.12511      0.00000
   43  (K_S0)            11       310   33          46          47      0.15988      0.14044      0.58205      0.79482      0.49767
   44  gamma              1        22   34           0           0      0.08815      0.09488      0.33667      0.36072      0.00000
   45  gamma              1        22   34           0           0      0.38013      0.08653      1.14596      1.21045      0.00000
   46  pi-                1      -211   43           0           0      0.16035     -0.11752      0.21025      0.32126      0.13957
   47  pi+                1       211   43           0           0     -0.00047      0.25796      0.37180      0.47356      0.13957
 ==================================================================================================================================
                   sum charge:  0.00   sum momentum and inv. mass:     -0.00000      0.00000    240.00000    260.00176    100.00458



                            Event listing (standard)

    I  particle/jet  K(I,1)   K(I,2) K(I,3)     K(I,4)      K(I,5)       P(I,1)       P(I,2)       P(I,3)       P(I,4)       P(I,5)

    1  !e-!              21        11    0           3           4      0.00000      0.00000    -10.00000     10.00000      0.00051
    2  !p+!              21      2212    0           5           0     -0.00000      0.00000    250.00000    250.00176      0.93827
 ==================================================================================================================================
    3  !e-!              21        11    1           0           0      1.67819      0.39591     -9.31741      9.47561      0.00051
    4  !gamma!           21        22    1           0           0     -1.67819     -0.39591     -0.68259      0.52439     -1.77877
    5  !p+!              21      2212    2           0           0     -0.00000      0.00000    250.00000    250.00176      0.93827
    6  !gamma!           21        22    4           0           0     -1.68064     -0.39648     -0.67976      0.52897     -1.77877
    7  !u!               21         2    5           0           0      0.00001      0.00000      1.30879      1.30879      0.00000
    8  !gamma!           21        22    6           0           0     -1.68064     -0.39648     -0.67976      0.52897     -1.77877
    9  !u!               21         2    7           0           0      0.00001      0.00000      1.30879      1.30879      0.00000
   10  !u!               21         2    9           0           0     -1.68063     -0.39648      0.62903      1.83777      0.00000
 ==================================================================================================================================
   11  e-                 1        11    3           0           0      1.67819      0.39591     -9.31741      9.47561      0.00051
   12  (ud_1)        A   12      2103    5          17          17      0.54546      0.23475    243.63783    243.63977      0.77133
   13  (g)           I   12        21   10          17          17     -0.35113      0.02426      3.30721      3.32589      0.00000
   14  (g)           I   12        21   10          17          17     -0.51872     -0.56444     -0.03564      0.76742      0.00000
   15  (g)           I   12        21   10          17          17     -0.84611     -0.03771      1.09499      1.38431      0.00000
   16  (u)           V   11         2   10          17          17     -0.50769     -0.05277      1.31303      1.40875      0.00000
 ==================================================================================================================================
   17  (string)          11        92   12          18          25     -1.67819     -0.39591    249.31741    250.52615     24.51946
   18  (Delta+)          11      2214   17          26          27      0.22846      0.37429    211.97332    211.97740      1.23926
   19  pbar-              1     -2212   17           0           0     -0.05446     -0.37688     11.98851     12.03120      0.93827
   20  p+                 1      2212   17           0           0      0.26029      0.49291      8.62194      8.69074      0.93827
   21  pi-                1      -211   17           0           0     -0.28145     -0.64781      4.43798      4.49600      0.13957
   22  (rho+)            11       213   17          28          29      0.01430      0.16300      1.35358      1.62318      0.88077
   23  pi-                1      -211   17           0           0     -0.39347      0.27227      7.71567      7.73175      0.13957
   24  pi+                1       211   17           0           0     -0.95540     -0.65577      2.58863      2.83959      0.13957
   25  (rho0)            11       113   17          30          31     -0.49645     -0.01792      0.63778      1.13628      0.79849
   26  p+                 1      2212   18           0           0      0.02908      0.45620    182.22588    182.22887      0.93827
   27  (pi0)             11       111   18          32          33      0.19938     -0.08191     29.74745     29.74853      0.13498
   28  pi+                1       211   22           0           0      0.05452      0.06458     -0.07833      0.18099      0.13957
   29  (pi0)             11       111   22          34          35     -0.04022      0.09842      1.43191      1.44219      0.13498
   30  pi-                1      -211   25           0           0     -0.57233     -0.25850      0.50992      0.82090      0.13957
   31  pi+                1       211   25           0           0      0.07587      0.24058      0.12786      0.31538      0.13957
   32  gamma              1        22   27           0           0     -0.01866     -0.01250      1.60807      1.60823      0.00000
   33  gamma              1        22   27           0           0      0.21804     -0.06940     28.13938     28.14031      0.00000
   34  gamma              1        22   29           0           0      0.01936      0.10875      0.99347      0.99959      0.00000
   35  gamma              1        22   29           0           0     -0.05958     -0.01033      0.43845      0.44260      0.00000
 ==================================================================================================================================
                   sum charge:  0.00   sum momentum and inv. mass:      0.00000      0.00000    240.00000    260.00176    100.00458



                            Event listing (standard)

    I  particle/jet  K(I,1)   K(I,2) K(I,3)     K(I,4)      K(I,5)       P(I,1)       P(I,2)       P(I,3)       P(I,4)       P(I,5)

    1  !e-!              21        11    0           3           4      0.00000      0.00000    -10.00000     10.00000      0.00051
    2  !p+!              21      2212    0           5           0     -0.00000      0.00000    250.00000    250.00176      0.93827
 ==================================================================================================================================
    3  !e-!              21        11    1           0           0     -3.07077     -0.35679     -9.71840     10.19825      0.00051
    4  !gamma!           21        22    1           0           0      3.07077      0.35679     -0.28160     -0.19825     -3.09789
    5  !p+!              21      2212    2           0           0     -0.00000     -0.00000    250.00000    250.00176      0.93827
    6  !gamma!           21        22    4           0           0      3.13471      0.36422      2.08530      2.17040     -3.09789
    7  !ubar!            21        -2    5           0           0     -0.01442     -0.00168     55.84674     55.84674      0.00000
    8  !gamma!           21        22    6           0           0      3.13471      0.36422      2.08530      2.17040     -3.09789
    9  !ubar!            21        -2    7           0           0     -0.01442     -0.00168     55.84674     55.84674      0.00000
   10  !ubar!            21        -2    9           0           0      3.12029      0.36254     57.93203     58.01714      0.00000
 ==================================================================================================================================
   11  (Delta++)         11      2224    5          15          16      0.80176      0.13024    163.37190    163.37796      1.14963
   12  e-                 1        11    3           0           0     -3.07077     -0.35679     -9.71840     10.19825      0.00051
   13  (ubar)        A   12        -2   10          17          17      2.14582      0.26424     29.95056     30.02849      0.00000
   14  (d)           V   11         1    5          17          17      0.12320     -0.03769     56.39595     56.39706      0.33000
 ==================================================================================================================================
   15  p+                 1      2212   11           0           0      0.70727      0.12572    122.06020    122.06592      0.93827
   16  pi+                1       211   11           0           0      0.09449      0.00452     41.31170     41.31204      0.13957
   17  (string)          11        92   13          18          20      2.26901      0.22655     86.34651     86.42555      2.90812
   18  pi-                1      -211   17           0           0      1.69749     -0.09976     25.75747     25.81391      0.13957
   19  (K*bar0)          11      -313   17          21          22      0.53860      0.45844     38.46258     38.47917      0.88087
   20  (K0)              11       311   17          23          23      0.03292     -0.13213     22.12646     22.13247      0.49767
   21  K-                 1      -321   19           0           0      0.16302      0.44709     28.99422     29.00233      0.49360
   22  pi+                1       211   19           0           0      0.37558      0.01135      9.46836      9.47684      0.13957
   23  (K_S0)            11       310   20          24          25      0.03292     -0.13213     22.12646     22.13247      0.49767
   24  pi+                1       211   23           0           0     -0.07557      0.06074      3.45043      3.45462      0.13957
   25  pi-                1      -211   23           0           0      0.10849     -0.19288     18.67602     18.67785      0.13957
 ==================================================================================================================================
                   sum charge:  0.00   sum momentum and inv. mass:     -0.00000     -0.00000    240.00000    260.00176    100.00458



                            Event listing (standard)

    I  particle/jet  K(I,1)   K(I,2) K(I,3)     K(I,4)      K(I,5)       P(I,1)       P(I,2)       P(I,3)       P(I,4)       P(I,5)

    1  !e-!              21        11    0           3           4      0.00000      0.00000    -10.00000     10.00000      0.00051
    2  !p+!              21      2212    0           5           0     -0.00000      0.00000    250.00000    250.00176      0.93827
 ==================================================================================================================================
    3  !e-!              21        11    1           0           0     -1.38466      0.88040     -8.24719      8.40884      0.00051
    4  !gamma!           21        22    1           0           0      1.38466     -0.88040     -1.75281      1.59116     -1.79804
    5  !p+!              21      2212    2           0           0     -0.00000      0.00000    250.00000    250.00176      0.93827
    6  !gamma!           21        22    4           0           0      1.38141     -0.87833     -1.26644      2.06969     -0.00000
    7  !sbar!            21        -3    5           0           0     -0.15643      0.14090     11.71049     11.71239     -0.00000
    8  !gamma!           21        22    6           0           0      1.00553     -0.63934     -0.92184      1.50653      0.00000
    9  !g!               21        21    7           0           0      2.07644     -0.80236      3.50431      4.15157      0.00000
   10  !cbar!            21        -4    0           0           0      1.44755     -1.83940      1.46720      3.14348      1.50000
   11  !c!               21         4    0           0           0      1.63442      0.39770      1.11527      2.51462      1.50000
 ==================================================================================================================================
   12  (Sigma*+)         11      3224    5          18          19      0.09187     -0.02922    217.71353    217.71809      1.40696
   13  e-                 1        11    3           0           0     -1.38466      0.88040     -8.24719      8.40884      0.00051
   14  (cbar)        A   12        -4   10          20          20      1.44755     -1.83940      1.46720      3.14348      1.50000
   15  (d)           V   11         1    5          20          20      0.06782     -0.11375     20.08960     20.09275      0.33000
   16  (c)           A   12         4   11          25          25      1.63442      0.39770      1.11527      2.51462      1.50000
   17  (sbar)        V   11        -3    7          25          25     -1.85699      0.70427      7.86159      8.12398      0.50000
 ==================================================================================================================================
   18  (Lambda0)         11      3122   12          29          30      0.26073     -0.12760    165.49143    165.49545      1.11568
   19  pi+                1       211   12           0           0     -0.16887      0.09838     52.22209     52.22265      0.13957
   20  (string)          11        92   14          21          24      1.51537     -1.95316     21.55680     23.23623      8.31358
   21  (D*-)             11      -413   20          31          32      1.22911     -1.53521      2.10072      3.51008      2.01000
   22  (Kbar0)           11      -311   20          33          33     -0.00078     -0.08012      0.56613      0.75803      0.49767
   23  (phi)             11       333   20          34          35      0.25429     -0.53964     12.59818     12.65339      1.01893
   24  (K0)              11       311   20          36          36      0.03275      0.20181      6.29177      6.31474      0.49767
   25  (string)          11        92   16          26          28     -0.22257      1.10198      8.97686     10.63860      5.59749
   26  (D0)              11       421   25          37          40      0.69712      0.98499      1.65889      2.77208      1.86450
   27  p+                 1      2212   25           0           0      0.06209     -0.65325      2.17443      2.45746      0.93827
   28  (Lambdabar0)      11     -3122   25          41          42     -0.98178      0.77024      5.14354      5.40906      1.11568
   29  n0                 1      2112   18           0           0      0.26436     -0.15898    130.80005    130.80379      0.93957
   30  (pi0)             11       111   18          43          44     -0.00363      0.03138     34.69138     34.69166      0.13498
   31  (D-)              11      -411   21          45          47      1.18463     -1.45992      1.97918      3.30849      1.86930
   32  (pi0)             11       111   21          48          49      0.04449     -0.07529      0.12154      0.20159      0.13498
   33  (K_S0)            11       310   22          50          51     -0.00078     -0.08012      0.56613      0.75803      0.49767
   34  K-                 1      -321   23           0           0      0.16786     -0.35527      7.83954      7.86489      0.49360
   35  K+                 1       321   23           0           0      0.08643     -0.18437      4.75864      4.78850      0.49360
   36  (K_S0)            11       310   24          52          53      0.03275      0.20181      6.29177      6.31474      0.49767
   37  K-                 1      -321   26           0           0      0.28167      0.25934      0.25098      0.67322      0.49360
   38  pi+                1       211   26           0           0      0.39558      0.05787      1.13459      1.21104      0.13957
   39  pi+                1       211   26           0           0      0.16863      0.58490      0.20319      0.65674      0.13957
   40  pi-                1      -211   26           0           0     -0.14877      0.08288      0.07012      0.23108      0.13957
   41  pbar-              1     -2212   28           0           0     -0.83973      0.57367      4.03113      4.26200      0.93827
   42  pi+                1       211   28           0           0     -0.14205      0.19656      1.11241      1.14706      0.13957
   43  gamma              1        22   30           0           0     -0.01872      0.01343     33.66962     33.66963      0.00000
   44  gamma              1        22   30           0           0      0.01509      0.01795      1.02176      1.02203      0.00000
   45  K+                 1       321   31           0           0      0.31240      0.09784     -0.02513      0.59282      0.49360
   46  pi-                1      -211   31           0           0      0.23320     -0.43926      0.76237      0.92088      0.13957
   47  pi-                1      -211   31           0           0      0.63903     -1.11850      1.24193      1.79479      0.13957
   48  gamma              1        22   32           0           0      0.01185     -0.09989      0.03609      0.10686      0.00000
   49  gamma              1        22   32           0           0      0.03264      0.02460      0.08545      0.09473      0.00000
   50  (pi0)             11       111   33          54          55     -0.07585     -0.19657      0.13236      0.28308      0.13498
   51  (pi0)             11       111   33          56          57      0.07507      0.11645      0.43378      0.47495      0.13498
   52  (pi0)             11       111   36          58          59     -0.10822      0.16175      5.16892      5.17434      0.13498
   53  (pi0)             11       111   36          60          61      0.14096      0.04006      1.12285      1.14039      0.13498
   54  gamma              1        22   50           0           0     -0.06896     -0.21522      0.13464      0.26307      0.00000
   55  gamma              1        22   50           0           0     -0.00689      0.01865     -0.00228      0.02001      0.00000
   56  gamma              1        22   51           0           0      0.08423      0.14196      0.35167      0.38849      0.00000
   57  gamma              1        22   51           0           0     -0.00916     -0.02551      0.08210      0.08646      0.00000
   58  gamma              1        22   52           0           0     -0.11502      0.05489      3.16430      3.16686      0.00000
   59  gamma              1        22   52           0           0      0.00680      0.10686      2.00462      2.00748      0.00000
   60  gamma              1        22   53           0           0      0.12624      0.01106      1.07553      1.08297      0.00000
   61  gamma              1        22   53           0           0      0.01472      0.02900      0.04732      0.05742      0.00000
 ==================================================================================================================================
                   sum charge:  0.00   sum momentum and inv. mass:     -0.00000      0.00000    240.00000    260.00176    100.00458



                            Event listing (standard)

    I  particle/jet  K(I,1)   K(I,2) K(I,3)     K(I,4)      K(I,5)       P(I,1)       P(I,2)       P(I,3)       P(I,4)       P(I,5)

    1  !e-!              21        11    0           3           4      0.00000      0.00000    -10.00000     10.00000      0.00051
    2  !p+!              21      2212    0           5           0     -0.00000      0.00000    250.00000    250.00176      0.93827
 ==================================================================================================================================
    3  !e-!              21        11    1           0           0     -1.98860      0.65401     -9.40356      9.63375      0.00051
    4  !gamma!           21        22    1           0           0      1.98860     -0.65401     -0.59644      0.36625     -2.14566
    5  !p+!              21      2212    2           0           0     -0.00000      0.00000    250.00000    250.00176      0.93827
    6  !ubar!            21        -2    4           0           0      1.42268     -0.58195      1.79079      2.36000     -0.00000
    7  !g!               21        21    5           0           0      0.15406     -0.17912      9.43906      9.44202     -0.00000
    8  !ubar!            21        -2    6           0           0      1.42268     -0.58195      1.79079      2.36000      0.00000
    9  !g!               21        21    7           0           0      0.15406     -0.17912      9.43906      9.44202      0.00000
   10  !ubar!            21        -2    0           0           0      2.19611     -0.71984     10.79394     11.04351      0.33000
   11  !g!               21        21    0           0           0     -0.61937     -0.04123      0.43591      0.75851      0.00000
 ==================================================================================================================================
   12  e-                 1        11    3           0           0     -1.98860      0.65401     -9.40356      9.63375      0.00051
   13  (ubar)        A   12        -2   10          19          19      1.24257     -0.41044      6.15220      6.29848      0.33000
   14  (g)           I   12        21   11          19          19      1.14729     -0.14327      1.96653      2.28123      0.00000
   15  (g)           I   12        21   11          19          19     -0.81311     -0.20735      3.11112      3.22230      0.00000
   16  (u)           V   11         2    5          19          19     -0.09464      0.08094     31.83288     31.83484      0.33000
   17  (u)           A   12         2    4          26          26      0.55633     -0.06890      0.34967      0.73852      0.33000
   18  (ud_1)        V   11      2103    5          26          26     -0.04983      0.09502    205.99116    205.99263      0.77133
 ==================================================================================================================================
   19  (string)          11        92   13          20          25      1.48210     -0.68013     43.06273     43.63685      6.86419
   20  pi-                1      -211   19           0           0      0.63706     -0.13525      2.11627      2.21860      0.13957
   21  (eta')            11       331   19          34          36      1.07765     -0.26758      4.82061      5.03872      0.95787
   22  (K*bar0)          11      -313   19          37          38     -0.15360     -0.05392      5.25421      5.33307      0.89910
   23  (K0)              11       311   19          39          39      0.18580      0.19288      1.05956      1.20086      0.49767
   24  pi+                1       211   19           0           0     -0.57997     -0.49459     15.46519     15.48459      0.13957
   25  (eta)             11       221   19          40          42      0.31515      0.07832     14.34689     14.36100      0.54745
   26  (string)          11        92   17          27          33      0.50650      0.02612    206.34083    206.73116     12.68768
   27  p+                 1      2212   26           0           0      0.37901      0.22403      3.31655      3.47472      0.93827
   28  nbar0              1     -2112   26           0           0     -0.16757      0.00514      4.24571      4.35166      0.93957
   29  pi-                1      -211   26           0           0      0.11623     -0.28332      0.87490      0.93740      0.13957
   30  (omega)           11       223   26          43          45     -0.04460      0.34216     22.74787     22.76405      0.78551
   31  (rho+)            11       213   26          46          47      0.44586     -0.17433     11.57650     11.60884      0.72155
   32  pi-                1      -211   26           0           0     -0.61255     -0.36579     23.50819     23.51943      0.13957
   33  p+                 1      2212   26           0           0      0.39012      0.27822    140.07110    140.07506      0.93827
   34  pi+                1       211   21           0           0      0.29715     -0.17168      1.40838      1.45629      0.13957
   35  pi-                1      -211   21           0           0      0.03059     -0.05510      0.65956      0.67710      0.13957
   36  (eta)             11       221   21          48          49      0.74992     -0.04080      2.75267      2.90533      0.54745
   37  K-                 1      -321   22           0           0     -0.34016     -0.20559      3.48577      3.54291      0.49360
   38  pi+                1       211   22           0           0      0.18656      0.15167      1.76843      1.79015      0.13957
   39  K_L0               1       130   23           0           0      0.18580      0.19288      1.05956      1.20086      0.49767
   40  pi-                1      -211   25           0           0     -0.01396     -0.03278      5.19413      5.19613      0.13957
   41  pi+                1       211   25           0           0      0.27017      0.07022      5.40845      5.41745      0.13957
   42  (pi0)             11       111   25          50          51      0.05894      0.04089      3.74431      3.74743      0.13498
   43  pi+                1       211   30           0           0     -0.00416     -0.09288      3.13623      3.14071      0.13957
   44  pi-                1      -211   30           0           0      0.03392      0.33476     17.47526     17.47906      0.13957
   45  (pi0)             11       111   30          52          53     -0.07435      0.10028      2.13638      2.14427      0.13498
   46  pi+                1       211   31           0           0      0.60894     -0.07937      7.92938      7.95435      0.13957
   47  (pi0)             11       111   31          54          55     -0.16307     -0.09495      3.64712      3.65450      0.13498
   48  gamma              1        22   36           0           0      0.38139      0.24992      1.49127      1.55943      0.00000
   49  gamma              1        22   36           0           0      0.36853     -0.29072      1.26140      1.34591      0.00000
   50  gamma              1        22   42           0           0     -0.02362      0.05019      0.78729      0.78924      0.00000
   51  gamma              1        22   42           0           0      0.08256     -0.00930      2.95703      2.95819      0.00000
   52  gamma              1        22   45           0           0      0.03211      0.05963      0.64384      0.64739      0.00000
   53  gamma              1        22   45           0           0     -0.10647      0.04065      1.49254      1.49688      0.00000
   54  gamma              1        22   47           0           0     -0.13620     -0.01063      1.75803      1.76333      0.00000
   55  gamma              1        22   47           0           0     -0.02687     -0.08433      1.88909      1.89117      0.00000
 ==================================================================================================================================
                   sum charge:  0.00   sum momentum and inv. mass:     -0.00000      0.00000    240.00000    260.00176    100.00458

 Advisory warning: maximum violated by  1.179D+00 in event     329
 XSEC(96,1) increased to  1.712D-02

 Advisory warning: maximum violated by  1.104D+00 in event     518
 XSEC(96,1) increased to  1.891D-02

 Advisory warning: maximum violated by  1.001D+00 in event    1906
 XSEC(96,1) increased to  1.893D-02

 Advisory warning: maximum violated by  1.019D+00 in event    2722
 XSEC(96,1) increased to  1.930D-02

 Advisory warning: maximum violated by  1.045D+00 in event    3746
 XSEC(96,1) increased to  2.017D-02

 Advisory warning: maximum violated by  1.172D+00 in event    4000
 XSEC(96,1) increased to  2.364D-02

 Advisory warning: maximum violated by  1.027D+00 in event    6396
 XSEC(96,1) increased to  2.428D-02

 Advisory warning: maximum violated by  1.112D+00 in event   10624
 XSEC(96,1) increased to  2.700D-02

 Advisory warning: maximum violated by  1.251D+00 in event   14634
 XSEC(96,1) increased to  3.378D-02

 Advisory warning: maximum violated by  1.170D+00 in event   37918
 XSEC(96,1) increased to  3.950D-02
1********* PYSTAT:  Statistics on Number of Events and Cross-sections *********

 ==============================================================================
 I                                  I                            I            I
 I            Subprocess            I      Number of points      I    Sigma   I
 I                                  I                            I            I
 I----------------------------------I----------------------------I    (mb)    I
 I                                  I                            I            I
 I N:o Type                         I    Generated         Tried I            I
 I                                  I                            I            I
 ==============================================================================
 I                                  I                            I            I
 I   0 All included subprocesses    I       500000      11936570 I  7.088D-04 I
 I  11 f + f' -> f + f' (QCD)       I        12583             0 I  1.245D-05 I
 I  12 f + fbar -> f' + fbar'       I          278             0 I  2.714D-07 I
 I  13 f + fbar -> g + g            I          341             0 I  3.169D-07 I
 I  28 f + g -> f + g               I        32916             0 I  3.242D-05 I
 I  53 g + g -> f + fbar            I          391             0 I  3.263D-07 I
 I  68 g + g -> g + g               I        14843             0 I  1.209D-05 I
 I  91 Elastic scattering           I        27781        423247 I  3.784D-05 I
 I  92 Single diffractive (XB)      I        14211        310101 I  1.953D-05 I
 I  93 Single diffractive (AX)      I        11361        250795 I  1.569D-05 I
 I  94 Double  diffractive          I         7957        261272 I  1.030D-05 I
 I  95 Low-pT scattering            I        42161        122045 I  1.069D-04 I
 I  99 q + gamma* -> q              I       305466       1743150 I  4.202D-04 I
 I 131 f + gamma*_T -> f + g        I         9387        133682 I  1.258D-05 I
 I 132 f + gamma*_L -> f + g        I          500          7051 I  6.739D-07 I
 I 135 g + gamma*_T -> f + fbar     I        16454        413665 I  2.250D-05 I
 I 136 g + gamma*_L -> f + fbar     I         3370         67134 I  4.771D-06 I
 I                                  I                            I            I
 ==============================================================================
 I                                  I                            I            I
 I   1 VMD * hadron                 I        86791       5740153 I  1.363D-04 I
 I   2 direct * hadron              I        29711        621532 I  4.052D-05 I
 I   3 anomalous * hadron           I        78032       3831735 I  1.118D-04 I
 I   4 DIS * hadron                 I       305466       1743150 I  4.202D-04 I
 I                                  I                            I            I
 ==============================================================================

 ********* Total number of errors, excluding junctions =        0 *************
 ********* Total number of errors, including junctions =        0 *************
 ********* Total number of warnings =                           0 *************
 ********* Fraction of events that fail fragmentation cuts =  0.03208 *********

1************ PYSTAT: User-Defined Limits on Kinematical Variables ************

 ==============================================================================
 I                                                                            I
 I                 0.000D+00 <  m_hard (GeV/c^2)  <  7.088D+00                I
 I    0.000D+00 ( 1.000D+00) <  p_T_hard (GeV/c)  <  3.544D+00                I
 I                             m_finite (GeV/c^2) =  1.000D+00                I
 I                -1.000D+01 <    y*_subsystem    <  1.000D+01                I
 I                -4.000D+01 <      y*_large      <  4.000D+01                I
 I                -4.000D+01 <      y*_small      <  4.000D+01                I
 I                -4.000D+01 <     eta*_large     <  4.000D+01                I
 I                -4.000D+01 <     eta*_small     <  4.000D+01                I
 I                -1.000D+00 < cos(theta*)_large  <  1.000D+00                I
 I                -1.000D+00 < cos(theta*)_small  <  1.000D+00                I
 I                 0.000D+00 <        x_1         <  1.000D+00                I
 I                 0.000D+00 <        x_2         <  1.000D+00                I
 I                -1.000D+00 <        x_F         <  1.000D+00                I
 I                -1.000D+00 <  cos(theta_hard)   <  1.000D+00                I
 I                 2.000D+00 < m'_hard (GeV/c^2)  <  7.088D+00                I
 I                                                                            I
 ==============================================================================
 The charm mass used is:    1.5000000000000000     
 ===================================================
 Pythia total cross section normalisation:  0.70883840899247985       microbarn
 Total Number of generated events      500000
 Total Number of trials      500000
 ===================================================

 ===== PDFSTA statistics for PDF under/over-flows ====

 ====== STRUCTM statistics for nucleon/pion PDFs =====

   total # of calls    10977277.000000000     
   X  below PDF min    0.0000000000000000       or    0.0000000000000000       %
   X  above PDF max    0.0000000000000000       or    0.0000000000000000       %
   Q2 below PDF min    0.0000000000000000       or    0.0000000000000000       %
   Q2 above PDF max    0.0000000000000000       or    0.0000000000000000       %

 ========= STRUCTP statistics for photon PDFs ========

   total # of calls    0.0000000000000000     

