1                                                                              
 ******************************************************************************
 ******************************************************************************
 **                                                                          **
 **                                                                          **
 **              *......*                  Welcome to the Lund Monte Carlo!  **
 **         *:::!!:::::::::::*                                               **
 **      *::::::!!::::::::::::::*          PPP  Y   Y TTTTT H   H III   A    **
 **    *::::::::!!::::::::::::::::*        P  P  Y Y    T   H   H  I   A A   **
 **   *:::::::::!!:::::::::::::::::*       PPP    Y     T   HHHHH  I  AAAAA  **
 **   *:::::::::!!:::::::::::::::::*       P      Y     T   H   H  I  A   A  **
 **    *::::::::!!::::::::::::::::*!       P      Y     T   H   H III A   A  **
 **      *::::::!!::::::::::::::* !!                                         **
 **      !! *:::!!:::::::::::*    !!       This is PYTHIA version 6.428      **
 **      !!     !* -><- *         !!       Last date of change:  5 Sep 2013  **
 **      !!     !!                !!                                         **
 **      !!     !!                !!       Now is  0 Jan 2000 at  0:00:00    **
 **      !!                       !!                                         **
 **      !!        lh             !!       Disclaimer: this program comes    **
 **      !!                       !!       without any guarantees. Beware    **
 **      !!                 hh    !!       of errors and use common sense    **
 **      !!    ll                 !!       when interpreting results.        **
 **      !!                       !!                                         **
 **      !!                                Copyright T. Sjostrand (2011)     **
 **                                                                          **
 ** An archive of program versions and documentation is found on the web:    **
 ** http://www.thep.lu.se/~torbjorn/Pythia.html                              **
 **                                                                          **
 ** When you cite this program, the official reference is to the 6.4 manual: **
 ** T. Sjostrand, S. Mrenna and P. Skands, JHEP05 (2006) 026                 **
 ** (LU TP 06-13, FERMILAB-PUB-06-052-CD-T) [hep-ph/0603175].                **
 **                                                                          **
 ** Also remember that the program, to a large extent, represents original   **
 ** physics research. Other publications of special relevance to your        **
 ** studies may therefore deserve separate mention.                          **
 **                                                                          **
 ** Main author: Torbjorn Sjostrand; Department of Theoretical Physics,      **
 **   Lund University, Solvegatan 14A, S-223 62 Lund, Sweden;                **
 **   phone: + 46 - 46 - 222 48 16; e-mail: torbjorn@thep.lu.se              **
 ** Author: Stephen Mrenna; Computing Division, GDS Group,                   **
 **   Fermi National Accelerator Laboratory, MS 234, Batavia, IL 60510, USA; **
 **   phone: + 1 - 630 - 840 - 2556; e-mail: mrenna@fnal.gov                 **
 ** Author: Peter Skands; CERN/PH-TH, CH-1211 Geneva, Switzerland            **
 **   phone: + 41 - 22 - 767 24 47; e-mail: peter.skands@cern.ch             **
 **                                                                          **
 **                                                                          **
 ******************************************************************************
 ******************************************************************************
     MSEL           changed from              1 to              2
     MSTP(14)       changed from             30 to             30
     MSTP(15)       changed from              0 to              0
     MSTP(16)       changed from              1 to              1
     MSTP(17)       changed from              4 to              4
     MSTP(18)       changed from              3 to              3
     MSTP(19)       changed from              4 to              1
     MSTP(20)       changed from              3 to              0
     MSTP(32)       changed from              8 to              8
     MSTP(38)       changed from              5 to              4
     MSTP(51)       changed from              7 to          10050
     MSTP(52)       changed from              1 to              2
     MSTP(53)       changed from              3 to              3
     MSTP(54)       changed from              1 to              1
     MSTP(55)       changed from              5 to              5
     MSTP(56)       changed from              1 to              1
     MSTP(57)       changed from              1 to              1
     MSTP(58)       changed from              5 to              5
     MSTP(59)       changed from              1 to              1
     MSTP(60)       changed from              7 to              7
     MSTP(61)       changed from              2 to              2
     MSTP(71)       changed from              1 to              1
     MSTP(81)       changed from              1 to              0
     MSTP(82)       changed from              4 to              1
     MSTP(91)       changed from              1 to              1
     MSTP(92)       changed from              3 to              3
     MSTP(93)       changed from              1 to              1
     MSTP(101)      changed from              3 to              3
     MSTP(102)      changed from              1 to              1
     MSTP(111)      changed from              1 to              1
     MSTP(121)      changed from              0 to              0
     PARP(13)       changed from        1.00000 to        1.00000
     PARP(18)       changed from        0.40000 to        0.40000
     PARP(81)       changed from        1.90000 to        1.90000
     PARP(89)       changed from     1800.00000 to     1800.00000
     PARP(90)       changed from        0.25000 to        0.16000
     PARP(91)       changed from        2.00000 to        0.40000
     PARP(93)       changed from        5.00000 to        5.00000
     PARP(99)       changed from        1.00000 to        0.40000
     PARP(100)      changed from        5.00000 to        5.00000
     PARP(102)      changed from        0.28000 to        0.28000
     PARP(103)      changed from        1.00000 to        1.00000
     PARP(104)      changed from        0.80000 to        0.80000
     PARP(111)      changed from        2.00000 to        2.00000
     PARP(161)      changed from        2.20000 to        3.00000
     PARP(162)      changed from       23.60000 to       24.60000
     PARP(163)      changed from       18.40000 to       18.80000
     PARP(164)      changed from       11.50000 to       11.50000
     PARP(165)      changed from        0.50000 to        0.47679
     PARP(166)      changed from        0.00000 to        0.67597
     PARJ(1)        changed from        0.10000 to        0.10000
     PARJ(2)        changed from        0.30000 to        0.30000
     PARJ(11)       changed from        0.50000 to        0.50000
     PARJ(12)       changed from        0.60000 to        0.60000
     PARJ(21)       changed from        0.36000 to        0.40000
     PARJ(32)       changed from        1.00000 to        1.00000
     PARJ(33)       changed from        0.80000 to        0.80000
     PARJ(41)       changed from        0.30000 to        0.30000
     PARJ(42)       changed from        0.58000 to        0.58000
     PARJ(45)       changed from        0.50000 to        0.50000
     MSTJ(1)        changed from              1 to              1
     MSTJ(12)       changed from              2 to              1
     MSTJ(45)       changed from              5 to              5
     MSTU(112)      changed from              5 to              5
     MSTU(113)      changed from              3 to              5
     MSTU(114)      changed from              5 to              5
     CKIN(1)        changed from        2.00000 to        1.00000
     CKIN(2)        changed from       -1.00000 to       -1.00000
     CKIN(3)        changed from        0.00000 to        0.00000
     CKIN(4)        changed from       -1.00000 to       -1.00000
     CKIN(5)        changed from        1.00000 to        1.00000
     CKIN(6)        changed from        1.00000 to        1.00000
     CKIN(7)        changed from      -10.00000 to      -10.00000
     CKIN(8)        changed from       10.00000 to       10.00000
     CKIN(9)        changed from      -40.00000 to      -40.00000
     CKIN(10)       changed from       40.00000 to       40.00000
     CKIN(11)       changed from      -40.00000 to      -40.00000
     CKIN(12)       changed from       40.00000 to       40.00000
     CKIN(13)       changed from      -40.00000 to      -40.00000
     CKIN(14)       changed from       40.00000 to       40.00000
     CKIN(15)       changed from      -40.00000 to      -40.00000
     CKIN(16)       changed from       40.00000 to       40.00000
     CKIN(17)       changed from       -1.00000 to       -1.00000
     CKIN(18)       changed from        1.00000 to        1.00000
     CKIN(19)       changed from       -1.00000 to       -1.00000
     CKIN(20)       changed from        1.00000 to        1.00000
     CKIN(21)       changed from        0.00000 to        0.00000
     CKIN(22)       changed from        1.00000 to        1.00000
     CKIN(23)       changed from        0.00000 to        0.00000
     CKIN(24)       changed from        1.00000 to        1.00000
     CKIN(25)       changed from       -1.00000 to       -1.00000
     CKIN(26)       changed from        1.00000 to        1.00000
     CKIN(27)       changed from       -1.00000 to       -1.00000
     CKIN(28)       changed from        1.00000 to        1.00000
     CKIN(31)       changed from        2.00000 to        2.00000
     CKIN(32)       changed from       -1.00000 to       -1.00000
     CKIN(35)       changed from        0.00000 to        0.00000
     CKIN(36)       changed from       -1.00000 to       -1.00000
     CKIN(37)       changed from        0.00000 to        0.00000
     CKIN(38)       changed from       -1.00000 to       -1.00000
     CKIN(39)       changed from        4.00000 to        4.00000
     CKIN(40)       changed from       -1.00000 to       -1.00000
     CKIN(65)       changed from        0.00000 to        0.00000
     CKIN(66)       changed from       -1.00000 to       -1.00000
     CKIN(67)       changed from        0.00000 to        0.00000
     CKIN(68)       changed from       -1.00000 to       -1.00000
     CKIN(77)       changed from        2.00000 to        2.00000
     CKIN(78)       changed from       -1.00000 to       -1.00000
 *********************************************
 NOW all parameters are read by PYTHIA
 *********************************************
 SEED =   1431635982
 RANLUX LUXURY LEVEL SET BY RLUXGO : 4     P= 389
 RANLUX INITIALIZED BY RLUXGO FROM SEEDS  1431635982           0           0
   2771.0935550343875        10.000000000000000       -2771.0935550343875       -10.0000000    
 *********************************************
 proton beam momentum:   130.000000     GeV
 lepton beam momentum:   10.0000000     GeV
 resulting sqrt(s):   72.117599099066553      GeV
 *********************************************
1****************** PYINIT: initialization of PYTHIA routines *****************
 ==== PYTHIA WILL USE LHAPDF ====
 *************************************
 *       LHAPDF Version 5.9.1        *
 *   Configured for the following:   *
 *             All PDFs              *
 *         FULL MEMORY option        *
 *    Maximum  3 concurrent set(s)   *
 *************************************

 >>>>>> PDF description: <<<<<<
 CTEQ6M                                                          
 Reference:                                                      
 J. Pumplin, D.R. Stump, J. Huston, H.L. Lai, P. Nadolsky,       
 W.K. Tung                                                       
 hep-ph/0201195                                                  
 This set has 41 member PDFs.                                    
     mem=0 --> central value (cteq6m)                            
     mem=1-40 --> 20 sets of +ve/-ve error values                
 >>>>>>                   <<<<<<

 ==============================================
 PDFset name /cvmfs/sft.cern.ch/lcg/external/lhapdfsets/5.9.1/share/PDFsets/cteq6mE.LHgrid   
 with         40 members
 ====  initialized. ===========================
 Strong coupling at Mz for PDF is:  0.11798

 ==============================================================================
 I                                                                            I
 I      PYTHIA will be initialized for gamma/e- on p+ user configuration      I
 I                                                                            I
 I                  px (GeV/c)   py (GeV/c)   pz (GeV/c)      E (GeV)         I
 I        gamma/e-       0.000        0.000      -10.000       10.000         I
 I        p+             0.000        0.000      130.000      130.003         I
 I                                                                            I
 I           corresponding to     72.118 GeV center-of-mass energy            I
 I                                                                            I
 ==============================================================================

 ******** PYMAXI: summary of differential cross-section maximum search ********

           ==========================================================
           I                                      I                 I
           I  ISUB  Subprocess name               I  Maximum value  I
           I                                      I                 I
           ==========================================================
           I                                      I                 I
           I   91   Elastic scattering            I    4.1710D-04   I
           I   92   Single diffractive (XB)       I    3.1940D-04   I
           I   93   Single diffractive (AX)       I    2.6141D-04   I
           I   94   Double  diffractive           I    2.4494D-04   I
           I   95   Low-pT scattering             I    1.9207D-03   I
           I   96   Semihard QCD 2 -> 2           I    1.7479D-02   I
           I                                      I                 I
           ==========================================================

 ******** PYMAXI: summary of differential cross-section maximum search ********

           ==========================================================
           I                                      I                 I
           I  ISUB  Subprocess name               I  Maximum value  I
           I                                      I                 I
           ==========================================================
           I                                      I                 I
           I  131   f + gamma*_T -> f + g         I    1.9221D-04   I
           I  132   f + gamma*_L -> f + g         I    9.2718D-06   I
           I  135   g + gamma*_T -> f + fbar      I    5.4466D-04   I
           I  136   g + gamma*_L -> f + fbar      I    8.8198D-05   I
           I                                      I                 I
           ==========================================================

 ******** PYMAXI: summary of differential cross-section maximum search ********

           ==========================================================
           I                                      I                 I
           I  ISUB  Subprocess name               I  Maximum value  I
           I                                      I                 I
           ==========================================================
           I                                      I                 I
           I   91   Elastic scattering            I    1.0588D-04   I
           I   92   Single diffractive (XB)       I    8.2750D-05   I
           I   93   Single diffractive (AX)       I    6.5818D-05   I
           I   94   Double  diffractive           I    6.3002D-05   I
           I   95   Low-pT scattering             I    5.2345D-04   I
           I   96   Semihard QCD 2 -> 2           I    1.1588D-02   I
           I                                      I                 I
           ==========================================================

 ******** PYMAXI: summary of differential cross-section maximum search ********

           ==========================================================
           I                                      I                 I
           I  ISUB  Subprocess name               I  Maximum value  I
           I                                      I                 I
           ==========================================================
           I                                      I                 I
           I   99   q + gamma* -> q               I    1.9857D-03   I
           I                                      I                 I
           ==========================================================

 ********************** PYINIT: initialization completed **********************
 the outputfile will be named: outfiles/ep_10x130_Q2_1_10_norad.out                                                                                                                                                                                                                            



                            Event listing (standard)

    I  particle/jet  K(I,1)   K(I,2) K(I,3)     K(I,4)      K(I,5)       P(I,1)       P(I,2)       P(I,3)       P(I,4)       P(I,5)

    1  !e-!              21        11    0           3           4      0.00000      0.00000    -10.00000     10.00000      0.00051
    2  !p+!              21      2212    0           5           0     -0.00000      0.00000    130.00000    130.00339      0.93827
 ==================================================================================================================================
    3  !e-!              21        11    1           0           0     -1.52524      0.14572     -9.91971     10.03734      0.00051
    4  !gamma!           21        22    1           0           0      1.52524     -0.14572     -0.08029     -0.03734     -1.53383
    5  !p+!              21      2212    2           0           0     -0.00000      0.00000    130.00000    130.00339      0.93827
    6  !gamma!           21        22    4           0           0      1.63993     -0.15667      3.87927      3.92556     -1.53383
    7  !u!               21         2    5           0           0     -0.02239      0.00214     24.61141     24.61142      0.00000
    8  !gamma!           21        22    6           0           0      1.63993     -0.15667      3.87927      3.92556     -1.53383
    9  !u!               21         2    7           0           0     -0.02239      0.00214     24.61141     24.61142      0.00000
   10  !u!               21         2    9           0           0      1.61753     -0.15453     28.49069     28.53698      0.00000
 ==================================================================================================================================
   11  e-                 1        11    3           0           0     -1.52524      0.14572     -9.91971     10.03734      0.00051
   12  (u)           A   12         2   10          14          14      1.24783     -0.38103     19.22237     19.26660      0.00000
   13  (ud_0)        V   11      2101    5          14          14      0.27741      0.23531    110.69733    110.69945      0.57933
 ==================================================================================================================================
   14  (string)          11        92   12          15          17      1.52524     -0.14572    129.91971    129.96605      3.11380
   15  (K*+)             11       323   14          18          19      0.99205     -0.62914     38.24786     38.27700      0.92195
   16  (Kbar0)           11      -311   14          20          20     -0.13021      0.32125     27.47708     27.48378      0.49767
   17  n0                 1      2112   14           0           0      0.66340      0.16218     64.19476     64.20527      0.93957
   18  K+                 1       321   15           0           0      0.84301     -0.77309     31.65915     31.68366      0.49360
   19  (pi0)             11       111   15          21          22      0.14904      0.14395      6.58871      6.59335      0.13498
   20  K_L0               1       130   16           0           0     -0.13021      0.32125     27.47708     27.48378      0.49767
   21  gamma              1        22   19           0           0      0.01476     -0.02215      1.38767      1.38792      0.00000
   22  gamma              1        22   19           0           0      0.13428      0.16610      5.20104      5.20542      0.00000
 ==================================================================================================================================
                   sum charge:  0.00   sum momentum and inv. mass:      0.00000     -0.00000    120.00000    140.00339     72.11760



                            Event listing (standard)

    I  particle/jet  K(I,1)   K(I,2) K(I,3)     K(I,4)      K(I,5)       P(I,1)       P(I,2)       P(I,3)       P(I,4)       P(I,5)

    1  !e-!              21        11    0           3           4      0.00000      0.00000    -10.00000     10.00000      0.00051
    2  !p+!              21      2212    0           5           0     -0.00000      0.00000    130.00000    130.00339      0.93827
 ==================================================================================================================================
    3  !e-!              21        11    1           0           0     -0.95311      0.60966     -9.91816      9.98248      0.00051
    4  !gamma!           21        22    1           0           0      0.95311     -0.60966     -0.08184      0.01752     -1.13424
    5  !p+!              21      2212    2           0           0      0.00000     -0.00000    130.00000    130.00339      0.93827
    6  !gamma!           21        22    4           0           0      0.98543     -0.63033      0.34716      0.44990     -1.13424
    7  !sbar!            21        -3    5           0           0     -0.00156      0.00100      6.23993      6.23993      0.00000
    8  !gamma!           21        22    6           0           0      0.98543     -0.63033      0.34716      0.44990     -1.13424
    9  !sbar!            21        -3    7           0           0     -0.00156      0.00100      6.23993      6.23993      0.00000
   10  !sbar!            21        -3    9           0           0      0.98387     -0.62933      6.58710      6.68983      0.00000
 ==================================================================================================================================
   11  (Sigma+)          11      3222    5          15          16     -0.02193     -0.09784     76.47851     76.48782      1.18937
   12  e-                 1        11    3           0           0     -0.95311      0.60966     -9.91816      9.98248      0.00051
   13  (sbar)        A   12        -3   10          17          17      1.27957     -0.62642     11.11983     11.21073      0.00000
   14  (d)           V   11         1    5          17          17     -0.30453      0.11460     42.31982     42.32235      0.33000
 ==================================================================================================================================
   15  p+                 1      2212   11           0           0     -0.04356     -0.12781     73.41389     73.42001      0.93827
   16  (pi0)             11       111   11          20          21      0.02163      0.02997      3.06462      3.06781      0.13498
   17  (string)          11        92   13          18          19      0.97504     -0.51182     53.43965     53.53308      2.96344
   18  (Lambdabar0)      11     -3122   17          22          23      0.88766     -0.33274     13.02524     13.10726      1.11568
   19  n0                 1      2112   17           0           0      0.08738     -0.17908     40.41441     40.42582      0.93957
   20  gamma              1        22   16           0           0     -0.02518      0.04226      2.63769      2.63815      0.00000
   21  gamma              1        22   16           0           0      0.04682     -0.01229      0.42693      0.42966      0.00000
   22  pbar-              1     -2212   18           0           0      0.66594     -0.29629      9.95566     10.02630      0.93827
   23  pi+                1       211   18           0           0      0.22171     -0.03645      3.06958      3.08096      0.13957
 ==================================================================================================================================
                   sum charge:  0.00   sum momentum and inv. mass:      0.00000     -0.00000    120.00000    140.00339     72.11760



                            Event listing (standard)

    I  particle/jet  K(I,1)   K(I,2) K(I,3)     K(I,4)      K(I,5)       P(I,1)       P(I,2)       P(I,3)       P(I,4)       P(I,5)

    1  !e-!              21        11    0           3           4      0.00000      0.00000    -10.00000     10.00000      0.00051
    2  !p+!              21      2212    0           5           0     -0.00000      0.00000    130.00000    130.00339      0.93827
 ==================================================================================================================================
    3  !e-!              21        11    1           0           0      1.51682      0.63230     -9.86485     10.00079      0.00051
    4  !gamma!           21        22    1           0           0     -1.51682     -0.63230     -0.13515     -0.00079     -1.64888
    5  !p+!              21      2212    2           0           0     -0.00000     -0.00000    130.00000    130.00339      0.93827
    6  !g!               21        21    4           0           0      0.00000      0.00000      0.00000      0.00000      0.00000
    7  !g!               21        21    5           0           0      0.00000      0.00000      0.00000      0.00000      0.00000
    8  !g!               21        21    6           0           0      0.00000      0.00000      0.00000      0.00000      0.00000
    9  !g!               21        21    7           0           0      0.00000      0.00000      0.00000      0.00000      0.00000
   10  !g!               21        21    0           0           0      0.00000      0.00000      0.00000      0.00000      0.00000
   11  !g!               21        21    0           0           0      0.00000      0.00000      0.00000      0.00000      0.00000
 ==================================================================================================================================
   12  e-                 1        11    3           0           0      1.51682      0.63230     -9.86485     10.00079      0.00051
   13  (u)           A   12         2    4          20          20     -0.86244     -0.59216      5.15120      5.26671      0.33000
   14  (ud_1)        V   11      2103    5          20          20      0.04881      0.01600     96.77329     96.77638      0.77133
   15  (ubar)        A   12        -2    4          17          17     -0.58911     -0.01293     16.70511     16.71876      0.33000
   16  (u)           V   11         2    5          17          17     -0.11408     -0.04321     11.23524     11.24075      0.33000
   17  (cluster)         11        91   15          18          19     -0.70319     -0.05614     27.94035     27.95951      0.75701
   18  pi-                1      -211   17           0           0     -0.12226     -0.10618      5.97903      5.98285      0.13957
   19  (rho+)            11       213   17          25          26     -0.58092      0.05004     21.96132     21.97665      0.57769
 ==================================================================================================================================
   20  (string)          11        92   13          21          24     -0.81363     -0.57616    101.92450    102.04309      4.81622
   21  (omega)           11       223   20          27          29     -0.04197     -0.54005     13.67188     13.70465      0.77712
   22  K+                 1       321   20           0           0     -0.25303      0.75002      9.37056      9.41688      0.49360
   23  (K*-)             11      -323   20          30          31     -0.24875     -0.71163     39.35495     39.37318      0.93120
   24  (Delta+)          11      2214   20          32          33     -0.26988     -0.07450     39.52710     39.54837      1.26630
   25  pi+                1       211   19           0           0     -0.24601      0.23044     14.35009     14.35473      0.13957
   26  (pi0)             11       111   19          34          35     -0.33492     -0.18040      7.61123      7.62193      0.13498
   27  pi-                1      -211   21           0           0     -0.01468     -0.38690      5.34685      5.36267      0.13957
   28  pi+                1       211   21           0           0      0.16286     -0.07307      5.92459      5.92892      0.13957
   29  (pi0)             11       111   21          36          37     -0.19015     -0.08008      2.40044      2.41307      0.13498
   30  (Kbar0)           11      -311   23          38          38     -0.41407     -0.28288     20.70496     20.71701      0.49767
   31  pi-                1      -211   23           0           0      0.16532     -0.42875     18.64999     18.65618      0.13957
   32  n0                 1      2112   24           0           0     -0.24221      0.18580     32.49878     32.51380      0.93957
   33  pi+                1       211   24           0           0     -0.02767     -0.26030      7.02832      7.03458      0.13957
   34  gamma              1        22   26           0           0     -0.08830     -0.11778      3.16532      3.16874      0.00000
   35  gamma              1        22   26           0           0     -0.24661     -0.06262      4.44591      4.45319      0.00000
   36  gamma              1        22   29           0           0     -0.14707     -0.06233      1.07418      1.08599      0.00000
   37  gamma              1        22   29           0           0     -0.04309     -0.01775      1.32626      1.32708      0.00000
   38  K_L0               1       130   30           0           0     -0.41407     -0.28288     20.70496     20.71701      0.49767
 ==================================================================================================================================
                   sum charge:  0.00   sum momentum and inv. mass:     -0.00000     -0.00000    120.00000    140.00339     72.11760



                            Event listing (standard)

    I  particle/jet  K(I,1)   K(I,2) K(I,3)     K(I,4)      K(I,5)       P(I,1)       P(I,2)       P(I,3)       P(I,4)       P(I,5)

    1  !e-!              21        11    0           3           4      0.00000      0.00000    -10.00000     10.00000      0.00051
    2  !p+!              21      2212    0           5           0     -0.00000      0.00000    130.00000    130.00339      0.93827
 ==================================================================================================================================
    3  !e-!              21        11    1           0           0     -0.00049      1.96814     -9.84469     10.03949      0.00051
    4  !gamma!           21        22    1           0           0      0.00049     -1.96814     -0.15531     -0.03949     -1.97386
    5  !p+!              21      2212    2           0           0     -0.00000      0.00000    130.00000    130.00339      0.93827
    6  !gamma!           21        22    4           0           0      0.00050     -2.02503      0.79882      0.91801     -1.97386
    7  !u!               21         2    5           0           0     -0.00000      0.00715     16.22173     16.22173      0.00000
    8  !gamma!           21        22    6           0           0      0.00050     -2.02503      0.79882      0.91801     -1.97386
    9  !u!               21         2    7           0           0     -0.00000      0.00715     16.22173     16.22173      0.00000
   10  !u!               21         2    9           0           0      0.00050     -2.01788     17.02054     17.13974      0.00000
 ==================================================================================================================================
   11  e-                 1        11    3           0           0     -0.00049      1.96814     -9.84469     10.03949      0.00051
   12  (ud_0)        A   12      2101    5          15          15     -0.23573      0.31792     98.12853     98.13104      0.57933
   13  (g)           I   12        21   10          15          15      0.48005     -0.28133      3.44319      3.48786      0.00000
   14  (u)           V   11         2   10          15          15     -0.24384     -2.00473     28.27297     28.34500      0.00000
 ==================================================================================================================================
   15  (string)          11        92   12          16          21      0.00049     -1.96814    129.84469    129.96389      5.20558
   16  p+                 1      2212   15           0           0     -0.09828      0.31244     64.11082     64.11853      0.93827
   17  K-                 1      -321   15           0           0     -0.23422     -0.38370     13.75198     13.76817      0.49360
   18  (K*0)             11       313   15          22          23      0.23490     -0.53634     27.27347     27.29478      0.90568
   19  pi+                1       211   15           0           0      0.06996      0.09309      3.46342      3.46819      0.13957
   20  pi-                1      -211   15           0           0      0.20982     -1.31763     13.94721     14.01157      0.13957
   21  pi+                1       211   15           0           0     -0.18169     -0.13600      7.29779      7.30265      0.13957
   22  K+                 1       321   18           0           0      0.30637     -0.47530     25.92401     25.93488      0.49360
   23  pi-                1      -211   18           0           0     -0.07147     -0.06104      1.34945      1.35990      0.13957
 ==================================================================================================================================
                   sum charge:  0.00   sum momentum and inv. mass:      0.00000     -0.00000    120.00000    140.00339     72.11760



                            Event listing (standard)

    I  particle/jet  K(I,1)   K(I,2) K(I,3)     K(I,4)      K(I,5)       P(I,1)       P(I,2)       P(I,3)       P(I,4)       P(I,5)

    1  !e-!              21        11    0           3           4      0.00000      0.00000    -10.00000     10.00000      0.00051
    2  !p+!              21      2212    0           5           0     -0.00000      0.00000    130.00000    130.00339      0.93827
 ==================================================================================================================================
    3  !e-!              21        11    1           0           0      1.22148     -0.30101     -8.90337      8.99181      0.00051
    4  !gamma!           21        22    1           0           0     -1.22148      0.30101     -1.09663      1.00819     -1.32995
    5  !p+!              21      2212    2           0           0     -0.00000      0.00000    130.00000    130.00339      0.93827
    6  !dbar!            21        -1    4           0           0     -0.96565      0.35892     -0.51530      1.15188     -0.00000
    7  !d!               21         1    5           0           0     -0.02922     -0.08136     41.55735     41.55744     -0.00000
    8  !dbar!            21        -1    6           0           0     -0.96565      0.35892     -0.51530      1.15188      0.00000
    9  !d!               21         1    7           0           0     -0.02922     -0.08136     41.55735     41.55744      0.00000
   10  !dbar!            21        -1    0           0           0     -2.05398      0.72565      0.64663      2.29618      0.33000
   11  !d!               21         1    0           0           0      1.05911     -0.44809     40.39542     40.41314      0.33000
 ==================================================================================================================================
   12  (rho-)            11      -213    4          18          19     -0.04636     -0.22294      1.30025      1.46629      0.63834
   13  e-                 1        11    3           0           0      1.22148     -0.30101     -8.90337      8.99181      0.00051
   14  (dbar)        A   12        -1   10          20          20     -2.05398      0.72565      0.64663      2.29618      0.33000
   15  (d)           V   11         1   11          20          20      1.05911     -0.44809     40.39542     40.41314      0.33000
   16  (u)           A   12         2    4          26          26     -0.20934      0.16499      0.19579      0.46720      0.33000
   17  (uu_1)        V   11      2203    5          26          26      0.02908      0.08140     86.36528     86.36877      0.77133
 ==================================================================================================================================
   18  pi-                1      -211   12           0           0      0.09762     -0.34292      0.47931      0.61346      0.13957
   19  (pi0)             11       111   12          30          31     -0.14398      0.11998      0.82095      0.85282      0.13498
   20  (string)          11        92   14          21          25     -0.99487      0.27756     41.04205     42.70932     11.77154
   21  pi+                1       211   20           0           0     -0.45530      0.40158      0.33857      0.70900      0.13957
   22  (rho-)            11      -213   20          32          33     -1.14500     -0.14534      0.54112      1.49924      0.78915
   23  (rho+)            11       213   20          34          35     -0.12981      0.17700      0.93367      1.23941      0.78499
   24  (rho0)            11       113   20          36          37      0.46322      0.18454     33.59218     33.60663      0.85013
   25  pi-                1      -211   20           0           0      0.27202     -0.34022      5.63651      5.65504      0.13957
   26  (string)          11        92   16          27          29     -0.18026      0.24639     86.56107     86.83597      6.89739
   27  (K*+)             11       323   26          38          39     -0.16564      0.41658      3.49156      3.62028      0.84524
   28  (phi)             11       333   26          40          41      0.31988      0.22445      4.41257      4.54503      1.01676
   29  (Sigma*+)         11      3224   26          42          43     -0.33449     -0.39464     78.65694     78.67067      1.37556
   30  gamma              1        22   19           0           0     -0.00969     -0.00183      0.31863      0.31878      0.00000
   31  gamma              1        22   19           0           0     -0.13429      0.12181      0.50232      0.53404      0.00000
   32  pi-                1      -211   22           0           0     -0.87498     -0.32303      0.11878      0.95054      0.13957
   33  (pi0)             11       111   22          44          45     -0.27002      0.17768      0.42234      0.54870      0.13498
   34  pi+                1       211   23           0           0      0.05147     -0.25331      0.18619      0.34780      0.13957
   35  (pi0)             11       111   23          46          47     -0.18128      0.43031      0.74747      0.89161      0.13498
   36  pi-                1      -211   24           0           0      0.23647      0.30162     29.97636     29.97914      0.13957
   37  pi+                1       211   24           0           0      0.22675     -0.11708      3.61582      3.62750      0.13957
   38  (K0)              11       311   27          48          48      0.11650      0.12571      2.03484      2.10181      0.49767
   39  pi+                1       211   27           0           0     -0.28214      0.29088      1.45673      1.51847      0.13957
   40  (rho+)            11       213   28          49          50      0.37797      0.18744      3.47532      3.59494      0.81717
   41  pi-                1      -211   28           0           0     -0.05809      0.03701      0.93725      0.95009      0.13957
   42  (Lambda0)         11      3122   29          51          52     -0.11864     -0.23149     56.29284     56.30449      1.11568
   43  pi+                1       211   29           0           0     -0.21585     -0.16315     22.36410     22.36617      0.13957
   44  gamma              1        22   33           0           0     -0.06538     -0.00071      0.03087      0.07231      0.00000
   45  gamma              1        22   33           0           0     -0.20463      0.17840      0.39147      0.47639      0.00000
   46  gamma              1        22   35           0           0     -0.03547      0.21976      0.27136      0.35099      0.00000
   47  gamma              1        22   35           0           0     -0.14581      0.21055      0.47611      0.54062      0.00000
   48  K_L0               1       130   38           0           0      0.11650      0.12571      2.03484      2.10181      0.49767
   49  pi+                1       211   40           0           0      0.25772      0.04776      0.34045      0.45176      0.13957
   50  (pi0)             11       111   40          53          54      0.12024      0.13968      3.13486      3.14318      0.13498
   51  p+                 1      2212   42           0           0     -0.08150     -0.22197     43.09162     43.10248      0.93827
   52  pi-                1      -211   42           0           0     -0.03714     -0.00952     13.20122     13.20201      0.13957
   53  gamma              1        22   50           0           0      0.13148      0.08612      1.69454      1.70181      0.00000
   54  gamma              1        22   50           0           0     -0.01124      0.05356      1.44033      1.44137      0.00000
 ==================================================================================================================================
                   sum charge:  0.00   sum momentum and inv. mass:     -0.00000     -0.00000    120.00000    140.00339     72.11760



                            Event listing (standard)

    I  particle/jet  K(I,1)   K(I,2) K(I,3)     K(I,4)      K(I,5)       P(I,1)       P(I,2)       P(I,3)       P(I,4)       P(I,5)

    1  !e-!              21        11    0           3           4      0.00000      0.00000    -10.00000     10.00000      0.00051
    2  !p+!              21      2212    0           5           0     -0.00000      0.00000    130.00000    130.00339      0.93827
 ==================================================================================================================================
    3  !e-!              21        11    1           0           0      1.89516      0.67350     -9.85431     10.05746      0.00051
    4  !gamma!           21        22    1           0           0     -1.89516     -0.67350     -0.14569     -0.05746     -2.01573
    5  !p+!              21      2212    2           0           0      0.00000      0.00000    130.00000    130.00339      0.93827
    6  !g!               21        21    4           0           0      0.00000      0.00000      0.00000      0.00000      0.00000
    7  !g!               21        21    5           0           0      0.00000      0.00000      0.00000      0.00000      0.00000
    8  !g!               21        21    6           0           0      0.00000      0.00000      0.00000      0.00000      0.00000
    9  !g!               21        21    7           0           0      0.00000      0.00000      0.00000      0.00000      0.00000
   10  !g!               21        21    0           0           0      0.00000      0.00000      0.00000      0.00000      0.00000
   11  !g!               21        21    0           0           0      0.00000      0.00000      0.00000      0.00000      0.00000
 ==================================================================================================================================
   12  e-                 1        11    3           0           0      1.89516      0.67350     -9.85431     10.05746      0.00051
   13  (u)           A   12         2    4          20          20     -1.59668     -0.37768     19.21975     19.29247      0.33000
   14  (ud_1)        V   11      2103    5          20          20     -0.43015     -0.02861     81.71074     81.71552      0.77133
   15  (ubar)        A   12        -2    4          17          17     -0.01115     -0.19371     22.74399     22.74721      0.33000
   16  (u)           V   11         2    5          17          17      0.14282     -0.07350      6.17983      6.19072      0.33000
   17  (cluster)         11        91   15          18          19      0.13167     -0.26722     28.92382     28.93793      0.85306
   18  pi-                1      -211   17           0           0      0.07807     -0.14680      1.74744      1.76087      0.13957
   19  pi+                1       211   17           0           0      0.05360     -0.12042     27.17638     27.17706      0.13957
 ==================================================================================================================================
   20  (string)          11        92   13          21          23     -2.02683     -0.40629    100.93049    101.00799      3.37319
   21  (pi0)             11       111   20          24          25     -0.71483     -0.31950     10.07633     10.10761      0.13498
   22  (pi0)             11       111   20          26          27     -0.48536      0.11796     64.51737     64.51945      0.13498
   23  (Delta+)          11      2214   20          28          29     -0.82665     -0.20475     26.33678     26.38094      1.26590
   24  gamma              1        22   21           0           0     -0.70566     -0.33068      9.94388      9.97437      0.00000
   25  gamma              1        22   21           0           0     -0.00916      0.01118      0.13245      0.13324      0.00000
   26  gamma              1        22   22           0           0     -0.28644      0.00060     35.56308     35.56423      0.00000
   27  gamma              1        22   22           0           0     -0.19892      0.11736     28.95430     28.95522      0.00000
   28  n0                 1      2112   23           0           0     -0.41860     -0.28883     20.37121     20.39921      0.93957
   29  pi+                1       211   23           0           0     -0.40805      0.08408      5.96557      5.98173      0.13957
 ==================================================================================================================================
                   sum charge:  0.00   sum momentum and inv. mass:     -0.00000     -0.00000    120.00000    140.00339     72.11760



                            Event listing (standard)

    I  particle/jet  K(I,1)   K(I,2) K(I,3)     K(I,4)      K(I,5)       P(I,1)       P(I,2)       P(I,3)       P(I,4)       P(I,5)

    1  !e-!              21        11    0           3           4      0.00000      0.00000    -10.00000     10.00000      0.00051
    2  !p+!              21      2212    0           5           0     -0.00000      0.00000    130.00000    130.00339      0.93827
 ==================================================================================================================================
    3  !e-!              21        11    1           0           0     -0.43168      1.03077     -9.91492      9.97770      0.00051
    4  !gamma!           21        22    1           0           0      0.43168     -1.03077     -0.08508      0.02230     -1.12052
    5  !p+!              21      2212    2           0           0     -0.00000     -0.00000    130.00000    130.00339      0.93827
    6  !gamma!           21        22    4           0           0      0.44523     -1.06313      0.27374      0.38451     -1.12052
    7  !u!               21         2    5           0           0     -0.00059      0.00141      5.65167      5.65167      0.00000
    8  !gamma!           21        22    6           0           0      0.44523     -1.06313      0.27374      0.38451     -1.12052
    9  !u!               21         2    7           0           0     -0.00059      0.00141      5.65167      5.65167      0.00000
   10  !u!               21         2    9           0           0      0.44464     -1.06172      5.92540      6.03617      0.00000
 ==================================================================================================================================
   11  e-                 1        11    3           0           0     -0.43168      1.03077     -9.91492      9.97770      0.00051
   12  (u)           A   12         2   10          14          14     -0.25480     -1.08785      5.75196      5.85947      0.00000
   13  (ud_0)        V   11      2101    5          14          14      0.68648      0.05708    124.16296    124.16622      0.57933
 ==================================================================================================================================
   14  (string)          11        92   12          15          19      0.43168     -1.03077    129.91492    130.02569      5.24837
   15  pi+                1       211   14           0           0      0.14541     -0.74282      6.09060      6.13904      0.13957
   16  (rho0)            11       113   14          20          21      0.03775      0.29484     18.36053     18.37725      0.72533
   17  (rho-)            11      -213   14          22          23      0.38491     -0.26386     38.66569     38.67754      0.83577
   18  (rho+)            11       213   14          24          25     -0.33114     -0.51409     13.34764     13.37243      0.53709
   19  n0                 1      2112   14           0           0      0.19475      0.19516     53.45046     53.45943      0.93957
   20  pi+                1       211   16           0           0     -0.03448      0.39889     16.80519     16.81054      0.13957
   21  pi-                1      -211   16           0           0      0.07223     -0.10404      1.55534      1.56672      0.13957
   22  pi-                1      -211   17           0           0      0.14053     -0.50266     28.68575     28.69084      0.13957
   23  (pi0)             11       111   17          26          27      0.24438      0.23880      9.97994      9.98670      0.13498
   24  pi+                1       211   18           0           0     -0.34427     -0.18057      9.17265      9.18194      0.13957
   25  (pi0)             11       111   18          28          29      0.01312     -0.33353      4.17499      4.19049      0.13498
   26  gamma              1        22   23           0           0      0.15798      0.06281      4.21650      4.21993      0.00000
   27  gamma              1        22   23           0           0      0.08640      0.17600      5.76343      5.76677      0.00000
   28  gamma              1        22   25           0           0      0.04116     -0.32779      3.74381      3.75836      0.00000
   29  gamma              1        22   25           0           0     -0.02803     -0.00574      0.43118      0.43213      0.00000
 ==================================================================================================================================
                   sum charge:  0.00   sum momentum and inv. mass:     -0.00000      0.00000    120.00000    140.00339     72.11760



                            Event listing (standard)

    I  particle/jet  K(I,1)   K(I,2) K(I,3)     K(I,4)      K(I,5)       P(I,1)       P(I,2)       P(I,3)       P(I,4)       P(I,5)

    1  !e-!              21        11    0           3           4      0.00000      0.00000    -10.00000     10.00000      0.00051
    2  !p+!              21      2212    0           5           0     -0.00000      0.00000    130.00000    130.00339      0.93827
 ==================================================================================================================================
    3  !e-!              21        11    1           0           0     -0.64672      1.36623     -9.89003     10.00488      0.00051
    4  !gamma!           21        22    1           0           0      0.64672     -1.36623     -0.10997     -0.00488     -1.51555
    5  !p+!              21      2212    2           0           0     -0.00000      0.00000    130.00000    130.00339      0.93827
    6  !gamma!           21        22    4           0           0      0.66739     -1.40990      0.57425      0.68271     -1.51555
    7  !u!               21         2    5           0           0     -0.00168      0.00356     10.53192     10.53192      0.00000
    8  !gamma!           21        22    6           0           0      0.66739     -1.40990      0.57425      0.68271     -1.51555
    9  !u!               21         2    7           0           0     -0.00168      0.00356     10.53192     10.53192      0.00000
   10  !u!               21         2    9           0           0      0.66571     -1.40635     11.10617     11.21463      0.00000
 ==================================================================================================================================
   11  e-                 1        11    3           0           0     -0.64672      1.36623     -9.89003     10.00488      0.00051
   12  (u)           A   12         2   10          14          14      1.08242     -1.65279     18.40339     18.50914      0.00000
   13  (ud_0)        V   11      2101    5          14          14     -0.43570      0.28656    111.48665    111.48937      0.57933
 ==================================================================================================================================
   14  (string)          11        92   12          15          17      0.64672     -1.36623    129.89003    129.99851      5.08975
   15  (eta)             11       221   14          18          20      0.42624     -1.08668     13.70837     13.76887      0.54745
   16  (rho0)            11       113   14          21          22      0.63031      0.00262     13.07694     13.11944      0.84628
   17  p+                 1      2212   14           0           0     -0.40984     -0.28217    103.10472    103.11019      0.93827
   18  pi-                1      -211   15           0           0      0.01784     -0.19272      3.79607      3.80356      0.13957
   19  pi+                1       211   15           0           0      0.19008     -0.35823      4.56795      4.58804      0.13957
   20  (pi0)             11       111   15          23          24      0.21833     -0.53573      5.34435      5.37727      0.13498
   21  pi+                1       211   16           0           0      0.65900      0.28686      9.68532      9.71295      0.13957
   22  pi-                1      -211   16           0           0     -0.02869     -0.28425      3.39162      3.40649      0.13957
   23  gamma              1        22   20           0           0      0.21140     -0.49658      5.18570      5.21371      0.00000
   24  gamma              1        22   20           0           0      0.00693     -0.03914      0.15865      0.16356      0.00000
 ==================================================================================================================================
                   sum charge:  0.00   sum momentum and inv. mass:     -0.00000      0.00000    120.00000    140.00339     72.11760



                            Event listing (standard)

    I  particle/jet  K(I,1)   K(I,2) K(I,3)     K(I,4)      K(I,5)       P(I,1)       P(I,2)       P(I,3)       P(I,4)       P(I,5)

    1  !e-!              21        11    0           3           4      0.00000      0.00000    -10.00000     10.00000      0.00051
    2  !p+!              21      2212    0           5           0     -0.00000      0.00000    130.00000    130.00339      0.93827
 ==================================================================================================================================
    3  !e-!              21        11    1           0           0     -0.49256     -0.85580     -9.25284      9.30538      0.00051
    4  !gamma!           21        22    1           0           0      0.49256      0.85580     -0.74716      0.69462     -1.02507
    5  !p+!              21      2212    2           0           0     -0.00000      0.00000    130.00000    130.00339      0.93827
    6  !gamma!           21        22    4           0           0      0.48933      0.85019     -0.38026      1.05208     -0.00000
    7  !ubar!            21        -2    5           0           0     -0.06096      0.04814      1.75431      1.75602     -0.00000
    8  !gamma!           21        22    6           0           0      0.48933      0.85019     -0.38026      1.05208      0.00000
    9  !ubar!            21        -2    7           0           0     -0.06096      0.04814      1.75431      1.75602      0.00000
   10  !g!               21        21    0           0           0      1.29214      0.24093      0.73204      1.50451      0.00000
   11  !ubar!            21        -2    0           0           0     -0.86377      0.65740      0.64200      1.30359      0.33000
 ==================================================================================================================================
   12  (Delta++)         11      2224    5          18          19      0.04187     -0.26306     99.57464     99.58296      1.25932
   13  e-                 1        11    3           0           0     -0.49256     -0.85580     -9.25284      9.30538      0.00051
   14  (ubar)        A   12        -2   11          20          20     -0.57521      0.45836      0.45597      0.92616      0.33000
   15  (g)           I   12        21   10          20          20      1.18400      0.41094      0.37383      1.30785      0.00000
   16  (g)           I   12        21   10          20          20     -0.18042      0.02903      0.54424      0.57410      0.00000
   17  (d)           V   11         1    5          20          20      0.02232      0.22053     28.30416     28.30695      0.33000
 ==================================================================================================================================
   18  p+                 1      2212   12           0           0     -0.03507     -0.18281     57.61675     57.62469      0.93827
   19  pi+                1       211   12           0           0      0.07694     -0.08026     41.95789     41.95827      0.13957
   20  (string)          11        92   14          21          25      0.45069      1.11886     29.67820     31.11505      9.26801
   21  pi-                1      -211   20           0           0     -0.58219      0.39803      0.20465      0.74749      0.13957
   22  (Kbar0)           11      -311   20          26          26      1.11812      0.71793      1.02274      1.74908      0.49767
   23  (K0)              11       311   20          27          27      0.25396     -0.31666      1.92879      2.03290      0.49767
   24  (rho+)            11       213   20          28          29     -0.35426      0.59347     11.66562     11.70592      0.68123
   25  (rho-)            11      -213   20          30          31      0.01506     -0.27391     14.85640     14.87967      0.78529
   26  (K_S0)            11       310   22          32          33      1.11812      0.71793      1.02274      1.74908      0.49767
   27  K_L0               1       130   23           0           0      0.25396     -0.31666      1.92879      2.03290      0.49767
   28  pi+                1       211   24           0           0     -0.44369      0.29521      9.27262      9.28897      0.13957
   29  (pi0)             11       111   24          34          35      0.08943      0.29826      2.39300      2.41694      0.13498
   30  pi-                1      -211   25           0           0     -0.11482      0.22283      3.98498      3.99530      0.13957
   31  (pi0)             11       111   25          36          37      0.12988     -0.49673     10.87142     10.88438      0.13498
   32  pi+                1       211   26           0           0      0.97255      0.71134      0.92157      1.52336      0.13957
   33  pi-                1      -211   26           0           0      0.14557      0.00659      0.10117      0.22572      0.13957
   34  gamma              1        22   29           0           0      0.07220      0.04660      0.52392      0.53093      0.00000
   35  gamma              1        22   29           0           0      0.01723      0.25166      1.86907      1.88602      0.00000
   36  gamma              1        22   31           0           0      0.12391     -0.49685     10.13318     10.14611      0.00000
   37  gamma              1        22   31           0           0      0.00598      0.00012      0.73824      0.73826      0.00000
 ==================================================================================================================================
                   sum charge:  0.00   sum momentum and inv. mass:      0.00000     -0.00000    120.00000    140.00339     72.11760



                            Event listing (standard)

    I  particle/jet  K(I,1)   K(I,2) K(I,3)     K(I,4)      K(I,5)       P(I,1)       P(I,2)       P(I,3)       P(I,4)       P(I,5)

    1  !e-!              21        11    0           3           4      0.00000      0.00000    -10.00000     10.00000      0.00051
    2  !p+!              21      2212    0           5           0     -0.00000      0.00000    130.00000    130.00339      0.93827
 ==================================================================================================================================
    3  !e-!              21        11    1           0           0     -0.17348      1.36678     -9.74286      9.83979      0.00051
    4  !gamma!           21        22    1           0           0      0.17348     -1.36678     -0.25714      0.16021     -1.39235
    5  !p+!              21      2212    2           0           0     -0.00000     -0.00000    130.00000    130.00339      0.93827
    6  !rho0!            21       113    4           0           0      0.27339     -0.89149      1.82736      2.18522      0.75262
    7  !p_diffr+!        21   9902210    5           0           0     -0.09991     -0.47529    127.91549    127.97838      3.98206
 ==================================================================================================================================
    8  (rho0)            11       113    6           9          10      0.27339     -0.89149      1.82736      2.18522      0.75262
    9  pi-                1      -211    8           0           0      0.17337     -0.06020      0.89550      0.92471      0.13957
   10  pi+                1       211    8           0           0      0.10001     -0.83129      0.93186      1.26051      0.13957
   11  (ud_1)        A   12      2103    7          15          15     -0.13887     -0.31116    121.70573    121.70865      0.77133
   12  (g)           I   12        21    7          15          15      0.03900     -0.12646      0.14667      0.19755      0.00000
   13  (u)           V   11         2    7          15          15     -0.00003     -0.03767      6.06309      6.07218      0.33000
   14  e-                 1        11    3           0           0     -0.17348      1.36678     -9.74286      9.83979      0.00051
 ==================================================================================================================================
   15  (string)          11        92   11          16          18     -0.09991     -0.47529    127.91549    127.97838      3.98206
   16  (Delta0)          11      2114   15          19          20      0.06929     -0.28371     94.17100     94.17956      1.23577
   17  pi+                1       211   15           0           0      0.16817     -0.10094     23.99540     23.99660      0.13957
   18  (eta')            11       331   15          21          23     -0.33737     -0.09064      9.74909      9.80221      0.95735
   19  n0                 1      2112   16           0           0      0.26733     -0.20658     81.00942     81.01557      0.93957
   20  (pi0)             11       111   16          24          25     -0.19804     -0.07713     13.16158     13.16399      0.13498
   21  (pi0)             11       111   18          26          27     -0.06931      0.02420      1.53032      1.53801      0.13498
   22  (pi0)             11       111   18          28          29     -0.05942      0.02255      3.99397      3.99675      0.13498
   23  (eta)             11       221   18          30          32     -0.20864     -0.13738      4.22481      4.26745      0.54745
   24  gamma              1        22   20           0           0      0.00795      0.01850      0.56092      0.56128      0.00000
   25  gamma              1        22   20           0           0     -0.20599     -0.09563     12.60067     12.60271      0.00000
   26  gamma              1        22   21           0           0     -0.06009      0.03240      0.30149      0.30912      0.00000
   27  gamma              1        22   21           0           0     -0.00922     -0.00820      1.22883      1.22889      0.00000
   28  gamma              1        22   22           0           0     -0.05793      0.03111      0.77807      0.78084      0.00000
   29  gamma              1        22   22           0           0     -0.00148     -0.00857      3.21590      3.21591      0.00000
   30  (pi0)             11       111   23          33          34     -0.00986     -0.05376      1.54612      1.55296      0.13498
   31  (pi0)             11       111   23          35          36      0.00495      0.04696      0.56975      0.58742      0.13498
   32  (pi0)             11       111   23          37          38     -0.20374     -0.13058      2.10894      2.12706      0.13498
   33  gamma              1        22   30           0           0     -0.06001      0.00797      0.88690      0.88897      0.00000
   34  gamma              1        22   30           0           0      0.05014     -0.06173      0.65921      0.66399      0.00000
   35  gamma              1        22   31           0           0      0.05140      0.05747      0.19555      0.21021      0.00000
   36  gamma              1        22   31           0           0     -0.04645     -0.01052      0.37420      0.37722      0.00000
   37  gamma              1        22   32           0           0     -0.12352     -0.11189      0.89853      0.91385      0.00000
   38  gamma              1        22   32           0           0     -0.08021     -0.01869      1.21041      1.21321      0.00000
 ==================================================================================================================================
                   sum charge:  0.00   sum momentum and inv. mass:      0.00000     -0.00000    120.00000    140.00339     72.11760

 Advisory warning: maximum violated by  1.154D+00 in event      95
 XSEC(96,1) increased to  1.337D-02

 Advisory warning: maximum violated by  1.070D+00 in event     600
 XSEC(96,1) increased to  1.431D-02

 Advisory warning: maximum violated by  1.834D+00 in event    1014
 XSEC(96,1) increased to  2.624D-02
1********* PYSTAT:  Statistics on Number of Events and Cross-sections *********

 ==============================================================================
 I                                  I                            I            I
 I            Subprocess            I      Number of points      I    Sigma   I
 I                                  I                            I            I
 I----------------------------------I----------------------------I    (mb)    I
 I                                  I                            I            I
 I N:o Type                         I    Generated         Tried I            I
 I                                  I                            I            I
 ==============================================================================
 I                                  I                            I            I
 I   0 All included subprocesses    I       500000      11710300 I  6.394D-04 I
 I  11 f + f' -> f + f' (QCD)       I        11734             0 I  9.535D-06 I
 I  12 f + fbar -> f' + fbar'       I          294             0 I  2.445D-07 I
 I  13 f + fbar -> g + g            I          327             0 I  2.557D-07 I
 I  28 f + g -> f + g               I        28471             0 I  2.316D-05 I
 I  53 g + g -> f + fbar            I          295             0 I  1.935D-07 I
 I  68 g + g -> g + g               I        12742             0 I  8.511D-06 I
 I  91 Elastic scattering           I        28483        445790 I  3.304D-05 I
 I  92 Single diffractive (XB)      I        13784        341613 I  1.621D-05 I
 I  93 Single diffractive (AX)      I        11084        278320 I  1.308D-05 I
 I  94 Double  diffractive          I         7064        272127 I  7.870D-06 I
 I  95 Low-pT scattering            I        44363        128265 I  1.066D-04 I
 I  99 q + gamma* -> q              I       316425       1614112 I  3.897D-04 I
 I 131 f + gamma*_T -> f + g        I         8447        157035 I  1.035D-05 I
 I 132 f + gamma*_L -> f + g        I          442          7444 I  5.472D-07 I
 I 135 g + gamma*_T -> f + fbar     I        13112        444276 I  1.633D-05 I
 I 136 g + gamma*_L -> f + fbar     I         2933         71470 I  3.669D-06 I
 I                                  I                            I            I
 ==============================================================================
 I                                  I                            I            I
 I   1 VMD * hadron                 I        84288       6084023 I  1.235D-04 I
 I   2 direct * hadron              I        24934        680225 I  3.090D-05 I
 I   3 anomalous * hadron           I        74353       3331940 I  9.525D-05 I
 I   4 DIS * hadron                 I       316425       1614112 I  3.897D-04 I
 I                                  I                            I            I
 ==============================================================================

 ********* Total number of errors, excluding junctions =        0 *************
 ********* Total number of errors, including junctions =        0 *************
 ********* Total number of warnings =                           0 *************
 ********* Fraction of events that fail fragmentation cuts =  0.04544 *********

1************ PYSTAT: User-Defined Limits on Kinematical Variables ************

 ==============================================================================
 I                                                                            I
 I                 0.000D+00 <  m_hard (GeV/c^2)  <  6.085D+00                I
 I    0.000D+00 ( 1.000D+00) <  p_T_hard (GeV/c)  <  3.043D+00                I
 I                             m_finite (GeV/c^2) =  1.000D+00                I
 I                -1.000D+01 <    y*_subsystem    <  1.000D+01                I
 I                -4.000D+01 <      y*_large      <  4.000D+01                I
 I                -4.000D+01 <      y*_small      <  4.000D+01                I
 I                -4.000D+01 <     eta*_large     <  4.000D+01                I
 I                -4.000D+01 <     eta*_small     <  4.000D+01                I
 I                -1.000D+00 < cos(theta*)_large  <  1.000D+00                I
 I                -1.000D+00 < cos(theta*)_small  <  1.000D+00                I
 I                 0.000D+00 <        x_1         <  1.000D+00                I
 I                 0.000D+00 <        x_2         <  1.000D+00                I
 I                -1.000D+00 <        x_F         <  1.000D+00                I
 I                -1.000D+00 <  cos(theta_hard)   <  1.000D+00                I
 I                 2.000D+00 < m'_hard (GeV/c^2)  <  6.085D+00                I
 I                                                                            I
 ==============================================================================
 The charm mass used is:    1.5000000000000000     
 ===================================================
 Pythia total cross section normalisation:  0.63936487002686149       microbarn
 Total Number of generated events      500000
 Total Number of trials      500000
 ===================================================

 ===== PDFSTA statistics for PDF under/over-flows ====

 ====== STRUCTM statistics for nucleon/pion PDFs =====

   total # of calls    10041811.000000000     
   X  below PDF min    0.0000000000000000       or    0.0000000000000000       %
   X  above PDF max    0.0000000000000000       or    0.0000000000000000       %
   Q2 below PDF min    0.0000000000000000       or    0.0000000000000000       %
   Q2 above PDF max    0.0000000000000000       or    0.0000000000000000       %

 ========= STRUCTP statistics for photon PDFs ========

   total # of calls    0.0000000000000000     

