1                                                                              
 ******************************************************************************
 ******************************************************************************
 **                                                                          **
 **                                                                          **
 **              *......*                  Welcome to the Lund Monte Carlo!  **
 **         *:::!!:::::::::::*                                               **
 **      *::::::!!::::::::::::::*          PPP  Y   Y TTTTT H   H III   A    **
 **    *::::::::!!::::::::::::::::*        P  P  Y Y    T   H   H  I   A A   **
 **   *:::::::::!!:::::::::::::::::*       PPP    Y     T   HHHHH  I  AAAAA  **
 **   *:::::::::!!:::::::::::::::::*       P      Y     T   H   H  I  A   A  **
 **    *::::::::!!::::::::::::::::*!       P      Y     T   H   H III A   A  **
 **      *::::::!!::::::::::::::* !!                                         **
 **      !! *:::!!:::::::::::*    !!       This is PYTHIA version 6.428      **
 **      !!     !* -><- *         !!       Last date of change:  5 Sep 2013  **
 **      !!     !!                !!                                         **
 **      !!     !!                !!       Now is  0 Jan 2000 at  0:00:00    **
 **      !!                       !!                                         **
 **      !!        lh             !!       Disclaimer: this program comes    **
 **      !!                       !!       without any guarantees. Beware    **
 **      !!                 hh    !!       of errors and use common sense    **
 **      !!    ll                 !!       when interpreting results.        **
 **      !!                       !!                                         **
 **      !!                                Copyright T. Sjostrand (2011)     **
 **                                                                          **
 ** An archive of program versions and documentation is found on the web:    **
 ** http://www.thep.lu.se/~torbjorn/Pythia.html                              **
 **                                                                          **
 ** When you cite this program, the official reference is to the 6.4 manual: **
 ** T. Sjostrand, S. Mrenna and P. Skands, JHEP05 (2006) 026                 **
 ** (LU TP 06-13, FERMILAB-PUB-06-052-CD-T) [hep-ph/0603175].                **
 **                                                                          **
 ** Also remember that the program, to a large extent, represents original   **
 ** physics research. Other publications of special relevance to your        **
 ** studies may therefore deserve separate mention.                          **
 **                                                                          **
 ** Main author: Torbjorn Sjostrand; Department of Theoretical Physics,      **
 **   Lund University, Solvegatan 14A, S-223 62 Lund, Sweden;                **
 **   phone: + 46 - 46 - 222 48 16; e-mail: torbjorn@thep.lu.se              **
 ** Author: Stephen Mrenna; Computing Division, GDS Group,                   **
 **   Fermi National Accelerator Laboratory, MS 234, Batavia, IL 60510, USA; **
 **   phone: + 1 - 630 - 840 - 2556; e-mail: mrenna@fnal.gov                 **
 ** Author: Peter Skands; CERN/PH-TH, CH-1211 Geneva, Switzerland            **
 **   phone: + 41 - 22 - 767 24 47; e-mail: peter.skands@cern.ch             **
 **                                                                          **
 **                                                                          **
 ******************************************************************************
 ******************************************************************************
     MSEL           changed from              1 to              2
     MSTP(14)       changed from             30 to             30
     MSTP(15)       changed from              0 to              0
     MSTP(16)       changed from              1 to              1
     MSTP(17)       changed from              4 to              4
     MSTP(18)       changed from              3 to              3
     MSTP(19)       changed from              4 to              1
     MSTP(20)       changed from              3 to              0
     MSTP(32)       changed from              8 to              8
     MSTP(38)       changed from              5 to              4
     MSTP(51)       changed from              7 to          10050
     MSTP(52)       changed from              1 to              2
     MSTP(53)       changed from              3 to              3
     MSTP(54)       changed from              1 to              1
     MSTP(55)       changed from              5 to              5
     MSTP(56)       changed from              1 to              1
     MSTP(57)       changed from              1 to              1
     MSTP(58)       changed from              5 to              5
     MSTP(59)       changed from              1 to              1
     MSTP(60)       changed from              7 to              7
     MSTP(61)       changed from              2 to              2
     MSTP(71)       changed from              1 to              1
     MSTP(81)       changed from              1 to              0
     MSTP(82)       changed from              4 to              1
     MSTP(91)       changed from              1 to              1
     MSTP(92)       changed from              3 to              3
     MSTP(93)       changed from              1 to              1
     MSTP(101)      changed from              3 to              3
     MSTP(102)      changed from              1 to              1
     MSTP(111)      changed from              1 to              1
     MSTP(121)      changed from              0 to              0
     PARP(13)       changed from        1.00000 to        1.00000
     PARP(18)       changed from        0.40000 to        0.40000
     PARP(81)       changed from        1.90000 to        1.90000
     PARP(89)       changed from     1800.00000 to     1800.00000
     PARP(90)       changed from        0.25000 to        0.16000
     PARP(91)       changed from        2.00000 to        0.40000
     PARP(93)       changed from        5.00000 to        5.00000
     PARP(99)       changed from        1.00000 to        0.40000
     PARP(100)      changed from        5.00000 to        5.00000
     PARP(102)      changed from        0.28000 to        0.28000
     PARP(103)      changed from        1.00000 to        1.00000
     PARP(104)      changed from        0.80000 to        0.80000
     PARP(111)      changed from        2.00000 to        2.00000
     PARP(161)      changed from        2.20000 to        3.00000
     PARP(162)      changed from       23.60000 to       24.60000
     PARP(163)      changed from       18.40000 to       18.80000
     PARP(164)      changed from       11.50000 to       11.50000
     PARP(165)      changed from        0.50000 to        0.47679
     PARP(166)      changed from        0.00000 to        0.67597
     PARJ(1)        changed from        0.10000 to        0.10000
     PARJ(2)        changed from        0.30000 to        0.30000
     PARJ(11)       changed from        0.50000 to        0.50000
     PARJ(12)       changed from        0.60000 to        0.60000
     PARJ(21)       changed from        0.36000 to        0.40000
     PARJ(32)       changed from        1.00000 to        1.00000
     PARJ(33)       changed from        0.80000 to        0.80000
     PARJ(41)       changed from        0.30000 to        0.30000
     PARJ(42)       changed from        0.58000 to        0.58000
     PARJ(45)       changed from        0.50000 to        0.50000
     MSTJ(1)        changed from              1 to              1
     MSTJ(12)       changed from              2 to              1
     MSTJ(45)       changed from              5 to              5
     MSTU(112)      changed from              5 to              5
     MSTU(113)      changed from              3 to              5
     MSTU(114)      changed from              5 to              5
     CKIN(1)        changed from        2.00000 to        1.00000
     CKIN(2)        changed from       -1.00000 to       -1.00000
     CKIN(3)        changed from        0.00000 to        0.00000
     CKIN(4)        changed from       -1.00000 to       -1.00000
     CKIN(5)        changed from        1.00000 to        1.00000
     CKIN(6)        changed from        1.00000 to        1.00000
     CKIN(7)        changed from      -10.00000 to      -10.00000
     CKIN(8)        changed from       10.00000 to       10.00000
     CKIN(9)        changed from      -40.00000 to      -40.00000
     CKIN(10)       changed from       40.00000 to       40.00000
     CKIN(11)       changed from      -40.00000 to      -40.00000
     CKIN(12)       changed from       40.00000 to       40.00000
     CKIN(13)       changed from      -40.00000 to      -40.00000
     CKIN(14)       changed from       40.00000 to       40.00000
     CKIN(15)       changed from      -40.00000 to      -40.00000
     CKIN(16)       changed from       40.00000 to       40.00000
     CKIN(17)       changed from       -1.00000 to       -1.00000
     CKIN(18)       changed from        1.00000 to        1.00000
     CKIN(19)       changed from       -1.00000 to       -1.00000
     CKIN(20)       changed from        1.00000 to        1.00000
     CKIN(21)       changed from        0.00000 to        0.00000
     CKIN(22)       changed from        1.00000 to        1.00000
     CKIN(23)       changed from        0.00000 to        0.00000
     CKIN(24)       changed from        1.00000 to        1.00000
     CKIN(25)       changed from       -1.00000 to       -1.00000
     CKIN(26)       changed from        1.00000 to        1.00000
     CKIN(27)       changed from       -1.00000 to       -1.00000
     CKIN(28)       changed from        1.00000 to        1.00000
     CKIN(31)       changed from        2.00000 to        2.00000
     CKIN(32)       changed from       -1.00000 to       -1.00000
     CKIN(35)       changed from        0.00000 to        0.00000
     CKIN(36)       changed from       -1.00000 to       -1.00000
     CKIN(37)       changed from        0.00000 to        0.00000
     CKIN(38)       changed from       -1.00000 to       -1.00000
     CKIN(39)       changed from        4.00000 to        4.00000
     CKIN(40)       changed from       -1.00000 to       -1.00000
     CKIN(65)       changed from        0.00000 to        0.00000
     CKIN(66)       changed from       -1.00000 to       -1.00000
     CKIN(67)       changed from        0.00000 to        0.00000
     CKIN(68)       changed from       -1.00000 to       -1.00000
     CKIN(77)       changed from        2.00000 to        2.00000
     CKIN(78)       changed from       -1.00000 to       -1.00000
 *********************************************
 NOW all parameters are read by PYTHIA
 *********************************************
 SEED =   1050316416
 RANLUX LUXURY LEVEL SET BY RLUXGO : 4     P= 389
 RANLUX INITIALIZED BY RLUXGO FROM SEEDS  1050316416           0           0
   2771.0935550343875        10.000000000000000       -2771.0935550343875       -10.0000000    
 *********************************************
 proton beam momentum:   130.000000     GeV
 lepton beam momentum:   10.0000000     GeV
 resulting sqrt(s):   72.117599099066553      GeV
 *********************************************
1****************** PYINIT: initialization of PYTHIA routines *****************
 ==== PYTHIA WILL USE LHAPDF ====
 *************************************
 *       LHAPDF Version 5.9.1        *
 *   Configured for the following:   *
 *             All PDFs              *
 *         FULL MEMORY option        *
 *    Maximum  3 concurrent set(s)   *
 *************************************

 >>>>>> PDF description: <<<<<<
 CTEQ6M                                                          
 Reference:                                                      
 J. Pumplin, D.R. Stump, J. Huston, H.L. Lai, P. Nadolsky,       
 W.K. Tung                                                       
 hep-ph/0201195                                                  
 This set has 41 member PDFs.                                    
     mem=0 --> central value (cteq6m)                            
     mem=1-40 --> 20 sets of +ve/-ve error values                
 >>>>>>                   <<<<<<

 ==============================================
 PDFset name /cvmfs/sft.cern.ch/lcg/external/lhapdfsets/5.9.1/share/PDFsets/cteq6mE.LHgrid   
 with         40 members
 ====  initialized. ===========================
 Strong coupling at Mz for PDF is:  0.11798

 ==============================================================================
 I                                                                            I
 I      PYTHIA will be initialized for gamma/e- on p+ user configuration      I
 I                                                                            I
 I                  px (GeV/c)   py (GeV/c)   pz (GeV/c)      E (GeV)         I
 I        gamma/e-       0.000        0.000      -10.000       10.000         I
 I        p+             0.000        0.000      130.000      130.003         I
 I                                                                            I
 I           corresponding to     72.118 GeV center-of-mass energy            I
 I                                                                            I
 ==============================================================================

 ******** PYMAXI: summary of differential cross-section maximum search ********

           ==========================================================
           I                                      I                 I
           I  ISUB  Subprocess name               I  Maximum value  I
           I                                      I                 I
           ==========================================================
           I                                      I                 I
           I   91   Elastic scattering            I    4.1710D-04   I
           I   92   Single diffractive (XB)       I    3.1940D-04   I
           I   93   Single diffractive (AX)       I    2.6141D-04   I
           I   94   Double  diffractive           I    2.4494D-04   I
           I   95   Low-pT scattering             I    1.9207D-03   I
           I   96   Semihard QCD 2 -> 2           I    1.7479D-02   I
           I                                      I                 I
           ==========================================================

 ******** PYMAXI: summary of differential cross-section maximum search ********

           ==========================================================
           I                                      I                 I
           I  ISUB  Subprocess name               I  Maximum value  I
           I                                      I                 I
           ==========================================================
           I                                      I                 I
           I  131   f + gamma*_T -> f + g         I    1.9221D-04   I
           I  132   f + gamma*_L -> f + g         I    9.2718D-06   I
           I  135   g + gamma*_T -> f + fbar      I    5.4466D-04   I
           I  136   g + gamma*_L -> f + fbar      I    8.8198D-05   I
           I                                      I                 I
           ==========================================================

 ******** PYMAXI: summary of differential cross-section maximum search ********

           ==========================================================
           I                                      I                 I
           I  ISUB  Subprocess name               I  Maximum value  I
           I                                      I                 I
           ==========================================================
           I                                      I                 I
           I   91   Elastic scattering            I    1.0588D-04   I
           I   92   Single diffractive (XB)       I    8.2750D-05   I
           I   93   Single diffractive (AX)       I    6.5818D-05   I
           I   94   Double  diffractive           I    6.3002D-05   I
           I   95   Low-pT scattering             I    5.2345D-04   I
           I   96   Semihard QCD 2 -> 2           I    1.1588D-02   I
           I                                      I                 I
           ==========================================================

 ******** PYMAXI: summary of differential cross-section maximum search ********

           ==========================================================
           I                                      I                 I
           I  ISUB  Subprocess name               I  Maximum value  I
           I                                      I                 I
           ==========================================================
           I                                      I                 I
           I   99   q + gamma* -> q               I    1.9857D-03   I
           I                                      I                 I
           ==========================================================

 ********************** PYINIT: initialization completed **********************
 the outputfile will be named: outfiles/ep_10x130_Q2_1_10_norad.out                                                                                                                                                                                                                            



                            Event listing (standard)

    I  particle/jet  K(I,1)   K(I,2) K(I,3)     K(I,4)      K(I,5)       P(I,1)       P(I,2)       P(I,3)       P(I,4)       P(I,5)

    1  !e-!              21        11    0           3           4      0.00000      0.00000    -10.00000     10.00000      0.00051
    2  !p+!              21      2212    0           5           0     -0.00000      0.00000    130.00000    130.00339      0.93827
 ==================================================================================================================================
    3  !e-!              21        11    1           0           0     -1.06456      0.22173     -9.95813     10.01733      0.00051
    4  !gamma!           21        22    1           0           0      1.06456     -0.22173     -0.04187     -0.01733     -1.08808
    5  !p+!              21      2212    2           0           0     -0.00000      0.00000    130.00000    130.00339      0.93827
    6  !gamma!           21        22    4           0           0      1.20144     -0.25024      5.76987      5.79772     -1.08808
    7  !u!               21         2    5           0           0     -0.02232      0.00465     20.24746     20.24748      0.00000
    8  !gamma!           21        22    6           0           0      1.20144     -0.25024      5.76987      5.79772     -1.08808
    9  !u!               21         2    7           0           0     -0.02232      0.00465     20.24746     20.24748      0.00000
   10  !u!               21         2    9           0           0      1.17912     -0.24560     26.01733     26.04519      0.00000
 ==================================================================================================================================
   11  e-                 1        11    3           0           0     -1.06456      0.22173     -9.95813     10.01733      0.00051
   12  (u)           A   12         2   10          14          14      1.04842     -0.13840     21.20490     21.23125      0.00000
   13  (ud_0)        V   11      2101    5          14          14      0.01615     -0.08333    108.75323    108.75481      0.57933
 ==================================================================================================================================
   14  (string)          11        92   12          15          17      1.06456     -0.22173    129.95813    129.98606      2.46529
   15  (pi0)             11       111   14          18          19     -0.11357     -0.11679     15.11876     15.12024      0.13498
   16  (rho+)            11       213   14          20          21      0.67455      0.58369     49.74338     49.75746      0.77795
   17  n0                 1      2112   14           0           0      0.50358     -0.68863     65.09599     65.10836      0.93957
   18  gamma              1        22   15           0           0     -0.05976     -0.12206      7.11632      7.11762      0.00000
   19  gamma              1        22   15           0           0     -0.05381      0.00526      8.00244      8.00262      0.00000
   20  pi+                1       211   16           0           0     -0.03963      0.31298     23.76557     23.76807      0.13957
   21  (pi0)             11       111   16          22          23      0.71419      0.27072     25.97781     25.98938      0.13498
   22  gamma              1        22   21           0           0      0.22054      0.03151      8.80071      8.80353      0.00000
   23  gamma              1        22   21           0           0      0.49365      0.23921     17.17710     17.18585      0.00000
 ==================================================================================================================================
                   sum charge:  0.00   sum momentum and inv. mass:      0.00000      0.00000    120.00000    140.00339     72.11760



                            Event listing (standard)

    I  particle/jet  K(I,1)   K(I,2) K(I,3)     K(I,4)      K(I,5)       P(I,1)       P(I,2)       P(I,3)       P(I,4)       P(I,5)

    1  !e-!              21        11    0           3           4      0.00000      0.00000    -10.00000     10.00000      0.00051
    2  !p+!              21      2212    0           5           0     -0.00000      0.00000    130.00000    130.00339      0.93827
 ==================================================================================================================================
    3  !e-!              21        11    1           0           0      0.42032      1.52263     -9.46692      9.59779      0.00051
    4  !gamma!           21        22    1           0           0     -0.42032     -1.52263     -0.53308      0.40221     -1.61786
    5  !p+!              21      2212    2           0           0     -0.00000     -0.00000    130.00000    130.00339      0.93827
    6  !gamma!           21        22    4           0           0     -0.42184     -1.52814     -0.52490      0.41378     -1.61786
    7  !dbar!            21        -1    5           0           0      0.00002      0.00006      1.39413      1.39413      0.00000
    8  !gamma!           21        22    6           0           0     -0.42184     -1.52814     -0.52490      0.41378     -1.61786
    9  !dbar!            21        -1    7           0           0      0.00002      0.00006      1.39413      1.39413      0.00000
   10  !dbar!            21        -1    9           0           0     -0.42183     -1.52808      0.86923      1.80791      0.00000
 ==================================================================================================================================
   11  (Delta+)          11      2214    5          17          18     -0.00680     -0.26652    108.45618    108.46203      1.09426
   12  e-                 1        11    3           0           0      0.42032      1.52263     -9.46692      9.59779      0.00051
   13  (d)           A   12         1    5          19          19     -0.09841      0.16197     16.37126     16.37568      0.33000
   14  (g)           I   12        21   10          19          19      0.26465     -0.82206      0.02359      0.86394      0.00000
   15  (g)           I   12        21   10          19          19     -0.30132     -0.41825      1.92401      1.99187      0.00000
   16  (dbar)        V   11        -1   10          19          19     -0.27844     -0.17777      2.69188      2.71207      0.00000
 ==================================================================================================================================
   17  p+                 1      2212   11           0           0     -0.06066     -0.23808     89.01865     89.02393      0.93827
   18  (pi0)             11       111   11          26          28      0.05386     -0.02844     19.43753     19.43810      0.13498
   19  (string)          11        92   13          20          25     -0.41352     -1.25611     21.01073     21.94356      6.19032
   20  (eta)             11       221   19          29          31      0.18709     -0.31848     11.15105     11.17058      0.54745
   21  pi-                1      -211   19           0           0     -0.01331      0.25473      1.66998      1.69510      0.13957
   22  (K*+)             11       323   19          32          33     -0.32395      0.01496      5.98152      6.05555      0.88651
   23  (K*bar0)          11      -313   19          34          35     -0.38299     -0.47576      1.52084      1.87813      0.91728
   24  pi-                1      -211   19           0           0     -0.10152     -0.34650      0.52275      0.65047      0.13957
   25  pi+                1       211   19           0           0      0.22115     -0.38507      0.16460      0.49372      0.13957
   26  gamma              1        22   18           0           0      0.06943      0.03816      9.84167      9.84198      0.00000
   27  e+                 1       -11   18           0           0     -0.00565     -0.01630      2.61163      2.61169      0.00051
   28  e-                 1        11   18           0           0     -0.00991     -0.05030      6.98424      6.98443      0.00051
   29  (pi0)             11       111   20          36          37      0.05270     -0.08575      2.39799      2.40389      0.13498
   30  (pi0)             11       111   20          38          39     -0.06282     -0.02623      1.75046      1.75697      0.13498
   31  (pi0)             11       111   20          40          41      0.19721     -0.20650      7.00260      7.00972      0.13498
   32  (K0)              11       311   22          42          42     -0.45890      0.09190      5.26749      5.31160      0.49767
   33  pi+                1       211   22           0           0      0.13494     -0.07694      0.71403      0.74395      0.13957
   34  K-                 1      -321   23           0           0      0.04409     -0.10979      0.86523      1.00312      0.49360
   35  pi+                1       211   23           0           0     -0.42709     -0.36597      0.65562      0.87501      0.13957
   36  gamma              1        22   29           0           0      0.03116     -0.04687      2.21018      2.21090      0.00000
   37  gamma              1        22   29           0           0      0.02154     -0.03888      0.18781      0.19299      0.00000
   38  gamma              1        22   30           0           0     -0.05569     -0.02894      1.74775      1.74888      0.00000
   39  gamma              1        22   30           0           0     -0.00713      0.00272      0.00270      0.00809      0.00000
   40  gamma              1        22   31           0           0      0.15635     -0.16073      6.41641      6.42033      0.00000
   41  gamma              1        22   31           0           0      0.04086     -0.04577      0.58619      0.58939      0.00000
   42  (K_S0)            11       310   32          43          44     -0.45890      0.09190      5.26749      5.31160      0.49767
   43  pi-                1      -211   42           0           0     -0.02256     -0.01739      2.52149      2.52551      0.13957
   44  pi+                1       211   42           0           0     -0.43634      0.10928      2.74599      2.78609      0.13957
 ==================================================================================================================================
                   sum charge:  0.00   sum momentum and inv. mass:      0.00000      0.00000    120.00000    140.00339     72.11760



                            Event listing (standard)

    I  particle/jet  K(I,1)   K(I,2) K(I,3)     K(I,4)      K(I,5)       P(I,1)       P(I,2)       P(I,3)       P(I,4)       P(I,5)

    1  !e-!              21        11    0           3           4      0.00000      0.00000    -10.00000     10.00000      0.00051
    2  !p+!              21      2212    0           5           0     -0.00000      0.00000    130.00000    130.00339      0.93827
 ==================================================================================================================================
    3  !e-!              21        11    1           0           0     -0.29068     -1.68559     -2.92923      3.39207      0.00051
    4  !gamma!           21        22    1           0           0      0.29068      1.68559     -7.07077      6.60793     -3.04248
    5  !p+!              21      2212    2           0           0     -0.00000     -0.00000    130.00000    130.00339      0.93827
    6  !gamma!           21        22    4           0           0      0.29076      1.68601     -7.07235      6.60974     -3.04248
    7  !c!               21         4    5           0           0     -0.00000     -0.00000      0.33828      0.33828      0.00000
    8  !gamma!           21        22    6           0           0      0.29076      1.68601     -7.07235      6.60974     -3.04248
    9  !c!               21         4    7           0           0     -0.00000     -0.00000      0.33828      0.33828      0.00000
   10  !c!               21         4    9           0           0      0.29076      1.68600     -6.73407      6.94801      0.00000
 ==================================================================================================================================
   11  (D*-)             11      -413    5          18          19      0.38821      0.39834     52.48829     52.52971      2.01000
   12  e-                 1        11    3           0           0     -0.29068     -1.68559     -2.92923      3.39207      0.00051
   13  (uu_1)        A   12      2203    5          20          20     -0.20042     -0.26548     75.95963     75.96427      0.77133
   14  (g)           I   12        21   10          20          20      0.30562      2.10522     -1.27149      2.47832      0.00000
   15  (g)           I   12        21   10          20          20     -1.17395      0.56558     -1.04226      1.66863      0.00000
   16  (g)           I   12        21   10          20          20      0.20617      0.50699     -0.73213      0.91409      0.00000
   17  (c)           V   11         4   10          20          20      0.76506     -1.62507     -2.47281      3.05629      0.00000
 ==================================================================================================================================
   18  (D-)              11      -411   11          32          33      0.35804      0.37693     47.89267     47.93196      1.86930
   19  (pi0)             11       111   11          34          35      0.03017      0.02141      4.59562      4.59775      0.13498
   20  (string)          11        92   13          21          31     -0.09753      1.28724     70.44094     84.08161     45.89253
   21  (Delta++)         11      2224   20          36          37     -0.12697     -0.38472     65.10830     65.12040      1.18797
   22  pi-                1      -211   20           0           0     -0.25188      0.41198      5.71427      5.73634      0.13957
   23  (pi0)             11       111   20          38          39      0.22532     -0.12373      0.60240      0.66872      0.13498
   24  (rho+)            11       213   20          40          41      0.72214     -0.38705      2.07198      2.34639      0.73564
   25  (Sigmabar-)       11     -3222   20          42          43     -1.18694      1.34206      0.99837      2.37093      1.18937
   26  (Sigma0)          11      3212   20          44          45      0.22834      0.35755     -0.06606      1.26749      1.19255
   27  (eta)             11       221   20          46          47     -0.27739      0.55339     -0.22328      0.85600      0.54745
   28  pi+                1       211   20           0           0      0.15715     -0.24256      0.19505      0.37557      0.13957
   29  (K*-)             11      -323   20          48          49      0.14820      0.27555     -0.79686      1.21403      0.86081
   30  (K0)              11       311   20          50          50     -0.31609      0.09754     -0.72652      0.94071      0.49767
   31  (D+)              11       411   20          51          53      0.58059     -0.61278     -2.43672      3.18504      1.86930
   32  (K*0)             11       313   18          54          55      0.13449      0.78329     24.36923     24.39876      0.89935
   33  K-                 1      -321   18           0           0      0.22355     -0.40636     23.52344     23.53319      0.49360
   34  gamma              1        22   19           0           0      0.08137     -0.00561      2.49338      2.49471      0.00000
   35  gamma              1        22   19           0           0     -0.05120      0.02702      2.10225      2.10304      0.00000
   36  p+                 1      2212   21           0           0     -0.11505     -0.13039     53.20360     53.21215      0.93827
   37  pi+                1       211   21           0           0     -0.01192     -0.25433     11.90470     11.90824      0.13957
   38  gamma              1        22   23           0           0      0.04803      0.01310      0.04169      0.06493      0.00000
   39  gamma              1        22   23           0           0      0.17729     -0.13684      0.56072      0.60379      0.00000
   40  pi+                1       211   24           0           0      0.32655     -0.29658      0.37269      0.59411      0.13957
   41  (pi0)             11       111   24          56          57      0.39558     -0.09047      1.69929      1.75228      0.13498
   42  pbar-              1     -2212   25           0           0     -0.77547      0.81967      0.75272      1.64929      0.93827
   43  (pi0)             11       111   25          58          59     -0.41147      0.52239      0.24565      0.72164      0.13498
   44  (Lambda0)         11      3122   26          60          61      0.21876      0.39362     -0.01373      1.20321      1.11568
   45  gamma              1        22   26           0           0      0.00959     -0.03607     -0.05233      0.06427      0.00000
   46  gamma              1        22   27           0           0     -0.23103      0.58350     -0.34941      0.71828      0.00000
   47  gamma              1        22   27           0           0     -0.04636     -0.03011      0.12613      0.13772      0.00000
   48  (Kbar0)           11      -311   29          62          62      0.23486      0.15331     -0.82898      1.00675      0.49767
   49  pi-                1      -211   29           0           0     -0.08667      0.12224      0.03212      0.20728      0.13957
   50  (K_S0)            11       310   30          63          64     -0.31609      0.09754     -0.72652      0.94071      0.49767
   51  mu+                1       -13   31           0           0     -0.09428      0.11204     -0.49361      0.52561      0.10566
   52  nu_mu              1        14   31           0           0      0.14005     -0.39087      0.00917      0.41530      0.00000
   53  (K*bar0)          11      -313   31          65          66      0.53482     -0.33395     -1.95227      2.24413      0.90950
   54  K+                 1       321   32           0           0     -0.04555      0.74054     14.84875     14.87546      0.49360
   55  pi-                1      -211   32           0           0      0.18004      0.04275      9.52048      9.52330      0.13957
   56  gamma              1        22   41           0           0      0.11455     -0.03267      0.28012      0.30439      0.00000
   57  gamma              1        22   41           0           0      0.28103     -0.05779      1.41917      1.44789      0.00000
   58  gamma              1        22   43           0           0     -0.33663      0.48867      0.19245      0.62382      0.00000
   59  gamma              1        22   43           0           0     -0.07484      0.03373      0.05320      0.09782      0.00000
   60  p+                 1      2212   44           0           0      0.25285      0.39258     -0.06649      1.05016      0.93827
   61  pi-                1      -211   44           0           0     -0.03410      0.00104      0.05276      0.15306      0.13957
   62  (K_S0)            11       310   48          67          68      0.23486      0.15331     -0.82898      1.00675      0.49767
   63  pi+                1       211   50           0           0     -0.39651      0.11381     -0.51910      0.67759      0.13957
   64  pi-                1      -211   50           0           0      0.08042     -0.01626     -0.20741      0.26312      0.13957
   65  K-                 1      -321   53           0           0      0.45547     -0.14482     -0.75251      1.01898      0.49360
   66  pi+                1       211   53           0           0      0.07936     -0.18913     -1.19977      1.22515      0.13957
   67  pi+                1       211   62           0           0      0.16090      0.18538     -0.79277      0.84155      0.13957
   68  pi-                1      -211   62           0           0      0.07397     -0.03206     -0.03621      0.16520      0.13957
 ==================================================================================================================================
                   sum charge:  0.00   sum momentum and inv. mass:     -0.00000     -0.00000    120.00000    140.00339     72.11760



                            Event listing (standard)

    I  particle/jet  K(I,1)   K(I,2) K(I,3)     K(I,4)      K(I,5)       P(I,1)       P(I,2)       P(I,3)       P(I,4)       P(I,5)

    1  !e-!              21        11    0           3           4      0.00000      0.00000    -10.00000     10.00000      0.00051
    2  !p+!              21      2212    0           5           0     -0.00000      0.00000    130.00000    130.00339      0.93827
 ==================================================================================================================================
    3  !e-!              21        11    1           0           0      0.26171     -1.51778     -6.14105      6.33125      0.00051
    4  !gamma!           21        22    1           0           0     -0.26171      1.51778     -3.85895      3.66875     -1.95035
    5  !p+!              21      2212    2           0           0     -0.00000     -0.00000    130.00000    130.00339      0.93827
    6  !gamma!           21        22    4           0           0     -0.26183      1.51847     -3.86046      3.67063     -1.95035
    7  !dbar!            21        -1    5           0           0      0.00000     -0.00000      0.25255      0.25255      0.00000
    8  !gamma!           21        22    6           0           0     -0.26183      1.51847     -3.86046      3.67063     -1.95035
    9  !dbar!            21        -1    7           0           0      0.00000     -0.00000      0.25255      0.25255      0.00000
   10  !dbar!            21        -1    9           0           0     -0.26183      1.51846     -3.60791      3.92318      0.00000
 ==================================================================================================================================
   11  n0                 1      2112    5           0           0     -0.08469      0.68267    123.65743    123.66291      0.93957
   12  e-                 1        11    3           0           0      0.26171     -1.51778     -6.14105      6.33125      0.00051
   13  (dbar)        A   12        -1   10          15          15     -0.12751      1.01268     -3.68770      3.82634      0.00000
   14  (u)           V   11         2    5          15          15     -0.04951     -0.17756      6.17132      6.18289      0.33000
 ==================================================================================================================================
   15  (string)          11        92   13          16          20     -0.17702      0.83511      2.48362     10.00923      9.65855
   16  (eta)             11       221   15          21          23      0.13602      1.00381     -1.53481      1.91872      0.54745
   17  (Kbar0)           11      -311   15          24          24      0.05515     -0.52713     -1.21688      1.41752      0.49767
   18  (K0)              11       311   15          25          25     -0.11516      0.79611     -0.29180      0.98989      0.49767
   19  pi+                1       211   15           0           0     -0.29636     -0.22816      1.37683      1.43354      0.13957
   20  (rho0)            11       113   15          26          27      0.04332     -0.20953      4.15028      4.24956      0.88775
   21  pi-                1      -211   16           0           0      0.12067      0.23275     -0.48274      0.56679      0.13957
   22  pi+                1       211   16           0           0     -0.01965      0.38781     -0.35502      0.54433      0.13957
   23  (pi0)             11       111   16          28          29      0.03500      0.38326     -0.69705      0.80760      0.13498
   24  K_L0               1       130   17           0           0      0.05515     -0.52713     -1.21688      1.41752      0.49767
   25  K_L0               1       130   18           0           0     -0.11516      0.79611     -0.29180      0.98989      0.49767
   26  pi+                1       211   20           0           0      0.06662      0.21235      0.43829      0.51099      0.13957
   27  pi-                1      -211   20           0           0     -0.02330     -0.42188      3.71199      3.73857      0.13957
   28  gamma              1        22   23           0           0      0.06977      0.30810     -0.61296      0.68958      0.00000
   29  gamma              1        22   23           0           0     -0.03477      0.07516     -0.08409      0.11802      0.00000
 ==================================================================================================================================
                   sum charge:  0.00   sum momentum and inv. mass:      0.00000     -0.00000    120.00000    140.00339     72.11760



                            Event listing (standard)

    I  particle/jet  K(I,1)   K(I,2) K(I,3)     K(I,4)      K(I,5)       P(I,1)       P(I,2)       P(I,3)       P(I,4)       P(I,5)

    1  !e-!              21        11    0           3           4      0.00000      0.00000    -10.00000     10.00000      0.00051
    2  !p+!              21      2212    0           5           0     -0.00000      0.00000    130.00000    130.00339      0.93827
 ==================================================================================================================================
    3  !e-!              21        11    1           0           0      1.02079      0.61769     -4.72199      4.87040      0.00051
    4  !gamma!           21        22    1           0           0     -1.02079     -0.61769     -5.27801      5.12960     -1.72282
    5  !p+!              21      2212    2           0           0     -0.00000      0.00000    130.00000    130.00339      0.93827
    6  !gamma!           21        22    4           0           0     -1.02112     -0.61790     -5.27963      5.13136     -1.72282
    7  !ubar!            21        -2    5           0           0      0.00000      0.00000      0.14255      0.14255      0.00000
    8  !gamma!           21        22    6           0           0     -1.02112     -0.61790     -5.27963      5.13136     -1.72282
    9  !ubar!            21        -2    7           0           0      0.00000      0.00000      0.14255      0.14255      0.00000
   10  !ubar!            21        -2    9           0           0     -1.02112     -0.61790     -5.13709      5.27391      0.00000
 ==================================================================================================================================
   11  p+                 1      2212    5           0           0      0.08848      0.25435     23.33484     23.35525      0.93827
   12  e-                 1        11    3           0           0      1.02079      0.61769     -4.72199      4.87040      0.00051
   13  (ubar)        A   12        -2   10          15          15     -0.57423     -0.53881     -5.16426      5.22395      0.00000
   14  (u)           V   11         2    5          15          15     -0.53504     -0.33324    106.55141    106.55379      0.33000
 ==================================================================================================================================
   15  (string)          11        92   13          16          25     -1.10927     -0.87204    101.38715    111.77774     47.04166
   16  (pi0)             11       111   15          26          27      0.47899     -0.86701     -0.64808      1.19137      0.13498
   17  (eta)             11       221   15          28          29     -0.74506      0.77818     -1.74946      2.12627      0.54745
   18  pi-                1      -211   15           0           0     -0.43134     -0.37948     -1.83912      1.93181      0.13957
   19  (pi0)             11       111   15          30          31      0.17147      0.10367     -0.22757      0.33190      0.13498
   20  (omega)           11       223   15          32          34     -0.19747     -0.38646      2.54834      2.70130      0.78398
   21  (omega)           11       223   15          35          37      0.00293      0.41124      6.59222      6.65087      0.77945
   22  (rho+)            11       213   15          38          39      0.45351     -0.84549     18.21051     18.25158      0.75961
   23  K-                 1      -321   15           0           0     -0.43639      0.74918      8.12808      8.18908      0.49360
   24  (K*0)             11       313   15          40          41     -0.73831     -0.52388     66.78976     66.80191      0.89666
   25  pi+                1       211   15           0           0      0.33240      0.08800      3.58249      3.60166      0.13957
   26  gamma              1        22   16           0           0      0.33986     -0.68708     -0.44434      0.88601      0.00000
   27  gamma              1        22   16           0           0      0.13913     -0.17993     -0.20374      0.30536      0.00000
   28  gamma              1        22   17           0           0     -0.70136      0.41896     -0.97933      1.27535      0.00000
   29  gamma              1        22   17           0           0     -0.04370      0.35922     -0.77013      0.85091      0.00000
   30  gamma              1        22   19           0           0      0.14185      0.12781     -0.14127      0.23751      0.00000
   31  gamma              1        22   19           0           0      0.02962     -0.02414     -0.08630      0.09438      0.00000
   32  pi-                1      -211   20           0           0     -0.16955     -0.00275      0.26332      0.34289      0.13957
   33  pi+                1       211   20           0           0      0.10320     -0.19881      1.64677      1.66778      0.13957
   34  (pi0)             11       111   20          42          43     -0.13113     -0.18490      0.63824      0.69062      0.13498
   35  pi-                1      -211   21           0           0     -0.15464      0.19496      3.70142      3.71240      0.13957
   36  pi+                1       211   21           0           0      0.07975      0.30720      1.91133      1.94252      0.13957
   37  (pi0)             11       111   21          44          45      0.07782     -0.09092      0.97947      0.99594      0.13498
   38  pi+                1       211   22           0           0     -0.13113     -0.28242      3.10886      3.12753      0.13957
   39  (pi0)             11       111   22          46          47      0.58464     -0.56307     15.10165     15.12405      0.13498
   40  (K0)              11       311   24          48          48     -0.83354     -0.51153     60.61412     60.62405      0.49767
   41  (pi0)             11       111   24          49          50      0.09522     -0.01235      6.17564      6.17786      0.13498
   42  gamma              1        22   34           0           0     -0.10648     -0.10282      0.54154      0.56140      0.00000
   43  gamma              1        22   34           0           0     -0.02465     -0.08209      0.09671      0.12922      0.00000
   44  gamma              1        22   37           0           0      0.10851     -0.09592      0.87636      0.88825      0.00000
   45  gamma              1        22   37           0           0     -0.03069      0.00500      0.10311      0.10769      0.00000
   46  gamma              1        22   39           0           0      0.02180     -0.03597      1.47496      1.47556      0.00000
   47  gamma              1        22   39           0           0      0.56284     -0.52710     13.62669     13.64849      0.00000
   48  K_L0               1       130   40           0           0     -0.83354     -0.51153     60.61412     60.62405      0.49767
   49  gamma              1        22   41           0           0      0.02201     -0.06938      2.63906      2.64006      0.00000
   50  gamma              1        22   41           0           0      0.07322      0.05703      3.53658      3.53780      0.00000
 ==================================================================================================================================
                   sum charge:  0.00   sum momentum and inv. mass:      0.00000      0.00000    120.00000    140.00339     72.11760



                            Event listing (standard)

    I  particle/jet  K(I,1)   K(I,2) K(I,3)     K(I,4)      K(I,5)       P(I,1)       P(I,2)       P(I,3)       P(I,4)       P(I,5)

    1  !e-!              21        11    0           3           4      0.00000      0.00000    -10.00000     10.00000      0.00051
    2  !p+!              21      2212    0           5           0     -0.00000      0.00000    130.00000    130.00339      0.93827
 ==================================================================================================================================
    3  !e-!              21        11    1           0           0     -0.76812     -0.83101     -8.89883      8.97050      0.00051
    4  !gamma!           21        22    1           0           0      0.76812      0.83101     -1.10117      1.02950     -1.19719
    5  !p+!              21      2212    2           0           0     -0.00000      0.00000    130.00000    130.00339      0.93827
    6  !omega_di!        21   9900220    4           0           0      0.51626      0.61964     -0.30407      1.82616      1.60994
    7  !p+!              21      2212    5           0           0      0.25185      0.21137    129.20290    129.20673      0.93827
 ==================================================================================================================================
    8  (K*+)             11       323    6          12          13      0.69835      0.33513     -0.33093      1.22744      0.89280
    9  K-                 1      -321    6           0           0     -0.18208      0.28450      0.02686      0.59871      0.49360
   10  p+                 1      2212    7           0           0      0.25185      0.21137    129.20290    129.20673      0.93827
   11  e-                 1        11    3           0           0     -0.76812     -0.83101     -8.89883      8.97050      0.00051
 ==================================================================================================================================
   12  K+                 1       321    8           0           0      0.25135      0.43427     -0.21931      0.73723      0.49360
   13  (pi0)             11       111    8          14          15      0.44700     -0.09914     -0.11163      0.49022      0.13498
   14  gamma              1        22   13           0           0      0.21570      0.01367     -0.02001      0.21705      0.00000
   15  gamma              1        22   13           0           0      0.23130     -0.11281     -0.09162      0.27316      0.00000
 ==================================================================================================================================
                   sum charge:  0.00   sum momentum and inv. mass:     -0.00000     -0.00000    120.00000    140.00339     72.11760



                            Event listing (standard)

    I  particle/jet  K(I,1)   K(I,2) K(I,3)     K(I,4)      K(I,5)       P(I,1)       P(I,2)       P(I,3)       P(I,4)       P(I,5)

    1  !e-!              21        11    0           3           4      0.00000      0.00000    -10.00000     10.00000      0.00051
    2  !p+!              21      2212    0           5           0     -0.00000      0.00000    130.00000    130.00339      0.93827
 ==================================================================================================================================
    3  !e-!              21        11    1           0           0     -1.20342     -1.28558     -9.39597      9.55956      0.00051
    4  !gamma!           21        22    1           0           0      1.20342      1.28558     -0.60403      0.44044     -1.80881
    5  !p+!              21      2212    2           0           0     -0.00000      0.00000    130.00000    130.00339      0.93827
    6  !g!               21        21    4           0           0      0.21009      0.68227      0.51934      0.88280     -0.00000
    7  !g!               21        21    5           0           0      0.26466      0.14625     30.28388     30.28539     -0.00000
    8  !g!               21        21    6           0           0      0.21009      0.68227      0.51934      0.88280      0.00000
    9  !g!               21        21    7           0           0      0.26466      0.14625     30.28388     30.28539      0.00000
   10  !g!               21        21    0           0           0     -1.53710     -0.51742     21.29607     21.35773      0.00000
   11  !g!               21        21    0           0           0      2.01185      1.34593      9.50715      9.81045      0.00000
 ==================================================================================================================================
   12  e-                 1        11    3           0           0     -1.20342     -1.28558     -9.39597      9.55956      0.00051
   13  (d)           A   12         1    4          19          19      1.28374      0.61326      1.86647      2.36995      0.33000
   14  (g)           I   12        21   10          19          19     -1.53710     -0.51742     21.29607     21.35773      0.00000
   15  (ud_0)        V   11      2101    5          19          19     -0.36044     -0.54866     50.87620     50.88373      0.57933
   16  (dbar)        A   12        -1    4          26          26     -0.30072     -0.02098      0.50790      0.67656      0.33000
   17  (g)           I   12        21   11          26          26      2.01185      1.34593      9.50715      9.81045      0.00000
   18  (u)           V   11         2    5          26          26      0.10610      0.41344     45.34218     45.34539      0.33000
 ==================================================================================================================================
   19  (string)          11        92   13          20          25     -0.61380     -0.45282     74.03874     74.61142      9.19500
   20  (pi0)             11       111   19          32          33      0.15479      0.40498      2.50240      2.54326      0.13498
   21  (rho0)            11       113   19          34          35     -0.06076     -0.78376      2.46433      2.79497      1.05874
   22  (pi0)             11       111   19          36          37      0.35818      0.78299      3.82602      3.92403      0.13498
   23  n0                 1      2112   19           0           0      0.24278     -0.20191     18.47325     18.49983      0.93957
   24  pbar-              1     -2212   19           0           0     -0.59014     -0.06579     11.92476     11.97635      0.93827
   25  p+                 1      2212   19           0           0     -0.71865     -0.58932     34.84797     34.87299      0.93827
   26  (string)          11        92   16          27          31      1.81722      1.73839     55.35723     55.83241      6.81983
   27  (eta)             11       221   26          38          40      0.47618      0.64171      2.37583      2.56570      0.54745
   28  (pi0)             11       111   26          41          42     -0.18633     -0.22704      0.59328      0.67563      0.13498
   29  (rho+)            11       213   26          43          44      1.40240      0.43154      8.37325      8.53584      0.77218
   30  (rho0)            11       113   26          45          46      0.07644      1.04898     43.00156     43.01988      0.68584
   31  (pi0)             11       111   26          47          48      0.04854     -0.15680      1.01331      1.03536      0.13498
   32  gamma              1        22   20           0           0      0.13659      0.39690      2.46865      2.50408      0.00000
   33  gamma              1        22   20           0           0      0.01819      0.00808      0.03375      0.03918      0.00000
   34  pi+                1       211   21           0           0     -0.12541      0.22400      0.43591      0.52478      0.13957
   35  pi-                1      -211   21           0           0      0.06465     -1.00776      2.02842      2.27018      0.13957
   36  gamma              1        22   22           0           0      0.34868      0.72400      3.39042      3.48435      0.00000
   37  gamma              1        22   22           0           0      0.00949      0.05899      0.43561      0.43968      0.00000
   38  pi-                1      -211   27           0           0      0.10026      0.03969      0.27313      0.32513      0.13957
   39  pi+                1       211   27           0           0      0.15113      0.26090      1.10967      1.15835      0.13957
   40  (pi0)             11       111   27          49          50      0.22479      0.34112      0.99303      1.08223      0.13498
   41  gamma              1        22   28           0           0     -0.15512     -0.10103      0.42104      0.45994      0.00000
   42  gamma              1        22   28           0           0     -0.03121     -0.12602      0.17224      0.21569      0.00000
   43  pi+                1       211   29           0           0      0.76779      0.52110      6.03803      6.11051      0.13957
   44  (pi0)             11       111   29          51          52      0.63460     -0.08956      2.33522      2.42533      0.13498
   45  pi-                1      -211   30           0           0      0.02723      0.41946     29.02080     29.02418      0.13957
   46  pi+                1       211   30           0           0      0.04921      0.62952     13.98076     13.99571      0.13957
   47  gamma              1        22   31           0           0     -0.00488     -0.13112      0.87636      0.88613      0.00000
   48  gamma              1        22   31           0           0      0.05342     -0.02567      0.13696      0.14923      0.00000
   49  gamma              1        22   40           0           0      0.16983      0.24843      0.85939      0.91055      0.00000
   50  gamma              1        22   40           0           0      0.05496      0.09270      0.13364      0.17168      0.00000
   51  gamma              1        22   44           0           0      0.39271     -0.10409      1.29392      1.35621      0.00000
   52  gamma              1        22   44           0           0      0.24190      0.01453      1.04130      1.06912      0.00000
 ==================================================================================================================================
                   sum charge:  0.00   sum momentum and inv. mass:      0.00000      0.00000    120.00000    140.00339     72.11760



                            Event listing (standard)

    I  particle/jet  K(I,1)   K(I,2) K(I,3)     K(I,4)      K(I,5)       P(I,1)       P(I,2)       P(I,3)       P(I,4)       P(I,5)

    1  !e-!              21        11    0           3           4      0.00000      0.00000    -10.00000     10.00000      0.00051
    2  !p+!              21      2212    0           5           0     -0.00000      0.00000    130.00000    130.00339      0.93827
 ==================================================================================================================================
    3  !e-!              21        11    1           0           0     -0.48666      0.91742     -5.49545      5.59271      0.00051
    4  !gamma!           21        22    1           0           0      0.48666     -0.91742     -4.50455      4.40729     -1.39474
    5  !p+!              21      2212    2           0           0     -0.00000     -0.00000    130.00000    130.00339      0.93827
    6  !g!               21        21    4           0           0      0.33531     -0.63519     -2.05698      2.17878     -0.00000
    7  !d!               21         1    5           0           0      0.12756     -0.35411     12.27858     12.28435     -0.00000
    8  !g!               21        21    6           0           0      0.30531     -0.57835     -1.87294      1.98383      0.00000
    9  !g!               21        21    7           0           0     -0.30968     -1.01934      1.43569      1.78779      0.00000
   10  !g!               21        21    0           0           0      1.56714     -0.43241      0.34969      1.66288      0.00000
   11  !g!               21        21    0           0           0     -1.57150     -1.16528     -0.78693      2.10874      0.00000
 ==================================================================================================================================
   12  e-                 1        11    3           0           0     -0.48666      0.91742     -5.49545      5.59271      0.00051
   13  (d)           A   12         1    7          20          20      0.46724      0.60839     10.65884     10.69150      0.33000
   14  (g)           I   12        21   11          20          20      0.15883     -0.15459     -0.76907      0.80037      0.00000
   15  (g)           I   12        21   11          20          20     -1.32523     -1.12247      0.07254      1.73823      0.00000
   16  (dbar)        V   11        -1    4          20          20      0.06089     -0.62516     -0.97043      1.20215      0.33000
   17  (d)           A   12         1    4          26          26      0.09016      0.34350     -1.20195      1.29604      0.33000
   18  (g)           I   12        21   10          26          26      1.16203     -0.32063      0.25929      1.23302      0.00000
   19  (uu_1)        V   11      2203    5          26          26     -0.12726      0.35355    117.44623    117.44937      0.77133
 ==================================================================================================================================
   20  (string)          11        92   13          21          25     -0.63827     -1.29383      8.99187     14.43225     11.19619
   21  (rho-)            11      -213   20          32          33      0.16804      0.98027      9.31529      9.40021      0.77466
   22  (eta)             11       221   20          34          35      0.06881     -0.65260      0.27289      0.89710      0.54745
   23  (rho+)            11       213   20          36          37      0.47978     -0.29031      1.00637      1.36907      0.73967
   24  (pi0)             11       111   20          38          39     -0.64165     -0.66486     -0.29959      0.98068      0.13498
   25  (rho0)            11       113   20          40          41     -0.71325     -0.66632     -1.30309      1.78519      0.73221
   26  (string)          11        92   17          27          31      1.12493      0.37641    116.50358    119.97842     28.64143
   27  (pi0)             11       111   26          42          43      0.45613      0.18097      0.22214      0.55531      0.13498
   28  (Sigma0)          11      3212   26          44          45      0.77307      0.01801     -0.84480      1.65343      1.19255
   29  (Sigmabar-)       11     -3222   26          46          47      0.02851      0.07360      0.98235      1.54462      1.18937
   30  (rho+)            11       213   26          48          49     -0.04251     -0.48296      6.31545      6.38841      0.83174
   31  (Delta+)          11      2214   26          50          51     -0.09026      0.58678    109.82843    109.83666      1.20639
   32  pi-                1      -211   21           0           0     -0.09749      0.88836      5.67934      5.75092      0.13957
   33  (pi0)             11       111   21          52          53      0.26553      0.09191      3.63596      3.64930      0.13498
   34  gamma              1        22   22           0           0      0.16510      0.01334      0.12669      0.20854      0.00000
   35  gamma              1        22   22           0           0     -0.09629     -0.66594      0.14620      0.68857      0.00000
   36  pi+                1       211   23           0           0      0.03621     -0.34231      0.16380      0.40595      0.13957
   37  (pi0)             11       111   23          54          55      0.44357      0.05200      0.84257      0.96312      0.13498
   38  gamma              1        22   24           0           0     -0.44237     -0.49061     -0.27243      0.71456      0.00000
   39  gamma              1        22   24           0           0     -0.19928     -0.17426     -0.02716      0.26611      0.00000
   40  pi-                1      -211   25           0           0     -0.69852     -0.31338     -1.11925      1.36321      0.13957
   41  pi+                1       211   25           0           0     -0.01473     -0.35295     -0.18384      0.42198      0.13957
   42  gamma              1        22   27           0           0      0.04773      0.01651     -0.01823      0.05370      0.00000
   43  gamma              1        22   27           0           0      0.40840      0.16446      0.24038      0.50161      0.00000
   44  (Lambda0)         11      3122   28          56          57      0.72622     -0.05677     -0.80402      1.55622      1.11568
   45  gamma              1        22   28           0           0      0.04685      0.07478     -0.04078      0.09721      0.00000
   46  nbar0              1     -2112   29           0           0      0.11108      0.00139      0.98675      1.36704      0.93957
   47  pi-                1      -211   29           0           0     -0.08257      0.07222     -0.00440      0.17757      0.13957
   48  pi+                1       211   30           0           0     -0.31713     -0.50664      5.00506      5.04256      0.13957
   49  (pi0)             11       111   30          58          59      0.27462      0.02368      1.31039      1.34585      0.13498
   50  n0                 1      2112   31           0           0     -0.24100      0.35493     81.94127     81.94778      0.93957
   51  pi+                1       211   31           0           0      0.15073      0.23185     27.88716     27.88888      0.13957
   52  gamma              1        22   33           0           0      0.09410      0.05139      0.71098      0.71902      0.00000
   53  gamma              1        22   33           0           0      0.17143      0.04052      2.92497      2.93027      0.00000
   54  gamma              1        22   37           0           0      0.09693     -0.04364      0.21448      0.23938      0.00000
   55  gamma              1        22   37           0           0      0.34664      0.09564      0.62809      0.72375      0.00000
   56  p+                 1      2212   44           0           0      0.68326     -0.01245     -0.61607      1.31411      0.93827
   57  pi-                1      -211   44           0           0      0.04297     -0.04432     -0.18796      0.24211      0.13957
   58  gamma              1        22   49           0           0      0.24831     -0.02238      1.15677      1.18333      0.00000
   59  gamma              1        22   49           0           0      0.02631      0.04606      0.15362      0.16252      0.00000
 ==================================================================================================================================
                   sum charge:  0.00   sum momentum and inv. mass:     -0.00000      0.00000    120.00000    140.00339     72.11760



                            Event listing (standard)

    I  particle/jet  K(I,1)   K(I,2) K(I,3)     K(I,4)      K(I,5)       P(I,1)       P(I,2)       P(I,3)       P(I,4)       P(I,5)

    1  !e-!              21        11    0           3           4      0.00000      0.00000    -10.00000     10.00000      0.00051
    2  !p+!              21      2212    0           5           0     -0.00000      0.00000    130.00000    130.00339      0.93827
 ==================================================================================================================================
    3  !e-!              21        11    1           0           0     -0.81223      0.84915     -8.95164      9.02844      0.00051
    4  !gamma!           21        22    1           0           0      0.81223     -0.84915     -1.04836      0.97156     -1.23931
    5  !p+!              21      2212    2           0           0     -0.00000      0.00000    130.00000    130.00339      0.93827
    6  !gamma!           21        22    4           0           0      0.81359     -0.85057     -1.04884      0.97446     -1.23931
    7  !d!               21         1    5           0           0     -0.00000      0.00000      0.37955      0.37955      0.00000
    8  !gamma!           21        22    6           0           0      0.81359     -0.85057     -1.04884      0.97446     -1.23931
    9  !d!               21         1    7           0           0     -0.00000      0.00000      0.37955      0.37955      0.00000
   10  !d!               21         1    9           0           0      0.81359     -0.85057     -0.66929      1.35401      0.00000
 ==================================================================================================================================
   11  e-                 1        11    3           0           0     -0.81223      0.84915     -8.95164      9.02844      0.00051
   12  (uu_1)        A   12      2203    5          15          15     -0.02226      0.17933    128.90329    128.90572      0.77133
   13  (g)           I   12        21   10          15          15      0.10228      0.31641     -0.35426      0.48588      0.00000
   14  (d)           V   11         1   10          15          15      0.73221     -1.34490      0.40262      1.58335      0.00000
 ==================================================================================================================================
   15  (string)          11        92   12          16          24      0.81223     -0.84915    128.95164    130.97495     22.90260
   16  (Delta+)          11      2214   15          25          26     -0.48829      0.08135     31.00427     31.03268      1.23167
   17  pi+                1       211   15           0           0      0.41559     -0.13947     60.54686     60.54861      0.13957
   18  K-                 1      -321   15           0           0     -0.05728      0.46957     10.56959     10.59167      0.49360
   19  (K*0)             11       313   15          27          28      0.18936      0.16927     15.73650     15.76574      0.92560
   20  (rho0)            11       113   15          29          30     -0.11966     -0.17186      0.48540      0.75765      0.54274
   21  (rho0)            11       113   15          31          32      0.38659     -0.40408      3.34852      3.51325      0.90422
   22  (Kbar0)           11      -311   15          33          33     -0.47750      0.08955      4.36739      4.42242      0.49767
   23  (K*0)             11       313   15          34          35     -0.09350     -0.75185      2.77855      3.00925      0.87246
   24  (omega)           11       223   15          36          38      1.05692     -0.19162      0.11457      1.33369      0.78217
   25  n0                 1      2112   16           0           0     -0.31760      0.16901     19.48278     19.50874      0.93957
   26  pi+                1       211   16           0           0     -0.17069     -0.08767     11.52149     11.52393      0.13957
   27  (K0)              11       311   19          39          39     -0.15456      0.24792     10.27899     10.29518      0.49767
   28  (pi0)             11       111   19          40          41      0.34392     -0.07865      5.45750      5.47056      0.13498
   29  pi-                1      -211   20           0           0     -0.28481     -0.02474      0.29801      0.43591      0.13957
   30  pi+                1       211   20           0           0      0.16515     -0.14712      0.18739      0.32174      0.13957
   31  pi-                1      -211   21           0           0      0.04006     -0.19531      2.83217      2.84260      0.13957
   32  pi+                1       211   21           0           0      0.34653     -0.20877      0.51635      0.67065      0.13957
   33  K_L0               1       130   22           0           0     -0.47750      0.08955      4.36739      4.42242      0.49767
   34  K+                 1       321   23           0           0      0.08323     -0.25955      1.85411      1.93795      0.49360
   35  pi-                1      -211   23           0           0     -0.17673     -0.49231      0.92444      1.07130      0.13957
   36  pi+                1       211   24           0           0      0.41719      0.15478      0.21694      0.51435      0.13957
   37  pi-                1      -211   24           0           0      0.43659     -0.11987     -0.00994      0.47388      0.13957
   38  (pi0)             11       111   24          42          43      0.20314     -0.22653     -0.09243      0.34546      0.13498
   39  (K_S0)            11       310   27          44          45     -0.15456      0.24792     10.27899     10.29518      0.49767
   40  gamma              1        22   28           0           0      0.30886     -0.02547      4.79385      4.80385      0.00000
   41  gamma              1        22   28           0           0      0.03506     -0.05318      0.66366      0.66671      0.00000
   42  gamma              1        22   38           0           0      0.08642     -0.08831      0.02983      0.12711      0.00000
   43  gamma              1        22   38           0           0      0.11671     -0.13822     -0.12227      0.21835      0.00000
   44  pi-                1      -211   39           0           0     -0.10647     -0.03462      6.59312      6.59555      0.13957
   45  pi+                1       211   39           0           0     -0.04809      0.28254      3.68588      3.69964      0.13957
 ==================================================================================================================================
                   sum charge:  0.00   sum momentum and inv. mass:      0.00000     -0.00000    120.00000    140.00339     72.11760



                            Event listing (standard)

    I  particle/jet  K(I,1)   K(I,2) K(I,3)     K(I,4)      K(I,5)       P(I,1)       P(I,2)       P(I,3)       P(I,4)       P(I,5)

    1  !e-!              21        11    0           3           4      0.00000      0.00000    -10.00000     10.00000      0.00051
    2  !p+!              21      2212    0           5           0     -0.00000      0.00000    130.00000    130.00339      0.93827
 ==================================================================================================================================
    3  !e-!              21        11    1           0           0      1.11787      1.22064     -7.95880      8.12909      0.00051
    4  !gamma!           21        22    1           0           0     -1.11787     -1.22064     -2.04120      1.87091     -1.84547
    5  !p+!              21      2212    2           0           0     -0.00000      0.00000    130.00000    130.00339      0.93827
    6  !gamma!           21        22    4           0           0     -1.11884     -1.22169     -2.04221      1.87328     -1.84547
    7  !dbar!            21        -1    5           0           0      0.00000      0.00000      0.43491      0.43491      0.00000
    8  !gamma!           21        22    6           0           0     -1.11884     -1.22169     -2.04221      1.87328     -1.84547
    9  !dbar!            21        -1    7           0           0      0.00000      0.00000      0.43491      0.43491      0.00000
   10  !dbar!            21        -1    9           0           0     -1.11883     -1.22169     -1.60730      2.30819      0.00000
 ==================================================================================================================================
   11  (Delta+)          11      2214    5          17          18      0.27272      0.09317    112.93828    112.94670      1.34858
   12  e-                 1        11    3           0           0      1.11787      1.22064     -7.95880      8.12909      0.00051
   13  (d)           A   12         1    5          19          19     -0.27898     -0.04034     15.81870     15.82465      0.33000
   14  (g)           I   12        21   10          19          19      0.27133     -0.27374      0.31469      0.49758      0.00000
   15  (g)           I   12        21   10          19          19      0.36305     -0.22630     -0.33516      0.54347      0.00000
   16  (dbar)        V   11        -1   10          19          19     -1.74598     -0.77342     -0.77770      2.06191      0.00000
 ==================================================================================================================================
   17  p+                 1      2212   11           0           0      0.20986     -0.04691    107.87366    107.87795      0.93827
   18  (pi0)             11       111   11          27          28      0.06285      0.14008      5.06462      5.06875      0.13498
   19  (string)          11        92   13          20          26     -1.39059     -1.31380     15.02052     18.92760     11.35685
   20  (K*0)             11       313   19          29          30     -0.32763     -0.24078     13.00961     13.04682      0.89684
   21  (Kbar0)           11      -311   19          31          31      0.08667      0.18237      0.70326      0.88488      0.49767
   22  (eta)             11       221   19          32          33     -0.52774     -0.56295     -0.32951      1.00185      0.54745
   23  pi-                1      -211   19           0           0      0.29808     -0.49768      1.39975      1.52161      0.13957
   24  pi+                1       211   19           0           0     -0.24805      0.65303      0.68051      0.98517      0.13957
   25  (eta)             11       221   19          34          36     -0.18534     -0.66491     -0.31015      0.93400      0.54745
   26  (pi0)             11       111   19          37          38     -0.48659     -0.18288     -0.13294      0.55327      0.13498
   27  gamma              1        22   18           0           0      0.05698      0.13673      2.66414      2.66826      0.00000
   28  gamma              1        22   18           0           0      0.00588      0.00335      2.40048      2.40049      0.00000
   29  K+                 1       321   20           0           0     -0.26213      0.10055      9.58191      9.59872      0.49360
   30  pi-                1      -211   20           0           0     -0.06549     -0.34133      3.42770      3.44810      0.13957
   31  (K_S0)            11       310   21          39          40      0.08667      0.18237      0.70326      0.88488      0.49767
   32  gamma              1        22   22           0           0     -0.09590     -0.41481      0.02101      0.42627      0.00000
   33  gamma              1        22   22           0           0     -0.43184     -0.14814     -0.35052      0.57559      0.00000
   34  pi-                1      -211   25           0           0     -0.12356     -0.22994     -0.13660      0.32601      0.13957
   35  pi+                1       211   25           0           0     -0.11044     -0.07200     -0.06778      0.20361      0.13957
   36  (pi0)             11       111   25          41          42      0.04867     -0.36298     -0.10577      0.40439      0.13498
   37  gamma              1        22   26           0           0     -0.48790     -0.17742     -0.11135      0.53096      0.00000
   38  gamma              1        22   26           0           0      0.00131     -0.00547     -0.02159      0.02231      0.00000
   39  (pi0)             11       111   31          43          44      0.02861     -0.08796      0.06450      0.17589      0.13498
   40  (pi0)             11       111   31          45          46      0.05806      0.27033      0.63875      0.70899      0.13498
   41  gamma              1        22   36           0           0     -0.00067     -0.25139     -0.12519      0.28084      0.00000
   42  gamma              1        22   36           0           0      0.04934     -0.11159      0.01943      0.12355      0.00000
   43  gamma              1        22   39           0           0      0.00107     -0.09122      0.09701      0.13316      0.00000
   44  gamma              1        22   39           0           0      0.02754      0.00326     -0.03250      0.04272      0.00000
   45  gamma              1        22   40           0           0     -0.02573      0.10080      0.33874      0.35435      0.00000
   46  gamma              1        22   40           0           0      0.08380      0.16953      0.30001      0.35464      0.00000
 ==================================================================================================================================
                   sum charge:  0.00   sum momentum and inv. mass:      0.00000      0.00000    120.00000    140.00339     72.11760

 Advisory warning: maximum violated by  1.136D+00 in event      83
 XSEC(96,1) increased to  1.316D-02

 Advisory warning: maximum violated by  1.028D+00 in event     237
 XSEC(96,1) increased to  1.354D-02

 Advisory warning: maximum violated by  1.001D+00 in event     501
 XSEC(96,1) increased to  1.749D-02

 Advisory warning: maximum violated by  1.084D+00 in event     421
 XSEC(96,1) increased to  1.467D-02

 Advisory warning: maximum violated by  1.223D+00 in event    2736
 XSEC(96,1) increased to  1.794D-02

 Advisory warning: maximum violated by  1.066D+00 in event    6084
 XSEC(96,1) increased to  1.912D-02

 Advisory warning: maximum violated by  1.037D+00 in event   49686
 XSEC(96,1) increased to  1.983D-02

 Advisory warning: maximum violated by  1.084D+00 in event   63795
 XSEC(96,1) increased to  2.149D-02
1********* PYSTAT:  Statistics on Number of Events and Cross-sections *********

 ==============================================================================
 I                                  I                            I            I
 I            Subprocess            I      Number of points      I    Sigma   I
 I                                  I                            I            I
 I----------------------------------I----------------------------I    (mb)    I
 I                                  I                            I            I
 I N:o Type                         I    Generated         Tried I            I
 I                                  I                            I            I
 ==============================================================================
 I                                  I                            I            I
 I   0 All included subprocesses    I       500000      11023697 I  6.391D-04 I
 I  11 f + f' -> f + f' (QCD)       I        11733             0 I  9.579D-06 I
 I  12 f + fbar -> f' + fbar'       I          272             0 I  2.108D-07 I
 I  13 f + fbar -> g + g            I          296             0 I  2.265D-07 I
 I  28 f + g -> f + g               I        28787             0 I  2.304D-05 I
 I  53 g + g -> f + fbar            I          311             0 I  2.059D-07 I
 I  68 g + g -> g + g               I        12646             0 I  8.376D-06 I
 I  91 Elastic scattering           I        28253        445344 I  3.297D-05 I
 I  92 Single diffractive (XB)      I        13899        343166 I  1.619D-05 I
 I  93 Single diffractive (AX)      I        11198        278703 I  1.311D-05 I
 I  94 Double  diffractive          I         7091        272707 I  7.877D-06 I
 I  95 Low-pT scattering            I        44099        128646 I  1.070D-04 I
 I  99 q + gamma* -> q              I       316564       1618557 I  3.897D-04 I
 I 131 f + gamma*_T -> f + g        I         8263        156458 I  1.017D-05 I
 I 132 f + gamma*_L -> f + g        I          427          7478 I  5.547D-07 I
 I 135 g + gamma*_T -> f + fbar     I        13235        443559 I  1.621D-05 I
 I 136 g + gamma*_L -> f + fbar     I         2926         71309 I  3.643D-06 I
 I                                  I                            I            I
 ==============================================================================
 I                                  I                            I            I
 I   1 VMD * hadron                 I        84691       6109960 I  1.235D-04 I
 I   2 direct * hadron              I        24851        678804 I  3.058D-05 I
 I   3 anomalous * hadron           I        73894       2616376 I  9.523D-05 I
 I   4 DIS * hadron                 I       316564       1618557 I  3.897D-04 I
 I                                  I                            I            I
 ==============================================================================

 ********* Total number of errors, excluding junctions =        0 *************
 ********* Total number of errors, including junctions =        0 *************
 ********* Total number of warnings =                           0 *************
 ********* Fraction of events that fail fragmentation cuts =  0.04499 *********

1************ PYSTAT: User-Defined Limits on Kinematical Variables ************

 ==============================================================================
 I                                                                            I
 I                 0.000D+00 <  m_hard (GeV/c^2)  <  2.279D+01                I
 I    0.000D+00 ( 1.000D+00) <  p_T_hard (GeV/c)  <  1.139D+01                I
 I                             m_finite (GeV/c^2) =  1.000D+00                I
 I                -1.000D+01 <    y*_subsystem    <  1.000D+01                I
 I                -4.000D+01 <      y*_large      <  4.000D+01                I
 I                -4.000D+01 <      y*_small      <  4.000D+01                I
 I                -4.000D+01 <     eta*_large     <  4.000D+01                I
 I                -4.000D+01 <     eta*_small     <  4.000D+01                I
 I                -1.000D+00 < cos(theta*)_large  <  1.000D+00                I
 I                -1.000D+00 < cos(theta*)_small  <  1.000D+00                I
 I                 0.000D+00 <        x_1         <  1.000D+00                I
 I                 0.000D+00 <        x_2         <  1.000D+00                I
 I                -1.000D+00 <        x_F         <  1.000D+00                I
 I                -1.000D+00 <  cos(theta_hard)   <  1.000D+00                I
 I                 2.000D+00 < m'_hard (GeV/c^2)  <  2.279D+01                I
 I                                                                            I
 ==============================================================================
 The charm mass used is:    1.5000000000000000     
 ===================================================
 Pythia total cross section normalisation:  0.63905074922636707       microbarn
 Total Number of generated events      500000
 Total Number of trials      500000
 ===================================================

 ===== PDFSTA statistics for PDF under/over-flows ====

 ====== STRUCTM statistics for nucleon/pion PDFs =====

   total # of calls    9393820.0000000000     
   X  below PDF min    0.0000000000000000       or    0.0000000000000000       %
   X  above PDF max    0.0000000000000000       or    0.0000000000000000       %
   Q2 below PDF min    0.0000000000000000       or    0.0000000000000000       %
   Q2 above PDF max    0.0000000000000000       or    0.0000000000000000       %

 ========= STRUCTP statistics for photon PDFs ========

   total # of calls    0.0000000000000000     

